[2024-04-02T03:08:07.570+0000] {taskinstance.py:1979} INFO - Dependencies all met for dep_context=non-requeueable deps ti=<TaskInstance: upload_historical_congress_data.upload_historical_members manual__2024-04-02T03:08:05.123054+00:00 [queued]>
[2024-04-02T03:08:07.576+0000] {taskinstance.py:1979} INFO - Dependencies all met for dep_context=requeueable deps ti=<TaskInstance: upload_historical_congress_data.upload_historical_members manual__2024-04-02T03:08:05.123054+00:00 [queued]>
[2024-04-02T03:08:07.576+0000] {taskinstance.py:2193} INFO - Starting attempt 1 of 3
[2024-04-02T03:08:07.584+0000] {taskinstance.py:2217} INFO - Executing <Task(PythonOperator): upload_historical_members> on 2024-04-02 03:08:05.123054+00:00
[2024-04-02T03:08:07.590+0000] {standard_task_runner.py:60} INFO - Started process 152 to run task
[2024-04-02T03:08:07.593+0000] {standard_task_runner.py:87} INFO - Running: ['***', 'tasks', 'run', 'upload_historical_congress_data', 'upload_historical_members', 'manual__2024-04-02T03:08:05.123054+00:00', '--job-id', '101', '--raw', '--subdir', 'DAGS_FOLDER/upload_historical_congress_data.py', '--cfg-path', '/tmp/tmpkq503kok']
[2024-04-02T03:08:07.596+0000] {standard_task_runner.py:88} INFO - Job 101: Subtask upload_historical_members
[2024-04-02T03:08:07.629+0000] {task_command.py:423} INFO - Running <TaskInstance: upload_historical_congress_data.upload_historical_members manual__2024-04-02T03:08:05.123054+00:00 [running]> on host 308c9d5b795d
[2024-04-02T03:08:07.684+0000] {taskinstance.py:2513} INFO - Exporting env vars: AIRFLOW_CTX_DAG_EMAIL='***@***.com' AIRFLOW_CTX_DAG_OWNER='***' AIRFLOW_CTX_DAG_ID='upload_historical_congress_data' AIRFLOW_CTX_TASK_ID='upload_historical_members' AIRFLOW_CTX_EXECUTION_DATE='2024-04-02T03:08:05.123054+00:00' AIRFLOW_CTX_TRY_NUMBER='1' AIRFLOW_CTX_DAG_RUN_ID='manual__2024-04-02T03:08:05.123054+00:00'
[2024-04-02T03:08:07.687+0000] {get_data.py:173} INFO - Max records passed as None
[2024-04-02T03:08:07.687+0000] {get_data.py:263} INFO - executing API call for https://api.congress.gov/v3/member?format=json&fromDateTime=2023-01-01T00:00:00Z&toDateTime=2024-04-02T00:00:00Z&offset=0&limit=250&api_key=WNue8kCDCOIlewAsULgnN8j6SqSgAZjE2sYbPsBb
[2024-04-02T03:08:12.425+0000] {get_data.py:186} INFO - About to start fetching 685 records
[2024-04-02T03:08:12.428+0000] {get_data.py:263} INFO - executing API call for https://api.congress.gov/v3/member?format=json&fromDateTime=2023-01-01T00:00:00Z&toDateTime=2024-04-02T00:00:00Z&offset=0&limit=250&api_key=WNue8kCDCOIlewAsULgnN8j6SqSgAZjE2sYbPsBb
[2024-04-02T03:08:14.484+0000] {logging_mixin.py:188} INFO - Parquet data uploaded to gs://congress_data/member/1_249_member.parquet
[2024-04-02T03:08:14.485+0000] {logging_mixin.py:188} INFO - 249 of 685 member records uploaded
[2024-04-02T03:08:14.485+0000] {get_data.py:263} INFO - executing API call for https://api.congress.gov/v3/member?format=json&fromDateTime=2023-01-01T00:00:00Z&toDateTime=2024-04-02T00:00:00Z&offset=250&limit=250&api_key=WNue8kCDCOIlewAsULgnN8j6SqSgAZjE2sYbPsBb
[2024-04-02T03:08:19.628+0000] {logging_mixin.py:188} INFO - Parquet data uploaded to gs://congress_data/member/251_500_member.parquet
[2024-04-02T03:08:19.630+0000] {logging_mixin.py:188} INFO - 500 of 685 member records uploaded
[2024-04-02T03:08:19.630+0000] {get_data.py:263} INFO - executing API call for https://api.congress.gov/v3/member?format=json&fromDateTime=2023-01-01T00:00:00Z&toDateTime=2024-04-02T00:00:00Z&offset=500&limit=250&api_key=WNue8kCDCOIlewAsULgnN8j6SqSgAZjE2sYbPsBb
[2024-04-02T03:08:24.448+0000] {logging_mixin.py:188} INFO - Parquet data uploaded to gs://congress_data/member/501_685_member.parquet
[2024-04-02T03:08:24.451+0000] {logging_mixin.py:188} INFO - 685 of 685 member records uploaded
[2024-04-02T03:08:24.452+0000] {python.py:202} INFO - Done. Returned value was: None
[2024-04-02T03:08:24.482+0000] {taskinstance.py:1149} INFO - Marking task as SUCCESS. dag_id=upload_historical_congress_data, task_id=upload_historical_members, execution_date=20240402T030805, start_date=20240402T030807, end_date=20240402T030824
[2024-04-02T03:08:24.528+0000] {local_task_job_runner.py:234} INFO - Task exited with return code 0
[2024-04-02T03:08:24.553+0000] {taskinstance.py:3312} INFO - 1 downstream tasks scheduled from follow-on schedule check
