[2024-04-07T20:43:29.074+0000] {taskinstance.py:1979} INFO - Dependencies all met for dep_context=non-requeueable deps ti=<TaskInstance: upload_congress_data.upload_bills_to_gcs manual__2024-04-07T20:28:10.986715+00:00 [queued]>
[2024-04-07T20:43:29.085+0000] {taskinstance.py:1979} INFO - Dependencies all met for dep_context=requeueable deps ti=<TaskInstance: upload_congress_data.upload_bills_to_gcs manual__2024-04-07T20:28:10.986715+00:00 [queued]>
[2024-04-07T20:43:29.085+0000] {taskinstance.py:2193} INFO - Starting attempt 1 of 1
[2024-04-07T20:43:29.103+0000] {taskinstance.py:2217} INFO - Executing <Task(PythonOperator): upload_bills_to_gcs> on 2024-04-07 20:28:10.986715+00:00
[2024-04-07T20:43:29.112+0000] {standard_task_runner.py:60} INFO - Started process 415 to run task
[2024-04-07T20:43:29.117+0000] {standard_task_runner.py:87} INFO - Running: ['***', 'tasks', 'run', 'upload_congress_data', 'upload_bills_to_gcs', 'manual__2024-04-07T20:28:10.986715+00:00', '--job-id', '10', '--raw', '--subdir', 'DAGS_FOLDER/upload_congress_data.py', '--cfg-path', '/tmp/tmp0wpaj3zw']
[2024-04-07T20:43:29.121+0000] {standard_task_runner.py:88} INFO - Job 10: Subtask upload_bills_to_gcs
[2024-04-07T20:43:29.181+0000] {task_command.py:423} INFO - Running <TaskInstance: upload_congress_data.upload_bills_to_gcs manual__2024-04-07T20:28:10.986715+00:00 [running]> on host 429434a1f011
[2024-04-07T20:43:29.245+0000] {taskinstance.py:2513} INFO - Exporting env vars: AIRFLOW_CTX_DAG_OWNER='***' AIRFLOW_CTX_DAG_ID='upload_congress_data' AIRFLOW_CTX_TASK_ID='upload_bills_to_gcs' AIRFLOW_CTX_EXECUTION_DATE='2024-04-07T20:28:10.986715+00:00' AIRFLOW_CTX_TRY_NUMBER='1' AIRFLOW_CTX_DAG_RUN_ID='manual__2024-04-07T20:28:10.986715+00:00'
[2024-04-07T20:43:29.850+0000] {logging_mixin.py:188} INFO - Uploaded /opt/***/dags/data/hjres/BILLSTATUS-118hjres68.json to gs://congress_data/bills/hjres/BILLSTATUS-118hjres68.json
[2024-04-07T20:43:30.053+0000] {logging_mixin.py:188} INFO - Uploaded /opt/***/dags/data/hjres/BILLSTATUS-118hjres44.json to gs://congress_data/bills/hjres/BILLSTATUS-118hjres44.json
[2024-04-07T20:43:30.218+0000] {logging_mixin.py:188} INFO - Uploaded /opt/***/dags/data/hjres/BILLSTATUS-118hjres45.json to gs://congress_data/bills/hjres/BILLSTATUS-118hjres45.json
[2024-04-07T20:43:30.376+0000] {logging_mixin.py:188} INFO - Uploaded /opt/***/dags/data/hjres/BILLSTATUS-118hjres24.json to gs://congress_data/bills/hjres/BILLSTATUS-118hjres24.json
[2024-04-07T20:43:30.544+0000] {logging_mixin.py:188} INFO - Uploaded /opt/***/dags/data/hjres/BILLSTATUS-118hjres39.json to gs://congress_data/bills/hjres/BILLSTATUS-118hjres39.json
[2024-04-07T20:43:30.725+0000] {logging_mixin.py:188} INFO - Uploaded /opt/***/dags/data/hjres/BILLSTATUS-118hjres42.json to gs://congress_data/bills/hjres/BILLSTATUS-118hjres42.json
[2024-04-07T20:43:30.896+0000] {logging_mixin.py:188} INFO - Uploaded /opt/***/dags/data/hjres/BILLSTATUS-118hjres74.json to gs://congress_data/bills/hjres/BILLSTATUS-118hjres74.json
[2024-04-07T20:43:31.063+0000] {logging_mixin.py:188} INFO - Uploaded /opt/***/dags/data/hjres/BILLSTATUS-118hjres7.json to gs://congress_data/bills/hjres/BILLSTATUS-118hjres7.json
[2024-04-07T20:43:31.224+0000] {logging_mixin.py:188} INFO - Uploaded /opt/***/dags/data/hjres/BILLSTATUS-118hjres79.json to gs://congress_data/bills/hjres/BILLSTATUS-118hjres79.json
[2024-04-07T20:43:31.381+0000] {logging_mixin.py:188} INFO - Uploaded /opt/***/dags/data/hjres/BILLSTATUS-118hjres98.json to gs://congress_data/bills/hjres/BILLSTATUS-118hjres98.json
[2024-04-07T20:43:31.537+0000] {logging_mixin.py:188} INFO - Uploaded /opt/***/dags/data/hjres/BILLSTATUS-118hjres70.json to gs://congress_data/bills/hjres/BILLSTATUS-118hjres70.json
[2024-04-07T20:43:31.710+0000] {logging_mixin.py:188} INFO - Uploaded /opt/***/dags/data/hjres/BILLSTATUS-118hjres27.json to gs://congress_data/bills/hjres/BILLSTATUS-118hjres27.json
[2024-04-07T20:43:31.875+0000] {logging_mixin.py:188} INFO - Uploaded /opt/***/dags/data/hjres/BILLSTATUS-118hjres88.json to gs://congress_data/bills/hjres/BILLSTATUS-118hjres88.json
[2024-04-07T20:43:32.053+0000] {logging_mixin.py:188} INFO - Uploaded /opt/***/dags/data/hjres/BILLSTATUS-118hjres30.json to gs://congress_data/bills/hjres/BILLSTATUS-118hjres30.json
[2024-04-07T20:43:32.256+0000] {logging_mixin.py:188} INFO - Uploaded /opt/***/dags/data/hjres/BILLSTATUS-118hjres26.json to gs://congress_data/bills/hjres/BILLSTATUS-118hjres26.json
[2024-04-07T20:43:32.415+0000] {logging_mixin.py:188} INFO - Uploaded /opt/***/dags/data/hjres/BILLSTATUS-118hjres71.json to gs://congress_data/bills/hjres/BILLSTATUS-118hjres71.json
[2024-04-07T20:43:32.597+0000] {logging_mixin.py:188} INFO - Uploaded /opt/***/dags/data/hconres/BILLSTATUS-118hconres7.json to gs://congress_data/bills/hconres/BILLSTATUS-118hconres7.json
[2024-04-07T20:43:32.755+0000] {logging_mixin.py:188} INFO - Uploaded /opt/***/dags/data/hconres/BILLSTATUS-118hconres30.json to gs://congress_data/bills/hconres/BILLSTATUS-118hconres30.json
[2024-04-07T20:43:32.924+0000] {logging_mixin.py:188} INFO - Uploaded /opt/***/dags/data/hconres/BILLSTATUS-118hconres57.json to gs://congress_data/bills/hconres/BILLSTATUS-118hconres57.json
[2024-04-07T20:43:33.086+0000] {logging_mixin.py:188} INFO - Uploaded /opt/***/dags/data/hconres/BILLSTATUS-118hconres40.json to gs://congress_data/bills/hconres/BILLSTATUS-118hconres40.json
[2024-04-07T20:43:33.243+0000] {logging_mixin.py:188} INFO - Uploaded /opt/***/dags/data/hconres/BILLSTATUS-118hconres21.json to gs://congress_data/bills/hconres/BILLSTATUS-118hconres21.json
[2024-04-07T20:43:33.411+0000] {logging_mixin.py:188} INFO - Uploaded /opt/***/dags/data/hconres/BILLSTATUS-118hconres3.json to gs://congress_data/bills/hconres/BILLSTATUS-118hconres3.json
[2024-04-07T20:43:33.574+0000] {logging_mixin.py:188} INFO - Uploaded /opt/***/dags/data/hconres/BILLSTATUS-118hconres86.json to gs://congress_data/bills/hconres/BILLSTATUS-118hconres86.json
[2024-04-07T20:43:33.733+0000] {logging_mixin.py:188} INFO - Uploaded /opt/***/dags/data/hconres/BILLSTATUS-118hconres9.json to gs://congress_data/bills/hconres/BILLSTATUS-118hconres9.json
[2024-04-07T20:43:33.884+0000] {logging_mixin.py:188} INFO - Uploaded /opt/***/dags/data/hconres/BILLSTATUS-118hconres25.json to gs://congress_data/bills/hconres/BILLSTATUS-118hconres25.json
[2024-04-07T20:43:34.055+0000] {logging_mixin.py:188} INFO - Uploaded /opt/***/dags/data/s/BILLSTATUS-118s870.json to gs://congress_data/bills/s/BILLSTATUS-118s870.json
[2024-04-07T20:43:34.221+0000] {logging_mixin.py:188} INFO - Uploaded /opt/***/dags/data/s/BILLSTATUS-118s3427.json to gs://congress_data/bills/s/BILLSTATUS-118s3427.json
[2024-04-07T20:43:34.381+0000] {logging_mixin.py:188} INFO - Uploaded /opt/***/dags/data/s/BILLSTATUS-118s112.json to gs://congress_data/bills/s/BILLSTATUS-118s112.json
[2024-04-07T20:43:34.537+0000] {logging_mixin.py:188} INFO - Uploaded /opt/***/dags/data/s/BILLSTATUS-118s3250.json to gs://congress_data/bills/s/BILLSTATUS-118s3250.json
[2024-04-07T20:43:34.782+0000] {logging_mixin.py:188} INFO - Uploaded /opt/***/dags/data/s/BILLSTATUS-118s2226.json to gs://congress_data/bills/s/BILLSTATUS-118s2226.json
[2024-04-07T20:43:34.974+0000] {logging_mixin.py:188} INFO - Uploaded /opt/***/dags/data/s/BILLSTATUS-118s788.json to gs://congress_data/bills/s/BILLSTATUS-118s788.json
[2024-04-07T20:43:35.139+0000] {logging_mixin.py:188} INFO - Uploaded /opt/***/dags/data/s/BILLSTATUS-118s475.json to gs://congress_data/bills/s/BILLSTATUS-118s475.json
[2024-04-07T20:43:35.300+0000] {logging_mixin.py:188} INFO - Uploaded /opt/***/dags/data/s/BILLSTATUS-118s619.json to gs://congress_data/bills/s/BILLSTATUS-118s619.json
[2024-04-07T20:43:35.472+0000] {logging_mixin.py:188} INFO - Uploaded /opt/***/dags/data/s/BILLSTATUS-118s316.json to gs://congress_data/bills/s/BILLSTATUS-118s316.json
[2024-04-07T20:43:35.631+0000] {logging_mixin.py:188} INFO - Uploaded /opt/***/dags/data/s/BILLSTATUS-118s3853.json to gs://congress_data/bills/s/BILLSTATUS-118s3853.json
[2024-04-07T20:43:35.807+0000] {logging_mixin.py:188} INFO - Uploaded /opt/***/dags/data/s/BILLSTATUS-118s111.json to gs://congress_data/bills/s/BILLSTATUS-118s111.json
[2024-04-07T20:43:35.962+0000] {logging_mixin.py:188} INFO - Uploaded /opt/***/dags/data/s/BILLSTATUS-118s326.json to gs://congress_data/bills/s/BILLSTATUS-118s326.json
[2024-04-07T20:43:36.122+0000] {logging_mixin.py:188} INFO - Uploaded /opt/***/dags/data/sres/BILLSTATUS-118sres13.json to gs://congress_data/bills/sres/BILLSTATUS-118sres13.json
[2024-04-07T20:43:36.305+0000] {logging_mixin.py:188} INFO - Uploaded /opt/***/dags/data/sres/BILLSTATUS-118sres21.json to gs://congress_data/bills/sres/BILLSTATUS-118sres21.json
[2024-04-07T20:43:36.467+0000] {logging_mixin.py:188} INFO - Uploaded /opt/***/dags/data/sres/BILLSTATUS-118sres504.json to gs://congress_data/bills/sres/BILLSTATUS-118sres504.json
[2024-04-07T20:43:36.629+0000] {logging_mixin.py:188} INFO - Uploaded /opt/***/dags/data/sres/BILLSTATUS-118sres417.json to gs://congress_data/bills/sres/BILLSTATUS-118sres417.json
[2024-04-07T20:43:36.796+0000] {logging_mixin.py:188} INFO - Uploaded /opt/***/dags/data/hr/BILLSTATUS-118hr1339.json to gs://congress_data/bills/hr/BILLSTATUS-118hr1339.json
[2024-04-07T20:43:36.958+0000] {logging_mixin.py:188} INFO - Uploaded /opt/***/dags/data/hr/BILLSTATUS-118hr2796.json to gs://congress_data/bills/hr/BILLSTATUS-118hr2796.json
[2024-04-07T20:43:37.140+0000] {logging_mixin.py:188} INFO - Uploaded /opt/***/dags/data/hr/BILLSTATUS-118hr2811.json to gs://congress_data/bills/hr/BILLSTATUS-118hr2811.json
[2024-04-07T20:43:37.301+0000] {logging_mixin.py:188} INFO - Uploaded /opt/***/dags/data/hr/BILLSTATUS-118hr23.json to gs://congress_data/bills/hr/BILLSTATUS-118hr23.json
[2024-04-07T20:43:37.460+0000] {logging_mixin.py:188} INFO - Uploaded /opt/***/dags/data/hr/BILLSTATUS-118hr406.json to gs://congress_data/bills/hr/BILLSTATUS-118hr406.json
[2024-04-07T20:43:37.628+0000] {logging_mixin.py:188} INFO - Uploaded /opt/***/dags/data/hr/BILLSTATUS-118hr4984.json to gs://congress_data/bills/hr/BILLSTATUS-118hr4984.json
[2024-04-07T20:43:37.806+0000] {logging_mixin.py:188} INFO - Uploaded /opt/***/dags/data/hr/BILLSTATUS-118hr538.json to gs://congress_data/bills/hr/BILLSTATUS-118hr538.json
[2024-04-07T20:43:37.989+0000] {logging_mixin.py:188} INFO - Uploaded /opt/***/dags/data/hr/BILLSTATUS-118hr3152.json to gs://congress_data/bills/hr/BILLSTATUS-118hr3152.json
[2024-04-07T20:43:38.155+0000] {logging_mixin.py:188} INFO - Uploaded /opt/***/dags/data/hr/BILLSTATUS-118hr5585.json to gs://congress_data/bills/hr/BILLSTATUS-118hr5585.json
[2024-04-07T20:43:38.338+0000] {logging_mixin.py:188} INFO - Uploaded /opt/***/dags/data/hr/BILLSTATUS-118hr4394.json to gs://congress_data/bills/hr/BILLSTATUS-118hr4394.json
[2024-04-07T20:43:38.561+0000] {logging_mixin.py:188} INFO - Uploaded /opt/***/dags/data/hr/BILLSTATUS-118hr277.json to gs://congress_data/bills/hr/BILLSTATUS-118hr277.json
[2024-04-07T20:43:38.722+0000] {logging_mixin.py:188} INFO - Uploaded /opt/***/dags/data/hr/BILLSTATUS-118hr1159.json to gs://congress_data/bills/hr/BILLSTATUS-118hr1159.json
[2024-04-07T20:43:38.883+0000] {logging_mixin.py:188} INFO - Uploaded /opt/***/dags/data/hr/BILLSTATUS-118hr7520.json to gs://congress_data/bills/hr/BILLSTATUS-118hr7520.json
[2024-04-07T20:43:39.038+0000] {logging_mixin.py:188} INFO - Uploaded /opt/***/dags/data/hr/BILLSTATUS-118hr3099.json to gs://congress_data/bills/hr/BILLSTATUS-118hr3099.json
[2024-04-07T20:43:39.212+0000] {logging_mixin.py:188} INFO - Uploaded /opt/***/dags/data/hr/BILLSTATUS-118hr7023.json to gs://congress_data/bills/hr/BILLSTATUS-118hr7023.json
[2024-04-07T20:43:39.369+0000] {logging_mixin.py:188} INFO - Uploaded /opt/***/dags/data/hr/BILLSTATUS-118hr1548.json to gs://congress_data/bills/hr/BILLSTATUS-118hr1548.json
[2024-04-07T20:43:39.558+0000] {logging_mixin.py:188} INFO - Uploaded /opt/***/dags/data/hr/BILLSTATUS-118hr1163.json to gs://congress_data/bills/hr/BILLSTATUS-118hr1163.json
[2024-04-07T20:43:39.716+0000] {logging_mixin.py:188} INFO - Uploaded /opt/***/dags/data/hr/BILLSTATUS-118hr6976.json to gs://congress_data/bills/hr/BILLSTATUS-118hr6976.json
[2024-04-07T20:43:39.953+0000] {logging_mixin.py:188} INFO - Uploaded /opt/***/dags/data/hr/BILLSTATUS-118hr3774.json to gs://congress_data/bills/hr/BILLSTATUS-118hr3774.json
[2024-04-07T20:43:40.112+0000] {logging_mixin.py:188} INFO - Uploaded /opt/***/dags/data/hr/BILLSTATUS-118hr6126.json to gs://congress_data/bills/hr/BILLSTATUS-118hr6126.json
[2024-04-07T20:43:40.276+0000] {logging_mixin.py:188} INFO - Uploaded /opt/***/dags/data/hr/BILLSTATUS-118hr467.json to gs://congress_data/bills/hr/BILLSTATUS-118hr467.json
[2024-04-07T20:43:40.431+0000] {logging_mixin.py:188} INFO - Uploaded /opt/***/dags/data/hr/BILLSTATUS-118hr3324.json to gs://congress_data/bills/hr/BILLSTATUS-118hr3324.json
[2024-04-07T20:43:40.587+0000] {logging_mixin.py:188} INFO - Uploaded /opt/***/dags/data/hr/BILLSTATUS-118hr5862.json to gs://congress_data/bills/hr/BILLSTATUS-118hr5862.json
[2024-04-07T20:43:40.746+0000] {logging_mixin.py:188} INFO - Uploaded /opt/***/dags/data/hr/BILLSTATUS-118hr1123.json to gs://congress_data/bills/hr/BILLSTATUS-118hr1123.json
[2024-04-07T20:43:40.911+0000] {logging_mixin.py:188} INFO - Uploaded /opt/***/dags/data/hr/BILLSTATUS-118hr1836.json to gs://congress_data/bills/hr/BILLSTATUS-118hr1836.json
[2024-04-07T20:43:41.091+0000] {logging_mixin.py:188} INFO - Uploaded /opt/***/dags/data/hr/BILLSTATUS-118hr3935.json to gs://congress_data/bills/hr/BILLSTATUS-118hr3935.json
[2024-04-07T20:43:41.316+0000] {logging_mixin.py:188} INFO - Uploaded /opt/***/dags/data/hr/BILLSTATUS-118hr2670.json to gs://congress_data/bills/hr/BILLSTATUS-118hr2670.json
[2024-04-07T20:43:41.487+0000] {logging_mixin.py:188} INFO - Uploaded /opt/***/dags/data/hr/BILLSTATUS-118hr2365.json to gs://congress_data/bills/hr/BILLSTATUS-118hr2365.json
[2024-04-07T20:43:41.685+0000] {logging_mixin.py:188} INFO - Uploaded /opt/***/dags/data/hr/BILLSTATUS-118hr1226.json to gs://congress_data/bills/hr/BILLSTATUS-118hr1226.json
[2024-04-07T20:43:41.850+0000] {logging_mixin.py:188} INFO - Uploaded /opt/***/dags/data/hr/BILLSTATUS-118hr4531.json to gs://congress_data/bills/hr/BILLSTATUS-118hr4531.json
[2024-04-07T20:43:42.064+0000] {logging_mixin.py:188} INFO - Uploaded /opt/***/dags/data/hr/BILLSTATUS-118hr734.json to gs://congress_data/bills/hr/BILLSTATUS-118hr734.json
[2024-04-07T20:43:42.224+0000] {logging_mixin.py:188} INFO - Uploaded /opt/***/dags/data/hr/BILLSTATUS-118hr7521.json to gs://congress_data/bills/hr/BILLSTATUS-118hr7521.json
[2024-04-07T20:43:42.399+0000] {logging_mixin.py:188} INFO - Uploaded /opt/***/dags/data/hr/BILLSTATUS-118hr5.json to gs://congress_data/bills/hr/BILLSTATUS-118hr5.json
[2024-04-07T20:43:42.560+0000] {logging_mixin.py:188} INFO - Uploaded /opt/***/dags/data/hr/BILLSTATUS-118hr3391.json to gs://congress_data/bills/hr/BILLSTATUS-118hr3391.json
[2024-04-07T20:43:42.783+0000] {logging_mixin.py:188} INFO - Uploaded /opt/***/dags/data/hr/BILLSTATUS-118hr2754.json to gs://congress_data/bills/hr/BILLSTATUS-118hr2754.json
[2024-04-07T20:43:42.951+0000] {logging_mixin.py:188} INFO - Uploaded /opt/***/dags/data/hr/BILLSTATUS-118hr485.json to gs://congress_data/bills/hr/BILLSTATUS-118hr485.json
[2024-04-07T20:43:43.111+0000] {logging_mixin.py:188} INFO - Uploaded /opt/***/dags/data/hr/BILLSTATUS-118hr1752.json to gs://congress_data/bills/hr/BILLSTATUS-118hr1752.json
[2024-04-07T20:43:43.276+0000] {logging_mixin.py:188} INFO - Uploaded /opt/***/dags/data/hr/BILLSTATUS-118hr1093.json to gs://congress_data/bills/hr/BILLSTATUS-118hr1093.json
[2024-04-07T20:43:43.438+0000] {logging_mixin.py:188} INFO - Uploaded /opt/***/dags/data/hr/BILLSTATUS-118hr1640.json to gs://congress_data/bills/hr/BILLSTATUS-118hr1640.json
[2024-04-07T20:43:43.634+0000] {logging_mixin.py:188} INFO - Uploaded /opt/***/dags/data/hr/BILLSTATUS-118hr3981.json to gs://congress_data/bills/hr/BILLSTATUS-118hr3981.json
[2024-04-07T20:43:43.804+0000] {logging_mixin.py:188} INFO - Uploaded /opt/***/dags/data/hr/BILLSTATUS-118hr542.json to gs://congress_data/bills/hr/BILLSTATUS-118hr542.json
[2024-04-07T20:43:43.996+0000] {logging_mixin.py:188} INFO - Uploaded /opt/***/dags/data/hr/BILLSTATUS-118hr22.json to gs://congress_data/bills/hr/BILLSTATUS-118hr22.json
[2024-04-07T20:43:44.158+0000] {logging_mixin.py:188} INFO - Uploaded /opt/***/dags/data/hr/BILLSTATUS-118hr2797.json to gs://congress_data/bills/hr/BILLSTATUS-118hr2797.json
[2024-04-07T20:43:44.322+0000] {logging_mixin.py:188} INFO - Uploaded /opt/***/dags/data/hr/BILLSTATUS-118hr1154.json to gs://congress_data/bills/hr/BILLSTATUS-118hr1154.json
[2024-04-07T20:43:44.486+0000] {logging_mixin.py:188} INFO - Uploaded /opt/***/dags/data/hr/BILLSTATUS-118hr1338.json to gs://congress_data/bills/hr/BILLSTATUS-118hr1338.json
[2024-04-07T20:43:44.659+0000] {logging_mixin.py:188} INFO - Uploaded /opt/***/dags/data/hr/BILLSTATUS-118hr2.json to gs://congress_data/bills/hr/BILLSTATUS-118hr2.json
[2024-04-07T20:43:44.847+0000] {logging_mixin.py:188} INFO - Uploaded /opt/***/dags/data/hr/BILLSTATUS-118hr7463.json to gs://congress_data/bills/hr/BILLSTATUS-118hr7463.json
[2024-04-07T20:43:45.004+0000] {logging_mixin.py:188} INFO - Uploaded /opt/***/dags/data/hr/BILLSTATUS-118hr676.json to gs://congress_data/bills/hr/BILLSTATUS-118hr676.json
[2024-04-07T20:43:45.168+0000] {logging_mixin.py:188} INFO - Uploaded /opt/***/dags/data/hr/BILLSTATUS-118hr7176.json to gs://congress_data/bills/hr/BILLSTATUS-118hr7176.json
[2024-04-07T20:43:45.326+0000] {logging_mixin.py:188} INFO - Uploaded /opt/***/dags/data/hr/BILLSTATUS-118hr1734.json to gs://congress_data/bills/hr/BILLSTATUS-118hr1734.json
[2024-04-07T20:43:45.489+0000] {logging_mixin.py:188} INFO - Uploaded /opt/***/dags/data/hr/BILLSTATUS-118hr3089.json to gs://congress_data/bills/hr/BILLSTATUS-118hr3089.json
[2024-04-07T20:43:45.643+0000] {logging_mixin.py:188} INFO - Uploaded /opt/***/dags/data/hr/BILLSTATUS-118hr288.json to gs://congress_data/bills/hr/BILLSTATUS-118hr288.json
[2024-04-07T20:43:45.870+0000] {logging_mixin.py:188} INFO - Uploaded /opt/***/dags/data/hr/BILLSTATUS-118hr1149.json to gs://congress_data/bills/hr/BILLSTATUS-118hr1149.json
[2024-04-07T20:43:46.035+0000] {logging_mixin.py:188} INFO - Uploaded /opt/***/dags/data/hr/BILLSTATUS-118hr359.json to gs://congress_data/bills/hr/BILLSTATUS-118hr359.json
[2024-04-07T20:43:46.216+0000] {logging_mixin.py:188} INFO - Uploaded /opt/***/dags/data/hr/BILLSTATUS-118hr4367.json to gs://congress_data/bills/hr/BILLSTATUS-118hr4367.json
[2024-04-07T20:43:46.412+0000] {logging_mixin.py:188} INFO - Uploaded /opt/***/dags/data/hr/BILLSTATUS-118hr4664.json to gs://congress_data/bills/hr/BILLSTATUS-118hr4664.json
[2024-04-07T20:43:46.565+0000] {logging_mixin.py:188} INFO - Uploaded /opt/***/dags/data/hr/BILLSTATUS-118hr6679.json to gs://congress_data/bills/hr/BILLSTATUS-118hr6679.json
[2024-04-07T20:43:46.724+0000] {logging_mixin.py:188} INFO - Uploaded /opt/***/dags/data/hr/BILLSTATUS-118hr5110.json to gs://congress_data/bills/hr/BILLSTATUS-118hr5110.json
[2024-04-07T20:43:46.888+0000] {logging_mixin.py:188} INFO - Uploaded /opt/***/dags/data/hr/BILLSTATUS-118hr400.json to gs://congress_data/bills/hr/BILLSTATUS-118hr400.json
[2024-04-07T20:43:47.053+0000] {logging_mixin.py:188} INFO - Uploaded /opt/***/dags/data/hr/BILLSTATUS-118hr139.json to gs://congress_data/bills/hr/BILLSTATUS-118hr139.json
[2024-04-07T20:43:47.208+0000] {logging_mixin.py:188} INFO - Uploaded /opt/***/dags/data/hr/BILLSTATUS-118hr302.json to gs://congress_data/bills/hr/BILLSTATUS-118hr302.json
[2024-04-07T20:43:47.371+0000] {logging_mixin.py:188} INFO - Uploaded /opt/***/dags/data/hr/BILLSTATUS-118hr1606.json to gs://congress_data/bills/hr/BILLSTATUS-118hr1606.json
[2024-04-07T20:43:47.536+0000] {logging_mixin.py:188} INFO - Uploaded /opt/***/dags/data/hr/BILLSTATUS-118hr1715.json to gs://congress_data/bills/hr/BILLSTATUS-118hr1715.json
[2024-04-07T20:43:47.696+0000] {logging_mixin.py:188} INFO - Uploaded /opt/***/dags/data/hr/BILLSTATUS-118hr2494.json to gs://congress_data/bills/hr/BILLSTATUS-118hr2494.json
[2024-04-07T20:43:47.874+0000] {logging_mixin.py:188} INFO - Uploaded /opt/***/dags/data/hr/BILLSTATUS-118hr2882.json to gs://congress_data/bills/hr/BILLSTATUS-118hr2882.json
[2024-04-07T20:43:48.029+0000] {logging_mixin.py:188} INFO - Uploaded /opt/***/dags/data/hr/BILLSTATUS-118hr1607.json to gs://congress_data/bills/hr/BILLSTATUS-118hr1607.json
[2024-04-07T20:43:48.189+0000] {logging_mixin.py:188} INFO - Uploaded /opt/***/dags/data/hr/BILLSTATUS-118hr753.json to gs://congress_data/bills/hr/BILLSTATUS-118hr753.json
[2024-04-07T20:43:48.352+0000] {logging_mixin.py:188} INFO - Uploaded /opt/***/dags/data/hr/BILLSTATUS-118hr7511.json to gs://congress_data/bills/hr/BILLSTATUS-118hr7511.json
[2024-04-07T20:43:48.516+0000] {logging_mixin.py:188} INFO - Uploaded /opt/***/dags/data/hr/BILLSTATUS-118hr7454.json to gs://congress_data/bills/hr/BILLSTATUS-118hr7454.json
[2024-04-07T20:43:48.674+0000] {logging_mixin.py:188} INFO - Uploaded /opt/***/dags/data/hr/BILLSTATUS-118hr1353.json to gs://congress_data/bills/hr/BILLSTATUS-118hr1353.json
[2024-04-07T20:43:48.833+0000] {logging_mixin.py:188} INFO - Uploaded /opt/***/dags/data/hr/BILLSTATUS-118hr4468.json to gs://congress_data/bills/hr/BILLSTATUS-118hr4468.json
[2024-04-07T20:43:48.999+0000] {logging_mixin.py:188} INFO - Uploaded /opt/***/dags/data/hr/BILLSTATUS-118hr2379.json to gs://congress_data/bills/hr/BILLSTATUS-118hr2379.json
[2024-04-07T20:43:49.167+0000] {logging_mixin.py:188} INFO - Uploaded /opt/***/dags/data/hr/BILLSTATUS-118hr1105.json to gs://congress_data/bills/hr/BILLSTATUS-118hr1105.json
[2024-04-07T20:43:49.325+0000] {logging_mixin.py:188} INFO - Uploaded /opt/***/dags/data/hr/BILLSTATUS-118hr6678.json to gs://congress_data/bills/hr/BILLSTATUS-118hr6678.json
[2024-04-07T20:43:49.514+0000] {logging_mixin.py:188} INFO - Uploaded /opt/***/dags/data/hr/BILLSTATUS-118hr4665.json to gs://congress_data/bills/hr/BILLSTATUS-118hr4665.json
[2024-04-07T20:43:49.706+0000] {logging_mixin.py:188} INFO - Uploaded /opt/***/dags/data/hr/BILLSTATUS-118hr533.json to gs://congress_data/bills/hr/BILLSTATUS-118hr533.json
[2024-04-07T20:43:49.905+0000] {logging_mixin.py:188} INFO - Uploaded /opt/***/dags/data/hr/BILLSTATUS-118hr4366.json to gs://congress_data/bills/hr/BILLSTATUS-118hr4366.json
[2024-04-07T20:43:50.073+0000] {logging_mixin.py:188} INFO - Uploaded /opt/***/dags/data/hr/BILLSTATUS-118hr5961.json to gs://congress_data/bills/hr/BILLSTATUS-118hr5961.json
[2024-04-07T20:43:50.237+0000] {logging_mixin.py:188} INFO - Uploaded /opt/***/dags/data/hr/BILLSTATUS-118hr1076.json to gs://congress_data/bills/hr/BILLSTATUS-118hr1076.json
[2024-04-07T20:43:50.401+0000] {logging_mixin.py:188} INFO - Uploaded /opt/***/dags/data/hr/BILLSTATUS-118hr6009.json to gs://congress_data/bills/hr/BILLSTATUS-118hr6009.json
[2024-04-07T20:43:50.570+0000] {logging_mixin.py:188} INFO - Uploaded /opt/***/dags/data/hr/BILLSTATUS-118hr7024.json to gs://congress_data/bills/hr/BILLSTATUS-118hr7024.json
[2024-04-07T20:43:50.777+0000] {logging_mixin.py:188} INFO - Uploaded /opt/***/dags/data/hr/BILLSTATUS-118hr3821.json to gs://congress_data/bills/hr/BILLSTATUS-118hr3821.json
[2024-04-07T20:43:50.948+0000] {logging_mixin.py:188} INFO - Uploaded /opt/***/dags/data/hr/BILLSTATUS-118hr3564.json to gs://congress_data/bills/hr/BILLSTATUS-118hr3564.json
[2024-04-07T20:43:51.103+0000] {logging_mixin.py:188} INFO - Uploaded /opt/***/dags/data/hr/BILLSTATUS-118hr159.json to gs://congress_data/bills/hr/BILLSTATUS-118hr159.json
[2024-04-07T20:43:51.269+0000] {logging_mixin.py:188} INFO - Uploaded /opt/***/dags/data/hr/BILLSTATUS-118hr4723.json to gs://congress_data/bills/hr/BILLSTATUS-118hr4723.json
[2024-04-07T20:43:51.449+0000] {logging_mixin.py:188} INFO - Uploaded /opt/***/dags/data/hr/BILLSTATUS-118hr4365.json to gs://congress_data/bills/hr/BILLSTATUS-118hr4365.json
[2024-04-07T20:43:51.605+0000] {logging_mixin.py:188} INFO - Uploaded /opt/***/dags/data/hr/BILLSTATUS-118hr3224.json to gs://congress_data/bills/hr/BILLSTATUS-118hr3224.json
[2024-04-07T20:43:51.785+0000] {logging_mixin.py:188} INFO - Uploaded /opt/***/dags/data/hr/BILLSTATUS-118hr662.json to gs://congress_data/bills/hr/BILLSTATUS-118hr662.json
[2024-04-07T20:43:51.948+0000] {logging_mixin.py:188} INFO - Uploaded /opt/***/dags/data/hr/BILLSTATUS-118hr3843.json to gs://congress_data/bills/hr/BILLSTATUS-118hr3843.json
[2024-04-07T20:43:52.102+0000] {logging_mixin.py:188} INFO - Uploaded /opt/***/dags/data/hr/BILLSTATUS-118hr300.json to gs://congress_data/bills/hr/BILLSTATUS-118hr300.json
[2024-04-07T20:43:52.258+0000] {logging_mixin.py:188} INFO - Uploaded /opt/***/dags/data/hr/BILLSTATUS-118hr357.json to gs://congress_data/bills/hr/BILLSTATUS-118hr357.json
[2024-04-07T20:43:52.428+0000] {logging_mixin.py:188} INFO - Uploaded /opt/***/dags/data/hr/BILLSTATUS-118hr1096.json to gs://congress_data/bills/hr/BILLSTATUS-118hr1096.json
[2024-04-07T20:43:52.607+0000] {logging_mixin.py:188} INFO - Uploaded /opt/***/dags/data/hr/BILLSTATUS-118hr4502.json to gs://congress_data/bills/hr/BILLSTATUS-118hr4502.json
[2024-04-07T20:43:52.774+0000] {logging_mixin.py:188} INFO - Uploaded /opt/***/dags/data/hr/BILLSTATUS-118hr1147.json to gs://congress_data/bills/hr/BILLSTATUS-118hr1147.json
[2024-04-07T20:43:52.938+0000] {logging_mixin.py:188} INFO - Uploaded /opt/***/dags/data/hr/BILLSTATUS-118hr5692.json to gs://congress_data/bills/hr/BILLSTATUS-118hr5692.json
[2024-04-07T20:43:53.090+0000] {logging_mixin.py:188} INFO - Uploaded /opt/***/dags/data/hr/BILLSTATUS-118hr6544.json to gs://congress_data/bills/hr/BILLSTATUS-118hr6544.json
[2024-04-07T20:43:53.265+0000] {logging_mixin.py:188} INFO - Uploaded /opt/***/dags/data/hr/BILLSTATUS-118hr3746.json to gs://congress_data/bills/hr/BILLSTATUS-118hr3746.json
[2024-04-07T20:43:53.434+0000] {logging_mixin.py:188} INFO - Uploaded /opt/***/dags/data/hr/BILLSTATUS-118hr140.json to gs://congress_data/bills/hr/BILLSTATUS-118hr140.json
[2024-04-07T20:43:53.593+0000] {logging_mixin.py:188} INFO - Uploaded /opt/***/dags/data/hr/BILLSTATUS-118hr1669.json to gs://congress_data/bills/hr/BILLSTATUS-118hr1669.json
[2024-04-07T20:43:53.754+0000] {logging_mixin.py:188} INFO - Uploaded /opt/***/dags/data/hr/BILLSTATUS-118hr3091.json to gs://congress_data/bills/hr/BILLSTATUS-118hr3091.json
[2024-04-07T20:43:53.920+0000] {logging_mixin.py:188} INFO - Uploaded /opt/***/dags/data/hr/BILLSTATUS-118hr382.json to gs://congress_data/bills/hr/BILLSTATUS-118hr382.json
[2024-04-07T20:43:54.082+0000] {logging_mixin.py:188} INFO - Uploaded /opt/***/dags/data/hr/BILLSTATUS-118hr3838.json to gs://congress_data/bills/hr/BILLSTATUS-118hr3838.json
[2024-04-07T20:43:54.247+0000] {logging_mixin.py:188} INFO - Uploaded /opt/***/dags/data/hr/BILLSTATUS-118hr5283.json to gs://congress_data/bills/hr/BILLSTATUS-118hr5283.json
[2024-04-07T20:43:54.411+0000] {logging_mixin.py:188} INFO - Uploaded /opt/***/dags/data/hr/BILLSTATUS-118hr1151.json to gs://congress_data/bills/hr/BILLSTATUS-118hr1151.json
[2024-04-07T20:43:54.571+0000] {logging_mixin.py:188} INFO - Uploaded /opt/***/dags/data/hr/BILLSTATUS-118hr2792.json to gs://congress_data/bills/hr/BILLSTATUS-118hr2792.json
[2024-04-07T20:43:54.777+0000] {logging_mixin.py:188} INFO - Uploaded /opt/***/dags/data/hr/BILLSTATUS-118hr443.json to gs://congress_data/bills/hr/BILLSTATUS-118hr443.json
[2024-04-07T20:43:54.933+0000] {logging_mixin.py:188} INFO - Uploaded /opt/***/dags/data/hr/BILLSTATUS-118hr2793.json to gs://congress_data/bills/hr/BILLSTATUS-118hr2793.json
[2024-04-07T20:43:55.088+0000] {logging_mixin.py:188} INFO - Uploaded /opt/***/dags/data/hr/BILLSTATUS-118hr1107.json to gs://congress_data/bills/hr/BILLSTATUS-118hr1107.json
[2024-04-07T20:43:55.262+0000] {logging_mixin.py:188} INFO - Uploaded /opt/***/dags/data/hr/BILLSTATUS-118hr26.json to gs://congress_data/bills/hr/BILLSTATUS-118hr26.json
[2024-04-07T20:43:55.445+0000] {logging_mixin.py:188} INFO - Uploaded /opt/***/dags/data/hr/BILLSTATUS-118hr815.json to gs://congress_data/bills/hr/BILLSTATUS-118hr815.json
[2024-04-07T20:43:55.609+0000] {logging_mixin.py:188} INFO - Uploaded /opt/***/dags/data/hr/BILLSTATUS-118hr839.json to gs://congress_data/bills/hr/BILLSTATUS-118hr839.json
[2024-04-07T20:43:55.769+0000] {logging_mixin.py:188} INFO - Uploaded /opt/***/dags/data/hr/BILLSTATUS-118hr497.json to gs://congress_data/bills/hr/BILLSTATUS-118hr497.json
[2024-04-07T20:43:55.963+0000] {logging_mixin.py:188} INFO - Uploaded /opt/***/dags/data/hr/BILLSTATUS-118hr4368.json to gs://congress_data/bills/hr/BILLSTATUS-118hr4368.json
[2024-04-07T20:43:56.159+0000] {logging_mixin.py:188} INFO - Uploaded /opt/***/dags/data/hr/BILLSTATUS-118hr7102.json to gs://congress_data/bills/hr/BILLSTATUS-118hr7102.json
[2024-04-07T20:43:56.320+0000] {logging_mixin.py:188} INFO - Uploaded /opt/***/dags/data/hr/BILLSTATUS-118hr593.json to gs://congress_data/bills/hr/BILLSTATUS-118hr593.json
[2024-04-07T20:43:56.478+0000] {logging_mixin.py:188} INFO - Uploaded /opt/***/dags/data/hr/BILLSTATUS-118hr340.json to gs://congress_data/bills/hr/BILLSTATUS-118hr340.json
[2024-04-07T20:43:56.645+0000] {logging_mixin.py:188} INFO - Uploaded /opt/***/dags/data/hr/BILLSTATUS-118hr788.json to gs://congress_data/bills/hr/BILLSTATUS-118hr788.json
[2024-04-07T20:43:56.814+0000] {logging_mixin.py:188} INFO - Uploaded /opt/***/dags/data/hr/BILLSTATUS-118hr6363.json to gs://congress_data/bills/hr/BILLSTATUS-118hr6363.json
[2024-04-07T20:43:56.994+0000] {logging_mixin.py:188} INFO - Uploaded /opt/***/dags/data/hr/BILLSTATUS-118hr1.json to gs://congress_data/bills/hr/BILLSTATUS-118hr1.json
[2024-04-07T20:43:57.156+0000] {logging_mixin.py:188} INFO - Uploaded /opt/***/dags/data/hr/BILLSTATUS-118hr4470.json to gs://congress_data/bills/hr/BILLSTATUS-118hr4470.json
[2024-04-07T20:43:57.316+0000] {logging_mixin.py:188} INFO - Uploaded /opt/***/dags/data/hr/BILLSTATUS-118hr663.json to gs://congress_data/bills/hr/BILLSTATUS-118hr663.json
[2024-04-07T20:43:57.479+0000] {logging_mixin.py:188} INFO - Uploaded /opt/***/dags/data/hr/BILLSTATUS-118hr2766.json to gs://congress_data/bills/hr/BILLSTATUS-118hr2766.json
[2024-04-07T20:43:57.640+0000] {logging_mixin.py:188} INFO - Uploaded /opt/***/dags/data/hr/BILLSTATUS-118hr589.json to gs://congress_data/bills/hr/BILLSTATUS-118hr589.json
[2024-04-07T20:43:57.808+0000] {logging_mixin.py:188} INFO - Uploaded /opt/***/dags/data/hr/BILLSTATUS-118hr1023.json to gs://congress_data/bills/hr/BILLSTATUS-118hr1023.json
[2024-04-07T20:43:57.963+0000] {logging_mixin.py:188} INFO - Uploaded /opt/***/dags/data/hr/BILLSTATUS-118hr4364.json to gs://congress_data/bills/hr/BILLSTATUS-118hr4364.json
[2024-04-07T20:43:58.126+0000] {logging_mixin.py:188} INFO - Uploaded /opt/***/dags/data/hr/BILLSTATUS-118hr347.json to gs://congress_data/bills/hr/BILLSTATUS-118hr347.json
[2024-04-07T20:43:58.316+0000] {logging_mixin.py:188} INFO - Uploaded /opt/***/dags/data/hr/BILLSTATUS-118hr886.json to gs://congress_data/bills/hr/BILLSTATUS-118hr886.json
[2024-04-07T20:43:58.505+0000] {logging_mixin.py:188} INFO - Uploaded /opt/***/dags/data/hr/BILLSTATUS-118hr185.json to gs://congress_data/bills/hr/BILLSTATUS-118hr185.json
[2024-04-07T20:43:58.666+0000] {logging_mixin.py:188} INFO - Uploaded /opt/***/dags/data/hr/BILLSTATUS-118hr3941.json to gs://congress_data/bills/hr/BILLSTATUS-118hr3941.json
[2024-04-07T20:43:58.831+0000] {logging_mixin.py:188} INFO - Uploaded /opt/***/dags/data/hr/BILLSTATUS-118hr5856.json to gs://congress_data/bills/hr/BILLSTATUS-118hr5856.json
[2024-04-07T20:43:59.019+0000] {logging_mixin.py:188} INFO - Uploaded /opt/***/dags/data/hr/BILLSTATUS-118hr21.json to gs://congress_data/bills/hr/BILLSTATUS-118hr21.json
[2024-04-07T20:43:59.208+0000] {logging_mixin.py:188} INFO - Uploaded /opt/***/dags/data/hr/BILLSTATUS-118hr3202.json to gs://congress_data/bills/hr/BILLSTATUS-118hr3202.json
[2024-04-07T20:43:59.359+0000] {logging_mixin.py:188} INFO - Uploaded /opt/***/dags/data/hr/BILLSTATUS-118hr6503.json to gs://congress_data/bills/hr/BILLSTATUS-118hr6503.json
[2024-04-07T20:43:59.518+0000] {logging_mixin.py:188} INFO - Uploaded /opt/***/dags/data/hr/BILLSTATUS-118hr5378.json to gs://congress_data/bills/hr/BILLSTATUS-118hr5378.json
[2024-04-07T20:43:59.675+0000] {logging_mixin.py:188} INFO - Uploaded /opt/***/dags/data/hr/BILLSTATUS-118hr500.json to gs://congress_data/bills/hr/BILLSTATUS-118hr500.json
[2024-04-07T20:43:59.832+0000] {logging_mixin.py:188} INFO - Uploaded /opt/***/dags/data/hr/BILLSTATUS-118hr1435.json to gs://congress_data/bills/hr/BILLSTATUS-118hr1435.json
[2024-04-07T20:44:00.007+0000] {logging_mixin.py:188} INFO - Uploaded /opt/***/dags/data/hr/BILLSTATUS-118hr5860.json to gs://congress_data/bills/hr/BILLSTATUS-118hr5860.json
[2024-04-07T20:44:00.170+0000] {logging_mixin.py:188} INFO - Uploaded /opt/***/dags/data/hr/BILLSTATUS-118hr3799.json to gs://congress_data/bills/hr/BILLSTATUS-118hr3799.json
[2024-04-07T20:44:00.379+0000] {logging_mixin.py:188} INFO - Uploaded /opt/***/dags/data/hr/BILLSTATUS-118hr2872.json to gs://congress_data/bills/hr/BILLSTATUS-118hr2872.json
[2024-04-07T20:44:00.538+0000] {logging_mixin.py:188} INFO - Uploaded /opt/***/dags/data/hr/BILLSTATUS-118hr3672.json to gs://congress_data/bills/hr/BILLSTATUS-118hr3672.json
[2024-04-07T20:44:00.702+0000] {logging_mixin.py:188} INFO - Uploaded /opt/***/dags/data/hr/BILLSTATUS-118hr5933.json to gs://congress_data/bills/hr/BILLSTATUS-118hr5933.json
[2024-04-07T20:44:00.897+0000] {logging_mixin.py:188} INFO - Uploaded /opt/***/dags/data/hr/BILLSTATUS-118hr5525.json to gs://congress_data/bills/hr/BILLSTATUS-118hr5525.json
[2024-04-07T20:44:01.085+0000] {logging_mixin.py:188} INFO - Uploaded /opt/***/dags/data/hr/BILLSTATUS-118hr4820.json to gs://congress_data/bills/hr/BILLSTATUS-118hr4820.json
[2024-04-07T20:44:01.256+0000] {logging_mixin.py:188} INFO - Uploaded /opt/***/dags/data/hr/BILLSTATUS-118hr6276.json to gs://congress_data/bills/hr/BILLSTATUS-118hr6276.json
[2024-04-07T20:44:01.412+0000] {logging_mixin.py:188} INFO - Uploaded /opt/***/dags/data/hr/BILLSTATUS-118hr5119.json to gs://congress_data/bills/hr/BILLSTATUS-118hr5119.json
[2024-04-07T20:44:01.597+0000] {logging_mixin.py:188} INFO - Uploaded /opt/***/dags/data/hr/BILLSTATUS-118hr2799.json to gs://congress_data/bills/hr/BILLSTATUS-118hr2799.json
[2024-04-07T20:44:01.755+0000] {logging_mixin.py:188} INFO - Uploaded /opt/***/dags/data/hr/BILLSTATUS-118hr5375.json to gs://congress_data/bills/hr/BILLSTATUS-118hr5375.json
[2024-04-07T20:44:01.931+0000] {logging_mixin.py:188} INFO - Uploaded /opt/***/dags/data/hr/BILLSTATUS-118hr6918.json to gs://congress_data/bills/hr/BILLSTATUS-118hr6918.json
[2024-04-07T20:44:02.095+0000] {logging_mixin.py:188} INFO - Uploaded /opt/***/dags/data/hr/BILLSTATUS-118hr1727.json to gs://congress_data/bills/hr/BILLSTATUS-118hr1727.json
[2024-04-07T20:44:02.302+0000] {logging_mixin.py:188} INFO - Uploaded /opt/***/dags/data/hr/BILLSTATUS-118hr4821.json to gs://congress_data/bills/hr/BILLSTATUS-118hr4821.json
[2024-04-07T20:44:02.460+0000] {logging_mixin.py:188} INFO - Uploaded /opt/***/dags/data/hr/BILLSTATUS-118hr1567.json to gs://congress_data/bills/hr/BILLSTATUS-118hr1567.json
[2024-04-07T20:44:02.624+0000] {logging_mixin.py:188} INFO - Uploaded /opt/***/dags/data/hr/BILLSTATUS-118hr5524.json to gs://congress_data/bills/hr/BILLSTATUS-118hr5524.json
[2024-04-07T20:44:02.785+0000] {logging_mixin.py:188} INFO - Uploaded /opt/***/dags/data/hr/BILLSTATUS-118hr1530.json to gs://congress_data/bills/hr/BILLSTATUS-118hr1530.json
[2024-04-07T20:44:02.961+0000] {logging_mixin.py:188} INFO - Uploaded /opt/***/dags/data/hr/BILLSTATUS-118hr3848.json to gs://congress_data/bills/hr/BILLSTATUS-118hr3848.json
[2024-04-07T20:44:03.127+0000] {logging_mixin.py:188} INFO - Uploaded /opt/***/dags/data/hr/BILLSTATUS-118hr1121.json to gs://congress_data/bills/hr/BILLSTATUS-118hr1121.json
[2024-04-07T20:44:03.278+0000] {logging_mixin.py:188} INFO - Uploaded /opt/***/dags/data/hr/BILLSTATUS-118hr1156.json to gs://congress_data/bills/hr/BILLSTATUS-118hr1156.json
[2024-04-07T20:44:03.449+0000] {logging_mixin.py:188} INFO - Uploaded /opt/***/dags/data/hr/BILLSTATUS-118hr2795.json to gs://congress_data/bills/hr/BILLSTATUS-118hr2795.json
[2024-04-07T20:44:03.603+0000] {logging_mixin.py:188} INFO - Uploaded /opt/***/dags/data/hr/BILLSTATUS-118hr2812.json to gs://congress_data/bills/hr/BILLSTATUS-118hr2812.json
[2024-04-07T20:44:03.775+0000] {logging_mixin.py:188} INFO - Uploaded /opt/***/dags/data/hr/BILLSTATUS-118hr6914.json to gs://congress_data/bills/hr/BILLSTATUS-118hr6914.json
[2024-04-07T20:44:03.943+0000] {logging_mixin.py:188} INFO - Uploaded /opt/***/dags/data/hr/BILLSTATUS-118hr813.json to gs://congress_data/bills/hr/BILLSTATUS-118hr813.json
[2024-04-07T20:44:04.115+0000] {logging_mixin.py:188} INFO - Uploaded /opt/***/dags/data/hr/BILLSTATUS-118hr1547.json to gs://congress_data/bills/hr/BILLSTATUS-118hr1547.json
[2024-04-07T20:44:04.282+0000] {logging_mixin.py:188} INFO - Uploaded /opt/***/dags/data/hr/BILLSTATUS-118hr7217.json to gs://congress_data/bills/hr/BILLSTATUS-118hr7217.json
[2024-04-07T20:44:04.462+0000] {logging_mixin.py:188} INFO - Uploaded /opt/***/dags/data/hr/BILLSTATUS-118hr5894.json to gs://congress_data/bills/hr/BILLSTATUS-118hr5894.json
[2024-04-07T20:44:04.627+0000] {logging_mixin.py:188} INFO - Uploaded /opt/***/dags/data/hr/BILLSTATUS-118hr5528.json to gs://congress_data/bills/hr/BILLSTATUS-118hr5528.json
[2024-04-07T20:44:04.792+0000] {logging_mixin.py:188} INFO - Uploaded /opt/***/dags/data/hr/BILLSTATUS-118hr1615.json to gs://congress_data/bills/hr/BILLSTATUS-118hr1615.json
[2024-04-07T20:44:04.947+0000] {logging_mixin.py:188} INFO - Uploaded /opt/***/dags/data/hr/BILLSTATUS-118hr346.json to gs://congress_data/bills/hr/BILLSTATUS-118hr346.json
[2024-04-07T20:44:05.112+0000] {logging_mixin.py:188} INFO - Uploaded /opt/***/dags/data/sjres/BILLSTATUS-118sjres24.json to gs://congress_data/bills/sjres/BILLSTATUS-118sjres24.json
[2024-04-07T20:44:05.291+0000] {logging_mixin.py:188} INFO - Uploaded /opt/***/dags/data/sjres/BILLSTATUS-118sjres32.json to gs://congress_data/bills/sjres/BILLSTATUS-118sjres32.json
[2024-04-07T20:44:05.489+0000] {logging_mixin.py:188} INFO - Uploaded /opt/***/dags/data/sjres/BILLSTATUS-118sjres44.json to gs://congress_data/bills/sjres/BILLSTATUS-118sjres44.json
[2024-04-07T20:44:05.651+0000] {logging_mixin.py:188} INFO - Uploaded /opt/***/dags/data/sjres/BILLSTATUS-118sjres38.json to gs://congress_data/bills/sjres/BILLSTATUS-118sjres38.json
[2024-04-07T20:44:05.817+0000] {logging_mixin.py:188} INFO - Uploaded /opt/***/dags/data/sjres/BILLSTATUS-118sjres43.json to gs://congress_data/bills/sjres/BILLSTATUS-118sjres43.json
[2024-04-07T20:44:05.979+0000] {logging_mixin.py:188} INFO - Uploaded /opt/***/dags/data/sjres/BILLSTATUS-118sjres4.json to gs://congress_data/bills/sjres/BILLSTATUS-118sjres4.json
[2024-04-07T20:44:06.141+0000] {logging_mixin.py:188} INFO - Uploaded /opt/***/dags/data/sjres/BILLSTATUS-118sjres18.json to gs://congress_data/bills/sjres/BILLSTATUS-118sjres18.json
[2024-04-07T20:44:06.314+0000] {logging_mixin.py:188} INFO - Uploaded /opt/***/dags/data/sjres/BILLSTATUS-118sjres9.json to gs://congress_data/bills/sjres/BILLSTATUS-118sjres9.json
[2024-04-07T20:44:06.471+0000] {logging_mixin.py:188} INFO - Uploaded /opt/***/dags/data/sjres/BILLSTATUS-118sjres62.json to gs://congress_data/bills/sjres/BILLSTATUS-118sjres62.json
[2024-04-07T20:44:06.642+0000] {logging_mixin.py:188} INFO - Uploaded /opt/***/dags/data/sjres/BILLSTATUS-118sjres23.json to gs://congress_data/bills/sjres/BILLSTATUS-118sjres23.json
[2024-04-07T20:44:06.801+0000] {logging_mixin.py:188} INFO - Uploaded /opt/***/dags/data/sjres/BILLSTATUS-118sjres42.json to gs://congress_data/bills/sjres/BILLSTATUS-118sjres42.json
[2024-04-07T20:44:06.997+0000] {logging_mixin.py:188} INFO - Uploaded /opt/***/dags/data/sjres/BILLSTATUS-118sjres60.json to gs://congress_data/bills/sjres/BILLSTATUS-118sjres60.json
[2024-04-07T20:44:07.168+0000] {logging_mixin.py:188} INFO - Uploaded /opt/***/dags/data/sjres/BILLSTATUS-118sjres51.json to gs://congress_data/bills/sjres/BILLSTATUS-118sjres51.json
[2024-04-07T20:44:07.330+0000] {logging_mixin.py:188} INFO - Uploaded /opt/***/dags/data/sjres/BILLSTATUS-118sjres10.json to gs://congress_data/bills/sjres/BILLSTATUS-118sjres10.json
[2024-04-07T20:44:07.494+0000] {logging_mixin.py:188} INFO - Uploaded /opt/***/dags/data/sjres/BILLSTATUS-118sjres11.json to gs://congress_data/bills/sjres/BILLSTATUS-118sjres11.json
[2024-04-07T20:44:07.495+0000] {python.py:202} INFO - Done. Returned value was: None
[2024-04-07T20:44:07.517+0000] {taskinstance.py:1149} INFO - Marking task as SUCCESS. dag_id=upload_congress_data, task_id=upload_bills_to_gcs, execution_date=20240407T202810, start_date=20240407T204329, end_date=20240407T204407
[2024-04-07T20:44:07.592+0000] {local_task_job_runner.py:234} INFO - Task exited with return code 0
[2024-04-07T20:44:07.611+0000] {taskinstance.py:3312} INFO - 0 downstream tasks scheduled from follow-on schedule check
