[2024-05-24T00:11:05.633+0000] {processor.py:161} INFO - Started process (PID=10676) to work on /opt/airflow/dags/upload_congress_data.py
[2024-05-24T00:11:05.635+0000] {processor.py:830} INFO - Processing file /opt/airflow/dags/upload_congress_data.py for tasks to queue
[2024-05-24T00:11:05.639+0000] {logging_mixin.py:188} INFO - [2024-05-24T00:11:05.639+0000] {dagbag.py:540} INFO - Filling up the DagBag from /opt/airflow/dags/upload_congress_data.py
[2024-05-24T00:11:05.725+0000] {logging_mixin.py:188} INFO - Bucket Name: congress_data_testproject-420401
[2024-05-24T00:11:05.768+0000] {processor.py:840} INFO - DAG(s) 'upload_congress_data' retrieved from /opt/airflow/dags/upload_congress_data.py
[2024-05-24T00:11:05.830+0000] {logging_mixin.py:188} INFO - [2024-05-24T00:11:05.829+0000] {dag.py:3047} INFO - Sync 1 DAGs
[2024-05-24T00:11:05.868+0000] {logging_mixin.py:188} INFO - [2024-05-24T00:11:05.868+0000] {dag.py:3834} INFO - Setting next_dagrun for upload_congress_data to None, run_after=None
[2024-05-24T00:11:05.903+0000] {processor.py:183} INFO - Processing /opt/airflow/dags/upload_congress_data.py took 0.277 seconds
[2024-05-24T01:44:56.732+0000] {processor.py:161} INFO - Started process (PID=10684) to work on /opt/airflow/dags/upload_congress_data.py
[2024-05-24T01:44:56.735+0000] {processor.py:830} INFO - Processing file /opt/airflow/dags/upload_congress_data.py for tasks to queue
[2024-05-24T01:44:56.743+0000] {logging_mixin.py:188} INFO - [2024-05-24T01:44:56.742+0000] {dagbag.py:540} INFO - Filling up the DagBag from /opt/airflow/dags/upload_congress_data.py
[2024-05-24T01:44:56.809+0000] {logging_mixin.py:188} INFO - Bucket Name: congress_data_testproject-420401
[2024-05-24T01:44:56.849+0000] {processor.py:840} INFO - DAG(s) 'upload_congress_data' retrieved from /opt/airflow/dags/upload_congress_data.py
[2024-05-24T01:44:56.895+0000] {logging_mixin.py:188} INFO - [2024-05-24T01:44:56.895+0000] {dag.py:3047} INFO - Sync 1 DAGs
[2024-05-24T01:44:56.931+0000] {logging_mixin.py:188} INFO - [2024-05-24T01:44:56.931+0000] {dag.py:3834} INFO - Setting next_dagrun for upload_congress_data to None, run_after=None
[2024-05-24T01:44:56.964+0000] {processor.py:183} INFO - Processing /opt/airflow/dags/upload_congress_data.py took 0.236 seconds
[2024-05-24T02:29:46.573+0000] {processor.py:161} INFO - Started process (PID=10692) to work on /opt/airflow/dags/upload_congress_data.py
[2024-05-24T02:29:46.578+0000] {processor.py:830} INFO - Processing file /opt/airflow/dags/upload_congress_data.py for tasks to queue
[2024-05-24T02:29:46.585+0000] {logging_mixin.py:188} INFO - [2024-05-24T02:29:46.584+0000] {dagbag.py:540} INFO - Filling up the DagBag from /opt/airflow/dags/upload_congress_data.py
[2024-05-24T02:29:46.661+0000] {logging_mixin.py:188} INFO - Bucket Name: congress_data_testproject-420401
[2024-05-24T02:29:46.687+0000] {processor.py:840} INFO - DAG(s) 'upload_congress_data' retrieved from /opt/airflow/dags/upload_congress_data.py
[2024-05-24T02:29:46.733+0000] {logging_mixin.py:188} INFO - [2024-05-24T02:29:46.732+0000] {dag.py:3047} INFO - Sync 1 DAGs
[2024-05-24T02:29:46.759+0000] {logging_mixin.py:188} INFO - [2024-05-24T02:29:46.759+0000] {dag.py:3834} INFO - Setting next_dagrun for upload_congress_data to None, run_after=None
[2024-05-24T02:29:46.788+0000] {processor.py:183} INFO - Processing /opt/airflow/dags/upload_congress_data.py took 0.233 seconds
[2024-05-24T03:44:56.724+0000] {processor.py:161} INFO - Started process (PID=10700) to work on /opt/airflow/dags/upload_congress_data.py
[2024-05-24T03:44:56.725+0000] {processor.py:830} INFO - Processing file /opt/airflow/dags/upload_congress_data.py for tasks to queue
[2024-05-24T03:44:56.728+0000] {logging_mixin.py:188} INFO - [2024-05-24T03:44:56.728+0000] {dagbag.py:540} INFO - Filling up the DagBag from /opt/airflow/dags/upload_congress_data.py
[2024-05-24T03:44:56.769+0000] {logging_mixin.py:188} INFO - Bucket Name: congress_data_testproject-420401
[2024-05-24T03:44:56.781+0000] {processor.py:840} INFO - DAG(s) 'upload_congress_data' retrieved from /opt/airflow/dags/upload_congress_data.py
[2024-05-24T03:44:56.801+0000] {logging_mixin.py:188} INFO - [2024-05-24T03:44:56.801+0000] {dag.py:3047} INFO - Sync 1 DAGs
[2024-05-24T03:44:56.812+0000] {logging_mixin.py:188} INFO - [2024-05-24T03:44:56.812+0000] {dag.py:3834} INFO - Setting next_dagrun for upload_congress_data to None, run_after=None
[2024-05-24T03:44:56.822+0000] {processor.py:183} INFO - Processing /opt/airflow/dags/upload_congress_data.py took 0.101 seconds
[2024-05-24T05:03:34.782+0000] {processor.py:161} INFO - Started process (PID=10708) to work on /opt/airflow/dags/upload_congress_data.py
[2024-05-24T05:03:34.785+0000] {processor.py:830} INFO - Processing file /opt/airflow/dags/upload_congress_data.py for tasks to queue
[2024-05-24T05:03:34.796+0000] {logging_mixin.py:188} INFO - [2024-05-24T05:03:34.794+0000] {dagbag.py:540} INFO - Filling up the DagBag from /opt/airflow/dags/upload_congress_data.py
[2024-05-24T05:03:34.900+0000] {logging_mixin.py:188} INFO - Bucket Name: congress_data_testproject-420401
[2024-05-24T05:03:34.924+0000] {processor.py:840} INFO - DAG(s) 'upload_congress_data' retrieved from /opt/airflow/dags/upload_congress_data.py
[2024-05-24T05:03:34.967+0000] {logging_mixin.py:188} INFO - [2024-05-24T05:03:34.967+0000] {dag.py:3047} INFO - Sync 1 DAGs
[2024-05-24T05:03:35.008+0000] {logging_mixin.py:188} INFO - [2024-05-24T05:03:35.008+0000] {dag.py:3834} INFO - Setting next_dagrun for upload_congress_data to None, run_after=None
[2024-05-24T05:03:35.037+0000] {processor.py:183} INFO - Processing /opt/airflow/dags/upload_congress_data.py took 0.272 seconds
[2024-05-24T06:17:07.815+0000] {processor.py:161} INFO - Started process (PID=10716) to work on /opt/airflow/dags/upload_congress_data.py
[2024-05-24T06:17:07.850+0000] {processor.py:830} INFO - Processing file /opt/airflow/dags/upload_congress_data.py for tasks to queue
[2024-05-24T06:17:07.858+0000] {logging_mixin.py:188} INFO - [2024-05-24T06:17:07.857+0000] {dagbag.py:540} INFO - Filling up the DagBag from /opt/airflow/dags/upload_congress_data.py
[2024-05-24T06:17:08.043+0000] {logging_mixin.py:188} INFO - Bucket Name: congress_data_testproject-420401
[2024-05-24T06:17:08.073+0000] {processor.py:840} INFO - DAG(s) 'upload_congress_data' retrieved from /opt/airflow/dags/upload_congress_data.py
[2024-05-24T06:17:08.137+0000] {logging_mixin.py:188} INFO - [2024-05-24T06:17:08.136+0000] {dag.py:3047} INFO - Sync 1 DAGs
[2024-05-24T06:17:08.190+0000] {logging_mixin.py:188} INFO - [2024-05-24T06:17:08.190+0000] {dag.py:3834} INFO - Setting next_dagrun for upload_congress_data to None, run_after=None
[2024-05-24T06:17:08.260+0000] {processor.py:183} INFO - Processing /opt/airflow/dags/upload_congress_data.py took 0.463 seconds
[2024-05-24T07:18:18.958+0000] {processor.py:161} INFO - Started process (PID=10724) to work on /opt/airflow/dags/upload_congress_data.py
[2024-05-24T07:18:18.961+0000] {processor.py:830} INFO - Processing file /opt/airflow/dags/upload_congress_data.py for tasks to queue
[2024-05-24T07:18:18.968+0000] {logging_mixin.py:188} INFO - [2024-05-24T07:18:18.967+0000] {dagbag.py:540} INFO - Filling up the DagBag from /opt/airflow/dags/upload_congress_data.py
[2024-05-24T07:18:19.073+0000] {logging_mixin.py:188} INFO - Bucket Name: congress_data_testproject-420401
[2024-05-24T07:18:19.093+0000] {processor.py:840} INFO - DAG(s) 'upload_congress_data' retrieved from /opt/airflow/dags/upload_congress_data.py
[2024-05-24T07:18:19.223+0000] {logging_mixin.py:188} INFO - [2024-05-24T07:18:19.223+0000] {dag.py:3047} INFO - Sync 1 DAGs
[2024-05-24T07:18:19.256+0000] {logging_mixin.py:188} INFO - [2024-05-24T07:18:19.255+0000] {dag.py:3834} INFO - Setting next_dagrun for upload_congress_data to None, run_after=None
[2024-05-24T07:18:19.281+0000] {processor.py:183} INFO - Processing /opt/airflow/dags/upload_congress_data.py took 0.332 seconds
[2024-05-24T08:36:47.254+0000] {processor.py:161} INFO - Started process (PID=10732) to work on /opt/airflow/dags/upload_congress_data.py
[2024-05-24T08:36:47.260+0000] {processor.py:830} INFO - Processing file /opt/airflow/dags/upload_congress_data.py for tasks to queue
[2024-05-24T08:36:47.266+0000] {logging_mixin.py:188} INFO - [2024-05-24T08:36:47.266+0000] {dagbag.py:540} INFO - Filling up the DagBag from /opt/airflow/dags/upload_congress_data.py
[2024-05-24T08:36:47.371+0000] {logging_mixin.py:188} INFO - Bucket Name: congress_data_testproject-420401
[2024-05-24T08:36:47.405+0000] {processor.py:840} INFO - DAG(s) 'upload_congress_data' retrieved from /opt/airflow/dags/upload_congress_data.py
[2024-05-24T08:36:47.475+0000] {logging_mixin.py:188} INFO - [2024-05-24T08:36:47.475+0000] {dag.py:3047} INFO - Sync 1 DAGs
[2024-05-24T08:36:47.829+0000] {logging_mixin.py:188} INFO - [2024-05-24T08:36:47.829+0000] {dag.py:3834} INFO - Setting next_dagrun for upload_congress_data to None, run_after=None
[2024-05-24T08:36:47.872+0000] {processor.py:183} INFO - Processing /opt/airflow/dags/upload_congress_data.py took 0.624 seconds
[2024-05-24T10:50:36.362+0000] {processor.py:161} INFO - Started process (PID=10740) to work on /opt/airflow/dags/upload_congress_data.py
[2024-05-24T10:50:36.384+0000] {processor.py:830} INFO - Processing file /opt/airflow/dags/upload_congress_data.py for tasks to queue
[2024-05-24T10:50:36.417+0000] {logging_mixin.py:188} INFO - [2024-05-24T10:50:36.405+0000] {dagbag.py:540} INFO - Filling up the DagBag from /opt/airflow/dags/upload_congress_data.py
[2024-05-24T10:50:36.626+0000] {logging_mixin.py:188} INFO - Bucket Name: congress_data_testproject-420401
[2024-05-24T10:50:36.634+0000] {processor.py:840} INFO - DAG(s) 'upload_congress_data' retrieved from /opt/airflow/dags/upload_congress_data.py
[2024-05-24T10:50:36.651+0000] {logging_mixin.py:188} INFO - [2024-05-24T10:50:36.651+0000] {dag.py:3047} INFO - Sync 1 DAGs
[2024-05-24T10:50:36.664+0000] {logging_mixin.py:188} INFO - [2024-05-24T10:50:36.664+0000] {dag.py:3834} INFO - Setting next_dagrun for upload_congress_data to None, run_after=None
[2024-05-24T10:50:36.673+0000] {processor.py:183} INFO - Processing /opt/airflow/dags/upload_congress_data.py took 0.335 seconds
[2024-05-24T11:47:54.006+0000] {processor.py:161} INFO - Started process (PID=10748) to work on /opt/airflow/dags/upload_congress_data.py
[2024-05-24T11:47:54.008+0000] {processor.py:830} INFO - Processing file /opt/airflow/dags/upload_congress_data.py for tasks to queue
[2024-05-24T11:47:54.013+0000] {logging_mixin.py:188} INFO - [2024-05-24T11:47:54.012+0000] {dagbag.py:540} INFO - Filling up the DagBag from /opt/airflow/dags/upload_congress_data.py
[2024-05-24T11:47:54.063+0000] {logging_mixin.py:188} INFO - Bucket Name: congress_data_testproject-420401
[2024-05-24T11:47:54.073+0000] {processor.py:840} INFO - DAG(s) 'upload_congress_data' retrieved from /opt/airflow/dags/upload_congress_data.py
[2024-05-24T11:47:54.092+0000] {logging_mixin.py:188} INFO - [2024-05-24T11:47:54.092+0000] {dag.py:3047} INFO - Sync 1 DAGs
[2024-05-24T11:47:54.104+0000] {logging_mixin.py:188} INFO - [2024-05-24T11:47:54.104+0000] {dag.py:3834} INFO - Setting next_dagrun for upload_congress_data to None, run_after=None
[2024-05-24T11:47:54.118+0000] {processor.py:183} INFO - Processing /opt/airflow/dags/upload_congress_data.py took 0.117 seconds
[2024-05-24T13:33:03.292+0000] {processor.py:161} INFO - Started process (PID=10756) to work on /opt/airflow/dags/upload_congress_data.py
[2024-05-24T13:33:03.296+0000] {processor.py:830} INFO - Processing file /opt/airflow/dags/upload_congress_data.py for tasks to queue
[2024-05-24T13:33:03.306+0000] {logging_mixin.py:188} INFO - [2024-05-24T13:33:03.305+0000] {dagbag.py:540} INFO - Filling up the DagBag from /opt/airflow/dags/upload_congress_data.py
[2024-05-24T13:33:03.398+0000] {logging_mixin.py:188} INFO - Bucket Name: congress_data_testproject-420401
[2024-05-24T13:33:03.419+0000] {processor.py:840} INFO - DAG(s) 'upload_congress_data' retrieved from /opt/airflow/dags/upload_congress_data.py
[2024-05-24T13:33:03.469+0000] {logging_mixin.py:188} INFO - [2024-05-24T13:33:03.468+0000] {dag.py:3047} INFO - Sync 1 DAGs
[2024-05-24T13:33:03.512+0000] {logging_mixin.py:188} INFO - [2024-05-24T13:33:03.511+0000] {dag.py:3834} INFO - Setting next_dagrun for upload_congress_data to None, run_after=None
[2024-05-24T13:33:03.546+0000] {processor.py:183} INFO - Processing /opt/airflow/dags/upload_congress_data.py took 0.262 seconds
[2024-05-24T15:02:06.226+0000] {processor.py:161} INFO - Started process (PID=10764) to work on /opt/airflow/dags/upload_congress_data.py
[2024-05-24T15:02:06.230+0000] {processor.py:830} INFO - Processing file /opt/airflow/dags/upload_congress_data.py for tasks to queue
[2024-05-24T15:02:06.236+0000] {logging_mixin.py:188} INFO - [2024-05-24T15:02:06.236+0000] {dagbag.py:540} INFO - Filling up the DagBag from /opt/airflow/dags/upload_congress_data.py
[2024-05-24T15:02:06.339+0000] {logging_mixin.py:188} INFO - Bucket Name: congress_data_testproject-420401
[2024-05-24T15:02:06.355+0000] {processor.py:840} INFO - DAG(s) 'upload_congress_data' retrieved from /opt/airflow/dags/upload_congress_data.py
[2024-05-24T15:02:06.395+0000] {logging_mixin.py:188} INFO - [2024-05-24T15:02:06.395+0000] {dag.py:3047} INFO - Sync 1 DAGs
[2024-05-24T15:02:06.427+0000] {logging_mixin.py:188} INFO - [2024-05-24T15:02:06.427+0000] {dag.py:3834} INFO - Setting next_dagrun for upload_congress_data to None, run_after=None
[2024-05-24T15:02:06.453+0000] {processor.py:183} INFO - Processing /opt/airflow/dags/upload_congress_data.py took 0.234 seconds
[2024-05-24T16:35:38.000+0000] {processor.py:161} INFO - Started process (PID=10772) to work on /opt/airflow/dags/upload_congress_data.py
[2024-05-24T16:35:38.002+0000] {processor.py:830} INFO - Processing file /opt/airflow/dags/upload_congress_data.py for tasks to queue
[2024-05-24T16:35:38.009+0000] {logging_mixin.py:188} INFO - [2024-05-24T16:35:38.008+0000] {dagbag.py:540} INFO - Filling up the DagBag from /opt/airflow/dags/upload_congress_data.py
[2024-05-24T16:35:38.094+0000] {logging_mixin.py:188} INFO - Bucket Name: congress_data_testproject-420401
[2024-05-24T16:35:38.119+0000] {processor.py:840} INFO - DAG(s) 'upload_congress_data' retrieved from /opt/airflow/dags/upload_congress_data.py
[2024-05-24T16:35:38.173+0000] {logging_mixin.py:188} INFO - [2024-05-24T16:35:38.173+0000] {dag.py:3047} INFO - Sync 1 DAGs
[2024-05-24T16:35:38.210+0000] {logging_mixin.py:188} INFO - [2024-05-24T16:35:38.210+0000] {dag.py:3834} INFO - Setting next_dagrun for upload_congress_data to None, run_after=None
[2024-05-24T16:35:38.242+0000] {processor.py:183} INFO - Processing /opt/airflow/dags/upload_congress_data.py took 0.251 seconds
[2024-05-24T17:04:03.205+0000] {processor.py:161} INFO - Started process (PID=10780) to work on /opt/airflow/dags/upload_congress_data.py
[2024-05-24T17:04:03.209+0000] {processor.py:830} INFO - Processing file /opt/airflow/dags/upload_congress_data.py for tasks to queue
[2024-05-24T17:04:03.218+0000] {logging_mixin.py:188} INFO - [2024-05-24T17:04:03.217+0000] {dagbag.py:540} INFO - Filling up the DagBag from /opt/airflow/dags/upload_congress_data.py
[2024-05-24T17:04:03.291+0000] {logging_mixin.py:188} INFO - Bucket Name: congress_data_testproject-420401
[2024-05-24T17:04:03.334+0000] {processor.py:840} INFO - DAG(s) 'upload_congress_data' retrieved from /opt/airflow/dags/upload_congress_data.py
[2024-05-24T17:04:03.381+0000] {logging_mixin.py:188} INFO - [2024-05-24T17:04:03.381+0000] {dag.py:3047} INFO - Sync 1 DAGs
[2024-05-24T17:04:03.411+0000] {logging_mixin.py:188} INFO - [2024-05-24T17:04:03.410+0000] {dag.py:3834} INFO - Setting next_dagrun for upload_congress_data to None, run_after=None
[2024-05-24T17:04:03.436+0000] {processor.py:183} INFO - Processing /opt/airflow/dags/upload_congress_data.py took 0.243 seconds
[2024-05-24T18:39:46.481+0000] {processor.py:161} INFO - Started process (PID=10788) to work on /opt/airflow/dags/upload_congress_data.py
[2024-05-24T18:39:46.482+0000] {processor.py:830} INFO - Processing file /opt/airflow/dags/upload_congress_data.py for tasks to queue
[2024-05-24T18:39:46.484+0000] {logging_mixin.py:188} INFO - [2024-05-24T18:39:46.484+0000] {dagbag.py:540} INFO - Filling up the DagBag from /opt/airflow/dags/upload_congress_data.py
[2024-05-24T18:39:46.529+0000] {logging_mixin.py:188} INFO - Bucket Name: congress_data_testproject-420401
[2024-05-24T18:39:46.537+0000] {processor.py:840} INFO - DAG(s) 'upload_congress_data' retrieved from /opt/airflow/dags/upload_congress_data.py
[2024-05-24T18:39:46.554+0000] {logging_mixin.py:188} INFO - [2024-05-24T18:39:46.554+0000] {dag.py:3047} INFO - Sync 1 DAGs
[2024-05-24T18:39:46.566+0000] {logging_mixin.py:188} INFO - [2024-05-24T18:39:46.566+0000] {dag.py:3834} INFO - Setting next_dagrun for upload_congress_data to None, run_after=None
[2024-05-24T18:39:46.574+0000] {processor.py:183} INFO - Processing /opt/airflow/dags/upload_congress_data.py took 0.097 seconds
[2024-05-24T19:23:50.817+0000] {processor.py:161} INFO - Started process (PID=10796) to work on /opt/airflow/dags/upload_congress_data.py
[2024-05-24T19:23:50.820+0000] {processor.py:830} INFO - Processing file /opt/airflow/dags/upload_congress_data.py for tasks to queue
[2024-05-24T19:23:50.829+0000] {logging_mixin.py:188} INFO - [2024-05-24T19:23:50.828+0000] {dagbag.py:540} INFO - Filling up the DagBag from /opt/airflow/dags/upload_congress_data.py
[2024-05-24T19:23:50.903+0000] {logging_mixin.py:188} INFO - Bucket Name: congress_data_testproject-420401
[2024-05-24T19:23:50.918+0000] {processor.py:840} INFO - DAG(s) 'upload_congress_data' retrieved from /opt/airflow/dags/upload_congress_data.py
[2024-05-24T19:23:50.973+0000] {logging_mixin.py:188} INFO - [2024-05-24T19:23:50.972+0000] {dag.py:3047} INFO - Sync 1 DAGs
[2024-05-24T19:23:51.001+0000] {logging_mixin.py:188} INFO - [2024-05-24T19:23:51.000+0000] {dag.py:3834} INFO - Setting next_dagrun for upload_congress_data to None, run_after=None
[2024-05-24T19:23:51.030+0000] {processor.py:183} INFO - Processing /opt/airflow/dags/upload_congress_data.py took 0.233 seconds
[2024-05-24T19:44:40.556+0000] {processor.py:161} INFO - Started process (PID=10804) to work on /opt/airflow/dags/upload_congress_data.py
[2024-05-24T19:44:40.563+0000] {processor.py:830} INFO - Processing file /opt/airflow/dags/upload_congress_data.py for tasks to queue
[2024-05-24T19:44:40.577+0000] {logging_mixin.py:188} INFO - [2024-05-24T19:44:40.576+0000] {dagbag.py:540} INFO - Filling up the DagBag from /opt/airflow/dags/upload_congress_data.py
[2024-05-24T19:44:40.657+0000] {logging_mixin.py:188} INFO - Bucket Name: congress_data_testproject-420401
[2024-05-24T19:44:40.685+0000] {processor.py:840} INFO - DAG(s) 'upload_congress_data' retrieved from /opt/airflow/dags/upload_congress_data.py
[2024-05-24T19:44:40.738+0000] {logging_mixin.py:188} INFO - [2024-05-24T19:44:40.737+0000] {dag.py:3047} INFO - Sync 1 DAGs
[2024-05-24T19:44:40.772+0000] {logging_mixin.py:188} INFO - [2024-05-24T19:44:40.771+0000] {dag.py:3834} INFO - Setting next_dagrun for upload_congress_data to None, run_after=None
[2024-05-24T19:44:40.824+0000] {processor.py:183} INFO - Processing /opt/airflow/dags/upload_congress_data.py took 0.276 seconds
[2024-05-24T20:24:12.079+0000] {processor.py:161} INFO - Started process (PID=10812) to work on /opt/airflow/dags/upload_congress_data.py
[2024-05-24T20:24:12.080+0000] {processor.py:830} INFO - Processing file /opt/airflow/dags/upload_congress_data.py for tasks to queue
[2024-05-24T20:24:12.085+0000] {logging_mixin.py:188} INFO - [2024-05-24T20:24:12.085+0000] {dagbag.py:540} INFO - Filling up the DagBag from /opt/airflow/dags/upload_congress_data.py
[2024-05-24T20:24:12.167+0000] {logging_mixin.py:188} INFO - Bucket Name: congress_data_testproject-420401
[2024-05-24T20:24:12.179+0000] {processor.py:840} INFO - DAG(s) 'upload_congress_data' retrieved from /opt/airflow/dags/upload_congress_data.py
[2024-05-24T20:24:12.202+0000] {logging_mixin.py:188} INFO - [2024-05-24T20:24:12.202+0000] {dag.py:3047} INFO - Sync 1 DAGs
[2024-05-24T20:24:12.226+0000] {logging_mixin.py:188} INFO - [2024-05-24T20:24:12.226+0000] {dag.py:3834} INFO - Setting next_dagrun for upload_congress_data to None, run_after=None
[2024-05-24T20:24:12.237+0000] {processor.py:183} INFO - Processing /opt/airflow/dags/upload_congress_data.py took 0.162 seconds
[2024-05-24T21:56:04.234+0000] {processor.py:161} INFO - Started process (PID=10820) to work on /opt/airflow/dags/upload_congress_data.py
[2024-05-24T21:56:04.236+0000] {processor.py:830} INFO - Processing file /opt/airflow/dags/upload_congress_data.py for tasks to queue
[2024-05-24T21:56:04.247+0000] {logging_mixin.py:188} INFO - [2024-05-24T21:56:04.247+0000] {dagbag.py:540} INFO - Filling up the DagBag from /opt/airflow/dags/upload_congress_data.py
[2024-05-24T21:56:04.336+0000] {logging_mixin.py:188} INFO - Bucket Name: congress_data_testproject-420401
[2024-05-24T21:56:04.349+0000] {processor.py:840} INFO - DAG(s) 'upload_congress_data' retrieved from /opt/airflow/dags/upload_congress_data.py
[2024-05-24T21:56:04.400+0000] {logging_mixin.py:188} INFO - [2024-05-24T21:56:04.400+0000] {dag.py:3047} INFO - Sync 1 DAGs
[2024-05-24T21:56:04.433+0000] {logging_mixin.py:188} INFO - [2024-05-24T21:56:04.432+0000] {dag.py:3834} INFO - Setting next_dagrun for upload_congress_data to None, run_after=None
[2024-05-24T21:56:04.462+0000] {processor.py:183} INFO - Processing /opt/airflow/dags/upload_congress_data.py took 0.240 seconds
[2024-05-24T23:10:00.835+0000] {processor.py:161} INFO - Started process (PID=10828) to work on /opt/airflow/dags/upload_congress_data.py
[2024-05-24T23:10:00.837+0000] {processor.py:830} INFO - Processing file /opt/airflow/dags/upload_congress_data.py for tasks to queue
[2024-05-24T23:10:00.843+0000] {logging_mixin.py:188} INFO - [2024-05-24T23:10:00.842+0000] {dagbag.py:540} INFO - Filling up the DagBag from /opt/airflow/dags/upload_congress_data.py
[2024-05-24T23:10:00.875+0000] {logging_mixin.py:188} INFO - Bucket Name: congress_data_testproject-420401
[2024-05-24T23:10:00.885+0000] {processor.py:840} INFO - DAG(s) 'upload_congress_data' retrieved from /opt/airflow/dags/upload_congress_data.py
[2024-05-24T23:10:00.902+0000] {logging_mixin.py:188} INFO - [2024-05-24T23:10:00.902+0000] {dag.py:3047} INFO - Sync 1 DAGs
[2024-05-24T23:10:00.917+0000] {logging_mixin.py:188} INFO - [2024-05-24T23:10:00.916+0000] {dag.py:3834} INFO - Setting next_dagrun for upload_congress_data to None, run_after=None
[2024-05-24T23:10:00.928+0000] {processor.py:183} INFO - Processing /opt/airflow/dags/upload_congress_data.py took 0.098 seconds
