[2024-04-07T21:20:22.883+0000] {taskinstance.py:1979} INFO - Dependencies all met for dep_context=non-requeueable deps ti=<TaskInstance: upload_congress_data.convert_bill_files manual__2024-04-07T21:19:02.433606+00:00 [queued]>
[2024-04-07T21:20:22.888+0000] {taskinstance.py:1979} INFO - Dependencies all met for dep_context=requeueable deps ti=<TaskInstance: upload_congress_data.convert_bill_files manual__2024-04-07T21:19:02.433606+00:00 [queued]>
[2024-04-07T21:20:22.888+0000] {taskinstance.py:2193} INFO - Starting attempt 1 of 1
[2024-04-07T21:20:22.895+0000] {taskinstance.py:2217} INFO - Executing <Task(PythonOperator): convert_bill_files> on 2024-04-07 21:19:02.433606+00:00
[2024-04-07T21:20:22.901+0000] {standard_task_runner.py:60} INFO - Started process 1038 to run task
[2024-04-07T21:20:22.904+0000] {standard_task_runner.py:87} INFO - Running: ['***', 'tasks', 'run', 'upload_congress_data', 'convert_bill_files', 'manual__2024-04-07T21:19:02.433606+00:00', '--job-id', '18', '--raw', '--subdir', 'DAGS_FOLDER/upload_congress_data.py', '--cfg-path', '/tmp/tmpm73bcnys']
[2024-04-07T21:20:22.907+0000] {standard_task_runner.py:88} INFO - Job 18: Subtask convert_bill_files
[2024-04-07T21:20:22.949+0000] {task_command.py:423} INFO - Running <TaskInstance: upload_congress_data.convert_bill_files manual__2024-04-07T21:19:02.433606+00:00 [running]> on host 429434a1f011
[2024-04-07T21:20:23.017+0000] {taskinstance.py:2513} INFO - Exporting env vars: AIRFLOW_CTX_DAG_OWNER='***' AIRFLOW_CTX_DAG_ID='upload_congress_data' AIRFLOW_CTX_TASK_ID='convert_bill_files' AIRFLOW_CTX_EXECUTION_DATE='2024-04-07T21:19:02.433606+00:00' AIRFLOW_CTX_TRY_NUMBER='1' AIRFLOW_CTX_DAG_RUN_ID='manual__2024-04-07T21:19:02.433606+00:00'
[2024-04-07T21:20:23.037+0000] {logging_mixin.py:188} INFO - Converted /opt/***/dags/data/hjres/BILLSTATUS-118hjres39.xml to /opt/***/dags/data/hjres/BILLSTATUS-118hjres39.json
[2024-04-07T21:20:23.044+0000] {logging_mixin.py:188} INFO - Converted /opt/***/dags/data/hjres/BILLSTATUS-118hjres7.xml to /opt/***/dags/data/hjres/BILLSTATUS-118hjres7.json
[2024-04-07T21:20:23.051+0000] {logging_mixin.py:188} INFO - Converted /opt/***/dags/data/hjres/BILLSTATUS-118hjres88.xml to /opt/***/dags/data/hjres/BILLSTATUS-118hjres88.json
[2024-04-07T21:20:23.059+0000] {logging_mixin.py:188} INFO - Converted /opt/***/dags/data/hjres/BILLSTATUS-118hjres74.xml to /opt/***/dags/data/hjres/BILLSTATUS-118hjres74.json
[2024-04-07T21:20:23.063+0000] {logging_mixin.py:188} INFO - Converted /opt/***/dags/data/hjres/BILLSTATUS-118hjres70.xml to /opt/***/dags/data/hjres/BILLSTATUS-118hjres70.json
[2024-04-07T21:20:23.069+0000] {logging_mixin.py:188} INFO - Converted /opt/***/dags/data/hjres/BILLSTATUS-118hjres71.xml to /opt/***/dags/data/hjres/BILLSTATUS-118hjres71.json
[2024-04-07T21:20:23.076+0000] {logging_mixin.py:188} INFO - Converted /opt/***/dags/data/hjres/BILLSTATUS-118hjres98.xml to /opt/***/dags/data/hjres/BILLSTATUS-118hjres98.json
[2024-04-07T21:20:23.090+0000] {logging_mixin.py:188} INFO - Converted /opt/***/dags/data/hjres/BILLSTATUS-118hjres42.xml to /opt/***/dags/data/hjres/BILLSTATUS-118hjres42.json
[2024-04-07T21:20:23.095+0000] {logging_mixin.py:188} INFO - Converted /opt/***/dags/data/hjres/BILLSTATUS-118hjres68.xml to /opt/***/dags/data/hjres/BILLSTATUS-118hjres68.json
[2024-04-07T21:20:23.104+0000] {logging_mixin.py:188} INFO - Converted /opt/***/dags/data/hjres/BILLSTATUS-118hjres79.xml to /opt/***/dags/data/hjres/BILLSTATUS-118hjres79.json
[2024-04-07T21:20:23.115+0000] {logging_mixin.py:188} INFO - Converted /opt/***/dags/data/hjres/BILLSTATUS-118hjres45.xml to /opt/***/dags/data/hjres/BILLSTATUS-118hjres45.json
[2024-04-07T21:20:23.124+0000] {logging_mixin.py:188} INFO - Converted /opt/***/dags/data/hjres/BILLSTATUS-118hjres44.xml to /opt/***/dags/data/hjres/BILLSTATUS-118hjres44.json
[2024-04-07T21:20:23.165+0000] {logging_mixin.py:188} INFO - Converted /opt/***/dags/data/hjres/BILLSTATUS-118hjres26.xml to /opt/***/dags/data/hjres/BILLSTATUS-118hjres26.json
[2024-04-07T21:20:23.174+0000] {logging_mixin.py:188} INFO - Converted /opt/***/dags/data/hjres/BILLSTATUS-118hjres27.xml to /opt/***/dags/data/hjres/BILLSTATUS-118hjres27.json
[2024-04-07T21:20:23.190+0000] {logging_mixin.py:188} INFO - Converted /opt/***/dags/data/hjres/BILLSTATUS-118hjres30.xml to /opt/***/dags/data/hjres/BILLSTATUS-118hjres30.json
[2024-04-07T21:20:23.196+0000] {logging_mixin.py:188} INFO - Converted /opt/***/dags/data/hjres/BILLSTATUS-118hjres24.xml to /opt/***/dags/data/hjres/BILLSTATUS-118hjres24.json
[2024-04-07T21:20:23.267+0000] {logging_mixin.py:188} INFO - Converted /opt/***/dags/data/hconres/BILLSTATUS-118hconres9.xml to /opt/***/dags/data/hconres/BILLSTATUS-118hconres9.json
[2024-04-07T21:20:23.287+0000] {logging_mixin.py:188} INFO - Converted /opt/***/dags/data/hconres/BILLSTATUS-118hconres3.xml to /opt/***/dags/data/hconres/BILLSTATUS-118hconres3.json
[2024-04-07T21:20:23.292+0000] {logging_mixin.py:188} INFO - Converted /opt/***/dags/data/hconres/BILLSTATUS-118hconres25.xml to /opt/***/dags/data/hconres/BILLSTATUS-118hconres25.json
[2024-04-07T21:20:23.299+0000] {logging_mixin.py:188} INFO - Converted /opt/***/dags/data/hconres/BILLSTATUS-118hconres30.xml to /opt/***/dags/data/hconres/BILLSTATUS-118hconres30.json
[2024-04-07T21:20:23.306+0000] {logging_mixin.py:188} INFO - Converted /opt/***/dags/data/hconres/BILLSTATUS-118hconres21.xml to /opt/***/dags/data/hconres/BILLSTATUS-118hconres21.json
[2024-04-07T21:20:23.315+0000] {logging_mixin.py:188} INFO - Converted /opt/***/dags/data/hconres/BILLSTATUS-118hconres7.xml to /opt/***/dags/data/hconres/BILLSTATUS-118hconres7.json
[2024-04-07T21:20:23.327+0000] {logging_mixin.py:188} INFO - Converted /opt/***/dags/data/hconres/BILLSTATUS-118hconres86.xml to /opt/***/dags/data/hconres/BILLSTATUS-118hconres86.json
[2024-04-07T21:20:23.348+0000] {logging_mixin.py:188} INFO - Converted /opt/***/dags/data/hconres/BILLSTATUS-118hconres57.xml to /opt/***/dags/data/hconres/BILLSTATUS-118hconres57.json
[2024-04-07T21:20:23.363+0000] {logging_mixin.py:188} INFO - Converted /opt/***/dags/data/hconres/BILLSTATUS-118hconres40.xml to /opt/***/dags/data/hconres/BILLSTATUS-118hconres40.json
[2024-04-07T21:20:23.460+0000] {logging_mixin.py:188} INFO - Converted /opt/***/dags/data/s/BILLSTATUS-118s3250.xml to /opt/***/dags/data/s/BILLSTATUS-118s3250.json
[2024-04-07T21:20:24.291+0000] {logging_mixin.py:188} INFO - Converted /opt/***/dags/data/s/BILLSTATUS-118s788.xml to /opt/***/dags/data/s/BILLSTATUS-118s788.json
[2024-04-07T21:20:25.080+0000] {logging_mixin.py:188} INFO - Converted /opt/***/dags/data/s/BILLSTATUS-118s316.xml to /opt/***/dags/data/s/BILLSTATUS-118s316.json
[2024-04-07T21:20:25.372+0000] {logging_mixin.py:188} INFO - Converted /opt/***/dags/data/s/BILLSTATUS-118s3427.xml to /opt/***/dags/data/s/BILLSTATUS-118s3427.json
[2024-04-07T21:20:25.414+0000] {logging_mixin.py:188} INFO - Converted /opt/***/dags/data/s/BILLSTATUS-118s475.xml to /opt/***/dags/data/s/BILLSTATUS-118s475.json
[2024-04-07T21:20:25.458+0000] {logging_mixin.py:188} INFO - Converted /opt/***/dags/data/s/BILLSTATUS-118s111.xml to /opt/***/dags/data/s/BILLSTATUS-118s111.json
[2024-04-07T21:20:25.902+0000] {logging_mixin.py:188} INFO - Converted /opt/***/dags/data/s/BILLSTATUS-118s112.xml to /opt/***/dags/data/s/BILLSTATUS-118s112.json
[2024-04-07T21:20:26.869+0000] {logging_mixin.py:188} INFO - Converted /opt/***/dags/data/s/BILLSTATUS-118s326.xml to /opt/***/dags/data/s/BILLSTATUS-118s326.json
[2024-04-07T21:20:27.003+0000] {logging_mixin.py:188} INFO - Converted /opt/***/dags/data/s/BILLSTATUS-118s870.xml to /opt/***/dags/data/s/BILLSTATUS-118s870.json
[2024-04-07T21:20:27.832+0000] {logging_mixin.py:188} INFO - Converted /opt/***/dags/data/s/BILLSTATUS-118s3853.xml to /opt/***/dags/data/s/BILLSTATUS-118s3853.json
[2024-04-07T21:20:28.064+0000] {logging_mixin.py:188} INFO - Converted /opt/***/dags/data/s/BILLSTATUS-118s2226.xml to /opt/***/dags/data/s/BILLSTATUS-118s2226.json
[2024-04-07T21:20:28.278+0000] {logging_mixin.py:188} INFO - Converted /opt/***/dags/data/s/BILLSTATUS-118s619.xml to /opt/***/dags/data/s/BILLSTATUS-118s619.json
[2024-04-07T21:20:29.693+0000] {logging_mixin.py:188} INFO - Converted /opt/***/dags/data/sres/BILLSTATUS-118sres13.xml to /opt/***/dags/data/sres/BILLSTATUS-118sres13.json
[2024-04-07T21:20:29.887+0000] {logging_mixin.py:188} INFO - Converted /opt/***/dags/data/sres/BILLSTATUS-118sres417.xml to /opt/***/dags/data/sres/BILLSTATUS-118sres417.json
[2024-04-07T21:20:30.084+0000] {logging_mixin.py:188} INFO - Converted /opt/***/dags/data/sres/BILLSTATUS-118sres21.xml to /opt/***/dags/data/sres/BILLSTATUS-118sres21.json
[2024-04-07T21:20:30.437+0000] {logging_mixin.py:188} INFO - Converted /opt/***/dags/data/sres/BILLSTATUS-118sres504.xml to /opt/***/dags/data/sres/BILLSTATUS-118sres504.json
[2024-04-07T21:20:30.643+0000] {logging_mixin.py:188} INFO - Converted /opt/***/dags/data/hr/BILLSTATUS-118hr2766.xml to /opt/***/dags/data/hr/BILLSTATUS-118hr2766.json
[2024-04-07T21:20:30.681+0000] {logging_mixin.py:188} INFO - Converted /opt/***/dags/data/hr/BILLSTATUS-118hr2799.xml to /opt/***/dags/data/hr/BILLSTATUS-118hr2799.json
[2024-04-07T21:20:30.703+0000] {logging_mixin.py:188} INFO - Converted /opt/***/dags/data/hr/BILLSTATUS-118hr7024.xml to /opt/***/dags/data/hr/BILLSTATUS-118hr7024.json
[2024-04-07T21:20:30.917+0000] {logging_mixin.py:188} INFO - Converted /opt/***/dags/data/hr/BILLSTATUS-118hr2.xml to /opt/***/dags/data/hr/BILLSTATUS-118hr2.json
[2024-04-07T21:20:30.958+0000] {logging_mixin.py:188} INFO - Converted /opt/***/dags/data/hr/BILLSTATUS-118hr542.xml to /opt/***/dags/data/hr/BILLSTATUS-118hr542.json
[2024-04-07T21:20:31.125+0000] {logging_mixin.py:188} INFO - Converted /opt/***/dags/data/hr/BILLSTATUS-118hr185.xml to /opt/***/dags/data/hr/BILLSTATUS-118hr185.json
[2024-04-07T21:20:31.145+0000] {logging_mixin.py:188} INFO - Converted /opt/***/dags/data/hr/BILLSTATUS-118hr5961.xml to /opt/***/dags/data/hr/BILLSTATUS-118hr5961.json
[2024-04-07T21:20:31.175+0000] {logging_mixin.py:188} INFO - Converted /opt/***/dags/data/hr/BILLSTATUS-118hr813.xml to /opt/***/dags/data/hr/BILLSTATUS-118hr813.json
[2024-04-07T21:20:31.205+0000] {logging_mixin.py:188} INFO - Converted /opt/***/dags/data/hr/BILLSTATUS-118hr4470.xml to /opt/***/dags/data/hr/BILLSTATUS-118hr4470.json
[2024-04-07T21:20:31.275+0000] {logging_mixin.py:188} INFO - Converted /opt/***/dags/data/hr/BILLSTATUS-118hr6918.xml to /opt/***/dags/data/hr/BILLSTATUS-118hr6918.json
[2024-04-07T21:20:31.284+0000] {logging_mixin.py:188} INFO - Converted /opt/***/dags/data/hr/BILLSTATUS-118hr1093.xml to /opt/***/dags/data/hr/BILLSTATUS-118hr1093.json
[2024-04-07T21:20:31.289+0000] {logging_mixin.py:188} INFO - Converted /opt/***/dags/data/hr/BILLSTATUS-118hr3848.xml to /opt/***/dags/data/hr/BILLSTATUS-118hr3848.json
[2024-04-07T21:20:31.362+0000] {logging_mixin.py:188} INFO - Converted /opt/***/dags/data/hr/BILLSTATUS-118hr1734.xml to /opt/***/dags/data/hr/BILLSTATUS-118hr1734.json
[2024-04-07T21:20:31.389+0000] {logging_mixin.py:188} INFO - Converted /opt/***/dags/data/hr/BILLSTATUS-118hr346.xml to /opt/***/dags/data/hr/BILLSTATUS-118hr346.json
[2024-04-07T21:20:31.418+0000] {logging_mixin.py:188} INFO - Converted /opt/***/dags/data/hr/BILLSTATUS-118hr4664.xml to /opt/***/dags/data/hr/BILLSTATUS-118hr4664.json
[2024-04-07T21:20:31.454+0000] {logging_mixin.py:188} INFO - Converted /opt/***/dags/data/hr/BILLSTATUS-118hr5585.xml to /opt/***/dags/data/hr/BILLSTATUS-118hr5585.json
[2024-04-07T21:20:31.517+0000] {logging_mixin.py:188} INFO - Converted /opt/***/dags/data/hr/BILLSTATUS-118hr6503.xml to /opt/***/dags/data/hr/BILLSTATUS-118hr6503.json
[2024-04-07T21:20:31.571+0000] {logging_mixin.py:188} INFO - Converted /opt/***/dags/data/hr/BILLSTATUS-118hr839.xml to /opt/***/dags/data/hr/BILLSTATUS-118hr839.json
[2024-04-07T21:20:31.698+0000] {logging_mixin.py:188} INFO - Converted /opt/***/dags/data/hr/BILLSTATUS-118hr1640.xml to /opt/***/dags/data/hr/BILLSTATUS-118hr1640.json
[2024-04-07T21:20:31.787+0000] {logging_mixin.py:188} INFO - Converted /opt/***/dags/data/hr/BILLSTATUS-118hr1.xml to /opt/***/dags/data/hr/BILLSTATUS-118hr1.json
[2024-04-07T21:20:31.804+0000] {logging_mixin.py:188} INFO - Converted /opt/***/dags/data/hr/BILLSTATUS-118hr1669.xml to /opt/***/dags/data/hr/BILLSTATUS-118hr1669.json
[2024-04-07T21:20:32.105+0000] {logging_mixin.py:188} INFO - Converted /opt/***/dags/data/hr/BILLSTATUS-118hr4665.xml to /opt/***/dags/data/hr/BILLSTATUS-118hr4665.json
[2024-04-07T21:20:32.137+0000] {logging_mixin.py:188} INFO - Converted /opt/***/dags/data/hr/BILLSTATUS-118hr347.xml to /opt/***/dags/data/hr/BILLSTATUS-118hr347.json
[2024-04-07T21:20:32.186+0000] {logging_mixin.py:188} INFO - Converted /opt/***/dags/data/hr/BILLSTATUS-118hr357.xml to /opt/***/dags/data/hr/BILLSTATUS-118hr357.json
[2024-04-07T21:20:32.324+0000] {logging_mixin.py:188} INFO - Converted /opt/***/dags/data/hr/BILLSTATUS-118hr3324.xml to /opt/***/dags/data/hr/BILLSTATUS-118hr3324.json
[2024-04-07T21:20:32.377+0000] {logging_mixin.py:188} INFO - Converted /opt/***/dags/data/hr/BILLSTATUS-118hr753.xml to /opt/***/dags/data/hr/BILLSTATUS-118hr753.json
[2024-04-07T21:20:32.534+0000] {logging_mixin.py:188} INFO - Converted /opt/***/dags/data/hr/BILLSTATUS-118hr1123.xml to /opt/***/dags/data/hr/BILLSTATUS-118hr1123.json
[2024-04-07T21:20:32.582+0000] {logging_mixin.py:188} INFO - Converted /opt/***/dags/data/hr/BILLSTATUS-118hr3091.xml to /opt/***/dags/data/hr/BILLSTATUS-118hr3091.json
[2024-04-07T21:20:32.606+0000] {logging_mixin.py:188} INFO - Converted /opt/***/dags/data/hr/BILLSTATUS-118hr5.xml to /opt/***/dags/data/hr/BILLSTATUS-118hr5.json
[2024-04-07T21:20:32.640+0000] {logging_mixin.py:188} INFO - Converted /opt/***/dags/data/hr/BILLSTATUS-118hr593.xml to /opt/***/dags/data/hr/BILLSTATUS-118hr593.json
[2024-04-07T21:20:32.694+0000] {logging_mixin.py:188} INFO - Converted /opt/***/dags/data/hr/BILLSTATUS-118hr2365.xml to /opt/***/dags/data/hr/BILLSTATUS-118hr2365.json
[2024-04-07T21:20:32.716+0000] {logging_mixin.py:188} INFO - Converted /opt/***/dags/data/hr/BILLSTATUS-118hr5378.xml to /opt/***/dags/data/hr/BILLSTATUS-118hr5378.json
[2024-04-07T21:20:32.752+0000] {logging_mixin.py:188} INFO - Converted /opt/***/dags/data/hr/BILLSTATUS-118hr7023.xml to /opt/***/dags/data/hr/BILLSTATUS-118hr7023.json
[2024-04-07T21:20:32.797+0000] {logging_mixin.py:188} INFO - Converted /opt/***/dags/data/hr/BILLSTATUS-118hr4502.xml to /opt/***/dags/data/hr/BILLSTATUS-118hr4502.json
[2024-04-07T21:20:32.850+0000] {logging_mixin.py:188} INFO - Converted /opt/***/dags/data/hr/BILLSTATUS-118hr815.xml to /opt/***/dags/data/hr/BILLSTATUS-118hr815.json
[2024-04-07T21:20:32.971+0000] {logging_mixin.py:188} INFO - Converted /opt/***/dags/data/hr/BILLSTATUS-118hr140.xml to /opt/***/dags/data/hr/BILLSTATUS-118hr140.json
[2024-04-07T21:20:33.095+0000] {logging_mixin.py:188} INFO - Converted /opt/***/dags/data/hr/BILLSTATUS-118hr340.xml to /opt/***/dags/data/hr/BILLSTATUS-118hr340.json
[2024-04-07T21:20:33.202+0000] {logging_mixin.py:188} INFO - Converted /opt/***/dags/data/hr/BILLSTATUS-118hr1530.xml to /opt/***/dags/data/hr/BILLSTATUS-118hr1530.json
[2024-04-07T21:20:33.444+0000] {logging_mixin.py:188} INFO - Converted /opt/***/dags/data/hr/BILLSTATUS-118hr1121.xml to /opt/***/dags/data/hr/BILLSTATUS-118hr1121.json
[2024-04-07T21:20:33.758+0000] {logging_mixin.py:188} INFO - Converted /opt/***/dags/data/hr/BILLSTATUS-118hr6276.xml to /opt/***/dags/data/hr/BILLSTATUS-118hr6276.json
[2024-04-07T21:20:33.772+0000] {logging_mixin.py:188} INFO - Converted /opt/***/dags/data/hr/BILLSTATUS-118hr1096.xml to /opt/***/dags/data/hr/BILLSTATUS-118hr1096.json
[2024-04-07T21:20:33.797+0000] {logging_mixin.py:188} INFO - Converted /opt/***/dags/data/hr/BILLSTATUS-118hr382.xml to /opt/***/dags/data/hr/BILLSTATUS-118hr382.json
[2024-04-07T21:20:33.830+0000] {logging_mixin.py:188} INFO - Converted /opt/***/dags/data/hr/BILLSTATUS-118hr1727.xml to /opt/***/dags/data/hr/BILLSTATUS-118hr1727.json
[2024-04-07T21:20:33.935+0000] {logging_mixin.py:188} INFO - Converted /opt/***/dags/data/hr/BILLSTATUS-118hr5283.xml to /opt/***/dags/data/hr/BILLSTATUS-118hr5283.json
[2024-04-07T21:20:33.965+0000] {logging_mixin.py:188} INFO - Converted /opt/***/dags/data/hr/BILLSTATUS-118hr497.xml to /opt/***/dags/data/hr/BILLSTATUS-118hr497.json
[2024-04-07T21:20:34.059+0000] {logging_mixin.py:188} INFO - Converted /opt/***/dags/data/hr/BILLSTATUS-118hr21.xml to /opt/***/dags/data/hr/BILLSTATUS-118hr21.json
[2024-04-07T21:20:34.327+0000] {logging_mixin.py:188} INFO - Converted /opt/***/dags/data/hr/BILLSTATUS-118hr1147.xml to /opt/***/dags/data/hr/BILLSTATUS-118hr1147.json
[2024-04-07T21:20:34.362+0000] {logging_mixin.py:188} INFO - Converted /opt/***/dags/data/hr/BILLSTATUS-118hr5862.xml to /opt/***/dags/data/hr/BILLSTATUS-118hr5862.json
[2024-04-07T21:20:34.385+0000] {logging_mixin.py:188} INFO - Converted /opt/***/dags/data/hr/BILLSTATUS-118hr5692.xml to /opt/***/dags/data/hr/BILLSTATUS-118hr5692.json
[2024-04-07T21:20:34.434+0000] {logging_mixin.py:188} INFO - Converted /opt/***/dags/data/hr/BILLSTATUS-118hr2670.xml to /opt/***/dags/data/hr/BILLSTATUS-118hr2670.json
[2024-04-07T21:20:34.679+0000] {logging_mixin.py:188} INFO - Converted /opt/***/dags/data/hr/BILLSTATUS-118hr7454.xml to /opt/***/dags/data/hr/BILLSTATUS-118hr7454.json
[2024-04-07T21:20:34.688+0000] {logging_mixin.py:188} INFO - Converted /opt/***/dags/data/hr/BILLSTATUS-118hr5525.xml to /opt/***/dags/data/hr/BILLSTATUS-118hr5525.json
[2024-04-07T21:20:34.702+0000] {logging_mixin.py:188} INFO - Converted /opt/***/dags/data/hr/BILLSTATUS-118hr443.xml to /opt/***/dags/data/hr/BILLSTATUS-118hr443.json
[2024-04-07T21:20:34.751+0000] {logging_mixin.py:188} INFO - Converted /opt/***/dags/data/hr/BILLSTATUS-118hr4820.xml to /opt/***/dags/data/hr/BILLSTATUS-118hr4820.json
[2024-04-07T21:20:34.807+0000] {logging_mixin.py:188} INFO - Converted /opt/***/dags/data/hr/BILLSTATUS-118hr22.xml to /opt/***/dags/data/hr/BILLSTATUS-118hr22.json
[2024-04-07T21:20:34.893+0000] {logging_mixin.py:188} INFO - Converted /opt/***/dags/data/hr/BILLSTATUS-118hr1435.xml to /opt/***/dags/data/hr/BILLSTATUS-118hr1435.json
[2024-04-07T21:20:34.920+0000] {logging_mixin.py:188} INFO - Converted /opt/***/dags/data/hr/BILLSTATUS-118hr2882.xml to /opt/***/dags/data/hr/BILLSTATUS-118hr2882.json
[2024-04-07T21:20:34.928+0000] {logging_mixin.py:188} INFO - Converted /opt/***/dags/data/hr/BILLSTATUS-118hr1353.xml to /opt/***/dags/data/hr/BILLSTATUS-118hr1353.json
[2024-04-07T21:20:34.994+0000] {logging_mixin.py:188} INFO - Converted /opt/***/dags/data/hr/BILLSTATUS-118hr5860.xml to /opt/***/dags/data/hr/BILLSTATUS-118hr5860.json
[2024-04-07T21:20:35.008+0000] {logging_mixin.py:188} INFO - Converted /opt/***/dags/data/hr/BILLSTATUS-118hr7520.xml to /opt/***/dags/data/hr/BILLSTATUS-118hr7520.json
[2024-04-07T21:20:35.012+0000] {logging_mixin.py:188} INFO - Converted /opt/***/dags/data/hr/BILLSTATUS-118hr1151.xml to /opt/***/dags/data/hr/BILLSTATUS-118hr1151.json
[2024-04-07T21:20:35.031+0000] {logging_mixin.py:188} INFO - Converted /opt/***/dags/data/hr/BILLSTATUS-118hr3746.xml to /opt/***/dags/data/hr/BILLSTATUS-118hr3746.json
[2024-04-07T21:20:35.198+0000] {logging_mixin.py:188} INFO - Converted /opt/***/dags/data/hr/BILLSTATUS-118hr7521.xml to /opt/***/dags/data/hr/BILLSTATUS-118hr7521.json
[2024-04-07T21:20:35.263+0000] {logging_mixin.py:188} INFO - Converted /opt/***/dags/data/hr/BILLSTATUS-118hr734.xml to /opt/***/dags/data/hr/BILLSTATUS-118hr734.json
[2024-04-07T21:20:35.362+0000] {logging_mixin.py:188} INFO - Converted /opt/***/dags/data/hr/BILLSTATUS-118hr23.xml to /opt/***/dags/data/hr/BILLSTATUS-118hr23.json
[2024-04-07T21:20:35.390+0000] {logging_mixin.py:188} INFO - Converted /opt/***/dags/data/hr/BILLSTATUS-118hr1226.xml to /opt/***/dags/data/hr/BILLSTATUS-118hr1226.json
[2024-04-07T21:20:35.449+0000] {logging_mixin.py:188} INFO - Converted /opt/***/dags/data/hr/BILLSTATUS-118hr4821.xml to /opt/***/dags/data/hr/BILLSTATUS-118hr4821.json
[2024-04-07T21:20:35.500+0000] {logging_mixin.py:188} INFO - Converted /opt/***/dags/data/hr/BILLSTATUS-118hr5524.xml to /opt/***/dags/data/hr/BILLSTATUS-118hr5524.json
[2024-04-07T21:20:35.566+0000] {logging_mixin.py:188} INFO - Converted /opt/***/dags/data/hr/BILLSTATUS-118hr1752.xml to /opt/***/dags/data/hr/BILLSTATUS-118hr1752.json
[2024-04-07T21:20:35.597+0000] {logging_mixin.py:188} INFO - Converted /opt/***/dags/data/hr/BILLSTATUS-118hr485.xml to /opt/***/dags/data/hr/BILLSTATUS-118hr485.json
[2024-04-07T21:20:35.612+0000] {logging_mixin.py:188} INFO - Converted /opt/***/dags/data/hr/BILLSTATUS-118hr3838.xml to /opt/***/dags/data/hr/BILLSTATUS-118hr3838.json
[2024-04-07T21:20:35.744+0000] {logging_mixin.py:188} INFO - Converted /opt/***/dags/data/hr/BILLSTATUS-118hr4366.xml to /opt/***/dags/data/hr/BILLSTATUS-118hr4366.json
[2024-04-07T21:20:35.843+0000] {logging_mixin.py:188} INFO - Converted /opt/***/dags/data/hr/BILLSTATUS-118hr6363.xml to /opt/***/dags/data/hr/BILLSTATUS-118hr6363.json
[2024-04-07T21:20:35.938+0000] {logging_mixin.py:188} INFO - Converted /opt/***/dags/data/hr/BILLSTATUS-118hr1154.xml to /opt/***/dags/data/hr/BILLSTATUS-118hr1154.json
[2024-04-07T21:20:36.082+0000] {logging_mixin.py:188} INFO - Converted /opt/***/dags/data/hr/BILLSTATUS-118hr533.xml to /opt/***/dags/data/hr/BILLSTATUS-118hr533.json
[2024-04-07T21:20:36.199+0000] {logging_mixin.py:188} INFO - Converted /opt/***/dags/data/hr/BILLSTATUS-118hr5119.xml to /opt/***/dags/data/hr/BILLSTATUS-118hr5119.json
[2024-04-07T21:20:36.246+0000] {logging_mixin.py:188} INFO - Converted /opt/***/dags/data/hr/BILLSTATUS-118hr3391.xml to /opt/***/dags/data/hr/BILLSTATUS-118hr3391.json
[2024-04-07T21:20:36.319+0000] {logging_mixin.py:188} INFO - Converted /opt/***/dags/data/hr/BILLSTATUS-118hr4367.xml to /opt/***/dags/data/hr/BILLSTATUS-118hr4367.json
[2024-04-07T21:20:36.349+0000] {logging_mixin.py:188} INFO - Converted /opt/***/dags/data/hr/BILLSTATUS-118hr26.xml to /opt/***/dags/data/hr/BILLSTATUS-118hr26.json
[2024-04-07T21:20:36.458+0000] {logging_mixin.py:188} INFO - Converted /opt/***/dags/data/hr/BILLSTATUS-118hr1023.xml to /opt/***/dags/data/hr/BILLSTATUS-118hr1023.json
[2024-04-07T21:20:36.474+0000] {logging_mixin.py:188} INFO - Converted /opt/***/dags/data/hr/BILLSTATUS-118hr3152.xml to /opt/***/dags/data/hr/BILLSTATUS-118hr3152.json
[2024-04-07T21:20:36.551+0000] {logging_mixin.py:188} INFO - Converted /opt/***/dags/data/hr/BILLSTATUS-118hr4365.xml to /opt/***/dags/data/hr/BILLSTATUS-118hr4365.json
[2024-04-07T21:20:36.574+0000] {logging_mixin.py:188} INFO - Converted /opt/***/dags/data/hr/BILLSTATUS-118hr1547.xml to /opt/***/dags/data/hr/BILLSTATUS-118hr1547.json
[2024-04-07T21:20:36.731+0000] {logging_mixin.py:188} INFO - Converted /opt/***/dags/data/hr/BILLSTATUS-118hr3224.xml to /opt/***/dags/data/hr/BILLSTATUS-118hr3224.json
[2024-04-07T21:20:36.924+0000] {logging_mixin.py:188} INFO - Converted /opt/***/dags/data/hr/BILLSTATUS-118hr4984.xml to /opt/***/dags/data/hr/BILLSTATUS-118hr4984.json
[2024-04-07T21:20:36.943+0000] {logging_mixin.py:188} INFO - Converted /opt/***/dags/data/hr/BILLSTATUS-118hr1156.xml to /opt/***/dags/data/hr/BILLSTATUS-118hr1156.json
[2024-04-07T21:20:37.231+0000] {logging_mixin.py:188} INFO - Converted /opt/***/dags/data/hr/BILLSTATUS-118hr4364.xml to /opt/***/dags/data/hr/BILLSTATUS-118hr4364.json
[2024-04-07T21:20:37.441+0000] {logging_mixin.py:188} INFO - Converted /opt/***/dags/data/hr/BILLSTATUS-118hr139.xml to /opt/***/dags/data/hr/BILLSTATUS-118hr139.json
[2024-04-07T21:20:37.492+0000] {logging_mixin.py:188} INFO - Converted /opt/***/dags/data/hr/BILLSTATUS-118hr663.xml to /opt/***/dags/data/hr/BILLSTATUS-118hr663.json
[2024-04-07T21:20:37.608+0000] {logging_mixin.py:188} INFO - Converted /opt/***/dags/data/hr/BILLSTATUS-118hr5856.xml to /opt/***/dags/data/hr/BILLSTATUS-118hr5856.json
[2024-04-07T21:20:37.628+0000] {logging_mixin.py:188} INFO - Converted /opt/***/dags/data/hr/BILLSTATUS-118hr1615.xml to /opt/***/dags/data/hr/BILLSTATUS-118hr1615.json
[2024-04-07T21:20:37.814+0000] {logging_mixin.py:188} INFO - Converted /opt/***/dags/data/hr/BILLSTATUS-118hr500.xml to /opt/***/dags/data/hr/BILLSTATUS-118hr500.json
[2024-04-07T21:20:37.820+0000] {logging_mixin.py:188} INFO - Converted /opt/***/dags/data/hr/BILLSTATUS-118hr3981.xml to /opt/***/dags/data/hr/BILLSTATUS-118hr3981.json
[2024-04-07T21:20:37.926+0000] {logging_mixin.py:188} INFO - Converted /opt/***/dags/data/hr/BILLSTATUS-118hr5894.xml to /opt/***/dags/data/hr/BILLSTATUS-118hr5894.json
[2024-04-07T21:20:37.987+0000] {logging_mixin.py:188} INFO - Converted /opt/***/dags/data/hr/BILLSTATUS-118hr662.xml to /opt/***/dags/data/hr/BILLSTATUS-118hr662.json
[2024-04-07T21:20:38.000+0000] {logging_mixin.py:188} INFO - Converted /opt/***/dags/data/hr/BILLSTATUS-118hr676.xml to /opt/***/dags/data/hr/BILLSTATUS-118hr676.json
[2024-04-07T21:20:38.038+0000] {logging_mixin.py:188} INFO - Converted /opt/***/dags/data/hr/BILLSTATUS-118hr4368.xml to /opt/***/dags/data/hr/BILLSTATUS-118hr4368.json
[2024-04-07T21:20:38.048+0000] {logging_mixin.py:188} INFO - Converted /opt/***/dags/data/hr/BILLSTATUS-118hr886.xml to /opt/***/dags/data/hr/BILLSTATUS-118hr886.json
[2024-04-07T21:20:38.149+0000] {logging_mixin.py:188} INFO - Converted /opt/***/dags/data/hr/BILLSTATUS-118hr7463.xml to /opt/***/dags/data/hr/BILLSTATUS-118hr7463.json
[2024-04-07T21:20:38.341+0000] {logging_mixin.py:188} INFO - Converted /opt/***/dags/data/hr/BILLSTATUS-118hr1548.xml to /opt/***/dags/data/hr/BILLSTATUS-118hr1548.json
[2024-04-07T21:20:38.587+0000] {logging_mixin.py:188} INFO - Converted /opt/***/dags/data/hr/BILLSTATUS-118hr3941.xml to /opt/***/dags/data/hr/BILLSTATUS-118hr3941.json
[2024-04-07T21:20:38.595+0000] {logging_mixin.py:188} INFO - Converted /opt/***/dags/data/hr/BILLSTATUS-118hr3799.xml to /opt/***/dags/data/hr/BILLSTATUS-118hr3799.json
[2024-04-07T21:20:38.638+0000] {logging_mixin.py:188} INFO - Converted /opt/***/dags/data/hr/BILLSTATUS-118hr1159.xml to /opt/***/dags/data/hr/BILLSTATUS-118hr1159.json
[2024-04-07T21:20:38.760+0000] {logging_mixin.py:188} INFO - Converted /opt/***/dags/data/hr/BILLSTATUS-118hr3202.xml to /opt/***/dags/data/hr/BILLSTATUS-118hr3202.json
[2024-04-07T21:20:38.770+0000] {logging_mixin.py:188} INFO - Converted /opt/***/dags/data/hr/BILLSTATUS-118hr3564.xml to /opt/***/dags/data/hr/BILLSTATUS-118hr3564.json
[2024-04-07T21:20:38.819+0000] {logging_mixin.py:188} INFO - Converted /opt/***/dags/data/hr/BILLSTATUS-118hr4394.xml to /opt/***/dags/data/hr/BILLSTATUS-118hr4394.json
[2024-04-07T21:20:38.923+0000] {logging_mixin.py:188} INFO - Converted /opt/***/dags/data/hr/BILLSTATUS-118hr3821.xml to /opt/***/dags/data/hr/BILLSTATUS-118hr3821.json
[2024-04-07T21:20:39.010+0000] {logging_mixin.py:188} INFO - Converted /opt/***/dags/data/hr/BILLSTATUS-118hr467.xml to /opt/***/dags/data/hr/BILLSTATUS-118hr467.json
[2024-04-07T21:20:39.139+0000] {logging_mixin.py:188} INFO - Converted /opt/***/dags/data/hr/BILLSTATUS-118hr6544.xml to /opt/***/dags/data/hr/BILLSTATUS-118hr6544.json
[2024-04-07T21:20:39.410+0000] {logging_mixin.py:188} INFO - Converted /opt/***/dags/data/hr/BILLSTATUS-118hr1149.xml to /opt/***/dags/data/hr/BILLSTATUS-118hr1149.json
[2024-04-07T21:20:39.430+0000] {logging_mixin.py:188} INFO - Converted /opt/***/dags/data/hr/BILLSTATUS-118hr1607.xml to /opt/***/dags/data/hr/BILLSTATUS-118hr1607.json
[2024-04-07T21:20:39.545+0000] {logging_mixin.py:188} INFO - Converted /opt/***/dags/data/hr/BILLSTATUS-118hr7511.xml to /opt/***/dags/data/hr/BILLSTATUS-118hr7511.json
[2024-04-07T21:20:39.552+0000] {logging_mixin.py:188} INFO - Converted /opt/***/dags/data/hr/BILLSTATUS-118hr1606.xml to /opt/***/dags/data/hr/BILLSTATUS-118hr1606.json
[2024-04-07T21:20:39.668+0000] {logging_mixin.py:188} INFO - Converted /opt/***/dags/data/hr/BILLSTATUS-118hr5110.xml to /opt/***/dags/data/hr/BILLSTATUS-118hr5110.json
[2024-04-07T21:20:39.848+0000] {logging_mixin.py:188} INFO - Converted /opt/***/dags/data/hr/BILLSTATUS-118hr6009.xml to /opt/***/dags/data/hr/BILLSTATUS-118hr6009.json
[2024-04-07T21:20:39.923+0000] {logging_mixin.py:188} INFO - Converted /opt/***/dags/data/hr/BILLSTATUS-118hr300.xml to /opt/***/dags/data/hr/BILLSTATUS-118hr300.json
[2024-04-07T21:20:39.936+0000] {logging_mixin.py:188} INFO - Converted /opt/***/dags/data/hr/BILLSTATUS-118hr5528.xml to /opt/***/dags/data/hr/BILLSTATUS-118hr5528.json
[2024-04-07T21:20:39.990+0000] {logging_mixin.py:188} INFO - Converted /opt/***/dags/data/hr/BILLSTATUS-118hr302.xml to /opt/***/dags/data/hr/BILLSTATUS-118hr302.json
[2024-04-07T21:20:40.095+0000] {logging_mixin.py:188} INFO - Converted /opt/***/dags/data/hr/BILLSTATUS-118hr6976.xml to /opt/***/dags/data/hr/BILLSTATUS-118hr6976.json
[2024-04-07T21:20:40.208+0000] {logging_mixin.py:188} INFO - Converted /opt/***/dags/data/hr/BILLSTATUS-118hr5933.xml to /opt/***/dags/data/hr/BILLSTATUS-118hr5933.json
[2024-04-07T21:20:40.313+0000] {logging_mixin.py:188} INFO - Converted /opt/***/dags/data/hr/BILLSTATUS-118hr2872.xml to /opt/***/dags/data/hr/BILLSTATUS-118hr2872.json
[2024-04-07T21:20:40.345+0000] {logging_mixin.py:188} INFO - Converted /opt/***/dags/data/hr/BILLSTATUS-118hr538.xml to /opt/***/dags/data/hr/BILLSTATUS-118hr538.json
[2024-04-07T21:20:40.394+0000] {logging_mixin.py:188} INFO - Converted /opt/***/dags/data/hr/BILLSTATUS-118hr2494.xml to /opt/***/dags/data/hr/BILLSTATUS-118hr2494.json
[2024-04-07T21:20:40.409+0000] {logging_mixin.py:188} INFO - Converted /opt/***/dags/data/hr/BILLSTATUS-118hr288.xml to /opt/***/dags/data/hr/BILLSTATUS-118hr288.json
[2024-04-07T21:20:40.430+0000] {logging_mixin.py:188} INFO - Converted /opt/***/dags/data/hr/BILLSTATUS-118hr1836.xml to /opt/***/dags/data/hr/BILLSTATUS-118hr1836.json
[2024-04-07T21:20:40.446+0000] {logging_mixin.py:188} INFO - Converted /opt/***/dags/data/hr/BILLSTATUS-118hr3774.xml to /opt/***/dags/data/hr/BILLSTATUS-118hr3774.json
[2024-04-07T21:20:40.454+0000] {logging_mixin.py:188} INFO - Converted /opt/***/dags/data/hr/BILLSTATUS-118hr1163.xml to /opt/***/dags/data/hr/BILLSTATUS-118hr1163.json
[2024-04-07T21:20:40.500+0000] {logging_mixin.py:188} INFO - Converted /opt/***/dags/data/hr/BILLSTATUS-118hr277.xml to /opt/***/dags/data/hr/BILLSTATUS-118hr277.json
[2024-04-07T21:20:40.692+0000] {logging_mixin.py:188} INFO - Converted /opt/***/dags/data/hr/BILLSTATUS-118hr7102.xml to /opt/***/dags/data/hr/BILLSTATUS-118hr7102.json
[2024-04-07T21:20:40.701+0000] {logging_mixin.py:188} INFO - Converted /opt/***/dags/data/hr/BILLSTATUS-118hr1567.xml to /opt/***/dags/data/hr/BILLSTATUS-118hr1567.json
[2024-04-07T21:20:41.273+0000] {logging_mixin.py:188} INFO - Converted /opt/***/dags/data/hr/BILLSTATUS-118hr589.xml to /opt/***/dags/data/hr/BILLSTATUS-118hr589.json
[2024-04-07T21:20:41.376+0000] {logging_mixin.py:188} INFO - Converted /opt/***/dags/data/hr/BILLSTATUS-118hr3935.xml to /opt/***/dags/data/hr/BILLSTATUS-118hr3935.json
[2024-04-07T21:20:41.455+0000] {logging_mixin.py:188} INFO - Converted /opt/***/dags/data/hr/BILLSTATUS-118hr1105.xml to /opt/***/dags/data/hr/BILLSTATUS-118hr1105.json
[2024-04-07T21:20:41.606+0000] {logging_mixin.py:188} INFO - Converted /opt/***/dags/data/hr/BILLSTATUS-118hr4531.xml to /opt/***/dags/data/hr/BILLSTATUS-118hr4531.json
[2024-04-07T21:20:42.110+0000] {logging_mixin.py:188} INFO - Converted /opt/***/dags/data/hr/BILLSTATUS-118hr359.xml to /opt/***/dags/data/hr/BILLSTATUS-118hr359.json
[2024-04-07T21:20:42.150+0000] {logging_mixin.py:188} INFO - Converted /opt/***/dags/data/hr/BILLSTATUS-118hr3672.xml to /opt/***/dags/data/hr/BILLSTATUS-118hr3672.json
[2024-04-07T21:20:42.219+0000] {logging_mixin.py:188} INFO - Converted /opt/***/dags/data/hr/BILLSTATUS-118hr1715.xml to /opt/***/dags/data/hr/BILLSTATUS-118hr1715.json
[2024-04-07T21:20:42.390+0000] {logging_mixin.py:188} INFO - Converted /opt/***/dags/data/hr/BILLSTATUS-118hr3843.xml to /opt/***/dags/data/hr/BILLSTATUS-118hr3843.json
[2024-04-07T21:20:42.419+0000] {logging_mixin.py:188} INFO - Converted /opt/***/dags/data/hr/BILLSTATUS-118hr159.xml to /opt/***/dags/data/hr/BILLSTATUS-118hr159.json
[2024-04-07T21:20:42.612+0000] {logging_mixin.py:188} INFO - Converted /opt/***/dags/data/hr/BILLSTATUS-118hr2793.xml to /opt/***/dags/data/hr/BILLSTATUS-118hr2793.json
[2024-04-07T21:20:42.748+0000] {logging_mixin.py:188} INFO - Converted /opt/***/dags/data/hr/BILLSTATUS-118hr1339.xml to /opt/***/dags/data/hr/BILLSTATUS-118hr1339.json
[2024-04-07T21:20:42.788+0000] {logging_mixin.py:188} INFO - Converted /opt/***/dags/data/hr/BILLSTATUS-118hr788.xml to /opt/***/dags/data/hr/BILLSTATUS-118hr788.json
[2024-04-07T21:20:42.838+0000] {logging_mixin.py:188} INFO - Converted /opt/***/dags/data/hr/BILLSTATUS-118hr1107.xml to /opt/***/dags/data/hr/BILLSTATUS-118hr1107.json
[2024-04-07T21:20:42.880+0000] {logging_mixin.py:188} INFO - Converted /opt/***/dags/data/hr/BILLSTATUS-118hr5375.xml to /opt/***/dags/data/hr/BILLSTATUS-118hr5375.json
[2024-04-07T21:20:42.917+0000] {logging_mixin.py:188} INFO - Converted /opt/***/dags/data/hr/BILLSTATUS-118hr6126.xml to /opt/***/dags/data/hr/BILLSTATUS-118hr6126.json
[2024-04-07T21:20:42.991+0000] {logging_mixin.py:188} INFO - Converted /opt/***/dags/data/hr/BILLSTATUS-118hr3089.xml to /opt/***/dags/data/hr/BILLSTATUS-118hr3089.json
[2024-04-07T21:20:43.332+0000] {logging_mixin.py:188} INFO - Converted /opt/***/dags/data/hr/BILLSTATUS-118hr1338.xml to /opt/***/dags/data/hr/BILLSTATUS-118hr1338.json
[2024-04-07T21:20:43.406+0000] {logging_mixin.py:188} INFO - Converted /opt/***/dags/data/hr/BILLSTATUS-118hr2792.xml to /opt/***/dags/data/hr/BILLSTATUS-118hr2792.json
[2024-04-07T21:20:43.685+0000] {logging_mixin.py:188} INFO - Converted /opt/***/dags/data/hr/BILLSTATUS-118hr400.xml to /opt/***/dags/data/hr/BILLSTATUS-118hr400.json
[2024-04-07T21:20:43.833+0000] {logging_mixin.py:188} INFO - Converted /opt/***/dags/data/hr/BILLSTATUS-118hr1076.xml to /opt/***/dags/data/hr/BILLSTATUS-118hr1076.json
[2024-04-07T21:20:44.028+0000] {logging_mixin.py:188} INFO - Converted /opt/***/dags/data/hr/BILLSTATUS-118hr2796.xml to /opt/***/dags/data/hr/BILLSTATUS-118hr2796.json
[2024-04-07T21:20:44.147+0000] {logging_mixin.py:188} INFO - Converted /opt/***/dags/data/hr/BILLSTATUS-118hr2812.xml to /opt/***/dags/data/hr/BILLSTATUS-118hr2812.json
[2024-04-07T21:20:44.251+0000] {logging_mixin.py:188} INFO - Converted /opt/***/dags/data/hr/BILLSTATUS-118hr6679.xml to /opt/***/dags/data/hr/BILLSTATUS-118hr6679.json
[2024-04-07T21:20:44.270+0000] {logging_mixin.py:188} INFO - Converted /opt/***/dags/data/hr/BILLSTATUS-118hr2379.xml to /opt/***/dags/data/hr/BILLSTATUS-118hr2379.json
[2024-04-07T21:20:44.320+0000] {logging_mixin.py:188} INFO - Converted /opt/***/dags/data/hr/BILLSTATUS-118hr3099.xml to /opt/***/dags/data/hr/BILLSTATUS-118hr3099.json
[2024-04-07T21:20:44.337+0000] {logging_mixin.py:188} INFO - Converted /opt/***/dags/data/hr/BILLSTATUS-118hr6678.xml to /opt/***/dags/data/hr/BILLSTATUS-118hr6678.json
[2024-04-07T21:20:44.495+0000] {logging_mixin.py:188} INFO - Converted /opt/***/dags/data/hr/BILLSTATUS-118hr2797.xml to /opt/***/dags/data/hr/BILLSTATUS-118hr2797.json
[2024-04-07T21:20:44.517+0000] {logging_mixin.py:188} INFO - Converted /opt/***/dags/data/hr/BILLSTATUS-118hr7176.xml to /opt/***/dags/data/hr/BILLSTATUS-118hr7176.json
[2024-04-07T21:20:44.575+0000] {logging_mixin.py:188} INFO - Converted /opt/***/dags/data/hr/BILLSTATUS-118hr2754.xml to /opt/***/dags/data/hr/BILLSTATUS-118hr2754.json
[2024-04-07T21:20:44.896+0000] {logging_mixin.py:188} INFO - Converted /opt/***/dags/data/hr/BILLSTATUS-118hr2795.xml to /opt/***/dags/data/hr/BILLSTATUS-118hr2795.json
[2024-04-07T21:20:45.025+0000] {logging_mixin.py:188} INFO - Converted /opt/***/dags/data/hr/BILLSTATUS-118hr2811.xml to /opt/***/dags/data/hr/BILLSTATUS-118hr2811.json
[2024-04-07T21:20:45.052+0000] {logging_mixin.py:188} INFO - Converted /opt/***/dags/data/hr/BILLSTATUS-118hr4723.xml to /opt/***/dags/data/hr/BILLSTATUS-118hr4723.json
[2024-04-07T21:20:45.228+0000] {logging_mixin.py:188} INFO - Converted /opt/***/dags/data/hr/BILLSTATUS-118hr7217.xml to /opt/***/dags/data/hr/BILLSTATUS-118hr7217.json
[2024-04-07T21:20:45.417+0000] {logging_mixin.py:188} INFO - Converted /opt/***/dags/data/hr/BILLSTATUS-118hr4468.xml to /opt/***/dags/data/hr/BILLSTATUS-118hr4468.json
[2024-04-07T21:20:45.498+0000] {logging_mixin.py:188} INFO - Converted /opt/***/dags/data/hr/BILLSTATUS-118hr6914.xml to /opt/***/dags/data/hr/BILLSTATUS-118hr6914.json
[2024-04-07T21:20:45.579+0000] {logging_mixin.py:188} INFO - Converted /opt/***/dags/data/hr/BILLSTATUS-118hr406.xml to /opt/***/dags/data/hr/BILLSTATUS-118hr406.json
[2024-04-07T21:20:45.617+0000] {logging_mixin.py:188} INFO - Converted /opt/***/dags/data/sjres/BILLSTATUS-118sjres23.xml to /opt/***/dags/data/sjres/BILLSTATUS-118sjres23.json
[2024-04-07T21:20:45.634+0000] {logging_mixin.py:188} INFO - Converted /opt/***/dags/data/sjres/BILLSTATUS-118sjres18.xml to /opt/***/dags/data/sjres/BILLSTATUS-118sjres18.json
[2024-04-07T21:20:45.641+0000] {logging_mixin.py:188} INFO - Converted /opt/***/dags/data/sjres/BILLSTATUS-118sjres24.xml to /opt/***/dags/data/sjres/BILLSTATUS-118sjres24.json
[2024-04-07T21:20:45.647+0000] {logging_mixin.py:188} INFO - Converted /opt/***/dags/data/sjres/BILLSTATUS-118sjres32.xml to /opt/***/dags/data/sjres/BILLSTATUS-118sjres32.json
[2024-04-07T21:20:45.660+0000] {logging_mixin.py:188} INFO - Converted /opt/***/dags/data/sjres/BILLSTATUS-118sjres9.xml to /opt/***/dags/data/sjres/BILLSTATUS-118sjres9.json
[2024-04-07T21:20:45.667+0000] {logging_mixin.py:188} INFO - Converted /opt/***/dags/data/sjres/BILLSTATUS-118sjres43.xml to /opt/***/dags/data/sjres/BILLSTATUS-118sjres43.json
[2024-04-07T21:20:45.674+0000] {logging_mixin.py:188} INFO - Converted /opt/***/dags/data/sjres/BILLSTATUS-118sjres42.xml to /opt/***/dags/data/sjres/BILLSTATUS-118sjres42.json
[2024-04-07T21:20:45.685+0000] {logging_mixin.py:188} INFO - Converted /opt/***/dags/data/sjres/BILLSTATUS-118sjres51.xml to /opt/***/dags/data/sjres/BILLSTATUS-118sjres51.json
[2024-04-07T21:20:45.691+0000] {logging_mixin.py:188} INFO - Converted /opt/***/dags/data/sjres/BILLSTATUS-118sjres44.xml to /opt/***/dags/data/sjres/BILLSTATUS-118sjres44.json
[2024-04-07T21:20:45.713+0000] {logging_mixin.py:188} INFO - Converted /opt/***/dags/data/sjres/BILLSTATUS-118sjres60.xml to /opt/***/dags/data/sjres/BILLSTATUS-118sjres60.json
[2024-04-07T21:20:45.719+0000] {logging_mixin.py:188} INFO - Converted /opt/***/dags/data/sjres/BILLSTATUS-118sjres62.xml to /opt/***/dags/data/sjres/BILLSTATUS-118sjres62.json
[2024-04-07T21:20:45.792+0000] {logging_mixin.py:188} INFO - Converted /opt/***/dags/data/sjres/BILLSTATUS-118sjres4.xml to /opt/***/dags/data/sjres/BILLSTATUS-118sjres4.json
[2024-04-07T21:20:45.822+0000] {logging_mixin.py:188} INFO - Converted /opt/***/dags/data/sjres/BILLSTATUS-118sjres10.xml to /opt/***/dags/data/sjres/BILLSTATUS-118sjres10.json
[2024-04-07T21:20:45.830+0000] {logging_mixin.py:188} INFO - Converted /opt/***/dags/data/sjres/BILLSTATUS-118sjres38.xml to /opt/***/dags/data/sjres/BILLSTATUS-118sjres38.json
[2024-04-07T21:20:45.850+0000] {logging_mixin.py:188} INFO - Converted /opt/***/dags/data/sjres/BILLSTATUS-118sjres11.xml to /opt/***/dags/data/sjres/BILLSTATUS-118sjres11.json
[2024-04-07T21:20:45.854+0000] {python.py:202} INFO - Done. Returned value was: None
[2024-04-07T21:20:45.885+0000] {taskinstance.py:1149} INFO - Marking task as SUCCESS. dag_id=upload_congress_data, task_id=convert_bill_files, execution_date=20240407T211902, start_date=20240407T212022, end_date=20240407T212045
[2024-04-07T21:20:45.950+0000] {local_task_job_runner.py:234} INFO - Task exited with return code 0
[2024-04-07T21:20:45.998+0000] {taskinstance.py:3312} INFO - 1 downstream tasks scheduled from follow-on schedule check
