[2024-05-18T00:04:37.498+0000] {processor.py:161} INFO - Started process (PID=8851) to work on /opt/airflow/dags/scripts/python/get_data.py
[2024-05-18T00:04:37.505+0000] {processor.py:830} INFO - Processing file /opt/airflow/dags/scripts/python/get_data.py for tasks to queue
[2024-05-18T00:04:37.517+0000] {logging_mixin.py:188} INFO - [2024-05-18T00:04:37.516+0000] {dagbag.py:540} INFO - Filling up the DagBag from /opt/airflow/dags/scripts/python/get_data.py
[2024-05-18T00:04:37.600+0000] {processor.py:842} WARNING - No viable dags retrieved from /opt/airflow/dags/scripts/python/get_data.py
[2024-05-18T00:04:37.679+0000] {processor.py:183} INFO - Processing /opt/airflow/dags/scripts/python/get_data.py took 0.195 seconds
[2024-05-18T00:27:43.846+0000] {processor.py:161} INFO - Started process (PID=8859) to work on /opt/airflow/dags/scripts/python/get_data.py
[2024-05-18T00:27:43.850+0000] {processor.py:830} INFO - Processing file /opt/airflow/dags/scripts/python/get_data.py for tasks to queue
[2024-05-18T00:27:43.860+0000] {logging_mixin.py:188} INFO - [2024-05-18T00:27:43.859+0000] {dagbag.py:540} INFO - Filling up the DagBag from /opt/airflow/dags/scripts/python/get_data.py
[2024-05-18T00:27:43.927+0000] {processor.py:842} WARNING - No viable dags retrieved from /opt/airflow/dags/scripts/python/get_data.py
[2024-05-18T00:27:44.025+0000] {processor.py:183} INFO - Processing /opt/airflow/dags/scripts/python/get_data.py took 0.184 seconds
[2024-05-18T00:46:54.969+0000] {processor.py:161} INFO - Started process (PID=8867) to work on /opt/airflow/dags/scripts/python/get_data.py
[2024-05-18T00:46:54.971+0000] {processor.py:830} INFO - Processing file /opt/airflow/dags/scripts/python/get_data.py for tasks to queue
[2024-05-18T00:46:54.983+0000] {logging_mixin.py:188} INFO - [2024-05-18T00:46:54.981+0000] {dagbag.py:540} INFO - Filling up the DagBag from /opt/airflow/dags/scripts/python/get_data.py
[2024-05-18T00:46:55.039+0000] {processor.py:842} WARNING - No viable dags retrieved from /opt/airflow/dags/scripts/python/get_data.py
[2024-05-18T00:46:55.087+0000] {processor.py:183} INFO - Processing /opt/airflow/dags/scripts/python/get_data.py took 0.122 seconds
[2024-05-18T01:05:42.897+0000] {processor.py:161} INFO - Started process (PID=8875) to work on /opt/airflow/dags/scripts/python/get_data.py
[2024-05-18T01:05:42.898+0000] {processor.py:830} INFO - Processing file /opt/airflow/dags/scripts/python/get_data.py for tasks to queue
[2024-05-18T01:05:42.902+0000] {logging_mixin.py:188} INFO - [2024-05-18T01:05:42.901+0000] {dagbag.py:540} INFO - Filling up the DagBag from /opt/airflow/dags/scripts/python/get_data.py
[2024-05-18T01:05:42.934+0000] {processor.py:842} WARNING - No viable dags retrieved from /opt/airflow/dags/scripts/python/get_data.py
[2024-05-18T01:05:42.947+0000] {processor.py:183} INFO - Processing /opt/airflow/dags/scripts/python/get_data.py took 0.055 seconds
[2024-05-18T01:06:13.955+0000] {processor.py:161} INFO - Started process (PID=8883) to work on /opt/airflow/dags/scripts/python/get_data.py
[2024-05-18T01:06:13.957+0000] {processor.py:830} INFO - Processing file /opt/airflow/dags/scripts/python/get_data.py for tasks to queue
[2024-05-18T01:06:14.017+0000] {logging_mixin.py:188} INFO - [2024-05-18T01:06:14.017+0000] {dagbag.py:540} INFO - Filling up the DagBag from /opt/airflow/dags/scripts/python/get_data.py
[2024-05-18T01:06:14.048+0000] {processor.py:842} WARNING - No viable dags retrieved from /opt/airflow/dags/scripts/python/get_data.py
[2024-05-18T01:06:14.064+0000] {processor.py:183} INFO - Processing /opt/airflow/dags/scripts/python/get_data.py took 0.112 seconds
[2024-05-18T01:28:08.253+0000] {processor.py:161} INFO - Started process (PID=8891) to work on /opt/airflow/dags/scripts/python/get_data.py
[2024-05-18T01:28:08.254+0000] {processor.py:830} INFO - Processing file /opt/airflow/dags/scripts/python/get_data.py for tasks to queue
[2024-05-18T01:28:08.257+0000] {logging_mixin.py:188} INFO - [2024-05-18T01:28:08.257+0000] {dagbag.py:540} INFO - Filling up the DagBag from /opt/airflow/dags/scripts/python/get_data.py
[2024-05-18T01:28:08.300+0000] {processor.py:842} WARNING - No viable dags retrieved from /opt/airflow/dags/scripts/python/get_data.py
[2024-05-18T01:28:08.322+0000] {processor.py:183} INFO - Processing /opt/airflow/dags/scripts/python/get_data.py took 0.073 seconds
[2024-05-18T02:04:40.628+0000] {processor.py:161} INFO - Started process (PID=8899) to work on /opt/airflow/dags/scripts/python/get_data.py
[2024-05-18T02:04:40.631+0000] {processor.py:830} INFO - Processing file /opt/airflow/dags/scripts/python/get_data.py for tasks to queue
[2024-05-18T02:04:40.638+0000] {logging_mixin.py:188} INFO - [2024-05-18T02:04:40.637+0000] {dagbag.py:540} INFO - Filling up the DagBag from /opt/airflow/dags/scripts/python/get_data.py
[2024-05-18T02:04:40.703+0000] {processor.py:842} WARNING - No viable dags retrieved from /opt/airflow/dags/scripts/python/get_data.py
[2024-05-18T02:04:40.749+0000] {processor.py:183} INFO - Processing /opt/airflow/dags/scripts/python/get_data.py took 0.128 seconds
[2024-05-18T02:12:15.035+0000] {processor.py:161} INFO - Started process (PID=8907) to work on /opt/airflow/dags/scripts/python/get_data.py
[2024-05-18T02:12:15.036+0000] {processor.py:830} INFO - Processing file /opt/airflow/dags/scripts/python/get_data.py for tasks to queue
[2024-05-18T02:12:15.039+0000] {logging_mixin.py:188} INFO - [2024-05-18T02:12:15.038+0000] {dagbag.py:540} INFO - Filling up the DagBag from /opt/airflow/dags/scripts/python/get_data.py
[2024-05-18T02:12:15.073+0000] {processor.py:842} WARNING - No viable dags retrieved from /opt/airflow/dags/scripts/python/get_data.py
[2024-05-18T02:12:15.088+0000] {processor.py:183} INFO - Processing /opt/airflow/dags/scripts/python/get_data.py took 0.055 seconds
[2024-05-18T02:30:30.797+0000] {processor.py:161} INFO - Started process (PID=8915) to work on /opt/airflow/dags/scripts/python/get_data.py
[2024-05-18T02:30:30.799+0000] {processor.py:830} INFO - Processing file /opt/airflow/dags/scripts/python/get_data.py for tasks to queue
[2024-05-18T02:30:30.805+0000] {logging_mixin.py:188} INFO - [2024-05-18T02:30:30.804+0000] {dagbag.py:540} INFO - Filling up the DagBag from /opt/airflow/dags/scripts/python/get_data.py
[2024-05-18T02:30:30.885+0000] {processor.py:842} WARNING - No viable dags retrieved from /opt/airflow/dags/scripts/python/get_data.py
[2024-05-18T02:30:30.938+0000] {processor.py:183} INFO - Processing /opt/airflow/dags/scripts/python/get_data.py took 0.146 seconds
[2024-05-18T03:05:21.985+0000] {processor.py:161} INFO - Started process (PID=8923) to work on /opt/airflow/dags/scripts/python/get_data.py
[2024-05-18T03:05:21.987+0000] {processor.py:830} INFO - Processing file /opt/airflow/dags/scripts/python/get_data.py for tasks to queue
[2024-05-18T03:05:21.992+0000] {logging_mixin.py:188} INFO - [2024-05-18T03:05:21.991+0000] {dagbag.py:540} INFO - Filling up the DagBag from /opt/airflow/dags/scripts/python/get_data.py
[2024-05-18T03:05:22.060+0000] {processor.py:842} WARNING - No viable dags retrieved from /opt/airflow/dags/scripts/python/get_data.py
[2024-05-18T03:05:22.098+0000] {processor.py:183} INFO - Processing /opt/airflow/dags/scripts/python/get_data.py took 0.119 seconds
[2024-05-18T03:29:45.495+0000] {processor.py:161} INFO - Started process (PID=8931) to work on /opt/airflow/dags/scripts/python/get_data.py
[2024-05-18T03:29:45.497+0000] {processor.py:830} INFO - Processing file /opt/airflow/dags/scripts/python/get_data.py for tasks to queue
[2024-05-18T03:29:45.500+0000] {logging_mixin.py:188} INFO - [2024-05-18T03:29:45.499+0000] {dagbag.py:540} INFO - Filling up the DagBag from /opt/airflow/dags/scripts/python/get_data.py
[2024-05-18T03:29:45.570+0000] {processor.py:842} WARNING - No viable dags retrieved from /opt/airflow/dags/scripts/python/get_data.py
[2024-05-18T03:29:45.617+0000] {processor.py:183} INFO - Processing /opt/airflow/dags/scripts/python/get_data.py took 0.126 seconds
[2024-05-18T03:49:38.280+0000] {processor.py:161} INFO - Started process (PID=8939) to work on /opt/airflow/dags/scripts/python/get_data.py
[2024-05-18T03:49:38.282+0000] {processor.py:830} INFO - Processing file /opt/airflow/dags/scripts/python/get_data.py for tasks to queue
[2024-05-18T03:49:38.289+0000] {logging_mixin.py:188} INFO - [2024-05-18T03:49:38.288+0000] {dagbag.py:540} INFO - Filling up the DagBag from /opt/airflow/dags/scripts/python/get_data.py
[2024-05-18T03:49:38.342+0000] {processor.py:842} WARNING - No viable dags retrieved from /opt/airflow/dags/scripts/python/get_data.py
[2024-05-18T03:49:38.384+0000] {processor.py:183} INFO - Processing /opt/airflow/dags/scripts/python/get_data.py took 0.113 seconds
[2024-05-18T04:14:07.201+0000] {processor.py:161} INFO - Started process (PID=8947) to work on /opt/airflow/dags/scripts/python/get_data.py
[2024-05-18T04:14:07.202+0000] {processor.py:830} INFO - Processing file /opt/airflow/dags/scripts/python/get_data.py for tasks to queue
[2024-05-18T04:14:07.203+0000] {logging_mixin.py:188} INFO - [2024-05-18T04:14:07.203+0000] {dagbag.py:540} INFO - Filling up the DagBag from /opt/airflow/dags/scripts/python/get_data.py
[2024-05-18T04:14:07.242+0000] {processor.py:842} WARNING - No viable dags retrieved from /opt/airflow/dags/scripts/python/get_data.py
[2024-05-18T04:14:07.256+0000] {processor.py:183} INFO - Processing /opt/airflow/dags/scripts/python/get_data.py took 0.057 seconds
[2024-05-18T04:49:58.401+0000] {processor.py:161} INFO - Started process (PID=8955) to work on /opt/airflow/dags/scripts/python/get_data.py
[2024-05-18T04:49:58.404+0000] {processor.py:830} INFO - Processing file /opt/airflow/dags/scripts/python/get_data.py for tasks to queue
[2024-05-18T04:49:58.410+0000] {logging_mixin.py:188} INFO - [2024-05-18T04:49:58.409+0000] {dagbag.py:540} INFO - Filling up the DagBag from /opt/airflow/dags/scripts/python/get_data.py
[2024-05-18T04:49:58.472+0000] {processor.py:842} WARNING - No viable dags retrieved from /opt/airflow/dags/scripts/python/get_data.py
[2024-05-18T04:49:58.506+0000] {processor.py:183} INFO - Processing /opt/airflow/dags/scripts/python/get_data.py took 0.114 seconds
[2024-05-18T05:08:01.954+0000] {processor.py:161} INFO - Started process (PID=8963) to work on /opt/airflow/dags/scripts/python/get_data.py
[2024-05-18T05:08:01.956+0000] {processor.py:830} INFO - Processing file /opt/airflow/dags/scripts/python/get_data.py for tasks to queue
[2024-05-18T05:08:01.967+0000] {logging_mixin.py:188} INFO - [2024-05-18T05:08:01.967+0000] {dagbag.py:540} INFO - Filling up the DagBag from /opt/airflow/dags/scripts/python/get_data.py
[2024-05-18T05:08:02.015+0000] {processor.py:842} WARNING - No viable dags retrieved from /opt/airflow/dags/scripts/python/get_data.py
[2024-05-18T05:08:02.043+0000] {processor.py:183} INFO - Processing /opt/airflow/dags/scripts/python/get_data.py took 0.096 seconds
[2024-05-18T05:32:35.626+0000] {processor.py:161} INFO - Started process (PID=8971) to work on /opt/airflow/dags/scripts/python/get_data.py
[2024-05-18T05:32:35.627+0000] {processor.py:830} INFO - Processing file /opt/airflow/dags/scripts/python/get_data.py for tasks to queue
[2024-05-18T05:32:35.630+0000] {logging_mixin.py:188} INFO - [2024-05-18T05:32:35.630+0000] {dagbag.py:540} INFO - Filling up the DagBag from /opt/airflow/dags/scripts/python/get_data.py
[2024-05-18T05:32:35.672+0000] {processor.py:842} WARNING - No viable dags retrieved from /opt/airflow/dags/scripts/python/get_data.py
[2024-05-18T05:32:35.697+0000] {processor.py:183} INFO - Processing /opt/airflow/dags/scripts/python/get_data.py took 0.075 seconds
[2024-05-18T05:50:05.302+0000] {processor.py:161} INFO - Started process (PID=8979) to work on /opt/airflow/dags/scripts/python/get_data.py
[2024-05-18T05:50:05.305+0000] {processor.py:830} INFO - Processing file /opt/airflow/dags/scripts/python/get_data.py for tasks to queue
[2024-05-18T05:50:05.313+0000] {logging_mixin.py:188} INFO - [2024-05-18T05:50:05.312+0000] {dagbag.py:540} INFO - Filling up the DagBag from /opt/airflow/dags/scripts/python/get_data.py
[2024-05-18T05:50:05.402+0000] {processor.py:842} WARNING - No viable dags retrieved from /opt/airflow/dags/scripts/python/get_data.py
[2024-05-18T05:50:05.570+0000] {processor.py:183} INFO - Processing /opt/airflow/dags/scripts/python/get_data.py took 0.278 seconds
[2024-05-18T06:08:18.149+0000] {processor.py:161} INFO - Started process (PID=8987) to work on /opt/airflow/dags/scripts/python/get_data.py
[2024-05-18T06:08:18.150+0000] {processor.py:830} INFO - Processing file /opt/airflow/dags/scripts/python/get_data.py for tasks to queue
[2024-05-18T06:08:18.153+0000] {logging_mixin.py:188} INFO - [2024-05-18T06:08:18.153+0000] {dagbag.py:540} INFO - Filling up the DagBag from /opt/airflow/dags/scripts/python/get_data.py
[2024-05-18T06:08:18.185+0000] {processor.py:842} WARNING - No viable dags retrieved from /opt/airflow/dags/scripts/python/get_data.py
[2024-05-18T06:08:18.220+0000] {processor.py:183} INFO - Processing /opt/airflow/dags/scripts/python/get_data.py took 0.084 seconds
[2024-05-18T06:16:09.663+0000] {processor.py:161} INFO - Started process (PID=8995) to work on /opt/airflow/dags/scripts/python/get_data.py
[2024-05-18T06:16:09.664+0000] {processor.py:830} INFO - Processing file /opt/airflow/dags/scripts/python/get_data.py for tasks to queue
[2024-05-18T06:16:09.666+0000] {logging_mixin.py:188} INFO - [2024-05-18T06:16:09.666+0000] {dagbag.py:540} INFO - Filling up the DagBag from /opt/airflow/dags/scripts/python/get_data.py
[2024-05-18T06:16:10.006+0000] {processor.py:842} WARNING - No viable dags retrieved from /opt/airflow/dags/scripts/python/get_data.py
[2024-05-18T06:16:10.032+0000] {processor.py:183} INFO - Processing /opt/airflow/dags/scripts/python/get_data.py took 0.370 seconds
[2024-05-18T06:50:48.314+0000] {processor.py:161} INFO - Started process (PID=9003) to work on /opt/airflow/dags/scripts/python/get_data.py
[2024-05-18T06:50:48.315+0000] {processor.py:830} INFO - Processing file /opt/airflow/dags/scripts/python/get_data.py for tasks to queue
[2024-05-18T06:50:48.317+0000] {logging_mixin.py:188} INFO - [2024-05-18T06:50:48.317+0000] {dagbag.py:540} INFO - Filling up the DagBag from /opt/airflow/dags/scripts/python/get_data.py
[2024-05-18T06:50:48.345+0000] {processor.py:842} WARNING - No viable dags retrieved from /opt/airflow/dags/scripts/python/get_data.py
[2024-05-18T06:50:48.359+0000] {processor.py:183} INFO - Processing /opt/airflow/dags/scripts/python/get_data.py took 0.048 seconds
[2024-05-18T07:08:29.273+0000] {processor.py:161} INFO - Started process (PID=9011) to work on /opt/airflow/dags/scripts/python/get_data.py
[2024-05-18T07:08:29.275+0000] {processor.py:830} INFO - Processing file /opt/airflow/dags/scripts/python/get_data.py for tasks to queue
[2024-05-18T07:08:29.281+0000] {logging_mixin.py:188} INFO - [2024-05-18T07:08:29.280+0000] {dagbag.py:540} INFO - Filling up the DagBag from /opt/airflow/dags/scripts/python/get_data.py
[2024-05-18T07:08:29.331+0000] {processor.py:842} WARNING - No viable dags retrieved from /opt/airflow/dags/scripts/python/get_data.py
[2024-05-18T07:08:29.373+0000] {processor.py:183} INFO - Processing /opt/airflow/dags/scripts/python/get_data.py took 0.112 seconds
[2024-05-18T07:20:10.740+0000] {processor.py:161} INFO - Started process (PID=9019) to work on /opt/airflow/dags/scripts/python/get_data.py
[2024-05-18T07:20:10.741+0000] {processor.py:830} INFO - Processing file /opt/airflow/dags/scripts/python/get_data.py for tasks to queue
[2024-05-18T07:20:10.746+0000] {logging_mixin.py:188} INFO - [2024-05-18T07:20:10.745+0000] {dagbag.py:540} INFO - Filling up the DagBag from /opt/airflow/dags/scripts/python/get_data.py
[2024-05-18T07:20:10.813+0000] {processor.py:842} WARNING - No viable dags retrieved from /opt/airflow/dags/scripts/python/get_data.py
[2024-05-18T07:20:10.865+0000] {processor.py:183} INFO - Processing /opt/airflow/dags/scripts/python/get_data.py took 0.131 seconds
[2024-05-18T07:54:15.479+0000] {processor.py:161} INFO - Started process (PID=9027) to work on /opt/airflow/dags/scripts/python/get_data.py
[2024-05-18T07:54:15.480+0000] {processor.py:830} INFO - Processing file /opt/airflow/dags/scripts/python/get_data.py for tasks to queue
[2024-05-18T07:54:15.482+0000] {logging_mixin.py:188} INFO - [2024-05-18T07:54:15.482+0000] {dagbag.py:540} INFO - Filling up the DagBag from /opt/airflow/dags/scripts/python/get_data.py
[2024-05-18T07:54:15.521+0000] {processor.py:842} WARNING - No viable dags retrieved from /opt/airflow/dags/scripts/python/get_data.py
[2024-05-18T07:54:15.532+0000] {processor.py:183} INFO - Processing /opt/airflow/dags/scripts/python/get_data.py took 0.056 seconds
[2024-05-18T08:12:16.674+0000] {processor.py:161} INFO - Started process (PID=9035) to work on /opt/airflow/dags/scripts/python/get_data.py
[2024-05-18T08:12:16.677+0000] {processor.py:830} INFO - Processing file /opt/airflow/dags/scripts/python/get_data.py for tasks to queue
[2024-05-18T08:12:16.684+0000] {logging_mixin.py:188} INFO - [2024-05-18T08:12:16.683+0000] {dagbag.py:540} INFO - Filling up the DagBag from /opt/airflow/dags/scripts/python/get_data.py
[2024-05-18T08:12:16.769+0000] {processor.py:842} WARNING - No viable dags retrieved from /opt/airflow/dags/scripts/python/get_data.py
[2024-05-18T08:12:16.835+0000] {processor.py:183} INFO - Processing /opt/airflow/dags/scripts/python/get_data.py took 0.170 seconds
[2024-05-18T08:34:25.697+0000] {processor.py:161} INFO - Started process (PID=9043) to work on /opt/airflow/dags/scripts/python/get_data.py
[2024-05-18T08:34:25.700+0000] {processor.py:830} INFO - Processing file /opt/airflow/dags/scripts/python/get_data.py for tasks to queue
[2024-05-18T08:34:25.730+0000] {logging_mixin.py:188} INFO - [2024-05-18T08:34:25.730+0000] {dagbag.py:540} INFO - Filling up the DagBag from /opt/airflow/dags/scripts/python/get_data.py
[2024-05-18T08:34:25.936+0000] {processor.py:842} WARNING - No viable dags retrieved from /opt/airflow/dags/scripts/python/get_data.py
[2024-05-18T08:34:25.959+0000] {processor.py:183} INFO - Processing /opt/airflow/dags/scripts/python/get_data.py took 0.271 seconds
[2024-05-18T08:51:17.823+0000] {processor.py:161} INFO - Started process (PID=9051) to work on /opt/airflow/dags/scripts/python/get_data.py
[2024-05-18T08:51:17.827+0000] {processor.py:830} INFO - Processing file /opt/airflow/dags/scripts/python/get_data.py for tasks to queue
[2024-05-18T08:51:17.836+0000] {logging_mixin.py:188} INFO - [2024-05-18T08:51:17.835+0000] {dagbag.py:540} INFO - Filling up the DagBag from /opt/airflow/dags/scripts/python/get_data.py
[2024-05-18T08:51:17.906+0000] {processor.py:842} WARNING - No viable dags retrieved from /opt/airflow/dags/scripts/python/get_data.py
[2024-05-18T08:51:17.946+0000] {processor.py:183} INFO - Processing /opt/airflow/dags/scripts/python/get_data.py took 0.136 seconds
[2024-05-18T09:26:29.451+0000] {processor.py:161} INFO - Started process (PID=9059) to work on /opt/airflow/dags/scripts/python/get_data.py
[2024-05-18T09:26:29.452+0000] {processor.py:830} INFO - Processing file /opt/airflow/dags/scripts/python/get_data.py for tasks to queue
[2024-05-18T09:26:29.455+0000] {logging_mixin.py:188} INFO - [2024-05-18T09:26:29.455+0000] {dagbag.py:540} INFO - Filling up the DagBag from /opt/airflow/dags/scripts/python/get_data.py
[2024-05-18T09:26:29.480+0000] {processor.py:842} WARNING - No viable dags retrieved from /opt/airflow/dags/scripts/python/get_data.py
[2024-05-18T09:26:29.495+0000] {processor.py:183} INFO - Processing /opt/airflow/dags/scripts/python/get_data.py took 0.047 seconds
[2024-05-18T09:45:10.178+0000] {processor.py:161} INFO - Started process (PID=9067) to work on /opt/airflow/dags/scripts/python/get_data.py
[2024-05-18T09:45:10.179+0000] {processor.py:830} INFO - Processing file /opt/airflow/dags/scripts/python/get_data.py for tasks to queue
[2024-05-18T09:45:10.183+0000] {logging_mixin.py:188} INFO - [2024-05-18T09:45:10.182+0000] {dagbag.py:540} INFO - Filling up the DagBag from /opt/airflow/dags/scripts/python/get_data.py
[2024-05-18T09:45:10.244+0000] {processor.py:842} WARNING - No viable dags retrieved from /opt/airflow/dags/scripts/python/get_data.py
[2024-05-18T09:45:10.280+0000] {processor.py:183} INFO - Processing /opt/airflow/dags/scripts/python/get_data.py took 0.109 seconds
[2024-05-18T10:20:06.779+0000] {processor.py:161} INFO - Started process (PID=9075) to work on /opt/airflow/dags/scripts/python/get_data.py
[2024-05-18T10:20:06.781+0000] {processor.py:830} INFO - Processing file /opt/airflow/dags/scripts/python/get_data.py for tasks to queue
[2024-05-18T10:20:06.787+0000] {logging_mixin.py:188} INFO - [2024-05-18T10:20:06.787+0000] {dagbag.py:540} INFO - Filling up the DagBag from /opt/airflow/dags/scripts/python/get_data.py
[2024-05-18T10:20:06.829+0000] {processor.py:842} WARNING - No viable dags retrieved from /opt/airflow/dags/scripts/python/get_data.py
[2024-05-18T10:20:06.863+0000] {processor.py:183} INFO - Processing /opt/airflow/dags/scripts/python/get_data.py took 0.091 seconds
[2024-05-18T10:56:32.939+0000] {processor.py:161} INFO - Started process (PID=9083) to work on /opt/airflow/dags/scripts/python/get_data.py
[2024-05-18T10:56:32.942+0000] {processor.py:830} INFO - Processing file /opt/airflow/dags/scripts/python/get_data.py for tasks to queue
[2024-05-18T10:56:32.952+0000] {logging_mixin.py:188} INFO - [2024-05-18T10:56:32.950+0000] {dagbag.py:540} INFO - Filling up the DagBag from /opt/airflow/dags/scripts/python/get_data.py
[2024-05-18T10:56:33.011+0000] {processor.py:842} WARNING - No viable dags retrieved from /opt/airflow/dags/scripts/python/get_data.py
[2024-05-18T10:56:33.044+0000] {processor.py:183} INFO - Processing /opt/airflow/dags/scripts/python/get_data.py took 0.112 seconds
[2024-05-18T11:15:11.737+0000] {processor.py:161} INFO - Started process (PID=9091) to work on /opt/airflow/dags/scripts/python/get_data.py
[2024-05-18T11:15:11.739+0000] {processor.py:830} INFO - Processing file /opt/airflow/dags/scripts/python/get_data.py for tasks to queue
[2024-05-18T11:15:11.745+0000] {logging_mixin.py:188} INFO - [2024-05-18T11:15:11.744+0000] {dagbag.py:540} INFO - Filling up the DagBag from /opt/airflow/dags/scripts/python/get_data.py
[2024-05-18T11:15:11.799+0000] {processor.py:842} WARNING - No viable dags retrieved from /opt/airflow/dags/scripts/python/get_data.py
[2024-05-18T11:15:11.840+0000] {processor.py:183} INFO - Processing /opt/airflow/dags/scripts/python/get_data.py took 0.108 seconds
[2024-05-18T11:51:40.988+0000] {processor.py:161} INFO - Started process (PID=9099) to work on /opt/airflow/dags/scripts/python/get_data.py
[2024-05-18T11:51:40.989+0000] {processor.py:830} INFO - Processing file /opt/airflow/dags/scripts/python/get_data.py for tasks to queue
[2024-05-18T11:51:40.991+0000] {logging_mixin.py:188} INFO - [2024-05-18T11:51:40.991+0000] {dagbag.py:540} INFO - Filling up the DagBag from /opt/airflow/dags/scripts/python/get_data.py
[2024-05-18T11:51:41.022+0000] {processor.py:842} WARNING - No viable dags retrieved from /opt/airflow/dags/scripts/python/get_data.py
[2024-05-18T11:51:41.034+0000] {processor.py:183} INFO - Processing /opt/airflow/dags/scripts/python/get_data.py took 0.049 seconds
[2024-05-18T12:25:26.714+0000] {processor.py:161} INFO - Started process (PID=9107) to work on /opt/airflow/dags/scripts/python/get_data.py
[2024-05-18T12:25:26.716+0000] {processor.py:830} INFO - Processing file /opt/airflow/dags/scripts/python/get_data.py for tasks to queue
[2024-05-18T12:25:26.720+0000] {logging_mixin.py:188} INFO - [2024-05-18T12:25:26.720+0000] {dagbag.py:540} INFO - Filling up the DagBag from /opt/airflow/dags/scripts/python/get_data.py
[2024-05-18T12:25:26.774+0000] {processor.py:842} WARNING - No viable dags retrieved from /opt/airflow/dags/scripts/python/get_data.py
[2024-05-18T12:25:26.815+0000] {processor.py:183} INFO - Processing /opt/airflow/dags/scripts/python/get_data.py took 0.108 seconds
[2024-05-18T12:44:00.304+0000] {processor.py:161} INFO - Started process (PID=9115) to work on /opt/airflow/dags/scripts/python/get_data.py
[2024-05-18T12:44:00.307+0000] {processor.py:830} INFO - Processing file /opt/airflow/dags/scripts/python/get_data.py for tasks to queue
[2024-05-18T12:44:00.313+0000] {logging_mixin.py:188} INFO - [2024-05-18T12:44:00.313+0000] {dagbag.py:540} INFO - Filling up the DagBag from /opt/airflow/dags/scripts/python/get_data.py
[2024-05-18T12:44:00.358+0000] {processor.py:842} WARNING - No viable dags retrieved from /opt/airflow/dags/scripts/python/get_data.py
[2024-05-18T12:44:00.397+0000] {processor.py:183} INFO - Processing /opt/airflow/dags/scripts/python/get_data.py took 0.102 seconds
[2024-05-18T13:01:25.384+0000] {processor.py:161} INFO - Started process (PID=9123) to work on /opt/airflow/dags/scripts/python/get_data.py
[2024-05-18T13:01:25.385+0000] {processor.py:830} INFO - Processing file /opt/airflow/dags/scripts/python/get_data.py for tasks to queue
[2024-05-18T13:01:25.387+0000] {logging_mixin.py:188} INFO - [2024-05-18T13:01:25.387+0000] {dagbag.py:540} INFO - Filling up the DagBag from /opt/airflow/dags/scripts/python/get_data.py
[2024-05-18T13:01:25.408+0000] {processor.py:842} WARNING - No viable dags retrieved from /opt/airflow/dags/scripts/python/get_data.py
[2024-05-18T13:01:25.431+0000] {processor.py:183} INFO - Processing /opt/airflow/dags/scripts/python/get_data.py took 0.049 seconds
[2024-05-18T13:36:09.883+0000] {processor.py:161} INFO - Started process (PID=9131) to work on /opt/airflow/dags/scripts/python/get_data.py
[2024-05-18T13:36:09.884+0000] {processor.py:830} INFO - Processing file /opt/airflow/dags/scripts/python/get_data.py for tasks to queue
[2024-05-18T13:36:09.885+0000] {logging_mixin.py:188} INFO - [2024-05-18T13:36:09.885+0000] {dagbag.py:540} INFO - Filling up the DagBag from /opt/airflow/dags/scripts/python/get_data.py
[2024-05-18T13:36:09.911+0000] {processor.py:842} WARNING - No viable dags retrieved from /opt/airflow/dags/scripts/python/get_data.py
[2024-05-18T13:36:09.922+0000] {processor.py:183} INFO - Processing /opt/airflow/dags/scripts/python/get_data.py took 0.042 seconds
[2024-05-18T13:55:17.556+0000] {processor.py:161} INFO - Started process (PID=9139) to work on /opt/airflow/dags/scripts/python/get_data.py
[2024-05-18T13:55:17.556+0000] {processor.py:830} INFO - Processing file /opt/airflow/dags/scripts/python/get_data.py for tasks to queue
[2024-05-18T13:55:17.559+0000] {logging_mixin.py:188} INFO - [2024-05-18T13:55:17.558+0000] {dagbag.py:540} INFO - Filling up the DagBag from /opt/airflow/dags/scripts/python/get_data.py
[2024-05-18T13:55:17.599+0000] {processor.py:842} WARNING - No viable dags retrieved from /opt/airflow/dags/scripts/python/get_data.py
[2024-05-18T13:55:17.614+0000] {processor.py:183} INFO - Processing /opt/airflow/dags/scripts/python/get_data.py took 0.062 seconds
[2024-05-18T14:29:49.318+0000] {processor.py:161} INFO - Started process (PID=9147) to work on /opt/airflow/dags/scripts/python/get_data.py
[2024-05-18T14:29:49.319+0000] {processor.py:830} INFO - Processing file /opt/airflow/dags/scripts/python/get_data.py for tasks to queue
[2024-05-18T14:29:49.324+0000] {logging_mixin.py:188} INFO - [2024-05-18T14:29:49.324+0000] {dagbag.py:540} INFO - Filling up the DagBag from /opt/airflow/dags/scripts/python/get_data.py
[2024-05-18T14:29:49.353+0000] {processor.py:842} WARNING - No viable dags retrieved from /opt/airflow/dags/scripts/python/get_data.py
[2024-05-18T14:29:49.367+0000] {processor.py:183} INFO - Processing /opt/airflow/dags/scripts/python/get_data.py took 0.053 seconds
[2024-05-18T15:02:03.391+0000] {processor.py:161} INFO - Started process (PID=9155) to work on /opt/airflow/dags/scripts/python/get_data.py
[2024-05-18T15:02:03.395+0000] {processor.py:830} INFO - Processing file /opt/airflow/dags/scripts/python/get_data.py for tasks to queue
[2024-05-18T15:02:03.403+0000] {logging_mixin.py:188} INFO - [2024-05-18T15:02:03.402+0000] {dagbag.py:540} INFO - Filling up the DagBag from /opt/airflow/dags/scripts/python/get_data.py
[2024-05-18T15:02:03.469+0000] {processor.py:842} WARNING - No viable dags retrieved from /opt/airflow/dags/scripts/python/get_data.py
[2024-05-18T15:02:03.510+0000] {processor.py:183} INFO - Processing /opt/airflow/dags/scripts/python/get_data.py took 0.131 seconds
[2024-05-18T15:19:26.824+0000] {processor.py:161} INFO - Started process (PID=9163) to work on /opt/airflow/dags/scripts/python/get_data.py
[2024-05-18T15:19:26.825+0000] {processor.py:830} INFO - Processing file /opt/airflow/dags/scripts/python/get_data.py for tasks to queue
[2024-05-18T15:19:26.827+0000] {logging_mixin.py:188} INFO - [2024-05-18T15:19:26.827+0000] {dagbag.py:540} INFO - Filling up the DagBag from /opt/airflow/dags/scripts/python/get_data.py
[2024-05-18T15:19:26.858+0000] {processor.py:842} WARNING - No viable dags retrieved from /opt/airflow/dags/scripts/python/get_data.py
[2024-05-18T15:19:26.872+0000] {processor.py:183} INFO - Processing /opt/airflow/dags/scripts/python/get_data.py took 0.051 seconds
[2024-05-18T15:33:11.538+0000] {processor.py:161} INFO - Started process (PID=9171) to work on /opt/airflow/dags/scripts/python/get_data.py
[2024-05-18T15:33:11.541+0000] {processor.py:830} INFO - Processing file /opt/airflow/dags/scripts/python/get_data.py for tasks to queue
[2024-05-18T15:33:11.546+0000] {logging_mixin.py:188} INFO - [2024-05-18T15:33:11.545+0000] {dagbag.py:540} INFO - Filling up the DagBag from /opt/airflow/dags/scripts/python/get_data.py
[2024-05-18T15:33:11.687+0000] {processor.py:842} WARNING - No viable dags retrieved from /opt/airflow/dags/scripts/python/get_data.py
[2024-05-18T15:33:11.733+0000] {processor.py:183} INFO - Processing /opt/airflow/dags/scripts/python/get_data.py took 0.203 seconds
[2024-05-18T15:51:26.075+0000] {processor.py:161} INFO - Started process (PID=9179) to work on /opt/airflow/dags/scripts/python/get_data.py
[2024-05-18T15:51:26.079+0000] {processor.py:830} INFO - Processing file /opt/airflow/dags/scripts/python/get_data.py for tasks to queue
[2024-05-18T15:51:26.086+0000] {logging_mixin.py:188} INFO - [2024-05-18T15:51:26.085+0000] {dagbag.py:540} INFO - Filling up the DagBag from /opt/airflow/dags/scripts/python/get_data.py
[2024-05-18T15:51:26.130+0000] {processor.py:842} WARNING - No viable dags retrieved from /opt/airflow/dags/scripts/python/get_data.py
[2024-05-18T15:51:26.201+0000] {processor.py:183} INFO - Processing /opt/airflow/dags/scripts/python/get_data.py took 0.143 seconds
[2024-05-18T16:20:48.746+0000] {processor.py:161} INFO - Started process (PID=9187) to work on /opt/airflow/dags/scripts/python/get_data.py
[2024-05-18T16:20:48.748+0000] {processor.py:830} INFO - Processing file /opt/airflow/dags/scripts/python/get_data.py for tasks to queue
[2024-05-18T16:20:48.752+0000] {logging_mixin.py:188} INFO - [2024-05-18T16:20:48.751+0000] {dagbag.py:540} INFO - Filling up the DagBag from /opt/airflow/dags/scripts/python/get_data.py
[2024-05-18T16:20:48.838+0000] {processor.py:842} WARNING - No viable dags retrieved from /opt/airflow/dags/scripts/python/get_data.py
[2024-05-18T16:20:48.885+0000] {processor.py:183} INFO - Processing /opt/airflow/dags/scripts/python/get_data.py took 0.145 seconds
[2024-05-18T16:58:24.981+0000] {processor.py:161} INFO - Started process (PID=9195) to work on /opt/airflow/dags/scripts/python/get_data.py
[2024-05-18T16:58:24.984+0000] {processor.py:830} INFO - Processing file /opt/airflow/dags/scripts/python/get_data.py for tasks to queue
[2024-05-18T16:58:24.990+0000] {logging_mixin.py:188} INFO - [2024-05-18T16:58:24.989+0000] {dagbag.py:540} INFO - Filling up the DagBag from /opt/airflow/dags/scripts/python/get_data.py
[2024-05-18T16:58:25.059+0000] {processor.py:842} WARNING - No viable dags retrieved from /opt/airflow/dags/scripts/python/get_data.py
[2024-05-18T16:58:25.097+0000] {processor.py:183} INFO - Processing /opt/airflow/dags/scripts/python/get_data.py took 0.124 seconds
[2024-05-18T17:04:17.182+0000] {processor.py:161} INFO - Started process (PID=9203) to work on /opt/airflow/dags/scripts/python/get_data.py
[2024-05-18T17:04:17.184+0000] {processor.py:830} INFO - Processing file /opt/airflow/dags/scripts/python/get_data.py for tasks to queue
[2024-05-18T17:04:17.189+0000] {logging_mixin.py:188} INFO - [2024-05-18T17:04:17.189+0000] {dagbag.py:540} INFO - Filling up the DagBag from /opt/airflow/dags/scripts/python/get_data.py
[2024-05-18T17:04:17.246+0000] {processor.py:842} WARNING - No viable dags retrieved from /opt/airflow/dags/scripts/python/get_data.py
[2024-05-18T17:04:17.285+0000] {processor.py:183} INFO - Processing /opt/airflow/dags/scripts/python/get_data.py took 0.106 seconds
[2024-05-18T17:41:06.485+0000] {processor.py:161} INFO - Started process (PID=9211) to work on /opt/airflow/dags/scripts/python/get_data.py
[2024-05-18T17:41:06.492+0000] {processor.py:830} INFO - Processing file /opt/airflow/dags/scripts/python/get_data.py for tasks to queue
[2024-05-18T17:41:06.503+0000] {logging_mixin.py:188} INFO - [2024-05-18T17:41:06.502+0000] {dagbag.py:540} INFO - Filling up the DagBag from /opt/airflow/dags/scripts/python/get_data.py
[2024-05-18T17:41:06.697+0000] {processor.py:842} WARNING - No viable dags retrieved from /opt/airflow/dags/scripts/python/get_data.py
[2024-05-18T17:41:06.819+0000] {processor.py:183} INFO - Processing /opt/airflow/dags/scripts/python/get_data.py took 0.337 seconds
[2024-05-18T17:58:30.144+0000] {processor.py:161} INFO - Started process (PID=9219) to work on /opt/airflow/dags/scripts/python/get_data.py
[2024-05-18T17:58:30.146+0000] {processor.py:830} INFO - Processing file /opt/airflow/dags/scripts/python/get_data.py for tasks to queue
[2024-05-18T17:58:30.151+0000] {logging_mixin.py:188} INFO - [2024-05-18T17:58:30.150+0000] {dagbag.py:540} INFO - Filling up the DagBag from /opt/airflow/dags/scripts/python/get_data.py
[2024-05-18T17:58:30.229+0000] {processor.py:842} WARNING - No viable dags retrieved from /opt/airflow/dags/scripts/python/get_data.py
[2024-05-18T17:58:30.266+0000] {processor.py:183} INFO - Processing /opt/airflow/dags/scripts/python/get_data.py took 0.127 seconds
[2024-05-18T18:21:02.916+0000] {processor.py:161} INFO - Started process (PID=9227) to work on /opt/airflow/dags/scripts/python/get_data.py
[2024-05-18T18:21:02.917+0000] {processor.py:830} INFO - Processing file /opt/airflow/dags/scripts/python/get_data.py for tasks to queue
[2024-05-18T18:21:02.921+0000] {logging_mixin.py:188} INFO - [2024-05-18T18:21:02.920+0000] {dagbag.py:540} INFO - Filling up the DagBag from /opt/airflow/dags/scripts/python/get_data.py
[2024-05-18T18:21:02.953+0000] {processor.py:842} WARNING - No viable dags retrieved from /opt/airflow/dags/scripts/python/get_data.py
[2024-05-18T18:21:02.967+0000] {processor.py:183} INFO - Processing /opt/airflow/dags/scripts/python/get_data.py took 0.057 seconds
[2024-05-18T18:39:45.633+0000] {processor.py:161} INFO - Started process (PID=9235) to work on /opt/airflow/dags/scripts/python/get_data.py
[2024-05-18T18:39:45.635+0000] {processor.py:830} INFO - Processing file /opt/airflow/dags/scripts/python/get_data.py for tasks to queue
[2024-05-18T18:39:45.636+0000] {logging_mixin.py:188} INFO - [2024-05-18T18:39:45.636+0000] {dagbag.py:540} INFO - Filling up the DagBag from /opt/airflow/dags/scripts/python/get_data.py
[2024-05-18T18:39:45.661+0000] {processor.py:842} WARNING - No viable dags retrieved from /opt/airflow/dags/scripts/python/get_data.py
[2024-05-18T18:39:45.677+0000] {processor.py:183} INFO - Processing /opt/airflow/dags/scripts/python/get_data.py took 0.047 seconds
[2024-05-18T19:06:08.010+0000] {processor.py:161} INFO - Started process (PID=9243) to work on /opt/airflow/dags/scripts/python/get_data.py
[2024-05-18T19:06:08.012+0000] {processor.py:830} INFO - Processing file /opt/airflow/dags/scripts/python/get_data.py for tasks to queue
[2024-05-18T19:06:08.017+0000] {logging_mixin.py:188} INFO - [2024-05-18T19:06:08.016+0000] {dagbag.py:540} INFO - Filling up the DagBag from /opt/airflow/dags/scripts/python/get_data.py
[2024-05-18T19:06:08.081+0000] {processor.py:842} WARNING - No viable dags retrieved from /opt/airflow/dags/scripts/python/get_data.py
[2024-05-18T19:06:08.117+0000] {processor.py:183} INFO - Processing /opt/airflow/dags/scripts/python/get_data.py took 0.111 seconds
[2024-05-18T19:23:38.166+0000] {processor.py:161} INFO - Started process (PID=9251) to work on /opt/airflow/dags/scripts/python/get_data.py
[2024-05-18T19:23:38.168+0000] {processor.py:830} INFO - Processing file /opt/airflow/dags/scripts/python/get_data.py for tasks to queue
[2024-05-18T19:23:38.174+0000] {logging_mixin.py:188} INFO - [2024-05-18T19:23:38.174+0000] {dagbag.py:540} INFO - Filling up the DagBag from /opt/airflow/dags/scripts/python/get_data.py
[2024-05-18T19:23:38.230+0000] {processor.py:842} WARNING - No viable dags retrieved from /opt/airflow/dags/scripts/python/get_data.py
[2024-05-18T19:23:38.265+0000] {processor.py:183} INFO - Processing /opt/airflow/dags/scripts/python/get_data.py took 0.105 seconds
[2024-05-18T19:59:06.415+0000] {processor.py:161} INFO - Started process (PID=9259) to work on /opt/airflow/dags/scripts/python/get_data.py
[2024-05-18T19:59:06.416+0000] {processor.py:830} INFO - Processing file /opt/airflow/dags/scripts/python/get_data.py for tasks to queue
[2024-05-18T19:59:06.418+0000] {logging_mixin.py:188} INFO - [2024-05-18T19:59:06.417+0000] {dagbag.py:540} INFO - Filling up the DagBag from /opt/airflow/dags/scripts/python/get_data.py
[2024-05-18T19:59:06.452+0000] {processor.py:842} WARNING - No viable dags retrieved from /opt/airflow/dags/scripts/python/get_data.py
[2024-05-18T19:59:06.466+0000] {processor.py:183} INFO - Processing /opt/airflow/dags/scripts/python/get_data.py took 0.053 seconds
[2024-05-18T20:22:42.807+0000] {processor.py:161} INFO - Started process (PID=9267) to work on /opt/airflow/dags/scripts/python/get_data.py
[2024-05-18T20:22:42.810+0000] {processor.py:830} INFO - Processing file /opt/airflow/dags/scripts/python/get_data.py for tasks to queue
[2024-05-18T20:22:42.815+0000] {logging_mixin.py:188} INFO - [2024-05-18T20:22:42.815+0000] {dagbag.py:540} INFO - Filling up the DagBag from /opt/airflow/dags/scripts/python/get_data.py
[2024-05-18T20:22:42.900+0000] {processor.py:842} WARNING - No viable dags retrieved from /opt/airflow/dags/scripts/python/get_data.py
[2024-05-18T20:22:42.944+0000] {processor.py:183} INFO - Processing /opt/airflow/dags/scripts/python/get_data.py took 0.141 seconds
[2024-05-18T20:41:22.886+0000] {processor.py:161} INFO - Started process (PID=9275) to work on /opt/airflow/dags/scripts/python/get_data.py
[2024-05-18T20:41:22.888+0000] {processor.py:830} INFO - Processing file /opt/airflow/dags/scripts/python/get_data.py for tasks to queue
[2024-05-18T20:41:22.895+0000] {logging_mixin.py:188} INFO - [2024-05-18T20:41:22.894+0000] {dagbag.py:540} INFO - Filling up the DagBag from /opt/airflow/dags/scripts/python/get_data.py
[2024-05-18T20:41:22.977+0000] {processor.py:842} WARNING - No viable dags retrieved from /opt/airflow/dags/scripts/python/get_data.py
[2024-05-18T20:41:23.034+0000] {processor.py:183} INFO - Processing /opt/airflow/dags/scripts/python/get_data.py took 0.153 seconds
[2024-05-18T21:08:07.674+0000] {processor.py:161} INFO - Started process (PID=9283) to work on /opt/airflow/dags/scripts/python/get_data.py
[2024-05-18T21:08:07.683+0000] {processor.py:830} INFO - Processing file /opt/airflow/dags/scripts/python/get_data.py for tasks to queue
[2024-05-18T21:08:07.687+0000] {logging_mixin.py:188} INFO - [2024-05-18T21:08:07.686+0000] {dagbag.py:540} INFO - Filling up the DagBag from /opt/airflow/dags/scripts/python/get_data.py
[2024-05-18T21:08:07.781+0000] {processor.py:842} WARNING - No viable dags retrieved from /opt/airflow/dags/scripts/python/get_data.py
[2024-05-18T21:08:07.857+0000] {processor.py:183} INFO - Processing /opt/airflow/dags/scripts/python/get_data.py took 0.191 seconds
[2024-05-18T21:58:06.847+0000] {processor.py:161} INFO - Started process (PID=9291) to work on /opt/airflow/dags/scripts/python/get_data.py
[2024-05-18T21:58:06.848+0000] {processor.py:830} INFO - Processing file /opt/airflow/dags/scripts/python/get_data.py for tasks to queue
[2024-05-18T21:58:06.849+0000] {logging_mixin.py:188} INFO - [2024-05-18T21:58:06.849+0000] {dagbag.py:540} INFO - Filling up the DagBag from /opt/airflow/dags/scripts/python/get_data.py
[2024-05-18T21:58:06.884+0000] {processor.py:842} WARNING - No viable dags retrieved from /opt/airflow/dags/scripts/python/get_data.py
[2024-05-18T21:58:06.897+0000] {processor.py:183} INFO - Processing /opt/airflow/dags/scripts/python/get_data.py took 0.053 seconds
[2024-05-18T22:27:23.562+0000] {processor.py:161} INFO - Started process (PID=9299) to work on /opt/airflow/dags/scripts/python/get_data.py
[2024-05-18T22:27:23.567+0000] {processor.py:830} INFO - Processing file /opt/airflow/dags/scripts/python/get_data.py for tasks to queue
[2024-05-18T22:27:23.574+0000] {logging_mixin.py:188} INFO - [2024-05-18T22:27:23.573+0000] {dagbag.py:540} INFO - Filling up the DagBag from /opt/airflow/dags/scripts/python/get_data.py
[2024-05-18T22:27:23.632+0000] {processor.py:842} WARNING - No viable dags retrieved from /opt/airflow/dags/scripts/python/get_data.py
[2024-05-18T22:27:23.679+0000] {processor.py:183} INFO - Processing /opt/airflow/dags/scripts/python/get_data.py took 0.121 seconds
[2024-05-18T22:43:41.984+0000] {processor.py:161} INFO - Started process (PID=9307) to work on /opt/airflow/dags/scripts/python/get_data.py
[2024-05-18T22:43:41.989+0000] {processor.py:830} INFO - Processing file /opt/airflow/dags/scripts/python/get_data.py for tasks to queue
[2024-05-18T22:43:41.998+0000] {logging_mixin.py:188} INFO - [2024-05-18T22:43:41.996+0000] {dagbag.py:540} INFO - Filling up the DagBag from /opt/airflow/dags/scripts/python/get_data.py
[2024-05-18T22:43:42.137+0000] {processor.py:842} WARNING - No viable dags retrieved from /opt/airflow/dags/scripts/python/get_data.py
[2024-05-18T22:43:42.177+0000] {processor.py:183} INFO - Processing /opt/airflow/dags/scripts/python/get_data.py took 0.198 seconds
[2024-05-18T23:02:20.725+0000] {processor.py:161} INFO - Started process (PID=9315) to work on /opt/airflow/dags/scripts/python/get_data.py
[2024-05-18T23:02:20.727+0000] {processor.py:830} INFO - Processing file /opt/airflow/dags/scripts/python/get_data.py for tasks to queue
[2024-05-18T23:02:20.735+0000] {logging_mixin.py:188} INFO - [2024-05-18T23:02:20.734+0000] {dagbag.py:540} INFO - Filling up the DagBag from /opt/airflow/dags/scripts/python/get_data.py
[2024-05-18T23:02:21.032+0000] {processor.py:842} WARNING - No viable dags retrieved from /opt/airflow/dags/scripts/python/get_data.py
[2024-05-18T23:02:21.040+0000] {processor.py:183} INFO - Processing /opt/airflow/dags/scripts/python/get_data.py took 0.319 seconds
[2024-05-18T23:27:06.875+0000] {processor.py:161} INFO - Started process (PID=9323) to work on /opt/airflow/dags/scripts/python/get_data.py
[2024-05-18T23:27:06.878+0000] {processor.py:830} INFO - Processing file /opt/airflow/dags/scripts/python/get_data.py for tasks to queue
[2024-05-18T23:27:06.886+0000] {logging_mixin.py:188} INFO - [2024-05-18T23:27:06.884+0000] {dagbag.py:540} INFO - Filling up the DagBag from /opt/airflow/dags/scripts/python/get_data.py
[2024-05-18T23:27:06.936+0000] {processor.py:842} WARNING - No viable dags retrieved from /opt/airflow/dags/scripts/python/get_data.py
[2024-05-18T23:27:07.010+0000] {processor.py:183} INFO - Processing /opt/airflow/dags/scripts/python/get_data.py took 0.141 seconds
[2024-05-18T23:46:10.792+0000] {processor.py:161} INFO - Started process (PID=9331) to work on /opt/airflow/dags/scripts/python/get_data.py
[2024-05-18T23:46:10.793+0000] {processor.py:830} INFO - Processing file /opt/airflow/dags/scripts/python/get_data.py for tasks to queue
[2024-05-18T23:46:10.796+0000] {logging_mixin.py:188} INFO - [2024-05-18T23:46:10.796+0000] {dagbag.py:540} INFO - Filling up the DagBag from /opt/airflow/dags/scripts/python/get_data.py
[2024-05-18T23:46:10.829+0000] {processor.py:842} WARNING - No viable dags retrieved from /opt/airflow/dags/scripts/python/get_data.py
[2024-05-18T23:46:10.846+0000] {processor.py:183} INFO - Processing /opt/airflow/dags/scripts/python/get_data.py took 0.059 seconds
