[2024-04-14T00:57:06.995+0000] {taskinstance.py:1979} INFO - Dependencies all met for dep_context=non-requeueable deps ti=<TaskInstance: upload_congress_data.get_votes_from_downloaded_bills manual__2024-04-14T00:53:50.098849+00:00 [queued]>
[2024-04-14T00:57:07.012+0000] {taskinstance.py:1979} INFO - Dependencies all met for dep_context=requeueable deps ti=<TaskInstance: upload_congress_data.get_votes_from_downloaded_bills manual__2024-04-14T00:53:50.098849+00:00 [queued]>
[2024-04-14T00:57:07.013+0000] {taskinstance.py:2193} INFO - Starting attempt 1 of 1
[2024-04-14T00:57:07.075+0000] {taskinstance.py:2217} INFO - Executing <Task(PythonOperator): get_votes_from_downloaded_bills> on 2024-04-14 00:53:50.098849+00:00
[2024-04-14T00:57:07.110+0000] {standard_task_runner.py:60} INFO - Started process 9417 to run task
[2024-04-14T00:57:07.191+0000] {standard_task_runner.py:87} INFO - Running: ['***', 'tasks', 'run', 'upload_congress_data', 'get_votes_from_downloaded_bills', 'manual__2024-04-14T00:53:50.098849+00:00', '--job-id', '45', '--raw', '--subdir', 'DAGS_FOLDER/upload_congress_data.py', '--cfg-path', '/tmp/tmpagpz5_3n']
[2024-04-14T00:57:07.249+0000] {standard_task_runner.py:88} INFO - Job 45: Subtask get_votes_from_downloaded_bills
[2024-04-14T00:57:07.785+0000] {task_command.py:423} INFO - Running <TaskInstance: upload_congress_data.get_votes_from_downloaded_bills manual__2024-04-14T00:53:50.098849+00:00 [running]> on host 08bbc0b56ffc
[2024-04-14T00:57:08.069+0000] {taskinstance.py:2513} INFO - Exporting env vars: AIRFLOW_CTX_DAG_OWNER='***' AIRFLOW_CTX_DAG_ID='upload_congress_data' AIRFLOW_CTX_TASK_ID='get_votes_from_downloaded_bills' AIRFLOW_CTX_EXECUTION_DATE='2024-04-14T00:53:50.098849+00:00' AIRFLOW_CTX_TRY_NUMBER='1' AIRFLOW_CTX_DAG_RUN_ID='manual__2024-04-14T00:53:50.098849+00:00'
[2024-04-14T00:57:09.937+0000] {get_data.py:131} INFO - Opened bill from file /opt/***/dags/data/bills/hjres/BILLSTATUS-118hjres68.json
[2024-04-14T00:57:11.593+0000] {get_data.py:131} INFO - Opened bill from file /opt/***/dags/data/bills/hjres/BILLSTATUS-118hjres44.json
[2024-04-14T00:57:14.423+0000] {get_data.py:131} INFO - Opened bill from file /opt/***/dags/data/bills/hjres/BILLSTATUS-118hjres45.json
[2024-04-14T00:57:16.552+0000] {get_data.py:131} INFO - Opened bill from file /opt/***/dags/data/bills/hjres/BILLSTATUS-118hjres24.json
[2024-04-14T00:57:17.091+0000] {get_data.py:131} INFO - Opened bill from file /opt/***/dags/data/bills/hjres/BILLSTATUS-118hjres39.json
[2024-04-14T00:57:18.843+0000] {get_data.py:131} INFO - Opened bill from file /opt/***/dags/data/bills/hjres/BILLSTATUS-118hjres42.json
[2024-04-14T00:57:20.135+0000] {get_data.py:131} INFO - Opened bill from file /opt/***/dags/data/bills/hjres/BILLSTATUS-118hjres74.json
[2024-04-14T00:57:20.624+0000] {get_data.py:131} INFO - Opened bill from file /opt/***/dags/data/bills/hjres/BILLSTATUS-118hjres7.json
[2024-04-14T00:57:21.851+0000] {get_data.py:131} INFO - Opened bill from file /opt/***/dags/data/bills/hjres/BILLSTATUS-118hjres79.json
[2024-04-14T00:57:22.223+0000] {get_data.py:131} INFO - Opened bill from file /opt/***/dags/data/bills/hjres/BILLSTATUS-118hjres98.json
[2024-04-14T00:57:22.825+0000] {logging_mixin.py:188} INFO - An exception occurred 'rollcall-vote' Failed to save one or more votes for {bill_type} {bill_number}
[2024-04-14T00:57:22.990+0000] {logging_mixin.py:188} INFO - An exception occurred 'rollcall-vote' Failed to save one or more votes for {bill_type} {bill_number}
[2024-04-14T00:57:23.149+0000] {logging_mixin.py:188} INFO - An exception occurred 'rollcall-vote' Failed to save one or more votes for {bill_type} {bill_number}
[2024-04-14T00:57:23.356+0000] {logging_mixin.py:188} INFO - An exception occurred 'rollcall-vote' Failed to save one or more votes for {bill_type} {bill_number}
[2024-04-14T00:57:23.395+0000] {get_data.py:131} INFO - Opened bill from file /opt/***/dags/data/bills/hjres/BILLSTATUS-118hjres70.json
[2024-04-14T00:57:23.826+0000] {get_data.py:131} INFO - Opened bill from file /opt/***/dags/data/bills/hjres/BILLSTATUS-118hjres27.json
[2024-04-14T00:57:25.583+0000] {get_data.py:131} INFO - Opened bill from file /opt/***/dags/data/bills/hjres/BILLSTATUS-118hjres88.json
[2024-04-14T00:57:26.648+0000] {get_data.py:131} INFO - Opened bill from file /opt/***/dags/data/bills/hjres/BILLSTATUS-118hjres30.json
[2024-04-14T00:57:28.817+0000] {get_data.py:131} INFO - Opened bill from file /opt/***/dags/data/bills/hjres/BILLSTATUS-118hjres26.json
[2024-04-14T00:57:29.628+0000] {get_data.py:131} INFO - Opened bill from file /opt/***/dags/data/bills/hjres/BILLSTATUS-118hjres71.json
[2024-04-14T00:57:30.039+0000] {get_data.py:131} INFO - Opened bill from file /opt/***/dags/data/bills/hconres/BILLSTATUS-118hconres7.json
[2024-04-14T00:57:30.199+0000] {logging_mixin.py:188} INFO - An exception occurred 'rollcall-vote' Failed to save one or more votes for {bill_type} {bill_number}
[2024-04-14T00:57:30.356+0000] {logging_mixin.py:188} INFO - An exception occurred 'rollcall-vote' Failed to save one or more votes for {bill_type} {bill_number}
[2024-04-14T00:57:30.357+0000] {get_data.py:131} INFO - Opened bill from file /opt/***/dags/data/bills/hconres/BILLSTATUS-118hconres30.json
[2024-04-14T00:57:30.710+0000] {get_data.py:131} INFO - Opened bill from file /opt/***/dags/data/bills/hconres/BILLSTATUS-118hconres57.json
[2024-04-14T00:57:31.061+0000] {get_data.py:131} INFO - Opened bill from file /opt/***/dags/data/bills/hconres/BILLSTATUS-118hconres40.json
[2024-04-14T00:57:31.416+0000] {get_data.py:131} INFO - Opened bill from file /opt/***/dags/data/bills/hconres/BILLSTATUS-118hconres21.json
[2024-04-14T00:57:31.773+0000] {get_data.py:131} INFO - Opened bill from file /opt/***/dags/data/bills/hconres/BILLSTATUS-118hconres3.json
[2024-04-14T00:57:32.018+0000] {logging_mixin.py:188} INFO - An exception occurred 'rollcall-vote' Failed to save one or more votes for {bill_type} {bill_number}
[2024-04-14T00:57:32.178+0000] {logging_mixin.py:188} INFO - An exception occurred 'rollcall-vote' Failed to save one or more votes for {bill_type} {bill_number}
[2024-04-14T00:57:32.180+0000] {get_data.py:131} INFO - Opened bill from file /opt/***/dags/data/bills/hconres/BILLSTATUS-118hconres86.json
[2024-04-14T00:57:32.339+0000] {logging_mixin.py:188} INFO - An exception occurred 'rollcall-vote' Failed to save one or more votes for {bill_type} {bill_number}
[2024-04-14T00:57:32.486+0000] {logging_mixin.py:188} INFO - An exception occurred 'rollcall-vote' Failed to save one or more votes for {bill_type} {bill_number}
[2024-04-14T00:57:32.492+0000] {get_data.py:131} INFO - Opened bill from file /opt/***/dags/data/bills/hconres/BILLSTATUS-118hconres9.json
[2024-04-14T00:57:32.877+0000] {get_data.py:131} INFO - Opened bill from file /opt/***/dags/data/bills/hconres/BILLSTATUS-118hconres25.json
[2024-04-14T00:57:33.335+0000] {get_data.py:131} INFO - Opened bill from file /opt/***/dags/data/bills/s/BILLSTATUS-118s870.json
[2024-04-14T00:57:34.258+0000] {get_data.py:131} INFO - Opened bill from file /opt/***/dags/data/bills/s/BILLSTATUS-118s3427.json
[2024-04-14T00:57:34.404+0000] {logging_mixin.py:188} INFO - An exception occurred 'rollcall-vote' Failed to save one or more votes for {bill_type} {bill_number}
[2024-04-14T00:57:34.573+0000] {logging_mixin.py:188} INFO - An exception occurred 'rollcall-vote' Failed to save one or more votes for {bill_type} {bill_number}
[2024-04-14T00:57:34.721+0000] {logging_mixin.py:188} INFO - An exception occurred 'rollcall-vote' Failed to save one or more votes for {bill_type} {bill_number}
[2024-04-14T00:57:34.870+0000] {logging_mixin.py:188} INFO - An exception occurred 'rollcall-vote' Failed to save one or more votes for {bill_type} {bill_number}
[2024-04-14T00:57:34.872+0000] {get_data.py:131} INFO - Opened bill from file /opt/***/dags/data/bills/s/BILLSTATUS-118s112.json
[2024-04-14T00:57:35.235+0000] {get_data.py:131} INFO - Opened bill from file /opt/***/dags/data/bills/s/BILLSTATUS-118s3250.json
[2024-04-14T00:57:35.384+0000] {logging_mixin.py:188} INFO - An exception occurred 'rollcall-vote' Failed to save one or more votes for {bill_type} {bill_number}
[2024-04-14T00:57:35.538+0000] {logging_mixin.py:188} INFO - An exception occurred 'rollcall-vote' Failed to save one or more votes for {bill_type} {bill_number}
[2024-04-14T00:57:35.689+0000] {logging_mixin.py:188} INFO - An exception occurred 'rollcall-vote' Failed to save one or more votes for {bill_type} {bill_number}
[2024-04-14T00:57:35.845+0000] {logging_mixin.py:188} INFO - An exception occurred 'rollcall-vote' Failed to save one or more votes for {bill_type} {bill_number}
[2024-04-14T00:57:35.848+0000] {get_data.py:131} INFO - Opened bill from file /opt/***/dags/data/bills/s/BILLSTATUS-118s2226.json
[2024-04-14T00:57:36.092+0000] {get_data.py:131} INFO - Opened bill from file /opt/***/dags/data/bills/s/BILLSTATUS-118s2051.json
[2024-04-14T00:57:36.477+0000] {get_data.py:131} INFO - Opened bill from file /opt/***/dags/data/bills/s/BILLSTATUS-118s788.json
[2024-04-14T00:57:36.826+0000] {get_data.py:131} INFO - Opened bill from file /opt/***/dags/data/bills/s/BILLSTATUS-118s475.json
[2024-04-14T00:57:37.204+0000] {get_data.py:131} INFO - Opened bill from file /opt/***/dags/data/bills/s/BILLSTATUS-118s619.json
[2024-04-14T00:57:37.544+0000] {get_data.py:131} INFO - Opened bill from file /opt/***/dags/data/bills/s/BILLSTATUS-118s316.json
[2024-04-14T00:57:38.466+0000] {get_data.py:131} INFO - Opened bill from file /opt/***/dags/data/bills/s/BILLSTATUS-118s382.json
[2024-04-14T00:57:38.870+0000] {get_data.py:131} INFO - Opened bill from file /opt/***/dags/data/bills/s/BILLSTATUS-118s3853.json
[2024-04-14T00:57:39.171+0000] {get_data.py:131} INFO - Opened bill from file /opt/***/dags/data/bills/s/BILLSTATUS-118s111.json
[2024-04-14T00:57:39.598+0000] {get_data.py:131} INFO - Opened bill from file /opt/***/dags/data/bills/s/BILLSTATUS-118s326.json
[2024-04-14T00:57:40.075+0000] {get_data.py:131} INFO - Opened bill from file /opt/***/dags/data/bills/sres/BILLSTATUS-118sres13.json
[2024-04-14T00:57:40.958+0000] {get_data.py:131} INFO - Opened bill from file /opt/***/dags/data/bills/sres/BILLSTATUS-118sres21.json
[2024-04-14T00:57:41.685+0000] {get_data.py:131} INFO - Opened bill from file /opt/***/dags/data/bills/sres/BILLSTATUS-118sres504.json
[2024-04-14T00:57:42.249+0000] {get_data.py:131} INFO - Opened bill from file /opt/***/dags/data/bills/sres/BILLSTATUS-118sres417.json
[2024-04-14T00:57:42.742+0000] {get_data.py:131} INFO - Opened bill from file /opt/***/dags/data/bills/hr/BILLSTATUS-118hr1339.json
[2024-04-14T00:57:43.141+0000] {get_data.py:131} INFO - Opened bill from file /opt/***/dags/data/bills/hr/BILLSTATUS-118hr2796.json
[2024-04-14T00:57:43.478+0000] {get_data.py:131} INFO - Opened bill from file /opt/***/dags/data/bills/hr/BILLSTATUS-118hr2811.json
[2024-04-14T00:57:44.031+0000] {get_data.py:131} INFO - Opened bill from file /opt/***/dags/data/bills/hr/BILLSTATUS-118hr23.json
[2024-04-14T00:57:44.177+0000] {logging_mixin.py:188} INFO - An exception occurred 'rollcall-vote' Failed to save one or more votes for {bill_type} {bill_number}
[2024-04-14T00:57:44.329+0000] {logging_mixin.py:188} INFO - An exception occurred 'rollcall-vote' Failed to save one or more votes for {bill_type} {bill_number}
[2024-04-14T00:57:44.490+0000] {logging_mixin.py:188} INFO - An exception occurred 'rollcall-vote' Failed to save one or more votes for {bill_type} {bill_number}
[2024-04-14T00:57:44.494+0000] {get_data.py:131} INFO - Opened bill from file /opt/***/dags/data/bills/hr/BILLSTATUS-118hr406.json
[2024-04-14T00:57:44.836+0000] {get_data.py:131} INFO - Opened bill from file /opt/***/dags/data/bills/hr/BILLSTATUS-118hr4984.json
[2024-04-14T00:57:44.990+0000] {logging_mixin.py:188} INFO - An exception occurred 'rollcall-vote' Failed to save one or more votes for {bill_type} {bill_number}
[2024-04-14T00:57:45.174+0000] {logging_mixin.py:188} INFO - An exception occurred 'rollcall-vote' Failed to save one or more votes for {bill_type} {bill_number}
[2024-04-14T00:57:45.384+0000] {logging_mixin.py:188} INFO - An exception occurred 'rollcall-vote' Failed to save one or more votes for {bill_type} {bill_number}
[2024-04-14T00:57:45.543+0000] {logging_mixin.py:188} INFO - An exception occurred 'rollcall-vote' Failed to save one or more votes for {bill_type} {bill_number}
[2024-04-14T00:57:45.546+0000] {get_data.py:131} INFO - Opened bill from file /opt/***/dags/data/bills/hr/BILLSTATUS-118hr538.json
[2024-04-14T00:57:45.888+0000] {get_data.py:131} INFO - Opened bill from file /opt/***/dags/data/bills/hr/BILLSTATUS-118hr3152.json
[2024-04-14T00:57:46.246+0000] {get_data.py:131} INFO - Opened bill from file /opt/***/dags/data/bills/hr/BILLSTATUS-118hr5585.json
[2024-04-14T00:57:46.393+0000] {logging_mixin.py:188} INFO - An exception occurred 'rollcall-vote' Failed to save one or more votes for {bill_type} {bill_number}
[2024-04-14T00:57:46.542+0000] {logging_mixin.py:188} INFO - An exception occurred 'rollcall-vote' Failed to save one or more votes for {bill_type} {bill_number}
[2024-04-14T00:57:46.719+0000] {logging_mixin.py:188} INFO - An exception occurred 'rollcall-vote' Failed to save one or more votes for {bill_type} {bill_number}
[2024-04-14T00:57:46.876+0000] {logging_mixin.py:188} INFO - An exception occurred 'rollcall-vote' Failed to save one or more votes for {bill_type} {bill_number}
[2024-04-14T00:57:46.881+0000] {get_data.py:131} INFO - Opened bill from file /opt/***/dags/data/bills/hr/BILLSTATUS-118hr4394.json
[2024-04-14T00:57:47.490+0000] {get_data.py:131} INFO - Opened bill from file /opt/***/dags/data/bills/hr/BILLSTATUS-118hr277.json
[2024-04-14T00:57:48.059+0000] {get_data.py:131} INFO - Opened bill from file /opt/***/dags/data/bills/hr/BILLSTATUS-118hr1159.json
[2024-04-14T00:57:48.452+0000] {get_data.py:131} INFO - Opened bill from file /opt/***/dags/data/bills/hr/BILLSTATUS-118hr7520.json
[2024-04-14T00:57:48.607+0000] {logging_mixin.py:188} INFO - An exception occurred 'rollcall-vote' Failed to save one or more votes for {bill_type} {bill_number}
[2024-04-14T00:57:48.788+0000] {logging_mixin.py:188} INFO - An exception occurred 'rollcall-vote' Failed to save one or more votes for {bill_type} {bill_number}
[2024-04-14T00:57:48.790+0000] {get_data.py:131} INFO - Opened bill from file /opt/***/dags/data/bills/hr/BILLSTATUS-118hr3099.json
[2024-04-14T00:57:49.170+0000] {get_data.py:131} INFO - Opened bill from file /opt/***/dags/data/bills/hr/BILLSTATUS-118hr7023.json
[2024-04-14T00:57:49.645+0000] {get_data.py:131} INFO - Opened bill from file /opt/***/dags/data/bills/hr/BILLSTATUS-118hr1548.json
[2024-04-14T00:57:50.006+0000] {get_data.py:131} INFO - Opened bill from file /opt/***/dags/data/bills/hr/BILLSTATUS-118hr1163.json
[2024-04-14T00:57:50.505+0000] {get_data.py:131} INFO - Opened bill from file /opt/***/dags/data/bills/hr/BILLSTATUS-118hr6976.json
[2024-04-14T00:57:50.652+0000] {logging_mixin.py:188} INFO - An exception occurred 'rollcall-vote' Failed to save one or more votes for {bill_type} {bill_number}
[2024-04-14T00:57:50.826+0000] {logging_mixin.py:188} INFO - An exception occurred 'rollcall-vote' Failed to save one or more votes for {bill_type} {bill_number}
[2024-04-14T00:57:50.981+0000] {logging_mixin.py:188} INFO - An exception occurred 'rollcall-vote' Failed to save one or more votes for {bill_type} {bill_number}
[2024-04-14T00:57:51.142+0000] {logging_mixin.py:188} INFO - An exception occurred 'rollcall-vote' Failed to save one or more votes for {bill_type} {bill_number}
[2024-04-14T00:57:51.144+0000] {get_data.py:131} INFO - Opened bill from file /opt/***/dags/data/bills/hr/BILLSTATUS-118hr3774.json
[2024-04-14T00:57:51.541+0000] {get_data.py:131} INFO - Opened bill from file /opt/***/dags/data/bills/hr/BILLSTATUS-118hr6126.json
[2024-04-14T00:57:52.459+0000] {get_data.py:131} INFO - Opened bill from file /opt/***/dags/data/bills/hr/BILLSTATUS-118hr467.json
[2024-04-14T00:57:52.802+0000] {get_data.py:131} INFO - Opened bill from file /opt/***/dags/data/bills/hr/BILLSTATUS-118hr3324.json
[2024-04-14T00:57:53.415+0000] {get_data.py:131} INFO - Opened bill from file /opt/***/dags/data/bills/hr/BILLSTATUS-118hr5862.json
[2024-04-14T00:57:53.617+0000] {logging_mixin.py:188} INFO - An exception occurred 'rollcall-vote' Failed to save one or more votes for {bill_type} {bill_number}
[2024-04-14T00:57:53.762+0000] {logging_mixin.py:188} INFO - An exception occurred 'rollcall-vote' Failed to save one or more votes for {bill_type} {bill_number}
[2024-04-14T00:57:53.929+0000] {logging_mixin.py:188} INFO - An exception occurred 'rollcall-vote' Failed to save one or more votes for {bill_type} {bill_number}
[2024-04-14T00:57:54.395+0000] {logging_mixin.py:188} INFO - An exception occurred 'rollcall-vote' Failed to save one or more votes for {bill_type} {bill_number}
[2024-04-14T00:57:54.401+0000] {get_data.py:131} INFO - Opened bill from file /opt/***/dags/data/bills/hr/BILLSTATUS-118hr1123.json
[2024-04-14T00:57:55.137+0000] {get_data.py:131} INFO - Opened bill from file /opt/***/dags/data/bills/hr/BILLSTATUS-118hr1836.json
[2024-04-14T00:57:55.607+0000] {logging_mixin.py:188} INFO - An exception occurred 'rollcall-vote' Failed to save one or more votes for {bill_type} {bill_number}
[2024-04-14T00:57:56.290+0000] {logging_mixin.py:188} INFO - An exception occurred 'rollcall-vote' Failed to save one or more votes for {bill_type} {bill_number}
[2024-04-14T00:57:56.295+0000] {get_data.py:131} INFO - Opened bill from file /opt/***/dags/data/bills/hr/BILLSTATUS-118hr3935.json
[2024-04-14T00:57:57.742+0000] {get_data.py:131} INFO - Opened bill from file /opt/***/dags/data/bills/hr/BILLSTATUS-118hr2670.json
[2024-04-14T00:58:01.564+0000] {get_data.py:131} INFO - Opened bill from file /opt/***/dags/data/bills/hr/BILLSTATUS-118hr2365.json
[2024-04-14T00:58:01.943+0000] {get_data.py:131} INFO - Opened bill from file /opt/***/dags/data/bills/hr/BILLSTATUS-118hr1226.json
[2024-04-14T00:58:02.288+0000] {get_data.py:131} INFO - Opened bill from file /opt/***/dags/data/bills/hr/BILLSTATUS-118hr4531.json
[2024-04-14T00:58:02.650+0000] {get_data.py:131} INFO - Opened bill from file /opt/***/dags/data/bills/hr/BILLSTATUS-118hr734.json
[2024-04-14T00:58:03.191+0000] {get_data.py:131} INFO - Opened bill from file /opt/***/dags/data/bills/hr/BILLSTATUS-118hr7521.json
[2024-04-14T00:58:03.424+0000] {logging_mixin.py:188} INFO - An exception occurred 'rollcall-vote' Failed to save one or more votes for {bill_type} {bill_number}
[2024-04-14T00:58:03.592+0000] {logging_mixin.py:188} INFO - An exception occurred 'rollcall-vote' Failed to save one or more votes for {bill_type} {bill_number}
[2024-04-14T00:58:03.595+0000] {get_data.py:131} INFO - Opened bill from file /opt/***/dags/data/bills/hr/BILLSTATUS-118hr5.json
[2024-04-14T00:58:04.335+0000] {get_data.py:131} INFO - Opened bill from file /opt/***/dags/data/bills/hr/BILLSTATUS-118hr3391.json
[2024-04-14T00:58:04.566+0000] {logging_mixin.py:188} INFO - An exception occurred 'rollcall-vote' Failed to save one or more votes for {bill_type} {bill_number}
[2024-04-14T00:58:04.718+0000] {logging_mixin.py:188} INFO - An exception occurred 'rollcall-vote' Failed to save one or more votes for {bill_type} {bill_number}
[2024-04-14T00:58:04.883+0000] {logging_mixin.py:188} INFO - An exception occurred 'rollcall-vote' Failed to save one or more votes for {bill_type} {bill_number}
[2024-04-14T00:58:05.039+0000] {logging_mixin.py:188} INFO - An exception occurred 'rollcall-vote' Failed to save one or more votes for {bill_type} {bill_number}
[2024-04-14T00:58:05.045+0000] {get_data.py:131} INFO - Opened bill from file /opt/***/dags/data/bills/hr/BILLSTATUS-118hr2754.json
[2024-04-14T00:58:05.224+0000] {logging_mixin.py:188} INFO - An exception occurred 'rollcall-vote' Failed to save one or more votes for {bill_type} {bill_number}
[2024-04-14T00:58:05.401+0000] {logging_mixin.py:188} INFO - An exception occurred 'rollcall-vote' Failed to save one or more votes for {bill_type} {bill_number}
[2024-04-14T00:58:05.591+0000] {logging_mixin.py:188} INFO - An exception occurred 'rollcall-vote' Failed to save one or more votes for {bill_type} {bill_number}
[2024-04-14T00:58:05.781+0000] {logging_mixin.py:188} INFO - An exception occurred 'rollcall-vote' Failed to save one or more votes for {bill_type} {bill_number}
[2024-04-14T00:58:05.784+0000] {get_data.py:131} INFO - Opened bill from file /opt/***/dags/data/bills/hr/BILLSTATUS-118hr485.json
[2024-04-14T00:58:05.928+0000] {logging_mixin.py:188} INFO - An exception occurred 'rollcall-vote' Failed to save one or more votes for {bill_type} {bill_number}
[2024-04-14T00:58:06.103+0000] {logging_mixin.py:188} INFO - An exception occurred 'rollcall-vote' Failed to save one or more votes for {bill_type} {bill_number}
[2024-04-14T00:58:06.279+0000] {logging_mixin.py:188} INFO - An exception occurred 'rollcall-vote' Failed to save one or more votes for {bill_type} {bill_number}
[2024-04-14T00:58:06.470+0000] {logging_mixin.py:188} INFO - An exception occurred 'rollcall-vote' Failed to save one or more votes for {bill_type} {bill_number}
[2024-04-14T00:58:06.740+0000] {logging_mixin.py:188} INFO - An exception occurred 'rollcall-vote' Failed to save one or more votes for {bill_type} {bill_number}
[2024-04-14T00:58:06.906+0000] {logging_mixin.py:188} INFO - An exception occurred 'rollcall-vote' Failed to save one or more votes for {bill_type} {bill_number}
[2024-04-14T00:58:06.910+0000] {get_data.py:131} INFO - Opened bill from file /opt/***/dags/data/bills/hr/BILLSTATUS-118hr1752.json
[2024-04-14T00:58:07.070+0000] {logging_mixin.py:188} INFO - An exception occurred 'rollcall-vote' Failed to save one or more votes for {bill_type} {bill_number}
[2024-04-14T00:58:07.271+0000] {logging_mixin.py:188} INFO - An exception occurred 'rollcall-vote' Failed to save one or more votes for {bill_type} {bill_number}
[2024-04-14T00:58:07.275+0000] {get_data.py:131} INFO - Opened bill from file /opt/***/dags/data/bills/hr/BILLSTATUS-118hr1093.json
[2024-04-14T00:58:07.667+0000] {get_data.py:131} INFO - Opened bill from file /opt/***/dags/data/bills/hr/BILLSTATUS-118hr1640.json
[2024-04-14T00:58:08.061+0000] {get_data.py:131} INFO - Opened bill from file /opt/***/dags/data/bills/hr/BILLSTATUS-118hr3981.json
[2024-04-14T00:58:08.587+0000] {get_data.py:131} INFO - Opened bill from file /opt/***/dags/data/bills/hr/BILLSTATUS-118hr542.json
[2024-04-14T00:58:09.592+0000] {get_data.py:131} INFO - Opened bill from file /opt/***/dags/data/bills/hr/BILLSTATUS-118hr22.json
[2024-04-14T00:58:10.110+0000] {logging_mixin.py:188} INFO - An exception occurred 'rollcall-vote' Failed to save one or more votes for {bill_type} {bill_number}
[2024-04-14T00:58:10.560+0000] {logging_mixin.py:188} INFO - An exception occurred 'rollcall-vote' Failed to save one or more votes for {bill_type} {bill_number}
[2024-04-14T00:58:10.569+0000] {get_data.py:131} INFO - Opened bill from file /opt/***/dags/data/bills/hr/BILLSTATUS-118hr2797.json
[2024-04-14T00:58:11.605+0000] {get_data.py:131} INFO - Opened bill from file /opt/***/dags/data/bills/hr/BILLSTATUS-118hr1154.json
[2024-04-14T00:58:11.937+0000] {get_data.py:131} INFO - Opened bill from file /opt/***/dags/data/bills/hr/BILLSTATUS-118hr1338.json
[2024-04-14T00:58:12.501+0000] {get_data.py:131} INFO - Opened bill from file /opt/***/dags/data/bills/hr/BILLSTATUS-118hr2.json
[2024-04-14T00:58:13.276+0000] {get_data.py:131} INFO - Opened bill from file /opt/***/dags/data/bills/hr/BILLSTATUS-118hr7463.json
[2024-04-14T00:58:14.846+0000] {logging_mixin.py:188} INFO - An exception occurred 'rollcall-vote' Failed to save one or more votes for {bill_type} {bill_number}
[2024-04-14T00:58:15.008+0000] {logging_mixin.py:188} INFO - An exception occurred 'rollcall-vote' Failed to save one or more votes for {bill_type} {bill_number}
[2024-04-14T00:58:15.187+0000] {logging_mixin.py:188} INFO - An exception occurred 'rollcall-vote' Failed to save one or more votes for {bill_type} {bill_number}
[2024-04-14T00:58:15.484+0000] {logging_mixin.py:188} INFO - An exception occurred 'rollcall-vote' Failed to save one or more votes for {bill_type} {bill_number}
[2024-04-14T00:58:15.488+0000] {get_data.py:131} INFO - Opened bill from file /opt/***/dags/data/bills/hr/BILLSTATUS-118hr676.json
[2024-04-14T00:58:15.847+0000] {get_data.py:131} INFO - Opened bill from file /opt/***/dags/data/bills/hr/BILLSTATUS-118hr7176.json
[2024-04-14T00:58:16.000+0000] {logging_mixin.py:188} INFO - An exception occurred 'rollcall-vote' Failed to save one or more votes for {bill_type} {bill_number}
[2024-04-14T00:58:16.168+0000] {logging_mixin.py:188} INFO - An exception occurred 'rollcall-vote' Failed to save one or more votes for {bill_type} {bill_number}
[2024-04-14T00:58:16.503+0000] {logging_mixin.py:188} INFO - An exception occurred 'rollcall-vote' Failed to save one or more votes for {bill_type} {bill_number}
[2024-04-14T00:58:16.730+0000] {logging_mixin.py:188} INFO - An exception occurred 'rollcall-vote' Failed to save one or more votes for {bill_type} {bill_number}
[2024-04-14T00:58:16.880+0000] {logging_mixin.py:188} INFO - An exception occurred 'rollcall-vote' Failed to save one or more votes for {bill_type} {bill_number}
[2024-04-14T00:58:17.052+0000] {logging_mixin.py:188} INFO - An exception occurred 'rollcall-vote' Failed to save one or more votes for {bill_type} {bill_number}
[2024-04-14T00:58:17.055+0000] {get_data.py:131} INFO - Opened bill from file /opt/***/dags/data/bills/hr/BILLSTATUS-118hr1734.json
[2024-04-14T00:58:17.652+0000] {get_data.py:131} INFO - Opened bill from file /opt/***/dags/data/bills/hr/BILLSTATUS-118hr3089.json
[2024-04-14T00:58:18.084+0000] {get_data.py:131} INFO - Opened bill from file /opt/***/dags/data/bills/hr/BILLSTATUS-118hr288.json
[2024-04-14T00:58:18.760+0000] {get_data.py:131} INFO - Opened bill from file /opt/***/dags/data/bills/hr/BILLSTATUS-118hr1149.json
[2024-04-14T00:58:19.392+0000] {get_data.py:131} INFO - Opened bill from file /opt/***/dags/data/bills/hr/BILLSTATUS-118hr359.json
[2024-04-14T00:58:19.800+0000] {get_data.py:131} INFO - Opened bill from file /opt/***/dags/data/bills/hr/BILLSTATUS-118hr4367.json
[2024-04-14T00:58:21.061+0000] {get_data.py:131} INFO - Opened bill from file /opt/***/dags/data/bills/hr/BILLSTATUS-118hr4664.json
[2024-04-14T00:58:21.065+0000] {get_data.py:131} INFO - Opened bill from file /opt/***/dags/data/bills/hr/BILLSTATUS-118hr6679.json
[2024-04-14T00:58:21.239+0000] {logging_mixin.py:188} INFO - An exception occurred 'rollcall-vote' Failed to save one or more votes for {bill_type} {bill_number}
[2024-04-14T00:58:21.409+0000] {logging_mixin.py:188} INFO - An exception occurred 'rollcall-vote' Failed to save one or more votes for {bill_type} {bill_number}
[2024-04-14T00:58:21.581+0000] {logging_mixin.py:188} INFO - An exception occurred 'rollcall-vote' Failed to save one or more votes for {bill_type} {bill_number}
[2024-04-14T00:58:21.840+0000] {logging_mixin.py:188} INFO - An exception occurred 'rollcall-vote' Failed to save one or more votes for {bill_type} {bill_number}
[2024-04-14T00:58:21.872+0000] {get_data.py:131} INFO - Opened bill from file /opt/***/dags/data/bills/hr/BILLSTATUS-118hr5110.json
[2024-04-14T00:58:22.853+0000] {get_data.py:131} INFO - Opened bill from file /opt/***/dags/data/bills/hr/BILLSTATUS-118hr400.json
[2024-04-14T00:58:23.507+0000] {logging_mixin.py:188} INFO - An exception occurred 'rollcall-vote' Failed to save one or more votes for {bill_type} {bill_number}
[2024-04-14T00:58:24.052+0000] {logging_mixin.py:188} INFO - An exception occurred 'rollcall-vote' Failed to save one or more votes for {bill_type} {bill_number}
[2024-04-14T00:58:24.062+0000] {get_data.py:131} INFO - Opened bill from file /opt/***/dags/data/bills/hr/BILLSTATUS-118hr139.json
[2024-04-14T00:58:25.408+0000] {get_data.py:131} INFO - Opened bill from file /opt/***/dags/data/bills/hr/BILLSTATUS-118hr302.json
[2024-04-14T00:58:26.214+0000] {get_data.py:131} INFO - Opened bill from file /opt/***/dags/data/bills/hr/BILLSTATUS-118hr1606.json
[2024-04-14T00:58:26.589+0000] {get_data.py:131} INFO - Opened bill from file /opt/***/dags/data/bills/hr/BILLSTATUS-118hr6655.json
[2024-04-14T00:58:26.995+0000] {get_data.py:131} INFO - Opened bill from file /opt/***/dags/data/bills/hr/BILLSTATUS-118hr1715.json
[2024-04-14T00:58:27.400+0000] {get_data.py:131} INFO - Opened bill from file /opt/***/dags/data/bills/hr/BILLSTATUS-118hr2494.json
[2024-04-14T00:58:27.760+0000] {get_data.py:131} INFO - Opened bill from file /opt/***/dags/data/bills/hr/BILLSTATUS-118hr2882.json
[2024-04-14T00:58:30.645+0000] {logging_mixin.py:188} INFO - An exception occurred 'rollcall-vote' Failed to save one or more votes for {bill_type} {bill_number}
[2024-04-14T00:58:30.909+0000] {logging_mixin.py:188} INFO - An exception occurred 'rollcall-vote' Failed to save one or more votes for {bill_type} {bill_number}
[2024-04-14T00:58:31.103+0000] {logging_mixin.py:188} INFO - An exception occurred 'rollcall-vote' Failed to save one or more votes for {bill_type} {bill_number}
[2024-04-14T00:58:31.263+0000] {logging_mixin.py:188} INFO - An exception occurred 'rollcall-vote' Failed to save one or more votes for {bill_type} {bill_number}
[2024-04-14T00:58:31.265+0000] {get_data.py:131} INFO - Opened bill from file /opt/***/dags/data/bills/hr/BILLSTATUS-118hr1607.json
[2024-04-14T00:58:31.603+0000] {get_data.py:131} INFO - Opened bill from file /opt/***/dags/data/bills/hr/BILLSTATUS-118hr753.json
[2024-04-14T00:58:31.939+0000] {get_data.py:131} INFO - Opened bill from file /opt/***/dags/data/bills/hr/BILLSTATUS-118hr7511.json
[2024-04-14T00:58:32.089+0000] {logging_mixin.py:188} INFO - An exception occurred 'rollcall-vote' Failed to save one or more votes for {bill_type} {bill_number}
[2024-04-14T00:58:32.253+0000] {logging_mixin.py:188} INFO - An exception occurred 'rollcall-vote' Failed to save one or more votes for {bill_type} {bill_number}
[2024-04-14T00:58:32.255+0000] {get_data.py:131} INFO - Opened bill from file /opt/***/dags/data/bills/hr/BILLSTATUS-118hr7454.json
[2024-04-14T00:58:32.404+0000] {logging_mixin.py:188} INFO - An exception occurred 'rollcall-vote' Failed to save one or more votes for {bill_type} {bill_number}
[2024-04-14T00:58:32.559+0000] {logging_mixin.py:188} INFO - An exception occurred 'rollcall-vote' Failed to save one or more votes for {bill_type} {bill_number}
[2024-04-14T00:58:32.753+0000] {logging_mixin.py:188} INFO - An exception occurred 'rollcall-vote' Failed to save one or more votes for {bill_type} {bill_number}
[2024-04-14T00:58:32.943+0000] {logging_mixin.py:188} INFO - An exception occurred 'rollcall-vote' Failed to save one or more votes for {bill_type} {bill_number}
[2024-04-14T00:58:32.952+0000] {get_data.py:131} INFO - Opened bill from file /opt/***/dags/data/bills/hr/BILLSTATUS-118hr1353.json
[2024-04-14T00:58:33.324+0000] {get_data.py:131} INFO - Opened bill from file /opt/***/dags/data/bills/hr/BILLSTATUS-118hr3250.json
[2024-04-14T00:58:33.669+0000] {get_data.py:131} INFO - Opened bill from file /opt/***/dags/data/bills/hr/BILLSTATUS-118hr4468.json
[2024-04-14T00:58:34.206+0000] {get_data.py:131} INFO - Opened bill from file /opt/***/dags/data/bills/hr/BILLSTATUS-118hr2379.json
[2024-04-14T00:58:34.536+0000] {get_data.py:131} INFO - Opened bill from file /opt/***/dags/data/bills/hr/BILLSTATUS-118hr1105.json
[2024-04-14T00:58:34.864+0000] {get_data.py:131} INFO - Opened bill from file /opt/***/dags/data/bills/hr/BILLSTATUS-118hr6678.json
[2024-04-14T00:58:35.004+0000] {logging_mixin.py:188} INFO - An exception occurred 'rollcall-vote' Failed to save one or more votes for {bill_type} {bill_number}
[2024-04-14T00:58:35.164+0000] {logging_mixin.py:188} INFO - An exception occurred 'rollcall-vote' Failed to save one or more votes for {bill_type} {bill_number}
[2024-04-14T00:58:35.365+0000] {logging_mixin.py:188} INFO - An exception occurred 'rollcall-vote' Failed to save one or more votes for {bill_type} {bill_number}
[2024-04-14T00:58:35.535+0000] {logging_mixin.py:188} INFO - An exception occurred 'rollcall-vote' Failed to save one or more votes for {bill_type} {bill_number}
[2024-04-14T00:58:35.540+0000] {get_data.py:131} INFO - Opened bill from file /opt/***/dags/data/bills/hr/BILLSTATUS-118hr4665.json
[2024-04-14T00:58:36.138+0000] {get_data.py:131} INFO - Opened bill from file /opt/***/dags/data/bills/hr/BILLSTATUS-118hr533.json
[2024-04-14T00:58:36.284+0000] {logging_mixin.py:188} INFO - An exception occurred 'rollcall-vote' Failed to save one or more votes for {bill_type} {bill_number}
[2024-04-14T00:58:36.436+0000] {logging_mixin.py:188} INFO - An exception occurred 'rollcall-vote' Failed to save one or more votes for {bill_type} {bill_number}
[2024-04-14T00:58:36.585+0000] {logging_mixin.py:188} INFO - An exception occurred 'rollcall-vote' Failed to save one or more votes for {bill_type} {bill_number}
[2024-04-14T00:58:36.751+0000] {logging_mixin.py:188} INFO - An exception occurred 'rollcall-vote' Failed to save one or more votes for {bill_type} {bill_number}
[2024-04-14T00:58:36.755+0000] {get_data.py:131} INFO - Opened bill from file /opt/***/dags/data/bills/hr/BILLSTATUS-118hr4366.json
[2024-04-14T00:58:41.938+0000] {get_data.py:131} INFO - Opened bill from file /opt/***/dags/data/bills/hr/BILLSTATUS-118hr5961.json
[2024-04-14T00:58:42.402+0000] {get_data.py:131} INFO - Opened bill from file /opt/***/dags/data/bills/hr/BILLSTATUS-118hr1076.json
[2024-04-14T00:58:42.759+0000] {get_data.py:131} INFO - Opened bill from file /opt/***/dags/data/bills/hr/BILLSTATUS-118hr6009.json
[2024-04-14T00:58:42.959+0000] {logging_mixin.py:188} INFO - An exception occurred 'rollcall-vote' Failed to save one or more votes for {bill_type} {bill_number}
[2024-04-14T00:58:43.281+0000] {logging_mixin.py:188} INFO - An exception occurred 'rollcall-vote' Failed to save one or more votes for {bill_type} {bill_number}
[2024-04-14T00:58:43.464+0000] {logging_mixin.py:188} INFO - An exception occurred 'rollcall-vote' Failed to save one or more votes for {bill_type} {bill_number}
[2024-04-14T00:58:43.467+0000] {get_data.py:131} INFO - Opened bill from file /opt/***/dags/data/bills/hr/BILLSTATUS-118hr7024.json
[2024-04-14T00:58:43.663+0000] {logging_mixin.py:188} INFO - An exception occurred 'rollcall-vote' Failed to save one or more votes for {bill_type} {bill_number}
[2024-04-14T00:58:43.892+0000] {logging_mixin.py:188} INFO - An exception occurred 'rollcall-vote' Failed to save one or more votes for {bill_type} {bill_number}
[2024-04-14T00:58:44.147+0000] {logging_mixin.py:188} INFO - An exception occurred 'rollcall-vote' Failed to save one or more votes for {bill_type} {bill_number}
[2024-04-14T00:58:44.335+0000] {logging_mixin.py:188} INFO - An exception occurred 'rollcall-vote' Failed to save one or more votes for {bill_type} {bill_number}
[2024-04-14T00:58:44.337+0000] {get_data.py:131} INFO - Opened bill from file /opt/***/dags/data/bills/hr/BILLSTATUS-118hr3821.json
[2024-04-14T00:58:44.511+0000] {logging_mixin.py:188} INFO - An exception occurred 'rollcall-vote' Failed to save one or more votes for {bill_type} {bill_number}
[2024-04-14T00:58:44.698+0000] {logging_mixin.py:188} INFO - An exception occurred 'rollcall-vote' Failed to save one or more votes for {bill_type} {bill_number}
[2024-04-14T00:58:44.874+0000] {logging_mixin.py:188} INFO - An exception occurred 'rollcall-vote' Failed to save one or more votes for {bill_type} {bill_number}
[2024-04-14T00:58:45.142+0000] {logging_mixin.py:188} INFO - An exception occurred 'rollcall-vote' Failed to save one or more votes for {bill_type} {bill_number}
[2024-04-14T00:58:45.145+0000] {get_data.py:131} INFO - Opened bill from file /opt/***/dags/data/bills/hr/BILLSTATUS-118hr3564.json
[2024-04-14T00:58:45.949+0000] {get_data.py:131} INFO - Opened bill from file /opt/***/dags/data/bills/hr/BILLSTATUS-118hr159.json
[2024-04-14T00:58:46.102+0000] {logging_mixin.py:188} INFO - An exception occurred 'rollcall-vote' Failed to save one or more votes for {bill_type} {bill_number}
[2024-04-14T00:58:46.298+0000] {logging_mixin.py:188} INFO - An exception occurred 'rollcall-vote' Failed to save one or more votes for {bill_type} {bill_number}
[2024-04-14T00:58:46.304+0000] {get_data.py:131} INFO - Opened bill from file /opt/***/dags/data/bills/hr/BILLSTATUS-118hr4723.json
[2024-04-14T00:58:46.496+0000] {logging_mixin.py:188} INFO - An exception occurred 'rollcall-vote' Failed to save one or more votes for {bill_type} {bill_number}
[2024-04-14T00:58:46.741+0000] {logging_mixin.py:188} INFO - An exception occurred 'rollcall-vote' Failed to save one or more votes for {bill_type} {bill_number}
[2024-04-14T00:58:46.766+0000] {get_data.py:131} INFO - Opened bill from file /opt/***/dags/data/bills/hr/BILLSTATUS-118hr4365.json
[2024-04-14T00:58:47.354+0000] {get_data.py:131} INFO - Opened bill from file /opt/***/dags/data/bills/hr/BILLSTATUS-118hr3224.json
[2024-04-14T00:58:47.871+0000] {get_data.py:131} INFO - Opened bill from file /opt/***/dags/data/bills/hr/BILLSTATUS-118hr662.json
[2024-04-14T00:58:48.180+0000] {get_data.py:131} INFO - Opened bill from file /opt/***/dags/data/bills/hr/BILLSTATUS-118hr3843.json
[2024-04-14T00:58:48.373+0000] {logging_mixin.py:188} INFO - An exception occurred 'rollcall-vote' Failed to save one or more votes for {bill_type} {bill_number}
[2024-04-14T00:58:48.677+0000] {logging_mixin.py:188} INFO - An exception occurred 'rollcall-vote' Failed to save one or more votes for {bill_type} {bill_number}
[2024-04-14T00:58:48.842+0000] {logging_mixin.py:188} INFO - An exception occurred 'rollcall-vote' Failed to save one or more votes for {bill_type} {bill_number}
[2024-04-14T00:58:49.049+0000] {logging_mixin.py:188} INFO - An exception occurred 'rollcall-vote' Failed to save one or more votes for {bill_type} {bill_number}
[2024-04-14T00:58:49.053+0000] {get_data.py:131} INFO - Opened bill from file /opt/***/dags/data/bills/hr/BILLSTATUS-118hr300.json
[2024-04-14T00:58:49.338+0000] {logging_mixin.py:188} INFO - An exception occurred 'rollcall-vote' Failed to save one or more votes for {bill_type} {bill_number}
[2024-04-14T00:58:49.600+0000] {logging_mixin.py:188} INFO - An exception occurred 'rollcall-vote' Failed to save one or more votes for {bill_type} {bill_number}
[2024-04-14T00:58:49.602+0000] {get_data.py:131} INFO - Opened bill from file /opt/***/dags/data/bills/hr/BILLSTATUS-118hr357.json
[2024-04-14T00:58:50.286+0000] {get_data.py:131} INFO - Opened bill from file /opt/***/dags/data/bills/hr/BILLSTATUS-118hr1096.json
[2024-04-14T00:58:50.672+0000] {get_data.py:131} INFO - Opened bill from file /opt/***/dags/data/bills/hr/BILLSTATUS-118hr4502.json
[2024-04-14T00:58:51.122+0000] {get_data.py:131} INFO - Opened bill from file /opt/***/dags/data/bills/hr/BILLSTATUS-118hr1147.json
[2024-04-14T00:58:51.706+0000] {get_data.py:131} INFO - Opened bill from file /opt/***/dags/data/bills/hr/BILLSTATUS-118hr5692.json
[2024-04-14T00:58:52.478+0000] {get_data.py:131} INFO - Opened bill from file /opt/***/dags/data/bills/hr/BILLSTATUS-118hr6544.json
[2024-04-14T00:58:52.813+0000] {logging_mixin.py:188} INFO - An exception occurred 'rollcall-vote' Failed to save one or more votes for {bill_type} {bill_number}
[2024-04-14T00:58:53.151+0000] {logging_mixin.py:188} INFO - An exception occurred 'rollcall-vote' Failed to save one or more votes for {bill_type} {bill_number}
[2024-04-14T00:58:53.635+0000] {logging_mixin.py:188} INFO - An exception occurred 'rollcall-vote' Failed to save one or more votes for {bill_type} {bill_number}
[2024-04-14T00:58:54.410+0000] {logging_mixin.py:188} INFO - An exception occurred 'rollcall-vote' Failed to save one or more votes for {bill_type} {bill_number}
[2024-04-14T00:58:54.424+0000] {get_data.py:131} INFO - Opened bill from file /opt/***/dags/data/bills/hr/BILLSTATUS-118hr3746.json
[2024-04-14T00:58:55.686+0000] {get_data.py:131} INFO - Opened bill from file /opt/***/dags/data/bills/hr/BILLSTATUS-118hr140.json
[2024-04-14T00:58:56.249+0000] {get_data.py:131} INFO - Opened bill from file /opt/***/dags/data/bills/hr/BILLSTATUS-118hr1669.json
[2024-04-14T00:58:56.613+0000] {get_data.py:131} INFO - Opened bill from file /opt/***/dags/data/bills/hr/BILLSTATUS-118hr3091.json
[2024-04-14T00:58:56.964+0000] {get_data.py:131} INFO - Opened bill from file /opt/***/dags/data/bills/hr/BILLSTATUS-118hr382.json
[2024-04-14T00:58:57.539+0000] {logging_mixin.py:188} INFO - An exception occurred 'rollcall-vote' Failed to save one or more votes for {bill_type} {bill_number}
[2024-04-14T00:58:57.542+0000] {get_data.py:131} INFO - Opened bill from file /opt/***/dags/data/bills/hr/BILLSTATUS-118hr3838.json
[2024-04-14T00:58:57.695+0000] {logging_mixin.py:188} INFO - An exception occurred 'rollcall-vote' Failed to save one or more votes for {bill_type} {bill_number}
[2024-04-14T00:58:57.841+0000] {logging_mixin.py:188} INFO - An exception occurred 'rollcall-vote' Failed to save one or more votes for {bill_type} {bill_number}
[2024-04-14T00:58:58.013+0000] {logging_mixin.py:188} INFO - An exception occurred 'rollcall-vote' Failed to save one or more votes for {bill_type} {bill_number}
[2024-04-14T00:58:58.162+0000] {logging_mixin.py:188} INFO - An exception occurred 'rollcall-vote' Failed to save one or more votes for {bill_type} {bill_number}
[2024-04-14T00:58:58.167+0000] {get_data.py:131} INFO - Opened bill from file /opt/***/dags/data/bills/hr/BILLSTATUS-118hr5283.json
[2024-04-14T00:58:58.560+0000] {get_data.py:131} INFO - Opened bill from file /opt/***/dags/data/bills/hr/BILLSTATUS-118hr1151.json
[2024-04-14T00:58:58.895+0000] {get_data.py:131} INFO - Opened bill from file /opt/***/dags/data/bills/hr/BILLSTATUS-118hr2792.json
[2024-04-14T00:58:59.270+0000] {get_data.py:131} INFO - Opened bill from file /opt/***/dags/data/bills/hr/BILLSTATUS-118hr443.json
[2024-04-14T00:58:59.436+0000] {logging_mixin.py:188} INFO - An exception occurred 'rollcall-vote' Failed to save one or more votes for {bill_type} {bill_number}
[2024-04-14T00:58:59.624+0000] {logging_mixin.py:188} INFO - An exception occurred 'rollcall-vote' Failed to save one or more votes for {bill_type} {bill_number}
[2024-04-14T00:58:59.850+0000] {logging_mixin.py:188} INFO - An exception occurred 'rollcall-vote' Failed to save one or more votes for {bill_type} {bill_number}
[2024-04-14T00:59:00.032+0000] {logging_mixin.py:188} INFO - An exception occurred 'rollcall-vote' Failed to save one or more votes for {bill_type} {bill_number}
[2024-04-14T00:59:00.044+0000] {get_data.py:131} INFO - Opened bill from file /opt/***/dags/data/bills/hr/BILLSTATUS-118hr2793.json
[2024-04-14T00:59:00.515+0000] {get_data.py:131} INFO - Opened bill from file /opt/***/dags/data/bills/hr/BILLSTATUS-118hr1107.json
[2024-04-14T00:59:00.846+0000] {get_data.py:131} INFO - Opened bill from file /opt/***/dags/data/bills/hr/BILLSTATUS-118hr26.json
[2024-04-14T00:59:01.031+0000] {logging_mixin.py:188} INFO - An exception occurred 'rollcall-vote' Failed to save one or more votes for {bill_type} {bill_number}
[2024-04-14T00:59:01.201+0000] {logging_mixin.py:188} INFO - An exception occurred 'rollcall-vote' Failed to save one or more votes for {bill_type} {bill_number}
[2024-04-14T00:59:01.376+0000] {logging_mixin.py:188} INFO - An exception occurred 'rollcall-vote' Failed to save one or more votes for {bill_type} {bill_number}
[2024-04-14T00:59:01.378+0000] {get_data.py:131} INFO - Opened bill from file /opt/***/dags/data/bills/hr/BILLSTATUS-118hr815.json
[2024-04-14T00:59:03.876+0000] {get_data.py:131} INFO - Opened bill from file /opt/***/dags/data/bills/hr/BILLSTATUS-118hr839.json
[2024-04-14T00:59:04.032+0000] {logging_mixin.py:188} INFO - An exception occurred 'rollcall-vote' Failed to save one or more votes for {bill_type} {bill_number}
[2024-04-14T00:59:04.179+0000] {logging_mixin.py:188} INFO - An exception occurred 'rollcall-vote' Failed to save one or more votes for {bill_type} {bill_number}
[2024-04-14T00:59:04.331+0000] {logging_mixin.py:188} INFO - An exception occurred 'rollcall-vote' Failed to save one or more votes for {bill_type} {bill_number}
[2024-04-14T00:59:04.470+0000] {logging_mixin.py:188} INFO - An exception occurred 'rollcall-vote' Failed to save one or more votes for {bill_type} {bill_number}
[2024-04-14T00:59:04.472+0000] {get_data.py:131} INFO - Opened bill from file /opt/***/dags/data/bills/hr/BILLSTATUS-118hr497.json
[2024-04-14T00:59:04.634+0000] {logging_mixin.py:188} INFO - An exception occurred 'rollcall-vote' Failed to save one or more votes for {bill_type} {bill_number}
[2024-04-14T00:59:04.807+0000] {logging_mixin.py:188} INFO - An exception occurred 'rollcall-vote' Failed to save one or more votes for {bill_type} {bill_number}
[2024-04-14T00:59:04.964+0000] {logging_mixin.py:188} INFO - An exception occurred 'rollcall-vote' Failed to save one or more votes for {bill_type} {bill_number}
[2024-04-14T00:59:04.969+0000] {get_data.py:131} INFO - Opened bill from file /opt/***/dags/data/bills/hr/BILLSTATUS-118hr4368.json
[2024-04-14T00:59:05.483+0000] {get_data.py:131} INFO - Opened bill from file /opt/***/dags/data/bills/hr/BILLSTATUS-118hr7102.json
[2024-04-14T00:59:05.644+0000] {logging_mixin.py:188} INFO - An exception occurred 'rollcall-vote' Failed to save one or more votes for {bill_type} {bill_number}
[2024-04-14T00:59:05.813+0000] {logging_mixin.py:188} INFO - An exception occurred 'rollcall-vote' Failed to save one or more votes for {bill_type} {bill_number}
[2024-04-14T00:59:06.009+0000] {logging_mixin.py:188} INFO - An exception occurred 'rollcall-vote' Failed to save one or more votes for {bill_type} {bill_number}
[2024-04-14T00:59:06.182+0000] {logging_mixin.py:188} INFO - An exception occurred 'rollcall-vote' Failed to save one or more votes for {bill_type} {bill_number}
[2024-04-14T00:59:06.184+0000] {get_data.py:131} INFO - Opened bill from file /opt/***/dags/data/bills/hr/BILLSTATUS-118hr593.json
[2024-04-14T00:59:06.924+0000] {get_data.py:131} INFO - Opened bill from file /opt/***/dags/data/bills/hr/BILLSTATUS-118hr340.json
[2024-04-14T00:59:07.752+0000] {get_data.py:131} INFO - Opened bill from file /opt/***/dags/data/bills/hr/BILLSTATUS-118hr788.json
[2024-04-14T00:59:08.616+0000] {logging_mixin.py:188} INFO - An exception occurred 'rollcall-vote' Failed to save one or more votes for {bill_type} {bill_number}
[2024-04-14T00:59:09.120+0000] {logging_mixin.py:188} INFO - An exception occurred 'rollcall-vote' Failed to save one or more votes for {bill_type} {bill_number}
[2024-04-14T00:59:09.340+0000] {logging_mixin.py:188} INFO - An exception occurred 'rollcall-vote' Failed to save one or more votes for {bill_type} {bill_number}
[2024-04-14T00:59:09.496+0000] {logging_mixin.py:188} INFO - An exception occurred 'rollcall-vote' Failed to save one or more votes for {bill_type} {bill_number}
[2024-04-14T00:59:09.643+0000] {logging_mixin.py:188} INFO - An exception occurred 'rollcall-vote' Failed to save one or more votes for {bill_type} {bill_number}
[2024-04-14T00:59:09.799+0000] {logging_mixin.py:188} INFO - An exception occurred 'rollcall-vote' Failed to save one or more votes for {bill_type} {bill_number}
[2024-04-14T00:59:09.811+0000] {get_data.py:131} INFO - Opened bill from file /opt/***/dags/data/bills/hr/BILLSTATUS-118hr6363.json
[2024-04-14T00:59:10.998+0000] {get_data.py:131} INFO - Opened bill from file /opt/***/dags/data/bills/hr/BILLSTATUS-118hr1.json
[2024-04-14T00:59:11.533+0000] {get_data.py:131} INFO - Opened bill from file /opt/***/dags/data/bills/hr/BILLSTATUS-118hr4470.json
[2024-04-14T00:59:11.857+0000] {get_data.py:131} INFO - Opened bill from file /opt/***/dags/data/bills/hr/BILLSTATUS-118hr663.json
[2024-04-14T00:59:12.279+0000] {get_data.py:131} INFO - Opened bill from file /opt/***/dags/data/bills/hr/BILLSTATUS-118hr2766.json
[2024-04-14T00:59:12.478+0000] {logging_mixin.py:188} INFO - An exception occurred 'rollcall-vote' Failed to save one or more votes for {bill_type} {bill_number}
[2024-04-14T00:59:12.783+0000] {logging_mixin.py:188} INFO - An exception occurred 'rollcall-vote' Failed to save one or more votes for {bill_type} {bill_number}
[2024-04-14T00:59:12.950+0000] {logging_mixin.py:188} INFO - An exception occurred 'rollcall-vote' Failed to save one or more votes for {bill_type} {bill_number}
[2024-04-14T00:59:13.115+0000] {logging_mixin.py:188} INFO - An exception occurred 'rollcall-vote' Failed to save one or more votes for {bill_type} {bill_number}
[2024-04-14T00:59:13.116+0000] {get_data.py:131} INFO - Opened bill from file /opt/***/dags/data/bills/hr/BILLSTATUS-118hr589.json
[2024-04-14T00:59:13.482+0000] {get_data.py:131} INFO - Opened bill from file /opt/***/dags/data/bills/hr/BILLSTATUS-118hr1023.json
[2024-04-14T00:59:14.294+0000] {get_data.py:131} INFO - Opened bill from file /opt/***/dags/data/bills/hr/BILLSTATUS-118hr4364.json
[2024-04-14T00:59:15.091+0000] {get_data.py:131} INFO - Opened bill from file /opt/***/dags/data/bills/hr/BILLSTATUS-118hr347.json
[2024-04-14T00:59:15.443+0000] {get_data.py:131} INFO - Opened bill from file /opt/***/dags/data/bills/hr/BILLSTATUS-118hr886.json
[2024-04-14T00:59:15.595+0000] {logging_mixin.py:188} INFO - An exception occurred 'rollcall-vote' Failed to save one or more votes for {bill_type} {bill_number}
[2024-04-14T00:59:15.775+0000] {logging_mixin.py:188} INFO - An exception occurred 'rollcall-vote' Failed to save one or more votes for {bill_type} {bill_number}
[2024-04-14T00:59:15.783+0000] {get_data.py:131} INFO - Opened bill from file /opt/***/dags/data/bills/hr/BILLSTATUS-118hr185.json
[2024-04-14T00:59:16.523+0000] {get_data.py:131} INFO - Opened bill from file /opt/***/dags/data/bills/hr/BILLSTATUS-118hr3941.json
[2024-04-14T00:59:17.132+0000] {get_data.py:131} INFO - Opened bill from file /opt/***/dags/data/bills/hr/BILLSTATUS-118hr5856.json
[2024-04-14T00:59:17.290+0000] {logging_mixin.py:188} INFO - An exception occurred 'rollcall-vote' Failed to save one or more votes for {bill_type} {bill_number}
[2024-04-14T00:59:17.457+0000] {logging_mixin.py:188} INFO - An exception occurred 'rollcall-vote' Failed to save one or more votes for {bill_type} {bill_number}
[2024-04-14T00:59:17.734+0000] {logging_mixin.py:188} INFO - An exception occurred 'rollcall-vote' Failed to save one or more votes for {bill_type} {bill_number}
[2024-04-14T00:59:18.040+0000] {logging_mixin.py:188} INFO - An exception occurred 'rollcall-vote' Failed to save one or more votes for {bill_type} {bill_number}
[2024-04-14T00:59:18.046+0000] {get_data.py:131} INFO - Opened bill from file /opt/***/dags/data/bills/hr/BILLSTATUS-118hr21.json
[2024-04-14T00:59:18.210+0000] {logging_mixin.py:188} INFO - An exception occurred 'rollcall-vote' Failed to save one or more votes for {bill_type} {bill_number}
[2024-04-14T00:59:18.373+0000] {logging_mixin.py:188} INFO - An exception occurred 'rollcall-vote' Failed to save one or more votes for {bill_type} {bill_number}
[2024-04-14T00:59:18.376+0000] {get_data.py:131} INFO - Opened bill from file /opt/***/dags/data/bills/hr/BILLSTATUS-118hr3202.json
[2024-04-14T00:59:18.529+0000] {logging_mixin.py:188} INFO - An exception occurred 'rollcall-vote' Failed to save one or more votes for {bill_type} {bill_number}
[2024-04-14T00:59:18.724+0000] {logging_mixin.py:188} INFO - An exception occurred 'rollcall-vote' Failed to save one or more votes for {bill_type} {bill_number}
[2024-04-14T00:59:18.912+0000] {logging_mixin.py:188} INFO - An exception occurred 'rollcall-vote' Failed to save one or more votes for {bill_type} {bill_number}
[2024-04-14T00:59:19.221+0000] {logging_mixin.py:188} INFO - An exception occurred 'rollcall-vote' Failed to save one or more votes for {bill_type} {bill_number}
[2024-04-14T00:59:19.245+0000] {get_data.py:131} INFO - Opened bill from file /opt/***/dags/data/bills/hr/BILLSTATUS-118hr6503.json
[2024-04-14T00:59:19.650+0000] {get_data.py:131} INFO - Opened bill from file /opt/***/dags/data/bills/hr/BILLSTATUS-118hr5378.json
[2024-04-14T00:59:20.003+0000] {get_data.py:131} INFO - Opened bill from file /opt/***/dags/data/bills/hr/BILLSTATUS-118hr500.json
[2024-04-14T00:59:20.190+0000] {logging_mixin.py:188} INFO - An exception occurred 'rollcall-vote' Failed to save one or more votes for {bill_type} {bill_number}
[2024-04-14T00:59:20.448+0000] {logging_mixin.py:188} INFO - An exception occurred 'rollcall-vote' Failed to save one or more votes for {bill_type} {bill_number}
[2024-04-14T00:59:20.588+0000] {get_data.py:131} INFO - Opened bill from file /opt/***/dags/data/bills/hr/BILLSTATUS-118hr2560.json
[2024-04-14T00:59:21.466+0000] {get_data.py:131} INFO - Opened bill from file /opt/***/dags/data/bills/hr/BILLSTATUS-118hr1435.json
[2024-04-14T00:59:23.309+0000] {get_data.py:131} INFO - Opened bill from file /opt/***/dags/data/bills/hr/BILLSTATUS-118hr5860.json
[2024-04-14T00:59:24.339+0000] {get_data.py:131} INFO - Opened bill from file /opt/***/dags/data/bills/hr/BILLSTATUS-118hr3799.json
[2024-04-14T00:59:24.853+0000] {get_data.py:131} INFO - Opened bill from file /opt/***/dags/data/bills/hr/BILLSTATUS-118hr2872.json
[2024-04-14T00:59:25.004+0000] {logging_mixin.py:188} INFO - An exception occurred 'rollcall-vote' Failed to save one or more votes for {bill_type} {bill_number}
[2024-04-14T00:59:25.155+0000] {logging_mixin.py:188} INFO - An exception occurred 'rollcall-vote' Failed to save one or more votes for {bill_type} {bill_number}
[2024-04-14T00:59:25.337+0000] {logging_mixin.py:188} INFO - An exception occurred 'rollcall-vote' Failed to save one or more votes for {bill_type} {bill_number}
[2024-04-14T00:59:25.485+0000] {logging_mixin.py:188} INFO - An exception occurred 'rollcall-vote' Failed to save one or more votes for {bill_type} {bill_number}
[2024-04-14T00:59:26.330+0000] {get_data.py:131} INFO - Opened bill from file /opt/***/dags/data/bills/hr/BILLSTATUS-118hr3672.json
[2024-04-14T00:59:26.687+0000] {get_data.py:131} INFO - Opened bill from file /opt/***/dags/data/bills/hr/BILLSTATUS-118hr5933.json
[2024-04-14T00:59:27.380+0000] {get_data.py:131} INFO - Opened bill from file /opt/***/dags/data/bills/hr/BILLSTATUS-118hr5525.json
[2024-04-14T00:59:28.406+0000] {get_data.py:131} INFO - Opened bill from file /opt/***/dags/data/bills/hr/BILLSTATUS-118hr4820.json
[2024-04-14T00:59:28.412+0000] {get_data.py:131} INFO - Opened bill from file /opt/***/dags/data/bills/hr/BILLSTATUS-118hr7888.json
[2024-04-14T00:59:28.915+0000] {get_data.py:131} INFO - Opened bill from file /opt/***/dags/data/bills/hr/BILLSTATUS-118hr6276.json
[2024-04-14T00:59:29.362+0000] {logging_mixin.py:188} INFO - An exception occurred 'rollcall-vote' Failed to save one or more votes for {bill_type} {bill_number}
[2024-04-14T00:59:29.606+0000] {logging_mixin.py:188} INFO - An exception occurred 'rollcall-vote' Failed to save one or more votes for {bill_type} {bill_number}
[2024-04-14T00:59:29.811+0000] {logging_mixin.py:188} INFO - An exception occurred 'rollcall-vote' Failed to save one or more votes for {bill_type} {bill_number}
[2024-04-14T00:59:29.815+0000] {get_data.py:131} INFO - Opened bill from file /opt/***/dags/data/bills/hr/BILLSTATUS-118hr5119.json
[2024-04-14T00:59:30.235+0000] {get_data.py:131} INFO - Opened bill from file /opt/***/dags/data/bills/hr/BILLSTATUS-118hr2799.json
[2024-04-14T00:59:30.454+0000] {logging_mixin.py:188} INFO - An exception occurred 'rollcall-vote' Failed to save one or more votes for {bill_type} {bill_number}
[2024-04-14T00:59:30.621+0000] {logging_mixin.py:188} INFO - An exception occurred 'rollcall-vote' Failed to save one or more votes for {bill_type} {bill_number}
[2024-04-14T00:59:30.787+0000] {logging_mixin.py:188} INFO - An exception occurred 'rollcall-vote' Failed to save one or more votes for {bill_type} {bill_number}
[2024-04-14T00:59:30.962+0000] {logging_mixin.py:188} INFO - An exception occurred 'rollcall-vote' Failed to save one or more votes for {bill_type} {bill_number}
[2024-04-14T00:59:31.161+0000] {logging_mixin.py:188} INFO - An exception occurred 'rollcall-vote' Failed to save one or more votes for {bill_type} {bill_number}
[2024-04-14T00:59:31.325+0000] {logging_mixin.py:188} INFO - An exception occurred 'rollcall-vote' Failed to save one or more votes for {bill_type} {bill_number}
[2024-04-14T00:59:31.328+0000] {get_data.py:131} INFO - Opened bill from file /opt/***/dags/data/bills/hr/BILLSTATUS-118hr5375.json
[2024-04-14T00:59:31.485+0000] {logging_mixin.py:188} INFO - An exception occurred 'rollcall-vote' Failed to save one or more votes for {bill_type} {bill_number}
[2024-04-14T00:59:31.654+0000] {logging_mixin.py:188} INFO - An exception occurred 'rollcall-vote' Failed to save one or more votes for {bill_type} {bill_number}
[2024-04-14T00:59:31.842+0000] {logging_mixin.py:188} INFO - An exception occurred 'rollcall-vote' Failed to save one or more votes for {bill_type} {bill_number}
[2024-04-14T00:59:32.000+0000] {logging_mixin.py:188} INFO - An exception occurred 'rollcall-vote' Failed to save one or more votes for {bill_type} {bill_number}
[2024-04-14T00:59:32.002+0000] {get_data.py:131} INFO - Opened bill from file /opt/***/dags/data/bills/hr/BILLSTATUS-118hr6918.json
[2024-04-14T00:59:32.178+0000] {logging_mixin.py:188} INFO - An exception occurred 'rollcall-vote' Failed to save one or more votes for {bill_type} {bill_number}
[2024-04-14T00:59:32.413+0000] {logging_mixin.py:188} INFO - An exception occurred 'rollcall-vote' Failed to save one or more votes for {bill_type} {bill_number}
[2024-04-14T00:59:32.606+0000] {logging_mixin.py:188} INFO - An exception occurred 'rollcall-vote' Failed to save one or more votes for {bill_type} {bill_number}
[2024-04-14T00:59:32.860+0000] {logging_mixin.py:188} INFO - An exception occurred 'rollcall-vote' Failed to save one or more votes for {bill_type} {bill_number}
[2024-04-14T00:59:33.048+0000] {logging_mixin.py:188} INFO - An exception occurred 'rollcall-vote' Failed to save one or more votes for {bill_type} {bill_number}
[2024-04-14T00:59:33.468+0000] {logging_mixin.py:188} INFO - An exception occurred 'rollcall-vote' Failed to save one or more votes for {bill_type} {bill_number}
[2024-04-14T00:59:33.471+0000] {get_data.py:131} INFO - Opened bill from file /opt/***/dags/data/bills/hr/BILLSTATUS-118hr1727.json
[2024-04-14T00:59:33.638+0000] {logging_mixin.py:188} INFO - An exception occurred 'rollcall-vote' Failed to save one or more votes for {bill_type} {bill_number}
[2024-04-14T00:59:33.799+0000] {logging_mixin.py:188} INFO - An exception occurred 'rollcall-vote' Failed to save one or more votes for {bill_type} {bill_number}
[2024-04-14T00:59:33.960+0000] {logging_mixin.py:188} INFO - An exception occurred 'rollcall-vote' Failed to save one or more votes for {bill_type} {bill_number}
[2024-04-14T00:59:34.124+0000] {logging_mixin.py:188} INFO - An exception occurred 'rollcall-vote' Failed to save one or more votes for {bill_type} {bill_number}
[2024-04-14T00:59:34.128+0000] {get_data.py:131} INFO - Opened bill from file /opt/***/dags/data/bills/hr/BILLSTATUS-118hr4821.json
[2024-04-14T00:59:34.719+0000] {get_data.py:131} INFO - Opened bill from file /opt/***/dags/data/bills/hr/BILLSTATUS-118hr1567.json
[2024-04-14T00:59:35.131+0000] {get_data.py:131} INFO - Opened bill from file /opt/***/dags/data/bills/hr/BILLSTATUS-118hr5524.json
[2024-04-14T00:59:35.945+0000] {get_data.py:131} INFO - Opened bill from file /opt/***/dags/data/bills/hr/BILLSTATUS-118hr1530.json
[2024-04-14T00:59:36.802+0000] {get_data.py:131} INFO - Opened bill from file /opt/***/dags/data/bills/hr/BILLSTATUS-118hr3848.json
[2024-04-14T00:59:37.994+0000] {get_data.py:131} INFO - Opened bill from file /opt/***/dags/data/bills/hr/BILLSTATUS-118hr1121.json
[2024-04-14T00:59:38.297+0000] {logging_mixin.py:188} INFO - An exception occurred 'rollcall-vote' Failed to save one or more votes for {bill_type} {bill_number}
[2024-04-14T00:59:38.477+0000] {logging_mixin.py:188} INFO - An exception occurred 'rollcall-vote' Failed to save one or more votes for {bill_type} {bill_number}
[2024-04-14T00:59:39.000+0000] {logging_mixin.py:188} INFO - An exception occurred 'rollcall-vote' Failed to save one or more votes for {bill_type} {bill_number}
[2024-04-14T00:59:39.004+0000] {get_data.py:131} INFO - Opened bill from file /opt/***/dags/data/bills/hr/BILLSTATUS-118hr1156.json
[2024-04-14T00:59:39.376+0000] {get_data.py:131} INFO - Opened bill from file /opt/***/dags/data/bills/hr/BILLSTATUS-118hr2795.json
[2024-04-14T00:59:39.768+0000] {get_data.py:131} INFO - Opened bill from file /opt/***/dags/data/bills/hr/BILLSTATUS-118hr2812.json
[2024-04-14T00:59:40.165+0000] {get_data.py:131} INFO - Opened bill from file /opt/***/dags/data/bills/hr/BILLSTATUS-118hr6914.json
[2024-04-14T00:59:40.322+0000] {logging_mixin.py:188} INFO - An exception occurred 'rollcall-vote' Failed to save one or more votes for {bill_type} {bill_number}
[2024-04-14T00:59:40.471+0000] {logging_mixin.py:188} INFO - An exception occurred 'rollcall-vote' Failed to save one or more votes for {bill_type} {bill_number}
[2024-04-14T00:59:40.630+0000] {logging_mixin.py:188} INFO - An exception occurred 'rollcall-vote' Failed to save one or more votes for {bill_type} {bill_number}
[2024-04-14T00:59:40.823+0000] {logging_mixin.py:188} INFO - An exception occurred 'rollcall-vote' Failed to save one or more votes for {bill_type} {bill_number}
[2024-04-14T00:59:40.978+0000] {logging_mixin.py:188} INFO - An exception occurred 'rollcall-vote' Failed to save one or more votes for {bill_type} {bill_number}
[2024-04-14T00:59:41.166+0000] {logging_mixin.py:188} INFO - An exception occurred 'rollcall-vote' Failed to save one or more votes for {bill_type} {bill_number}
[2024-04-14T00:59:41.168+0000] {get_data.py:131} INFO - Opened bill from file /opt/***/dags/data/bills/hr/BILLSTATUS-118hr813.json
[2024-04-14T00:59:41.512+0000] {get_data.py:131} INFO - Opened bill from file /opt/***/dags/data/bills/hr/BILLSTATUS-118hr1547.json
[2024-04-14T00:59:41.852+0000] {get_data.py:131} INFO - Opened bill from file /opt/***/dags/data/bills/hr/BILLSTATUS-118hr7217.json
[2024-04-14T00:59:42.004+0000] {logging_mixin.py:188} INFO - An exception occurred 'rollcall-vote' Failed to save one or more votes for {bill_type} {bill_number}
[2024-04-14T00:59:42.162+0000] {logging_mixin.py:188} INFO - An exception occurred 'rollcall-vote' Failed to save one or more votes for {bill_type} {bill_number}
[2024-04-14T00:59:42.311+0000] {logging_mixin.py:188} INFO - An exception occurred 'rollcall-vote' Failed to save one or more votes for {bill_type} {bill_number}
[2024-04-14T00:59:42.489+0000] {logging_mixin.py:188} INFO - An exception occurred 'rollcall-vote' Failed to save one or more votes for {bill_type} {bill_number}
[2024-04-14T00:59:42.494+0000] {get_data.py:131} INFO - Opened bill from file /opt/***/dags/data/bills/hr/BILLSTATUS-118hr5894.json
[2024-04-14T00:59:42.496+0000] {get_data.py:131} INFO - Opened bill from file /opt/***/dags/data/bills/hr/BILLSTATUS-118hr5528.json
[2024-04-14T00:59:42.661+0000] {logging_mixin.py:188} INFO - An exception occurred 'rollcall-vote' Failed to save one or more votes for {bill_type} {bill_number}
[2024-04-14T00:59:42.818+0000] {logging_mixin.py:188} INFO - An exception occurred 'rollcall-vote' Failed to save one or more votes for {bill_type} {bill_number}
[2024-04-14T00:59:43.000+0000] {logging_mixin.py:188} INFO - An exception occurred 'rollcall-vote' Failed to save one or more votes for {bill_type} {bill_number}
[2024-04-14T00:59:43.214+0000] {logging_mixin.py:188} INFO - An exception occurred 'rollcall-vote' Failed to save one or more votes for {bill_type} {bill_number}
[2024-04-14T00:59:43.216+0000] {get_data.py:131} INFO - Opened bill from file /opt/***/dags/data/bills/hr/BILLSTATUS-118hr1615.json
[2024-04-14T00:59:43.678+0000] {get_data.py:131} INFO - Opened bill from file /opt/***/dags/data/bills/hr/BILLSTATUS-118hr346.json
[2024-04-14T00:59:43.888+0000] {logging_mixin.py:188} INFO - An exception occurred 'rollcall-vote' Failed to save one or more votes for {bill_type} {bill_number}
[2024-04-14T00:59:44.271+0000] {logging_mixin.py:188} INFO - An exception occurred 'rollcall-vote' Failed to save one or more votes for {bill_type} {bill_number}
[2024-04-14T00:59:44.331+0000] {get_data.py:131} INFO - Opened bill from file /opt/***/dags/data/bills/sjres/BILLSTATUS-118sjres24.json
[2024-04-14T00:59:45.272+0000] {get_data.py:131} INFO - Opened bill from file /opt/***/dags/data/bills/sjres/BILLSTATUS-118sjres32.json
[2024-04-14T00:59:46.334+0000] {get_data.py:131} INFO - Opened bill from file /opt/***/dags/data/bills/sjres/BILLSTATUS-118sjres44.json
[2024-04-14T00:59:46.541+0000] {get_data.py:131} INFO - Opened bill from file /opt/***/dags/data/bills/sjres/BILLSTATUS-118sjres38.json
[2024-04-14T00:59:47.307+0000] {logging_mixin.py:188} INFO - An exception occurred 'rollcall-vote' Failed to save one or more votes for {bill_type} {bill_number}
[2024-04-14T00:59:47.463+0000] {logging_mixin.py:188} INFO - An exception occurred 'rollcall-vote' Failed to save one or more votes for {bill_type} {bill_number}
[2024-04-14T00:59:47.636+0000] {logging_mixin.py:188} INFO - An exception occurred 'rollcall-vote' Failed to save one or more votes for {bill_type} {bill_number}
[2024-04-14T00:59:47.788+0000] {logging_mixin.py:188} INFO - An exception occurred 'rollcall-vote' Failed to save one or more votes for {bill_type} {bill_number}
[2024-04-14T00:59:48.143+0000] {get_data.py:131} INFO - Opened bill from file /opt/***/dags/data/bills/sjres/BILLSTATUS-118sjres43.json
[2024-04-14T00:59:48.475+0000] {get_data.py:131} INFO - Opened bill from file /opt/***/dags/data/bills/sjres/BILLSTATUS-118sjres4.json
[2024-04-14T00:59:48.677+0000] {get_data.py:131} INFO - Opened bill from file /opt/***/dags/data/bills/sjres/BILLSTATUS-118sjres18.json
[2024-04-14T00:59:49.056+0000] {get_data.py:131} INFO - Opened bill from file /opt/***/dags/data/bills/sjres/BILLSTATUS-118sjres9.json
[2024-04-14T00:59:50.616+0000] {get_data.py:131} INFO - Opened bill from file /opt/***/dags/data/bills/sjres/BILLSTATUS-118sjres62.json
[2024-04-14T00:59:51.407+0000] {get_data.py:131} INFO - Opened bill from file /opt/***/dags/data/bills/sjres/BILLSTATUS-118sjres23.json
[2024-04-14T00:59:52.372+0000] {get_data.py:131} INFO - Opened bill from file /opt/***/dags/data/bills/sjres/BILLSTATUS-118sjres42.json
[2024-04-14T00:59:52.875+0000] {get_data.py:131} INFO - Opened bill from file /opt/***/dags/data/bills/sjres/BILLSTATUS-118sjres61.json
[2024-04-14T00:59:53.249+0000] {get_data.py:131} INFO - Opened bill from file /opt/***/dags/data/bills/sjres/BILLSTATUS-118sjres60.json
[2024-04-14T00:59:53.425+0000] {get_data.py:131} INFO - Opened bill from file /opt/***/dags/data/bills/sjres/BILLSTATUS-118sjres51.json
[2024-04-14T00:59:53.599+0000] {get_data.py:131} INFO - Opened bill from file /opt/***/dags/data/bills/sjres/BILLSTATUS-118sjres10.json
[2024-04-14T00:59:53.803+0000] {get_data.py:131} INFO - Opened bill from file /opt/***/dags/data/bills/sjres/BILLSTATUS-118sjres11.json
[2024-04-14T00:59:54.679+0000] {python.py:202} INFO - Done. Returned value was: None
[2024-04-14T00:59:54.740+0000] {taskinstance.py:1149} INFO - Marking task as SUCCESS. dag_id=upload_congress_data, task_id=get_votes_from_downloaded_bills, execution_date=20240414T005350, start_date=20240414T005706, end_date=20240414T005954
[2024-04-14T00:59:54.838+0000] {local_task_job_runner.py:234} INFO - Task exited with return code 0
[2024-04-14T00:59:54.919+0000] {taskinstance.py:3312} INFO - 0 downstream tasks scheduled from follow-on schedule check
