[2024-03-28T03:55:03.447+0000] {taskinstance.py:1979} INFO - Dependencies all met for dep_context=non-requeueable deps ti=<TaskInstance: upload_historical_congress_data.upload_historical_bills manual__2024-03-28T03:54:01.040653+00:00 [queued]>
[2024-03-28T03:55:03.458+0000] {taskinstance.py:1979} INFO - Dependencies all met for dep_context=requeueable deps ti=<TaskInstance: upload_historical_congress_data.upload_historical_bills manual__2024-03-28T03:54:01.040653+00:00 [queued]>
[2024-03-28T03:55:03.460+0000] {taskinstance.py:2193} INFO - Starting attempt 1 of 3
[2024-03-28T03:55:03.471+0000] {taskinstance.py:2217} INFO - Executing <Task(PythonOperator): upload_historical_bills> on 2024-03-28 03:54:01.040653+00:00
[2024-03-28T03:55:03.481+0000] {standard_task_runner.py:60} INFO - Started process 335 to run task
[2024-03-28T03:55:03.487+0000] {standard_task_runner.py:87} INFO - Running: ['***', 'tasks', 'run', 'upload_historical_congress_data', 'upload_historical_bills', 'manual__2024-03-28T03:54:01.040653+00:00', '--job-id', '169', '--raw', '--subdir', 'DAGS_FOLDER/upload_historical_congress_data.py', '--cfg-path', '/tmp/tmprpfv_m54']
[2024-03-28T03:55:03.493+0000] {standard_task_runner.py:88} INFO - Job 169: Subtask upload_historical_bills
[2024-03-28T03:55:03.566+0000] {task_command.py:423} INFO - Running <TaskInstance: upload_historical_congress_data.upload_historical_bills manual__2024-03-28T03:54:01.040653+00:00 [running]> on host be5d54f7fe24
[2024-03-28T03:55:03.661+0000] {taskinstance.py:2513} INFO - Exporting env vars: AIRFLOW_CTX_DAG_EMAIL='***@***.com' AIRFLOW_CTX_DAG_OWNER='***' AIRFLOW_CTX_DAG_ID='upload_historical_congress_data' AIRFLOW_CTX_TASK_ID='upload_historical_bills' AIRFLOW_CTX_EXECUTION_DATE='2024-03-28T03:54:01.040653+00:00' AIRFLOW_CTX_TRY_NUMBER='1' AIRFLOW_CTX_DAG_RUN_ID='manual__2024-03-28T03:54:01.040653+00:00'
[2024-03-28T03:55:03.673+0000] {get_data.py:202} INFO - executing API call for https://api.congress.gov/v3/bill?format=json&fromDateTime=2024-01-01T00:00:00Z&toDateTime=2024-03-28T00:00:00Z&offset=0&limit=250&api_key=WNue8kCDCOIlewAsULgnN8j6SqSgAZjE2sYbPsBb
[2024-03-28T03:55:10.510+0000] {get_data.py:202} INFO - executing API call for https://api.congress.gov/v3/bill?format=json&fromDateTime=2024-01-01T00:00:00Z&toDateTime=2024-03-28T00:00:00Z&offset=0&limit=250&api_key=WNue8kCDCOIlewAsULgnN8j6SqSgAZjE2sYbPsBb
[2024-03-28T03:55:12.573+0000] {logging_mixin.py:188} INFO - Parquet data uploaded to gs://congress_data/bills/1_250_bills.parquet
[2024-03-28T03:55:12.581+0000] {logging_mixin.py:188} INFO - 250 of 290142 bills records uploaded
[2024-03-28T03:55:12.585+0000] {get_data.py:202} INFO - executing API call for https://api.congress.gov/v3/bill?format=json&fromDateTime=2024-01-01T00:00:00Z&toDateTime=2024-03-28T00:00:00Z&offset=250&limit=250&api_key=WNue8kCDCOIlewAsULgnN8j6SqSgAZjE2sYbPsBb
[2024-03-28T03:55:19.920+0000] {logging_mixin.py:188} INFO - Parquet data uploaded to gs://congress_data/bills/251_500_bills.parquet
[2024-03-28T03:55:19.923+0000] {logging_mixin.py:188} INFO - 500 of 290142 bills records uploaded
[2024-03-28T03:55:19.926+0000] {get_data.py:202} INFO - executing API call for https://api.congress.gov/v3/bill?format=json&fromDateTime=2024-01-01T00:00:00Z&toDateTime=2024-03-28T00:00:00Z&offset=500&limit=250&api_key=WNue8kCDCOIlewAsULgnN8j6SqSgAZjE2sYbPsBb
[2024-03-28T03:55:27.286+0000] {logging_mixin.py:188} INFO - Parquet data uploaded to gs://congress_data/bills/501_750_bills.parquet
[2024-03-28T03:55:27.295+0000] {logging_mixin.py:188} INFO - 750 of 290142 bills records uploaded
[2024-03-28T03:55:27.300+0000] {get_data.py:202} INFO - executing API call for https://api.congress.gov/v3/bill?format=json&fromDateTime=2024-01-01T00:00:00Z&toDateTime=2024-03-28T00:00:00Z&offset=750&limit=250&api_key=WNue8kCDCOIlewAsULgnN8j6SqSgAZjE2sYbPsBb
[2024-03-28T03:55:35.061+0000] {logging_mixin.py:188} INFO - Parquet data uploaded to gs://congress_data/bills/751_1000_bills.parquet
[2024-03-28T03:55:35.068+0000] {logging_mixin.py:188} INFO - 1000 of 290142 bills records uploaded
[2024-03-28T03:55:35.073+0000] {get_data.py:202} INFO - executing API call for https://api.congress.gov/v3/bill?format=json&fromDateTime=2024-01-01T00:00:00Z&toDateTime=2024-03-28T00:00:00Z&offset=1000&limit=250&api_key=WNue8kCDCOIlewAsULgnN8j6SqSgAZjE2sYbPsBb
[2024-03-28T03:55:38.844+0000] {local_task_job_runner.py:302} WARNING - State of this instance has been externally set to success. Terminating instance.
[2024-03-28T03:55:38.859+0000] {process_utils.py:131} INFO - Sending 15 to group 335. PIDs of all processes in the group: [335]
[2024-03-28T03:55:38.861+0000] {process_utils.py:86} INFO - Sending the signal 15 to group 335
[2024-03-28T03:55:38.865+0000] {taskinstance.py:2483} ERROR - Received SIGTERM. Terminating subprocesses.
[2024-03-28T03:55:38.959+0000] {process_utils.py:79} INFO - Process psutil.Process(pid=335, status='terminated', exitcode=0, started='03:55:03') (335) terminated with exit code 0
