[2024-05-18T00:04:37.466+0000] {processor.py:161} INFO - Started process (PID=8850) to work on /opt/airflow/dags/upload_congress_data.py
[2024-05-18T00:04:37.472+0000] {processor.py:830} INFO - Processing file /opt/airflow/dags/upload_congress_data.py for tasks to queue
[2024-05-18T00:04:37.478+0000] {logging_mixin.py:188} INFO - [2024-05-18T00:04:37.477+0000] {dagbag.py:540} INFO - Filling up the DagBag from /opt/airflow/dags/upload_congress_data.py
[2024-05-18T00:04:37.620+0000] {logging_mixin.py:188} INFO - Bucket Name: congress_data_testproject-420401
[2024-05-18T00:04:37.652+0000] {processor.py:840} INFO - DAG(s) 'upload_congress_data' retrieved from /opt/airflow/dags/upload_congress_data.py
[2024-05-18T00:04:37.718+0000] {logging_mixin.py:188} INFO - [2024-05-18T00:04:37.717+0000] {dag.py:3047} INFO - Sync 1 DAGs
[2024-05-18T00:04:37.755+0000] {logging_mixin.py:188} INFO - [2024-05-18T00:04:37.755+0000] {dag.py:3834} INFO - Setting next_dagrun for upload_congress_data to None, run_after=None
[2024-05-18T00:04:37.793+0000] {processor.py:183} INFO - Processing /opt/airflow/dags/upload_congress_data.py took 0.357 seconds
[2024-05-18T00:27:43.827+0000] {processor.py:161} INFO - Started process (PID=8858) to work on /opt/airflow/dags/upload_congress_data.py
[2024-05-18T00:27:43.834+0000] {processor.py:830} INFO - Processing file /opt/airflow/dags/upload_congress_data.py for tasks to queue
[2024-05-18T00:27:43.840+0000] {logging_mixin.py:188} INFO - [2024-05-18T00:27:43.840+0000] {dagbag.py:540} INFO - Filling up the DagBag from /opt/airflow/dags/upload_congress_data.py
[2024-05-18T00:27:43.939+0000] {logging_mixin.py:188} INFO - Bucket Name: congress_data_testproject-420401
[2024-05-18T00:27:44.002+0000] {processor.py:840} INFO - DAG(s) 'upload_congress_data' retrieved from /opt/airflow/dags/upload_congress_data.py
[2024-05-18T00:27:44.050+0000] {logging_mixin.py:188} INFO - [2024-05-18T00:27:44.050+0000] {dag.py:3047} INFO - Sync 1 DAGs
[2024-05-18T00:27:44.103+0000] {logging_mixin.py:188} INFO - [2024-05-18T00:27:44.103+0000] {dag.py:3834} INFO - Setting next_dagrun for upload_congress_data to None, run_after=None
[2024-05-18T00:27:44.119+0000] {processor.py:183} INFO - Processing /opt/airflow/dags/upload_congress_data.py took 0.299 seconds
[2024-05-18T00:46:54.930+0000] {processor.py:161} INFO - Started process (PID=8866) to work on /opt/airflow/dags/upload_congress_data.py
[2024-05-18T00:46:54.938+0000] {processor.py:830} INFO - Processing file /opt/airflow/dags/upload_congress_data.py for tasks to queue
[2024-05-18T00:46:54.961+0000] {logging_mixin.py:188} INFO - [2024-05-18T00:46:54.960+0000] {dagbag.py:540} INFO - Filling up the DagBag from /opt/airflow/dags/upload_congress_data.py
[2024-05-18T00:46:55.046+0000] {logging_mixin.py:188} INFO - Bucket Name: congress_data_testproject-420401
[2024-05-18T00:46:55.071+0000] {processor.py:840} INFO - DAG(s) 'upload_congress_data' retrieved from /opt/airflow/dags/upload_congress_data.py
[2024-05-18T00:46:55.121+0000] {logging_mixin.py:188} INFO - [2024-05-18T00:46:55.120+0000] {dag.py:3047} INFO - Sync 1 DAGs
[2024-05-18T00:46:55.157+0000] {logging_mixin.py:188} INFO - [2024-05-18T00:46:55.157+0000] {dag.py:3834} INFO - Setting next_dagrun for upload_congress_data to None, run_after=None
[2024-05-18T00:46:55.190+0000] {processor.py:183} INFO - Processing /opt/airflow/dags/upload_congress_data.py took 0.268 seconds
[2024-05-18T01:05:42.882+0000] {processor.py:161} INFO - Started process (PID=8874) to work on /opt/airflow/dags/upload_congress_data.py
[2024-05-18T01:05:42.884+0000] {processor.py:830} INFO - Processing file /opt/airflow/dags/upload_congress_data.py for tasks to queue
[2024-05-18T01:05:42.889+0000] {logging_mixin.py:188} INFO - [2024-05-18T01:05:42.888+0000] {dagbag.py:540} INFO - Filling up the DagBag from /opt/airflow/dags/upload_congress_data.py
[2024-05-18T01:05:42.936+0000] {logging_mixin.py:188} INFO - Bucket Name: congress_data_testproject-420401
[2024-05-18T01:05:42.948+0000] {processor.py:840} INFO - DAG(s) 'upload_congress_data' retrieved from /opt/airflow/dags/upload_congress_data.py
[2024-05-18T01:05:42.969+0000] {logging_mixin.py:188} INFO - [2024-05-18T01:05:42.969+0000] {dag.py:3047} INFO - Sync 1 DAGs
[2024-05-18T01:05:42.986+0000] {logging_mixin.py:188} INFO - [2024-05-18T01:05:42.986+0000] {dag.py:3834} INFO - Setting next_dagrun for upload_congress_data to None, run_after=None
[2024-05-18T01:05:42.995+0000] {processor.py:183} INFO - Processing /opt/airflow/dags/upload_congress_data.py took 0.119 seconds
[2024-05-18T01:06:13.941+0000] {processor.py:161} INFO - Started process (PID=8882) to work on /opt/airflow/dags/upload_congress_data.py
[2024-05-18T01:06:13.942+0000] {processor.py:830} INFO - Processing file /opt/airflow/dags/upload_congress_data.py for tasks to queue
[2024-05-18T01:06:13.949+0000] {logging_mixin.py:188} INFO - [2024-05-18T01:06:13.947+0000] {dagbag.py:540} INFO - Filling up the DagBag from /opt/airflow/dags/upload_congress_data.py
[2024-05-18T01:06:14.053+0000] {logging_mixin.py:188} INFO - Bucket Name: congress_data_testproject-420401
[2024-05-18T01:06:14.064+0000] {processor.py:840} INFO - DAG(s) 'upload_congress_data' retrieved from /opt/airflow/dags/upload_congress_data.py
[2024-05-18T01:06:14.084+0000] {logging_mixin.py:188} INFO - [2024-05-18T01:06:14.084+0000] {dag.py:3047} INFO - Sync 1 DAGs
[2024-05-18T01:06:14.098+0000] {logging_mixin.py:188} INFO - [2024-05-18T01:06:14.097+0000] {dag.py:3834} INFO - Setting next_dagrun for upload_congress_data to None, run_after=None
[2024-05-18T01:06:14.108+0000] {processor.py:183} INFO - Processing /opt/airflow/dags/upload_congress_data.py took 0.174 seconds
[2024-05-18T01:28:08.242+0000] {processor.py:161} INFO - Started process (PID=8890) to work on /opt/airflow/dags/upload_congress_data.py
[2024-05-18T01:28:08.244+0000] {processor.py:830} INFO - Processing file /opt/airflow/dags/upload_congress_data.py for tasks to queue
[2024-05-18T01:28:08.250+0000] {logging_mixin.py:188} INFO - [2024-05-18T01:28:08.249+0000] {dagbag.py:540} INFO - Filling up the DagBag from /opt/airflow/dags/upload_congress_data.py
[2024-05-18T01:28:08.303+0000] {logging_mixin.py:188} INFO - Bucket Name: congress_data_testproject-420401
[2024-05-18T01:28:08.316+0000] {processor.py:840} INFO - DAG(s) 'upload_congress_data' retrieved from /opt/airflow/dags/upload_congress_data.py
[2024-05-18T01:28:08.409+0000] {logging_mixin.py:188} INFO - [2024-05-18T01:28:08.408+0000] {dag.py:3047} INFO - Sync 1 DAGs
[2024-05-18T01:28:08.432+0000] {logging_mixin.py:188} INFO - [2024-05-18T01:28:08.432+0000] {dag.py:3834} INFO - Setting next_dagrun for upload_congress_data to None, run_after=None
[2024-05-18T01:28:08.453+0000] {processor.py:183} INFO - Processing /opt/airflow/dags/upload_congress_data.py took 0.232 seconds
[2024-05-18T02:04:40.604+0000] {processor.py:161} INFO - Started process (PID=8898) to work on /opt/airflow/dags/upload_congress_data.py
[2024-05-18T02:04:40.607+0000] {processor.py:830} INFO - Processing file /opt/airflow/dags/upload_congress_data.py for tasks to queue
[2024-05-18T02:04:40.618+0000] {logging_mixin.py:188} INFO - [2024-05-18T02:04:40.615+0000] {dagbag.py:540} INFO - Filling up the DagBag from /opt/airflow/dags/upload_congress_data.py
[2024-05-18T02:04:40.710+0000] {logging_mixin.py:188} INFO - Bucket Name: congress_data_testproject-420401
[2024-05-18T02:04:40.733+0000] {processor.py:840} INFO - DAG(s) 'upload_congress_data' retrieved from /opt/airflow/dags/upload_congress_data.py
[2024-05-18T02:04:40.792+0000] {logging_mixin.py:188} INFO - [2024-05-18T02:04:40.792+0000] {dag.py:3047} INFO - Sync 1 DAGs
[2024-05-18T02:04:40.820+0000] {logging_mixin.py:188} INFO - [2024-05-18T02:04:40.819+0000] {dag.py:3834} INFO - Setting next_dagrun for upload_congress_data to None, run_after=None
[2024-05-18T02:04:40.888+0000] {processor.py:183} INFO - Processing /opt/airflow/dags/upload_congress_data.py took 0.294 seconds
[2024-05-18T02:12:15.027+0000] {processor.py:161} INFO - Started process (PID=8906) to work on /opt/airflow/dags/upload_congress_data.py
[2024-05-18T02:12:15.031+0000] {processor.py:830} INFO - Processing file /opt/airflow/dags/upload_congress_data.py for tasks to queue
[2024-05-18T02:12:15.034+0000] {logging_mixin.py:188} INFO - [2024-05-18T02:12:15.034+0000] {dagbag.py:540} INFO - Filling up the DagBag from /opt/airflow/dags/upload_congress_data.py
[2024-05-18T02:12:15.076+0000] {logging_mixin.py:188} INFO - Bucket Name: congress_data_testproject-420401
[2024-05-18T02:12:15.086+0000] {processor.py:840} INFO - DAG(s) 'upload_congress_data' retrieved from /opt/airflow/dags/upload_congress_data.py
[2024-05-18T02:12:15.105+0000] {logging_mixin.py:188} INFO - [2024-05-18T02:12:15.105+0000] {dag.py:3047} INFO - Sync 1 DAGs
[2024-05-18T02:12:15.120+0000] {logging_mixin.py:188} INFO - [2024-05-18T02:12:15.120+0000] {dag.py:3834} INFO - Setting next_dagrun for upload_congress_data to None, run_after=None
[2024-05-18T02:12:15.130+0000] {processor.py:183} INFO - Processing /opt/airflow/dags/upload_congress_data.py took 0.108 seconds
[2024-05-18T02:30:30.780+0000] {processor.py:161} INFO - Started process (PID=8914) to work on /opt/airflow/dags/upload_congress_data.py
[2024-05-18T02:30:30.782+0000] {processor.py:830} INFO - Processing file /opt/airflow/dags/upload_congress_data.py for tasks to queue
[2024-05-18T02:30:30.790+0000] {logging_mixin.py:188} INFO - [2024-05-18T02:30:30.789+0000] {dagbag.py:540} INFO - Filling up the DagBag from /opt/airflow/dags/upload_congress_data.py
[2024-05-18T02:30:30.903+0000] {logging_mixin.py:188} INFO - Bucket Name: congress_data_testproject-420401
[2024-05-18T02:30:30.924+0000] {processor.py:840} INFO - DAG(s) 'upload_congress_data' retrieved from /opt/airflow/dags/upload_congress_data.py
[2024-05-18T02:30:30.986+0000] {logging_mixin.py:188} INFO - [2024-05-18T02:30:30.986+0000] {dag.py:3047} INFO - Sync 1 DAGs
[2024-05-18T02:30:31.020+0000] {logging_mixin.py:188} INFO - [2024-05-18T02:30:31.019+0000] {dag.py:3834} INFO - Setting next_dagrun for upload_congress_data to None, run_after=None
[2024-05-18T02:30:31.054+0000] {processor.py:183} INFO - Processing /opt/airflow/dags/upload_congress_data.py took 0.284 seconds
[2024-05-18T03:05:21.971+0000] {processor.py:161} INFO - Started process (PID=8922) to work on /opt/airflow/dags/upload_congress_data.py
[2024-05-18T03:05:21.974+0000] {processor.py:830} INFO - Processing file /opt/airflow/dags/upload_congress_data.py for tasks to queue
[2024-05-18T03:05:21.980+0000] {logging_mixin.py:188} INFO - [2024-05-18T03:05:21.979+0000] {dagbag.py:540} INFO - Filling up the DagBag from /opt/airflow/dags/upload_congress_data.py
[2024-05-18T03:05:22.064+0000] {logging_mixin.py:188} INFO - Bucket Name: congress_data_testproject-420401
[2024-05-18T03:05:22.095+0000] {processor.py:840} INFO - DAG(s) 'upload_congress_data' retrieved from /opt/airflow/dags/upload_congress_data.py
[2024-05-18T03:05:22.182+0000] {logging_mixin.py:188} INFO - [2024-05-18T03:05:22.182+0000] {dag.py:3047} INFO - Sync 1 DAGs
[2024-05-18T03:05:22.218+0000] {logging_mixin.py:188} INFO - [2024-05-18T03:05:22.218+0000] {dag.py:3834} INFO - Setting next_dagrun for upload_congress_data to None, run_after=None
[2024-05-18T03:05:22.258+0000] {processor.py:183} INFO - Processing /opt/airflow/dags/upload_congress_data.py took 0.298 seconds
[2024-05-18T03:29:45.469+0000] {processor.py:161} INFO - Started process (PID=8930) to work on /opt/airflow/dags/upload_congress_data.py
[2024-05-18T03:29:45.472+0000] {processor.py:830} INFO - Processing file /opt/airflow/dags/upload_congress_data.py for tasks to queue
[2024-05-18T03:29:45.484+0000] {logging_mixin.py:188} INFO - [2024-05-18T03:29:45.482+0000] {dagbag.py:540} INFO - Filling up the DagBag from /opt/airflow/dags/upload_congress_data.py
[2024-05-18T03:29:45.595+0000] {logging_mixin.py:188} INFO - Bucket Name: congress_data_testproject-420401
[2024-05-18T03:29:45.613+0000] {processor.py:840} INFO - DAG(s) 'upload_congress_data' retrieved from /opt/airflow/dags/upload_congress_data.py
[2024-05-18T03:29:45.658+0000] {logging_mixin.py:188} INFO - [2024-05-18T03:29:45.658+0000] {dag.py:3047} INFO - Sync 1 DAGs
[2024-05-18T03:29:45.695+0000] {logging_mixin.py:188} INFO - [2024-05-18T03:29:45.695+0000] {dag.py:3834} INFO - Setting next_dagrun for upload_congress_data to None, run_after=None
[2024-05-18T03:29:45.725+0000] {processor.py:183} INFO - Processing /opt/airflow/dags/upload_congress_data.py took 0.268 seconds
[2024-05-18T03:49:38.237+0000] {processor.py:161} INFO - Started process (PID=8938) to work on /opt/airflow/dags/upload_congress_data.py
[2024-05-18T03:49:38.241+0000] {processor.py:830} INFO - Processing file /opt/airflow/dags/upload_congress_data.py for tasks to queue
[2024-05-18T03:49:38.255+0000] {logging_mixin.py:188} INFO - [2024-05-18T03:49:38.253+0000] {dagbag.py:540} INFO - Filling up the DagBag from /opt/airflow/dags/upload_congress_data.py
[2024-05-18T03:49:38.342+0000] {logging_mixin.py:188} INFO - Bucket Name: congress_data_testproject-420401
[2024-05-18T03:49:38.357+0000] {processor.py:840} INFO - DAG(s) 'upload_congress_data' retrieved from /opt/airflow/dags/upload_congress_data.py
[2024-05-18T03:49:38.402+0000] {logging_mixin.py:188} INFO - [2024-05-18T03:49:38.402+0000] {dag.py:3047} INFO - Sync 1 DAGs
[2024-05-18T03:49:38.436+0000] {logging_mixin.py:188} INFO - [2024-05-18T03:49:38.435+0000] {dag.py:3834} INFO - Setting next_dagrun for upload_congress_data to None, run_after=None
[2024-05-18T03:49:38.466+0000] {processor.py:183} INFO - Processing /opt/airflow/dags/upload_congress_data.py took 0.238 seconds
[2024-05-18T04:14:07.193+0000] {processor.py:161} INFO - Started process (PID=8946) to work on /opt/airflow/dags/upload_congress_data.py
[2024-05-18T04:14:07.194+0000] {processor.py:830} INFO - Processing file /opt/airflow/dags/upload_congress_data.py for tasks to queue
[2024-05-18T04:14:07.197+0000] {logging_mixin.py:188} INFO - [2024-05-18T04:14:07.196+0000] {dagbag.py:540} INFO - Filling up the DagBag from /opt/airflow/dags/upload_congress_data.py
[2024-05-18T04:14:07.245+0000] {logging_mixin.py:188} INFO - Bucket Name: congress_data_testproject-420401
[2024-05-18T04:14:07.255+0000] {processor.py:840} INFO - DAG(s) 'upload_congress_data' retrieved from /opt/airflow/dags/upload_congress_data.py
[2024-05-18T04:14:07.273+0000] {logging_mixin.py:188} INFO - [2024-05-18T04:14:07.273+0000] {dag.py:3047} INFO - Sync 1 DAGs
[2024-05-18T04:14:07.287+0000] {logging_mixin.py:188} INFO - [2024-05-18T04:14:07.287+0000] {dag.py:3834} INFO - Setting next_dagrun for upload_congress_data to None, run_after=None
[2024-05-18T04:14:07.297+0000] {processor.py:183} INFO - Processing /opt/airflow/dags/upload_congress_data.py took 0.108 seconds
[2024-05-18T04:49:58.378+0000] {processor.py:161} INFO - Started process (PID=8954) to work on /opt/airflow/dags/upload_congress_data.py
[2024-05-18T04:49:58.380+0000] {processor.py:830} INFO - Processing file /opt/airflow/dags/upload_congress_data.py for tasks to queue
[2024-05-18T04:49:58.388+0000] {logging_mixin.py:188} INFO - [2024-05-18T04:49:58.388+0000] {dagbag.py:540} INFO - Filling up the DagBag from /opt/airflow/dags/upload_congress_data.py
[2024-05-18T04:49:58.469+0000] {logging_mixin.py:188} INFO - Bucket Name: congress_data_testproject-420401
[2024-05-18T04:49:58.486+0000] {processor.py:840} INFO - DAG(s) 'upload_congress_data' retrieved from /opt/airflow/dags/upload_congress_data.py
[2024-05-18T04:49:58.529+0000] {logging_mixin.py:188} INFO - [2024-05-18T04:49:58.529+0000] {dag.py:3047} INFO - Sync 1 DAGs
[2024-05-18T04:49:58.566+0000] {logging_mixin.py:188} INFO - [2024-05-18T04:49:58.566+0000] {dag.py:3834} INFO - Setting next_dagrun for upload_congress_data to None, run_after=None
[2024-05-18T04:49:58.603+0000] {processor.py:183} INFO - Processing /opt/airflow/dags/upload_congress_data.py took 0.235 seconds
[2024-05-18T05:08:01.937+0000] {processor.py:161} INFO - Started process (PID=8962) to work on /opt/airflow/dags/upload_congress_data.py
[2024-05-18T05:08:01.939+0000] {processor.py:830} INFO - Processing file /opt/airflow/dags/upload_congress_data.py for tasks to queue
[2024-05-18T05:08:01.946+0000] {logging_mixin.py:188} INFO - [2024-05-18T05:08:01.945+0000] {dagbag.py:540} INFO - Filling up the DagBag from /opt/airflow/dags/upload_congress_data.py
[2024-05-18T05:08:02.014+0000] {logging_mixin.py:188} INFO - Bucket Name: congress_data_testproject-420401
[2024-05-18T05:08:02.030+0000] {processor.py:840} INFO - DAG(s) 'upload_congress_data' retrieved from /opt/airflow/dags/upload_congress_data.py
[2024-05-18T05:08:02.073+0000] {logging_mixin.py:188} INFO - [2024-05-18T05:08:02.072+0000] {dag.py:3047} INFO - Sync 1 DAGs
[2024-05-18T05:08:02.105+0000] {logging_mixin.py:188} INFO - [2024-05-18T05:08:02.104+0000] {dag.py:3834} INFO - Setting next_dagrun for upload_congress_data to None, run_after=None
[2024-05-18T05:08:02.133+0000] {processor.py:183} INFO - Processing /opt/airflow/dags/upload_congress_data.py took 0.205 seconds
[2024-05-18T05:32:35.616+0000] {processor.py:161} INFO - Started process (PID=8970) to work on /opt/airflow/dags/upload_congress_data.py
[2024-05-18T05:32:35.619+0000] {processor.py:830} INFO - Processing file /opt/airflow/dags/upload_congress_data.py for tasks to queue
[2024-05-18T05:32:35.625+0000] {logging_mixin.py:188} INFO - [2024-05-18T05:32:35.624+0000] {dagbag.py:540} INFO - Filling up the DagBag from /opt/airflow/dags/upload_congress_data.py
[2024-05-18T05:32:35.677+0000] {logging_mixin.py:188} INFO - Bucket Name: congress_data_testproject-420401
[2024-05-18T05:32:35.690+0000] {processor.py:840} INFO - DAG(s) 'upload_congress_data' retrieved from /opt/airflow/dags/upload_congress_data.py
[2024-05-18T05:32:35.719+0000] {logging_mixin.py:188} INFO - [2024-05-18T05:32:35.719+0000] {dag.py:3047} INFO - Sync 1 DAGs
[2024-05-18T05:32:35.747+0000] {logging_mixin.py:188} INFO - [2024-05-18T05:32:35.746+0000] {dag.py:3834} INFO - Setting next_dagrun for upload_congress_data to None, run_after=None
[2024-05-18T05:32:35.760+0000] {processor.py:183} INFO - Processing /opt/airflow/dags/upload_congress_data.py took 0.152 seconds
[2024-05-18T05:50:05.282+0000] {processor.py:161} INFO - Started process (PID=8978) to work on /opt/airflow/dags/upload_congress_data.py
[2024-05-18T05:50:05.284+0000] {processor.py:830} INFO - Processing file /opt/airflow/dags/upload_congress_data.py for tasks to queue
[2024-05-18T05:50:05.292+0000] {logging_mixin.py:188} INFO - [2024-05-18T05:50:05.291+0000] {dagbag.py:540} INFO - Filling up the DagBag from /opt/airflow/dags/upload_congress_data.py
[2024-05-18T05:50:05.402+0000] {logging_mixin.py:188} INFO - Bucket Name: congress_data_testproject-420401
[2024-05-18T05:50:05.431+0000] {processor.py:840} INFO - DAG(s) 'upload_congress_data' retrieved from /opt/airflow/dags/upload_congress_data.py
[2024-05-18T05:50:05.592+0000] {logging_mixin.py:188} INFO - [2024-05-18T05:50:05.591+0000] {dag.py:3047} INFO - Sync 1 DAGs
[2024-05-18T05:50:05.630+0000] {logging_mixin.py:188} INFO - [2024-05-18T05:50:05.629+0000] {dag.py:3834} INFO - Setting next_dagrun for upload_congress_data to None, run_after=None
[2024-05-18T05:50:05.642+0000] {processor.py:183} INFO - Processing /opt/airflow/dags/upload_congress_data.py took 0.370 seconds
[2024-05-18T06:08:18.122+0000] {processor.py:161} INFO - Started process (PID=8986) to work on /opt/airflow/dags/upload_congress_data.py
[2024-05-18T06:08:18.124+0000] {processor.py:830} INFO - Processing file /opt/airflow/dags/upload_congress_data.py for tasks to queue
[2024-05-18T06:08:18.134+0000] {logging_mixin.py:188} INFO - [2024-05-18T06:08:18.128+0000] {dagbag.py:540} INFO - Filling up the DagBag from /opt/airflow/dags/upload_congress_data.py
[2024-05-18T06:08:18.188+0000] {logging_mixin.py:188} INFO - Bucket Name: congress_data_testproject-420401
[2024-05-18T06:08:18.217+0000] {processor.py:840} INFO - DAG(s) 'upload_congress_data' retrieved from /opt/airflow/dags/upload_congress_data.py
[2024-05-18T06:08:18.248+0000] {logging_mixin.py:188} INFO - [2024-05-18T06:08:18.247+0000] {dag.py:3047} INFO - Sync 1 DAGs
[2024-05-18T06:08:18.283+0000] {logging_mixin.py:188} INFO - [2024-05-18T06:08:18.283+0000] {dag.py:3834} INFO - Setting next_dagrun for upload_congress_data to None, run_after=None
[2024-05-18T06:08:18.305+0000] {processor.py:183} INFO - Processing /opt/airflow/dags/upload_congress_data.py took 0.189 seconds
[2024-05-18T06:16:09.651+0000] {processor.py:161} INFO - Started process (PID=8994) to work on /opt/airflow/dags/upload_congress_data.py
[2024-05-18T06:16:09.653+0000] {processor.py:830} INFO - Processing file /opt/airflow/dags/upload_congress_data.py for tasks to queue
[2024-05-18T06:16:09.662+0000] {logging_mixin.py:188} INFO - [2024-05-18T06:16:09.661+0000] {dagbag.py:540} INFO - Filling up the DagBag from /opt/airflow/dags/upload_congress_data.py
[2024-05-18T06:16:10.009+0000] {logging_mixin.py:188} INFO - Bucket Name: congress_data_testproject-420401
[2024-05-18T06:16:10.025+0000] {processor.py:840} INFO - DAG(s) 'upload_congress_data' retrieved from /opt/airflow/dags/upload_congress_data.py
[2024-05-18T06:16:10.058+0000] {logging_mixin.py:188} INFO - [2024-05-18T06:16:10.057+0000] {dag.py:3047} INFO - Sync 1 DAGs
[2024-05-18T06:16:10.077+0000] {logging_mixin.py:188} INFO - [2024-05-18T06:16:10.077+0000] {dag.py:3834} INFO - Setting next_dagrun for upload_congress_data to None, run_after=None
[2024-05-18T06:16:10.089+0000] {processor.py:183} INFO - Processing /opt/airflow/dags/upload_congress_data.py took 0.443 seconds
[2024-05-18T06:50:48.303+0000] {processor.py:161} INFO - Started process (PID=9002) to work on /opt/airflow/dags/upload_congress_data.py
[2024-05-18T06:50:48.304+0000] {processor.py:830} INFO - Processing file /opt/airflow/dags/upload_congress_data.py for tasks to queue
[2024-05-18T06:50:48.308+0000] {logging_mixin.py:188} INFO - [2024-05-18T06:50:48.307+0000] {dagbag.py:540} INFO - Filling up the DagBag from /opt/airflow/dags/upload_congress_data.py
[2024-05-18T06:50:48.347+0000] {logging_mixin.py:188} INFO - Bucket Name: congress_data_testproject-420401
[2024-05-18T06:50:48.359+0000] {processor.py:840} INFO - DAG(s) 'upload_congress_data' retrieved from /opt/airflow/dags/upload_congress_data.py
[2024-05-18T06:50:48.378+0000] {logging_mixin.py:188} INFO - [2024-05-18T06:50:48.378+0000] {dag.py:3047} INFO - Sync 1 DAGs
[2024-05-18T06:50:48.393+0000] {logging_mixin.py:188} INFO - [2024-05-18T06:50:48.393+0000] {dag.py:3834} INFO - Setting next_dagrun for upload_congress_data to None, run_after=None
[2024-05-18T06:50:48.404+0000] {processor.py:183} INFO - Processing /opt/airflow/dags/upload_congress_data.py took 0.107 seconds
[2024-05-18T07:08:29.239+0000] {processor.py:161} INFO - Started process (PID=9010) to work on /opt/airflow/dags/upload_congress_data.py
[2024-05-18T07:08:29.244+0000] {processor.py:830} INFO - Processing file /opt/airflow/dags/upload_congress_data.py for tasks to queue
[2024-05-18T07:08:29.258+0000] {logging_mixin.py:188} INFO - [2024-05-18T07:08:29.256+0000] {dagbag.py:540} INFO - Filling up the DagBag from /opt/airflow/dags/upload_congress_data.py
[2024-05-18T07:08:29.335+0000] {logging_mixin.py:188} INFO - Bucket Name: congress_data_testproject-420401
[2024-05-18T07:08:29.364+0000] {processor.py:840} INFO - DAG(s) 'upload_congress_data' retrieved from /opt/airflow/dags/upload_congress_data.py
[2024-05-18T07:08:29.397+0000] {logging_mixin.py:188} INFO - [2024-05-18T07:08:29.397+0000] {dag.py:3047} INFO - Sync 1 DAGs
[2024-05-18T07:08:29.413+0000] {logging_mixin.py:188} INFO - [2024-05-18T07:08:29.412+0000] {dag.py:3834} INFO - Setting next_dagrun for upload_congress_data to None, run_after=None
[2024-05-18T07:08:29.422+0000] {processor.py:183} INFO - Processing /opt/airflow/dags/upload_congress_data.py took 0.204 seconds
[2024-05-18T07:20:10.727+0000] {processor.py:161} INFO - Started process (PID=9018) to work on /opt/airflow/dags/upload_congress_data.py
[2024-05-18T07:20:10.729+0000] {processor.py:830} INFO - Processing file /opt/airflow/dags/upload_congress_data.py for tasks to queue
[2024-05-18T07:20:10.735+0000] {logging_mixin.py:188} INFO - [2024-05-18T07:20:10.734+0000] {dagbag.py:540} INFO - Filling up the DagBag from /opt/airflow/dags/upload_congress_data.py
[2024-05-18T07:20:10.820+0000] {logging_mixin.py:188} INFO - Bucket Name: congress_data_testproject-420401
[2024-05-18T07:20:10.840+0000] {processor.py:840} INFO - DAG(s) 'upload_congress_data' retrieved from /opt/airflow/dags/upload_congress_data.py
[2024-05-18T07:20:10.897+0000] {logging_mixin.py:188} INFO - [2024-05-18T07:20:10.897+0000] {dag.py:3047} INFO - Sync 1 DAGs
[2024-05-18T07:20:10.989+0000] {logging_mixin.py:188} INFO - [2024-05-18T07:20:10.988+0000] {dag.py:3834} INFO - Setting next_dagrun for upload_congress_data to None, run_after=None
[2024-05-18T07:20:11.047+0000] {processor.py:183} INFO - Processing /opt/airflow/dags/upload_congress_data.py took 0.332 seconds
[2024-05-18T07:54:15.471+0000] {processor.py:161} INFO - Started process (PID=9026) to work on /opt/airflow/dags/upload_congress_data.py
[2024-05-18T07:54:15.472+0000] {processor.py:830} INFO - Processing file /opt/airflow/dags/upload_congress_data.py for tasks to queue
[2024-05-18T07:54:15.475+0000] {logging_mixin.py:188} INFO - [2024-05-18T07:54:15.474+0000] {dagbag.py:540} INFO - Filling up the DagBag from /opt/airflow/dags/upload_congress_data.py
[2024-05-18T07:54:15.523+0000] {logging_mixin.py:188} INFO - Bucket Name: congress_data_testproject-420401
[2024-05-18T07:54:15.533+0000] {processor.py:840} INFO - DAG(s) 'upload_congress_data' retrieved from /opt/airflow/dags/upload_congress_data.py
[2024-05-18T07:54:15.549+0000] {logging_mixin.py:188} INFO - [2024-05-18T07:54:15.549+0000] {dag.py:3047} INFO - Sync 1 DAGs
[2024-05-18T07:54:15.563+0000] {logging_mixin.py:188} INFO - [2024-05-18T07:54:15.563+0000] {dag.py:3834} INFO - Setting next_dagrun for upload_congress_data to None, run_after=None
[2024-05-18T07:54:15.572+0000] {processor.py:183} INFO - Processing /opt/airflow/dags/upload_congress_data.py took 0.105 seconds
[2024-05-18T08:12:16.638+0000] {processor.py:161} INFO - Started process (PID=9034) to work on /opt/airflow/dags/upload_congress_data.py
[2024-05-18T08:12:16.641+0000] {processor.py:830} INFO - Processing file /opt/airflow/dags/upload_congress_data.py for tasks to queue
[2024-05-18T08:12:16.650+0000] {logging_mixin.py:188} INFO - [2024-05-18T08:12:16.649+0000] {dagbag.py:540} INFO - Filling up the DagBag from /opt/airflow/dags/upload_congress_data.py
[2024-05-18T08:12:16.789+0000] {logging_mixin.py:188} INFO - Bucket Name: congress_data_testproject-420401
[2024-05-18T08:12:16.818+0000] {processor.py:840} INFO - DAG(s) 'upload_congress_data' retrieved from /opt/airflow/dags/upload_congress_data.py
[2024-05-18T08:12:16.879+0000] {logging_mixin.py:188} INFO - [2024-05-18T08:12:16.878+0000] {dag.py:3047} INFO - Sync 1 DAGs
[2024-05-18T08:12:16.902+0000] {logging_mixin.py:188} INFO - [2024-05-18T08:12:16.902+0000] {dag.py:3834} INFO - Setting next_dagrun for upload_congress_data to None, run_after=None
[2024-05-18T08:12:16.924+0000] {processor.py:183} INFO - Processing /opt/airflow/dags/upload_congress_data.py took 0.309 seconds
[2024-05-18T08:34:25.692+0000] {processor.py:161} INFO - Started process (PID=9042) to work on /opt/airflow/dags/upload_congress_data.py
[2024-05-18T08:34:25.695+0000] {processor.py:830} INFO - Processing file /opt/airflow/dags/upload_congress_data.py for tasks to queue
[2024-05-18T08:34:25.722+0000] {logging_mixin.py:188} INFO - [2024-05-18T08:34:25.721+0000] {dagbag.py:540} INFO - Filling up the DagBag from /opt/airflow/dags/upload_congress_data.py
[2024-05-18T08:34:25.980+0000] {logging_mixin.py:188} INFO - Bucket Name: congress_data_testproject-420401
[2024-05-18T08:34:25.992+0000] {processor.py:840} INFO - DAG(s) 'upload_congress_data' retrieved from /opt/airflow/dags/upload_congress_data.py
[2024-05-18T08:34:26.015+0000] {logging_mixin.py:188} INFO - [2024-05-18T08:34:26.015+0000] {dag.py:3047} INFO - Sync 1 DAGs
[2024-05-18T08:34:26.035+0000] {logging_mixin.py:188} INFO - [2024-05-18T08:34:26.035+0000] {dag.py:3834} INFO - Setting next_dagrun for upload_congress_data to None, run_after=None
[2024-05-18T08:34:26.057+0000] {processor.py:183} INFO - Processing /opt/airflow/dags/upload_congress_data.py took 0.383 seconds
[2024-05-18T08:51:17.795+0000] {processor.py:161} INFO - Started process (PID=9050) to work on /opt/airflow/dags/upload_congress_data.py
[2024-05-18T08:51:17.798+0000] {processor.py:830} INFO - Processing file /opt/airflow/dags/upload_congress_data.py for tasks to queue
[2024-05-18T08:51:17.807+0000] {logging_mixin.py:188} INFO - [2024-05-18T08:51:17.806+0000] {dagbag.py:540} INFO - Filling up the DagBag from /opt/airflow/dags/upload_congress_data.py
[2024-05-18T08:51:17.909+0000] {logging_mixin.py:188} INFO - Bucket Name: congress_data_testproject-420401
[2024-05-18T08:51:17.923+0000] {processor.py:840} INFO - DAG(s) 'upload_congress_data' retrieved from /opt/airflow/dags/upload_congress_data.py
[2024-05-18T08:51:17.978+0000] {logging_mixin.py:188} INFO - [2024-05-18T08:51:17.978+0000] {dag.py:3047} INFO - Sync 1 DAGs
[2024-05-18T08:51:18.010+0000] {logging_mixin.py:188} INFO - [2024-05-18T08:51:18.010+0000] {dag.py:3834} INFO - Setting next_dagrun for upload_congress_data to None, run_after=None
[2024-05-18T08:51:18.042+0000] {processor.py:183} INFO - Processing /opt/airflow/dags/upload_congress_data.py took 0.265 seconds
[2024-05-18T09:26:29.445+0000] {processor.py:161} INFO - Started process (PID=9058) to work on /opt/airflow/dags/upload_congress_data.py
[2024-05-18T09:26:29.446+0000] {processor.py:830} INFO - Processing file /opt/airflow/dags/upload_congress_data.py for tasks to queue
[2024-05-18T09:26:29.450+0000] {logging_mixin.py:188} INFO - [2024-05-18T09:26:29.450+0000] {dagbag.py:540} INFO - Filling up the DagBag from /opt/airflow/dags/upload_congress_data.py
[2024-05-18T09:26:29.483+0000] {logging_mixin.py:188} INFO - Bucket Name: congress_data_testproject-420401
[2024-05-18T09:26:29.493+0000] {processor.py:840} INFO - DAG(s) 'upload_congress_data' retrieved from /opt/airflow/dags/upload_congress_data.py
[2024-05-18T09:26:29.514+0000] {logging_mixin.py:188} INFO - [2024-05-18T09:26:29.514+0000] {dag.py:3047} INFO - Sync 1 DAGs
[2024-05-18T09:26:29.534+0000] {logging_mixin.py:188} INFO - [2024-05-18T09:26:29.534+0000] {dag.py:3834} INFO - Setting next_dagrun for upload_congress_data to None, run_after=None
[2024-05-18T09:26:29.544+0000] {processor.py:183} INFO - Processing /opt/airflow/dags/upload_congress_data.py took 0.106 seconds
[2024-05-18T09:45:10.154+0000] {processor.py:161} INFO - Started process (PID=9066) to work on /opt/airflow/dags/upload_congress_data.py
[2024-05-18T09:45:10.157+0000] {processor.py:830} INFO - Processing file /opt/airflow/dags/upload_congress_data.py for tasks to queue
[2024-05-18T09:45:10.165+0000] {logging_mixin.py:188} INFO - [2024-05-18T09:45:10.164+0000] {dagbag.py:540} INFO - Filling up the DagBag from /opt/airflow/dags/upload_congress_data.py
[2024-05-18T09:45:10.245+0000] {logging_mixin.py:188} INFO - Bucket Name: congress_data_testproject-420401
[2024-05-18T09:45:10.265+0000] {processor.py:840} INFO - DAG(s) 'upload_congress_data' retrieved from /opt/airflow/dags/upload_congress_data.py
[2024-05-18T09:45:10.308+0000] {logging_mixin.py:188} INFO - [2024-05-18T09:45:10.308+0000] {dag.py:3047} INFO - Sync 1 DAGs
[2024-05-18T09:45:10.342+0000] {logging_mixin.py:188} INFO - [2024-05-18T09:45:10.342+0000] {dag.py:3834} INFO - Setting next_dagrun for upload_congress_data to None, run_after=None
[2024-05-18T09:45:10.369+0000] {processor.py:183} INFO - Processing /opt/airflow/dags/upload_congress_data.py took 0.220 seconds
[2024-05-18T10:20:06.760+0000] {processor.py:161} INFO - Started process (PID=9074) to work on /opt/airflow/dags/upload_congress_data.py
[2024-05-18T10:20:06.763+0000] {processor.py:830} INFO - Processing file /opt/airflow/dags/upload_congress_data.py for tasks to queue
[2024-05-18T10:20:06.772+0000] {logging_mixin.py:188} INFO - [2024-05-18T10:20:06.771+0000] {dagbag.py:540} INFO - Filling up the DagBag from /opt/airflow/dags/upload_congress_data.py
[2024-05-18T10:20:06.837+0000] {logging_mixin.py:188} INFO - Bucket Name: congress_data_testproject-420401
[2024-05-18T10:20:06.857+0000] {processor.py:840} INFO - DAG(s) 'upload_congress_data' retrieved from /opt/airflow/dags/upload_congress_data.py
[2024-05-18T10:20:06.911+0000] {logging_mixin.py:188} INFO - [2024-05-18T10:20:06.911+0000] {dag.py:3047} INFO - Sync 1 DAGs
[2024-05-18T10:20:06.944+0000] {logging_mixin.py:188} INFO - [2024-05-18T10:20:06.944+0000] {dag.py:3834} INFO - Setting next_dagrun for upload_congress_data to None, run_after=None
[2024-05-18T10:20:06.981+0000] {processor.py:183} INFO - Processing /opt/airflow/dags/upload_congress_data.py took 0.229 seconds
[2024-05-18T10:56:32.904+0000] {processor.py:161} INFO - Started process (PID=9082) to work on /opt/airflow/dags/upload_congress_data.py
[2024-05-18T10:56:32.910+0000] {processor.py:830} INFO - Processing file /opt/airflow/dags/upload_congress_data.py for tasks to queue
[2024-05-18T10:56:32.927+0000] {logging_mixin.py:188} INFO - [2024-05-18T10:56:32.924+0000] {dagbag.py:540} INFO - Filling up the DagBag from /opt/airflow/dags/upload_congress_data.py
[2024-05-18T10:56:33.020+0000] {logging_mixin.py:188} INFO - Bucket Name: congress_data_testproject-420401
[2024-05-18T10:56:33.034+0000] {processor.py:840} INFO - DAG(s) 'upload_congress_data' retrieved from /opt/airflow/dags/upload_congress_data.py
[2024-05-18T10:56:33.091+0000] {logging_mixin.py:188} INFO - [2024-05-18T10:56:33.091+0000] {dag.py:3047} INFO - Sync 1 DAGs
[2024-05-18T10:56:33.123+0000] {logging_mixin.py:188} INFO - [2024-05-18T10:56:33.123+0000] {dag.py:3834} INFO - Setting next_dagrun for upload_congress_data to None, run_after=None
[2024-05-18T10:56:33.156+0000] {processor.py:183} INFO - Processing /opt/airflow/dags/upload_congress_data.py took 0.269 seconds
[2024-05-18T11:15:11.719+0000] {processor.py:161} INFO - Started process (PID=9090) to work on /opt/airflow/dags/upload_congress_data.py
[2024-05-18T11:15:11.724+0000] {processor.py:830} INFO - Processing file /opt/airflow/dags/upload_congress_data.py for tasks to queue
[2024-05-18T11:15:11.733+0000] {logging_mixin.py:188} INFO - [2024-05-18T11:15:11.731+0000] {dagbag.py:540} INFO - Filling up the DagBag from /opt/airflow/dags/upload_congress_data.py
[2024-05-18T11:15:11.811+0000] {logging_mixin.py:188} INFO - Bucket Name: congress_data_testproject-420401
[2024-05-18T11:15:11.825+0000] {processor.py:840} INFO - DAG(s) 'upload_congress_data' retrieved from /opt/airflow/dags/upload_congress_data.py
[2024-05-18T11:15:11.871+0000] {logging_mixin.py:188} INFO - [2024-05-18T11:15:11.870+0000] {dag.py:3047} INFO - Sync 1 DAGs
[2024-05-18T11:15:11.903+0000] {logging_mixin.py:188} INFO - [2024-05-18T11:15:11.902+0000] {dag.py:3834} INFO - Setting next_dagrun for upload_congress_data to None, run_after=None
[2024-05-18T11:15:11.937+0000] {processor.py:183} INFO - Processing /opt/airflow/dags/upload_congress_data.py took 0.241 seconds
[2024-05-18T11:51:40.979+0000] {processor.py:161} INFO - Started process (PID=9098) to work on /opt/airflow/dags/upload_congress_data.py
[2024-05-18T11:51:40.980+0000] {processor.py:830} INFO - Processing file /opt/airflow/dags/upload_congress_data.py for tasks to queue
[2024-05-18T11:51:40.983+0000] {logging_mixin.py:188} INFO - [2024-05-18T11:51:40.983+0000] {dagbag.py:540} INFO - Filling up the DagBag from /opt/airflow/dags/upload_congress_data.py
[2024-05-18T11:51:41.024+0000] {logging_mixin.py:188} INFO - Bucket Name: congress_data_testproject-420401
[2024-05-18T11:51:41.034+0000] {processor.py:840} INFO - DAG(s) 'upload_congress_data' retrieved from /opt/airflow/dags/upload_congress_data.py
[2024-05-18T11:51:41.055+0000] {logging_mixin.py:188} INFO - [2024-05-18T11:51:41.055+0000] {dag.py:3047} INFO - Sync 1 DAGs
[2024-05-18T11:51:41.074+0000] {logging_mixin.py:188} INFO - [2024-05-18T11:51:41.073+0000] {dag.py:3834} INFO - Setting next_dagrun for upload_congress_data to None, run_after=None
[2024-05-18T11:51:41.083+0000] {processor.py:183} INFO - Processing /opt/airflow/dags/upload_congress_data.py took 0.107 seconds
[2024-05-18T12:25:26.676+0000] {processor.py:161} INFO - Started process (PID=9106) to work on /opt/airflow/dags/upload_congress_data.py
[2024-05-18T12:25:26.679+0000] {processor.py:830} INFO - Processing file /opt/airflow/dags/upload_congress_data.py for tasks to queue
[2024-05-18T12:25:26.688+0000] {logging_mixin.py:188} INFO - [2024-05-18T12:25:26.686+0000] {dagbag.py:540} INFO - Filling up the DagBag from /opt/airflow/dags/upload_congress_data.py
[2024-05-18T12:25:26.761+0000] {logging_mixin.py:188} INFO - Bucket Name: congress_data_testproject-420401
[2024-05-18T12:25:26.786+0000] {processor.py:840} INFO - DAG(s) 'upload_congress_data' retrieved from /opt/airflow/dags/upload_congress_data.py
[2024-05-18T12:25:26.832+0000] {logging_mixin.py:188} INFO - [2024-05-18T12:25:26.832+0000] {dag.py:3047} INFO - Sync 1 DAGs
[2024-05-18T12:25:26.865+0000] {logging_mixin.py:188} INFO - [2024-05-18T12:25:26.864+0000] {dag.py:3834} INFO - Setting next_dagrun for upload_congress_data to None, run_after=None
[2024-05-18T12:25:26.889+0000] {processor.py:183} INFO - Processing /opt/airflow/dags/upload_congress_data.py took 0.223 seconds
[2024-05-18T12:44:00.285+0000] {processor.py:161} INFO - Started process (PID=9114) to work on /opt/airflow/dags/upload_congress_data.py
[2024-05-18T12:44:00.288+0000] {processor.py:830} INFO - Processing file /opt/airflow/dags/upload_congress_data.py for tasks to queue
[2024-05-18T12:44:00.300+0000] {logging_mixin.py:188} INFO - [2024-05-18T12:44:00.298+0000] {dagbag.py:540} INFO - Filling up the DagBag from /opt/airflow/dags/upload_congress_data.py
[2024-05-18T12:44:00.356+0000] {logging_mixin.py:188} INFO - Bucket Name: congress_data_testproject-420401
[2024-05-18T12:44:00.387+0000] {processor.py:840} INFO - DAG(s) 'upload_congress_data' retrieved from /opt/airflow/dags/upload_congress_data.py
[2024-05-18T12:44:00.414+0000] {logging_mixin.py:188} INFO - [2024-05-18T12:44:00.414+0000] {dag.py:3047} INFO - Sync 1 DAGs
[2024-05-18T12:44:00.430+0000] {logging_mixin.py:188} INFO - [2024-05-18T12:44:00.430+0000] {dag.py:3834} INFO - Setting next_dagrun for upload_congress_data to None, run_after=None
[2024-05-18T12:44:00.441+0000] {processor.py:183} INFO - Processing /opt/airflow/dags/upload_congress_data.py took 0.165 seconds
[2024-05-18T13:01:25.375+0000] {processor.py:161} INFO - Started process (PID=9122) to work on /opt/airflow/dags/upload_congress_data.py
[2024-05-18T13:01:25.377+0000] {processor.py:830} INFO - Processing file /opt/airflow/dags/upload_congress_data.py for tasks to queue
[2024-05-18T13:01:25.380+0000] {logging_mixin.py:188} INFO - [2024-05-18T13:01:25.379+0000] {dagbag.py:540} INFO - Filling up the DagBag from /opt/airflow/dags/upload_congress_data.py
[2024-05-18T13:01:25.410+0000] {logging_mixin.py:188} INFO - Bucket Name: congress_data_testproject-420401
[2024-05-18T13:01:25.436+0000] {processor.py:840} INFO - DAG(s) 'upload_congress_data' retrieved from /opt/airflow/dags/upload_congress_data.py
[2024-05-18T13:01:25.453+0000] {logging_mixin.py:188} INFO - [2024-05-18T13:01:25.453+0000] {dag.py:3047} INFO - Sync 1 DAGs
[2024-05-18T13:01:25.466+0000] {logging_mixin.py:188} INFO - [2024-05-18T13:01:25.465+0000] {dag.py:3834} INFO - Setting next_dagrun for upload_congress_data to None, run_after=None
[2024-05-18T13:01:25.474+0000] {processor.py:183} INFO - Processing /opt/airflow/dags/upload_congress_data.py took 0.102 seconds
[2024-05-18T13:36:09.879+0000] {processor.py:161} INFO - Started process (PID=9130) to work on /opt/airflow/dags/upload_congress_data.py
[2024-05-18T13:36:09.880+0000] {processor.py:830} INFO - Processing file /opt/airflow/dags/upload_congress_data.py for tasks to queue
[2024-05-18T13:36:09.883+0000] {logging_mixin.py:188} INFO - [2024-05-18T13:36:09.883+0000] {dagbag.py:540} INFO - Filling up the DagBag from /opt/airflow/dags/upload_congress_data.py
[2024-05-18T13:36:09.914+0000] {logging_mixin.py:188} INFO - Bucket Name: congress_data_testproject-420401
[2024-05-18T13:36:09.923+0000] {processor.py:840} INFO - DAG(s) 'upload_congress_data' retrieved from /opt/airflow/dags/upload_congress_data.py
[2024-05-18T13:36:09.941+0000] {logging_mixin.py:188} INFO - [2024-05-18T13:36:09.941+0000] {dag.py:3047} INFO - Sync 1 DAGs
[2024-05-18T13:36:09.957+0000] {logging_mixin.py:188} INFO - [2024-05-18T13:36:09.957+0000] {dag.py:3834} INFO - Setting next_dagrun for upload_congress_data to None, run_after=None
[2024-05-18T13:36:09.969+0000] {processor.py:183} INFO - Processing /opt/airflow/dags/upload_congress_data.py took 0.101 seconds
[2024-05-18T13:55:17.544+0000] {processor.py:161} INFO - Started process (PID=9138) to work on /opt/airflow/dags/upload_congress_data.py
[2024-05-18T13:55:17.546+0000] {processor.py:830} INFO - Processing file /opt/airflow/dags/upload_congress_data.py for tasks to queue
[2024-05-18T13:55:17.551+0000] {logging_mixin.py:188} INFO - [2024-05-18T13:55:17.550+0000] {dagbag.py:540} INFO - Filling up the DagBag from /opt/airflow/dags/upload_congress_data.py
[2024-05-18T13:55:17.601+0000] {logging_mixin.py:188} INFO - Bucket Name: congress_data_testproject-420401
[2024-05-18T13:55:17.613+0000] {processor.py:840} INFO - DAG(s) 'upload_congress_data' retrieved from /opt/airflow/dags/upload_congress_data.py
[2024-05-18T13:55:17.631+0000] {logging_mixin.py:188} INFO - [2024-05-18T13:55:17.631+0000] {dag.py:3047} INFO - Sync 1 DAGs
[2024-05-18T13:55:17.644+0000] {logging_mixin.py:188} INFO - [2024-05-18T13:55:17.643+0000] {dag.py:3834} INFO - Setting next_dagrun for upload_congress_data to None, run_after=None
[2024-05-18T13:55:17.654+0000] {processor.py:183} INFO - Processing /opt/airflow/dags/upload_congress_data.py took 0.117 seconds
[2024-05-18T14:29:49.306+0000] {processor.py:161} INFO - Started process (PID=9146) to work on /opt/airflow/dags/upload_congress_data.py
[2024-05-18T14:29:49.308+0000] {processor.py:830} INFO - Processing file /opt/airflow/dags/upload_congress_data.py for tasks to queue
[2024-05-18T14:29:49.312+0000] {logging_mixin.py:188} INFO - [2024-05-18T14:29:49.311+0000] {dagbag.py:540} INFO - Filling up the DagBag from /opt/airflow/dags/upload_congress_data.py
[2024-05-18T14:29:49.358+0000] {logging_mixin.py:188} INFO - Bucket Name: congress_data_testproject-420401
[2024-05-18T14:29:49.368+0000] {processor.py:840} INFO - DAG(s) 'upload_congress_data' retrieved from /opt/airflow/dags/upload_congress_data.py
[2024-05-18T14:29:49.396+0000] {logging_mixin.py:188} INFO - [2024-05-18T14:29:49.396+0000] {dag.py:3047} INFO - Sync 1 DAGs
[2024-05-18T14:29:49.413+0000] {logging_mixin.py:188} INFO - [2024-05-18T14:29:49.412+0000] {dag.py:3834} INFO - Setting next_dagrun for upload_congress_data to None, run_after=None
[2024-05-18T14:29:49.425+0000] {processor.py:183} INFO - Processing /opt/airflow/dags/upload_congress_data.py took 0.123 seconds
[2024-05-18T15:02:03.363+0000] {processor.py:161} INFO - Started process (PID=9154) to work on /opt/airflow/dags/upload_congress_data.py
[2024-05-18T15:02:03.366+0000] {processor.py:830} INFO - Processing file /opt/airflow/dags/upload_congress_data.py for tasks to queue
[2024-05-18T15:02:03.374+0000] {logging_mixin.py:188} INFO - [2024-05-18T15:02:03.373+0000] {dagbag.py:540} INFO - Filling up the DagBag from /opt/airflow/dags/upload_congress_data.py
[2024-05-18T15:02:03.478+0000] {logging_mixin.py:188} INFO - Bucket Name: congress_data_testproject-420401
[2024-05-18T15:02:03.508+0000] {processor.py:840} INFO - DAG(s) 'upload_congress_data' retrieved from /opt/airflow/dags/upload_congress_data.py
[2024-05-18T15:02:03.549+0000] {logging_mixin.py:188} INFO - [2024-05-18T15:02:03.549+0000] {dag.py:3047} INFO - Sync 1 DAGs
[2024-05-18T15:02:03.581+0000] {logging_mixin.py:188} INFO - [2024-05-18T15:02:03.581+0000] {dag.py:3834} INFO - Setting next_dagrun for upload_congress_data to None, run_after=None
[2024-05-18T15:02:03.610+0000] {processor.py:183} INFO - Processing /opt/airflow/dags/upload_congress_data.py took 0.266 seconds
[2024-05-18T15:19:26.806+0000] {processor.py:161} INFO - Started process (PID=9162) to work on /opt/airflow/dags/upload_congress_data.py
[2024-05-18T15:19:26.811+0000] {processor.py:830} INFO - Processing file /opt/airflow/dags/upload_congress_data.py for tasks to queue
[2024-05-18T15:19:26.820+0000] {logging_mixin.py:188} INFO - [2024-05-18T15:19:26.819+0000] {dagbag.py:540} INFO - Filling up the DagBag from /opt/airflow/dags/upload_congress_data.py
[2024-05-18T15:19:26.860+0000] {logging_mixin.py:188} INFO - Bucket Name: congress_data_testproject-420401
[2024-05-18T15:19:26.871+0000] {processor.py:840} INFO - DAG(s) 'upload_congress_data' retrieved from /opt/airflow/dags/upload_congress_data.py
[2024-05-18T15:19:26.889+0000] {logging_mixin.py:188} INFO - [2024-05-18T15:19:26.889+0000] {dag.py:3047} INFO - Sync 1 DAGs
[2024-05-18T15:19:26.905+0000] {logging_mixin.py:188} INFO - [2024-05-18T15:19:26.904+0000] {dag.py:3834} INFO - Setting next_dagrun for upload_congress_data to None, run_after=None
[2024-05-18T15:19:26.918+0000] {processor.py:183} INFO - Processing /opt/airflow/dags/upload_congress_data.py took 0.116 seconds
[2024-05-18T15:33:11.508+0000] {processor.py:161} INFO - Started process (PID=9170) to work on /opt/airflow/dags/upload_congress_data.py
[2024-05-18T15:33:11.511+0000] {processor.py:830} INFO - Processing file /opt/airflow/dags/upload_congress_data.py for tasks to queue
[2024-05-18T15:33:11.531+0000] {logging_mixin.py:188} INFO - [2024-05-18T15:33:11.527+0000] {dagbag.py:540} INFO - Filling up the DagBag from /opt/airflow/dags/upload_congress_data.py
[2024-05-18T15:33:11.703+0000] {logging_mixin.py:188} INFO - Bucket Name: congress_data_testproject-420401
[2024-05-18T15:33:11.725+0000] {processor.py:840} INFO - DAG(s) 'upload_congress_data' retrieved from /opt/airflow/dags/upload_congress_data.py
[2024-05-18T15:33:11.776+0000] {logging_mixin.py:188} INFO - [2024-05-18T15:33:11.776+0000] {dag.py:3047} INFO - Sync 1 DAGs
[2024-05-18T15:33:11.809+0000] {logging_mixin.py:188} INFO - [2024-05-18T15:33:11.809+0000] {dag.py:3834} INFO - Setting next_dagrun for upload_congress_data to None, run_after=None
[2024-05-18T15:33:11.845+0000] {processor.py:183} INFO - Processing /opt/airflow/dags/upload_congress_data.py took 0.349 seconds
[2024-05-18T15:51:26.047+0000] {processor.py:161} INFO - Started process (PID=9178) to work on /opt/airflow/dags/upload_congress_data.py
[2024-05-18T15:51:26.050+0000] {processor.py:830} INFO - Processing file /opt/airflow/dags/upload_congress_data.py for tasks to queue
[2024-05-18T15:51:26.058+0000] {logging_mixin.py:188} INFO - [2024-05-18T15:51:26.054+0000] {dagbag.py:540} INFO - Filling up the DagBag from /opt/airflow/dags/upload_congress_data.py
[2024-05-18T15:51:26.139+0000] {logging_mixin.py:188} INFO - Bucket Name: congress_data_testproject-420401
[2024-05-18T15:51:26.192+0000] {processor.py:840} INFO - DAG(s) 'upload_congress_data' retrieved from /opt/airflow/dags/upload_congress_data.py
[2024-05-18T15:51:26.251+0000] {logging_mixin.py:188} INFO - [2024-05-18T15:51:26.251+0000] {dag.py:3047} INFO - Sync 1 DAGs
[2024-05-18T15:51:26.281+0000] {logging_mixin.py:188} INFO - [2024-05-18T15:51:26.281+0000] {dag.py:3834} INFO - Setting next_dagrun for upload_congress_data to None, run_after=None
[2024-05-18T15:51:26.320+0000] {processor.py:183} INFO - Processing /opt/airflow/dags/upload_congress_data.py took 0.286 seconds
[2024-05-18T16:20:48.717+0000] {processor.py:161} INFO - Started process (PID=9186) to work on /opt/airflow/dags/upload_congress_data.py
[2024-05-18T16:20:48.723+0000] {processor.py:830} INFO - Processing file /opt/airflow/dags/upload_congress_data.py for tasks to queue
[2024-05-18T16:20:48.737+0000] {logging_mixin.py:188} INFO - [2024-05-18T16:20:48.735+0000] {dagbag.py:540} INFO - Filling up the DagBag from /opt/airflow/dags/upload_congress_data.py
[2024-05-18T16:20:48.844+0000] {logging_mixin.py:188} INFO - Bucket Name: congress_data_testproject-420401
[2024-05-18T16:20:48.866+0000] {processor.py:840} INFO - DAG(s) 'upload_congress_data' retrieved from /opt/airflow/dags/upload_congress_data.py
[2024-05-18T16:20:48.912+0000] {logging_mixin.py:188} INFO - [2024-05-18T16:20:48.912+0000] {dag.py:3047} INFO - Sync 1 DAGs
[2024-05-18T16:20:48.947+0000] {logging_mixin.py:188} INFO - [2024-05-18T16:20:48.947+0000] {dag.py:3834} INFO - Setting next_dagrun for upload_congress_data to None, run_after=None
[2024-05-18T16:20:48.976+0000] {processor.py:183} INFO - Processing /opt/airflow/dags/upload_congress_data.py took 0.273 seconds
[2024-05-18T16:58:24.949+0000] {processor.py:161} INFO - Started process (PID=9194) to work on /opt/airflow/dags/upload_congress_data.py
[2024-05-18T16:58:24.955+0000] {processor.py:830} INFO - Processing file /opt/airflow/dags/upload_congress_data.py for tasks to queue
[2024-05-18T16:58:24.968+0000] {logging_mixin.py:188} INFO - [2024-05-18T16:58:24.966+0000] {dagbag.py:540} INFO - Filling up the DagBag from /opt/airflow/dags/upload_congress_data.py
[2024-05-18T16:58:25.058+0000] {logging_mixin.py:188} INFO - Bucket Name: congress_data_testproject-420401
[2024-05-18T16:58:25.075+0000] {processor.py:840} INFO - DAG(s) 'upload_congress_data' retrieved from /opt/airflow/dags/upload_congress_data.py
[2024-05-18T16:58:25.123+0000] {logging_mixin.py:188} INFO - [2024-05-18T16:58:25.123+0000] {dag.py:3047} INFO - Sync 1 DAGs
[2024-05-18T16:58:25.159+0000] {logging_mixin.py:188} INFO - [2024-05-18T16:58:25.159+0000] {dag.py:3834} INFO - Setting next_dagrun for upload_congress_data to None, run_after=None
[2024-05-18T16:58:25.188+0000] {processor.py:183} INFO - Processing /opt/airflow/dags/upload_congress_data.py took 0.246 seconds
[2024-05-18T17:04:17.164+0000] {processor.py:161} INFO - Started process (PID=9202) to work on /opt/airflow/dags/upload_congress_data.py
[2024-05-18T17:04:17.166+0000] {processor.py:830} INFO - Processing file /opt/airflow/dags/upload_congress_data.py for tasks to queue
[2024-05-18T17:04:17.172+0000] {logging_mixin.py:188} INFO - [2024-05-18T17:04:17.171+0000] {dagbag.py:540} INFO - Filling up the DagBag from /opt/airflow/dags/upload_congress_data.py
[2024-05-18T17:04:17.253+0000] {logging_mixin.py:188} INFO - Bucket Name: congress_data_testproject-420401
[2024-05-18T17:04:17.276+0000] {processor.py:840} INFO - DAG(s) 'upload_congress_data' retrieved from /opt/airflow/dags/upload_congress_data.py
[2024-05-18T17:04:17.331+0000] {logging_mixin.py:188} INFO - [2024-05-18T17:04:17.331+0000] {dag.py:3047} INFO - Sync 1 DAGs
[2024-05-18T17:04:17.356+0000] {logging_mixin.py:188} INFO - [2024-05-18T17:04:17.355+0000] {dag.py:3834} INFO - Setting next_dagrun for upload_congress_data to None, run_after=None
[2024-05-18T17:04:17.386+0000] {processor.py:183} INFO - Processing /opt/airflow/dags/upload_congress_data.py took 0.232 seconds
[2024-05-18T17:41:06.467+0000] {processor.py:161} INFO - Started process (PID=9210) to work on /opt/airflow/dags/upload_congress_data.py
[2024-05-18T17:41:06.475+0000] {processor.py:830} INFO - Processing file /opt/airflow/dags/upload_congress_data.py for tasks to queue
[2024-05-18T17:41:06.481+0000] {logging_mixin.py:188} INFO - [2024-05-18T17:41:06.481+0000] {dagbag.py:540} INFO - Filling up the DagBag from /opt/airflow/dags/upload_congress_data.py
[2024-05-18T17:41:06.795+0000] {logging_mixin.py:188} INFO - Bucket Name: congress_data_testproject-420401
[2024-05-18T17:41:06.823+0000] {processor.py:840} INFO - DAG(s) 'upload_congress_data' retrieved from /opt/airflow/dags/upload_congress_data.py
[2024-05-18T17:41:06.863+0000] {logging_mixin.py:188} INFO - [2024-05-18T17:41:06.863+0000] {dag.py:3047} INFO - Sync 1 DAGs
[2024-05-18T17:41:06.880+0000] {logging_mixin.py:188} INFO - [2024-05-18T17:41:06.879+0000] {dag.py:3834} INFO - Setting next_dagrun for upload_congress_data to None, run_after=None
[2024-05-18T17:41:06.888+0000] {processor.py:183} INFO - Processing /opt/airflow/dags/upload_congress_data.py took 0.442 seconds
[2024-05-18T17:58:30.129+0000] {processor.py:161} INFO - Started process (PID=9218) to work on /opt/airflow/dags/upload_congress_data.py
[2024-05-18T17:58:30.133+0000] {processor.py:830} INFO - Processing file /opt/airflow/dags/upload_congress_data.py for tasks to queue
[2024-05-18T17:58:30.141+0000] {logging_mixin.py:188} INFO - [2024-05-18T17:58:30.140+0000] {dagbag.py:540} INFO - Filling up the DagBag from /opt/airflow/dags/upload_congress_data.py
[2024-05-18T17:58:30.234+0000] {logging_mixin.py:188} INFO - Bucket Name: congress_data_testproject-420401
[2024-05-18T17:58:30.251+0000] {processor.py:840} INFO - DAG(s) 'upload_congress_data' retrieved from /opt/airflow/dags/upload_congress_data.py
[2024-05-18T17:58:30.308+0000] {logging_mixin.py:188} INFO - [2024-05-18T17:58:30.307+0000] {dag.py:3047} INFO - Sync 1 DAGs
[2024-05-18T17:58:30.353+0000] {logging_mixin.py:188} INFO - [2024-05-18T17:58:30.353+0000] {dag.py:3834} INFO - Setting next_dagrun for upload_congress_data to None, run_after=None
[2024-05-18T17:58:30.371+0000] {processor.py:183} INFO - Processing /opt/airflow/dags/upload_congress_data.py took 0.256 seconds
[2024-05-18T18:21:02.902+0000] {processor.py:161} INFO - Started process (PID=9226) to work on /opt/airflow/dags/upload_congress_data.py
[2024-05-18T18:21:02.904+0000] {processor.py:830} INFO - Processing file /opt/airflow/dags/upload_congress_data.py for tasks to queue
[2024-05-18T18:21:02.908+0000] {logging_mixin.py:188} INFO - [2024-05-18T18:21:02.908+0000] {dagbag.py:540} INFO - Filling up the DagBag from /opt/airflow/dags/upload_congress_data.py
[2024-05-18T18:21:02.955+0000] {logging_mixin.py:188} INFO - Bucket Name: congress_data_testproject-420401
[2024-05-18T18:21:02.967+0000] {processor.py:840} INFO - DAG(s) 'upload_congress_data' retrieved from /opt/airflow/dags/upload_congress_data.py
[2024-05-18T18:21:02.990+0000] {logging_mixin.py:188} INFO - [2024-05-18T18:21:02.990+0000] {dag.py:3047} INFO - Sync 1 DAGs
[2024-05-18T18:21:03.010+0000] {logging_mixin.py:188} INFO - [2024-05-18T18:21:03.010+0000] {dag.py:3834} INFO - Setting next_dagrun for upload_congress_data to None, run_after=None
[2024-05-18T18:21:03.021+0000] {processor.py:183} INFO - Processing /opt/airflow/dags/upload_congress_data.py took 0.125 seconds
[2024-05-18T18:39:45.621+0000] {processor.py:161} INFO - Started process (PID=9234) to work on /opt/airflow/dags/upload_congress_data.py
[2024-05-18T18:39:45.623+0000] {processor.py:830} INFO - Processing file /opt/airflow/dags/upload_congress_data.py for tasks to queue
[2024-05-18T18:39:45.627+0000] {logging_mixin.py:188} INFO - [2024-05-18T18:39:45.627+0000] {dagbag.py:540} INFO - Filling up the DagBag from /opt/airflow/dags/upload_congress_data.py
[2024-05-18T18:39:45.663+0000] {logging_mixin.py:188} INFO - Bucket Name: congress_data_testproject-420401
[2024-05-18T18:39:45.675+0000] {processor.py:840} INFO - DAG(s) 'upload_congress_data' retrieved from /opt/airflow/dags/upload_congress_data.py
[2024-05-18T18:39:45.727+0000] {logging_mixin.py:188} INFO - [2024-05-18T18:39:45.726+0000] {dag.py:3047} INFO - Sync 1 DAGs
[2024-05-18T18:39:45.781+0000] {logging_mixin.py:188} INFO - [2024-05-18T18:39:45.781+0000] {dag.py:3834} INFO - Setting next_dagrun for upload_congress_data to None, run_after=None
[2024-05-18T18:39:45.836+0000] {processor.py:183} INFO - Processing /opt/airflow/dags/upload_congress_data.py took 0.222 seconds
[2024-05-18T19:06:07.996+0000] {processor.py:161} INFO - Started process (PID=9242) to work on /opt/airflow/dags/upload_congress_data.py
[2024-05-18T19:06:07.999+0000] {processor.py:830} INFO - Processing file /opt/airflow/dags/upload_congress_data.py for tasks to queue
[2024-05-18T19:06:08.006+0000] {logging_mixin.py:188} INFO - [2024-05-18T19:06:08.005+0000] {dagbag.py:540} INFO - Filling up the DagBag from /opt/airflow/dags/upload_congress_data.py
[2024-05-18T19:06:08.087+0000] {logging_mixin.py:188} INFO - Bucket Name: congress_data_testproject-420401
[2024-05-18T19:06:08.106+0000] {processor.py:840} INFO - DAG(s) 'upload_congress_data' retrieved from /opt/airflow/dags/upload_congress_data.py
[2024-05-18T19:06:08.154+0000] {logging_mixin.py:188} INFO - [2024-05-18T19:06:08.154+0000] {dag.py:3047} INFO - Sync 1 DAGs
[2024-05-18T19:06:08.195+0000] {logging_mixin.py:188} INFO - [2024-05-18T19:06:08.194+0000] {dag.py:3834} INFO - Setting next_dagrun for upload_congress_data to None, run_after=None
[2024-05-18T19:06:08.229+0000] {processor.py:183} INFO - Processing /opt/airflow/dags/upload_congress_data.py took 0.256 seconds
[2024-05-18T19:23:38.151+0000] {processor.py:161} INFO - Started process (PID=9250) to work on /opt/airflow/dags/upload_congress_data.py
[2024-05-18T19:23:38.157+0000] {processor.py:830} INFO - Processing file /opt/airflow/dags/upload_congress_data.py for tasks to queue
[2024-05-18T19:23:38.164+0000] {logging_mixin.py:188} INFO - [2024-05-18T19:23:38.163+0000] {dagbag.py:540} INFO - Filling up the DagBag from /opt/airflow/dags/upload_congress_data.py
[2024-05-18T19:23:38.231+0000] {logging_mixin.py:188} INFO - Bucket Name: congress_data_testproject-420401
[2024-05-18T19:23:38.249+0000] {processor.py:840} INFO - DAG(s) 'upload_congress_data' retrieved from /opt/airflow/dags/upload_congress_data.py
[2024-05-18T19:23:38.293+0000] {logging_mixin.py:188} INFO - [2024-05-18T19:23:38.293+0000] {dag.py:3047} INFO - Sync 1 DAGs
[2024-05-18T19:23:38.328+0000] {logging_mixin.py:188} INFO - [2024-05-18T19:23:38.327+0000] {dag.py:3834} INFO - Setting next_dagrun for upload_congress_data to None, run_after=None
[2024-05-18T19:23:38.686+0000] {processor.py:183} INFO - Processing /opt/airflow/dags/upload_congress_data.py took 0.551 seconds
[2024-05-18T19:59:06.407+0000] {processor.py:161} INFO - Started process (PID=9258) to work on /opt/airflow/dags/upload_congress_data.py
[2024-05-18T19:59:06.408+0000] {processor.py:830} INFO - Processing file /opt/airflow/dags/upload_congress_data.py for tasks to queue
[2024-05-18T19:59:06.411+0000] {logging_mixin.py:188} INFO - [2024-05-18T19:59:06.410+0000] {dagbag.py:540} INFO - Filling up the DagBag from /opt/airflow/dags/upload_congress_data.py
[2024-05-18T19:59:06.457+0000] {logging_mixin.py:188} INFO - Bucket Name: congress_data_testproject-420401
[2024-05-18T19:59:06.468+0000] {processor.py:840} INFO - DAG(s) 'upload_congress_data' retrieved from /opt/airflow/dags/upload_congress_data.py
[2024-05-18T19:59:06.496+0000] {logging_mixin.py:188} INFO - [2024-05-18T19:59:06.496+0000] {dag.py:3047} INFO - Sync 1 DAGs
[2024-05-18T19:59:06.512+0000] {logging_mixin.py:188} INFO - [2024-05-18T19:59:06.511+0000] {dag.py:3834} INFO - Setting next_dagrun for upload_congress_data to None, run_after=None
[2024-05-18T19:59:06.522+0000] {processor.py:183} INFO - Processing /opt/airflow/dags/upload_congress_data.py took 0.118 seconds
[2024-05-18T20:22:42.778+0000] {processor.py:161} INFO - Started process (PID=9266) to work on /opt/airflow/dags/upload_congress_data.py
[2024-05-18T20:22:42.784+0000] {processor.py:830} INFO - Processing file /opt/airflow/dags/upload_congress_data.py for tasks to queue
[2024-05-18T20:22:42.792+0000] {logging_mixin.py:188} INFO - [2024-05-18T20:22:42.790+0000] {dagbag.py:540} INFO - Filling up the DagBag from /opt/airflow/dags/upload_congress_data.py
[2024-05-18T20:22:42.905+0000] {logging_mixin.py:188} INFO - Bucket Name: congress_data_testproject-420401
[2024-05-18T20:22:42.939+0000] {processor.py:840} INFO - DAG(s) 'upload_congress_data' retrieved from /opt/airflow/dags/upload_congress_data.py
[2024-05-18T20:22:42.995+0000] {logging_mixin.py:188} INFO - [2024-05-18T20:22:42.995+0000] {dag.py:3047} INFO - Sync 1 DAGs
[2024-05-18T20:22:43.338+0000] {logging_mixin.py:188} INFO - [2024-05-18T20:22:43.338+0000] {dag.py:3834} INFO - Setting next_dagrun for upload_congress_data to None, run_after=None
[2024-05-18T20:22:43.351+0000] {processor.py:183} INFO - Processing /opt/airflow/dags/upload_congress_data.py took 0.584 seconds
[2024-05-18T20:41:22.855+0000] {processor.py:161} INFO - Started process (PID=9274) to work on /opt/airflow/dags/upload_congress_data.py
[2024-05-18T20:41:22.861+0000] {processor.py:830} INFO - Processing file /opt/airflow/dags/upload_congress_data.py for tasks to queue
[2024-05-18T20:41:22.875+0000] {logging_mixin.py:188} INFO - [2024-05-18T20:41:22.874+0000] {dagbag.py:540} INFO - Filling up the DagBag from /opt/airflow/dags/upload_congress_data.py
[2024-05-18T20:41:22.991+0000] {logging_mixin.py:188} INFO - Bucket Name: congress_data_testproject-420401
[2024-05-18T20:41:23.019+0000] {processor.py:840} INFO - DAG(s) 'upload_congress_data' retrieved from /opt/airflow/dags/upload_congress_data.py
[2024-05-18T20:41:23.064+0000] {logging_mixin.py:188} INFO - [2024-05-18T20:41:23.064+0000] {dag.py:3047} INFO - Sync 1 DAGs
[2024-05-18T20:41:23.099+0000] {logging_mixin.py:188} INFO - [2024-05-18T20:41:23.099+0000] {dag.py:3834} INFO - Setting next_dagrun for upload_congress_data to None, run_after=None
[2024-05-18T20:41:23.125+0000] {processor.py:183} INFO - Processing /opt/airflow/dags/upload_congress_data.py took 0.287 seconds
[2024-05-18T21:08:07.661+0000] {processor.py:161} INFO - Started process (PID=9282) to work on /opt/airflow/dags/upload_congress_data.py
[2024-05-18T21:08:07.664+0000] {processor.py:830} INFO - Processing file /opt/airflow/dags/upload_congress_data.py for tasks to queue
[2024-05-18T21:08:07.683+0000] {logging_mixin.py:188} INFO - [2024-05-18T21:08:07.677+0000] {dagbag.py:540} INFO - Filling up the DagBag from /opt/airflow/dags/upload_congress_data.py
[2024-05-18T21:08:07.787+0000] {logging_mixin.py:188} INFO - Bucket Name: congress_data_testproject-420401
[2024-05-18T21:08:07.806+0000] {processor.py:840} INFO - DAG(s) 'upload_congress_data' retrieved from /opt/airflow/dags/upload_congress_data.py
[2024-05-18T21:08:07.864+0000] {logging_mixin.py:188} INFO - [2024-05-18T21:08:07.864+0000] {dag.py:3047} INFO - Sync 1 DAGs
[2024-05-18T21:08:08.224+0000] {logging_mixin.py:188} INFO - [2024-05-18T21:08:08.224+0000] {dag.py:3834} INFO - Setting next_dagrun for upload_congress_data to None, run_after=None
[2024-05-18T21:08:08.232+0000] {processor.py:183} INFO - Processing /opt/airflow/dags/upload_congress_data.py took 0.584 seconds
[2024-05-18T21:58:06.823+0000] {processor.py:161} INFO - Started process (PID=9290) to work on /opt/airflow/dags/upload_congress_data.py
[2024-05-18T21:58:06.843+0000] {processor.py:830} INFO - Processing file /opt/airflow/dags/upload_congress_data.py for tasks to queue
[2024-05-18T21:58:06.846+0000] {logging_mixin.py:188} INFO - [2024-05-18T21:58:06.846+0000] {dagbag.py:540} INFO - Filling up the DagBag from /opt/airflow/dags/upload_congress_data.py
[2024-05-18T21:58:06.887+0000] {logging_mixin.py:188} INFO - Bucket Name: congress_data_testproject-420401
[2024-05-18T21:58:06.898+0000] {processor.py:840} INFO - DAG(s) 'upload_congress_data' retrieved from /opt/airflow/dags/upload_congress_data.py
[2024-05-18T21:58:06.916+0000] {logging_mixin.py:188} INFO - [2024-05-18T21:58:06.916+0000] {dag.py:3047} INFO - Sync 1 DAGs
[2024-05-18T21:58:06.933+0000] {logging_mixin.py:188} INFO - [2024-05-18T21:58:06.932+0000] {dag.py:3834} INFO - Setting next_dagrun for upload_congress_data to None, run_after=None
[2024-05-18T21:58:07.331+0000] {processor.py:183} INFO - Processing /opt/airflow/dags/upload_congress_data.py took 0.522 seconds
[2024-05-18T22:27:23.546+0000] {processor.py:161} INFO - Started process (PID=9298) to work on /opt/airflow/dags/upload_congress_data.py
[2024-05-18T22:27:23.548+0000] {processor.py:830} INFO - Processing file /opt/airflow/dags/upload_congress_data.py for tasks to queue
[2024-05-18T22:27:23.554+0000] {logging_mixin.py:188} INFO - [2024-05-18T22:27:23.554+0000] {dagbag.py:540} INFO - Filling up the DagBag from /opt/airflow/dags/upload_congress_data.py
[2024-05-18T22:27:23.641+0000] {logging_mixin.py:188} INFO - Bucket Name: congress_data_testproject-420401
[2024-05-18T22:27:23.675+0000] {processor.py:840} INFO - DAG(s) 'upload_congress_data' retrieved from /opt/airflow/dags/upload_congress_data.py
[2024-05-18T22:27:24.122+0000] {logging_mixin.py:188} INFO - [2024-05-18T22:27:24.121+0000] {dag.py:3047} INFO - Sync 1 DAGs
[2024-05-18T22:27:24.148+0000] {logging_mixin.py:188} INFO - [2024-05-18T22:27:24.147+0000] {dag.py:3834} INFO - Setting next_dagrun for upload_congress_data to None, run_after=None
[2024-05-18T22:27:24.171+0000] {processor.py:183} INFO - Processing /opt/airflow/dags/upload_congress_data.py took 0.631 seconds
[2024-05-18T22:43:41.968+0000] {processor.py:161} INFO - Started process (PID=9306) to work on /opt/airflow/dags/upload_congress_data.py
[2024-05-18T22:43:41.974+0000] {processor.py:830} INFO - Processing file /opt/airflow/dags/upload_congress_data.py for tasks to queue
[2024-05-18T22:43:41.991+0000] {logging_mixin.py:188} INFO - [2024-05-18T22:43:41.990+0000] {dagbag.py:540} INFO - Filling up the DagBag from /opt/airflow/dags/upload_congress_data.py
[2024-05-18T22:43:42.187+0000] {logging_mixin.py:188} INFO - Bucket Name: congress_data_testproject-420401
[2024-05-18T22:43:42.196+0000] {processor.py:840} INFO - DAG(s) 'upload_congress_data' retrieved from /opt/airflow/dags/upload_congress_data.py
[2024-05-18T22:43:42.214+0000] {logging_mixin.py:188} INFO - [2024-05-18T22:43:42.214+0000] {dag.py:3047} INFO - Sync 1 DAGs
[2024-05-18T22:43:42.440+0000] {logging_mixin.py:188} INFO - [2024-05-18T22:43:42.440+0000] {dag.py:3834} INFO - Setting next_dagrun for upload_congress_data to None, run_after=None
[2024-05-18T22:43:42.447+0000] {processor.py:183} INFO - Processing /opt/airflow/dags/upload_congress_data.py took 0.499 seconds
[2024-05-18T23:02:20.710+0000] {processor.py:161} INFO - Started process (PID=9314) to work on /opt/airflow/dags/upload_congress_data.py
[2024-05-18T23:02:20.712+0000] {processor.py:830} INFO - Processing file /opt/airflow/dags/upload_congress_data.py for tasks to queue
[2024-05-18T23:02:20.718+0000] {logging_mixin.py:188} INFO - [2024-05-18T23:02:20.717+0000] {dagbag.py:540} INFO - Filling up the DagBag from /opt/airflow/dags/upload_congress_data.py
[2024-05-18T23:02:20.772+0000] {logging_mixin.py:188} INFO - Bucket Name: congress_data_testproject-420401
[2024-05-18T23:02:21.024+0000] {processor.py:840} INFO - DAG(s) 'upload_congress_data' retrieved from /opt/airflow/dags/upload_congress_data.py
[2024-05-18T23:02:21.040+0000] {logging_mixin.py:188} INFO - [2024-05-18T23:02:21.039+0000] {dag.py:3047} INFO - Sync 1 DAGs
[2024-05-18T23:02:21.050+0000] {logging_mixin.py:188} INFO - [2024-05-18T23:02:21.050+0000] {dag.py:3834} INFO - Setting next_dagrun for upload_congress_data to None, run_after=None
[2024-05-18T23:02:21.058+0000] {processor.py:183} INFO - Processing /opt/airflow/dags/upload_congress_data.py took 0.354 seconds
[2024-05-18T23:27:06.854+0000] {processor.py:161} INFO - Started process (PID=9322) to work on /opt/airflow/dags/upload_congress_data.py
[2024-05-18T23:27:06.857+0000] {processor.py:830} INFO - Processing file /opt/airflow/dags/upload_congress_data.py for tasks to queue
[2024-05-18T23:27:06.863+0000] {logging_mixin.py:188} INFO - [2024-05-18T23:27:06.862+0000] {dagbag.py:540} INFO - Filling up the DagBag from /opt/airflow/dags/upload_congress_data.py
[2024-05-18T23:27:06.942+0000] {logging_mixin.py:188} INFO - Bucket Name: congress_data_testproject-420401
[2024-05-18T23:27:06.957+0000] {processor.py:840} INFO - DAG(s) 'upload_congress_data' retrieved from /opt/airflow/dags/upload_congress_data.py
[2024-05-18T23:27:07.030+0000] {logging_mixin.py:188} INFO - [2024-05-18T23:27:07.030+0000] {dag.py:3047} INFO - Sync 1 DAGs
[2024-05-18T23:27:07.048+0000] {logging_mixin.py:188} INFO - [2024-05-18T23:27:07.048+0000] {dag.py:3834} INFO - Setting next_dagrun for upload_congress_data to None, run_after=None
[2024-05-18T23:27:07.058+0000] {processor.py:183} INFO - Processing /opt/airflow/dags/upload_congress_data.py took 0.212 seconds
[2024-05-18T23:46:10.778+0000] {processor.py:161} INFO - Started process (PID=9330) to work on /opt/airflow/dags/upload_congress_data.py
[2024-05-18T23:46:10.779+0000] {processor.py:830} INFO - Processing file /opt/airflow/dags/upload_congress_data.py for tasks to queue
[2024-05-18T23:46:10.785+0000] {logging_mixin.py:188} INFO - [2024-05-18T23:46:10.784+0000] {dagbag.py:540} INFO - Filling up the DagBag from /opt/airflow/dags/upload_congress_data.py
[2024-05-18T23:46:10.832+0000] {logging_mixin.py:188} INFO - Bucket Name: congress_data_testproject-420401
[2024-05-18T23:46:10.844+0000] {processor.py:840} INFO - DAG(s) 'upload_congress_data' retrieved from /opt/airflow/dags/upload_congress_data.py
[2024-05-18T23:46:10.862+0000] {logging_mixin.py:188} INFO - [2024-05-18T23:46:10.862+0000] {dag.py:3047} INFO - Sync 1 DAGs
[2024-05-18T23:46:10.876+0000] {logging_mixin.py:188} INFO - [2024-05-18T23:46:10.875+0000] {dag.py:3834} INFO - Setting next_dagrun for upload_congress_data to None, run_after=None
[2024-05-18T23:46:10.885+0000] {processor.py:183} INFO - Processing /opt/airflow/dags/upload_congress_data.py took 0.114 seconds
