[2024-04-12T17:48:26.298+0000] {taskinstance.py:1979} INFO - Dependencies all met for dep_context=non-requeueable deps ti=<TaskInstance: upload_congress_data.bq_create_votes_external_table_task scheduled__2024-03-15T00:00:00+00:00 [queued]>
[2024-04-12T17:48:26.302+0000] {taskinstance.py:1979} INFO - Dependencies all met for dep_context=requeueable deps ti=<TaskInstance: upload_congress_data.bq_create_votes_external_table_task scheduled__2024-03-15T00:00:00+00:00 [queued]>
[2024-04-12T17:48:26.302+0000] {taskinstance.py:2193} INFO - Starting attempt 1 of 3
[2024-04-12T17:48:26.308+0000] {taskinstance.py:2217} INFO - Executing <Task(BigQueryInsertJobOperator): bq_create_votes_external_table_task> on 2024-03-15 00:00:00+00:00
[2024-04-12T17:48:26.313+0000] {standard_task_runner.py:60} INFO - Started process 222 to run task
[2024-04-12T17:48:26.316+0000] {standard_task_runner.py:87} INFO - Running: ['***', 'tasks', 'run', 'upload_congress_data', 'bq_create_votes_external_table_task', 'scheduled__2024-03-15T00:00:00+00:00', '--job-id', '13', '--raw', '--subdir', 'DAGS_FOLDER/upload_congress_data.py', '--cfg-path', '/tmp/tmp1mn0y3f6']
[2024-04-12T17:48:26.319+0000] {standard_task_runner.py:88} INFO - Job 13: Subtask bq_create_votes_external_table_task
[2024-04-12T17:48:26.349+0000] {task_command.py:423} INFO - Running <TaskInstance: upload_congress_data.bq_create_votes_external_table_task scheduled__2024-03-15T00:00:00+00:00 [running]> on host 08bbc0b56ffc
[2024-04-12T17:48:26.388+0000] {taskinstance.py:2513} INFO - Exporting env vars: AIRFLOW_CTX_DAG_EMAIL='***@***.com' AIRFLOW_CTX_DAG_OWNER='***' AIRFLOW_CTX_DAG_ID='upload_congress_data' AIRFLOW_CTX_TASK_ID='bq_create_votes_external_table_task' AIRFLOW_CTX_EXECUTION_DATE='2024-03-15T00:00:00+00:00' AIRFLOW_CTX_TRY_NUMBER='1' AIRFLOW_CTX_DAG_RUN_ID='scheduled__2024-03-15T00:00:00+00:00'
[2024-04-12T17:48:26.389+0000] {crypto.py:82} WARNING - empty cryptography key - values will not be stored encrypted.
[2024-04-12T17:48:26.390+0000] {connection.py:269} WARNING - Connection schemes (type: google_cloud_platform) shall not contain '_' according to RFC3986.
[2024-04-12T17:48:26.390+0000] {base.py:83} INFO - Using connection ID 'google_cloud_default' for task execution.
[2024-04-12T17:48:26.438+0000] {bigquery.py:2811} INFO - Executing: {'query': {'query': 'CREATE OR REPLACE EXTERNAL TABLE Congress.votes_external_table (\n  vote STRUCT<\n    date DATE,\n    bill_type STRING,\n    bill_number STRING,\n    roll_call_number STRING,\n    result STRING,\n    totals STRUCT<\n      yea INTEGER,\n      nay INTEGER,\n      present INTEGER,\n      not_voting INTEGER\n    >\n  >,\n  legislator ARRAY<STRUCT<\n    id STRING,\n    first_name STRING,\n    last_name STRING,\n    party STRING,\n    state STRING,\n    vote STRING\n  >>\n)\nOPTIONS (\n  format = "JSON",\n  uris = [\'gs://congress_data/votes/HCONRES/*.json\',\n    \'gs://congress_data/votes/HJRES/*.json\',\n    \'gs://congress_data/votes/HR/*.json\',\n    \'gs://congress_data/votes/S/*.json\',\n    \'gs://congress_data/votes/SJRES/*.json\',\n    \'gs://congress_data/votes/SRES/*.json\']\n)', 'useLegacySql': False}}'
[2024-04-12T17:48:26.439+0000] {bigquery.py:1613} INFO - Inserting job ***_upload_congress_data_bq_create_votes_external_table_task_2024_03_15T00_00_00_00_00_dca5935439624c654d70c749bc3bd405
[2024-04-12T17:48:27.864+0000] {taskinstance.py:1149} INFO - Marking task as SUCCESS. dag_id=upload_congress_data, task_id=bq_create_votes_external_table_task, execution_date=20240315T000000, start_date=20240412T174826, end_date=20240412T174827
[2024-04-12T17:48:27.896+0000] {local_task_job_runner.py:234} INFO - Task exited with return code 0
[2024-04-12T17:48:27.918+0000] {taskinstance.py:3312} INFO - 1 downstream tasks scheduled from follow-on schedule check
[2024-04-14T21:59:32.685+0000] {taskinstance.py:1979} INFO - Dependencies all met for dep_context=non-requeueable deps ti=<TaskInstance: upload_congress_data.bq_create_votes_external_table_task scheduled__2024-03-15T00:00:00+00:00 [queued]>
[2024-04-14T21:59:32.690+0000] {taskinstance.py:1979} INFO - Dependencies all met for dep_context=requeueable deps ti=<TaskInstance: upload_congress_data.bq_create_votes_external_table_task scheduled__2024-03-15T00:00:00+00:00 [queued]>
[2024-04-14T21:59:32.690+0000] {taskinstance.py:2193} INFO - Starting attempt 1 of 3
[2024-04-14T21:59:32.696+0000] {taskinstance.py:2217} INFO - Executing <Task(BigQueryInsertJobOperator): bq_create_votes_external_table_task> on 2024-03-15 00:00:00+00:00
[2024-04-14T21:59:32.702+0000] {standard_task_runner.py:60} INFO - Started process 207 to run task
[2024-04-14T21:59:32.704+0000] {standard_task_runner.py:87} INFO - Running: ['***', 'tasks', 'run', 'upload_congress_data', 'bq_create_votes_external_table_task', 'scheduled__2024-03-15T00:00:00+00:00', '--job-id', '13', '--raw', '--subdir', 'DAGS_FOLDER/upload_congress_data.py', '--cfg-path', '/tmp/tmp9y5xj1d2']
[2024-04-14T21:59:32.707+0000] {standard_task_runner.py:88} INFO - Job 13: Subtask bq_create_votes_external_table_task
[2024-04-14T21:59:32.761+0000] {task_command.py:423} INFO - Running <TaskInstance: upload_congress_data.bq_create_votes_external_table_task scheduled__2024-03-15T00:00:00+00:00 [running]> on host 197983b7f77b
[2024-04-14T21:59:32.812+0000] {taskinstance.py:2513} INFO - Exporting env vars: AIRFLOW_CTX_DAG_EMAIL='***@***.com' AIRFLOW_CTX_DAG_OWNER='***' AIRFLOW_CTX_DAG_ID='upload_congress_data' AIRFLOW_CTX_TASK_ID='bq_create_votes_external_table_task' AIRFLOW_CTX_EXECUTION_DATE='2024-03-15T00:00:00+00:00' AIRFLOW_CTX_TRY_NUMBER='1' AIRFLOW_CTX_DAG_RUN_ID='scheduled__2024-03-15T00:00:00+00:00'
[2024-04-14T21:59:32.814+0000] {crypto.py:82} WARNING - empty cryptography key - values will not be stored encrypted.
[2024-04-14T21:59:32.815+0000] {connection.py:269} WARNING - Connection schemes (type: google_cloud_platform) shall not contain '_' according to RFC3986.
[2024-04-14T21:59:32.815+0000] {base.py:83} INFO - Using connection ID 'google_cloud_default' for task execution.
[2024-04-14T21:59:32.856+0000] {bigquery.py:2811} INFO - Executing: {'query': {'query': 'CREATE OR REPLACE EXTERNAL TABLE Congress.votes_external_table (\n  vote STRUCT<\n    date DATE,\n    bill_type STRING,\n    bill_number STRING,\n    chamber STRING,\n    roll_call_number STRING,\n    result STRING,\n    totals STRUCT<\n      yea INTEGER,\n      nay INTEGER,\n      present INTEGER,\n      not_voting INTEGER\n    >\n  >,\n  legislator ARRAY<STRUCT<\n    id STRING,\n    first_name STRING,\n    last_name STRING,\n    party STRING,\n    state STRING,\n    vote STRING\n  >>\n)\nOPTIONS (\n  format = "JSON",\n  uris = [\'gs://congress_data/votes/HCONRES/*.json\',\n    \'gs://congress_data/votes/HJRES/*.json\',\n    \'gs://congress_data/votes/HR/*.json\',\n    \'gs://congress_data/votes/S/*.json\',\n    \'gs://congress_data/votes/SJRES/*.json\',\n    \'gs://congress_data/votes/SRES/*.json\']\n)', 'useLegacySql': False}}'
[2024-04-14T21:59:32.858+0000] {bigquery.py:1613} INFO - Inserting job ***_upload_congress_data_bq_create_votes_external_table_task_2024_03_15T00_00_00_00_00_837973e2f620f15ae261508053cc2fc9
[2024-04-14T21:59:34.262+0000] {taskinstance.py:1149} INFO - Marking task as SUCCESS. dag_id=upload_congress_data, task_id=bq_create_votes_external_table_task, execution_date=20240315T000000, start_date=20240414T215932, end_date=20240414T215934
[2024-04-14T21:59:34.307+0000] {local_task_job_runner.py:234} INFO - Task exited with return code 0
[2024-04-14T21:59:34.322+0000] {taskinstance.py:3312} INFO - 0 downstream tasks scheduled from follow-on schedule check
[2024-05-01T03:43:05.913+0000] {taskinstance.py:1979} INFO - Dependencies all met for dep_context=non-requeueable deps ti=<TaskInstance: upload_congress_data.bq_create_votes_external_table_task scheduled__2024-03-15T00:00:00+00:00 [queued]>
[2024-05-01T03:43:05.917+0000] {taskinstance.py:1979} INFO - Dependencies all met for dep_context=requeueable deps ti=<TaskInstance: upload_congress_data.bq_create_votes_external_table_task scheduled__2024-03-15T00:00:00+00:00 [queued]>
[2024-05-01T03:43:05.918+0000] {taskinstance.py:2193} INFO - Starting attempt 1 of 3
[2024-05-01T03:43:05.924+0000] {taskinstance.py:2217} INFO - Executing <Task(BigQueryInsertJobOperator): bq_create_votes_external_table_task> on 2024-03-15 00:00:00+00:00
[2024-05-01T03:43:05.929+0000] {standard_task_runner.py:60} INFO - Started process 192 to run task
[2024-05-01T03:43:05.932+0000] {standard_task_runner.py:87} INFO - Running: ['***', 'tasks', 'run', 'upload_congress_data', 'bq_create_votes_external_table_task', 'scheduled__2024-03-15T00:00:00+00:00', '--job-id', '13', '--raw', '--subdir', 'DAGS_FOLDER/upload_congress_data.py', '--cfg-path', '/tmp/tmpr42z95kf']
[2024-05-01T03:43:05.935+0000] {standard_task_runner.py:88} INFO - Job 13: Subtask bq_create_votes_external_table_task
[2024-05-01T03:43:05.973+0000] {task_command.py:423} INFO - Running <TaskInstance: upload_congress_data.bq_create_votes_external_table_task scheduled__2024-03-15T00:00:00+00:00 [running]> on host 0e9a31a46ada
[2024-05-01T03:43:06.012+0000] {taskinstance.py:2513} INFO - Exporting env vars: AIRFLOW_CTX_DAG_EMAIL='***@***.com' AIRFLOW_CTX_DAG_OWNER='***' AIRFLOW_CTX_DAG_ID='upload_congress_data' AIRFLOW_CTX_TASK_ID='bq_create_votes_external_table_task' AIRFLOW_CTX_EXECUTION_DATE='2024-03-15T00:00:00+00:00' AIRFLOW_CTX_TRY_NUMBER='1' AIRFLOW_CTX_DAG_RUN_ID='scheduled__2024-03-15T00:00:00+00:00'
[2024-05-01T03:43:06.013+0000] {crypto.py:82} WARNING - empty cryptography key - values will not be stored encrypted.
[2024-05-01T03:43:06.014+0000] {connection.py:269} WARNING - Connection schemes (type: google_cloud_platform) shall not contain '_' according to RFC3986.
[2024-05-01T03:43:06.014+0000] {base.py:83} INFO - Using connection ID 'google_cloud_default' for task execution.
[2024-05-01T03:43:06.054+0000] {bigquery.py:2811} INFO - Executing: {'query': {'query': 'CREATE OR REPLACE EXTERNAL TABLE Congress.votes_external_table (\n  vote STRUCT<\n    date DATE,\n    bill_type STRING,\n    bill_number STRING,\n    chamber STRING,\n    roll_call_number STRING,\n    result STRING,\n    totals STRUCT<\n      yea INTEGER,\n      nay INTEGER,\n      present INTEGER,\n      not_voting INTEGER\n    >\n  >,\n  legislator ARRAY<STRUCT<\n    id STRING,\n    first_name STRING,\n    last_name STRING,\n    party STRING,\n    state STRING,\n    vote STRING\n  >>\n)\nOPTIONS (\n  format = "JSON",\n  uris = [\'gs://congress_data_testproject-420401/votes/HCONRES/*.json\',\n    \'gs://congress_data_testproject-420401/votes/HJRES/*.json\',\n    \'gs://congress_data_testproject-420401/votes/HR/*.json\',\n    \'gs://congress_data_testproject-420401/votes/S/*.json\',\n    \'gs://congress_data_testproject-420401/votes/SJRES/*.json\',\n    \'gs://congress_data_testproject-420401/votes/SRES/*.json\']\n)', 'useLegacySql': False}}'
[2024-05-01T03:43:06.055+0000] {bigquery.py:1613} INFO - Inserting job ***_upload_congress_data_bq_create_votes_external_table_task_2024_03_15T00_00_00_00_00_52f31434515a136f55738da088ff0102
[2024-05-01T03:43:07.182+0000] {taskinstance.py:1149} INFO - Marking task as SUCCESS. dag_id=upload_congress_data, task_id=bq_create_votes_external_table_task, execution_date=20240315T000000, start_date=20240501T034305, end_date=20240501T034307
[2024-05-01T03:43:07.249+0000] {local_task_job_runner.py:234} INFO - Task exited with return code 0
[2024-05-01T03:43:07.270+0000] {taskinstance.py:3312} INFO - 1 downstream tasks scheduled from follow-on schedule check
[2024-05-03T03:23:39.355+0000] {taskinstance.py:1979} INFO - Dependencies all met for dep_context=non-requeueable deps ti=<TaskInstance: upload_congress_data.bq_create_votes_external_table_task scheduled__2024-03-15T00:00:00+00:00 [queued]>
[2024-05-03T03:23:39.360+0000] {taskinstance.py:1979} INFO - Dependencies all met for dep_context=requeueable deps ti=<TaskInstance: upload_congress_data.bq_create_votes_external_table_task scheduled__2024-03-15T00:00:00+00:00 [queued]>
[2024-05-03T03:23:39.361+0000] {taskinstance.py:2193} INFO - Starting attempt 1 of 3
[2024-05-03T03:23:39.366+0000] {taskinstance.py:2217} INFO - Executing <Task(BigQueryInsertJobOperator): bq_create_votes_external_table_task> on 2024-03-15 00:00:00+00:00
[2024-05-03T03:23:39.372+0000] {standard_task_runner.py:60} INFO - Started process 196 to run task
[2024-05-03T03:23:39.375+0000] {standard_task_runner.py:87} INFO - Running: ['***', 'tasks', 'run', 'upload_congress_data', 'bq_create_votes_external_table_task', 'scheduled__2024-03-15T00:00:00+00:00', '--job-id', '15', '--raw', '--subdir', 'DAGS_FOLDER/upload_congress_data.py', '--cfg-path', '/tmp/tmp5bh0qojb']
[2024-05-03T03:23:39.377+0000] {standard_task_runner.py:88} INFO - Job 15: Subtask bq_create_votes_external_table_task
[2024-05-03T03:23:39.405+0000] {task_command.py:423} INFO - Running <TaskInstance: upload_congress_data.bq_create_votes_external_table_task scheduled__2024-03-15T00:00:00+00:00 [running]> on host abd9ef271890
[2024-05-03T03:23:39.446+0000] {taskinstance.py:2513} INFO - Exporting env vars: AIRFLOW_CTX_DAG_EMAIL='***@***.com' AIRFLOW_CTX_DAG_OWNER='***' AIRFLOW_CTX_DAG_ID='upload_congress_data' AIRFLOW_CTX_TASK_ID='bq_create_votes_external_table_task' AIRFLOW_CTX_EXECUTION_DATE='2024-03-15T00:00:00+00:00' AIRFLOW_CTX_TRY_NUMBER='1' AIRFLOW_CTX_DAG_RUN_ID='scheduled__2024-03-15T00:00:00+00:00'
[2024-05-03T03:23:39.447+0000] {crypto.py:82} WARNING - empty cryptography key - values will not be stored encrypted.
[2024-05-03T03:23:39.448+0000] {connection.py:269} WARNING - Connection schemes (type: google_cloud_platform) shall not contain '_' according to RFC3986.
[2024-05-03T03:23:39.448+0000] {base.py:83} INFO - Using connection ID 'google_cloud_default' for task execution.
[2024-05-03T03:23:39.490+0000] {bigquery.py:2811} INFO - Executing: {'query': {'query': 'CREATE OR REPLACE EXTERNAL TABLE Congress.votes_external_table (\n  vote STRUCT<\n    date DATE,\n    bill_type STRING,\n    bill_number STRING,\n    chamber STRING,\n    roll_call_number STRING,\n    result STRING,\n    totals STRUCT<\n      yea INTEGER,\n      nay INTEGER,\n      present INTEGER,\n      not_voting INTEGER\n    >\n  >,\n  legislator ARRAY<STRUCT<\n    id STRING,\n    first_name STRING,\n    last_name STRING,\n    party STRING,\n    state STRING,\n    vote STRING\n  >>\n)\nOPTIONS (\n  format = "JSON",\n  uris = [\'gs://congress_data_testproject-420401/votes/HCONRES/*.json\',\n    \'gs://congress_data_testproject-420401/votes/HJRES/*.json\',\n    \'gs://congress_data_testproject-420401/votes/HR/*.json\',\n    \'gs://congress_data_testproject-420401/votes/S/*.json\',\n    \'gs://congress_data_testproject-420401/votes/SJRES/*.json\',\n    \'gs://congress_data_testproject-420401/votes/SRES/*.json\']\n)', 'useLegacySql': False}}'
[2024-05-03T03:23:39.491+0000] {bigquery.py:1613} INFO - Inserting job ***_upload_congress_data_bq_create_votes_external_table_task_2024_03_15T00_00_00_00_00_1ed910f25f3e272fb9d9557ceb9a6962
[2024-05-03T03:23:40.720+0000] {taskinstance.py:1149} INFO - Marking task as SUCCESS. dag_id=upload_congress_data, task_id=bq_create_votes_external_table_task, execution_date=20240315T000000, start_date=20240503T032339, end_date=20240503T032340
[2024-05-03T03:23:40.768+0000] {local_task_job_runner.py:234} INFO - Task exited with return code 0
[2024-05-03T03:23:40.790+0000] {taskinstance.py:3312} INFO - 1 downstream tasks scheduled from follow-on schedule check
[2024-05-08T00:39:43.143+0000] {taskinstance.py:1979} INFO - Dependencies all met for dep_context=non-requeueable deps ti=<TaskInstance: upload_congress_data.bq_create_votes_external_table_task scheduled__2024-03-15T00:00:00+00:00 [queued]>
[2024-05-08T00:39:43.149+0000] {taskinstance.py:1979} INFO - Dependencies all met for dep_context=requeueable deps ti=<TaskInstance: upload_congress_data.bq_create_votes_external_table_task scheduled__2024-03-15T00:00:00+00:00 [queued]>
[2024-05-08T00:39:43.149+0000] {taskinstance.py:2193} INFO - Starting attempt 1 of 3
[2024-05-08T00:39:43.156+0000] {taskinstance.py:2217} INFO - Executing <Task(BigQueryInsertJobOperator): bq_create_votes_external_table_task> on 2024-03-15 00:00:00+00:00
[2024-05-08T00:39:43.161+0000] {standard_task_runner.py:60} INFO - Started process 191 to run task
[2024-05-08T00:39:43.164+0000] {standard_task_runner.py:87} INFO - Running: ['***', 'tasks', 'run', 'upload_congress_data', 'bq_create_votes_external_table_task', 'scheduled__2024-03-15T00:00:00+00:00', '--job-id', '15', '--raw', '--subdir', 'DAGS_FOLDER/upload_congress_data.py', '--cfg-path', '/tmp/tmpscomcwnn']
[2024-05-08T00:39:43.166+0000] {standard_task_runner.py:88} INFO - Job 15: Subtask bq_create_votes_external_table_task
[2024-05-08T00:39:43.195+0000] {task_command.py:423} INFO - Running <TaskInstance: upload_congress_data.bq_create_votes_external_table_task scheduled__2024-03-15T00:00:00+00:00 [running]> on host aa9d9ceb8f1a
[2024-05-08T00:39:43.237+0000] {taskinstance.py:2513} INFO - Exporting env vars: AIRFLOW_CTX_DAG_EMAIL='***@***.com' AIRFLOW_CTX_DAG_OWNER='***' AIRFLOW_CTX_DAG_ID='upload_congress_data' AIRFLOW_CTX_TASK_ID='bq_create_votes_external_table_task' AIRFLOW_CTX_EXECUTION_DATE='2024-03-15T00:00:00+00:00' AIRFLOW_CTX_TRY_NUMBER='1' AIRFLOW_CTX_DAG_RUN_ID='scheduled__2024-03-15T00:00:00+00:00'
[2024-05-08T00:39:43.239+0000] {crypto.py:82} WARNING - empty cryptography key - values will not be stored encrypted.
[2024-05-08T00:39:43.239+0000] {connection.py:269} WARNING - Connection schemes (type: google_cloud_platform) shall not contain '_' according to RFC3986.
[2024-05-08T00:39:43.239+0000] {base.py:83} INFO - Using connection ID 'google_cloud_default' for task execution.
[2024-05-08T00:39:43.282+0000] {bigquery.py:2811} INFO - Executing: {'query': {'query': 'CREATE OR REPLACE EXTERNAL TABLE Congress.votes_external_table (\n  vote STRUCT<\n    date DATE,\n    bill_type STRING,\n    bill_number STRING,\n    chamber STRING,\n    roll_call_number STRING,\n    result STRING,\n    totals STRUCT<\n      yea INTEGER,\n      nay INTEGER,\n      present INTEGER,\n      not_voting INTEGER\n    >\n  >,\n  legislator ARRAY<STRUCT<\n    id STRING,\n    first_name STRING,\n    last_name STRING,\n    party STRING,\n    state STRING,\n    vote STRING\n  >>\n)\nOPTIONS (\n  format = "JSON",\n  uris = [\'gs://congress_data_testproject-420401/votes/HCONRES/*.json\',\n    \'gs://congress_data_testproject-420401/votes/HJRES/*.json\',\n    \'gs://congress_data_testproject-420401/votes/HR/*.json\',\n    \'gs://congress_data_testproject-420401/votes/S/*.json\',\n    \'gs://congress_data_testproject-420401/votes/SJRES/*.json\',\n    \'gs://congress_data_testproject-420401/votes/SRES/*.json\']\n)', 'useLegacySql': False}}'
[2024-05-08T00:39:43.283+0000] {bigquery.py:1613} INFO - Inserting job ***_upload_congress_data_bq_create_votes_external_table_task_2024_03_15T00_00_00_00_00_1e85960458a6692f9088077e16a0e0df
[2024-05-08T00:39:44.569+0000] {taskinstance.py:1149} INFO - Marking task as SUCCESS. dag_id=upload_congress_data, task_id=bq_create_votes_external_table_task, execution_date=20240315T000000, start_date=20240508T003943, end_date=20240508T003944
[2024-05-08T00:39:44.590+0000] {local_task_job_runner.py:234} INFO - Task exited with return code 0
[2024-05-08T00:39:44.603+0000] {taskinstance.py:3312} INFO - 1 downstream tasks scheduled from follow-on schedule check
[2024-05-09T03:10:02.049+0000] {taskinstance.py:1979} INFO - Dependencies all met for dep_context=non-requeueable deps ti=<TaskInstance: upload_congress_data.bq_create_votes_external_table_task scheduled__2024-03-15T00:00:00+00:00 [queued]>
[2024-05-09T03:10:02.054+0000] {taskinstance.py:1979} INFO - Dependencies all met for dep_context=requeueable deps ti=<TaskInstance: upload_congress_data.bq_create_votes_external_table_task scheduled__2024-03-15T00:00:00+00:00 [queued]>
[2024-05-09T03:10:02.055+0000] {taskinstance.py:2193} INFO - Starting attempt 1 of 3
[2024-05-09T03:10:02.066+0000] {taskinstance.py:2217} INFO - Executing <Task(BigQueryInsertJobOperator): bq_create_votes_external_table_task> on 2024-03-15 00:00:00+00:00
[2024-05-09T03:10:02.095+0000] {standard_task_runner.py:60} INFO - Started process 234 to run task
[2024-05-09T03:10:02.100+0000] {standard_task_runner.py:87} INFO - Running: ['***', 'tasks', 'run', 'upload_congress_data', 'bq_create_votes_external_table_task', 'scheduled__2024-03-15T00:00:00+00:00', '--job-id', '15', '--raw', '--subdir', 'DAGS_FOLDER/upload_congress_data.py', '--cfg-path', '/tmp/tmpwlo87qsf']
[2024-05-09T03:10:02.104+0000] {standard_task_runner.py:88} INFO - Job 15: Subtask bq_create_votes_external_table_task
[2024-05-09T03:10:02.142+0000] {task_command.py:423} INFO - Running <TaskInstance: upload_congress_data.bq_create_votes_external_table_task scheduled__2024-03-15T00:00:00+00:00 [running]> on host c0b5697cc7e4
[2024-05-09T03:10:02.192+0000] {taskinstance.py:2513} INFO - Exporting env vars: AIRFLOW_CTX_DAG_EMAIL='***@***.com' AIRFLOW_CTX_DAG_OWNER='***' AIRFLOW_CTX_DAG_ID='upload_congress_data' AIRFLOW_CTX_TASK_ID='bq_create_votes_external_table_task' AIRFLOW_CTX_EXECUTION_DATE='2024-03-15T00:00:00+00:00' AIRFLOW_CTX_TRY_NUMBER='1' AIRFLOW_CTX_DAG_RUN_ID='scheduled__2024-03-15T00:00:00+00:00'
[2024-05-09T03:10:02.194+0000] {crypto.py:82} WARNING - empty cryptography key - values will not be stored encrypted.
[2024-05-09T03:10:02.194+0000] {connection.py:269} WARNING - Connection schemes (type: google_cloud_platform) shall not contain '_' according to RFC3986.
[2024-05-09T03:10:02.196+0000] {base.py:83} INFO - Using connection ID 'google_cloud_default' for task execution.
[2024-05-09T03:10:02.254+0000] {bigquery.py:2811} INFO - Executing: {'query': {'query': 'CREATE OR REPLACE EXTERNAL TABLE Congress.votes_external_table (\n  vote STRUCT<\n    date DATE,\n    bill_type STRING,\n    bill_number STRING,\n    chamber STRING,\n    roll_call_number STRING,\n    result STRING,\n    totals STRUCT<\n      yea INTEGER,\n      nay INTEGER,\n      present INTEGER,\n      not_voting INTEGER\n    >\n  >,\n  legislator ARRAY<STRUCT<\n    id STRING,\n    first_name STRING,\n    last_name STRING,\n    party STRING,\n    state STRING,\n    vote STRING\n  >>\n)\nOPTIONS (\n  format = "JSON",\n  uris = [\'gs://congress_data_testproject-420401/votes/HCONRES/*.json\',\n    \'gs://congress_data_testproject-420401/votes/HJRES/*.json\',\n    \'gs://congress_data_testproject-420401/votes/HR/*.json\',\n    \'gs://congress_data_testproject-420401/votes/S/*.json\',\n    \'gs://congress_data_testproject-420401/votes/SJRES/*.json\',\n    \'gs://congress_data_testproject-420401/votes/SRES/*.json\']\n)', 'useLegacySql': False}}'
[2024-05-09T03:10:02.255+0000] {bigquery.py:1613} INFO - Inserting job ***_upload_congress_data_bq_create_votes_external_table_task_2024_03_15T00_00_00_00_00_e3bab096edff18cda49100b32b28a38e
[2024-05-09T03:10:03.558+0000] {taskinstance.py:1149} INFO - Marking task as SUCCESS. dag_id=upload_congress_data, task_id=bq_create_votes_external_table_task, execution_date=20240315T000000, start_date=20240509T031002, end_date=20240509T031003
[2024-05-09T03:10:03.628+0000] {local_task_job_runner.py:234} INFO - Task exited with return code 0
[2024-05-09T03:10:03.667+0000] {taskinstance.py:3312} INFO - 1 downstream tasks scheduled from follow-on schedule check
