[2024-05-21T00:10:33.931+0000] {processor.py:161} INFO - Started process (PID=10149) to work on /opt/airflow/dags/upload_congress_data.py
[2024-05-21T00:10:33.932+0000] {processor.py:830} INFO - Processing file /opt/airflow/dags/upload_congress_data.py for tasks to queue
[2024-05-21T00:10:33.936+0000] {logging_mixin.py:188} INFO - [2024-05-21T00:10:33.935+0000] {dagbag.py:540} INFO - Filling up the DagBag from /opt/airflow/dags/upload_congress_data.py
[2024-05-21T00:10:33.969+0000] {logging_mixin.py:188} INFO - Bucket Name: congress_data_testproject-420401
[2024-05-21T00:10:33.979+0000] {processor.py:840} INFO - DAG(s) 'upload_congress_data' retrieved from /opt/airflow/dags/upload_congress_data.py
[2024-05-21T00:10:34.004+0000] {logging_mixin.py:188} INFO - [2024-05-21T00:10:34.004+0000] {dag.py:3047} INFO - Sync 1 DAGs
[2024-05-21T00:10:34.019+0000] {logging_mixin.py:188} INFO - [2024-05-21T00:10:34.019+0000] {dag.py:3834} INFO - Setting next_dagrun for upload_congress_data to None, run_after=None
[2024-05-21T00:10:34.028+0000] {processor.py:183} INFO - Processing /opt/airflow/dags/upload_congress_data.py took 0.101 seconds
[2024-05-21T01:04:11.116+0000] {processor.py:161} INFO - Started process (PID=10157) to work on /opt/airflow/dags/upload_congress_data.py
[2024-05-21T01:04:11.117+0000] {processor.py:830} INFO - Processing file /opt/airflow/dags/upload_congress_data.py for tasks to queue
[2024-05-21T01:04:11.120+0000] {logging_mixin.py:188} INFO - [2024-05-21T01:04:11.120+0000] {dagbag.py:540} INFO - Filling up the DagBag from /opt/airflow/dags/upload_congress_data.py
[2024-05-21T01:04:11.164+0000] {logging_mixin.py:188} INFO - Bucket Name: congress_data_testproject-420401
[2024-05-21T01:04:11.174+0000] {processor.py:840} INFO - DAG(s) 'upload_congress_data' retrieved from /opt/airflow/dags/upload_congress_data.py
[2024-05-21T01:04:11.198+0000] {logging_mixin.py:188} INFO - [2024-05-21T01:04:11.198+0000] {dag.py:3047} INFO - Sync 1 DAGs
[2024-05-21T01:04:11.214+0000] {logging_mixin.py:188} INFO - [2024-05-21T01:04:11.214+0000] {dag.py:3834} INFO - Setting next_dagrun for upload_congress_data to None, run_after=None
[2024-05-21T01:04:11.225+0000] {processor.py:183} INFO - Processing /opt/airflow/dags/upload_congress_data.py took 0.114 seconds
[2024-05-21T01:11:48.283+0000] {processor.py:161} INFO - Started process (PID=10165) to work on /opt/airflow/dags/upload_congress_data.py
[2024-05-21T01:11:48.286+0000] {processor.py:830} INFO - Processing file /opt/airflow/dags/upload_congress_data.py for tasks to queue
[2024-05-21T01:11:48.290+0000] {logging_mixin.py:188} INFO - [2024-05-21T01:11:48.289+0000] {dagbag.py:540} INFO - Filling up the DagBag from /opt/airflow/dags/upload_congress_data.py
[2024-05-21T01:11:48.334+0000] {logging_mixin.py:188} INFO - Bucket Name: congress_data_testproject-420401
[2024-05-21T01:11:48.345+0000] {processor.py:840} INFO - DAG(s) 'upload_congress_data' retrieved from /opt/airflow/dags/upload_congress_data.py
[2024-05-21T01:11:48.371+0000] {logging_mixin.py:188} INFO - [2024-05-21T01:11:48.371+0000] {dag.py:3047} INFO - Sync 1 DAGs
[2024-05-21T01:11:48.445+0000] {logging_mixin.py:188} INFO - [2024-05-21T01:11:48.445+0000] {dag.py:3834} INFO - Setting next_dagrun for upload_congress_data to None, run_after=None
[2024-05-21T01:11:48.461+0000] {processor.py:183} INFO - Processing /opt/airflow/dags/upload_congress_data.py took 0.184 seconds
[2024-05-21T02:28:28.983+0000] {processor.py:161} INFO - Started process (PID=10173) to work on /opt/airflow/dags/upload_congress_data.py
[2024-05-21T02:28:28.984+0000] {processor.py:830} INFO - Processing file /opt/airflow/dags/upload_congress_data.py for tasks to queue
[2024-05-21T02:28:28.987+0000] {logging_mixin.py:188} INFO - [2024-05-21T02:28:28.987+0000] {dagbag.py:540} INFO - Filling up the DagBag from /opt/airflow/dags/upload_congress_data.py
[2024-05-21T02:28:29.021+0000] {logging_mixin.py:188} INFO - Bucket Name: congress_data_testproject-420401
[2024-05-21T02:28:29.031+0000] {processor.py:840} INFO - DAG(s) 'upload_congress_data' retrieved from /opt/airflow/dags/upload_congress_data.py
[2024-05-21T02:28:29.048+0000] {logging_mixin.py:188} INFO - [2024-05-21T02:28:29.048+0000] {dag.py:3047} INFO - Sync 1 DAGs
[2024-05-21T02:28:29.060+0000] {logging_mixin.py:188} INFO - [2024-05-21T02:28:29.059+0000] {dag.py:3834} INFO - Setting next_dagrun for upload_congress_data to None, run_after=None
[2024-05-21T02:28:29.070+0000] {processor.py:183} INFO - Processing /opt/airflow/dags/upload_congress_data.py took 0.090 seconds
[2024-05-21T04:01:35.132+0000] {processor.py:161} INFO - Started process (PID=10181) to work on /opt/airflow/dags/upload_congress_data.py
[2024-05-21T04:01:35.136+0000] {processor.py:830} INFO - Processing file /opt/airflow/dags/upload_congress_data.py for tasks to queue
[2024-05-21T04:01:35.147+0000] {logging_mixin.py:188} INFO - [2024-05-21T04:01:35.145+0000] {dagbag.py:540} INFO - Filling up the DagBag from /opt/airflow/dags/upload_congress_data.py
[2024-05-21T04:01:35.221+0000] {logging_mixin.py:188} INFO - Bucket Name: congress_data_testproject-420401
[2024-05-21T04:01:35.240+0000] {processor.py:840} INFO - DAG(s) 'upload_congress_data' retrieved from /opt/airflow/dags/upload_congress_data.py
[2024-05-21T04:01:35.291+0000] {logging_mixin.py:188} INFO - [2024-05-21T04:01:35.290+0000] {dag.py:3047} INFO - Sync 1 DAGs
[2024-05-21T04:01:35.318+0000] {logging_mixin.py:188} INFO - [2024-05-21T04:01:35.318+0000] {dag.py:3834} INFO - Setting next_dagrun for upload_congress_data to None, run_after=None
[2024-05-21T04:01:35.343+0000] {processor.py:183} INFO - Processing /opt/airflow/dags/upload_congress_data.py took 0.217 seconds
[2024-05-21T04:49:41.633+0000] {processor.py:161} INFO - Started process (PID=10189) to work on /opt/airflow/dags/upload_congress_data.py
[2024-05-21T04:49:41.634+0000] {processor.py:830} INFO - Processing file /opt/airflow/dags/upload_congress_data.py for tasks to queue
[2024-05-21T04:49:41.638+0000] {logging_mixin.py:188} INFO - [2024-05-21T04:49:41.638+0000] {dagbag.py:540} INFO - Filling up the DagBag from /opt/airflow/dags/upload_congress_data.py
[2024-05-21T04:49:41.681+0000] {logging_mixin.py:188} INFO - Bucket Name: congress_data_testproject-420401
[2024-05-21T04:49:41.706+0000] {processor.py:840} INFO - DAG(s) 'upload_congress_data' retrieved from /opt/airflow/dags/upload_congress_data.py
[2024-05-21T04:49:41.723+0000] {logging_mixin.py:188} INFO - [2024-05-21T04:49:41.722+0000] {dag.py:3047} INFO - Sync 1 DAGs
[2024-05-21T04:49:41.735+0000] {logging_mixin.py:188} INFO - [2024-05-21T04:49:41.735+0000] {dag.py:3834} INFO - Setting next_dagrun for upload_congress_data to None, run_after=None
[2024-05-21T04:49:42.156+0000] {processor.py:183} INFO - Processing /opt/airflow/dags/upload_congress_data.py took 0.536 seconds
[2024-05-21T06:05:48.708+0000] {processor.py:161} INFO - Started process (PID=10197) to work on /opt/airflow/dags/upload_congress_data.py
[2024-05-21T06:05:48.710+0000] {processor.py:830} INFO - Processing file /opt/airflow/dags/upload_congress_data.py for tasks to queue
[2024-05-21T06:05:48.732+0000] {logging_mixin.py:188} INFO - [2024-05-21T06:05:48.731+0000] {dagbag.py:540} INFO - Filling up the DagBag from /opt/airflow/dags/upload_congress_data.py
[2024-05-21T06:05:48.808+0000] {logging_mixin.py:188} INFO - Bucket Name: congress_data_testproject-420401
[2024-05-21T06:05:48.826+0000] {processor.py:840} INFO - DAG(s) 'upload_congress_data' retrieved from /opt/airflow/dags/upload_congress_data.py
[2024-05-21T06:05:48.869+0000] {logging_mixin.py:188} INFO - [2024-05-21T06:05:48.869+0000] {dag.py:3047} INFO - Sync 1 DAGs
[2024-05-21T06:05:48.901+0000] {logging_mixin.py:188} INFO - [2024-05-21T06:05:48.901+0000] {dag.py:3834} INFO - Setting next_dagrun for upload_congress_data to None, run_after=None
[2024-05-21T06:05:48.930+0000] {processor.py:183} INFO - Processing /opt/airflow/dags/upload_congress_data.py took 0.229 seconds
[2024-05-21T07:17:38.284+0000] {processor.py:161} INFO - Started process (PID=10205) to work on /opt/airflow/dags/upload_congress_data.py
[2024-05-21T07:17:38.285+0000] {processor.py:830} INFO - Processing file /opt/airflow/dags/upload_congress_data.py for tasks to queue
[2024-05-21T07:17:38.290+0000] {logging_mixin.py:188} INFO - [2024-05-21T07:17:38.289+0000] {dagbag.py:540} INFO - Filling up the DagBag from /opt/airflow/dags/upload_congress_data.py
[2024-05-21T07:17:38.326+0000] {logging_mixin.py:188} INFO - Bucket Name: congress_data_testproject-420401
[2024-05-21T07:17:38.336+0000] {processor.py:840} INFO - DAG(s) 'upload_congress_data' retrieved from /opt/airflow/dags/upload_congress_data.py
[2024-05-21T07:17:38.354+0000] {logging_mixin.py:188} INFO - [2024-05-21T07:17:38.353+0000] {dag.py:3047} INFO - Sync 1 DAGs
[2024-05-21T07:17:38.570+0000] {logging_mixin.py:188} INFO - [2024-05-21T07:17:38.570+0000] {dag.py:3834} INFO - Setting next_dagrun for upload_congress_data to None, run_after=None
[2024-05-21T07:17:38.578+0000] {processor.py:183} INFO - Processing /opt/airflow/dags/upload_congress_data.py took 0.299 seconds
[2024-05-21T08:35:04.269+0000] {processor.py:161} INFO - Started process (PID=10213) to work on /opt/airflow/dags/upload_congress_data.py
[2024-05-21T08:35:04.270+0000] {processor.py:830} INFO - Processing file /opt/airflow/dags/upload_congress_data.py for tasks to queue
[2024-05-21T08:35:04.273+0000] {logging_mixin.py:188} INFO - [2024-05-21T08:35:04.273+0000] {dagbag.py:540} INFO - Filling up the DagBag from /opt/airflow/dags/upload_congress_data.py
[2024-05-21T08:35:04.308+0000] {logging_mixin.py:188} INFO - Bucket Name: congress_data_testproject-420401
[2024-05-21T08:35:04.319+0000] {processor.py:840} INFO - DAG(s) 'upload_congress_data' retrieved from /opt/airflow/dags/upload_congress_data.py
[2024-05-21T08:35:04.336+0000] {logging_mixin.py:188} INFO - [2024-05-21T08:35:04.336+0000] {dag.py:3047} INFO - Sync 1 DAGs
[2024-05-21T08:35:04.365+0000] {logging_mixin.py:188} INFO - [2024-05-21T08:35:04.365+0000] {dag.py:3834} INFO - Setting next_dagrun for upload_congress_data to None, run_after=None
[2024-05-21T08:35:04.386+0000] {processor.py:183} INFO - Processing /opt/airflow/dags/upload_congress_data.py took 0.122 seconds
[2024-05-21T09:50:34.085+0000] {processor.py:161} INFO - Started process (PID=10221) to work on /opt/airflow/dags/upload_congress_data.py
[2024-05-21T09:50:34.087+0000] {processor.py:830} INFO - Processing file /opt/airflow/dags/upload_congress_data.py for tasks to queue
[2024-05-21T09:50:34.095+0000] {logging_mixin.py:188} INFO - [2024-05-21T09:50:34.093+0000] {dagbag.py:540} INFO - Filling up the DagBag from /opt/airflow/dags/upload_congress_data.py
[2024-05-21T09:50:34.181+0000] {logging_mixin.py:188} INFO - Bucket Name: congress_data_testproject-420401
[2024-05-21T09:50:34.195+0000] {processor.py:840} INFO - DAG(s) 'upload_congress_data' retrieved from /opt/airflow/dags/upload_congress_data.py
[2024-05-21T09:50:34.245+0000] {logging_mixin.py:188} INFO - [2024-05-21T09:50:34.245+0000] {dag.py:3047} INFO - Sync 1 DAGs
[2024-05-21T09:50:34.635+0000] {logging_mixin.py:188} INFO - [2024-05-21T09:50:34.635+0000] {dag.py:3834} INFO - Setting next_dagrun for upload_congress_data to None, run_after=None
[2024-05-21T09:50:34.648+0000] {processor.py:183} INFO - Processing /opt/airflow/dags/upload_congress_data.py took 0.571 seconds
[2024-05-21T11:28:59.916+0000] {processor.py:161} INFO - Started process (PID=10229) to work on /opt/airflow/dags/upload_congress_data.py
[2024-05-21T11:28:59.917+0000] {processor.py:830} INFO - Processing file /opt/airflow/dags/upload_congress_data.py for tasks to queue
[2024-05-21T11:28:59.920+0000] {logging_mixin.py:188} INFO - [2024-05-21T11:28:59.920+0000] {dagbag.py:540} INFO - Filling up the DagBag from /opt/airflow/dags/upload_congress_data.py
[2024-05-21T11:28:59.967+0000] {logging_mixin.py:188} INFO - Bucket Name: congress_data_testproject-420401
[2024-05-21T11:28:59.991+0000] {processor.py:840} INFO - DAG(s) 'upload_congress_data' retrieved from /opt/airflow/dags/upload_congress_data.py
[2024-05-21T11:29:00.030+0000] {logging_mixin.py:188} INFO - [2024-05-21T11:29:00.029+0000] {dag.py:3047} INFO - Sync 1 DAGs
[2024-05-21T11:29:00.053+0000] {logging_mixin.py:188} INFO - [2024-05-21T11:29:00.053+0000] {dag.py:3834} INFO - Setting next_dagrun for upload_congress_data to None, run_after=None
[2024-05-21T11:29:00.625+0000] {processor.py:183} INFO - Processing /opt/airflow/dags/upload_congress_data.py took 0.718 seconds
[2024-05-21T12:52:36.151+0000] {processor.py:161} INFO - Started process (PID=10237) to work on /opt/airflow/dags/upload_congress_data.py
[2024-05-21T12:52:36.152+0000] {processor.py:830} INFO - Processing file /opt/airflow/dags/upload_congress_data.py for tasks to queue
[2024-05-21T12:52:36.155+0000] {logging_mixin.py:188} INFO - [2024-05-21T12:52:36.155+0000] {dagbag.py:540} INFO - Filling up the DagBag from /opt/airflow/dags/upload_congress_data.py
[2024-05-21T12:52:36.186+0000] {logging_mixin.py:188} INFO - Bucket Name: congress_data_testproject-420401
[2024-05-21T12:52:36.197+0000] {processor.py:840} INFO - DAG(s) 'upload_congress_data' retrieved from /opt/airflow/dags/upload_congress_data.py
[2024-05-21T12:52:36.444+0000] {logging_mixin.py:188} INFO - [2024-05-21T12:52:36.444+0000] {dag.py:3047} INFO - Sync 1 DAGs
[2024-05-21T12:52:36.456+0000] {logging_mixin.py:188} INFO - [2024-05-21T12:52:36.455+0000] {dag.py:3834} INFO - Setting next_dagrun for upload_congress_data to None, run_after=None
[2024-05-21T12:52:36.465+0000] {processor.py:183} INFO - Processing /opt/airflow/dags/upload_congress_data.py took 0.317 seconds
[2024-05-21T13:35:23.520+0000] {processor.py:161} INFO - Started process (PID=10245) to work on /opt/airflow/dags/upload_congress_data.py
[2024-05-21T13:35:23.522+0000] {processor.py:830} INFO - Processing file /opt/airflow/dags/upload_congress_data.py for tasks to queue
[2024-05-21T13:35:23.529+0000] {logging_mixin.py:188} INFO - [2024-05-21T13:35:23.527+0000] {dagbag.py:540} INFO - Filling up the DagBag from /opt/airflow/dags/upload_congress_data.py
[2024-05-21T13:35:23.620+0000] {logging_mixin.py:188} INFO - Bucket Name: congress_data_testproject-420401
[2024-05-21T13:35:23.644+0000] {processor.py:840} INFO - DAG(s) 'upload_congress_data' retrieved from /opt/airflow/dags/upload_congress_data.py
[2024-05-21T13:35:23.698+0000] {logging_mixin.py:188} INFO - [2024-05-21T13:35:23.698+0000] {dag.py:3047} INFO - Sync 1 DAGs
[2024-05-21T13:35:24.103+0000] {logging_mixin.py:188} INFO - [2024-05-21T13:35:24.103+0000] {dag.py:3834} INFO - Setting next_dagrun for upload_congress_data to None, run_after=None
[2024-05-21T13:35:24.111+0000] {processor.py:183} INFO - Processing /opt/airflow/dags/upload_congress_data.py took 0.598 seconds
[2024-05-21T15:02:02.008+0000] {processor.py:161} INFO - Started process (PID=10253) to work on /opt/airflow/dags/upload_congress_data.py
[2024-05-21T15:02:02.011+0000] {processor.py:830} INFO - Processing file /opt/airflow/dags/upload_congress_data.py for tasks to queue
[2024-05-21T15:02:02.025+0000] {logging_mixin.py:188} INFO - [2024-05-21T15:02:02.023+0000] {dagbag.py:540} INFO - Filling up the DagBag from /opt/airflow/dags/upload_congress_data.py
[2024-05-21T15:02:02.149+0000] {logging_mixin.py:188} INFO - Bucket Name: congress_data_testproject-420401
[2024-05-21T15:02:02.547+0000] {processor.py:840} INFO - DAG(s) 'upload_congress_data' retrieved from /opt/airflow/dags/upload_congress_data.py
[2024-05-21T15:02:02.585+0000] {logging_mixin.py:188} INFO - [2024-05-21T15:02:02.585+0000] {dag.py:3047} INFO - Sync 1 DAGs
[2024-05-21T15:02:02.599+0000] {logging_mixin.py:188} INFO - [2024-05-21T15:02:02.599+0000] {dag.py:3834} INFO - Setting next_dagrun for upload_congress_data to None, run_after=None
[2024-05-21T15:02:02.608+0000] {processor.py:183} INFO - Processing /opt/airflow/dags/upload_congress_data.py took 0.621 seconds
[2024-05-21T16:03:03.652+0000] {processor.py:161} INFO - Started process (PID=10261) to work on /opt/airflow/dags/upload_congress_data.py
[2024-05-21T16:03:03.653+0000] {processor.py:830} INFO - Processing file /opt/airflow/dags/upload_congress_data.py for tasks to queue
[2024-05-21T16:03:03.657+0000] {logging_mixin.py:188} INFO - [2024-05-21T16:03:03.657+0000] {dagbag.py:540} INFO - Filling up the DagBag from /opt/airflow/dags/upload_congress_data.py
[2024-05-21T16:03:03.710+0000] {logging_mixin.py:188} INFO - Bucket Name: congress_data_testproject-420401
[2024-05-21T16:03:03.736+0000] {processor.py:840} INFO - DAG(s) 'upload_congress_data' retrieved from /opt/airflow/dags/upload_congress_data.py
[2024-05-21T16:03:03.780+0000] {logging_mixin.py:188} INFO - [2024-05-21T16:03:03.779+0000] {dag.py:3047} INFO - Sync 1 DAGs
[2024-05-21T16:03:03.816+0000] {logging_mixin.py:188} INFO - [2024-05-21T16:03:03.816+0000] {dag.py:3834} INFO - Setting next_dagrun for upload_congress_data to None, run_after=None
[2024-05-21T16:03:03.849+0000] {processor.py:183} INFO - Processing /opt/airflow/dags/upload_congress_data.py took 0.202 seconds
[2024-05-21T16:43:22.039+0000] {processor.py:161} INFO - Started process (PID=10269) to work on /opt/airflow/dags/upload_congress_data.py
[2024-05-21T16:43:22.049+0000] {processor.py:830} INFO - Processing file /opt/airflow/dags/upload_congress_data.py for tasks to queue
[2024-05-21T16:43:22.056+0000] {logging_mixin.py:188} INFO - [2024-05-21T16:43:22.054+0000] {dagbag.py:540} INFO - Filling up the DagBag from /opt/airflow/dags/upload_congress_data.py
[2024-05-21T16:43:22.120+0000] {logging_mixin.py:188} INFO - Bucket Name: congress_data_testproject-420401
[2024-05-21T16:43:22.144+0000] {processor.py:840} INFO - DAG(s) 'upload_congress_data' retrieved from /opt/airflow/dags/upload_congress_data.py
[2024-05-21T16:43:22.201+0000] {logging_mixin.py:188} INFO - [2024-05-21T16:43:22.200+0000] {dag.py:3047} INFO - Sync 1 DAGs
[2024-05-21T16:43:22.236+0000] {logging_mixin.py:188} INFO - [2024-05-21T16:43:22.236+0000] {dag.py:3834} INFO - Setting next_dagrun for upload_congress_data to None, run_after=None
[2024-05-21T16:43:22.266+0000] {processor.py:183} INFO - Processing /opt/airflow/dags/upload_congress_data.py took 0.238 seconds
[2024-05-21T17:30:10.929+0000] {processor.py:161} INFO - Started process (PID=10276) to work on /opt/airflow/dags/upload_congress_data.py
[2024-05-21T17:30:10.930+0000] {processor.py:830} INFO - Processing file /opt/airflow/dags/upload_congress_data.py for tasks to queue
[2024-05-21T17:30:10.933+0000] {logging_mixin.py:188} INFO - [2024-05-21T17:30:10.932+0000] {dagbag.py:540} INFO - Filling up the DagBag from /opt/airflow/dags/upload_congress_data.py
[2024-05-21T17:30:10.967+0000] {logging_mixin.py:188} INFO - Bucket Name: congress_data_testproject-420401
[2024-05-21T17:30:10.975+0000] {processor.py:840} INFO - DAG(s) 'upload_congress_data' retrieved from /opt/airflow/dags/upload_congress_data.py
[2024-05-21T17:30:10.992+0000] {logging_mixin.py:188} INFO - [2024-05-21T17:30:10.992+0000] {dag.py:3047} INFO - Sync 1 DAGs
[2024-05-21T17:30:11.004+0000] {logging_mixin.py:188} INFO - [2024-05-21T17:30:11.004+0000] {dag.py:3834} INFO - Setting next_dagrun for upload_congress_data to None, run_after=None
[2024-05-21T17:30:11.018+0000] {processor.py:183} INFO - Processing /opt/airflow/dags/upload_congress_data.py took 0.093 seconds
[2024-05-21T18:53:35.008+0000] {processor.py:161} INFO - Started process (PID=10284) to work on /opt/airflow/dags/upload_congress_data.py
[2024-05-21T18:53:35.011+0000] {processor.py:830} INFO - Processing file /opt/airflow/dags/upload_congress_data.py for tasks to queue
[2024-05-21T18:53:35.018+0000] {logging_mixin.py:188} INFO - [2024-05-21T18:53:35.017+0000] {dagbag.py:540} INFO - Filling up the DagBag from /opt/airflow/dags/upload_congress_data.py
[2024-05-21T18:53:35.105+0000] {logging_mixin.py:188} INFO - Bucket Name: congress_data_testproject-420401
[2024-05-21T18:53:35.119+0000] {processor.py:840} INFO - DAG(s) 'upload_congress_data' retrieved from /opt/airflow/dags/upload_congress_data.py
[2024-05-21T18:53:35.158+0000] {logging_mixin.py:188} INFO - [2024-05-21T18:53:35.158+0000] {dag.py:3047} INFO - Sync 1 DAGs
[2024-05-21T18:53:35.196+0000] {logging_mixin.py:188} INFO - [2024-05-21T18:53:35.196+0000] {dag.py:3834} INFO - Setting next_dagrun for upload_congress_data to None, run_after=None
[2024-05-21T18:53:35.229+0000] {processor.py:183} INFO - Processing /opt/airflow/dags/upload_congress_data.py took 0.244 seconds
[2024-05-21T20:07:01.632+0000] {processor.py:161} INFO - Started process (PID=10292) to work on /opt/airflow/dags/upload_congress_data.py
[2024-05-21T20:07:01.633+0000] {processor.py:830} INFO - Processing file /opt/airflow/dags/upload_congress_data.py for tasks to queue
[2024-05-21T20:07:01.637+0000] {logging_mixin.py:188} INFO - [2024-05-21T20:07:01.636+0000] {dagbag.py:540} INFO - Filling up the DagBag from /opt/airflow/dags/upload_congress_data.py
[2024-05-21T20:07:01.679+0000] {logging_mixin.py:188} INFO - Bucket Name: congress_data_testproject-420401
[2024-05-21T20:07:01.689+0000] {processor.py:840} INFO - DAG(s) 'upload_congress_data' retrieved from /opt/airflow/dags/upload_congress_data.py
[2024-05-21T20:07:01.708+0000] {logging_mixin.py:188} INFO - [2024-05-21T20:07:01.708+0000] {dag.py:3047} INFO - Sync 1 DAGs
[2024-05-21T20:07:01.732+0000] {logging_mixin.py:188} INFO - [2024-05-21T20:07:01.732+0000] {dag.py:3834} INFO - Setting next_dagrun for upload_congress_data to None, run_after=None
[2024-05-21T20:07:01.741+0000] {processor.py:183} INFO - Processing /opt/airflow/dags/upload_congress_data.py took 0.112 seconds
[2024-05-21T21:08:05.808+0000] {processor.py:161} INFO - Started process (PID=10300) to work on /opt/airflow/dags/upload_congress_data.py
[2024-05-21T21:08:05.810+0000] {processor.py:830} INFO - Processing file /opt/airflow/dags/upload_congress_data.py for tasks to queue
[2024-05-21T21:08:05.814+0000] {logging_mixin.py:188} INFO - [2024-05-21T21:08:05.813+0000] {dagbag.py:540} INFO - Filling up the DagBag from /opt/airflow/dags/upload_congress_data.py
[2024-05-21T21:08:05.864+0000] {logging_mixin.py:188} INFO - Bucket Name: congress_data_testproject-420401
[2024-05-21T21:08:05.876+0000] {processor.py:840} INFO - DAG(s) 'upload_congress_data' retrieved from /opt/airflow/dags/upload_congress_data.py
[2024-05-21T21:08:05.897+0000] {logging_mixin.py:188} INFO - [2024-05-21T21:08:05.897+0000] {dag.py:3047} INFO - Sync 1 DAGs
[2024-05-21T21:08:05.912+0000] {logging_mixin.py:188} INFO - [2024-05-21T21:08:05.912+0000] {dag.py:3834} INFO - Setting next_dagrun for upload_congress_data to None, run_after=None
[2024-05-21T21:08:05.931+0000] {processor.py:183} INFO - Processing /opt/airflow/dags/upload_congress_data.py took 0.127 seconds
[2024-05-21T22:25:55.724+0000] {processor.py:161} INFO - Started process (PID=10308) to work on /opt/airflow/dags/upload_congress_data.py
[2024-05-21T22:25:55.728+0000] {processor.py:830} INFO - Processing file /opt/airflow/dags/upload_congress_data.py for tasks to queue
[2024-05-21T22:25:55.736+0000] {logging_mixin.py:188} INFO - [2024-05-21T22:25:55.735+0000] {dagbag.py:540} INFO - Filling up the DagBag from /opt/airflow/dags/upload_congress_data.py
[2024-05-21T22:25:56.139+0000] {logging_mixin.py:188} INFO - Bucket Name: congress_data_testproject-420401
[2024-05-21T22:25:56.169+0000] {processor.py:840} INFO - DAG(s) 'upload_congress_data' retrieved from /opt/airflow/dags/upload_congress_data.py
[2024-05-21T22:25:56.208+0000] {logging_mixin.py:188} INFO - [2024-05-21T22:25:56.207+0000] {dag.py:3047} INFO - Sync 1 DAGs
[2024-05-21T22:25:56.225+0000] {logging_mixin.py:188} INFO - [2024-05-21T22:25:56.225+0000] {dag.py:3834} INFO - Setting next_dagrun for upload_congress_data to None, run_after=None
[2024-05-21T22:25:56.244+0000] {processor.py:183} INFO - Processing /opt/airflow/dags/upload_congress_data.py took 0.528 seconds
[2024-05-21T23:43:19.275+0000] {processor.py:161} INFO - Started process (PID=10316) to work on /opt/airflow/dags/upload_congress_data.py
[2024-05-21T23:43:19.276+0000] {processor.py:830} INFO - Processing file /opt/airflow/dags/upload_congress_data.py for tasks to queue
[2024-05-21T23:43:19.279+0000] {logging_mixin.py:188} INFO - [2024-05-21T23:43:19.279+0000] {dagbag.py:540} INFO - Filling up the DagBag from /opt/airflow/dags/upload_congress_data.py
[2024-05-21T23:43:19.314+0000] {logging_mixin.py:188} INFO - Bucket Name: congress_data_testproject-420401
[2024-05-21T23:43:19.325+0000] {processor.py:840} INFO - DAG(s) 'upload_congress_data' retrieved from /opt/airflow/dags/upload_congress_data.py
[2024-05-21T23:43:19.352+0000] {logging_mixin.py:188} INFO - [2024-05-21T23:43:19.351+0000] {dag.py:3047} INFO - Sync 1 DAGs
[2024-05-21T23:43:19.365+0000] {logging_mixin.py:188} INFO - [2024-05-21T23:43:19.364+0000] {dag.py:3834} INFO - Setting next_dagrun for upload_congress_data to None, run_after=None
[2024-05-21T23:43:19.373+0000] {processor.py:183} INFO - Processing /opt/airflow/dags/upload_congress_data.py took 0.102 seconds
