[2024-04-06T21:38:36.208+0000] {taskinstance.py:1979} INFO - Dependencies all met for dep_context=non-requeueable deps ti=<TaskInstance: upload_congress_data.download_bill_statuses manual__2024-04-06T21:38:30.651078+00:00 [queued]>
[2024-04-06T21:38:36.236+0000] {taskinstance.py:1979} INFO - Dependencies all met for dep_context=requeueable deps ti=<TaskInstance: upload_congress_data.download_bill_statuses manual__2024-04-06T21:38:30.651078+00:00 [queued]>
[2024-04-06T21:38:36.237+0000] {taskinstance.py:2193} INFO - Starting attempt 1 of 3
[2024-04-06T21:38:36.251+0000] {taskinstance.py:2217} INFO - Executing <Task(BashOperator): download_bill_statuses> on 2024-04-06 21:38:30.651078+00:00
[2024-04-06T21:38:36.259+0000] {standard_task_runner.py:60} INFO - Started process 78 to run task
[2024-04-06T21:38:36.264+0000] {standard_task_runner.py:87} INFO - Running: ['***', 'tasks', 'run', 'upload_congress_data', 'download_bill_statuses', 'manual__2024-04-06T21:38:30.651078+00:00', '--job-id', '5', '--raw', '--subdir', 'DAGS_FOLDER/upload_congress_data.py', '--cfg-path', '/tmp/tmp5pxlvie7']
[2024-04-06T21:38:36.270+0000] {standard_task_runner.py:88} INFO - Job 5: Subtask download_bill_statuses
[2024-04-06T21:38:36.346+0000] {task_command.py:423} INFO - Running <TaskInstance: upload_congress_data.download_bill_statuses manual__2024-04-06T21:38:30.651078+00:00 [running]> on host 67ea95621b6d
[2024-04-06T21:38:36.421+0000] {taskinstance.py:2513} INFO - Exporting env vars: AIRFLOW_CTX_DAG_EMAIL='***@***.com' AIRFLOW_CTX_DAG_OWNER='***' AIRFLOW_CTX_DAG_ID='upload_congress_data' AIRFLOW_CTX_TASK_ID='download_bill_statuses' AIRFLOW_CTX_EXECUTION_DATE='2024-04-06T21:38:30.651078+00:00' AIRFLOW_CTX_TRY_NUMBER='1' AIRFLOW_CTX_DAG_RUN_ID='manual__2024-04-06T21:38:30.651078+00:00'
[2024-04-06T21:38:36.424+0000] {subprocess.py:63} INFO - Tmp dir root location: /tmp
[2024-04-06T21:38:36.426+0000] {subprocess.py:75} INFO - Running command: ['/usr/bin/bash', '-c', 'rm opt/***/dags/data https://www.govinfo.gov/bulkdata/BILLSTATUS/118/sres/BILLSTATUS-118-sres.zip                             wget -P /opt/***/dags/data https://www.govinfo.gov/bulkdata/BILLSTATUS/118/sres/BILLSTATUS-118-sres.zip                             && unzip /opt/***/dags/data https://www.govinfo.gov/bulkdata/BILLSTATUS/118/sres/BILLSTATUS-118-sres.zip ||                             echo "Failed to download or unzip https://www.govinfo.gov/bulkdata/BILLSTATUS/118/sres/BILLSTATUS-118-sres.zip" && rm opt/***/dags/data https://www.govinfo.gov/bulkdata/BILLSTATUS/118/hr/BILLSTATUS-118-hr.zip                             wget -P /opt/***/dags/data https://www.govinfo.gov/bulkdata/BILLSTATUS/118/hr/BILLSTATUS-118-hr.zip                             && unzip /opt/***/dags/data https://www.govinfo.gov/bulkdata/BILLSTATUS/118/hr/BILLSTATUS-118-hr.zip ||                             echo "Failed to download or unzip https://www.govinfo.gov/bulkdata/BILLSTATUS/118/hr/BILLSTATUS-118-hr.zip" && rm opt/***/dags/data https://www.govinfo.gov/bulkdata/BILLSTATUS/118/hconres/BILLSTATUS-118-hconres.zip                             wget -P /opt/***/dags/data https://www.govinfo.gov/bulkdata/BILLSTATUS/118/hconres/BILLSTATUS-118-hconres.zip                             && unzip /opt/***/dags/data https://www.govinfo.gov/bulkdata/BILLSTATUS/118/hconres/BILLSTATUS-118-hconres.zip ||                             echo "Failed to download or unzip https://www.govinfo.gov/bulkdata/BILLSTATUS/118/hconres/BILLSTATUS-118-hconres.zip" && rm opt/***/dags/data https://www.govinfo.gov/bulkdata/BILLSTATUS/118/hjres/BILLSTATUS-118-hjres.zip                             wget -P /opt/***/dags/data https://www.govinfo.gov/bulkdata/BILLSTATUS/118/hjres/BILLSTATUS-118-hjres.zip                             && unzip /opt/***/dags/data https://www.govinfo.gov/bulkdata/BILLSTATUS/118/hjres/BILLSTATUS-118-hjres.zip ||                             echo "Failed to download or unzip https://www.govinfo.gov/bulkdata/BILLSTATUS/118/hjres/BILLSTATUS-118-hjres.zip" && rm opt/***/dags/data https://www.govinfo.gov/bulkdata/BILLSTATUS/118/s/BILLSTATUS-118-s.zip                             wget -P /opt/***/dags/data https://www.govinfo.gov/bulkdata/BILLSTATUS/118/s/BILLSTATUS-118-s.zip                             && unzip /opt/***/dags/data https://www.govinfo.gov/bulkdata/BILLSTATUS/118/s/BILLSTATUS-118-s.zip ||                             echo "Failed to download or unzip https://www.govinfo.gov/bulkdata/BILLSTATUS/118/s/BILLSTATUS-118-s.zip" && rm opt/***/dags/data https://www.govinfo.gov/bulkdata/BILLSTATUS/118/sjres/BILLSTATUS-118-sjres.zip                             wget -P /opt/***/dags/data https://www.govinfo.gov/bulkdata/BILLSTATUS/118/sjres/BILLSTATUS-118-sjres.zip                             && unzip /opt/***/dags/data https://www.govinfo.gov/bulkdata/BILLSTATUS/118/sjres/BILLSTATUS-118-sjres.zip ||                             echo "Failed to download or unzip https://www.govinfo.gov/bulkdata/BILLSTATUS/118/sjres/BILLSTATUS-118-sjres.zip" && rm opt/***/dags/data https://www.govinfo.gov/bulkdata/BILLSTATUS/118/sconres/BILLSTATUS-118-sconres.zip                             wget -P /opt/***/dags/data https://www.govinfo.gov/bulkdata/BILLSTATUS/118/sconres/BILLSTATUS-118-sconres.zip                             && unzip /opt/***/dags/data https://www.govinfo.gov/bulkdata/BILLSTATUS/118/sconres/BILLSTATUS-118-sconres.zip ||                             echo "Failed to download or unzip https://www.govinfo.gov/bulkdata/BILLSTATUS/118/sconres/BILLSTATUS-118-sconres.zip"']
[2024-04-06T21:38:36.439+0000] {subprocess.py:86} INFO - Output:
[2024-04-06T21:38:36.442+0000] {subprocess.py:93} INFO - rm: invalid option -- 'P'
[2024-04-06T21:38:36.442+0000] {subprocess.py:93} INFO - Try 'rm --help' for more information.
[2024-04-06T21:38:36.442+0000] {subprocess.py:93} INFO - Failed to download or unzip https://www.govinfo.gov/bulkdata/BILLSTATUS/118/sres/BILLSTATUS-118-sres.zip
[2024-04-06T21:38:36.443+0000] {subprocess.py:93} INFO - rm: invalid option -- 'P'
[2024-04-06T21:38:36.443+0000] {subprocess.py:93} INFO - Try 'rm --help' for more information.
[2024-04-06T21:38:36.443+0000] {subprocess.py:93} INFO - Failed to download or unzip https://www.govinfo.gov/bulkdata/BILLSTATUS/118/hr/BILLSTATUS-118-hr.zip
[2024-04-06T21:38:36.444+0000] {subprocess.py:93} INFO - rm: invalid option -- 'P'
[2024-04-06T21:38:36.444+0000] {subprocess.py:93} INFO - Try 'rm --help' for more information.
[2024-04-06T21:38:36.445+0000] {subprocess.py:93} INFO - Failed to download or unzip https://www.govinfo.gov/bulkdata/BILLSTATUS/118/hconres/BILLSTATUS-118-hconres.zip
[2024-04-06T21:38:36.447+0000] {subprocess.py:93} INFO - rm: invalid option -- 'P'
[2024-04-06T21:38:36.448+0000] {subprocess.py:93} INFO - Try 'rm --help' for more information.
[2024-04-06T21:38:36.450+0000] {subprocess.py:93} INFO - Failed to download or unzip https://www.govinfo.gov/bulkdata/BILLSTATUS/118/hjres/BILLSTATUS-118-hjres.zip
[2024-04-06T21:38:36.451+0000] {subprocess.py:93} INFO - rm: invalid option -- 'P'
[2024-04-06T21:38:36.451+0000] {subprocess.py:93} INFO - Try 'rm --help' for more information.
[2024-04-06T21:38:36.451+0000] {subprocess.py:93} INFO - Failed to download or unzip https://www.govinfo.gov/bulkdata/BILLSTATUS/118/s/BILLSTATUS-118-s.zip
[2024-04-06T21:38:36.452+0000] {subprocess.py:93} INFO - rm: invalid option -- 'P'
[2024-04-06T21:38:36.452+0000] {subprocess.py:93} INFO - Try 'rm --help' for more information.
[2024-04-06T21:38:36.453+0000] {subprocess.py:93} INFO - Failed to download or unzip https://www.govinfo.gov/bulkdata/BILLSTATUS/118/sjres/BILLSTATUS-118-sjres.zip
[2024-04-06T21:38:36.454+0000] {subprocess.py:93} INFO - rm: invalid option -- 'P'
[2024-04-06T21:38:36.454+0000] {subprocess.py:93} INFO - Try 'rm --help' for more information.
[2024-04-06T21:38:36.454+0000] {subprocess.py:93} INFO - Failed to download or unzip https://www.govinfo.gov/bulkdata/BILLSTATUS/118/sconres/BILLSTATUS-118-sconres.zip
[2024-04-06T21:38:36.455+0000] {subprocess.py:97} INFO - Command exited with return code 0
[2024-04-06T21:38:36.516+0000] {taskinstance.py:1149} INFO - Marking task as SUCCESS. dag_id=upload_congress_data, task_id=download_bill_statuses, execution_date=20240406T213830, start_date=20240406T213836, end_date=20240406T213836
[2024-04-06T21:38:36.571+0000] {local_task_job_runner.py:234} INFO - Task exited with return code 0
[2024-04-06T21:38:36.591+0000] {taskinstance.py:3312} INFO - 1 downstream tasks scheduled from follow-on schedule check
