[2024-04-12T17:16:26.092+0000] {taskinstance.py:1979} INFO - Dependencies all met for dep_context=non-requeueable deps ti=<TaskInstance: upload_congress_data.convert_bill_files manual__2024-04-12T17:14:18.064138+00:00 [queued]>
[2024-04-12T17:16:26.098+0000] {taskinstance.py:1979} INFO - Dependencies all met for dep_context=requeueable deps ti=<TaskInstance: upload_congress_data.convert_bill_files manual__2024-04-12T17:14:18.064138+00:00 [queued]>
[2024-04-12T17:16:26.098+0000] {taskinstance.py:2193} INFO - Starting attempt 1 of 1
[2024-04-12T17:16:26.106+0000] {taskinstance.py:2217} INFO - Executing <Task(PythonOperator): convert_bill_files> on 2024-04-12 17:14:18.064138+00:00
[2024-04-12T17:16:26.112+0000] {standard_task_runner.py:60} INFO - Started process 2800 to run task
[2024-04-12T17:16:26.116+0000] {standard_task_runner.py:87} INFO - Running: ['***', 'tasks', 'run', 'upload_congress_data', 'convert_bill_files', 'manual__2024-04-12T17:14:18.064138+00:00', '--job-id', '80', '--raw', '--subdir', 'DAGS_FOLDER/upload_congress_data.py', '--cfg-path', '/tmp/tmppp8t5kx9']
[2024-04-12T17:16:26.119+0000] {standard_task_runner.py:88} INFO - Job 80: Subtask convert_bill_files
[2024-04-12T17:16:26.197+0000] {task_command.py:423} INFO - Running <TaskInstance: upload_congress_data.convert_bill_files manual__2024-04-12T17:14:18.064138+00:00 [running]> on host f0ccf278d1a7
[2024-04-12T17:16:26.267+0000] {taskinstance.py:2513} INFO - Exporting env vars: AIRFLOW_CTX_DAG_OWNER='***' AIRFLOW_CTX_DAG_ID='upload_congress_data' AIRFLOW_CTX_TASK_ID='convert_bill_files' AIRFLOW_CTX_EXECUTION_DATE='2024-04-12T17:14:18.064138+00:00' AIRFLOW_CTX_TRY_NUMBER='1' AIRFLOW_CTX_DAG_RUN_ID='manual__2024-04-12T17:14:18.064138+00:00'
[2024-04-12T17:16:26.299+0000] {logging_mixin.py:188} INFO - Converted /opt/***/dags/data/bills/hjres/BILLSTATUS-118hjres39.xml to /opt/***/dags/data/bills/hjres/BILLSTATUS-118hjres39.json
[2024-04-12T17:16:26.305+0000] {logging_mixin.py:188} INFO - Converted /opt/***/dags/data/bills/hjres/BILLSTATUS-118hjres7.xml to /opt/***/dags/data/bills/hjres/BILLSTATUS-118hjres7.json
[2024-04-12T17:16:26.313+0000] {logging_mixin.py:188} INFO - Converted /opt/***/dags/data/bills/hjres/BILLSTATUS-118hjres88.xml to /opt/***/dags/data/bills/hjres/BILLSTATUS-118hjres88.json
[2024-04-12T17:16:26.324+0000] {logging_mixin.py:188} INFO - Converted /opt/***/dags/data/bills/hjres/BILLSTATUS-118hjres74.xml to /opt/***/dags/data/bills/hjres/BILLSTATUS-118hjres74.json
[2024-04-12T17:16:26.340+0000] {logging_mixin.py:188} INFO - Converted /opt/***/dags/data/bills/hjres/BILLSTATUS-118hjres70.xml to /opt/***/dags/data/bills/hjres/BILLSTATUS-118hjres70.json
[2024-04-12T17:16:26.345+0000] {logging_mixin.py:188} INFO - Converted /opt/***/dags/data/bills/hjres/BILLSTATUS-118hjres71.xml to /opt/***/dags/data/bills/hjres/BILLSTATUS-118hjres71.json
[2024-04-12T17:16:26.355+0000] {logging_mixin.py:188} INFO - Converted /opt/***/dags/data/bills/hjres/BILLSTATUS-118hjres98.xml to /opt/***/dags/data/bills/hjres/BILLSTATUS-118hjres98.json
[2024-04-12T17:16:26.378+0000] {logging_mixin.py:188} INFO - Converted /opt/***/dags/data/bills/hjres/BILLSTATUS-118hjres42.xml to /opt/***/dags/data/bills/hjres/BILLSTATUS-118hjres42.json
[2024-04-12T17:16:26.386+0000] {logging_mixin.py:188} INFO - Converted /opt/***/dags/data/bills/hjres/BILLSTATUS-118hjres68.xml to /opt/***/dags/data/bills/hjres/BILLSTATUS-118hjres68.json
[2024-04-12T17:16:26.396+0000] {logging_mixin.py:188} INFO - Converted /opt/***/dags/data/bills/hjres/BILLSTATUS-118hjres79.xml to /opt/***/dags/data/bills/hjres/BILLSTATUS-118hjres79.json
[2024-04-12T17:16:26.404+0000] {logging_mixin.py:188} INFO - Converted /opt/***/dags/data/bills/hjres/BILLSTATUS-118hjres45.xml to /opt/***/dags/data/bills/hjres/BILLSTATUS-118hjres45.json
[2024-04-12T17:16:26.415+0000] {logging_mixin.py:188} INFO - Converted /opt/***/dags/data/bills/hjres/BILLSTATUS-118hjres44.xml to /opt/***/dags/data/bills/hjres/BILLSTATUS-118hjres44.json
[2024-04-12T17:16:26.487+0000] {logging_mixin.py:188} INFO - Converted /opt/***/dags/data/bills/hjres/BILLSTATUS-118hjres26.xml to /opt/***/dags/data/bills/hjres/BILLSTATUS-118hjres26.json
[2024-04-12T17:16:26.496+0000] {logging_mixin.py:188} INFO - Converted /opt/***/dags/data/bills/hjres/BILLSTATUS-118hjres27.xml to /opt/***/dags/data/bills/hjres/BILLSTATUS-118hjres27.json
[2024-04-12T17:16:26.512+0000] {logging_mixin.py:188} INFO - Converted /opt/***/dags/data/bills/hjres/BILLSTATUS-118hjres30.xml to /opt/***/dags/data/bills/hjres/BILLSTATUS-118hjres30.json
[2024-04-12T17:16:26.516+0000] {logging_mixin.py:188} INFO - Converted /opt/***/dags/data/bills/hjres/BILLSTATUS-118hjres24.xml to /opt/***/dags/data/bills/hjres/BILLSTATUS-118hjres24.json
[2024-04-12T17:16:26.582+0000] {logging_mixin.py:188} INFO - Converted /opt/***/dags/data/bills/hconres/BILLSTATUS-118hconres9.xml to /opt/***/dags/data/bills/hconres/BILLSTATUS-118hconres9.json
[2024-04-12T17:16:26.597+0000] {logging_mixin.py:188} INFO - Converted /opt/***/dags/data/bills/hconres/BILLSTATUS-118hconres3.xml to /opt/***/dags/data/bills/hconres/BILLSTATUS-118hconres3.json
[2024-04-12T17:16:26.604+0000] {logging_mixin.py:188} INFO - Converted /opt/***/dags/data/bills/hconres/BILLSTATUS-118hconres25.xml to /opt/***/dags/data/bills/hconres/BILLSTATUS-118hconres25.json
[2024-04-12T17:16:26.610+0000] {logging_mixin.py:188} INFO - Converted /opt/***/dags/data/bills/hconres/BILLSTATUS-118hconres30.xml to /opt/***/dags/data/bills/hconres/BILLSTATUS-118hconres30.json
[2024-04-12T17:16:26.619+0000] {logging_mixin.py:188} INFO - Converted /opt/***/dags/data/bills/hconres/BILLSTATUS-118hconres21.xml to /opt/***/dags/data/bills/hconres/BILLSTATUS-118hconres21.json
[2024-04-12T17:16:26.626+0000] {logging_mixin.py:188} INFO - Converted /opt/***/dags/data/bills/hconres/BILLSTATUS-118hconres7.xml to /opt/***/dags/data/bills/hconres/BILLSTATUS-118hconres7.json
[2024-04-12T17:16:26.636+0000] {logging_mixin.py:188} INFO - Converted /opt/***/dags/data/bills/hconres/BILLSTATUS-118hconres86.xml to /opt/***/dags/data/bills/hconres/BILLSTATUS-118hconres86.json
[2024-04-12T17:16:26.657+0000] {logging_mixin.py:188} INFO - Converted /opt/***/dags/data/bills/hconres/BILLSTATUS-118hconres57.xml to /opt/***/dags/data/bills/hconres/BILLSTATUS-118hconres57.json
[2024-04-12T17:16:26.693+0000] {logging_mixin.py:188} INFO - Converted /opt/***/dags/data/bills/hconres/BILLSTATUS-118hconres40.xml to /opt/***/dags/data/bills/hconres/BILLSTATUS-118hconres40.json
[2024-04-12T17:16:26.864+0000] {logging_mixin.py:188} INFO - Converted /opt/***/dags/data/bills/s/BILLSTATUS-118s3250.xml to /opt/***/dags/data/bills/s/BILLSTATUS-118s3250.json
[2024-04-12T17:16:28.255+0000] {logging_mixin.py:188} INFO - Converted /opt/***/dags/data/bills/s/BILLSTATUS-118s788.xml to /opt/***/dags/data/bills/s/BILLSTATUS-118s788.json
[2024-04-12T17:16:29.357+0000] {logging_mixin.py:188} INFO - Converted /opt/***/dags/data/bills/s/BILLSTATUS-118s316.xml to /opt/***/dags/data/bills/s/BILLSTATUS-118s316.json
[2024-04-12T17:16:29.734+0000] {logging_mixin.py:188} INFO - Converted /opt/***/dags/data/bills/s/BILLSTATUS-118s3427.xml to /opt/***/dags/data/bills/s/BILLSTATUS-118s3427.json
[2024-04-12T17:16:29.808+0000] {logging_mixin.py:188} INFO - Converted /opt/***/dags/data/bills/s/BILLSTATUS-118s475.xml to /opt/***/dags/data/bills/s/BILLSTATUS-118s475.json
[2024-04-12T17:16:29.848+0000] {logging_mixin.py:188} INFO - Converted /opt/***/dags/data/bills/s/BILLSTATUS-118s111.xml to /opt/***/dags/data/bills/s/BILLSTATUS-118s111.json
[2024-04-12T17:16:30.442+0000] {logging_mixin.py:188} INFO - Converted /opt/***/dags/data/bills/s/BILLSTATUS-118s112.xml to /opt/***/dags/data/bills/s/BILLSTATUS-118s112.json
[2024-04-12T17:16:30.968+0000] {logging_mixin.py:188} INFO - Converted /opt/***/dags/data/bills/s/BILLSTATUS-118s2051.xml to /opt/***/dags/data/bills/s/BILLSTATUS-118s2051.json
[2024-04-12T17:16:31.684+0000] {logging_mixin.py:188} INFO - Converted /opt/***/dags/data/bills/s/BILLSTATUS-118s326.xml to /opt/***/dags/data/bills/s/BILLSTATUS-118s326.json
[2024-04-12T17:16:31.809+0000] {logging_mixin.py:188} INFO - Converted /opt/***/dags/data/bills/s/BILLSTATUS-118s870.xml to /opt/***/dags/data/bills/s/BILLSTATUS-118s870.json
[2024-04-12T17:16:32.880+0000] {logging_mixin.py:188} INFO - Converted /opt/***/dags/data/bills/s/BILLSTATUS-118s3853.xml to /opt/***/dags/data/bills/s/BILLSTATUS-118s3853.json
[2024-04-12T17:16:33.256+0000] {logging_mixin.py:188} INFO - Converted /opt/***/dags/data/bills/s/BILLSTATUS-118s2226.xml to /opt/***/dags/data/bills/s/BILLSTATUS-118s2226.json
[2024-04-12T17:16:33.524+0000] {logging_mixin.py:188} INFO - Converted /opt/***/dags/data/bills/s/BILLSTATUS-118s619.xml to /opt/***/dags/data/bills/s/BILLSTATUS-118s619.json
[2024-04-12T17:16:33.616+0000] {logging_mixin.py:188} INFO - Converted /opt/***/dags/data/bills/s/BILLSTATUS-118s382.xml to /opt/***/dags/data/bills/s/BILLSTATUS-118s382.json
[2024-04-12T17:16:35.178+0000] {logging_mixin.py:188} INFO - Converted /opt/***/dags/data/bills/sres/BILLSTATUS-118sres13.xml to /opt/***/dags/data/bills/sres/BILLSTATUS-118sres13.json
[2024-04-12T17:16:35.371+0000] {logging_mixin.py:188} INFO - Converted /opt/***/dags/data/bills/sres/BILLSTATUS-118sres417.xml to /opt/***/dags/data/bills/sres/BILLSTATUS-118sres417.json
[2024-04-12T17:16:35.558+0000] {logging_mixin.py:188} INFO - Converted /opt/***/dags/data/bills/sres/BILLSTATUS-118sres21.xml to /opt/***/dags/data/bills/sres/BILLSTATUS-118sres21.json
[2024-04-12T17:16:35.892+0000] {logging_mixin.py:188} INFO - Converted /opt/***/dags/data/bills/sres/BILLSTATUS-118sres504.xml to /opt/***/dags/data/bills/sres/BILLSTATUS-118sres504.json
[2024-04-12T17:16:36.107+0000] {logging_mixin.py:188} INFO - Converted /opt/***/dags/data/bills/hr/BILLSTATUS-118hr2766.xml to /opt/***/dags/data/bills/hr/BILLSTATUS-118hr2766.json
[2024-04-12T17:16:36.153+0000] {logging_mixin.py:188} INFO - Converted /opt/***/dags/data/bills/hr/BILLSTATUS-118hr2799.xml to /opt/***/dags/data/bills/hr/BILLSTATUS-118hr2799.json
[2024-04-12T17:16:36.267+0000] {logging_mixin.py:188} INFO - Converted /opt/***/dags/data/bills/hr/BILLSTATUS-118hr7024.xml to /opt/***/dags/data/bills/hr/BILLSTATUS-118hr7024.json
[2024-04-12T17:16:36.883+0000] {logging_mixin.py:188} INFO - Converted /opt/***/dags/data/bills/hr/BILLSTATUS-118hr2.xml to /opt/***/dags/data/bills/hr/BILLSTATUS-118hr2.json
[2024-04-12T17:16:36.964+0000] {logging_mixin.py:188} INFO - Converted /opt/***/dags/data/bills/hr/BILLSTATUS-118hr542.xml to /opt/***/dags/data/bills/hr/BILLSTATUS-118hr542.json
[2024-04-12T17:16:37.308+0000] {logging_mixin.py:188} INFO - Converted /opt/***/dags/data/bills/hr/BILLSTATUS-118hr185.xml to /opt/***/dags/data/bills/hr/BILLSTATUS-118hr185.json
[2024-04-12T17:16:37.334+0000] {logging_mixin.py:188} INFO - Converted /opt/***/dags/data/bills/hr/BILLSTATUS-118hr5961.xml to /opt/***/dags/data/bills/hr/BILLSTATUS-118hr5961.json
[2024-04-12T17:16:37.430+0000] {logging_mixin.py:188} INFO - Converted /opt/***/dags/data/bills/hr/BILLSTATUS-118hr813.xml to /opt/***/dags/data/bills/hr/BILLSTATUS-118hr813.json
[2024-04-12T17:16:37.506+0000] {logging_mixin.py:188} INFO - Converted /opt/***/dags/data/bills/hr/BILLSTATUS-118hr4470.xml to /opt/***/dags/data/bills/hr/BILLSTATUS-118hr4470.json
[2024-04-12T17:16:37.598+0000] {logging_mixin.py:188} INFO - Converted /opt/***/dags/data/bills/hr/BILLSTATUS-118hr6918.xml to /opt/***/dags/data/bills/hr/BILLSTATUS-118hr6918.json
[2024-04-12T17:16:37.634+0000] {logging_mixin.py:188} INFO - Converted /opt/***/dags/data/bills/hr/BILLSTATUS-118hr1093.xml to /opt/***/dags/data/bills/hr/BILLSTATUS-118hr1093.json
[2024-04-12T17:16:37.647+0000] {logging_mixin.py:188} INFO - Converted /opt/***/dags/data/bills/hr/BILLSTATUS-118hr3848.xml to /opt/***/dags/data/bills/hr/BILLSTATUS-118hr3848.json
[2024-04-12T17:16:37.840+0000] {logging_mixin.py:188} INFO - Converted /opt/***/dags/data/bills/hr/BILLSTATUS-118hr1734.xml to /opt/***/dags/data/bills/hr/BILLSTATUS-118hr1734.json
[2024-04-12T17:16:37.936+0000] {logging_mixin.py:188} INFO - Converted /opt/***/dags/data/bills/hr/BILLSTATUS-118hr346.xml to /opt/***/dags/data/bills/hr/BILLSTATUS-118hr346.json
[2024-04-12T17:16:37.970+0000] {logging_mixin.py:188} INFO - Converted /opt/***/dags/data/bills/hr/BILLSTATUS-118hr4664.xml to /opt/***/dags/data/bills/hr/BILLSTATUS-118hr4664.json
[2024-04-12T17:16:38.009+0000] {logging_mixin.py:188} INFO - Converted /opt/***/dags/data/bills/hr/BILLSTATUS-118hr5585.xml to /opt/***/dags/data/bills/hr/BILLSTATUS-118hr5585.json
[2024-04-12T17:16:38.144+0000] {logging_mixin.py:188} INFO - Converted /opt/***/dags/data/bills/hr/BILLSTATUS-118hr6503.xml to /opt/***/dags/data/bills/hr/BILLSTATUS-118hr6503.json
[2024-04-12T17:16:38.250+0000] {logging_mixin.py:188} INFO - Converted /opt/***/dags/data/bills/hr/BILLSTATUS-118hr839.xml to /opt/***/dags/data/bills/hr/BILLSTATUS-118hr839.json
[2024-04-12T17:16:38.429+0000] {logging_mixin.py:188} INFO - Converted /opt/***/dags/data/bills/hr/BILLSTATUS-118hr1640.xml to /opt/***/dags/data/bills/hr/BILLSTATUS-118hr1640.json
[2024-04-12T17:16:38.551+0000] {logging_mixin.py:188} INFO - Converted /opt/***/dags/data/bills/hr/BILLSTATUS-118hr1.xml to /opt/***/dags/data/bills/hr/BILLSTATUS-118hr1.json
[2024-04-12T17:16:38.565+0000] {logging_mixin.py:188} INFO - Converted /opt/***/dags/data/bills/hr/BILLSTATUS-118hr1669.xml to /opt/***/dags/data/bills/hr/BILLSTATUS-118hr1669.json
[2024-04-12T17:16:38.915+0000] {logging_mixin.py:188} INFO - Converted /opt/***/dags/data/bills/hr/BILLSTATUS-118hr4665.xml to /opt/***/dags/data/bills/hr/BILLSTATUS-118hr4665.json
[2024-04-12T17:16:38.937+0000] {logging_mixin.py:188} INFO - Converted /opt/***/dags/data/bills/hr/BILLSTATUS-118hr347.xml to /opt/***/dags/data/bills/hr/BILLSTATUS-118hr347.json
[2024-04-12T17:16:38.998+0000] {logging_mixin.py:188} INFO - Converted /opt/***/dags/data/bills/hr/BILLSTATUS-118hr357.xml to /opt/***/dags/data/bills/hr/BILLSTATUS-118hr357.json
[2024-04-12T17:16:39.098+0000] {logging_mixin.py:188} INFO - Converted /opt/***/dags/data/bills/hr/BILLSTATUS-118hr3324.xml to /opt/***/dags/data/bills/hr/BILLSTATUS-118hr3324.json
[2024-04-12T17:16:39.153+0000] {logging_mixin.py:188} INFO - Converted /opt/***/dags/data/bills/hr/BILLSTATUS-118hr753.xml to /opt/***/dags/data/bills/hr/BILLSTATUS-118hr753.json
[2024-04-12T17:16:39.186+0000] {logging_mixin.py:188} INFO - Converted /opt/***/dags/data/bills/hr/BILLSTATUS-118hr3250.xml to /opt/***/dags/data/bills/hr/BILLSTATUS-118hr3250.json
[2024-04-12T17:16:39.282+0000] {logging_mixin.py:188} INFO - Converted /opt/***/dags/data/bills/hr/BILLSTATUS-118hr1123.xml to /opt/***/dags/data/bills/hr/BILLSTATUS-118hr1123.json
[2024-04-12T17:16:39.346+0000] {logging_mixin.py:188} INFO - Converted /opt/***/dags/data/bills/hr/BILLSTATUS-118hr3091.xml to /opt/***/dags/data/bills/hr/BILLSTATUS-118hr3091.json
[2024-04-12T17:16:39.364+0000] {logging_mixin.py:188} INFO - Converted /opt/***/dags/data/bills/hr/BILLSTATUS-118hr5.xml to /opt/***/dags/data/bills/hr/BILLSTATUS-118hr5.json
[2024-04-12T17:16:39.390+0000] {logging_mixin.py:188} INFO - Converted /opt/***/dags/data/bills/hr/BILLSTATUS-118hr593.xml to /opt/***/dags/data/bills/hr/BILLSTATUS-118hr593.json
[2024-04-12T17:16:39.442+0000] {logging_mixin.py:188} INFO - Converted /opt/***/dags/data/bills/hr/BILLSTATUS-118hr2365.xml to /opt/***/dags/data/bills/hr/BILLSTATUS-118hr2365.json
[2024-04-12T17:16:39.467+0000] {logging_mixin.py:188} INFO - Converted /opt/***/dags/data/bills/hr/BILLSTATUS-118hr5378.xml to /opt/***/dags/data/bills/hr/BILLSTATUS-118hr5378.json
[2024-04-12T17:16:39.500+0000] {logging_mixin.py:188} INFO - Converted /opt/***/dags/data/bills/hr/BILLSTATUS-118hr7023.xml to /opt/***/dags/data/bills/hr/BILLSTATUS-118hr7023.json
[2024-04-12T17:16:39.549+0000] {logging_mixin.py:188} INFO - Converted /opt/***/dags/data/bills/hr/BILLSTATUS-118hr4502.xml to /opt/***/dags/data/bills/hr/BILLSTATUS-118hr4502.json
[2024-04-12T17:16:39.591+0000] {logging_mixin.py:188} INFO - Converted /opt/***/dags/data/bills/hr/BILLSTATUS-118hr815.xml to /opt/***/dags/data/bills/hr/BILLSTATUS-118hr815.json
[2024-04-12T17:16:39.677+0000] {logging_mixin.py:188} INFO - Converted /opt/***/dags/data/bills/hr/BILLSTATUS-118hr140.xml to /opt/***/dags/data/bills/hr/BILLSTATUS-118hr140.json
[2024-04-12T17:16:39.848+0000] {logging_mixin.py:188} INFO - Converted /opt/***/dags/data/bills/hr/BILLSTATUS-118hr340.xml to /opt/***/dags/data/bills/hr/BILLSTATUS-118hr340.json
[2024-04-12T17:16:39.970+0000] {logging_mixin.py:188} INFO - Converted /opt/***/dags/data/bills/hr/BILLSTATUS-118hr1530.xml to /opt/***/dags/data/bills/hr/BILLSTATUS-118hr1530.json
[2024-04-12T17:16:40.231+0000] {logging_mixin.py:188} INFO - Converted /opt/***/dags/data/bills/hr/BILLSTATUS-118hr1121.xml to /opt/***/dags/data/bills/hr/BILLSTATUS-118hr1121.json
[2024-04-12T17:16:40.485+0000] {logging_mixin.py:188} INFO - Converted /opt/***/dags/data/bills/hr/BILLSTATUS-118hr6276.xml to /opt/***/dags/data/bills/hr/BILLSTATUS-118hr6276.json
[2024-04-12T17:16:40.498+0000] {logging_mixin.py:188} INFO - Converted /opt/***/dags/data/bills/hr/BILLSTATUS-118hr1096.xml to /opt/***/dags/data/bills/hr/BILLSTATUS-118hr1096.json
[2024-04-12T17:16:40.524+0000] {logging_mixin.py:188} INFO - Converted /opt/***/dags/data/bills/hr/BILLSTATUS-118hr382.xml to /opt/***/dags/data/bills/hr/BILLSTATUS-118hr382.json
[2024-04-12T17:16:40.554+0000] {logging_mixin.py:188} INFO - Converted /opt/***/dags/data/bills/hr/BILLSTATUS-118hr1727.xml to /opt/***/dags/data/bills/hr/BILLSTATUS-118hr1727.json
[2024-04-12T17:16:40.571+0000] {logging_mixin.py:188} INFO - Converted /opt/***/dags/data/bills/hr/BILLSTATUS-118hr2560.xml to /opt/***/dags/data/bills/hr/BILLSTATUS-118hr2560.json
[2024-04-12T17:16:40.654+0000] {logging_mixin.py:188} INFO - Converted /opt/***/dags/data/bills/hr/BILLSTATUS-118hr5283.xml to /opt/***/dags/data/bills/hr/BILLSTATUS-118hr5283.json
[2024-04-12T17:16:40.695+0000] {logging_mixin.py:188} INFO - Converted /opt/***/dags/data/bills/hr/BILLSTATUS-118hr497.xml to /opt/***/dags/data/bills/hr/BILLSTATUS-118hr497.json
[2024-04-12T17:16:40.856+0000] {logging_mixin.py:188} INFO - Converted /opt/***/dags/data/bills/hr/BILLSTATUS-118hr21.xml to /opt/***/dags/data/bills/hr/BILLSTATUS-118hr21.json
[2024-04-12T17:16:41.380+0000] {logging_mixin.py:188} INFO - Converted /opt/***/dags/data/bills/hr/BILLSTATUS-118hr1147.xml to /opt/***/dags/data/bills/hr/BILLSTATUS-118hr1147.json
[2024-04-12T17:16:41.435+0000] {logging_mixin.py:188} INFO - Converted /opt/***/dags/data/bills/hr/BILLSTATUS-118hr5862.xml to /opt/***/dags/data/bills/hr/BILLSTATUS-118hr5862.json
[2024-04-12T17:16:41.463+0000] {logging_mixin.py:188} INFO - Converted /opt/***/dags/data/bills/hr/BILLSTATUS-118hr5692.xml to /opt/***/dags/data/bills/hr/BILLSTATUS-118hr5692.json
[2024-04-12T17:16:41.513+0000] {logging_mixin.py:188} INFO - Converted /opt/***/dags/data/bills/hr/BILLSTATUS-118hr2670.xml to /opt/***/dags/data/bills/hr/BILLSTATUS-118hr2670.json
[2024-04-12T17:16:41.768+0000] {logging_mixin.py:188} INFO - Converted /opt/***/dags/data/bills/hr/BILLSTATUS-118hr7454.xml to /opt/***/dags/data/bills/hr/BILLSTATUS-118hr7454.json
[2024-04-12T17:16:41.780+0000] {logging_mixin.py:188} INFO - Converted /opt/***/dags/data/bills/hr/BILLSTATUS-118hr5525.xml to /opt/***/dags/data/bills/hr/BILLSTATUS-118hr5525.json
[2024-04-12T17:16:41.792+0000] {logging_mixin.py:188} INFO - Converted /opt/***/dags/data/bills/hr/BILLSTATUS-118hr443.xml to /opt/***/dags/data/bills/hr/BILLSTATUS-118hr443.json
[2024-04-12T17:16:41.843+0000] {logging_mixin.py:188} INFO - Converted /opt/***/dags/data/bills/hr/BILLSTATUS-118hr4820.xml to /opt/***/dags/data/bills/hr/BILLSTATUS-118hr4820.json
[2024-04-12T17:16:41.935+0000] {logging_mixin.py:188} INFO - Converted /opt/***/dags/data/bills/hr/BILLSTATUS-118hr22.xml to /opt/***/dags/data/bills/hr/BILLSTATUS-118hr22.json
[2024-04-12T17:16:42.084+0000] {logging_mixin.py:188} INFO - Converted /opt/***/dags/data/bills/hr/BILLSTATUS-118hr1435.xml to /opt/***/dags/data/bills/hr/BILLSTATUS-118hr1435.json
[2024-04-12T17:16:42.117+0000] {logging_mixin.py:188} INFO - Converted /opt/***/dags/data/bills/hr/BILLSTATUS-118hr2882.xml to /opt/***/dags/data/bills/hr/BILLSTATUS-118hr2882.json
[2024-04-12T17:16:42.126+0000] {logging_mixin.py:188} INFO - Converted /opt/***/dags/data/bills/hr/BILLSTATUS-118hr1353.xml to /opt/***/dags/data/bills/hr/BILLSTATUS-118hr1353.json
[2024-04-12T17:16:42.198+0000] {logging_mixin.py:188} INFO - Converted /opt/***/dags/data/bills/hr/BILLSTATUS-118hr5860.xml to /opt/***/dags/data/bills/hr/BILLSTATUS-118hr5860.json
[2024-04-12T17:16:42.217+0000] {logging_mixin.py:188} INFO - Converted /opt/***/dags/data/bills/hr/BILLSTATUS-118hr7520.xml to /opt/***/dags/data/bills/hr/BILLSTATUS-118hr7520.json
[2024-04-12T17:16:42.222+0000] {logging_mixin.py:188} INFO - Converted /opt/***/dags/data/bills/hr/BILLSTATUS-118hr1151.xml to /opt/***/dags/data/bills/hr/BILLSTATUS-118hr1151.json
[2024-04-12T17:16:42.249+0000] {logging_mixin.py:188} INFO - Converted /opt/***/dags/data/bills/hr/BILLSTATUS-118hr3746.xml to /opt/***/dags/data/bills/hr/BILLSTATUS-118hr3746.json
[2024-04-12T17:16:42.419+0000] {logging_mixin.py:188} INFO - Converted /opt/***/dags/data/bills/hr/BILLSTATUS-118hr7521.xml to /opt/***/dags/data/bills/hr/BILLSTATUS-118hr7521.json
[2024-04-12T17:16:42.619+0000] {logging_mixin.py:188} INFO - Converted /opt/***/dags/data/bills/hr/BILLSTATUS-118hr734.xml to /opt/***/dags/data/bills/hr/BILLSTATUS-118hr734.json
[2024-04-12T17:16:42.705+0000] {logging_mixin.py:188} INFO - Converted /opt/***/dags/data/bills/hr/BILLSTATUS-118hr23.xml to /opt/***/dags/data/bills/hr/BILLSTATUS-118hr23.json
[2024-04-12T17:16:42.738+0000] {logging_mixin.py:188} INFO - Converted /opt/***/dags/data/bills/hr/BILLSTATUS-118hr1226.xml to /opt/***/dags/data/bills/hr/BILLSTATUS-118hr1226.json
[2024-04-12T17:16:42.811+0000] {logging_mixin.py:188} INFO - Converted /opt/***/dags/data/bills/hr/BILLSTATUS-118hr4821.xml to /opt/***/dags/data/bills/hr/BILLSTATUS-118hr4821.json
[2024-04-12T17:16:42.890+0000] {logging_mixin.py:188} INFO - Converted /opt/***/dags/data/bills/hr/BILLSTATUS-118hr5524.xml to /opt/***/dags/data/bills/hr/BILLSTATUS-118hr5524.json
[2024-04-12T17:16:42.949+0000] {logging_mixin.py:188} INFO - Converted /opt/***/dags/data/bills/hr/BILLSTATUS-118hr1752.xml to /opt/***/dags/data/bills/hr/BILLSTATUS-118hr1752.json
[2024-04-12T17:16:42.980+0000] {logging_mixin.py:188} INFO - Converted /opt/***/dags/data/bills/hr/BILLSTATUS-118hr485.xml to /opt/***/dags/data/bills/hr/BILLSTATUS-118hr485.json
[2024-04-12T17:16:43.009+0000] {logging_mixin.py:188} INFO - Converted /opt/***/dags/data/bills/hr/BILLSTATUS-118hr3838.xml to /opt/***/dags/data/bills/hr/BILLSTATUS-118hr3838.json
[2024-04-12T17:16:43.121+0000] {logging_mixin.py:188} INFO - Converted /opt/***/dags/data/bills/hr/BILLSTATUS-118hr4366.xml to /opt/***/dags/data/bills/hr/BILLSTATUS-118hr4366.json
[2024-04-12T17:16:43.239+0000] {logging_mixin.py:188} INFO - Converted /opt/***/dags/data/bills/hr/BILLSTATUS-118hr6363.xml to /opt/***/dags/data/bills/hr/BILLSTATUS-118hr6363.json
[2024-04-12T17:16:43.478+0000] {logging_mixin.py:188} INFO - Converted /opt/***/dags/data/bills/hr/BILLSTATUS-118hr1154.xml to /opt/***/dags/data/bills/hr/BILLSTATUS-118hr1154.json
[2024-04-12T17:16:43.605+0000] {logging_mixin.py:188} INFO - Converted /opt/***/dags/data/bills/hr/BILLSTATUS-118hr533.xml to /opt/***/dags/data/bills/hr/BILLSTATUS-118hr533.json
[2024-04-12T17:16:43.722+0000] {logging_mixin.py:188} INFO - Converted /opt/***/dags/data/bills/hr/BILLSTATUS-118hr5119.xml to /opt/***/dags/data/bills/hr/BILLSTATUS-118hr5119.json
[2024-04-12T17:16:43.824+0000] {logging_mixin.py:188} INFO - Converted /opt/***/dags/data/bills/hr/BILLSTATUS-118hr3391.xml to /opt/***/dags/data/bills/hr/BILLSTATUS-118hr3391.json
[2024-04-12T17:16:43.888+0000] {logging_mixin.py:188} INFO - Converted /opt/***/dags/data/bills/hr/BILLSTATUS-118hr4367.xml to /opt/***/dags/data/bills/hr/BILLSTATUS-118hr4367.json
[2024-04-12T17:16:43.926+0000] {logging_mixin.py:188} INFO - Converted /opt/***/dags/data/bills/hr/BILLSTATUS-118hr26.xml to /opt/***/dags/data/bills/hr/BILLSTATUS-118hr26.json
[2024-04-12T17:16:44.071+0000] {logging_mixin.py:188} INFO - Converted /opt/***/dags/data/bills/hr/BILLSTATUS-118hr1023.xml to /opt/***/dags/data/bills/hr/BILLSTATUS-118hr1023.json
[2024-04-12T17:16:44.091+0000] {logging_mixin.py:188} INFO - Converted /opt/***/dags/data/bills/hr/BILLSTATUS-118hr3152.xml to /opt/***/dags/data/bills/hr/BILLSTATUS-118hr3152.json
[2024-04-12T17:16:44.223+0000] {logging_mixin.py:188} INFO - Converted /opt/***/dags/data/bills/hr/BILLSTATUS-118hr4365.xml to /opt/***/dags/data/bills/hr/BILLSTATUS-118hr4365.json
[2024-04-12T17:16:44.257+0000] {logging_mixin.py:188} INFO - Converted /opt/***/dags/data/bills/hr/BILLSTATUS-118hr1547.xml to /opt/***/dags/data/bills/hr/BILLSTATUS-118hr1547.json
[2024-04-12T17:16:44.384+0000] {logging_mixin.py:188} INFO - Converted /opt/***/dags/data/bills/hr/BILLSTATUS-118hr3224.xml to /opt/***/dags/data/bills/hr/BILLSTATUS-118hr3224.json
[2024-04-12T17:16:44.607+0000] {logging_mixin.py:188} INFO - Converted /opt/***/dags/data/bills/hr/BILLSTATUS-118hr4984.xml to /opt/***/dags/data/bills/hr/BILLSTATUS-118hr4984.json
[2024-04-12T17:16:44.627+0000] {logging_mixin.py:188} INFO - Converted /opt/***/dags/data/bills/hr/BILLSTATUS-118hr1156.xml to /opt/***/dags/data/bills/hr/BILLSTATUS-118hr1156.json
[2024-04-12T17:16:44.968+0000] {logging_mixin.py:188} INFO - Converted /opt/***/dags/data/bills/hr/BILLSTATUS-118hr4364.xml to /opt/***/dags/data/bills/hr/BILLSTATUS-118hr4364.json
[2024-04-12T17:16:45.213+0000] {logging_mixin.py:188} INFO - Converted /opt/***/dags/data/bills/hr/BILLSTATUS-118hr139.xml to /opt/***/dags/data/bills/hr/BILLSTATUS-118hr139.json
[2024-04-12T17:16:45.305+0000] {logging_mixin.py:188} INFO - Converted /opt/***/dags/data/bills/hr/BILLSTATUS-118hr663.xml to /opt/***/dags/data/bills/hr/BILLSTATUS-118hr663.json
[2024-04-12T17:16:45.447+0000] {logging_mixin.py:188} INFO - Converted /opt/***/dags/data/bills/hr/BILLSTATUS-118hr5856.xml to /opt/***/dags/data/bills/hr/BILLSTATUS-118hr5856.json
[2024-04-12T17:16:45.467+0000] {logging_mixin.py:188} INFO - Converted /opt/***/dags/data/bills/hr/BILLSTATUS-118hr1615.xml to /opt/***/dags/data/bills/hr/BILLSTATUS-118hr1615.json
[2024-04-12T17:16:45.647+0000] {logging_mixin.py:188} INFO - Converted /opt/***/dags/data/bills/hr/BILLSTATUS-118hr500.xml to /opt/***/dags/data/bills/hr/BILLSTATUS-118hr500.json
[2024-04-12T17:16:45.653+0000] {logging_mixin.py:188} INFO - Converted /opt/***/dags/data/bills/hr/BILLSTATUS-118hr3981.xml to /opt/***/dags/data/bills/hr/BILLSTATUS-118hr3981.json
[2024-04-12T17:16:45.847+0000] {logging_mixin.py:188} INFO - Converted /opt/***/dags/data/bills/hr/BILLSTATUS-118hr5894.xml to /opt/***/dags/data/bills/hr/BILLSTATUS-118hr5894.json
[2024-04-12T17:16:45.913+0000] {logging_mixin.py:188} INFO - Converted /opt/***/dags/data/bills/hr/BILLSTATUS-118hr662.xml to /opt/***/dags/data/bills/hr/BILLSTATUS-118hr662.json
[2024-04-12T17:16:45.928+0000] {logging_mixin.py:188} INFO - Converted /opt/***/dags/data/bills/hr/BILLSTATUS-118hr676.xml to /opt/***/dags/data/bills/hr/BILLSTATUS-118hr676.json
[2024-04-12T17:16:45.972+0000] {logging_mixin.py:188} INFO - Converted /opt/***/dags/data/bills/hr/BILLSTATUS-118hr4368.xml to /opt/***/dags/data/bills/hr/BILLSTATUS-118hr4368.json
[2024-04-12T17:16:45.980+0000] {logging_mixin.py:188} INFO - Converted /opt/***/dags/data/bills/hr/BILLSTATUS-118hr886.xml to /opt/***/dags/data/bills/hr/BILLSTATUS-118hr886.json
[2024-04-12T17:16:46.073+0000] {logging_mixin.py:188} INFO - Converted /opt/***/dags/data/bills/hr/BILLSTATUS-118hr7463.xml to /opt/***/dags/data/bills/hr/BILLSTATUS-118hr7463.json
[2024-04-12T17:16:46.265+0000] {logging_mixin.py:188} INFO - Converted /opt/***/dags/data/bills/hr/BILLSTATUS-118hr1548.xml to /opt/***/dags/data/bills/hr/BILLSTATUS-118hr1548.json
[2024-04-12T17:16:46.576+0000] {logging_mixin.py:188} INFO - Converted /opt/***/dags/data/bills/hr/BILLSTATUS-118hr3941.xml to /opt/***/dags/data/bills/hr/BILLSTATUS-118hr3941.json
[2024-04-12T17:16:46.583+0000] {logging_mixin.py:188} INFO - Converted /opt/***/dags/data/bills/hr/BILLSTATUS-118hr3799.xml to /opt/***/dags/data/bills/hr/BILLSTATUS-118hr3799.json
[2024-04-12T17:16:46.630+0000] {logging_mixin.py:188} INFO - Converted /opt/***/dags/data/bills/hr/BILLSTATUS-118hr1159.xml to /opt/***/dags/data/bills/hr/BILLSTATUS-118hr1159.json
[2024-04-12T17:16:46.938+0000] {logging_mixin.py:188} INFO - Converted /opt/***/dags/data/bills/hr/BILLSTATUS-118hr3202.xml to /opt/***/dags/data/bills/hr/BILLSTATUS-118hr3202.json
[2024-04-12T17:16:46.950+0000] {logging_mixin.py:188} INFO - Converted /opt/***/dags/data/bills/hr/BILLSTATUS-118hr3564.xml to /opt/***/dags/data/bills/hr/BILLSTATUS-118hr3564.json
[2024-04-12T17:16:47.009+0000] {logging_mixin.py:188} INFO - Converted /opt/***/dags/data/bills/hr/BILLSTATUS-118hr4394.xml to /opt/***/dags/data/bills/hr/BILLSTATUS-118hr4394.json
[2024-04-12T17:16:47.189+0000] {logging_mixin.py:188} INFO - Converted /opt/***/dags/data/bills/hr/BILLSTATUS-118hr3821.xml to /opt/***/dags/data/bills/hr/BILLSTATUS-118hr3821.json
[2024-04-12T17:16:47.303+0000] {logging_mixin.py:188} INFO - Converted /opt/***/dags/data/bills/hr/BILLSTATUS-118hr467.xml to /opt/***/dags/data/bills/hr/BILLSTATUS-118hr467.json
[2024-04-12T17:16:47.430+0000] {logging_mixin.py:188} INFO - Converted /opt/***/dags/data/bills/hr/BILLSTATUS-118hr6544.xml to /opt/***/dags/data/bills/hr/BILLSTATUS-118hr6544.json
[2024-04-12T17:16:47.653+0000] {logging_mixin.py:188} INFO - Converted /opt/***/dags/data/bills/hr/BILLSTATUS-118hr1149.xml to /opt/***/dags/data/bills/hr/BILLSTATUS-118hr1149.json
[2024-04-12T17:16:47.688+0000] {logging_mixin.py:188} INFO - Converted /opt/***/dags/data/bills/hr/BILLSTATUS-118hr1607.xml to /opt/***/dags/data/bills/hr/BILLSTATUS-118hr1607.json
[2024-04-12T17:16:47.809+0000] {logging_mixin.py:188} INFO - Converted /opt/***/dags/data/bills/hr/BILLSTATUS-118hr7511.xml to /opt/***/dags/data/bills/hr/BILLSTATUS-118hr7511.json
[2024-04-12T17:16:47.818+0000] {logging_mixin.py:188} INFO - Converted /opt/***/dags/data/bills/hr/BILLSTATUS-118hr1606.xml to /opt/***/dags/data/bills/hr/BILLSTATUS-118hr1606.json
[2024-04-12T17:16:47.893+0000] {logging_mixin.py:188} INFO - Converted /opt/***/dags/data/bills/hr/BILLSTATUS-118hr5110.xml to /opt/***/dags/data/bills/hr/BILLSTATUS-118hr5110.json
[2024-04-12T17:16:48.173+0000] {logging_mixin.py:188} INFO - Converted /opt/***/dags/data/bills/hr/BILLSTATUS-118hr6009.xml to /opt/***/dags/data/bills/hr/BILLSTATUS-118hr6009.json
[2024-04-12T17:16:48.247+0000] {logging_mixin.py:188} INFO - Converted /opt/***/dags/data/bills/hr/BILLSTATUS-118hr300.xml to /opt/***/dags/data/bills/hr/BILLSTATUS-118hr300.json
[2024-04-12T17:16:48.258+0000] {logging_mixin.py:188} INFO - Converted /opt/***/dags/data/bills/hr/BILLSTATUS-118hr5528.xml to /opt/***/dags/data/bills/hr/BILLSTATUS-118hr5528.json
[2024-04-12T17:16:48.320+0000] {logging_mixin.py:188} INFO - Converted /opt/***/dags/data/bills/hr/BILLSTATUS-118hr302.xml to /opt/***/dags/data/bills/hr/BILLSTATUS-118hr302.json
[2024-04-12T17:16:48.408+0000] {logging_mixin.py:188} INFO - Converted /opt/***/dags/data/bills/hr/BILLSTATUS-118hr6976.xml to /opt/***/dags/data/bills/hr/BILLSTATUS-118hr6976.json
[2024-04-12T17:16:48.556+0000] {logging_mixin.py:188} INFO - Converted /opt/***/dags/data/bills/hr/BILLSTATUS-118hr5933.xml to /opt/***/dags/data/bills/hr/BILLSTATUS-118hr5933.json
[2024-04-12T17:16:48.699+0000] {logging_mixin.py:188} INFO - Converted /opt/***/dags/data/bills/hr/BILLSTATUS-118hr2872.xml to /opt/***/dags/data/bills/hr/BILLSTATUS-118hr2872.json
[2024-04-12T17:16:48.770+0000] {logging_mixin.py:188} INFO - Converted /opt/***/dags/data/bills/hr/BILLSTATUS-118hr538.xml to /opt/***/dags/data/bills/hr/BILLSTATUS-118hr538.json
[2024-04-12T17:16:48.819+0000] {logging_mixin.py:188} INFO - Converted /opt/***/dags/data/bills/hr/BILLSTATUS-118hr2494.xml to /opt/***/dags/data/bills/hr/BILLSTATUS-118hr2494.json
[2024-04-12T17:16:48.833+0000] {logging_mixin.py:188} INFO - Converted /opt/***/dags/data/bills/hr/BILLSTATUS-118hr288.xml to /opt/***/dags/data/bills/hr/BILLSTATUS-118hr288.json
[2024-04-12T17:16:48.855+0000] {logging_mixin.py:188} INFO - Converted /opt/***/dags/data/bills/hr/BILLSTATUS-118hr1836.xml to /opt/***/dags/data/bills/hr/BILLSTATUS-118hr1836.json
[2024-04-12T17:16:48.874+0000] {logging_mixin.py:188} INFO - Converted /opt/***/dags/data/bills/hr/BILLSTATUS-118hr3774.xml to /opt/***/dags/data/bills/hr/BILLSTATUS-118hr3774.json
[2024-04-12T17:16:48.898+0000] {logging_mixin.py:188} INFO - Converted /opt/***/dags/data/bills/hr/BILLSTATUS-118hr1163.xml to /opt/***/dags/data/bills/hr/BILLSTATUS-118hr1163.json
[2024-04-12T17:16:48.933+0000] {logging_mixin.py:188} INFO - Converted /opt/***/dags/data/bills/hr/BILLSTATUS-118hr277.xml to /opt/***/dags/data/bills/hr/BILLSTATUS-118hr277.json
[2024-04-12T17:16:49.127+0000] {logging_mixin.py:188} INFO - Converted /opt/***/dags/data/bills/hr/BILLSTATUS-118hr7102.xml to /opt/***/dags/data/bills/hr/BILLSTATUS-118hr7102.json
[2024-04-12T17:16:49.136+0000] {logging_mixin.py:188} INFO - Converted /opt/***/dags/data/bills/hr/BILLSTATUS-118hr1567.xml to /opt/***/dags/data/bills/hr/BILLSTATUS-118hr1567.json
[2024-04-12T17:16:49.974+0000] {logging_mixin.py:188} INFO - Converted /opt/***/dags/data/bills/hr/BILLSTATUS-118hr589.xml to /opt/***/dags/data/bills/hr/BILLSTATUS-118hr589.json
[2024-04-12T17:16:50.037+0000] {logging_mixin.py:188} INFO - Converted /opt/***/dags/data/bills/hr/BILLSTATUS-118hr3935.xml to /opt/***/dags/data/bills/hr/BILLSTATUS-118hr3935.json
[2024-04-12T17:16:50.277+0000] {logging_mixin.py:188} INFO - Converted /opt/***/dags/data/bills/hr/BILLSTATUS-118hr1105.xml to /opt/***/dags/data/bills/hr/BILLSTATUS-118hr1105.json
[2024-04-12T17:16:50.969+0000] {logging_mixin.py:188} INFO - Converted /opt/***/dags/data/bills/hr/BILLSTATUS-118hr4531.xml to /opt/***/dags/data/bills/hr/BILLSTATUS-118hr4531.json
[2024-04-12T17:16:51.304+0000] {logging_mixin.py:188} INFO - Converted /opt/***/dags/data/bills/hr/BILLSTATUS-118hr359.xml to /opt/***/dags/data/bills/hr/BILLSTATUS-118hr359.json
[2024-04-12T17:16:51.331+0000] {logging_mixin.py:188} INFO - Converted /opt/***/dags/data/bills/hr/BILLSTATUS-118hr3672.xml to /opt/***/dags/data/bills/hr/BILLSTATUS-118hr3672.json
[2024-04-12T17:16:51.364+0000] {logging_mixin.py:188} INFO - Converted /opt/***/dags/data/bills/hr/BILLSTATUS-118hr1715.xml to /opt/***/dags/data/bills/hr/BILLSTATUS-118hr1715.json
[2024-04-12T17:16:51.468+0000] {logging_mixin.py:188} INFO - Converted /opt/***/dags/data/bills/hr/BILLSTATUS-118hr3843.xml to /opt/***/dags/data/bills/hr/BILLSTATUS-118hr3843.json
[2024-04-12T17:16:51.491+0000] {logging_mixin.py:188} INFO - Converted /opt/***/dags/data/bills/hr/BILLSTATUS-118hr159.xml to /opt/***/dags/data/bills/hr/BILLSTATUS-118hr159.json
[2024-04-12T17:16:51.600+0000] {logging_mixin.py:188} INFO - Converted /opt/***/dags/data/bills/hr/BILLSTATUS-118hr2793.xml to /opt/***/dags/data/bills/hr/BILLSTATUS-118hr2793.json
[2024-04-12T17:16:51.655+0000] {logging_mixin.py:188} INFO - Converted /opt/***/dags/data/bills/hr/BILLSTATUS-118hr1339.xml to /opt/***/dags/data/bills/hr/BILLSTATUS-118hr1339.json
[2024-04-12T17:16:51.678+0000] {logging_mixin.py:188} INFO - Converted /opt/***/dags/data/bills/hr/BILLSTATUS-118hr788.xml to /opt/***/dags/data/bills/hr/BILLSTATUS-118hr788.json
[2024-04-12T17:16:51.719+0000] {logging_mixin.py:188} INFO - Converted /opt/***/dags/data/bills/hr/BILLSTATUS-118hr1107.xml to /opt/***/dags/data/bills/hr/BILLSTATUS-118hr1107.json
[2024-04-12T17:16:51.741+0000] {logging_mixin.py:188} INFO - Converted /opt/***/dags/data/bills/hr/BILLSTATUS-118hr5375.xml to /opt/***/dags/data/bills/hr/BILLSTATUS-118hr5375.json
[2024-04-12T17:16:51.765+0000] {logging_mixin.py:188} INFO - Converted /opt/***/dags/data/bills/hr/BILLSTATUS-118hr6126.xml to /opt/***/dags/data/bills/hr/BILLSTATUS-118hr6126.json
[2024-04-12T17:16:51.821+0000] {logging_mixin.py:188} INFO - Converted /opt/***/dags/data/bills/hr/BILLSTATUS-118hr3089.xml to /opt/***/dags/data/bills/hr/BILLSTATUS-118hr3089.json
[2024-04-12T17:16:51.880+0000] {logging_mixin.py:188} INFO - Converted /opt/***/dags/data/bills/hr/BILLSTATUS-118hr6655.xml to /opt/***/dags/data/bills/hr/BILLSTATUS-118hr6655.json
[2024-04-12T17:16:51.987+0000] {logging_mixin.py:188} INFO - Converted /opt/***/dags/data/bills/hr/BILLSTATUS-118hr1338.xml to /opt/***/dags/data/bills/hr/BILLSTATUS-118hr1338.json
[2024-04-12T17:16:52.101+0000] {logging_mixin.py:188} INFO - Converted /opt/***/dags/data/bills/hr/BILLSTATUS-118hr2792.xml to /opt/***/dags/data/bills/hr/BILLSTATUS-118hr2792.json
[2024-04-12T17:16:52.265+0000] {logging_mixin.py:188} INFO - Converted /opt/***/dags/data/bills/hr/BILLSTATUS-118hr400.xml to /opt/***/dags/data/bills/hr/BILLSTATUS-118hr400.json
[2024-04-12T17:16:52.398+0000] {logging_mixin.py:188} INFO - Converted /opt/***/dags/data/bills/hr/BILLSTATUS-118hr1076.xml to /opt/***/dags/data/bills/hr/BILLSTATUS-118hr1076.json
[2024-04-12T17:16:52.578+0000] {logging_mixin.py:188} INFO - Converted /opt/***/dags/data/bills/hr/BILLSTATUS-118hr2796.xml to /opt/***/dags/data/bills/hr/BILLSTATUS-118hr2796.json
[2024-04-12T17:16:52.673+0000] {logging_mixin.py:188} INFO - Converted /opt/***/dags/data/bills/hr/BILLSTATUS-118hr2812.xml to /opt/***/dags/data/bills/hr/BILLSTATUS-118hr2812.json
[2024-04-12T17:16:52.732+0000] {logging_mixin.py:188} INFO - Converted /opt/***/dags/data/bills/hr/BILLSTATUS-118hr6679.xml to /opt/***/dags/data/bills/hr/BILLSTATUS-118hr6679.json
[2024-04-12T17:16:52.744+0000] {logging_mixin.py:188} INFO - Converted /opt/***/dags/data/bills/hr/BILLSTATUS-118hr2379.xml to /opt/***/dags/data/bills/hr/BILLSTATUS-118hr2379.json
[2024-04-12T17:16:52.804+0000] {logging_mixin.py:188} INFO - Converted /opt/***/dags/data/bills/hr/BILLSTATUS-118hr3099.xml to /opt/***/dags/data/bills/hr/BILLSTATUS-118hr3099.json
[2024-04-12T17:16:52.848+0000] {logging_mixin.py:188} INFO - Converted /opt/***/dags/data/bills/hr/BILLSTATUS-118hr6678.xml to /opt/***/dags/data/bills/hr/BILLSTATUS-118hr6678.json
[2024-04-12T17:16:53.149+0000] {logging_mixin.py:188} INFO - Converted /opt/***/dags/data/bills/hr/BILLSTATUS-118hr2797.xml to /opt/***/dags/data/bills/hr/BILLSTATUS-118hr2797.json
[2024-04-12T17:16:53.183+0000] {logging_mixin.py:188} INFO - Converted /opt/***/dags/data/bills/hr/BILLSTATUS-118hr7176.xml to /opt/***/dags/data/bills/hr/BILLSTATUS-118hr7176.json
[2024-04-12T17:16:53.288+0000] {logging_mixin.py:188} INFO - Converted /opt/***/dags/data/bills/hr/BILLSTATUS-118hr2754.xml to /opt/***/dags/data/bills/hr/BILLSTATUS-118hr2754.json
[2024-04-12T17:16:53.654+0000] {logging_mixin.py:188} INFO - Converted /opt/***/dags/data/bills/hr/BILLSTATUS-118hr2795.xml to /opt/***/dags/data/bills/hr/BILLSTATUS-118hr2795.json
[2024-04-12T17:16:53.783+0000] {logging_mixin.py:188} INFO - Converted /opt/***/dags/data/bills/hr/BILLSTATUS-118hr2811.xml to /opt/***/dags/data/bills/hr/BILLSTATUS-118hr2811.json
[2024-04-12T17:16:53.856+0000] {logging_mixin.py:188} INFO - Converted /opt/***/dags/data/bills/hr/BILLSTATUS-118hr4723.xml to /opt/***/dags/data/bills/hr/BILLSTATUS-118hr4723.json
[2024-04-12T17:16:53.969+0000] {logging_mixin.py:188} INFO - Converted /opt/***/dags/data/bills/hr/BILLSTATUS-118hr7217.xml to /opt/***/dags/data/bills/hr/BILLSTATUS-118hr7217.json
[2024-04-12T17:16:54.301+0000] {logging_mixin.py:188} INFO - Converted /opt/***/dags/data/bills/hr/BILLSTATUS-118hr4468.xml to /opt/***/dags/data/bills/hr/BILLSTATUS-118hr4468.json
[2024-04-12T17:16:54.429+0000] {logging_mixin.py:188} INFO - Converted /opt/***/dags/data/bills/hr/BILLSTATUS-118hr6914.xml to /opt/***/dags/data/bills/hr/BILLSTATUS-118hr6914.json
[2024-04-12T17:16:54.507+0000] {logging_mixin.py:188} INFO - Converted /opt/***/dags/data/bills/hr/BILLSTATUS-118hr406.xml to /opt/***/dags/data/bills/hr/BILLSTATUS-118hr406.json
[2024-04-12T17:16:54.549+0000] {logging_mixin.py:188} INFO - Converted /opt/***/dags/data/bills/sjres/BILLSTATUS-118sjres23.xml to /opt/***/dags/data/bills/sjres/BILLSTATUS-118sjres23.json
[2024-04-12T17:16:54.565+0000] {logging_mixin.py:188} INFO - Converted /opt/***/dags/data/bills/sjres/BILLSTATUS-118sjres18.xml to /opt/***/dags/data/bills/sjres/BILLSTATUS-118sjres18.json
[2024-04-12T17:16:54.571+0000] {logging_mixin.py:188} INFO - Converted /opt/***/dags/data/bills/sjres/BILLSTATUS-118sjres24.xml to /opt/***/dags/data/bills/sjres/BILLSTATUS-118sjres24.json
[2024-04-12T17:16:54.579+0000] {logging_mixin.py:188} INFO - Converted /opt/***/dags/data/bills/sjres/BILLSTATUS-118sjres32.xml to /opt/***/dags/data/bills/sjres/BILLSTATUS-118sjres32.json
[2024-04-12T17:16:54.586+0000] {logging_mixin.py:188} INFO - Converted /opt/***/dags/data/bills/sjres/BILLSTATUS-118sjres9.xml to /opt/***/dags/data/bills/sjres/BILLSTATUS-118sjres9.json
[2024-04-12T17:16:54.594+0000] {logging_mixin.py:188} INFO - Converted /opt/***/dags/data/bills/sjres/BILLSTATUS-118sjres43.xml to /opt/***/dags/data/bills/sjres/BILLSTATUS-118sjres43.json
[2024-04-12T17:16:54.600+0000] {logging_mixin.py:188} INFO - Converted /opt/***/dags/data/bills/sjres/BILLSTATUS-118sjres42.xml to /opt/***/dags/data/bills/sjres/BILLSTATUS-118sjres42.json
[2024-04-12T17:16:54.607+0000] {logging_mixin.py:188} INFO - Converted /opt/***/dags/data/bills/sjres/BILLSTATUS-118sjres51.xml to /opt/***/dags/data/bills/sjres/BILLSTATUS-118sjres51.json
[2024-04-12T17:16:54.611+0000] {logging_mixin.py:188} INFO - Converted /opt/***/dags/data/bills/sjres/BILLSTATUS-118sjres44.xml to /opt/***/dags/data/bills/sjres/BILLSTATUS-118sjres44.json
[2024-04-12T17:16:54.619+0000] {logging_mixin.py:188} INFO - Converted /opt/***/dags/data/bills/sjres/BILLSTATUS-118sjres61.xml to /opt/***/dags/data/bills/sjres/BILLSTATUS-118sjres61.json
[2024-04-12T17:16:54.622+0000] {logging_mixin.py:188} INFO - Converted /opt/***/dags/data/bills/sjres/BILLSTATUS-118sjres60.xml to /opt/***/dags/data/bills/sjres/BILLSTATUS-118sjres60.json
[2024-04-12T17:16:54.626+0000] {logging_mixin.py:188} INFO - Converted /opt/***/dags/data/bills/sjres/BILLSTATUS-118sjres62.xml to /opt/***/dags/data/bills/sjres/BILLSTATUS-118sjres62.json
[2024-04-12T17:16:54.642+0000] {logging_mixin.py:188} INFO - Converted /opt/***/dags/data/bills/sjres/BILLSTATUS-118sjres4.xml to /opt/***/dags/data/bills/sjres/BILLSTATUS-118sjres4.json
[2024-04-12T17:16:54.686+0000] {logging_mixin.py:188} INFO - Converted /opt/***/dags/data/bills/sjres/BILLSTATUS-118sjres10.xml to /opt/***/dags/data/bills/sjres/BILLSTATUS-118sjres10.json
[2024-04-12T17:16:54.698+0000] {logging_mixin.py:188} INFO - Converted /opt/***/dags/data/bills/sjres/BILLSTATUS-118sjres38.xml to /opt/***/dags/data/bills/sjres/BILLSTATUS-118sjres38.json
[2024-04-12T17:16:54.725+0000] {logging_mixin.py:188} INFO - Converted /opt/***/dags/data/bills/sjres/BILLSTATUS-118sjres11.xml to /opt/***/dags/data/bills/sjres/BILLSTATUS-118sjres11.json
[2024-04-12T17:16:54.736+0000] {python.py:202} INFO - Done. Returned value was: None
[2024-04-12T17:16:54.757+0000] {taskinstance.py:1149} INFO - Marking task as SUCCESS. dag_id=upload_congress_data, task_id=convert_bill_files, execution_date=20240412T171418, start_date=20240412T171626, end_date=20240412T171654
[2024-04-12T17:16:54.852+0000] {local_task_job_runner.py:234} INFO - Task exited with return code 0
[2024-04-12T17:16:54.938+0000] {taskinstance.py:3312} INFO - 2 downstream tasks scheduled from follow-on schedule check
