[2024-03-26T03:01:27.744+0000] {taskinstance.py:1979} INFO - Dependencies all met for dep_context=non-requeueable deps ti=<TaskInstance: upload_historical_congress_data.member_external_table_task scheduled__2024-03-15T00:00:00+00:00 [queued]>
[2024-03-26T03:01:27.753+0000] {taskinstance.py:1979} INFO - Dependencies all met for dep_context=requeueable deps ti=<TaskInstance: upload_historical_congress_data.member_external_table_task scheduled__2024-03-15T00:00:00+00:00 [queued]>
[2024-03-26T03:01:27.755+0000] {taskinstance.py:2193} INFO - Starting attempt 1 of 3
[2024-03-26T03:01:27.764+0000] {taskinstance.py:2217} INFO - Executing <Task(BigQueryCreateExternalTableOperator): member_external_table_task> on 2024-03-15 00:00:00+00:00
[2024-03-26T03:01:27.769+0000] {standard_task_runner.py:60} INFO - Started process 61 to run task
[2024-03-26T03:01:27.773+0000] {standard_task_runner.py:87} INFO - Running: ['***', 'tasks', 'run', 'upload_historical_congress_data', 'member_external_table_task', 'scheduled__2024-03-15T00:00:00+00:00', '--job-id', '80', '--raw', '--subdir', 'DAGS_FOLDER/upload_historical_congress_data.py', '--cfg-path', '/tmp/tmp18vbza2d']
[2024-03-26T03:01:27.776+0000] {standard_task_runner.py:88} INFO - Job 80: Subtask member_external_table_task
[2024-03-26T03:01:27.814+0000] {task_command.py:423} INFO - Running <TaskInstance: upload_historical_congress_data.member_external_table_task scheduled__2024-03-15T00:00:00+00:00 [running]> on host 4fee77e26a47
[2024-03-26T03:01:27.866+0000] {taskinstance.py:2513} INFO - Exporting env vars: AIRFLOW_CTX_DAG_EMAIL='***@***.com' AIRFLOW_CTX_DAG_OWNER='***' AIRFLOW_CTX_DAG_ID='upload_historical_congress_data' AIRFLOW_CTX_TASK_ID='member_external_table_task' AIRFLOW_CTX_EXECUTION_DATE='2024-03-15T00:00:00+00:00' AIRFLOW_CTX_TRY_NUMBER='1' AIRFLOW_CTX_DAG_RUN_ID='scheduled__2024-03-15T00:00:00+00:00'
[2024-03-26T03:01:27.882+0000] {taskinstance.py:2731} ERROR - Task failed with exception
Traceback (most recent call last):
  File "/home/airflow/.local/lib/python3.8/site-packages/airflow/models/taskinstance.py", line 444, in _execute_task
    result = _execute_callable(context=context, **execute_callable_kwargs)
  File "/home/airflow/.local/lib/python3.8/site-packages/airflow/models/taskinstance.py", line 414, in _execute_callable
    return execute_callable(context=context, **execute_callable_kwargs)
  File "/home/airflow/.local/lib/python3.8/site-packages/airflow/providers/google/cloud/operators/bigquery.py", line 1777, in execute
    bq_hook = BigQueryHook(
  File "/home/airflow/.local/lib/python3.8/site-packages/airflow/providers/google/cloud/hooks/bigquery.py", line 119, in __init__
    super().__init__(
  File "/home/airflow/.local/lib/python3.8/site-packages/airflow/providers/google/common/hooks/base_google.py", line 251, in __init__
    self.extras: dict = self.get_connection(self.gcp_conn_id).extra_dejson
  File "/home/airflow/.local/lib/python3.8/site-packages/airflow/hooks/base.py", line 82, in get_connection
    conn = Connection.get_connection_from_secrets(conn_id)
  File "/home/airflow/.local/lib/python3.8/site-packages/airflow/models/connection.py", line 514, in get_connection_from_secrets
    raise AirflowNotFoundException(f"The conn_id `{conn_id}` isn't defined")
airflow.exceptions.AirflowNotFoundException: The conn_id `google_cloud_default` isn't defined
[2024-03-26T03:01:27.888+0000] {taskinstance.py:1149} INFO - Marking task as UP_FOR_RETRY. dag_id=upload_historical_congress_data, task_id=member_external_table_task, execution_date=20240315T000000, start_date=20240326T030127, end_date=20240326T030127
[2024-03-26T03:01:27.896+0000] {standard_task_runner.py:107} ERROR - Failed to execute job 80 for task member_external_table_task (The conn_id `google_cloud_default` isn't defined; 61)
[2024-03-26T03:01:27.908+0000] {local_task_job_runner.py:234} INFO - Task exited with return code 1
[2024-03-26T03:01:27.927+0000] {taskinstance.py:3312} INFO - 0 downstream tasks scheduled from follow-on schedule check
[2024-03-26T03:26:12.980+0000] {taskinstance.py:1979} INFO - Dependencies all met for dep_context=non-requeueable deps ti=<TaskInstance: upload_historical_congress_data.member_external_table_task scheduled__2024-03-15T00:00:00+00:00 [queued]>
[2024-03-26T03:26:13.000+0000] {taskinstance.py:1979} INFO - Dependencies all met for dep_context=requeueable deps ti=<TaskInstance: upload_historical_congress_data.member_external_table_task scheduled__2024-03-15T00:00:00+00:00 [queued]>
[2024-03-26T03:26:13.002+0000] {taskinstance.py:2193} INFO - Starting attempt 1 of 3
[2024-03-26T03:26:13.011+0000] {taskinstance.py:2217} INFO - Executing <Task(BigQueryCreateExternalTableOperator): member_external_table_task> on 2024-03-15 00:00:00+00:00
[2024-03-26T03:26:13.020+0000] {standard_task_runner.py:60} INFO - Started process 70 to run task
[2024-03-26T03:26:13.024+0000] {standard_task_runner.py:87} INFO - Running: ['***', 'tasks', 'run', 'upload_historical_congress_data', 'member_external_table_task', 'scheduled__2024-03-15T00:00:00+00:00', '--job-id', '90', '--raw', '--subdir', 'DAGS_FOLDER/upload_historical_congress_data.py', '--cfg-path', '/tmp/tmpqna715ra']
[2024-03-26T03:26:13.028+0000] {standard_task_runner.py:88} INFO - Job 90: Subtask member_external_table_task
[2024-03-26T03:26:13.098+0000] {task_command.py:423} INFO - Running <TaskInstance: upload_historical_congress_data.member_external_table_task scheduled__2024-03-15T00:00:00+00:00 [running]> on host cb295ecee912
[2024-03-26T03:26:13.151+0000] {taskinstance.py:2513} INFO - Exporting env vars: AIRFLOW_CTX_DAG_EMAIL='***@***.com' AIRFLOW_CTX_DAG_OWNER='***' AIRFLOW_CTX_DAG_ID='upload_historical_congress_data' AIRFLOW_CTX_TASK_ID='member_external_table_task' AIRFLOW_CTX_EXECUTION_DATE='2024-03-15T00:00:00+00:00' AIRFLOW_CTX_TRY_NUMBER='1' AIRFLOW_CTX_DAG_RUN_ID='scheduled__2024-03-15T00:00:00+00:00'
[2024-03-26T03:26:13.155+0000] {crypto.py:82} WARNING - empty cryptography key - values will not be stored encrypted.
[2024-03-26T03:26:13.156+0000] {connection.py:269} WARNING - Connection schemes (type: google_cloud_platform) shall not contain '_' according to RFC3986.
[2024-03-26T03:26:13.158+0000] {base.py:83} INFO - Using connection ID 'google_cloud_default' for task execution.
[2024-03-26T03:26:13.956+0000] {taskinstance.py:2731} ERROR - Task failed with exception
Traceback (most recent call last):
  File "/home/airflow/.local/lib/python3.8/site-packages/airflow/models/taskinstance.py", line 444, in _execute_task
    result = _execute_callable(context=context, **execute_callable_kwargs)
  File "/home/airflow/.local/lib/python3.8/site-packages/airflow/models/taskinstance.py", line 414, in _execute_callable
    return execute_callable(context=context, **execute_callable_kwargs)
  File "/home/airflow/.local/lib/python3.8/site-packages/airflow/providers/google/cloud/operators/bigquery.py", line 1783, in execute
    table = bq_hook.create_empty_table(
  File "/home/airflow/.local/lib/python3.8/site-packages/airflow/providers/google/common/hooks/base_google.py", line 485, in inner_wrapper
    return func(self, *args, **kwargs)
  File "/home/airflow/.local/lib/python3.8/site-packages/airflow/providers/google/cloud/hooks/bigquery.py", line 422, in create_empty_table
    return self.get_client(project_id=project_id, location=location).create_table(
  File "/home/airflow/.local/lib/python3.8/site-packages/google/cloud/bigquery/client.py", line 797, in create_table
    api_response = self._call_api(
  File "/home/airflow/.local/lib/python3.8/site-packages/google/cloud/bigquery/client.py", line 831, in _call_api
    return call()
  File "/home/airflow/.local/lib/python3.8/site-packages/google/api_core/retry/retry_unary.py", line 293, in retry_wrapped_func
    return retry_target(
  File "/home/airflow/.local/lib/python3.8/site-packages/google/api_core/retry/retry_unary.py", line 153, in retry_target
    _retry_error_helper(
  File "/home/airflow/.local/lib/python3.8/site-packages/google/api_core/retry/retry_base.py", line 212, in _retry_error_helper
    raise final_exc from source_exc
  File "/home/airflow/.local/lib/python3.8/site-packages/google/api_core/retry/retry_unary.py", line 144, in retry_target
    result = target()
  File "/home/airflow/.local/lib/python3.8/site-packages/google/cloud/_http/__init__.py", line 494, in api_request
    raise exceptions.from_http_response(response)
google.api_core.exceptions.NotFound: 404 POST https://bigquery.googleapis.com/bigquery/v2/projects/inbound-ship-412204/datasets/Conress/tables?prettyPrint=false: Not found: Dataset inbound-ship-412204:Conress
[2024-03-26T03:26:13.984+0000] {taskinstance.py:1149} INFO - Marking task as UP_FOR_RETRY. dag_id=upload_historical_congress_data, task_id=member_external_table_task, execution_date=20240315T000000, start_date=20240326T032612, end_date=20240326T032613
[2024-03-26T03:26:14.001+0000] {standard_task_runner.py:107} ERROR - Failed to execute job 90 for task member_external_table_task (404 POST https://bigquery.googleapis.com/bigquery/v2/projects/inbound-ship-412204/datasets/Conress/tables?prettyPrint=false: Not found: Dataset inbound-ship-412204:Conress; 70)
[2024-03-26T03:26:14.045+0000] {local_task_job_runner.py:234} INFO - Task exited with return code 1
[2024-03-26T03:26:14.063+0000] {taskinstance.py:3312} INFO - 0 downstream tasks scheduled from follow-on schedule check
[2024-03-26T03:35:11.592+0000] {taskinstance.py:1979} INFO - Dependencies all met for dep_context=non-requeueable deps ti=<TaskInstance: upload_historical_congress_data.member_external_table_task scheduled__2024-03-15T00:00:00+00:00 [queued]>
[2024-03-26T03:35:11.603+0000] {taskinstance.py:1979} INFO - Dependencies all met for dep_context=requeueable deps ti=<TaskInstance: upload_historical_congress_data.member_external_table_task scheduled__2024-03-15T00:00:00+00:00 [queued]>
[2024-03-26T03:35:11.606+0000] {taskinstance.py:2193} INFO - Starting attempt 1 of 3
[2024-03-26T03:35:11.616+0000] {taskinstance.py:2217} INFO - Executing <Task(BigQueryCreateExternalTableOperator): member_external_table_task> on 2024-03-15 00:00:00+00:00
[2024-03-26T03:35:11.624+0000] {standard_task_runner.py:60} INFO - Started process 93 to run task
[2024-03-26T03:35:11.629+0000] {standard_task_runner.py:87} INFO - Running: ['***', 'tasks', 'run', 'upload_historical_congress_data', 'member_external_table_task', 'scheduled__2024-03-15T00:00:00+00:00', '--job-id', '107', '--raw', '--subdir', 'DAGS_FOLDER/upload_historical_congress_data.py', '--cfg-path', '/tmp/tmpvsihe82x']
[2024-03-26T03:35:11.633+0000] {standard_task_runner.py:88} INFO - Job 107: Subtask member_external_table_task
[2024-03-26T03:35:11.685+0000] {task_command.py:423} INFO - Running <TaskInstance: upload_historical_congress_data.member_external_table_task scheduled__2024-03-15T00:00:00+00:00 [running]> on host 8f420781146d
[2024-03-26T03:35:11.737+0000] {taskinstance.py:2513} INFO - Exporting env vars: AIRFLOW_CTX_DAG_EMAIL='***@***.com' AIRFLOW_CTX_DAG_OWNER='***' AIRFLOW_CTX_DAG_ID='upload_historical_congress_data' AIRFLOW_CTX_TASK_ID='member_external_table_task' AIRFLOW_CTX_EXECUTION_DATE='2024-03-15T00:00:00+00:00' AIRFLOW_CTX_TRY_NUMBER='1' AIRFLOW_CTX_DAG_RUN_ID='scheduled__2024-03-15T00:00:00+00:00'
[2024-03-26T03:35:11.740+0000] {crypto.py:82} WARNING - empty cryptography key - values will not be stored encrypted.
[2024-03-26T03:35:11.742+0000] {connection.py:269} WARNING - Connection schemes (type: google_cloud_platform) shall not contain '_' according to RFC3986.
[2024-03-26T03:35:11.745+0000] {base.py:83} INFO - Using connection ID 'google_cloud_default' for task execution.
[2024-03-26T03:35:12.915+0000] {taskinstance.py:2731} ERROR - Task failed with exception
Traceback (most recent call last):
  File "/home/airflow/.local/lib/python3.8/site-packages/airflow/models/taskinstance.py", line 444, in _execute_task
    result = _execute_callable(context=context, **execute_callable_kwargs)
  File "/home/airflow/.local/lib/python3.8/site-packages/airflow/models/taskinstance.py", line 414, in _execute_callable
    return execute_callable(context=context, **execute_callable_kwargs)
  File "/home/airflow/.local/lib/python3.8/site-packages/airflow/providers/google/cloud/operators/bigquery.py", line 1783, in execute
    table = bq_hook.create_empty_table(
  File "/home/airflow/.local/lib/python3.8/site-packages/airflow/providers/google/common/hooks/base_google.py", line 485, in inner_wrapper
    return func(self, *args, **kwargs)
  File "/home/airflow/.local/lib/python3.8/site-packages/airflow/providers/google/cloud/hooks/bigquery.py", line 422, in create_empty_table
    return self.get_client(project_id=project_id, location=location).create_table(
  File "/home/airflow/.local/lib/python3.8/site-packages/google/cloud/bigquery/client.py", line 797, in create_table
    api_response = self._call_api(
  File "/home/airflow/.local/lib/python3.8/site-packages/google/cloud/bigquery/client.py", line 831, in _call_api
    return call()
  File "/home/airflow/.local/lib/python3.8/site-packages/google/api_core/retry/retry_unary.py", line 293, in retry_wrapped_func
    return retry_target(
  File "/home/airflow/.local/lib/python3.8/site-packages/google/api_core/retry/retry_unary.py", line 153, in retry_target
    _retry_error_helper(
  File "/home/airflow/.local/lib/python3.8/site-packages/google/api_core/retry/retry_base.py", line 212, in _retry_error_helper
    raise final_exc from source_exc
  File "/home/airflow/.local/lib/python3.8/site-packages/google/api_core/retry/retry_unary.py", line 144, in retry_target
    result = target()
  File "/home/airflow/.local/lib/python3.8/site-packages/google/cloud/_http/__init__.py", line 494, in api_request
    raise exceptions.from_http_response(response)
google.api_core.exceptions.BadRequest: 400 POST https://bigquery.googleapis.com/bigquery/v2/projects/inbound-ship-412204/datasets/Congress/tables?prettyPrint=false: Error while reading table: member_external_table, error message: Failed to expand table member_external_table with file pattern gs://congress_data/member/*: matched no files. File: gs://congress_data/member/*
[2024-03-26T03:35:12.957+0000] {taskinstance.py:1149} INFO - Marking task as UP_FOR_RETRY. dag_id=upload_historical_congress_data, task_id=member_external_table_task, execution_date=20240315T000000, start_date=20240326T033511, end_date=20240326T033512
[2024-03-26T03:35:12.983+0000] {standard_task_runner.py:107} ERROR - Failed to execute job 107 for task member_external_table_task (400 POST https://bigquery.googleapis.com/bigquery/v2/projects/inbound-ship-412204/datasets/Congress/tables?prettyPrint=false: Error while reading table: member_external_table, error message: Failed to expand table member_external_table with file pattern gs://congress_data/member/*: matched no files. File: gs://congress_data/member/*; 93)
[2024-03-26T03:35:13.043+0000] {local_task_job_runner.py:234} INFO - Task exited with return code 1
[2024-03-26T03:35:13.109+0000] {taskinstance.py:3312} INFO - 0 downstream tasks scheduled from follow-on schedule check
[2024-03-26T03:47:34.272+0000] {taskinstance.py:1979} INFO - Dependencies all met for dep_context=non-requeueable deps ti=<TaskInstance: upload_historical_congress_data.member_external_table_task scheduled__2024-03-15T00:00:00+00:00 [queued]>
[2024-03-26T03:47:34.280+0000] {taskinstance.py:1979} INFO - Dependencies all met for dep_context=requeueable deps ti=<TaskInstance: upload_historical_congress_data.member_external_table_task scheduled__2024-03-15T00:00:00+00:00 [queued]>
[2024-03-26T03:47:34.281+0000] {taskinstance.py:2193} INFO - Starting attempt 1 of 3
[2024-03-26T03:47:34.290+0000] {taskinstance.py:2217} INFO - Executing <Task(BigQueryCreateExternalTableOperator): member_external_table_task> on 2024-03-15 00:00:00+00:00
[2024-03-26T03:47:34.300+0000] {standard_task_runner.py:60} INFO - Started process 70 to run task
[2024-03-26T03:47:34.306+0000] {standard_task_runner.py:87} INFO - Running: ['***', 'tasks', 'run', 'upload_historical_congress_data', 'member_external_table_task', 'scheduled__2024-03-15T00:00:00+00:00', '--job-id', '131', '--raw', '--subdir', 'DAGS_FOLDER/upload_historical_congress_data.py', '--cfg-path', '/tmp/tmpllhvqa_n']
[2024-03-26T03:47:34.312+0000] {standard_task_runner.py:88} INFO - Job 131: Subtask member_external_table_task
[2024-03-26T03:47:34.361+0000] {task_command.py:423} INFO - Running <TaskInstance: upload_historical_congress_data.member_external_table_task scheduled__2024-03-15T00:00:00+00:00 [running]> on host 17495a5cc1fb
[2024-03-26T03:47:34.411+0000] {taskinstance.py:2513} INFO - Exporting env vars: AIRFLOW_CTX_DAG_EMAIL='***@***.com' AIRFLOW_CTX_DAG_OWNER='***' AIRFLOW_CTX_DAG_ID='upload_historical_congress_data' AIRFLOW_CTX_TASK_ID='member_external_table_task' AIRFLOW_CTX_EXECUTION_DATE='2024-03-15T00:00:00+00:00' AIRFLOW_CTX_TRY_NUMBER='1' AIRFLOW_CTX_DAG_RUN_ID='scheduled__2024-03-15T00:00:00+00:00'
[2024-03-26T03:47:34.414+0000] {crypto.py:82} WARNING - empty cryptography key - values will not be stored encrypted.
[2024-03-26T03:47:34.415+0000] {connection.py:269} WARNING - Connection schemes (type: google_cloud_platform) shall not contain '_' according to RFC3986.
[2024-03-26T03:47:34.418+0000] {base.py:83} INFO - Using connection ID 'google_cloud_default' for task execution.
[2024-03-26T03:47:35.510+0000] {taskinstance.py:1149} INFO - Marking task as SUCCESS. dag_id=upload_historical_congress_data, task_id=member_external_table_task, execution_date=20240315T000000, start_date=20240326T034734, end_date=20240326T034735
[2024-03-26T03:47:35.561+0000] {local_task_job_runner.py:234} INFO - Task exited with return code 0
[2024-03-26T03:47:35.578+0000] {taskinstance.py:3312} INFO - 1 downstream tasks scheduled from follow-on schedule check
[2024-03-28T03:39:38.076+0000] {taskinstance.py:1979} INFO - Dependencies all met for dep_context=non-requeueable deps ti=<TaskInstance: upload_historical_congress_data.member_external_table_task scheduled__2024-03-15T00:00:00+00:00 [queued]>
[2024-03-28T03:39:38.085+0000] {taskinstance.py:1979} INFO - Dependencies all met for dep_context=requeueable deps ti=<TaskInstance: upload_historical_congress_data.member_external_table_task scheduled__2024-03-15T00:00:00+00:00 [queued]>
[2024-03-28T03:39:38.086+0000] {taskinstance.py:2193} INFO - Starting attempt 1 of 3
[2024-03-28T03:39:38.095+0000] {taskinstance.py:2217} INFO - Executing <Task(BigQueryCreateExternalTableOperator): member_external_table_task> on 2024-03-15 00:00:00+00:00
[2024-03-28T03:39:38.100+0000] {standard_task_runner.py:60} INFO - Started process 69 to run task
[2024-03-28T03:39:38.103+0000] {standard_task_runner.py:87} INFO - Running: ['***', 'tasks', 'run', 'upload_historical_congress_data', 'member_external_table_task', 'scheduled__2024-03-15T00:00:00+00:00', '--job-id', '158', '--raw', '--subdir', 'DAGS_FOLDER/upload_historical_congress_data.py', '--cfg-path', '/tmp/tmplo00oom_']
[2024-03-28T03:39:38.107+0000] {standard_task_runner.py:88} INFO - Job 158: Subtask member_external_table_task
[2024-03-28T03:39:38.149+0000] {task_command.py:423} INFO - Running <TaskInstance: upload_historical_congress_data.member_external_table_task scheduled__2024-03-15T00:00:00+00:00 [running]> on host be5d54f7fe24
[2024-03-28T03:39:38.202+0000] {taskinstance.py:2513} INFO - Exporting env vars: AIRFLOW_CTX_DAG_EMAIL='***@***.com' AIRFLOW_CTX_DAG_OWNER='***' AIRFLOW_CTX_DAG_ID='upload_historical_congress_data' AIRFLOW_CTX_TASK_ID='member_external_table_task' AIRFLOW_CTX_EXECUTION_DATE='2024-03-15T00:00:00+00:00' AIRFLOW_CTX_TRY_NUMBER='1' AIRFLOW_CTX_DAG_RUN_ID='scheduled__2024-03-15T00:00:00+00:00'
[2024-03-28T03:39:38.205+0000] {crypto.py:82} WARNING - empty cryptography key - values will not be stored encrypted.
[2024-03-28T03:39:38.207+0000] {connection.py:269} WARNING - Connection schemes (type: google_cloud_platform) shall not contain '_' according to RFC3986.
[2024-03-28T03:39:38.208+0000] {base.py:83} INFO - Using connection ID 'google_cloud_default' for task execution.
[2024-03-28T03:39:39.132+0000] {taskinstance.py:1149} INFO - Marking task as SUCCESS. dag_id=upload_historical_congress_data, task_id=member_external_table_task, execution_date=20240315T000000, start_date=20240328T033938, end_date=20240328T033939
[2024-03-28T03:39:39.176+0000] {local_task_job_runner.py:234} INFO - Task exited with return code 0
[2024-03-28T03:39:39.193+0000] {taskinstance.py:3312} INFO - 1 downstream tasks scheduled from follow-on schedule check
[2024-03-28T03:56:58.727+0000] {taskinstance.py:1979} INFO - Dependencies all met for dep_context=non-requeueable deps ti=<TaskInstance: upload_historical_congress_data.member_external_table_task scheduled__2024-03-15T00:00:00+00:00 [queued]>
[2024-03-28T03:56:58.736+0000] {taskinstance.py:1979} INFO - Dependencies all met for dep_context=requeueable deps ti=<TaskInstance: upload_historical_congress_data.member_external_table_task scheduled__2024-03-15T00:00:00+00:00 [queued]>
[2024-03-28T03:56:58.737+0000] {taskinstance.py:2193} INFO - Starting attempt 1 of 3
[2024-03-28T03:56:58.746+0000] {taskinstance.py:2217} INFO - Executing <Task(BigQueryCreateExternalTableOperator): member_external_table_task> on 2024-03-15 00:00:00+00:00
[2024-03-28T03:56:58.753+0000] {standard_task_runner.py:60} INFO - Started process 69 to run task
[2024-03-28T03:56:58.756+0000] {standard_task_runner.py:87} INFO - Running: ['***', 'tasks', 'run', 'upload_historical_congress_data', 'member_external_table_task', 'scheduled__2024-03-15T00:00:00+00:00', '--job-id', '176', '--raw', '--subdir', 'DAGS_FOLDER/upload_historical_congress_data.py', '--cfg-path', '/tmp/tmplu1xau_g']
[2024-03-28T03:56:58.760+0000] {standard_task_runner.py:88} INFO - Job 176: Subtask member_external_table_task
[2024-03-28T03:56:58.802+0000] {task_command.py:423} INFO - Running <TaskInstance: upload_historical_congress_data.member_external_table_task scheduled__2024-03-15T00:00:00+00:00 [running]> on host be5d54f7fe24
[2024-03-28T03:56:58.856+0000] {taskinstance.py:2513} INFO - Exporting env vars: AIRFLOW_CTX_DAG_EMAIL='***@***.com' AIRFLOW_CTX_DAG_OWNER='***' AIRFLOW_CTX_DAG_ID='upload_historical_congress_data' AIRFLOW_CTX_TASK_ID='member_external_table_task' AIRFLOW_CTX_EXECUTION_DATE='2024-03-15T00:00:00+00:00' AIRFLOW_CTX_TRY_NUMBER='1' AIRFLOW_CTX_DAG_RUN_ID='scheduled__2024-03-15T00:00:00+00:00'
[2024-03-28T03:56:58.859+0000] {crypto.py:82} WARNING - empty cryptography key - values will not be stored encrypted.
[2024-03-28T03:56:58.861+0000] {connection.py:269} WARNING - Connection schemes (type: google_cloud_platform) shall not contain '_' according to RFC3986.
[2024-03-28T03:56:58.863+0000] {base.py:83} INFO - Using connection ID 'google_cloud_default' for task execution.
[2024-03-28T03:56:59.837+0000] {taskinstance.py:1149} INFO - Marking task as SUCCESS. dag_id=upload_historical_congress_data, task_id=member_external_table_task, execution_date=20240315T000000, start_date=20240328T035658, end_date=20240328T035659
[2024-03-28T03:56:59.890+0000] {local_task_job_runner.py:234} INFO - Task exited with return code 0
[2024-03-28T03:56:59.907+0000] {taskinstance.py:3312} INFO - 1 downstream tasks scheduled from follow-on schedule check
[2024-03-28T04:06:57.998+0000] {taskinstance.py:1979} INFO - Dependencies all met for dep_context=non-requeueable deps ti=<TaskInstance: upload_historical_congress_data.member_external_table_task scheduled__2024-03-15T00:00:00+00:00 [queued]>
[2024-03-28T04:06:58.007+0000] {taskinstance.py:1979} INFO - Dependencies all met for dep_context=requeueable deps ti=<TaskInstance: upload_historical_congress_data.member_external_table_task scheduled__2024-03-15T00:00:00+00:00 [queued]>
[2024-03-28T04:06:58.008+0000] {taskinstance.py:2193} INFO - Starting attempt 1 of 3
[2024-03-28T04:06:58.017+0000] {taskinstance.py:2217} INFO - Executing <Task(BigQueryCreateExternalTableOperator): member_external_table_task> on 2024-03-15 00:00:00+00:00
[2024-03-28T04:06:58.025+0000] {standard_task_runner.py:60} INFO - Started process 62 to run task
[2024-03-28T04:06:58.029+0000] {standard_task_runner.py:87} INFO - Running: ['***', 'tasks', 'run', 'upload_historical_congress_data', 'member_external_table_task', 'scheduled__2024-03-15T00:00:00+00:00', '--job-id', '196', '--raw', '--subdir', 'DAGS_FOLDER/upload_historical_congress_data.py', '--cfg-path', '/tmp/tmp0uptxo0c']
[2024-03-28T04:06:58.033+0000] {standard_task_runner.py:88} INFO - Job 196: Subtask member_external_table_task
[2024-03-28T04:06:58.126+0000] {task_command.py:423} INFO - Running <TaskInstance: upload_historical_congress_data.member_external_table_task scheduled__2024-03-15T00:00:00+00:00 [running]> on host be5d54f7fe24
[2024-03-28T04:06:58.187+0000] {taskinstance.py:2513} INFO - Exporting env vars: AIRFLOW_CTX_DAG_EMAIL='***@***.com' AIRFLOW_CTX_DAG_OWNER='***' AIRFLOW_CTX_DAG_ID='upload_historical_congress_data' AIRFLOW_CTX_TASK_ID='member_external_table_task' AIRFLOW_CTX_EXECUTION_DATE='2024-03-15T00:00:00+00:00' AIRFLOW_CTX_TRY_NUMBER='1' AIRFLOW_CTX_DAG_RUN_ID='scheduled__2024-03-15T00:00:00+00:00'
[2024-03-28T04:06:58.191+0000] {crypto.py:82} WARNING - empty cryptography key - values will not be stored encrypted.
[2024-03-28T04:06:58.192+0000] {connection.py:269} WARNING - Connection schemes (type: google_cloud_platform) shall not contain '_' according to RFC3986.
[2024-03-28T04:06:58.194+0000] {base.py:83} INFO - Using connection ID 'google_cloud_default' for task execution.
[2024-03-28T04:06:58.981+0000] {taskinstance.py:1149} INFO - Marking task as SUCCESS. dag_id=upload_historical_congress_data, task_id=member_external_table_task, execution_date=20240315T000000, start_date=20240328T040658, end_date=20240328T040658
[2024-03-28T04:06:59.041+0000] {local_task_job_runner.py:234} INFO - Task exited with return code 0
[2024-03-28T04:06:59.060+0000] {taskinstance.py:3312} INFO - 1 downstream tasks scheduled from follow-on schedule check
[2024-04-01T01:55:40.825+0000] {taskinstance.py:1979} INFO - Dependencies all met for dep_context=non-requeueable deps ti=<TaskInstance: upload_historical_congress_data.member_external_table_task scheduled__2024-03-15T00:00:00+00:00 [queued]>
[2024-04-01T01:55:40.831+0000] {taskinstance.py:1979} INFO - Dependencies all met for dep_context=requeueable deps ti=<TaskInstance: upload_historical_congress_data.member_external_table_task scheduled__2024-03-15T00:00:00+00:00 [queued]>
[2024-04-01T01:55:40.831+0000] {taskinstance.py:2193} INFO - Starting attempt 1 of 3
[2024-04-01T01:55:40.839+0000] {taskinstance.py:2217} INFO - Executing <Task(BigQueryCreateExternalTableOperator): member_external_table_task> on 2024-03-15 00:00:00+00:00
[2024-04-01T01:55:40.850+0000] {standard_task_runner.py:60} INFO - Started process 2866 to run task
[2024-04-01T01:55:40.879+0000] {standard_task_runner.py:87} INFO - Running: ['***', 'tasks', 'run', 'upload_historical_congress_data', 'member_external_table_task', 'scheduled__2024-03-15T00:00:00+00:00', '--job-id', '10', '--raw', '--subdir', 'DAGS_FOLDER/upload_historical_congress_data.py', '--cfg-path', '/tmp/tmpo7m_t2we']
[2024-04-01T01:55:40.921+0000] {standard_task_runner.py:88} INFO - Job 10: Subtask member_external_table_task
[2024-04-01T01:55:41.066+0000] {task_command.py:423} INFO - Running <TaskInstance: upload_historical_congress_data.member_external_table_task scheduled__2024-03-15T00:00:00+00:00 [running]> on host 1875c90dde2f
[2024-04-01T01:55:41.172+0000] {taskinstance.py:2513} INFO - Exporting env vars: AIRFLOW_CTX_DAG_EMAIL='***@***.com' AIRFLOW_CTX_DAG_OWNER='***' AIRFLOW_CTX_DAG_ID='upload_historical_congress_data' AIRFLOW_CTX_TASK_ID='member_external_table_task' AIRFLOW_CTX_EXECUTION_DATE='2024-03-15T00:00:00+00:00' AIRFLOW_CTX_TRY_NUMBER='1' AIRFLOW_CTX_DAG_RUN_ID='scheduled__2024-03-15T00:00:00+00:00'
[2024-04-01T01:55:41.176+0000] {crypto.py:82} WARNING - empty cryptography key - values will not be stored encrypted.
[2024-04-01T01:55:41.177+0000] {connection.py:269} WARNING - Connection schemes (type: google_cloud_platform) shall not contain '_' according to RFC3986.
[2024-04-01T01:55:41.178+0000] {base.py:83} INFO - Using connection ID 'google_cloud_default' for task execution.
[2024-04-01T01:55:42.170+0000] {taskinstance.py:1149} INFO - Marking task as SUCCESS. dag_id=upload_historical_congress_data, task_id=member_external_table_task, execution_date=20240315T000000, start_date=20240401T015540, end_date=20240401T015542
[2024-04-01T01:55:42.210+0000] {local_task_job_runner.py:234} INFO - Task exited with return code 0
[2024-04-01T01:55:42.229+0000] {taskinstance.py:3312} INFO - 1 downstream tasks scheduled from follow-on schedule check
[2024-04-01T02:32:34.032+0000] {taskinstance.py:1979} INFO - Dependencies all met for dep_context=non-requeueable deps ti=<TaskInstance: upload_historical_congress_data.member_external_table_task scheduled__2024-03-15T00:00:00+00:00 [queued]>
[2024-04-01T02:32:34.036+0000] {taskinstance.py:1979} INFO - Dependencies all met for dep_context=requeueable deps ti=<TaskInstance: upload_historical_congress_data.member_external_table_task scheduled__2024-03-15T00:00:00+00:00 [queued]>
[2024-04-01T02:32:34.036+0000] {taskinstance.py:2193} INFO - Starting attempt 1 of 3
[2024-04-01T02:32:34.042+0000] {taskinstance.py:2217} INFO - Executing <Task(BigQueryCreateExternalTableOperator): member_external_table_task> on 2024-03-15 00:00:00+00:00
[2024-04-01T02:32:34.047+0000] {standard_task_runner.py:60} INFO - Started process 66 to run task
[2024-04-01T02:32:34.050+0000] {standard_task_runner.py:87} INFO - Running: ['***', 'tasks', 'run', 'upload_historical_congress_data', 'member_external_table_task', 'scheduled__2024-03-15T00:00:00+00:00', '--job-id', '35', '--raw', '--subdir', 'DAGS_FOLDER/upload_historical_congress_data.py', '--cfg-path', '/tmp/tmpuvp94zix']
[2024-04-01T02:32:34.052+0000] {standard_task_runner.py:88} INFO - Job 35: Subtask member_external_table_task
[2024-04-01T02:32:34.093+0000] {task_command.py:423} INFO - Running <TaskInstance: upload_historical_congress_data.member_external_table_task scheduled__2024-03-15T00:00:00+00:00 [running]> on host 23f1e0ea4752
[2024-04-01T02:32:34.141+0000] {taskinstance.py:2513} INFO - Exporting env vars: AIRFLOW_CTX_DAG_EMAIL='***@***.com' AIRFLOW_CTX_DAG_OWNER='***' AIRFLOW_CTX_DAG_ID='upload_historical_congress_data' AIRFLOW_CTX_TASK_ID='member_external_table_task' AIRFLOW_CTX_EXECUTION_DATE='2024-03-15T00:00:00+00:00' AIRFLOW_CTX_TRY_NUMBER='1' AIRFLOW_CTX_DAG_RUN_ID='scheduled__2024-03-15T00:00:00+00:00'
[2024-04-01T02:32:34.143+0000] {crypto.py:82} WARNING - empty cryptography key - values will not be stored encrypted.
[2024-04-01T02:32:34.143+0000] {connection.py:269} WARNING - Connection schemes (type: google_cloud_platform) shall not contain '_' according to RFC3986.
[2024-04-01T02:32:34.143+0000] {base.py:83} INFO - Using connection ID 'google_cloud_default' for task execution.
[2024-04-01T02:32:35.201+0000] {taskinstance.py:1149} INFO - Marking task as SUCCESS. dag_id=upload_historical_congress_data, task_id=member_external_table_task, execution_date=20240315T000000, start_date=20240401T023234, end_date=20240401T023235
[2024-04-01T02:32:35.255+0000] {local_task_job_runner.py:234} INFO - Task exited with return code 0
[2024-04-01T02:32:35.274+0000] {taskinstance.py:3312} INFO - 1 downstream tasks scheduled from follow-on schedule check
[2024-04-01T02:35:27.960+0000] {taskinstance.py:1979} INFO - Dependencies all met for dep_context=non-requeueable deps ti=<TaskInstance: upload_historical_congress_data.member_external_table_task scheduled__2024-03-15T00:00:00+00:00 [queued]>
[2024-04-01T02:35:27.966+0000] {taskinstance.py:1979} INFO - Dependencies all met for dep_context=requeueable deps ti=<TaskInstance: upload_historical_congress_data.member_external_table_task scheduled__2024-03-15T00:00:00+00:00 [queued]>
[2024-04-01T02:35:27.967+0000] {taskinstance.py:2193} INFO - Starting attempt 1 of 3
[2024-04-01T02:35:27.998+0000] {taskinstance.py:2217} INFO - Executing <Task(BigQueryCreateExternalTableOperator): member_external_table_task> on 2024-03-15 00:00:00+00:00
[2024-04-01T02:35:28.012+0000] {standard_task_runner.py:60} INFO - Started process 66 to run task
[2024-04-01T02:35:28.019+0000] {standard_task_runner.py:87} INFO - Running: ['***', 'tasks', 'run', 'upload_historical_congress_data', 'member_external_table_task', 'scheduled__2024-03-15T00:00:00+00:00', '--job-id', '42', '--raw', '--subdir', 'DAGS_FOLDER/upload_historical_congress_data.py', '--cfg-path', '/tmp/tmptl3272js']
[2024-04-01T02:35:28.023+0000] {standard_task_runner.py:88} INFO - Job 42: Subtask member_external_table_task
[2024-04-01T02:35:28.079+0000] {task_command.py:423} INFO - Running <TaskInstance: upload_historical_congress_data.member_external_table_task scheduled__2024-03-15T00:00:00+00:00 [running]> on host ac7e4cd2a684
[2024-04-01T02:35:28.154+0000] {taskinstance.py:2513} INFO - Exporting env vars: AIRFLOW_CTX_DAG_EMAIL='***@***.com' AIRFLOW_CTX_DAG_OWNER='***' AIRFLOW_CTX_DAG_ID='upload_historical_congress_data' AIRFLOW_CTX_TASK_ID='member_external_table_task' AIRFLOW_CTX_EXECUTION_DATE='2024-03-15T00:00:00+00:00' AIRFLOW_CTX_TRY_NUMBER='1' AIRFLOW_CTX_DAG_RUN_ID='scheduled__2024-03-15T00:00:00+00:00'
[2024-04-01T02:35:28.156+0000] {crypto.py:82} WARNING - empty cryptography key - values will not be stored encrypted.
[2024-04-01T02:35:28.156+0000] {connection.py:269} WARNING - Connection schemes (type: google_cloud_platform) shall not contain '_' according to RFC3986.
[2024-04-01T02:35:28.157+0000] {base.py:83} INFO - Using connection ID 'google_cloud_default' for task execution.
[2024-04-01T02:35:29.172+0000] {taskinstance.py:1149} INFO - Marking task as SUCCESS. dag_id=upload_historical_congress_data, task_id=member_external_table_task, execution_date=20240315T000000, start_date=20240401T023527, end_date=20240401T023529
[2024-04-01T02:35:29.217+0000] {local_task_job_runner.py:234} INFO - Task exited with return code 0
[2024-04-01T02:35:29.236+0000] {taskinstance.py:3312} INFO - 1 downstream tasks scheduled from follow-on schedule check
[2024-04-01T02:49:23.744+0000] {taskinstance.py:1979} INFO - Dependencies all met for dep_context=non-requeueable deps ti=<TaskInstance: upload_historical_congress_data.member_external_table_task scheduled__2024-03-15T00:00:00+00:00 [queued]>
[2024-04-01T02:49:23.749+0000] {taskinstance.py:1979} INFO - Dependencies all met for dep_context=requeueable deps ti=<TaskInstance: upload_historical_congress_data.member_external_table_task scheduled__2024-03-15T00:00:00+00:00 [queued]>
[2024-04-01T02:49:23.749+0000] {taskinstance.py:2193} INFO - Starting attempt 1 of 3
[2024-04-01T02:49:23.754+0000] {taskinstance.py:2217} INFO - Executing <Task(BigQueryCreateExternalTableOperator): member_external_table_task> on 2024-03-15 00:00:00+00:00
[2024-04-01T02:49:23.758+0000] {standard_task_runner.py:60} INFO - Started process 66 to run task
[2024-04-01T02:49:23.761+0000] {standard_task_runner.py:87} INFO - Running: ['***', 'tasks', 'run', 'upload_historical_congress_data', 'member_external_table_task', 'scheduled__2024-03-15T00:00:00+00:00', '--job-id', '49', '--raw', '--subdir', 'DAGS_FOLDER/upload_historical_congress_data.py', '--cfg-path', '/tmp/tmp_necn983']
[2024-04-01T02:49:23.764+0000] {standard_task_runner.py:88} INFO - Job 49: Subtask member_external_table_task
[2024-04-01T02:49:23.794+0000] {task_command.py:423} INFO - Running <TaskInstance: upload_historical_congress_data.member_external_table_task scheduled__2024-03-15T00:00:00+00:00 [running]> on host 5154ffbd443f
[2024-04-01T02:49:24.262+0000] {taskinstance.py:2513} INFO - Exporting env vars: AIRFLOW_CTX_DAG_EMAIL='***@***.com' AIRFLOW_CTX_DAG_OWNER='***' AIRFLOW_CTX_DAG_ID='upload_historical_congress_data' AIRFLOW_CTX_TASK_ID='member_external_table_task' AIRFLOW_CTX_EXECUTION_DATE='2024-03-15T00:00:00+00:00' AIRFLOW_CTX_TRY_NUMBER='1' AIRFLOW_CTX_DAG_RUN_ID='scheduled__2024-03-15T00:00:00+00:00'
[2024-04-01T02:49:24.266+0000] {crypto.py:82} WARNING - empty cryptography key - values will not be stored encrypted.
[2024-04-01T02:49:24.266+0000] {connection.py:269} WARNING - Connection schemes (type: google_cloud_platform) shall not contain '_' according to RFC3986.
[2024-04-01T02:49:24.267+0000] {base.py:83} INFO - Using connection ID 'google_cloud_default' for task execution.
[2024-04-01T02:49:25.314+0000] {taskinstance.py:1149} INFO - Marking task as SUCCESS. dag_id=upload_historical_congress_data, task_id=member_external_table_task, execution_date=20240315T000000, start_date=20240401T024923, end_date=20240401T024925
[2024-04-01T02:49:25.382+0000] {local_task_job_runner.py:234} INFO - Task exited with return code 0
[2024-04-01T02:49:25.405+0000] {taskinstance.py:3312} INFO - 1 downstream tasks scheduled from follow-on schedule check
[2024-04-01T02:54:14.426+0000] {taskinstance.py:1979} INFO - Dependencies all met for dep_context=non-requeueable deps ti=<TaskInstance: upload_historical_congress_data.member_external_table_task scheduled__2024-03-15T00:00:00+00:00 [queued]>
[2024-04-01T02:54:14.430+0000] {taskinstance.py:1979} INFO - Dependencies all met for dep_context=requeueable deps ti=<TaskInstance: upload_historical_congress_data.member_external_table_task scheduled__2024-03-15T00:00:00+00:00 [queued]>
[2024-04-01T02:54:14.430+0000] {taskinstance.py:2193} INFO - Starting attempt 1 of 3
[2024-04-01T02:54:14.436+0000] {taskinstance.py:2217} INFO - Executing <Task(BigQueryCreateExternalTableOperator): member_external_table_task> on 2024-03-15 00:00:00+00:00
[2024-04-01T02:54:14.440+0000] {standard_task_runner.py:60} INFO - Started process 64 to run task
[2024-04-01T02:54:14.443+0000] {standard_task_runner.py:87} INFO - Running: ['***', 'tasks', 'run', 'upload_historical_congress_data', 'member_external_table_task', 'scheduled__2024-03-15T00:00:00+00:00', '--job-id', '56', '--raw', '--subdir', 'DAGS_FOLDER/upload_historical_congress_data.py', '--cfg-path', '/tmp/tmpyqorix3m']
[2024-04-01T02:54:14.445+0000] {standard_task_runner.py:88} INFO - Job 56: Subtask member_external_table_task
[2024-04-01T02:54:14.474+0000] {task_command.py:423} INFO - Running <TaskInstance: upload_historical_congress_data.member_external_table_task scheduled__2024-03-15T00:00:00+00:00 [running]> on host 506660a4b8e3
[2024-04-01T02:54:14.518+0000] {taskinstance.py:2513} INFO - Exporting env vars: AIRFLOW_CTX_DAG_EMAIL='***@***.com' AIRFLOW_CTX_DAG_OWNER='***' AIRFLOW_CTX_DAG_ID='upload_historical_congress_data' AIRFLOW_CTX_TASK_ID='member_external_table_task' AIRFLOW_CTX_EXECUTION_DATE='2024-03-15T00:00:00+00:00' AIRFLOW_CTX_TRY_NUMBER='1' AIRFLOW_CTX_DAG_RUN_ID='scheduled__2024-03-15T00:00:00+00:00'
[2024-04-01T02:54:14.519+0000] {crypto.py:82} WARNING - empty cryptography key - values will not be stored encrypted.
[2024-04-01T02:54:14.520+0000] {connection.py:269} WARNING - Connection schemes (type: google_cloud_platform) shall not contain '_' according to RFC3986.
[2024-04-01T02:54:14.520+0000] {base.py:83} INFO - Using connection ID 'google_cloud_default' for task execution.
[2024-04-01T02:54:15.530+0000] {taskinstance.py:1149} INFO - Marking task as SUCCESS. dag_id=upload_historical_congress_data, task_id=member_external_table_task, execution_date=20240315T000000, start_date=20240401T025414, end_date=20240401T025415
[2024-04-01T02:54:15.588+0000] {local_task_job_runner.py:234} INFO - Task exited with return code 0
[2024-04-01T02:54:15.606+0000] {taskinstance.py:3312} INFO - 1 downstream tasks scheduled from follow-on schedule check
[2024-04-02T03:03:37.432+0000] {taskinstance.py:1979} INFO - Dependencies all met for dep_context=non-requeueable deps ti=<TaskInstance: upload_historical_congress_data.member_external_table_task scheduled__2024-03-15T00:00:00+00:00 [queued]>
[2024-04-02T03:03:37.439+0000] {taskinstance.py:1979} INFO - Dependencies all met for dep_context=requeueable deps ti=<TaskInstance: upload_historical_congress_data.member_external_table_task scheduled__2024-03-15T00:00:00+00:00 [queued]>
[2024-04-02T03:03:37.439+0000] {taskinstance.py:2193} INFO - Starting attempt 1 of 3
[2024-04-02T03:03:37.447+0000] {taskinstance.py:2217} INFO - Executing <Task(BigQueryCreateExternalTableOperator): member_external_table_task> on 2024-03-15 00:00:00+00:00
[2024-04-02T03:03:37.456+0000] {standard_task_runner.py:60} INFO - Started process 67 to run task
[2024-04-02T03:03:37.466+0000] {standard_task_runner.py:87} INFO - Running: ['***', 'tasks', 'run', 'upload_historical_congress_data', 'member_external_table_task', 'scheduled__2024-03-15T00:00:00+00:00', '--job-id', '92', '--raw', '--subdir', 'DAGS_FOLDER/upload_historical_congress_data.py', '--cfg-path', '/tmp/tmpaoxze791']
[2024-04-02T03:03:37.475+0000] {standard_task_runner.py:88} INFO - Job 92: Subtask member_external_table_task
[2024-04-02T03:03:37.571+0000] {task_command.py:423} INFO - Running <TaskInstance: upload_historical_congress_data.member_external_table_task scheduled__2024-03-15T00:00:00+00:00 [running]> on host 308c9d5b795d
[2024-04-02T03:03:37.648+0000] {taskinstance.py:2513} INFO - Exporting env vars: AIRFLOW_CTX_DAG_EMAIL='***@***.com' AIRFLOW_CTX_DAG_OWNER='***' AIRFLOW_CTX_DAG_ID='upload_historical_congress_data' AIRFLOW_CTX_TASK_ID='member_external_table_task' AIRFLOW_CTX_EXECUTION_DATE='2024-03-15T00:00:00+00:00' AIRFLOW_CTX_TRY_NUMBER='1' AIRFLOW_CTX_DAG_RUN_ID='scheduled__2024-03-15T00:00:00+00:00'
[2024-04-02T03:03:37.650+0000] {crypto.py:82} WARNING - empty cryptography key - values will not be stored encrypted.
[2024-04-02T03:03:37.650+0000] {connection.py:269} WARNING - Connection schemes (type: google_cloud_platform) shall not contain '_' according to RFC3986.
[2024-04-02T03:03:37.651+0000] {base.py:83} INFO - Using connection ID 'google_cloud_default' for task execution.
[2024-04-02T03:03:38.970+0000] {taskinstance.py:1149} INFO - Marking task as SUCCESS. dag_id=upload_historical_congress_data, task_id=member_external_table_task, execution_date=20240315T000000, start_date=20240402T030337, end_date=20240402T030338
[2024-04-02T03:03:38.993+0000] {local_task_job_runner.py:234} INFO - Task exited with return code 0
[2024-04-02T03:03:39.009+0000] {taskinstance.py:3312} INFO - 1 downstream tasks scheduled from follow-on schedule check
[2024-04-02T03:12:50.915+0000] {taskinstance.py:1979} INFO - Dependencies all met for dep_context=non-requeueable deps ti=<TaskInstance: upload_historical_congress_data.member_external_table_task scheduled__2024-03-15T00:00:00+00:00 [queued]>
[2024-04-02T03:12:50.920+0000] {taskinstance.py:1979} INFO - Dependencies all met for dep_context=requeueable deps ti=<TaskInstance: upload_historical_congress_data.member_external_table_task scheduled__2024-03-15T00:00:00+00:00 [queued]>
[2024-04-02T03:12:50.920+0000] {taskinstance.py:2193} INFO - Starting attempt 1 of 3
[2024-04-02T03:12:50.928+0000] {taskinstance.py:2217} INFO - Executing <Task(BigQueryCreateExternalTableOperator): member_external_table_task> on 2024-03-15 00:00:00+00:00
[2024-04-02T03:12:50.935+0000] {standard_task_runner.py:60} INFO - Started process 241 to run task
[2024-04-02T03:12:50.938+0000] {standard_task_runner.py:87} INFO - Running: ['***', 'tasks', 'run', 'upload_historical_congress_data', 'member_external_table_task', 'scheduled__2024-03-15T00:00:00+00:00', '--job-id', '110', '--raw', '--subdir', 'DAGS_FOLDER/upload_historical_congress_data.py', '--cfg-path', '/tmp/tmpf1s_gxhj']
[2024-04-02T03:12:50.941+0000] {standard_task_runner.py:88} INFO - Job 110: Subtask member_external_table_task
[2024-04-02T03:12:50.988+0000] {task_command.py:423} INFO - Running <TaskInstance: upload_historical_congress_data.member_external_table_task scheduled__2024-03-15T00:00:00+00:00 [running]> on host 308c9d5b795d
[2024-04-02T03:12:51.036+0000] {taskinstance.py:2513} INFO - Exporting env vars: AIRFLOW_CTX_DAG_EMAIL='***@***.com' AIRFLOW_CTX_DAG_OWNER='***' AIRFLOW_CTX_DAG_ID='upload_historical_congress_data' AIRFLOW_CTX_TASK_ID='member_external_table_task' AIRFLOW_CTX_EXECUTION_DATE='2024-03-15T00:00:00+00:00' AIRFLOW_CTX_TRY_NUMBER='1' AIRFLOW_CTX_DAG_RUN_ID='scheduled__2024-03-15T00:00:00+00:00'
[2024-04-02T03:12:51.037+0000] {crypto.py:82} WARNING - empty cryptography key - values will not be stored encrypted.
[2024-04-02T03:12:51.038+0000] {connection.py:269} WARNING - Connection schemes (type: google_cloud_platform) shall not contain '_' according to RFC3986.
[2024-04-02T03:12:51.038+0000] {base.py:83} INFO - Using connection ID 'google_cloud_default' for task execution.
[2024-04-02T03:12:52.175+0000] {taskinstance.py:1149} INFO - Marking task as SUCCESS. dag_id=upload_historical_congress_data, task_id=member_external_table_task, execution_date=20240315T000000, start_date=20240402T031250, end_date=20240402T031252
[2024-04-02T03:12:52.223+0000] {local_task_job_runner.py:234} INFO - Task exited with return code 0
[2024-04-02T03:12:52.241+0000] {taskinstance.py:3312} INFO - 1 downstream tasks scheduled from follow-on schedule check
[2024-04-02T03:40:29.086+0000] {taskinstance.py:1979} INFO - Dependencies all met for dep_context=non-requeueable deps ti=<TaskInstance: upload_historical_congress_data.member_external_table_task scheduled__2024-03-15T00:00:00+00:00 [queued]>
[2024-04-02T03:40:29.091+0000] {taskinstance.py:1979} INFO - Dependencies all met for dep_context=requeueable deps ti=<TaskInstance: upload_historical_congress_data.member_external_table_task scheduled__2024-03-15T00:00:00+00:00 [queued]>
[2024-04-02T03:40:29.091+0000] {taskinstance.py:2193} INFO - Starting attempt 1 of 3
[2024-04-02T03:40:29.097+0000] {taskinstance.py:2217} INFO - Executing <Task(BigQueryCreateExternalTableOperator): member_external_table_task> on 2024-03-15 00:00:00+00:00
[2024-04-02T03:40:29.101+0000] {standard_task_runner.py:60} INFO - Started process 59 to run task
[2024-04-02T03:40:29.104+0000] {standard_task_runner.py:87} INFO - Running: ['***', 'tasks', 'run', 'upload_historical_congress_data', 'member_external_table_task', 'scheduled__2024-03-15T00:00:00+00:00', '--job-id', '123', '--raw', '--subdir', 'DAGS_FOLDER/upload_historical_congress_data.py', '--cfg-path', '/tmp/tmp98d46eit']
[2024-04-02T03:40:29.106+0000] {standard_task_runner.py:88} INFO - Job 123: Subtask member_external_table_task
[2024-04-02T03:40:29.135+0000] {task_command.py:423} INFO - Running <TaskInstance: upload_historical_congress_data.member_external_table_task scheduled__2024-03-15T00:00:00+00:00 [running]> on host 308c9d5b795d
[2024-04-02T03:40:29.189+0000] {taskinstance.py:2513} INFO - Exporting env vars: AIRFLOW_CTX_DAG_EMAIL='***@***.com' AIRFLOW_CTX_DAG_OWNER='***' AIRFLOW_CTX_DAG_ID='upload_historical_congress_data' AIRFLOW_CTX_TASK_ID='member_external_table_task' AIRFLOW_CTX_EXECUTION_DATE='2024-03-15T00:00:00+00:00' AIRFLOW_CTX_TRY_NUMBER='1' AIRFLOW_CTX_DAG_RUN_ID='scheduled__2024-03-15T00:00:00+00:00'
[2024-04-02T03:40:29.191+0000] {crypto.py:82} WARNING - empty cryptography key - values will not be stored encrypted.
[2024-04-02T03:40:29.191+0000] {connection.py:269} WARNING - Connection schemes (type: google_cloud_platform) shall not contain '_' according to RFC3986.
[2024-04-02T03:40:29.191+0000] {base.py:83} INFO - Using connection ID 'google_cloud_default' for task execution.
[2024-04-02T03:40:30.131+0000] {taskinstance.py:1149} INFO - Marking task as SUCCESS. dag_id=upload_historical_congress_data, task_id=member_external_table_task, execution_date=20240315T000000, start_date=20240402T034029, end_date=20240402T034030
[2024-04-02T03:40:30.175+0000] {local_task_job_runner.py:234} INFO - Task exited with return code 0
[2024-04-02T03:40:30.188+0000] {taskinstance.py:3312} INFO - 1 downstream tasks scheduled from follow-on schedule check
[2024-04-02T03:58:45.684+0000] {taskinstance.py:1979} INFO - Dependencies all met for dep_context=non-requeueable deps ti=<TaskInstance: upload_historical_congress_data.member_external_table_task scheduled__2024-03-15T00:00:00+00:00 [queued]>
[2024-04-02T03:58:45.690+0000] {taskinstance.py:1979} INFO - Dependencies all met for dep_context=requeueable deps ti=<TaskInstance: upload_historical_congress_data.member_external_table_task scheduled__2024-03-15T00:00:00+00:00 [queued]>
[2024-04-02T03:58:45.690+0000] {taskinstance.py:2193} INFO - Starting attempt 1 of 3
[2024-04-02T03:58:45.695+0000] {taskinstance.py:2217} INFO - Executing <Task(BigQueryCreateExternalTableOperator): member_external_table_task> on 2024-03-15 00:00:00+00:00
[2024-04-02T03:58:45.702+0000] {standard_task_runner.py:60} INFO - Started process 66 to run task
[2024-04-02T03:58:45.705+0000] {standard_task_runner.py:87} INFO - Running: ['***', 'tasks', 'run', 'upload_historical_congress_data', 'member_external_table_task', 'scheduled__2024-03-15T00:00:00+00:00', '--job-id', '149', '--raw', '--subdir', 'DAGS_FOLDER/upload_historical_congress_data.py', '--cfg-path', '/tmp/tmpg62ln6t0']
[2024-04-02T03:58:45.707+0000] {standard_task_runner.py:88} INFO - Job 149: Subtask member_external_table_task
[2024-04-02T03:58:45.758+0000] {task_command.py:423} INFO - Running <TaskInstance: upload_historical_congress_data.member_external_table_task scheduled__2024-03-15T00:00:00+00:00 [running]> on host 308c9d5b795d
[2024-04-02T03:58:45.804+0000] {taskinstance.py:2513} INFO - Exporting env vars: AIRFLOW_CTX_DAG_EMAIL='***@***.com' AIRFLOW_CTX_DAG_OWNER='***' AIRFLOW_CTX_DAG_ID='upload_historical_congress_data' AIRFLOW_CTX_TASK_ID='member_external_table_task' AIRFLOW_CTX_EXECUTION_DATE='2024-03-15T00:00:00+00:00' AIRFLOW_CTX_TRY_NUMBER='1' AIRFLOW_CTX_DAG_RUN_ID='scheduled__2024-03-15T00:00:00+00:00'
[2024-04-02T03:58:45.806+0000] {crypto.py:82} WARNING - empty cryptography key - values will not be stored encrypted.
[2024-04-02T03:58:45.806+0000] {connection.py:269} WARNING - Connection schemes (type: google_cloud_platform) shall not contain '_' according to RFC3986.
[2024-04-02T03:58:45.807+0000] {base.py:83} INFO - Using connection ID 'google_cloud_default' for task execution.
[2024-04-02T03:58:46.949+0000] {taskinstance.py:1149} INFO - Marking task as SUCCESS. dag_id=upload_historical_congress_data, task_id=member_external_table_task, execution_date=20240315T000000, start_date=20240402T035845, end_date=20240402T035846
[2024-04-02T03:58:46.980+0000] {local_task_job_runner.py:234} INFO - Task exited with return code 0
[2024-04-02T03:58:46.995+0000] {taskinstance.py:3312} INFO - 1 downstream tasks scheduled from follow-on schedule check
