[2024-06-26T19:53:29.280+0000] {taskinstance.py:1979} INFO - Dependencies all met for dep_context=non-requeueable deps ti=<TaskInstance: upload_congress_data.get_members_data scheduled__2024-06-25T00:00:00+00:00 [queued]>
[2024-06-26T19:53:29.287+0000] {taskinstance.py:1979} INFO - Dependencies all met for dep_context=requeueable deps ti=<TaskInstance: upload_congress_data.get_members_data scheduled__2024-06-25T00:00:00+00:00 [queued]>
[2024-06-26T19:53:29.288+0000] {taskinstance.py:2193} INFO - Starting attempt 1 of 3
[2024-06-26T19:53:29.298+0000] {taskinstance.py:2217} INFO - Executing <Task(PythonOperator): get_members_data> on 2024-06-25 00:00:00+00:00
[2024-06-26T19:53:29.307+0000] {standard_task_runner.py:60} INFO - Started process 94 to run task
[2024-06-26T19:53:29.311+0000] {standard_task_runner.py:87} INFO - Running: ['***', 'tasks', 'run', 'upload_congress_data', 'get_members_data', 'scheduled__2024-06-25T00:00:00+00:00', '--job-id', '5', '--raw', '--subdir', 'DAGS_FOLDER/upload_congress_data.py', '--cfg-path', '/tmp/tmpuimhy_jp']
[2024-06-26T19:53:29.314+0000] {standard_task_runner.py:88} INFO - Job 5: Subtask get_members_data
[2024-06-26T19:53:29.396+0000] {task_command.py:423} INFO - Running <TaskInstance: upload_congress_data.get_members_data scheduled__2024-06-25T00:00:00+00:00 [running]> on host 18c05b8021f2
[2024-06-26T19:53:29.572+0000] {taskinstance.py:2513} INFO - Exporting env vars: AIRFLOW_CTX_DAG_EMAIL='***@***.com' AIRFLOW_CTX_DAG_OWNER='***' AIRFLOW_CTX_DAG_ID='upload_congress_data' AIRFLOW_CTX_TASK_ID='get_members_data' AIRFLOW_CTX_EXECUTION_DATE='2024-06-25T00:00:00+00:00' AIRFLOW_CTX_TRY_NUMBER='1' AIRFLOW_CTX_DAG_RUN_ID='scheduled__2024-06-25T00:00:00+00:00'
[2024-06-26T19:53:29.581+0000] {get_data.py:160} INFO - Max records passed as None
[2024-06-26T19:53:29.582+0000] {get_data.py:205} INFO - executing API call for https://api.congress.gov/v3/member?format=json&fromDateTime=2023-01-01T00:00:00Z&toDateTime=2024-06-25T00:00:00Z&offset=0&limit=250&api_key=WNue8kCDCOIlewAsULgnN8j6SqSgAZjE2sYbPsBb
[2024-06-26T19:53:35.365+0000] {get_data.py:167} INFO - About to start fetching 690 records
[2024-06-26T19:53:35.371+0000] {get_data.py:205} INFO - executing API call for https://api.congress.gov/v3/member?format=json&fromDateTime=2023-01-01T00:00:00Z&toDateTime=2024-06-25T00:00:00Z&offset=0&limit=250&api_key=WNue8kCDCOIlewAsULgnN8j6SqSgAZjE2sYbPsBb
[2024-06-26T19:53:36.731+0000] {logging_mixin.py:188} INFO - 250 of 690 member records saved
[2024-06-26T19:53:36.732+0000] {get_data.py:205} INFO - executing API call for https://api.congress.gov/v3/member?format=json&fromDateTime=2023-01-01T00:00:00Z&toDateTime=2024-06-25T00:00:00Z&offset=250&limit=250&api_key=WNue8kCDCOIlewAsULgnN8j6SqSgAZjE2sYbPsBb
[2024-06-26T19:54:33.089+0000] {taskinstance.py:1979} INFO - Dependencies all met for dep_context=non-requeueable deps ti=<TaskInstance: upload_congress_data.get_members_data scheduled__2024-06-25T00:00:00+00:00 [queued]>
[2024-06-26T19:54:33.093+0000] {taskinstance.py:1979} INFO - Dependencies all met for dep_context=requeueable deps ti=<TaskInstance: upload_congress_data.get_members_data scheduled__2024-06-25T00:00:00+00:00 [queued]>
[2024-06-26T19:54:33.094+0000] {taskinstance.py:2193} INFO - Starting attempt 1 of 3
[2024-06-26T19:54:33.100+0000] {taskinstance.py:2217} INFO - Executing <Task(PythonOperator): get_members_data> on 2024-06-25 00:00:00+00:00
[2024-06-26T19:54:33.106+0000] {standard_task_runner.py:60} INFO - Started process 60 to run task
[2024-06-26T19:54:33.109+0000] {standard_task_runner.py:87} INFO - Running: ['***', 'tasks', 'run', 'upload_congress_data', 'get_members_data', 'scheduled__2024-06-25T00:00:00+00:00', '--job-id', '5', '--raw', '--subdir', 'DAGS_FOLDER/upload_congress_data.py', '--cfg-path', '/tmp/tmpnwxu39qz']
[2024-06-26T19:54:33.111+0000] {standard_task_runner.py:88} INFO - Job 5: Subtask get_members_data
[2024-06-26T19:54:33.146+0000] {task_command.py:423} INFO - Running <TaskInstance: upload_congress_data.get_members_data scheduled__2024-06-25T00:00:00+00:00 [running]> on host dc1d14f648c1
[2024-06-26T19:54:33.200+0000] {taskinstance.py:2513} INFO - Exporting env vars: AIRFLOW_CTX_DAG_EMAIL='***@***.com' AIRFLOW_CTX_DAG_OWNER='***' AIRFLOW_CTX_DAG_ID='upload_congress_data' AIRFLOW_CTX_TASK_ID='get_members_data' AIRFLOW_CTX_EXECUTION_DATE='2024-06-25T00:00:00+00:00' AIRFLOW_CTX_TRY_NUMBER='1' AIRFLOW_CTX_DAG_RUN_ID='scheduled__2024-06-25T00:00:00+00:00'
[2024-06-26T19:54:33.206+0000] {get_data.py:160} INFO - Max records passed as None
[2024-06-26T19:54:33.207+0000] {get_data.py:205} INFO - executing API call for https://api.congress.gov/v3/member?format=json&fromDateTime=2023-01-01T00:00:00Z&toDateTime=2024-06-25T00:00:00Z&offset=0&limit=250&api_key=WNue8kCDCOIlewAsULgnN8j6SqSgAZjE2sYbPsBb
[2024-06-26T19:54:33.972+0000] {get_data.py:167} INFO - About to start fetching 690 records
[2024-06-26T19:54:33.973+0000] {get_data.py:205} INFO - executing API call for https://api.congress.gov/v3/member?format=json&fromDateTime=2023-01-01T00:00:00Z&toDateTime=2024-06-25T00:00:00Z&offset=0&limit=250&api_key=WNue8kCDCOIlewAsULgnN8j6SqSgAZjE2sYbPsBb
[2024-06-26T19:54:34.913+0000] {logging_mixin.py:188} INFO - 250 of 690 member records saved
[2024-06-26T19:54:34.914+0000] {get_data.py:205} INFO - executing API call for https://api.congress.gov/v3/member?format=json&fromDateTime=2023-01-01T00:00:00Z&toDateTime=2024-06-25T00:00:00Z&offset=250&limit=250&api_key=WNue8kCDCOIlewAsULgnN8j6SqSgAZjE2sYbPsBb
[2024-06-26T19:54:35.652+0000] {logging_mixin.py:188} INFO - 500 of 690 member records saved
[2024-06-26T19:54:35.653+0000] {get_data.py:205} INFO - executing API call for https://api.congress.gov/v3/member?format=json&fromDateTime=2023-01-01T00:00:00Z&toDateTime=2024-06-25T00:00:00Z&offset=500&limit=250&api_key=WNue8kCDCOIlewAsULgnN8j6SqSgAZjE2sYbPsBb
[2024-06-26T19:54:40.429+0000] {logging_mixin.py:188} INFO - 690 of 690 member records saved
[2024-06-26T19:54:40.431+0000] {python.py:202} INFO - Done. Returned value was: None
[2024-06-26T19:54:40.442+0000] {taskinstance.py:1149} INFO - Marking task as SUCCESS. dag_id=upload_congress_data, task_id=get_members_data, execution_date=20240625T000000, start_date=20240626T195433, end_date=20240626T195440
[2024-06-26T19:54:40.481+0000] {local_task_job_runner.py:234} INFO - Task exited with return code 0
[2024-06-26T19:54:40.499+0000] {taskinstance.py:3312} INFO - 0 downstream tasks scheduled from follow-on schedule check
