[2024-03-26T03:28:55.328+0000] {taskinstance.py:1979} INFO - Dependencies all met for dep_context=non-requeueable deps ti=<TaskInstance: upload_historical_congress_data.bq_create_bills_Congress_partitioned_table_task scheduled__2024-03-15T00:00:00+00:00 [queued]>
[2024-03-26T03:28:55.337+0000] {taskinstance.py:1979} INFO - Dependencies all met for dep_context=requeueable deps ti=<TaskInstance: upload_historical_congress_data.bq_create_bills_Congress_partitioned_table_task scheduled__2024-03-15T00:00:00+00:00 [queued]>
[2024-03-26T03:28:55.338+0000] {taskinstance.py:2193} INFO - Starting attempt 1 of 3
[2024-03-26T03:28:55.347+0000] {taskinstance.py:2217} INFO - Executing <Task(BigQueryInsertJobOperator): bq_create_bills_Congress_partitioned_table_task> on 2024-03-15 00:00:00+00:00
[2024-03-26T03:28:55.353+0000] {standard_task_runner.py:60} INFO - Started process 135 to run task
[2024-03-26T03:28:55.356+0000] {standard_task_runner.py:87} INFO - Running: ['***', 'tasks', 'run', 'upload_historical_congress_data', 'bq_create_bills_Congress_partitioned_table_task', 'scheduled__2024-03-15T00:00:00+00:00', '--job-id', '99', '--raw', '--subdir', 'DAGS_FOLDER/upload_historical_congress_data.py', '--cfg-path', '/tmp/tmppcwgmge3']
[2024-03-26T03:28:55.361+0000] {standard_task_runner.py:88} INFO - Job 99: Subtask bq_create_bills_Congress_partitioned_table_task
[2024-03-26T03:28:55.409+0000] {task_command.py:423} INFO - Running <TaskInstance: upload_historical_congress_data.bq_create_bills_Congress_partitioned_table_task scheduled__2024-03-15T00:00:00+00:00 [running]> on host cb295ecee912
[2024-03-26T03:28:55.458+0000] {taskinstance.py:2513} INFO - Exporting env vars: AIRFLOW_CTX_DAG_EMAIL='***@***.com' AIRFLOW_CTX_DAG_OWNER='***' AIRFLOW_CTX_DAG_ID='upload_historical_congress_data' AIRFLOW_CTX_TASK_ID='bq_create_bills_Congress_partitioned_table_task' AIRFLOW_CTX_EXECUTION_DATE='2024-03-15T00:00:00+00:00' AIRFLOW_CTX_TRY_NUMBER='1' AIRFLOW_CTX_DAG_RUN_ID='scheduled__2024-03-15T00:00:00+00:00'
[2024-03-26T03:28:55.461+0000] {crypto.py:82} WARNING - empty cryptography key - values will not be stored encrypted.
[2024-03-26T03:28:55.463+0000] {connection.py:269} WARNING - Connection schemes (type: google_cloud_platform) shall not contain '_' according to RFC3986.
[2024-03-26T03:28:55.465+0000] {base.py:83} INFO - Using connection ID 'google_cloud_default' for task execution.
[2024-03-26T03:28:55.512+0000] {bigquery.py:2811} INFO - Executing: {'query': {'query': 'CREATE OR REPLACE TABLE Congress.bills         PARTITION BY DATE(updateDate)         AS         SELECT * FROM bills_external_table;', 'useLegacySql': False}}'
[2024-03-26T03:28:55.514+0000] {bigquery.py:1613} INFO - Inserting job ***_upload_historical_congress_data_bq_create_bills_Congress_partitioned_table_task_2024_03_15T00_00_00_00_00_792a6e1dd697b1057b727b83f1271a7d
[2024-03-26T03:28:56.266+0000] {taskinstance.py:2731} ERROR - Task failed with exception
Traceback (most recent call last):
  File "/home/airflow/.local/lib/python3.8/site-packages/airflow/models/taskinstance.py", line 444, in _execute_task
    result = _execute_callable(context=context, **execute_callable_kwargs)
  File "/home/airflow/.local/lib/python3.8/site-packages/airflow/models/taskinstance.py", line 414, in _execute_callable
    return execute_callable(context=context, **execute_callable_kwargs)
  File "/home/airflow/.local/lib/python3.8/site-packages/airflow/providers/google/cloud/operators/bigquery.py", line 2870, in execute
    job.result(timeout=self.result_timeout, retry=self.result_retry)
  File "/home/airflow/.local/lib/python3.8/site-packages/google/cloud/bigquery/job/query.py", line 1595, in result
    do_get_result()
  File "/home/airflow/.local/lib/python3.8/site-packages/google/cloud/bigquery/job/query.py", line 1584, in do_get_result
    super(QueryJob, self).result(retry=retry, timeout=timeout)
  File "/home/airflow/.local/lib/python3.8/site-packages/google/cloud/bigquery/job/base.py", line 971, in result
    return super(_AsyncJob, self).result(timeout=timeout, **kwargs)
  File "/home/airflow/.local/lib/python3.8/site-packages/google/api_core/future/polling.py", line 261, in result
    raise self._exception
google.api_core.exceptions.BadRequest: 400 Table "bills_external_table" must be qualified with a dataset (e.g. dataset.table).; reason: invalid, location: bills_external_table, message: Table "bills_external_table" must be qualified with a dataset (e.g. dataset.table).

Location: US
Job ID: airflow_upload_historical_congress_data_bq_create_bills_Congress_partitioned_table_task_2024_03_15T00_00_00_00_00_792a6e1dd697b1057b727b83f1271a7d

[2024-03-26T03:28:56.297+0000] {taskinstance.py:1149} INFO - Marking task as UP_FOR_RETRY. dag_id=upload_historical_congress_data, task_id=bq_create_bills_Congress_partitioned_table_task, execution_date=20240315T000000, start_date=20240326T032855, end_date=20240326T032856
[2024-03-26T03:28:56.319+0000] {standard_task_runner.py:107} ERROR - Failed to execute job 99 for task bq_create_bills_Congress_partitioned_table_task (400 Table "bills_external_table" must be qualified with a dataset (e.g. dataset.table).; reason: invalid, location: bills_external_table, message: Table "bills_external_table" must be qualified with a dataset (e.g. dataset.table).

Location: US
Job ID: airflow_upload_historical_congress_data_bq_create_bills_Congress_partitioned_table_task_2024_03_15T00_00_00_00_00_792a6e1dd697b1057b727b83f1271a7d
; 135)
[2024-03-26T03:28:56.338+0000] {local_task_job_runner.py:234} INFO - Task exited with return code 1
[2024-03-26T03:28:56.359+0000] {taskinstance.py:3312} INFO - 0 downstream tasks scheduled from follow-on schedule check
[2024-03-28T03:54:05.434+0000] {taskinstance.py:1979} INFO - Dependencies all met for dep_context=non-requeueable deps ti=<TaskInstance: upload_historical_congress_data.bq_create_bills_Congress_partitioned_table_task scheduled__2024-03-15T00:00:00+00:00 [queued]>
[2024-03-28T03:54:05.445+0000] {taskinstance.py:1979} INFO - Dependencies all met for dep_context=requeueable deps ti=<TaskInstance: upload_historical_congress_data.bq_create_bills_Congress_partitioned_table_task scheduled__2024-03-15T00:00:00+00:00 [queued]>
[2024-03-28T03:54:05.447+0000] {taskinstance.py:2193} INFO - Starting attempt 1 of 3
[2024-03-28T03:54:05.458+0000] {taskinstance.py:2217} INFO - Executing <Task(BigQueryInsertJobOperator): bq_create_bills_Congress_partitioned_table_task> on 2024-03-15 00:00:00+00:00
[2024-03-28T03:54:05.467+0000] {standard_task_runner.py:60} INFO - Started process 303 to run task
[2024-03-28T03:54:05.470+0000] {standard_task_runner.py:87} INFO - Running: ['***', 'tasks', 'run', 'upload_historical_congress_data', 'bq_create_bills_Congress_partitioned_table_task', 'scheduled__2024-03-15T00:00:00+00:00', '--job-id', '163', '--raw', '--subdir', 'DAGS_FOLDER/upload_historical_congress_data.py', '--cfg-path', '/tmp/tmp02w7j0wn']
[2024-03-28T03:54:05.479+0000] {standard_task_runner.py:88} INFO - Job 163: Subtask bq_create_bills_Congress_partitioned_table_task
[2024-03-28T03:54:05.575+0000] {task_command.py:423} INFO - Running <TaskInstance: upload_historical_congress_data.bq_create_bills_Congress_partitioned_table_task scheduled__2024-03-15T00:00:00+00:00 [running]> on host be5d54f7fe24
[2024-03-28T03:54:05.656+0000] {taskinstance.py:2513} INFO - Exporting env vars: AIRFLOW_CTX_DAG_EMAIL='***@***.com' AIRFLOW_CTX_DAG_OWNER='***' AIRFLOW_CTX_DAG_ID='upload_historical_congress_data' AIRFLOW_CTX_TASK_ID='bq_create_bills_Congress_partitioned_table_task' AIRFLOW_CTX_EXECUTION_DATE='2024-03-15T00:00:00+00:00' AIRFLOW_CTX_TRY_NUMBER='1' AIRFLOW_CTX_DAG_RUN_ID='scheduled__2024-03-15T00:00:00+00:00'
[2024-03-28T03:54:05.664+0000] {crypto.py:82} WARNING - empty cryptography key - values will not be stored encrypted.
[2024-03-28T03:54:05.668+0000] {connection.py:269} WARNING - Connection schemes (type: google_cloud_platform) shall not contain '_' according to RFC3986.
[2024-03-28T03:54:05.672+0000] {base.py:83} INFO - Using connection ID 'google_cloud_default' for task execution.
[2024-03-28T03:54:05.741+0000] {bigquery.py:2811} INFO - Executing: {'query': {'query': 'CREATE OR REPLACE TABLE Congress.bills         PARTITION BY updateDate_formatted         AS         SELECT *, DATE(updateDate) updateDate_formatted         FROM Congress.bills_external_table;', 'useLegacySql': False}}'
[2024-03-28T03:54:05.751+0000] {bigquery.py:1613} INFO - Inserting job ***_upload_historical_congress_data_bq_create_bills_Congress_partitioned_table_task_2024_03_15T00_00_00_00_00_c2abbc7e029b7176cfb1cfbd5e1e16f6
[2024-03-28T03:54:07.126+0000] {taskinstance.py:2731} ERROR - Task failed with exception
Traceback (most recent call last):
  File "/home/airflow/.local/lib/python3.8/site-packages/airflow/models/taskinstance.py", line 444, in _execute_task
    result = _execute_callable(context=context, **execute_callable_kwargs)
  File "/home/airflow/.local/lib/python3.8/site-packages/airflow/models/taskinstance.py", line 414, in _execute_callable
    return execute_callable(context=context, **execute_callable_kwargs)
  File "/home/airflow/.local/lib/python3.8/site-packages/airflow/providers/google/cloud/operators/bigquery.py", line 2870, in execute
    job.result(timeout=self.result_timeout, retry=self.result_retry)
  File "/home/airflow/.local/lib/python3.8/site-packages/google/cloud/bigquery/job/query.py", line 1595, in result
    do_get_result()
  File "/home/airflow/.local/lib/python3.8/site-packages/google/cloud/bigquery/job/query.py", line 1584, in do_get_result
    super(QueryJob, self).result(retry=retry, timeout=timeout)
  File "/home/airflow/.local/lib/python3.8/site-packages/google/cloud/bigquery/job/base.py", line 971, in result
    return super(_AsyncJob, self).result(timeout=timeout, **kwargs)
  File "/home/airflow/.local/lib/python3.8/site-packages/google/api_core/future/polling.py", line 261, in result
    raise self._exception
google.api_core.exceptions.BadRequest: 400 Error while reading table: Congress.bills_external_table, error message: Failed to expand table Congress.bills_external_table with file pattern gs://congress_data/bills/*: matched no files. File: gs://congress_data/bills/*; reason: invalid, location: gs://congress_data/bills/*, message: Error while reading table: Congress.bills_external_table, error message: Failed to expand table Congress.bills_external_table with file pattern gs://congress_data/bills/*: matched no files. File: gs://congress_data/bills/*

Location: US
Job ID: airflow_upload_historical_congress_data_bq_create_bills_Congress_partitioned_table_task_2024_03_15T00_00_00_00_00_c2abbc7e029b7176cfb1cfbd5e1e16f6

[2024-03-28T03:54:07.136+0000] {taskinstance.py:1149} INFO - Marking task as UP_FOR_RETRY. dag_id=upload_historical_congress_data, task_id=bq_create_bills_Congress_partitioned_table_task, execution_date=20240315T000000, start_date=20240328T035405, end_date=20240328T035407
[2024-03-28T03:54:07.148+0000] {standard_task_runner.py:107} ERROR - Failed to execute job 163 for task bq_create_bills_Congress_partitioned_table_task (400 Error while reading table: Congress.bills_external_table, error message: Failed to expand table Congress.bills_external_table with file pattern gs://congress_data/bills/*: matched no files. File: gs://congress_data/bills/*; reason: invalid, location: gs://congress_data/bills/*, message: Error while reading table: Congress.bills_external_table, error message: Failed to expand table Congress.bills_external_table with file pattern gs://congress_data/bills/*: matched no files. File: gs://congress_data/bills/*

Location: US
Job ID: airflow_upload_historical_congress_data_bq_create_bills_Congress_partitioned_table_task_2024_03_15T00_00_00_00_00_c2abbc7e029b7176cfb1cfbd5e1e16f6
; 303)
[2024-03-28T03:54:07.160+0000] {local_task_job_runner.py:234} INFO - Task exited with return code 1
[2024-03-28T03:54:07.177+0000] {taskinstance.py:3312} INFO - 0 downstream tasks scheduled from follow-on schedule check
[2024-03-28T03:57:59.096+0000] {taskinstance.py:1979} INFO - Dependencies all met for dep_context=non-requeueable deps ti=<TaskInstance: upload_historical_congress_data.bq_create_bills_Congress_partitioned_table_task scheduled__2024-03-15T00:00:00+00:00 [queued]>
[2024-03-28T03:57:59.105+0000] {taskinstance.py:1979} INFO - Dependencies all met for dep_context=requeueable deps ti=<TaskInstance: upload_historical_congress_data.bq_create_bills_Congress_partitioned_table_task scheduled__2024-03-15T00:00:00+00:00 [queued]>
[2024-03-28T03:57:59.108+0000] {taskinstance.py:2193} INFO - Starting attempt 1 of 3
[2024-03-28T03:57:59.121+0000] {taskinstance.py:2217} INFO - Executing <Task(BigQueryInsertJobOperator): bq_create_bills_Congress_partitioned_table_task> on 2024-03-15 00:00:00+00:00
[2024-03-28T03:57:59.130+0000] {standard_task_runner.py:60} INFO - Started process 100 to run task
[2024-03-28T03:57:59.135+0000] {standard_task_runner.py:87} INFO - Running: ['***', 'tasks', 'run', 'upload_historical_congress_data', 'bq_create_bills_Congress_partitioned_table_task', 'scheduled__2024-03-15T00:00:00+00:00', '--job-id', '181', '--raw', '--subdir', 'DAGS_FOLDER/upload_historical_congress_data.py', '--cfg-path', '/tmp/tmpfkefn901']
[2024-03-28T03:57:59.139+0000] {standard_task_runner.py:88} INFO - Job 181: Subtask bq_create_bills_Congress_partitioned_table_task
[2024-03-28T03:57:59.199+0000] {task_command.py:423} INFO - Running <TaskInstance: upload_historical_congress_data.bq_create_bills_Congress_partitioned_table_task scheduled__2024-03-15T00:00:00+00:00 [running]> on host be5d54f7fe24
[2024-03-28T03:57:59.280+0000] {taskinstance.py:2513} INFO - Exporting env vars: AIRFLOW_CTX_DAG_EMAIL='***@***.com' AIRFLOW_CTX_DAG_OWNER='***' AIRFLOW_CTX_DAG_ID='upload_historical_congress_data' AIRFLOW_CTX_TASK_ID='bq_create_bills_Congress_partitioned_table_task' AIRFLOW_CTX_EXECUTION_DATE='2024-03-15T00:00:00+00:00' AIRFLOW_CTX_TRY_NUMBER='1' AIRFLOW_CTX_DAG_RUN_ID='scheduled__2024-03-15T00:00:00+00:00'
[2024-03-28T03:57:59.284+0000] {crypto.py:82} WARNING - empty cryptography key - values will not be stored encrypted.
[2024-03-28T03:57:59.286+0000] {connection.py:269} WARNING - Connection schemes (type: google_cloud_platform) shall not contain '_' according to RFC3986.
[2024-03-28T03:57:59.289+0000] {base.py:83} INFO - Using connection ID 'google_cloud_default' for task execution.
[2024-03-28T03:57:59.341+0000] {bigquery.py:2811} INFO - Executing: {'query': {'query': 'CREATE OR REPLACE TABLE Congress.bills         PARTITION BY updateDate_formatted         AS         SELECT *, DATE(updateDate) updateDate_formatted         FROM Congress.bills_external_table;', 'useLegacySql': False}}'
[2024-03-28T03:57:59.343+0000] {bigquery.py:1613} INFO - Inserting job ***_upload_historical_congress_data_bq_create_bills_Congress_partitioned_table_task_2024_03_15T00_00_00_00_00_25db83706fc8119c6b28974e769880dd
[2024-03-28T03:58:01.049+0000] {taskinstance.py:2731} ERROR - Task failed with exception
Traceback (most recent call last):
  File "/home/airflow/.local/lib/python3.8/site-packages/airflow/models/taskinstance.py", line 444, in _execute_task
    result = _execute_callable(context=context, **execute_callable_kwargs)
  File "/home/airflow/.local/lib/python3.8/site-packages/airflow/models/taskinstance.py", line 414, in _execute_callable
    return execute_callable(context=context, **execute_callable_kwargs)
  File "/home/airflow/.local/lib/python3.8/site-packages/airflow/providers/google/cloud/operators/bigquery.py", line 2870, in execute
    job.result(timeout=self.result_timeout, retry=self.result_retry)
  File "/home/airflow/.local/lib/python3.8/site-packages/google/cloud/bigquery/job/query.py", line 1595, in result
    do_get_result()
  File "/home/airflow/.local/lib/python3.8/site-packages/google/cloud/bigquery/job/query.py", line 1584, in do_get_result
    super(QueryJob, self).result(retry=retry, timeout=timeout)
  File "/home/airflow/.local/lib/python3.8/site-packages/google/cloud/bigquery/job/base.py", line 971, in result
    return super(_AsyncJob, self).result(timeout=timeout, **kwargs)
  File "/home/airflow/.local/lib/python3.8/site-packages/google/api_core/future/polling.py", line 261, in result
    raise self._exception
google.api_core.exceptions.BadRequest: 400 Error while reading table: Congress.bills_external_table, error message: Parquet column 'latestAction.actionDate' has type BYTE_ARRAY which does not match the target cpp_type INT32. File: gs://congress_data/bills/501_750_bills.parquet; reason: invalid, location: gs://congress_data/bills/501_750_bills.parquet, message: Error while reading table: Congress.bills_external_table, error message: Parquet column 'latestAction.actionDate' has type BYTE_ARRAY which does not match the target cpp_type INT32. File: gs://congress_data/bills/501_750_bills.parquet

Location: US
Job ID: airflow_upload_historical_congress_data_bq_create_bills_Congress_partitioned_table_task_2024_03_15T00_00_00_00_00_25db83706fc8119c6b28974e769880dd

[2024-03-28T03:58:01.062+0000] {taskinstance.py:1149} INFO - Marking task as UP_FOR_RETRY. dag_id=upload_historical_congress_data, task_id=bq_create_bills_Congress_partitioned_table_task, execution_date=20240315T000000, start_date=20240328T035759, end_date=20240328T035801
[2024-03-28T03:58:01.072+0000] {standard_task_runner.py:107} ERROR - Failed to execute job 181 for task bq_create_bills_Congress_partitioned_table_task (400 Error while reading table: Congress.bills_external_table, error message: Parquet column 'latestAction.actionDate' has type BYTE_ARRAY which does not match the target cpp_type INT32. File: gs://congress_data/bills/501_750_bills.parquet; reason: invalid, location: gs://congress_data/bills/501_750_bills.parquet, message: Error while reading table: Congress.bills_external_table, error message: Parquet column 'latestAction.actionDate' has type BYTE_ARRAY which does not match the target cpp_type INT32. File: gs://congress_data/bills/501_750_bills.parquet

Location: US
Job ID: airflow_upload_historical_congress_data_bq_create_bills_Congress_partitioned_table_task_2024_03_15T00_00_00_00_00_25db83706fc8119c6b28974e769880dd
; 100)
[2024-03-28T03:58:01.106+0000] {local_task_job_runner.py:234} INFO - Task exited with return code 1
[2024-03-28T03:58:01.127+0000] {taskinstance.py:3312} INFO - 0 downstream tasks scheduled from follow-on schedule check
[2024-03-28T04:08:05.944+0000] {taskinstance.py:1979} INFO - Dependencies all met for dep_context=non-requeueable deps ti=<TaskInstance: upload_historical_congress_data.bq_create_bills_Congress_partitioned_table_task scheduled__2024-03-15T00:00:00+00:00 [queued]>
[2024-03-28T04:08:05.956+0000] {taskinstance.py:1979} INFO - Dependencies all met for dep_context=requeueable deps ti=<TaskInstance: upload_historical_congress_data.bq_create_bills_Congress_partitioned_table_task scheduled__2024-03-15T00:00:00+00:00 [queued]>
[2024-03-28T04:08:05.958+0000] {taskinstance.py:2193} INFO - Starting attempt 1 of 3
[2024-03-28T04:08:05.968+0000] {taskinstance.py:2217} INFO - Executing <Task(BigQueryInsertJobOperator): bq_create_bills_Congress_partitioned_table_task> on 2024-03-15 00:00:00+00:00
[2024-03-28T04:08:05.974+0000] {standard_task_runner.py:60} INFO - Started process 91 to run task
[2024-03-28T04:08:05.979+0000] {standard_task_runner.py:87} INFO - Running: ['***', 'tasks', 'run', 'upload_historical_congress_data', 'bq_create_bills_Congress_partitioned_table_task', 'scheduled__2024-03-15T00:00:00+00:00', '--job-id', '200', '--raw', '--subdir', 'DAGS_FOLDER/upload_historical_congress_data.py', '--cfg-path', '/tmp/tmptn0thync']
[2024-03-28T04:08:05.982+0000] {standard_task_runner.py:88} INFO - Job 200: Subtask bq_create_bills_Congress_partitioned_table_task
[2024-03-28T04:08:06.028+0000] {task_command.py:423} INFO - Running <TaskInstance: upload_historical_congress_data.bq_create_bills_Congress_partitioned_table_task scheduled__2024-03-15T00:00:00+00:00 [running]> on host be5d54f7fe24
[2024-03-28T04:08:06.082+0000] {taskinstance.py:2513} INFO - Exporting env vars: AIRFLOW_CTX_DAG_EMAIL='***@***.com' AIRFLOW_CTX_DAG_OWNER='***' AIRFLOW_CTX_DAG_ID='upload_historical_congress_data' AIRFLOW_CTX_TASK_ID='bq_create_bills_Congress_partitioned_table_task' AIRFLOW_CTX_EXECUTION_DATE='2024-03-15T00:00:00+00:00' AIRFLOW_CTX_TRY_NUMBER='1' AIRFLOW_CTX_DAG_RUN_ID='scheduled__2024-03-15T00:00:00+00:00'
[2024-03-28T04:08:06.087+0000] {crypto.py:82} WARNING - empty cryptography key - values will not be stored encrypted.
[2024-03-28T04:08:06.088+0000] {connection.py:269} WARNING - Connection schemes (type: google_cloud_platform) shall not contain '_' according to RFC3986.
[2024-03-28T04:08:06.090+0000] {base.py:83} INFO - Using connection ID 'google_cloud_default' for task execution.
[2024-03-28T04:08:06.136+0000] {bigquery.py:2811} INFO - Executing: {'query': {'query': 'CREATE OR REPLACE TABLE Congress.bills         PARTITION BY updateDate_formatted         AS         SELECT *, DATE(updateDate) updateDate_formatted         FROM Congress.bills_external_table;', 'useLegacySql': False}}'
[2024-03-28T04:08:06.138+0000] {bigquery.py:1613} INFO - Inserting job ***_upload_historical_congress_data_bq_create_bills_Congress_partitioned_table_task_2024_03_15T00_00_00_00_00_e268920cf9ad8d7b71a9a29f1f072ba2
[2024-03-28T04:08:10.944+0000] {taskinstance.py:1149} INFO - Marking task as SUCCESS. dag_id=upload_historical_congress_data, task_id=bq_create_bills_Congress_partitioned_table_task, execution_date=20240315T000000, start_date=20240328T040805, end_date=20240328T040810
[2024-03-28T04:08:10.963+0000] {local_task_job_runner.py:234} INFO - Task exited with return code 0
[2024-03-28T04:08:10.980+0000] {taskinstance.py:3312} INFO - 0 downstream tasks scheduled from follow-on schedule check
[2024-04-01T03:20:56.801+0000] {taskinstance.py:1979} INFO - Dependencies all met for dep_context=non-requeueable deps ti=<TaskInstance: upload_historical_congress_data.bq_create_bills_Congress_partitioned_table_task scheduled__2024-03-15T00:00:00+00:00 [queued]>
[2024-04-01T03:20:56.805+0000] {taskinstance.py:1979} INFO - Dependencies all met for dep_context=requeueable deps ti=<TaskInstance: upload_historical_congress_data.bq_create_bills_Congress_partitioned_table_task scheduled__2024-03-15T00:00:00+00:00 [queued]>
[2024-04-01T03:20:56.806+0000] {taskinstance.py:2193} INFO - Starting attempt 1 of 3
[2024-04-01T03:20:56.814+0000] {taskinstance.py:2217} INFO - Executing <Task(BigQueryInsertJobOperator): bq_create_bills_Congress_partitioned_table_task> on 2024-03-15 00:00:00+00:00
[2024-04-01T03:20:56.818+0000] {standard_task_runner.py:60} INFO - Started process 430 to run task
[2024-04-01T03:20:56.822+0000] {standard_task_runner.py:87} INFO - Running: ['***', 'tasks', 'run', 'upload_historical_congress_data', 'bq_create_bills_Congress_partitioned_table_task', 'scheduled__2024-03-15T00:00:00+00:00', '--job-id', '59', '--raw', '--subdir', 'DAGS_FOLDER/upload_historical_congress_data.py', '--cfg-path', '/tmp/tmpj155dqrs']
[2024-04-01T03:20:56.824+0000] {standard_task_runner.py:88} INFO - Job 59: Subtask bq_create_bills_Congress_partitioned_table_task
[2024-04-01T03:20:56.872+0000] {task_command.py:423} INFO - Running <TaskInstance: upload_historical_congress_data.bq_create_bills_Congress_partitioned_table_task scheduled__2024-03-15T00:00:00+00:00 [running]> on host 506660a4b8e3
[2024-04-01T03:20:56.992+0000] {taskinstance.py:2513} INFO - Exporting env vars: AIRFLOW_CTX_DAG_EMAIL='***@***.com' AIRFLOW_CTX_DAG_OWNER='***' AIRFLOW_CTX_DAG_ID='upload_historical_congress_data' AIRFLOW_CTX_TASK_ID='bq_create_bills_Congress_partitioned_table_task' AIRFLOW_CTX_EXECUTION_DATE='2024-03-15T00:00:00+00:00' AIRFLOW_CTX_TRY_NUMBER='1' AIRFLOW_CTX_DAG_RUN_ID='scheduled__2024-03-15T00:00:00+00:00'
[2024-04-01T03:20:56.998+0000] {crypto.py:82} WARNING - empty cryptography key - values will not be stored encrypted.
[2024-04-01T03:20:56.998+0000] {connection.py:269} WARNING - Connection schemes (type: google_cloud_platform) shall not contain '_' according to RFC3986.
[2024-04-01T03:20:56.999+0000] {base.py:83} INFO - Using connection ID 'google_cloud_default' for task execution.
[2024-04-01T03:20:57.043+0000] {bigquery.py:2811} INFO - Executing: {'query': {'query': 'CREATE OR REPLACE TABLE Congress.bills         PARTITION BY updateDate_formatted         AS         SELECT *, DATE(updateDate) updateDate_formatted         FROM Congress.bills_external_table;', 'useLegacySql': False}}'
[2024-04-01T03:20:57.044+0000] {bigquery.py:1613} INFO - Inserting job ***_upload_historical_congress_data_bq_create_bills_Congress_partitioned_table_task_2024_03_15T00_00_00_00_00_6432a725718e22c7dd0df0ca6995f642
[2024-04-01T03:21:02.014+0000] {taskinstance.py:1149} INFO - Marking task as SUCCESS. dag_id=upload_historical_congress_data, task_id=bq_create_bills_Congress_partitioned_table_task, execution_date=20240315T000000, start_date=20240401T032056, end_date=20240401T032102
[2024-04-01T03:21:02.083+0000] {local_task_job_runner.py:234} INFO - Task exited with return code 0
[2024-04-01T03:21:02.106+0000] {taskinstance.py:3312} INFO - 1 downstream tasks scheduled from follow-on schedule check
[2024-04-02T03:03:54.128+0000] {taskinstance.py:1979} INFO - Dependencies all met for dep_context=non-requeueable deps ti=<TaskInstance: upload_historical_congress_data.bq_create_bills_Congress_partitioned_table_task scheduled__2024-03-15T00:00:00+00:00 [queued]>
[2024-04-02T03:03:54.133+0000] {taskinstance.py:1979} INFO - Dependencies all met for dep_context=requeueable deps ti=<TaskInstance: upload_historical_congress_data.bq_create_bills_Congress_partitioned_table_task scheduled__2024-03-15T00:00:00+00:00 [queued]>
[2024-04-02T03:03:54.133+0000] {taskinstance.py:2193} INFO - Starting attempt 1 of 3
[2024-04-02T03:03:54.139+0000] {taskinstance.py:2217} INFO - Executing <Task(BigQueryInsertJobOperator): bq_create_bills_Congress_partitioned_table_task> on 2024-03-15 00:00:00+00:00
[2024-04-02T03:03:54.145+0000] {standard_task_runner.py:60} INFO - Started process 76 to run task
[2024-04-02T03:03:54.147+0000] {standard_task_runner.py:87} INFO - Running: ['***', 'tasks', 'run', 'upload_historical_congress_data', 'bq_create_bills_Congress_partitioned_table_task', 'scheduled__2024-03-15T00:00:00+00:00', '--job-id', '95', '--raw', '--subdir', 'DAGS_FOLDER/upload_historical_congress_data.py', '--cfg-path', '/tmp/tmpodb03e3q']
[2024-04-02T03:03:54.149+0000] {standard_task_runner.py:88} INFO - Job 95: Subtask bq_create_bills_Congress_partitioned_table_task
[2024-04-02T03:03:54.179+0000] {task_command.py:423} INFO - Running <TaskInstance: upload_historical_congress_data.bq_create_bills_Congress_partitioned_table_task scheduled__2024-03-15T00:00:00+00:00 [running]> on host 308c9d5b795d
[2024-04-02T03:03:54.216+0000] {taskinstance.py:2513} INFO - Exporting env vars: AIRFLOW_CTX_DAG_EMAIL='***@***.com' AIRFLOW_CTX_DAG_OWNER='***' AIRFLOW_CTX_DAG_ID='upload_historical_congress_data' AIRFLOW_CTX_TASK_ID='bq_create_bills_Congress_partitioned_table_task' AIRFLOW_CTX_EXECUTION_DATE='2024-03-15T00:00:00+00:00' AIRFLOW_CTX_TRY_NUMBER='1' AIRFLOW_CTX_DAG_RUN_ID='scheduled__2024-03-15T00:00:00+00:00'
[2024-04-02T03:03:54.218+0000] {crypto.py:82} WARNING - empty cryptography key - values will not be stored encrypted.
[2024-04-02T03:03:54.218+0000] {connection.py:269} WARNING - Connection schemes (type: google_cloud_platform) shall not contain '_' according to RFC3986.
[2024-04-02T03:03:54.219+0000] {base.py:83} INFO - Using connection ID 'google_cloud_default' for task execution.
[2024-04-02T03:03:54.258+0000] {bigquery.py:2811} INFO - Executing: {'query': {'query': 'CREATE OR REPLACE TABLE Congress.bills         PARTITION BY updateDate_formatted         AS         SELECT *, DATE(updateDate) updateDate_formatted         FROM Congress.bills_external_table;', 'useLegacySql': False}}'
[2024-04-02T03:03:54.259+0000] {bigquery.py:1613} INFO - Inserting job ***_upload_historical_congress_data_bq_create_bills_Congress_partitioned_table_task_2024_03_15T00_00_00_00_00_234b64170ac2254f29f27f5f1d422f4a
[2024-04-02T03:03:58.346+0000] {taskinstance.py:1149} INFO - Marking task as SUCCESS. dag_id=upload_historical_congress_data, task_id=bq_create_bills_Congress_partitioned_table_task, execution_date=20240315T000000, start_date=20240402T030354, end_date=20240402T030358
[2024-04-02T03:03:58.365+0000] {local_task_job_runner.py:234} INFO - Task exited with return code 0
[2024-04-02T03:03:58.388+0000] {taskinstance.py:3312} INFO - 1 downstream tasks scheduled from follow-on schedule check
[2024-04-02T03:12:55.774+0000] {taskinstance.py:1979} INFO - Dependencies all met for dep_context=non-requeueable deps ti=<TaskInstance: upload_historical_congress_data.bq_create_bills_Congress_partitioned_table_task scheduled__2024-03-15T00:00:00+00:00 [queued]>
[2024-04-02T03:12:55.778+0000] {taskinstance.py:1979} INFO - Dependencies all met for dep_context=requeueable deps ti=<TaskInstance: upload_historical_congress_data.bq_create_bills_Congress_partitioned_table_task scheduled__2024-03-15T00:00:00+00:00 [queued]>
[2024-04-02T03:12:55.778+0000] {taskinstance.py:2193} INFO - Starting attempt 1 of 3
[2024-04-02T03:12:55.783+0000] {taskinstance.py:2217} INFO - Executing <Task(BigQueryInsertJobOperator): bq_create_bills_Congress_partitioned_table_task> on 2024-03-15 00:00:00+00:00
[2024-04-02T03:12:55.787+0000] {standard_task_runner.py:60} INFO - Started process 250 to run task
[2024-04-02T03:12:55.789+0000] {standard_task_runner.py:87} INFO - Running: ['***', 'tasks', 'run', 'upload_historical_congress_data', 'bq_create_bills_Congress_partitioned_table_task', 'scheduled__2024-03-15T00:00:00+00:00', '--job-id', '113', '--raw', '--subdir', 'DAGS_FOLDER/upload_historical_congress_data.py', '--cfg-path', '/tmp/tmp4qusr2bx']
[2024-04-02T03:12:55.791+0000] {standard_task_runner.py:88} INFO - Job 113: Subtask bq_create_bills_Congress_partitioned_table_task
[2024-04-02T03:12:55.817+0000] {task_command.py:423} INFO - Running <TaskInstance: upload_historical_congress_data.bq_create_bills_Congress_partitioned_table_task scheduled__2024-03-15T00:00:00+00:00 [running]> on host 308c9d5b795d
[2024-04-02T03:12:55.852+0000] {taskinstance.py:2513} INFO - Exporting env vars: AIRFLOW_CTX_DAG_EMAIL='***@***.com' AIRFLOW_CTX_DAG_OWNER='***' AIRFLOW_CTX_DAG_ID='upload_historical_congress_data' AIRFLOW_CTX_TASK_ID='bq_create_bills_Congress_partitioned_table_task' AIRFLOW_CTX_EXECUTION_DATE='2024-03-15T00:00:00+00:00' AIRFLOW_CTX_TRY_NUMBER='1' AIRFLOW_CTX_DAG_RUN_ID='scheduled__2024-03-15T00:00:00+00:00'
[2024-04-02T03:12:55.854+0000] {crypto.py:82} WARNING - empty cryptography key - values will not be stored encrypted.
[2024-04-02T03:12:55.854+0000] {connection.py:269} WARNING - Connection schemes (type: google_cloud_platform) shall not contain '_' according to RFC3986.
[2024-04-02T03:12:55.855+0000] {base.py:83} INFO - Using connection ID 'google_cloud_default' for task execution.
[2024-04-02T03:12:55.893+0000] {bigquery.py:2811} INFO - Executing: {'query': {'query': 'CREATE OR REPLACE TABLE Congress.bills         PARTITION BY updateDate_formatted         AS         SELECT *, DATE(updateDate) updateDate_formatted         FROM Congress.bills_external_table;', 'useLegacySql': False}}'
[2024-04-02T03:12:55.894+0000] {bigquery.py:1613} INFO - Inserting job ***_upload_historical_congress_data_bq_create_bills_Congress_partitioned_table_task_2024_03_15T00_00_00_00_00_cdbd18b7fc752806dd25094f035c5299
[2024-04-02T03:12:59.401+0000] {taskinstance.py:1149} INFO - Marking task as SUCCESS. dag_id=upload_historical_congress_data, task_id=bq_create_bills_Congress_partitioned_table_task, execution_date=20240315T000000, start_date=20240402T031255, end_date=20240402T031259
[2024-04-02T03:12:59.436+0000] {local_task_job_runner.py:234} INFO - Task exited with return code 0
[2024-04-02T03:12:59.458+0000] {taskinstance.py:3312} INFO - 1 downstream tasks scheduled from follow-on schedule check
[2024-04-02T03:40:44.267+0000] {taskinstance.py:1979} INFO - Dependencies all met for dep_context=non-requeueable deps ti=<TaskInstance: upload_historical_congress_data.bq_create_bills_Congress_partitioned_table_task scheduled__2024-03-15T00:00:00+00:00 [queued]>
[2024-04-02T03:40:44.272+0000] {taskinstance.py:1979} INFO - Dependencies all met for dep_context=requeueable deps ti=<TaskInstance: upload_historical_congress_data.bq_create_bills_Congress_partitioned_table_task scheduled__2024-03-15T00:00:00+00:00 [queued]>
[2024-04-02T03:40:44.272+0000] {taskinstance.py:2193} INFO - Starting attempt 1 of 3
[2024-04-02T03:40:44.279+0000] {taskinstance.py:2217} INFO - Executing <Task(BigQueryInsertJobOperator): bq_create_bills_Congress_partitioned_table_task> on 2024-03-15 00:00:00+00:00
[2024-04-02T03:40:44.294+0000] {standard_task_runner.py:60} INFO - Started process 75 to run task
[2024-04-02T03:40:44.297+0000] {standard_task_runner.py:87} INFO - Running: ['***', 'tasks', 'run', 'upload_historical_congress_data', 'bq_create_bills_Congress_partitioned_table_task', 'scheduled__2024-03-15T00:00:00+00:00', '--job-id', '126', '--raw', '--subdir', 'DAGS_FOLDER/upload_historical_congress_data.py', '--cfg-path', '/tmp/tmproeeczoj']
[2024-04-02T03:40:44.299+0000] {standard_task_runner.py:88} INFO - Job 126: Subtask bq_create_bills_Congress_partitioned_table_task
[2024-04-02T03:40:44.349+0000] {task_command.py:423} INFO - Running <TaskInstance: upload_historical_congress_data.bq_create_bills_Congress_partitioned_table_task scheduled__2024-03-15T00:00:00+00:00 [running]> on host 308c9d5b795d
[2024-04-02T03:40:44.394+0000] {taskinstance.py:2513} INFO - Exporting env vars: AIRFLOW_CTX_DAG_EMAIL='***@***.com' AIRFLOW_CTX_DAG_OWNER='***' AIRFLOW_CTX_DAG_ID='upload_historical_congress_data' AIRFLOW_CTX_TASK_ID='bq_create_bills_Congress_partitioned_table_task' AIRFLOW_CTX_EXECUTION_DATE='2024-03-15T00:00:00+00:00' AIRFLOW_CTX_TRY_NUMBER='1' AIRFLOW_CTX_DAG_RUN_ID='scheduled__2024-03-15T00:00:00+00:00'
[2024-04-02T03:40:44.396+0000] {crypto.py:82} WARNING - empty cryptography key - values will not be stored encrypted.
[2024-04-02T03:40:44.396+0000] {connection.py:269} WARNING - Connection schemes (type: google_cloud_platform) shall not contain '_' according to RFC3986.
[2024-04-02T03:40:44.397+0000] {base.py:83} INFO - Using connection ID 'google_cloud_default' for task execution.
[2024-04-02T03:40:44.438+0000] {bigquery.py:2811} INFO - Executing: {'query': {'query': 'CREATE OR REPLACE TABLE Congress.bills         PARTITION BY updateDate_formatted         AS         SELECT *, DATE(updateDate) updateDate_formatted         FROM Congress.bills_external_table;', 'useLegacySql': False}}'
[2024-04-02T03:40:44.439+0000] {bigquery.py:1613} INFO - Inserting job ***_upload_historical_congress_data_bq_create_bills_Congress_partitioned_table_task_2024_03_15T00_00_00_00_00_0deee952c7d3dee98a0abd617c03e22b
[2024-04-02T03:40:48.546+0000] {taskinstance.py:1149} INFO - Marking task as SUCCESS. dag_id=upload_historical_congress_data, task_id=bq_create_bills_Congress_partitioned_table_task, execution_date=20240315T000000, start_date=20240402T034044, end_date=20240402T034048
[2024-04-02T03:40:48.601+0000] {local_task_job_runner.py:234} INFO - Task exited with return code 0
[2024-04-02T03:40:48.636+0000] {taskinstance.py:3312} INFO - 0 downstream tasks scheduled from follow-on schedule check
[2024-04-02T03:58:56.435+0000] {taskinstance.py:1979} INFO - Dependencies all met for dep_context=non-requeueable deps ti=<TaskInstance: upload_historical_congress_data.bq_create_bills_Congress_partitioned_table_task scheduled__2024-03-15T00:00:00+00:00 [queued]>
[2024-04-02T03:58:56.439+0000] {taskinstance.py:1979} INFO - Dependencies all met for dep_context=requeueable deps ti=<TaskInstance: upload_historical_congress_data.bq_create_bills_Congress_partitioned_table_task scheduled__2024-03-15T00:00:00+00:00 [queued]>
[2024-04-02T03:58:56.439+0000] {taskinstance.py:2193} INFO - Starting attempt 1 of 3
[2024-04-02T03:58:56.445+0000] {taskinstance.py:2217} INFO - Executing <Task(BigQueryInsertJobOperator): bq_create_bills_Congress_partitioned_table_task> on 2024-03-15 00:00:00+00:00
[2024-04-02T03:58:56.450+0000] {standard_task_runner.py:60} INFO - Started process 75 to run task
[2024-04-02T03:58:56.452+0000] {standard_task_runner.py:87} INFO - Running: ['***', 'tasks', 'run', 'upload_historical_congress_data', 'bq_create_bills_Congress_partitioned_table_task', 'scheduled__2024-03-15T00:00:00+00:00', '--job-id', '152', '--raw', '--subdir', 'DAGS_FOLDER/upload_historical_congress_data.py', '--cfg-path', '/tmp/tmpe498spwr']
[2024-04-02T03:58:56.454+0000] {standard_task_runner.py:88} INFO - Job 152: Subtask bq_create_bills_Congress_partitioned_table_task
[2024-04-02T03:58:56.483+0000] {task_command.py:423} INFO - Running <TaskInstance: upload_historical_congress_data.bq_create_bills_Congress_partitioned_table_task scheduled__2024-03-15T00:00:00+00:00 [running]> on host 308c9d5b795d
[2024-04-02T03:58:56.529+0000] {taskinstance.py:2513} INFO - Exporting env vars: AIRFLOW_CTX_DAG_EMAIL='***@***.com' AIRFLOW_CTX_DAG_OWNER='***' AIRFLOW_CTX_DAG_ID='upload_historical_congress_data' AIRFLOW_CTX_TASK_ID='bq_create_bills_Congress_partitioned_table_task' AIRFLOW_CTX_EXECUTION_DATE='2024-03-15T00:00:00+00:00' AIRFLOW_CTX_TRY_NUMBER='1' AIRFLOW_CTX_DAG_RUN_ID='scheduled__2024-03-15T00:00:00+00:00'
[2024-04-02T03:58:56.531+0000] {crypto.py:82} WARNING - empty cryptography key - values will not be stored encrypted.
[2024-04-02T03:58:56.531+0000] {connection.py:269} WARNING - Connection schemes (type: google_cloud_platform) shall not contain '_' according to RFC3986.
[2024-04-02T03:58:56.532+0000] {base.py:83} INFO - Using connection ID 'google_cloud_default' for task execution.
[2024-04-02T03:58:56.572+0000] {bigquery.py:2811} INFO - Executing: {'query': {'query': 'CREATE OR REPLACE TABLE Congress.bills         PARTITION BY updateDate_formatted         AS         SELECT *, DATE(updateDate) updateDate_formatted         FROM Congress.bills_external_table;', 'useLegacySql': False}}'
[2024-04-02T03:58:56.573+0000] {bigquery.py:1613} INFO - Inserting job ***_upload_historical_congress_data_bq_create_bills_Congress_partitioned_table_task_2024_03_15T00_00_00_00_00_144be95fc7beaeaa726fcb389c7e0015
[2024-04-02T03:59:00.245+0000] {taskinstance.py:1149} INFO - Marking task as SUCCESS. dag_id=upload_historical_congress_data, task_id=bq_create_bills_Congress_partitioned_table_task, execution_date=20240315T000000, start_date=20240402T035856, end_date=20240402T035900
[2024-04-02T03:59:00.301+0000] {local_task_job_runner.py:234} INFO - Task exited with return code 0
[2024-04-02T03:59:00.329+0000] {taskinstance.py:3312} INFO - 1 downstream tasks scheduled from follow-on schedule check
