[2024-04-08T02:13:26.170+0000] {taskinstance.py:1979} INFO - Dependencies all met for dep_context=non-requeueable deps ti=<TaskInstance: upload_congress_data.upload_bills_to_gcs manual__2024-04-08T02:11:45.405245+00:00 [queued]>
[2024-04-08T02:13:26.174+0000] {taskinstance.py:1979} INFO - Dependencies all met for dep_context=requeueable deps ti=<TaskInstance: upload_congress_data.upload_bills_to_gcs manual__2024-04-08T02:11:45.405245+00:00 [queued]>
[2024-04-08T02:13:26.175+0000] {taskinstance.py:2193} INFO - Starting attempt 1 of 1
[2024-04-08T02:13:26.181+0000] {taskinstance.py:2217} INFO - Executing <Task(PythonOperator): upload_bills_to_gcs> on 2024-04-08 02:11:45.405245+00:00
[2024-04-08T02:13:26.187+0000] {standard_task_runner.py:60} INFO - Started process 4911 to run task
[2024-04-08T02:13:26.190+0000] {standard_task_runner.py:87} INFO - Running: ['***', 'tasks', 'run', 'upload_congress_data', 'upload_bills_to_gcs', 'manual__2024-04-08T02:11:45.405245+00:00', '--job-id', '34', '--raw', '--subdir', 'DAGS_FOLDER/upload_congress_data.py', '--cfg-path', '/tmp/tmpasi3zjyb']
[2024-04-08T02:13:26.194+0000] {standard_task_runner.py:88} INFO - Job 34: Subtask upload_bills_to_gcs
[2024-04-08T02:13:26.223+0000] {task_command.py:423} INFO - Running <TaskInstance: upload_congress_data.upload_bills_to_gcs manual__2024-04-08T02:11:45.405245+00:00 [running]> on host 429434a1f011
[2024-04-08T02:13:26.271+0000] {taskinstance.py:2513} INFO - Exporting env vars: AIRFLOW_CTX_DAG_OWNER='***' AIRFLOW_CTX_DAG_ID='upload_congress_data' AIRFLOW_CTX_TASK_ID='upload_bills_to_gcs' AIRFLOW_CTX_EXECUTION_DATE='2024-04-08T02:11:45.405245+00:00' AIRFLOW_CTX_TRY_NUMBER='1' AIRFLOW_CTX_DAG_RUN_ID='manual__2024-04-08T02:11:45.405245+00:00'
[2024-04-08T02:13:26.872+0000] {logging_mixin.py:188} INFO - Uploaded /opt/***/dags/data/hjres/BILLSTATUS-118hjres68.json to gs://congress_data/bills/hjres/BILLSTATUS-118hjres68.json
[2024-04-08T02:13:27.092+0000] {logging_mixin.py:188} INFO - Uploaded /opt/***/dags/data/hjres/BILLSTATUS-118hjres44.json to gs://congress_data/bills/hjres/BILLSTATUS-118hjres44.json
[2024-04-08T02:13:27.325+0000] {logging_mixin.py:188} INFO - Uploaded /opt/***/dags/data/hjres/BILLSTATUS-118hjres45.json to gs://congress_data/bills/hjres/BILLSTATUS-118hjres45.json
[2024-04-08T02:13:27.505+0000] {logging_mixin.py:188} INFO - Uploaded /opt/***/dags/data/hjres/BILLSTATUS-118hjres24.json to gs://congress_data/bills/hjres/BILLSTATUS-118hjres24.json
[2024-04-08T02:13:27.673+0000] {logging_mixin.py:188} INFO - Uploaded /opt/***/dags/data/hjres/BILLSTATUS-118hjres39.json to gs://congress_data/bills/hjres/BILLSTATUS-118hjres39.json
[2024-04-08T02:13:27.850+0000] {logging_mixin.py:188} INFO - Uploaded /opt/***/dags/data/hjres/BILLSTATUS-118hjres42.json to gs://congress_data/bills/hjres/BILLSTATUS-118hjres42.json
[2024-04-08T02:13:28.021+0000] {logging_mixin.py:188} INFO - Uploaded /opt/***/dags/data/hjres/BILLSTATUS-118hjres74.json to gs://congress_data/bills/hjres/BILLSTATUS-118hjres74.json
[2024-04-08T02:13:28.199+0000] {logging_mixin.py:188} INFO - Uploaded /opt/***/dags/data/hjres/BILLSTATUS-118hjres7.json to gs://congress_data/bills/hjres/BILLSTATUS-118hjres7.json
[2024-04-08T02:13:28.376+0000] {logging_mixin.py:188} INFO - Uploaded /opt/***/dags/data/hjres/BILLSTATUS-118hjres79.json to gs://congress_data/bills/hjres/BILLSTATUS-118hjres79.json
[2024-04-08T02:13:28.580+0000] {logging_mixin.py:188} INFO - Uploaded /opt/***/dags/data/hjres/BILLSTATUS-118hjres98.json to gs://congress_data/bills/hjres/BILLSTATUS-118hjres98.json
[2024-04-08T02:13:28.751+0000] {logging_mixin.py:188} INFO - Uploaded /opt/***/dags/data/hjres/BILLSTATUS-118hjres70.json to gs://congress_data/bills/hjres/BILLSTATUS-118hjres70.json
[2024-04-08T02:13:28.933+0000] {logging_mixin.py:188} INFO - Uploaded /opt/***/dags/data/hjres/BILLSTATUS-118hjres27.json to gs://congress_data/bills/hjres/BILLSTATUS-118hjres27.json
[2024-04-08T02:13:29.110+0000] {logging_mixin.py:188} INFO - Uploaded /opt/***/dags/data/hjres/BILLSTATUS-118hjres88.json to gs://congress_data/bills/hjres/BILLSTATUS-118hjres88.json
[2024-04-08T02:13:29.296+0000] {logging_mixin.py:188} INFO - Uploaded /opt/***/dags/data/hjres/BILLSTATUS-118hjres30.json to gs://congress_data/bills/hjres/BILLSTATUS-118hjres30.json
[2024-04-08T02:13:29.458+0000] {logging_mixin.py:188} INFO - Uploaded /opt/***/dags/data/hjres/BILLSTATUS-118hjres26.json to gs://congress_data/bills/hjres/BILLSTATUS-118hjres26.json
[2024-04-08T02:13:29.630+0000] {logging_mixin.py:188} INFO - Uploaded /opt/***/dags/data/hjres/BILLSTATUS-118hjres71.json to gs://congress_data/bills/hjres/BILLSTATUS-118hjres71.json
[2024-04-08T02:13:29.803+0000] {logging_mixin.py:188} INFO - Uploaded /opt/***/dags/data/hconres/BILLSTATUS-118hconres7.json to gs://congress_data/bills/hconres/BILLSTATUS-118hconres7.json
[2024-04-08T02:13:29.973+0000] {logging_mixin.py:188} INFO - Uploaded /opt/***/dags/data/hconres/BILLSTATUS-118hconres30.json to gs://congress_data/bills/hconres/BILLSTATUS-118hconres30.json
[2024-04-08T02:13:30.188+0000] {logging_mixin.py:188} INFO - Uploaded /opt/***/dags/data/hconres/BILLSTATUS-118hconres57.json to gs://congress_data/bills/hconres/BILLSTATUS-118hconres57.json
[2024-04-08T02:13:30.400+0000] {logging_mixin.py:188} INFO - Uploaded /opt/***/dags/data/hconres/BILLSTATUS-118hconres40.json to gs://congress_data/bills/hconres/BILLSTATUS-118hconres40.json
[2024-04-08T02:13:30.561+0000] {logging_mixin.py:188} INFO - Uploaded /opt/***/dags/data/hconres/BILLSTATUS-118hconres21.json to gs://congress_data/bills/hconres/BILLSTATUS-118hconres21.json
[2024-04-08T02:13:30.735+0000] {logging_mixin.py:188} INFO - Uploaded /opt/***/dags/data/hconres/BILLSTATUS-118hconres3.json to gs://congress_data/bills/hconres/BILLSTATUS-118hconres3.json
[2024-04-08T02:13:30.952+0000] {logging_mixin.py:188} INFO - Uploaded /opt/***/dags/data/hconres/BILLSTATUS-118hconres86.json to gs://congress_data/bills/hconres/BILLSTATUS-118hconres86.json
[2024-04-08T02:13:31.175+0000] {logging_mixin.py:188} INFO - Uploaded /opt/***/dags/data/hconres/BILLSTATUS-118hconres9.json to gs://congress_data/bills/hconres/BILLSTATUS-118hconres9.json
[2024-04-08T02:13:31.348+0000] {logging_mixin.py:188} INFO - Uploaded /opt/***/dags/data/hconres/BILLSTATUS-118hconres25.json to gs://congress_data/bills/hconres/BILLSTATUS-118hconres25.json
[2024-04-08T02:13:31.521+0000] {logging_mixin.py:188} INFO - Uploaded /opt/***/dags/data/s/BILLSTATUS-118s870.json to gs://congress_data/bills/s/BILLSTATUS-118s870.json
[2024-04-08T02:13:31.708+0000] {logging_mixin.py:188} INFO - Uploaded /opt/***/dags/data/s/BILLSTATUS-118s3427.json to gs://congress_data/bills/s/BILLSTATUS-118s3427.json
[2024-04-08T02:13:31.877+0000] {logging_mixin.py:188} INFO - Uploaded /opt/***/dags/data/s/BILLSTATUS-118s112.json to gs://congress_data/bills/s/BILLSTATUS-118s112.json
[2024-04-08T02:13:32.068+0000] {logging_mixin.py:188} INFO - Uploaded /opt/***/dags/data/s/BILLSTATUS-118s3250.json to gs://congress_data/bills/s/BILLSTATUS-118s3250.json
[2024-04-08T02:13:32.330+0000] {logging_mixin.py:188} INFO - Uploaded /opt/***/dags/data/s/BILLSTATUS-118s2226.json to gs://congress_data/bills/s/BILLSTATUS-118s2226.json
[2024-04-08T02:13:32.497+0000] {logging_mixin.py:188} INFO - Uploaded /opt/***/dags/data/s/BILLSTATUS-118s788.json to gs://congress_data/bills/s/BILLSTATUS-118s788.json
[2024-04-08T02:13:32.660+0000] {logging_mixin.py:188} INFO - Uploaded /opt/***/dags/data/s/BILLSTATUS-118s475.json to gs://congress_data/bills/s/BILLSTATUS-118s475.json
[2024-04-08T02:13:32.838+0000] {logging_mixin.py:188} INFO - Uploaded /opt/***/dags/data/s/BILLSTATUS-118s619.json to gs://congress_data/bills/s/BILLSTATUS-118s619.json
[2024-04-08T02:13:33.014+0000] {logging_mixin.py:188} INFO - Uploaded /opt/***/dags/data/s/BILLSTATUS-118s316.json to gs://congress_data/bills/s/BILLSTATUS-118s316.json
[2024-04-08T02:13:33.182+0000] {logging_mixin.py:188} INFO - Uploaded /opt/***/dags/data/s/BILLSTATUS-118s3853.json to gs://congress_data/bills/s/BILLSTATUS-118s3853.json
[2024-04-08T02:13:33.347+0000] {logging_mixin.py:188} INFO - Uploaded /opt/***/dags/data/s/BILLSTATUS-118s111.json to gs://congress_data/bills/s/BILLSTATUS-118s111.json
[2024-04-08T02:13:33.518+0000] {logging_mixin.py:188} INFO - Uploaded /opt/***/dags/data/s/BILLSTATUS-118s326.json to gs://congress_data/bills/s/BILLSTATUS-118s326.json
[2024-04-08T02:13:33.686+0000] {logging_mixin.py:188} INFO - Uploaded /opt/***/dags/data/sres/BILLSTATUS-118sres13.json to gs://congress_data/bills/sres/BILLSTATUS-118sres13.json
[2024-04-08T02:13:33.894+0000] {logging_mixin.py:188} INFO - Uploaded /opt/***/dags/data/sres/BILLSTATUS-118sres21.json to gs://congress_data/bills/sres/BILLSTATUS-118sres21.json
[2024-04-08T02:13:34.064+0000] {logging_mixin.py:188} INFO - Uploaded /opt/***/dags/data/sres/BILLSTATUS-118sres504.json to gs://congress_data/bills/sres/BILLSTATUS-118sres504.json
[2024-04-08T02:13:34.236+0000] {logging_mixin.py:188} INFO - Uploaded /opt/***/dags/data/sres/BILLSTATUS-118sres417.json to gs://congress_data/bills/sres/BILLSTATUS-118sres417.json
[2024-04-08T02:13:34.399+0000] {logging_mixin.py:188} INFO - Uploaded /opt/***/dags/data/hr/BILLSTATUS-118hr1339.json to gs://congress_data/bills/hr/BILLSTATUS-118hr1339.json
[2024-04-08T02:13:34.558+0000] {logging_mixin.py:188} INFO - Uploaded /opt/***/dags/data/hr/BILLSTATUS-118hr2796.json to gs://congress_data/bills/hr/BILLSTATUS-118hr2796.json
[2024-04-08T02:13:34.729+0000] {logging_mixin.py:188} INFO - Uploaded /opt/***/dags/data/hr/BILLSTATUS-118hr2811.json to gs://congress_data/bills/hr/BILLSTATUS-118hr2811.json
[2024-04-08T02:13:34.927+0000] {logging_mixin.py:188} INFO - Uploaded /opt/***/dags/data/hr/BILLSTATUS-118hr23.json to gs://congress_data/bills/hr/BILLSTATUS-118hr23.json
[2024-04-08T02:13:35.101+0000] {logging_mixin.py:188} INFO - Uploaded /opt/***/dags/data/hr/BILLSTATUS-118hr406.json to gs://congress_data/bills/hr/BILLSTATUS-118hr406.json
[2024-04-08T02:13:35.319+0000] {logging_mixin.py:188} INFO - Uploaded /opt/***/dags/data/hr/BILLSTATUS-118hr4984.json to gs://congress_data/bills/hr/BILLSTATUS-118hr4984.json
[2024-04-08T02:13:35.486+0000] {logging_mixin.py:188} INFO - Uploaded /opt/***/dags/data/hr/BILLSTATUS-118hr538.json to gs://congress_data/bills/hr/BILLSTATUS-118hr538.json
[2024-04-08T02:13:35.658+0000] {logging_mixin.py:188} INFO - Uploaded /opt/***/dags/data/hr/BILLSTATUS-118hr3152.json to gs://congress_data/bills/hr/BILLSTATUS-118hr3152.json
[2024-04-08T02:13:35.842+0000] {logging_mixin.py:188} INFO - Uploaded /opt/***/dags/data/hr/BILLSTATUS-118hr5585.json to gs://congress_data/bills/hr/BILLSTATUS-118hr5585.json
[2024-04-08T02:13:36.033+0000] {logging_mixin.py:188} INFO - Uploaded /opt/***/dags/data/hr/BILLSTATUS-118hr4394.json to gs://congress_data/bills/hr/BILLSTATUS-118hr4394.json
[2024-04-08T02:13:36.223+0000] {logging_mixin.py:188} INFO - Uploaded /opt/***/dags/data/hr/BILLSTATUS-118hr277.json to gs://congress_data/bills/hr/BILLSTATUS-118hr277.json
[2024-04-08T02:13:36.392+0000] {logging_mixin.py:188} INFO - Uploaded /opt/***/dags/data/hr/BILLSTATUS-118hr1159.json to gs://congress_data/bills/hr/BILLSTATUS-118hr1159.json
[2024-04-08T02:13:36.606+0000] {logging_mixin.py:188} INFO - Uploaded /opt/***/dags/data/hr/BILLSTATUS-118hr7520.json to gs://congress_data/bills/hr/BILLSTATUS-118hr7520.json
[2024-04-08T02:13:36.775+0000] {logging_mixin.py:188} INFO - Uploaded /opt/***/dags/data/hr/BILLSTATUS-118hr3099.json to gs://congress_data/bills/hr/BILLSTATUS-118hr3099.json
[2024-04-08T02:13:36.946+0000] {logging_mixin.py:188} INFO - Uploaded /opt/***/dags/data/hr/BILLSTATUS-118hr7023.json to gs://congress_data/bills/hr/BILLSTATUS-118hr7023.json
[2024-04-08T02:13:37.103+0000] {logging_mixin.py:188} INFO - Uploaded /opt/***/dags/data/hr/BILLSTATUS-118hr1548.json to gs://congress_data/bills/hr/BILLSTATUS-118hr1548.json
[2024-04-08T02:13:37.273+0000] {logging_mixin.py:188} INFO - Uploaded /opt/***/dags/data/hr/BILLSTATUS-118hr1163.json to gs://congress_data/bills/hr/BILLSTATUS-118hr1163.json
[2024-04-08T02:13:37.442+0000] {logging_mixin.py:188} INFO - Uploaded /opt/***/dags/data/hr/BILLSTATUS-118hr6976.json to gs://congress_data/bills/hr/BILLSTATUS-118hr6976.json
[2024-04-08T02:13:37.622+0000] {logging_mixin.py:188} INFO - Uploaded /opt/***/dags/data/hr/BILLSTATUS-118hr3774.json to gs://congress_data/bills/hr/BILLSTATUS-118hr3774.json
[2024-04-08T02:13:37.796+0000] {logging_mixin.py:188} INFO - Uploaded /opt/***/dags/data/hr/BILLSTATUS-118hr6126.json to gs://congress_data/bills/hr/BILLSTATUS-118hr6126.json
[2024-04-08T02:13:37.954+0000] {logging_mixin.py:188} INFO - Uploaded /opt/***/dags/data/hr/BILLSTATUS-118hr467.json to gs://congress_data/bills/hr/BILLSTATUS-118hr467.json
[2024-04-08T02:13:38.167+0000] {logging_mixin.py:188} INFO - Uploaded /opt/***/dags/data/hr/BILLSTATUS-118hr3324.json to gs://congress_data/bills/hr/BILLSTATUS-118hr3324.json
[2024-04-08T02:13:38.350+0000] {logging_mixin.py:188} INFO - Uploaded /opt/***/dags/data/hr/BILLSTATUS-118hr5862.json to gs://congress_data/bills/hr/BILLSTATUS-118hr5862.json
[2024-04-08T02:13:38.512+0000] {logging_mixin.py:188} INFO - Uploaded /opt/***/dags/data/hr/BILLSTATUS-118hr1123.json to gs://congress_data/bills/hr/BILLSTATUS-118hr1123.json
[2024-04-08T02:13:38.702+0000] {logging_mixin.py:188} INFO - Uploaded /opt/***/dags/data/hr/BILLSTATUS-118hr1836.json to gs://congress_data/bills/hr/BILLSTATUS-118hr1836.json
[2024-04-08T02:13:38.890+0000] {logging_mixin.py:188} INFO - Uploaded /opt/***/dags/data/hr/BILLSTATUS-118hr3935.json to gs://congress_data/bills/hr/BILLSTATUS-118hr3935.json
[2024-04-08T02:13:39.091+0000] {logging_mixin.py:188} INFO - Uploaded /opt/***/dags/data/hr/BILLSTATUS-118hr2670.json to gs://congress_data/bills/hr/BILLSTATUS-118hr2670.json
[2024-04-08T02:13:39.276+0000] {logging_mixin.py:188} INFO - Uploaded /opt/***/dags/data/hr/BILLSTATUS-118hr2365.json to gs://congress_data/bills/hr/BILLSTATUS-118hr2365.json
[2024-04-08T02:13:39.445+0000] {logging_mixin.py:188} INFO - Uploaded /opt/***/dags/data/hr/BILLSTATUS-118hr1226.json to gs://congress_data/bills/hr/BILLSTATUS-118hr1226.json
[2024-04-08T02:13:39.610+0000] {logging_mixin.py:188} INFO - Uploaded /opt/***/dags/data/hr/BILLSTATUS-118hr4531.json to gs://congress_data/bills/hr/BILLSTATUS-118hr4531.json
[2024-04-08T02:13:39.794+0000] {logging_mixin.py:188} INFO - Uploaded /opt/***/dags/data/hr/BILLSTATUS-118hr734.json to gs://congress_data/bills/hr/BILLSTATUS-118hr734.json
[2024-04-08T02:13:39.960+0000] {logging_mixin.py:188} INFO - Uploaded /opt/***/dags/data/hr/BILLSTATUS-118hr7521.json to gs://congress_data/bills/hr/BILLSTATUS-118hr7521.json
[2024-04-08T02:13:40.136+0000] {logging_mixin.py:188} INFO - Uploaded /opt/***/dags/data/hr/BILLSTATUS-118hr5.json to gs://congress_data/bills/hr/BILLSTATUS-118hr5.json
[2024-04-08T02:13:40.294+0000] {logging_mixin.py:188} INFO - Uploaded /opt/***/dags/data/hr/BILLSTATUS-118hr3391.json to gs://congress_data/bills/hr/BILLSTATUS-118hr3391.json
[2024-04-08T02:13:40.449+0000] {logging_mixin.py:188} INFO - Uploaded /opt/***/dags/data/hr/BILLSTATUS-118hr2754.json to gs://congress_data/bills/hr/BILLSTATUS-118hr2754.json
[2024-04-08T02:13:40.615+0000] {logging_mixin.py:188} INFO - Uploaded /opt/***/dags/data/hr/BILLSTATUS-118hr485.json to gs://congress_data/bills/hr/BILLSTATUS-118hr485.json
[2024-04-08T02:13:40.824+0000] {logging_mixin.py:188} INFO - Uploaded /opt/***/dags/data/hr/BILLSTATUS-118hr1752.json to gs://congress_data/bills/hr/BILLSTATUS-118hr1752.json
[2024-04-08T02:13:40.992+0000] {logging_mixin.py:188} INFO - Uploaded /opt/***/dags/data/hr/BILLSTATUS-118hr1093.json to gs://congress_data/bills/hr/BILLSTATUS-118hr1093.json
[2024-04-08T02:13:41.179+0000] {logging_mixin.py:188} INFO - Uploaded /opt/***/dags/data/hr/BILLSTATUS-118hr1640.json to gs://congress_data/bills/hr/BILLSTATUS-118hr1640.json
[2024-04-08T02:13:41.345+0000] {logging_mixin.py:188} INFO - Uploaded /opt/***/dags/data/hr/BILLSTATUS-118hr3981.json to gs://congress_data/bills/hr/BILLSTATUS-118hr3981.json
[2024-04-08T02:13:41.538+0000] {logging_mixin.py:188} INFO - Uploaded /opt/***/dags/data/hr/BILLSTATUS-118hr542.json to gs://congress_data/bills/hr/BILLSTATUS-118hr542.json
[2024-04-08T02:13:41.701+0000] {logging_mixin.py:188} INFO - Uploaded /opt/***/dags/data/hr/BILLSTATUS-118hr22.json to gs://congress_data/bills/hr/BILLSTATUS-118hr22.json
[2024-04-08T02:13:41.870+0000] {logging_mixin.py:188} INFO - Uploaded /opt/***/dags/data/hr/BILLSTATUS-118hr2797.json to gs://congress_data/bills/hr/BILLSTATUS-118hr2797.json
[2024-04-08T02:13:42.035+0000] {logging_mixin.py:188} INFO - Uploaded /opt/***/dags/data/hr/BILLSTATUS-118hr1154.json to gs://congress_data/bills/hr/BILLSTATUS-118hr1154.json
[2024-04-08T02:13:42.212+0000] {logging_mixin.py:188} INFO - Uploaded /opt/***/dags/data/hr/BILLSTATUS-118hr1338.json to gs://congress_data/bills/hr/BILLSTATUS-118hr1338.json
[2024-04-08T02:13:42.386+0000] {logging_mixin.py:188} INFO - Uploaded /opt/***/dags/data/hr/BILLSTATUS-118hr2.json to gs://congress_data/bills/hr/BILLSTATUS-118hr2.json
[2024-04-08T02:13:42.553+0000] {logging_mixin.py:188} INFO - Uploaded /opt/***/dags/data/hr/BILLSTATUS-118hr7463.json to gs://congress_data/bills/hr/BILLSTATUS-118hr7463.json
[2024-04-08T02:13:42.710+0000] {logging_mixin.py:188} INFO - Uploaded /opt/***/dags/data/hr/BILLSTATUS-118hr676.json to gs://congress_data/bills/hr/BILLSTATUS-118hr676.json
[2024-04-08T02:13:42.874+0000] {logging_mixin.py:188} INFO - Uploaded /opt/***/dags/data/hr/BILLSTATUS-118hr7176.json to gs://congress_data/bills/hr/BILLSTATUS-118hr7176.json
[2024-04-08T02:13:43.052+0000] {logging_mixin.py:188} INFO - Uploaded /opt/***/dags/data/hr/BILLSTATUS-118hr1734.json to gs://congress_data/bills/hr/BILLSTATUS-118hr1734.json
[2024-04-08T02:13:43.229+0000] {logging_mixin.py:188} INFO - Uploaded /opt/***/dags/data/hr/BILLSTATUS-118hr3089.json to gs://congress_data/bills/hr/BILLSTATUS-118hr3089.json
[2024-04-08T02:13:43.400+0000] {logging_mixin.py:188} INFO - Uploaded /opt/***/dags/data/hr/BILLSTATUS-118hr288.json to gs://congress_data/bills/hr/BILLSTATUS-118hr288.json
[2024-04-08T02:13:43.567+0000] {logging_mixin.py:188} INFO - Uploaded /opt/***/dags/data/hr/BILLSTATUS-118hr1149.json to gs://congress_data/bills/hr/BILLSTATUS-118hr1149.json
[2024-04-08T02:13:43.763+0000] {logging_mixin.py:188} INFO - Uploaded /opt/***/dags/data/hr/BILLSTATUS-118hr359.json to gs://congress_data/bills/hr/BILLSTATUS-118hr359.json
[2024-04-08T02:13:43.945+0000] {logging_mixin.py:188} INFO - Uploaded /opt/***/dags/data/hr/BILLSTATUS-118hr4367.json to gs://congress_data/bills/hr/BILLSTATUS-118hr4367.json
[2024-04-08T02:13:44.131+0000] {logging_mixin.py:188} INFO - Uploaded /opt/***/dags/data/hr/BILLSTATUS-118hr4664.json to gs://congress_data/bills/hr/BILLSTATUS-118hr4664.json
[2024-04-08T02:13:44.299+0000] {logging_mixin.py:188} INFO - Uploaded /opt/***/dags/data/hr/BILLSTATUS-118hr6679.json to gs://congress_data/bills/hr/BILLSTATUS-118hr6679.json
[2024-04-08T02:13:44.462+0000] {logging_mixin.py:188} INFO - Uploaded /opt/***/dags/data/hr/BILLSTATUS-118hr5110.json to gs://congress_data/bills/hr/BILLSTATUS-118hr5110.json
[2024-04-08T02:13:44.621+0000] {logging_mixin.py:188} INFO - Uploaded /opt/***/dags/data/hr/BILLSTATUS-118hr400.json to gs://congress_data/bills/hr/BILLSTATUS-118hr400.json
[2024-04-08T02:13:44.796+0000] {logging_mixin.py:188} INFO - Uploaded /opt/***/dags/data/hr/BILLSTATUS-118hr139.json to gs://congress_data/bills/hr/BILLSTATUS-118hr139.json
[2024-04-08T02:13:44.961+0000] {logging_mixin.py:188} INFO - Uploaded /opt/***/dags/data/hr/BILLSTATUS-118hr302.json to gs://congress_data/bills/hr/BILLSTATUS-118hr302.json
[2024-04-08T02:13:45.124+0000] {logging_mixin.py:188} INFO - Uploaded /opt/***/dags/data/hr/BILLSTATUS-118hr1606.json to gs://congress_data/bills/hr/BILLSTATUS-118hr1606.json
[2024-04-08T02:13:45.298+0000] {logging_mixin.py:188} INFO - Uploaded /opt/***/dags/data/hr/BILLSTATUS-118hr1715.json to gs://congress_data/bills/hr/BILLSTATUS-118hr1715.json
[2024-04-08T02:13:45.477+0000] {logging_mixin.py:188} INFO - Uploaded /opt/***/dags/data/hr/BILLSTATUS-118hr2494.json to gs://congress_data/bills/hr/BILLSTATUS-118hr2494.json
[2024-04-08T02:13:45.662+0000] {logging_mixin.py:188} INFO - Uploaded /opt/***/dags/data/hr/BILLSTATUS-118hr2882.json to gs://congress_data/bills/hr/BILLSTATUS-118hr2882.json
[2024-04-08T02:13:45.829+0000] {logging_mixin.py:188} INFO - Uploaded /opt/***/dags/data/hr/BILLSTATUS-118hr1607.json to gs://congress_data/bills/hr/BILLSTATUS-118hr1607.json
[2024-04-08T02:13:46.035+0000] {logging_mixin.py:188} INFO - Uploaded /opt/***/dags/data/hr/BILLSTATUS-118hr753.json to gs://congress_data/bills/hr/BILLSTATUS-118hr753.json
[2024-04-08T02:13:46.216+0000] {logging_mixin.py:188} INFO - Uploaded /opt/***/dags/data/hr/BILLSTATUS-118hr7511.json to gs://congress_data/bills/hr/BILLSTATUS-118hr7511.json
[2024-04-08T02:13:46.400+0000] {logging_mixin.py:188} INFO - Uploaded /opt/***/dags/data/hr/BILLSTATUS-118hr7454.json to gs://congress_data/bills/hr/BILLSTATUS-118hr7454.json
[2024-04-08T02:13:46.555+0000] {logging_mixin.py:188} INFO - Uploaded /opt/***/dags/data/hr/BILLSTATUS-118hr1353.json to gs://congress_data/bills/hr/BILLSTATUS-118hr1353.json
[2024-04-08T02:13:46.721+0000] {logging_mixin.py:188} INFO - Uploaded /opt/***/dags/data/hr/BILLSTATUS-118hr4468.json to gs://congress_data/bills/hr/BILLSTATUS-118hr4468.json
[2024-04-08T02:13:46.888+0000] {logging_mixin.py:188} INFO - Uploaded /opt/***/dags/data/hr/BILLSTATUS-118hr2379.json to gs://congress_data/bills/hr/BILLSTATUS-118hr2379.json
[2024-04-08T02:13:47.060+0000] {logging_mixin.py:188} INFO - Uploaded /opt/***/dags/data/hr/BILLSTATUS-118hr1105.json to gs://congress_data/bills/hr/BILLSTATUS-118hr1105.json
[2024-04-08T02:13:47.242+0000] {logging_mixin.py:188} INFO - Uploaded /opt/***/dags/data/hr/BILLSTATUS-118hr6678.json to gs://congress_data/bills/hr/BILLSTATUS-118hr6678.json
[2024-04-08T02:13:47.423+0000] {logging_mixin.py:188} INFO - Uploaded /opt/***/dags/data/hr/BILLSTATUS-118hr4665.json to gs://congress_data/bills/hr/BILLSTATUS-118hr4665.json
[2024-04-08T02:13:47.595+0000] {logging_mixin.py:188} INFO - Uploaded /opt/***/dags/data/hr/BILLSTATUS-118hr533.json to gs://congress_data/bills/hr/BILLSTATUS-118hr533.json
[2024-04-08T02:13:47.799+0000] {logging_mixin.py:188} INFO - Uploaded /opt/***/dags/data/hr/BILLSTATUS-118hr4366.json to gs://congress_data/bills/hr/BILLSTATUS-118hr4366.json
[2024-04-08T02:13:47.977+0000] {logging_mixin.py:188} INFO - Uploaded /opt/***/dags/data/hr/BILLSTATUS-118hr5961.json to gs://congress_data/bills/hr/BILLSTATUS-118hr5961.json
[2024-04-08T02:13:48.135+0000] {logging_mixin.py:188} INFO - Uploaded /opt/***/dags/data/hr/BILLSTATUS-118hr1076.json to gs://congress_data/bills/hr/BILLSTATUS-118hr1076.json
[2024-04-08T02:13:48.300+0000] {logging_mixin.py:188} INFO - Uploaded /opt/***/dags/data/hr/BILLSTATUS-118hr6009.json to gs://congress_data/bills/hr/BILLSTATUS-118hr6009.json
[2024-04-08T02:13:48.468+0000] {logging_mixin.py:188} INFO - Uploaded /opt/***/dags/data/hr/BILLSTATUS-118hr7024.json to gs://congress_data/bills/hr/BILLSTATUS-118hr7024.json
[2024-04-08T02:13:48.638+0000] {logging_mixin.py:188} INFO - Uploaded /opt/***/dags/data/hr/BILLSTATUS-118hr3821.json to gs://congress_data/bills/hr/BILLSTATUS-118hr3821.json
[2024-04-08T02:13:48.809+0000] {logging_mixin.py:188} INFO - Uploaded /opt/***/dags/data/hr/BILLSTATUS-118hr3564.json to gs://congress_data/bills/hr/BILLSTATUS-118hr3564.json
[2024-04-08T02:13:48.977+0000] {logging_mixin.py:188} INFO - Uploaded /opt/***/dags/data/hr/BILLSTATUS-118hr159.json to gs://congress_data/bills/hr/BILLSTATUS-118hr159.json
[2024-04-08T02:13:49.191+0000] {logging_mixin.py:188} INFO - Uploaded /opt/***/dags/data/hr/BILLSTATUS-118hr4723.json to gs://congress_data/bills/hr/BILLSTATUS-118hr4723.json
[2024-04-08T02:13:49.384+0000] {logging_mixin.py:188} INFO - Uploaded /opt/***/dags/data/hr/BILLSTATUS-118hr4365.json to gs://congress_data/bills/hr/BILLSTATUS-118hr4365.json
[2024-04-08T02:13:49.566+0000] {logging_mixin.py:188} INFO - Uploaded /opt/***/dags/data/hr/BILLSTATUS-118hr3224.json to gs://congress_data/bills/hr/BILLSTATUS-118hr3224.json
[2024-04-08T02:13:49.736+0000] {logging_mixin.py:188} INFO - Uploaded /opt/***/dags/data/hr/BILLSTATUS-118hr662.json to gs://congress_data/bills/hr/BILLSTATUS-118hr662.json
[2024-04-08T02:13:49.922+0000] {logging_mixin.py:188} INFO - Uploaded /opt/***/dags/data/hr/BILLSTATUS-118hr3843.json to gs://congress_data/bills/hr/BILLSTATUS-118hr3843.json
[2024-04-08T02:13:50.090+0000] {logging_mixin.py:188} INFO - Uploaded /opt/***/dags/data/hr/BILLSTATUS-118hr300.json to gs://congress_data/bills/hr/BILLSTATUS-118hr300.json
[2024-04-08T02:13:50.266+0000] {logging_mixin.py:188} INFO - Uploaded /opt/***/dags/data/hr/BILLSTATUS-118hr357.json to gs://congress_data/bills/hr/BILLSTATUS-118hr357.json
[2024-04-08T02:13:50.451+0000] {logging_mixin.py:188} INFO - Uploaded /opt/***/dags/data/hr/BILLSTATUS-118hr1096.json to gs://congress_data/bills/hr/BILLSTATUS-118hr1096.json
[2024-04-08T02:13:50.641+0000] {logging_mixin.py:188} INFO - Uploaded /opt/***/dags/data/hr/BILLSTATUS-118hr4502.json to gs://congress_data/bills/hr/BILLSTATUS-118hr4502.json
[2024-04-08T02:13:50.812+0000] {logging_mixin.py:188} INFO - Uploaded /opt/***/dags/data/hr/BILLSTATUS-118hr1147.json to gs://congress_data/bills/hr/BILLSTATUS-118hr1147.json
[2024-04-08T02:13:51.007+0000] {logging_mixin.py:188} INFO - Uploaded /opt/***/dags/data/hr/BILLSTATUS-118hr5692.json to gs://congress_data/bills/hr/BILLSTATUS-118hr5692.json
[2024-04-08T02:13:51.180+0000] {logging_mixin.py:188} INFO - Uploaded /opt/***/dags/data/hr/BILLSTATUS-118hr6544.json to gs://congress_data/bills/hr/BILLSTATUS-118hr6544.json
[2024-04-08T02:13:51.359+0000] {logging_mixin.py:188} INFO - Uploaded /opt/***/dags/data/hr/BILLSTATUS-118hr3746.json to gs://congress_data/bills/hr/BILLSTATUS-118hr3746.json
[2024-04-08T02:13:51.534+0000] {logging_mixin.py:188} INFO - Uploaded /opt/***/dags/data/hr/BILLSTATUS-118hr140.json to gs://congress_data/bills/hr/BILLSTATUS-118hr140.json
[2024-04-08T02:13:51.699+0000] {logging_mixin.py:188} INFO - Uploaded /opt/***/dags/data/hr/BILLSTATUS-118hr1669.json to gs://congress_data/bills/hr/BILLSTATUS-118hr1669.json
[2024-04-08T02:13:51.867+0000] {logging_mixin.py:188} INFO - Uploaded /opt/***/dags/data/hr/BILLSTATUS-118hr3091.json to gs://congress_data/bills/hr/BILLSTATUS-118hr3091.json
[2024-04-08T02:13:52.045+0000] {logging_mixin.py:188} INFO - Uploaded /opt/***/dags/data/hr/BILLSTATUS-118hr382.json to gs://congress_data/bills/hr/BILLSTATUS-118hr382.json
[2024-04-08T02:13:52.208+0000] {logging_mixin.py:188} INFO - Uploaded /opt/***/dags/data/hr/BILLSTATUS-118hr3838.json to gs://congress_data/bills/hr/BILLSTATUS-118hr3838.json
[2024-04-08T02:13:52.375+0000] {logging_mixin.py:188} INFO - Uploaded /opt/***/dags/data/hr/BILLSTATUS-118hr5283.json to gs://congress_data/bills/hr/BILLSTATUS-118hr5283.json
[2024-04-08T02:13:52.542+0000] {logging_mixin.py:188} INFO - Uploaded /opt/***/dags/data/hr/BILLSTATUS-118hr1151.json to gs://congress_data/bills/hr/BILLSTATUS-118hr1151.json
[2024-04-08T02:13:52.707+0000] {logging_mixin.py:188} INFO - Uploaded /opt/***/dags/data/hr/BILLSTATUS-118hr2792.json to gs://congress_data/bills/hr/BILLSTATUS-118hr2792.json
[2024-04-08T02:13:52.875+0000] {logging_mixin.py:188} INFO - Uploaded /opt/***/dags/data/hr/BILLSTATUS-118hr443.json to gs://congress_data/bills/hr/BILLSTATUS-118hr443.json
[2024-04-08T02:13:53.039+0000] {logging_mixin.py:188} INFO - Uploaded /opt/***/dags/data/hr/BILLSTATUS-118hr2793.json to gs://congress_data/bills/hr/BILLSTATUS-118hr2793.json
[2024-04-08T02:13:53.217+0000] {logging_mixin.py:188} INFO - Uploaded /opt/***/dags/data/hr/BILLSTATUS-118hr1107.json to gs://congress_data/bills/hr/BILLSTATUS-118hr1107.json
[2024-04-08T02:13:53.394+0000] {logging_mixin.py:188} INFO - Uploaded /opt/***/dags/data/hr/BILLSTATUS-118hr26.json to gs://congress_data/bills/hr/BILLSTATUS-118hr26.json
[2024-04-08T02:13:53.623+0000] {logging_mixin.py:188} INFO - Uploaded /opt/***/dags/data/hr/BILLSTATUS-118hr815.json to gs://congress_data/bills/hr/BILLSTATUS-118hr815.json
[2024-04-08T02:13:53.804+0000] {logging_mixin.py:188} INFO - Uploaded /opt/***/dags/data/hr/BILLSTATUS-118hr839.json to gs://congress_data/bills/hr/BILLSTATUS-118hr839.json
[2024-04-08T02:13:53.987+0000] {logging_mixin.py:188} INFO - Uploaded /opt/***/dags/data/hr/BILLSTATUS-118hr497.json to gs://congress_data/bills/hr/BILLSTATUS-118hr497.json
[2024-04-08T02:13:54.173+0000] {logging_mixin.py:188} INFO - Uploaded /opt/***/dags/data/hr/BILLSTATUS-118hr4368.json to gs://congress_data/bills/hr/BILLSTATUS-118hr4368.json
[2024-04-08T02:13:54.385+0000] {logging_mixin.py:188} INFO - Uploaded /opt/***/dags/data/hr/BILLSTATUS-118hr7102.json to gs://congress_data/bills/hr/BILLSTATUS-118hr7102.json
[2024-04-08T02:13:54.549+0000] {logging_mixin.py:188} INFO - Uploaded /opt/***/dags/data/hr/BILLSTATUS-118hr593.json to gs://congress_data/bills/hr/BILLSTATUS-118hr593.json
[2024-04-08T02:13:54.712+0000] {logging_mixin.py:188} INFO - Uploaded /opt/***/dags/data/hr/BILLSTATUS-118hr340.json to gs://congress_data/bills/hr/BILLSTATUS-118hr340.json
[2024-04-08T02:13:54.881+0000] {logging_mixin.py:188} INFO - Uploaded /opt/***/dags/data/hr/BILLSTATUS-118hr788.json to gs://congress_data/bills/hr/BILLSTATUS-118hr788.json
[2024-04-08T02:13:55.054+0000] {logging_mixin.py:188} INFO - Uploaded /opt/***/dags/data/hr/BILLSTATUS-118hr6363.json to gs://congress_data/bills/hr/BILLSTATUS-118hr6363.json
[2024-04-08T02:13:55.256+0000] {logging_mixin.py:188} INFO - Uploaded /opt/***/dags/data/hr/BILLSTATUS-118hr1.json to gs://congress_data/bills/hr/BILLSTATUS-118hr1.json
[2024-04-08T02:13:55.428+0000] {logging_mixin.py:188} INFO - Uploaded /opt/***/dags/data/hr/BILLSTATUS-118hr4470.json to gs://congress_data/bills/hr/BILLSTATUS-118hr4470.json
[2024-04-08T02:13:55.636+0000] {logging_mixin.py:188} INFO - Uploaded /opt/***/dags/data/hr/BILLSTATUS-118hr663.json to gs://congress_data/bills/hr/BILLSTATUS-118hr663.json
[2024-04-08T02:13:55.814+0000] {logging_mixin.py:188} INFO - Uploaded /opt/***/dags/data/hr/BILLSTATUS-118hr2766.json to gs://congress_data/bills/hr/BILLSTATUS-118hr2766.json
[2024-04-08T02:13:55.976+0000] {logging_mixin.py:188} INFO - Uploaded /opt/***/dags/data/hr/BILLSTATUS-118hr589.json to gs://congress_data/bills/hr/BILLSTATUS-118hr589.json
[2024-04-08T02:13:56.151+0000] {logging_mixin.py:188} INFO - Uploaded /opt/***/dags/data/hr/BILLSTATUS-118hr1023.json to gs://congress_data/bills/hr/BILLSTATUS-118hr1023.json
[2024-04-08T02:13:56.318+0000] {logging_mixin.py:188} INFO - Uploaded /opt/***/dags/data/hr/BILLSTATUS-118hr4364.json to gs://congress_data/bills/hr/BILLSTATUS-118hr4364.json
[2024-04-08T02:13:56.498+0000] {logging_mixin.py:188} INFO - Uploaded /opt/***/dags/data/hr/BILLSTATUS-118hr347.json to gs://congress_data/bills/hr/BILLSTATUS-118hr347.json
[2024-04-08T02:13:56.683+0000] {logging_mixin.py:188} INFO - Uploaded /opt/***/dags/data/hr/BILLSTATUS-118hr886.json to gs://congress_data/bills/hr/BILLSTATUS-118hr886.json
[2024-04-08T02:13:56.855+0000] {logging_mixin.py:188} INFO - Uploaded /opt/***/dags/data/hr/BILLSTATUS-118hr185.json to gs://congress_data/bills/hr/BILLSTATUS-118hr185.json
[2024-04-08T02:13:57.015+0000] {logging_mixin.py:188} INFO - Uploaded /opt/***/dags/data/hr/BILLSTATUS-118hr3941.json to gs://congress_data/bills/hr/BILLSTATUS-118hr3941.json
[2024-04-08T02:13:57.175+0000] {logging_mixin.py:188} INFO - Uploaded /opt/***/dags/data/hr/BILLSTATUS-118hr5856.json to gs://congress_data/bills/hr/BILLSTATUS-118hr5856.json
[2024-04-08T02:13:57.383+0000] {logging_mixin.py:188} INFO - Uploaded /opt/***/dags/data/hr/BILLSTATUS-118hr21.json to gs://congress_data/bills/hr/BILLSTATUS-118hr21.json
[2024-04-08T02:13:57.579+0000] {logging_mixin.py:188} INFO - Uploaded /opt/***/dags/data/hr/BILLSTATUS-118hr3202.json to gs://congress_data/bills/hr/BILLSTATUS-118hr3202.json
[2024-04-08T02:13:57.744+0000] {logging_mixin.py:188} INFO - Uploaded /opt/***/dags/data/hr/BILLSTATUS-118hr6503.json to gs://congress_data/bills/hr/BILLSTATUS-118hr6503.json
[2024-04-08T02:13:57.912+0000] {logging_mixin.py:188} INFO - Uploaded /opt/***/dags/data/hr/BILLSTATUS-118hr5378.json to gs://congress_data/bills/hr/BILLSTATUS-118hr5378.json
[2024-04-08T02:13:58.070+0000] {logging_mixin.py:188} INFO - Uploaded /opt/***/dags/data/hr/BILLSTATUS-118hr500.json to gs://congress_data/bills/hr/BILLSTATUS-118hr500.json
[2024-04-08T02:13:58.248+0000] {logging_mixin.py:188} INFO - Uploaded /opt/***/dags/data/hr/BILLSTATUS-118hr1435.json to gs://congress_data/bills/hr/BILLSTATUS-118hr1435.json
[2024-04-08T02:13:58.438+0000] {logging_mixin.py:188} INFO - Uploaded /opt/***/dags/data/hr/BILLSTATUS-118hr5860.json to gs://congress_data/bills/hr/BILLSTATUS-118hr5860.json
[2024-04-08T02:13:58.603+0000] {logging_mixin.py:188} INFO - Uploaded /opt/***/dags/data/hr/BILLSTATUS-118hr3799.json to gs://congress_data/bills/hr/BILLSTATUS-118hr3799.json
[2024-04-08T02:13:58.781+0000] {logging_mixin.py:188} INFO - Uploaded /opt/***/dags/data/hr/BILLSTATUS-118hr2872.json to gs://congress_data/bills/hr/BILLSTATUS-118hr2872.json
[2024-04-08T02:13:58.969+0000] {logging_mixin.py:188} INFO - Uploaded /opt/***/dags/data/hr/BILLSTATUS-118hr3672.json to gs://congress_data/bills/hr/BILLSTATUS-118hr3672.json
[2024-04-08T02:13:59.138+0000] {logging_mixin.py:188} INFO - Uploaded /opt/***/dags/data/hr/BILLSTATUS-118hr5933.json to gs://congress_data/bills/hr/BILLSTATUS-118hr5933.json
[2024-04-08T02:13:59.349+0000] {logging_mixin.py:188} INFO - Uploaded /opt/***/dags/data/hr/BILLSTATUS-118hr5525.json to gs://congress_data/bills/hr/BILLSTATUS-118hr5525.json
[2024-04-08T02:13:59.539+0000] {logging_mixin.py:188} INFO - Uploaded /opt/***/dags/data/hr/BILLSTATUS-118hr4820.json to gs://congress_data/bills/hr/BILLSTATUS-118hr4820.json
[2024-04-08T02:13:59.725+0000] {logging_mixin.py:188} INFO - Uploaded /opt/***/dags/data/hr/BILLSTATUS-118hr6276.json to gs://congress_data/bills/hr/BILLSTATUS-118hr6276.json
[2024-04-08T02:13:59.899+0000] {logging_mixin.py:188} INFO - Uploaded /opt/***/dags/data/hr/BILLSTATUS-118hr5119.json to gs://congress_data/bills/hr/BILLSTATUS-118hr5119.json
[2024-04-08T02:14:00.090+0000] {logging_mixin.py:188} INFO - Uploaded /opt/***/dags/data/hr/BILLSTATUS-118hr2799.json to gs://congress_data/bills/hr/BILLSTATUS-118hr2799.json
[2024-04-08T02:14:00.254+0000] {logging_mixin.py:188} INFO - Uploaded /opt/***/dags/data/hr/BILLSTATUS-118hr5375.json to gs://congress_data/bills/hr/BILLSTATUS-118hr5375.json
[2024-04-08T02:14:00.425+0000] {logging_mixin.py:188} INFO - Uploaded /opt/***/dags/data/hr/BILLSTATUS-118hr6918.json to gs://congress_data/bills/hr/BILLSTATUS-118hr6918.json
[2024-04-08T02:14:00.587+0000] {logging_mixin.py:188} INFO - Uploaded /opt/***/dags/data/hr/BILLSTATUS-118hr1727.json to gs://congress_data/bills/hr/BILLSTATUS-118hr1727.json
[2024-04-08T02:14:00.779+0000] {logging_mixin.py:188} INFO - Uploaded /opt/***/dags/data/hr/BILLSTATUS-118hr4821.json to gs://congress_data/bills/hr/BILLSTATUS-118hr4821.json
[2024-04-08T02:14:00.945+0000] {logging_mixin.py:188} INFO - Uploaded /opt/***/dags/data/hr/BILLSTATUS-118hr1567.json to gs://congress_data/bills/hr/BILLSTATUS-118hr1567.json
[2024-04-08T02:14:01.116+0000] {logging_mixin.py:188} INFO - Uploaded /opt/***/dags/data/hr/BILLSTATUS-118hr5524.json to gs://congress_data/bills/hr/BILLSTATUS-118hr5524.json
[2024-04-08T02:14:01.275+0000] {logging_mixin.py:188} INFO - Uploaded /opt/***/dags/data/hr/BILLSTATUS-118hr1530.json to gs://congress_data/bills/hr/BILLSTATUS-118hr1530.json
[2024-04-08T02:14:01.473+0000] {logging_mixin.py:188} INFO - Uploaded /opt/***/dags/data/hr/BILLSTATUS-118hr3848.json to gs://congress_data/bills/hr/BILLSTATUS-118hr3848.json
[2024-04-08T02:14:01.641+0000] {logging_mixin.py:188} INFO - Uploaded /opt/***/dags/data/hr/BILLSTATUS-118hr1121.json to gs://congress_data/bills/hr/BILLSTATUS-118hr1121.json
[2024-04-08T02:14:01.808+0000] {logging_mixin.py:188} INFO - Uploaded /opt/***/dags/data/hr/BILLSTATUS-118hr1156.json to gs://congress_data/bills/hr/BILLSTATUS-118hr1156.json
[2024-04-08T02:14:01.982+0000] {logging_mixin.py:188} INFO - Uploaded /opt/***/dags/data/hr/BILLSTATUS-118hr2795.json to gs://congress_data/bills/hr/BILLSTATUS-118hr2795.json
[2024-04-08T02:14:02.151+0000] {logging_mixin.py:188} INFO - Uploaded /opt/***/dags/data/hr/BILLSTATUS-118hr2812.json to gs://congress_data/bills/hr/BILLSTATUS-118hr2812.json
[2024-04-08T02:14:02.329+0000] {logging_mixin.py:188} INFO - Uploaded /opt/***/dags/data/hr/BILLSTATUS-118hr6914.json to gs://congress_data/bills/hr/BILLSTATUS-118hr6914.json
[2024-04-08T02:14:02.513+0000] {logging_mixin.py:188} INFO - Uploaded /opt/***/dags/data/hr/BILLSTATUS-118hr813.json to gs://congress_data/bills/hr/BILLSTATUS-118hr813.json
[2024-04-08T02:14:02.703+0000] {logging_mixin.py:188} INFO - Uploaded /opt/***/dags/data/hr/BILLSTATUS-118hr1547.json to gs://congress_data/bills/hr/BILLSTATUS-118hr1547.json
[2024-04-08T02:14:02.887+0000] {logging_mixin.py:188} INFO - Uploaded /opt/***/dags/data/hr/BILLSTATUS-118hr7217.json to gs://congress_data/bills/hr/BILLSTATUS-118hr7217.json
[2024-04-08T02:14:03.078+0000] {logging_mixin.py:188} INFO - Uploaded /opt/***/dags/data/hr/BILLSTATUS-118hr5894.json to gs://congress_data/bills/hr/BILLSTATUS-118hr5894.json
[2024-04-08T02:14:03.248+0000] {logging_mixin.py:188} INFO - Uploaded /opt/***/dags/data/hr/BILLSTATUS-118hr5528.json to gs://congress_data/bills/hr/BILLSTATUS-118hr5528.json
[2024-04-08T02:14:03.436+0000] {logging_mixin.py:188} INFO - Uploaded /opt/***/dags/data/hr/BILLSTATUS-118hr1615.json to gs://congress_data/bills/hr/BILLSTATUS-118hr1615.json
[2024-04-08T02:14:03.603+0000] {logging_mixin.py:188} INFO - Uploaded /opt/***/dags/data/hr/BILLSTATUS-118hr346.json to gs://congress_data/bills/hr/BILLSTATUS-118hr346.json
[2024-04-08T02:14:03.780+0000] {logging_mixin.py:188} INFO - Uploaded /opt/***/dags/data/sjres/BILLSTATUS-118sjres24.json to gs://congress_data/bills/sjres/BILLSTATUS-118sjres24.json
[2024-04-08T02:14:03.957+0000] {logging_mixin.py:188} INFO - Uploaded /opt/***/dags/data/sjres/BILLSTATUS-118sjres32.json to gs://congress_data/bills/sjres/BILLSTATUS-118sjres32.json
[2024-04-08T02:14:04.129+0000] {logging_mixin.py:188} INFO - Uploaded /opt/***/dags/data/sjres/BILLSTATUS-118sjres44.json to gs://congress_data/bills/sjres/BILLSTATUS-118sjres44.json
[2024-04-08T02:14:04.310+0000] {logging_mixin.py:188} INFO - Uploaded /opt/***/dags/data/sjres/BILLSTATUS-118sjres38.json to gs://congress_data/bills/sjres/BILLSTATUS-118sjres38.json
[2024-04-08T02:14:04.483+0000] {logging_mixin.py:188} INFO - Uploaded /opt/***/dags/data/sjres/BILLSTATUS-118sjres43.json to gs://congress_data/bills/sjres/BILLSTATUS-118sjres43.json
[2024-04-08T02:14:04.649+0000] {logging_mixin.py:188} INFO - Uploaded /opt/***/dags/data/sjres/BILLSTATUS-118sjres4.json to gs://congress_data/bills/sjres/BILLSTATUS-118sjres4.json
[2024-04-08T02:14:04.814+0000] {logging_mixin.py:188} INFO - Uploaded /opt/***/dags/data/sjres/BILLSTATUS-118sjres18.json to gs://congress_data/bills/sjres/BILLSTATUS-118sjres18.json
[2024-04-08T02:14:04.991+0000] {logging_mixin.py:188} INFO - Uploaded /opt/***/dags/data/sjres/BILLSTATUS-118sjres9.json to gs://congress_data/bills/sjres/BILLSTATUS-118sjres9.json
[2024-04-08T02:14:05.161+0000] {logging_mixin.py:188} INFO - Uploaded /opt/***/dags/data/sjres/BILLSTATUS-118sjres62.json to gs://congress_data/bills/sjres/BILLSTATUS-118sjres62.json
[2024-04-08T02:14:05.338+0000] {logging_mixin.py:188} INFO - Uploaded /opt/***/dags/data/sjres/BILLSTATUS-118sjres23.json to gs://congress_data/bills/sjres/BILLSTATUS-118sjres23.json
[2024-04-08T02:14:05.506+0000] {logging_mixin.py:188} INFO - Uploaded /opt/***/dags/data/sjres/BILLSTATUS-118sjres42.json to gs://congress_data/bills/sjres/BILLSTATUS-118sjres42.json
[2024-04-08T02:14:05.671+0000] {logging_mixin.py:188} INFO - Uploaded /opt/***/dags/data/sjres/BILLSTATUS-118sjres60.json to gs://congress_data/bills/sjres/BILLSTATUS-118sjres60.json
[2024-04-08T02:14:05.834+0000] {logging_mixin.py:188} INFO - Uploaded /opt/***/dags/data/sjres/BILLSTATUS-118sjres51.json to gs://congress_data/bills/sjres/BILLSTATUS-118sjres51.json
[2024-04-08T02:14:05.991+0000] {logging_mixin.py:188} INFO - Uploaded /opt/***/dags/data/sjres/BILLSTATUS-118sjres10.json to gs://congress_data/bills/sjres/BILLSTATUS-118sjres10.json
[2024-04-08T02:14:06.164+0000] {logging_mixin.py:188} INFO - Uploaded /opt/***/dags/data/sjres/BILLSTATUS-118sjres11.json to gs://congress_data/bills/sjres/BILLSTATUS-118sjres11.json
[2024-04-08T02:14:06.167+0000] {python.py:202} INFO - Done. Returned value was: None
[2024-04-08T02:14:06.205+0000] {taskinstance.py:1149} INFO - Marking task as SUCCESS. dag_id=upload_congress_data, task_id=upload_bills_to_gcs, execution_date=20240408T021145, start_date=20240408T021326, end_date=20240408T021406
[2024-04-08T02:14:06.274+0000] {local_task_job_runner.py:234} INFO - Task exited with return code 0
[2024-04-08T02:14:06.300+0000] {taskinstance.py:3312} INFO - 0 downstream tasks scheduled from follow-on schedule check
