[2024-06-12T04:06:28.325+0000] {taskinstance.py:1979} INFO - Dependencies all met for dep_context=non-requeueable deps ti=<TaskInstance: upload_congress_data.upload_bill_status_to_gcs manual__2024-06-12T04:04:03.467149+00:00 [queued]>
[2024-06-12T04:06:28.332+0000] {taskinstance.py:1979} INFO - Dependencies all met for dep_context=requeueable deps ti=<TaskInstance: upload_congress_data.upload_bill_status_to_gcs manual__2024-06-12T04:04:03.467149+00:00 [queued]>
[2024-06-12T04:06:28.332+0000] {taskinstance.py:2193} INFO - Starting attempt 1 of 1
[2024-06-12T04:06:28.341+0000] {taskinstance.py:2217} INFO - Executing <Task(PythonOperator): upload_bill_status_to_gcs> on 2024-06-12 04:04:03.467149+00:00
[2024-06-12T04:06:28.348+0000] {standard_task_runner.py:60} INFO - Started process 172 to run task
[2024-06-12T04:06:28.353+0000] {standard_task_runner.py:87} INFO - Running: ['***', 'tasks', 'run', 'upload_congress_data', 'upload_bill_status_to_gcs', 'manual__2024-06-12T04:04:03.467149+00:00', '--job-id', '42', '--raw', '--subdir', 'DAGS_FOLDER/upload_congress_data.py', '--cfg-path', '/tmp/tmp5a6uxn0t']
[2024-06-12T04:06:28.357+0000] {standard_task_runner.py:88} INFO - Job 42: Subtask upload_bill_status_to_gcs
[2024-06-12T04:06:28.409+0000] {task_command.py:423} INFO - Running <TaskInstance: upload_congress_data.upload_bill_status_to_gcs manual__2024-06-12T04:04:03.467149+00:00 [running]> on host 57ce92a431c8
[2024-06-12T04:06:28.492+0000] {taskinstance.py:2513} INFO - Exporting env vars: AIRFLOW_CTX_DAG_OWNER='***' AIRFLOW_CTX_DAG_ID='upload_congress_data' AIRFLOW_CTX_TASK_ID='upload_bill_status_to_gcs' AIRFLOW_CTX_EXECUTION_DATE='2024-06-12T04:04:03.467149+00:00' AIRFLOW_CTX_TRY_NUMBER='1' AIRFLOW_CTX_DAG_RUN_ID='manual__2024-06-12T04:04:03.467149+00:00'
[2024-06-12T04:06:30.187+0000] {logging_mixin.py:188} INFO - Uploaded /opt/***/dags/data/bills/hjres/hjresbill_status_0.json to gs://congress_data_testproject-420401/bill_status/hjres/hjresbill_status_0.json
[2024-06-12T04:06:30.839+0000] {logging_mixin.py:188} INFO - Uploaded /opt/***/dags/data/bills/sconres/sconresbill_status_0.json to gs://congress_data_testproject-420401/bill_status/sconres/sconresbill_status_0.json
[2024-06-12T04:06:31.523+0000] {logging_mixin.py:188} INFO - Uploaded /opt/***/dags/data/bills/hconres/hconresbill_status_0.json to gs://congress_data_testproject-420401/bill_status/hconres/hconresbill_status_0.json
[2024-06-12T04:06:32.140+0000] {logging_mixin.py:188} INFO - Uploaded /opt/***/dags/data/bills/s/sbill_status_16.json to gs://congress_data_testproject-420401/bill_status/s/sbill_status_16.json
[2024-06-12T04:06:32.810+0000] {logging_mixin.py:188} INFO - Uploaded /opt/***/dags/data/bills/s/sbill_status_3.json to gs://congress_data_testproject-420401/bill_status/s/sbill_status_3.json
[2024-06-12T04:06:33.518+0000] {logging_mixin.py:188} INFO - Uploaded /opt/***/dags/data/bills/s/sbill_status_2.json to gs://congress_data_testproject-420401/bill_status/s/sbill_status_2.json
[2024-06-12T04:06:34.180+0000] {logging_mixin.py:188} INFO - Uploaded /opt/***/dags/data/bills/s/sbill_status_17.json to gs://congress_data_testproject-420401/bill_status/s/sbill_status_17.json
[2024-06-12T04:06:34.851+0000] {logging_mixin.py:188} INFO - Uploaded /opt/***/dags/data/bills/s/sbill_status_9.json to gs://congress_data_testproject-420401/bill_status/s/sbill_status_9.json
[2024-06-12T04:06:35.521+0000] {logging_mixin.py:188} INFO - Uploaded /opt/***/dags/data/bills/s/sbill_status_10.json to gs://congress_data_testproject-420401/bill_status/s/sbill_status_10.json
[2024-06-12T04:06:36.149+0000] {logging_mixin.py:188} INFO - Uploaded /opt/***/dags/data/bills/s/sbill_status_5.json to gs://congress_data_testproject-420401/bill_status/s/sbill_status_5.json
[2024-06-12T04:06:36.817+0000] {logging_mixin.py:188} INFO - Uploaded /opt/***/dags/data/bills/s/sbill_status_4.json to gs://congress_data_testproject-420401/bill_status/s/sbill_status_4.json
[2024-06-12T04:06:37.464+0000] {logging_mixin.py:188} INFO - Uploaded /opt/***/dags/data/bills/s/sbill_status_11.json to gs://congress_data_testproject-420401/bill_status/s/sbill_status_11.json
[2024-06-12T04:06:38.132+0000] {logging_mixin.py:188} INFO - Uploaded /opt/***/dags/data/bills/s/sbill_status_8.json to gs://congress_data_testproject-420401/bill_status/s/sbill_status_8.json
[2024-06-12T04:06:38.760+0000] {logging_mixin.py:188} INFO - Uploaded /opt/***/dags/data/bills/s/sbill_status_7.json to gs://congress_data_testproject-420401/bill_status/s/sbill_status_7.json
[2024-06-12T04:06:39.404+0000] {logging_mixin.py:188} INFO - Uploaded /opt/***/dags/data/bills/s/sbill_status_12.json to gs://congress_data_testproject-420401/bill_status/s/sbill_status_12.json
[2024-06-12T04:06:40.056+0000] {logging_mixin.py:188} INFO - Uploaded /opt/***/dags/data/bills/s/sbill_status_13.json to gs://congress_data_testproject-420401/bill_status/s/sbill_status_13.json
[2024-06-12T04:06:40.753+0000] {logging_mixin.py:188} INFO - Uploaded /opt/***/dags/data/bills/s/sbill_status_6.json to gs://congress_data_testproject-420401/bill_status/s/sbill_status_6.json
[2024-06-12T04:06:41.393+0000] {logging_mixin.py:188} INFO - Uploaded /opt/***/dags/data/bills/s/sbill_status_1.json to gs://congress_data_testproject-420401/bill_status/s/sbill_status_1.json
[2024-06-12T04:06:42.006+0000] {logging_mixin.py:188} INFO - Uploaded /opt/***/dags/data/bills/s/sbill_status_14.json to gs://congress_data_testproject-420401/bill_status/s/sbill_status_14.json
[2024-06-12T04:06:42.618+0000] {logging_mixin.py:188} INFO - Uploaded /opt/***/dags/data/bills/s/sbill_status_15.json to gs://congress_data_testproject-420401/bill_status/s/sbill_status_15.json
[2024-06-12T04:06:43.236+0000] {logging_mixin.py:188} INFO - Uploaded /opt/***/dags/data/bills/s/sbill_status_0.json to gs://congress_data_testproject-420401/bill_status/s/sbill_status_0.json
[2024-06-12T04:06:43.928+0000] {logging_mixin.py:188} INFO - Uploaded /opt/***/dags/data/bills/sres/sresbill_status_1.json to gs://congress_data_testproject-420401/bill_status/sres/sresbill_status_1.json
[2024-06-12T04:06:44.576+0000] {logging_mixin.py:188} INFO - Uploaded /opt/***/dags/data/bills/sres/sresbill_status_0.json to gs://congress_data_testproject-420401/bill_status/sres/sresbill_status_0.json
[2024-06-12T04:06:45.206+0000] {logging_mixin.py:188} INFO - Uploaded /opt/***/dags/data/bills/sres/sresbill_status_2.json to gs://congress_data_testproject-420401/bill_status/sres/sresbill_status_2.json
[2024-06-12T04:06:45.848+0000] {logging_mixin.py:188} INFO - Uploaded /opt/***/dags/data/bills/hr/hrbill_status_26.json to gs://congress_data_testproject-420401/bill_status/hr/hrbill_status_26.json
[2024-06-12T04:06:46.481+0000] {logging_mixin.py:188} INFO - Uploaded /opt/***/dags/data/bills/hr/hrbill_status_30.json to gs://congress_data_testproject-420401/bill_status/hr/hrbill_status_30.json
[2024-06-12T04:06:47.150+0000] {logging_mixin.py:188} INFO - Uploaded /opt/***/dags/data/bills/hr/hrbill_status_10.json to gs://congress_data_testproject-420401/bill_status/hr/hrbill_status_10.json
[2024-06-12T04:06:47.812+0000] {logging_mixin.py:188} INFO - Uploaded /opt/***/dags/data/bills/hr/hrbill_status_0.json to gs://congress_data_testproject-420401/bill_status/hr/hrbill_status_0.json
[2024-06-12T04:06:48.461+0000] {logging_mixin.py:188} INFO - Uploaded /opt/***/dags/data/bills/hr/hrbill_status_1.json to gs://congress_data_testproject-420401/bill_status/hr/hrbill_status_1.json
[2024-06-12T04:06:49.138+0000] {logging_mixin.py:188} INFO - Uploaded /opt/***/dags/data/bills/hr/hrbill_status_11.json to gs://congress_data_testproject-420401/bill_status/hr/hrbill_status_11.json
[2024-06-12T04:06:49.798+0000] {logging_mixin.py:188} INFO - Uploaded /opt/***/dags/data/bills/hr/hrbill_status_31.json to gs://congress_data_testproject-420401/bill_status/hr/hrbill_status_31.json
[2024-06-12T04:06:50.471+0000] {logging_mixin.py:188} INFO - Uploaded /opt/***/dags/data/bills/hr/hrbill_status_27.json to gs://congress_data_testproject-420401/bill_status/hr/hrbill_status_27.json
[2024-06-12T04:06:51.083+0000] {logging_mixin.py:188} INFO - Uploaded /opt/***/dags/data/bills/hr/hrbill_status_16.json to gs://congress_data_testproject-420401/bill_status/hr/hrbill_status_16.json
[2024-06-12T04:06:51.817+0000] {logging_mixin.py:188} INFO - Uploaded /opt/***/dags/data/bills/hr/hrbill_status_6.json to gs://congress_data_testproject-420401/bill_status/hr/hrbill_status_6.json
[2024-06-12T04:06:52.450+0000] {logging_mixin.py:188} INFO - Uploaded /opt/***/dags/data/bills/hr/hrbill_status_20.json to gs://congress_data_testproject-420401/bill_status/hr/hrbill_status_20.json
[2024-06-12T04:06:53.126+0000] {logging_mixin.py:188} INFO - Uploaded /opt/***/dags/data/bills/hr/hrbill_status_21.json to gs://congress_data_testproject-420401/bill_status/hr/hrbill_status_21.json
[2024-06-12T04:06:53.761+0000] {logging_mixin.py:188} INFO - Uploaded /opt/***/dags/data/bills/hr/hrbill_status_7.json to gs://congress_data_testproject-420401/bill_status/hr/hrbill_status_7.json
[2024-06-12T04:06:54.386+0000] {logging_mixin.py:188} INFO - Uploaded /opt/***/dags/data/bills/hr/hrbill_status_17.json to gs://congress_data_testproject-420401/bill_status/hr/hrbill_status_17.json
[2024-06-12T04:06:55.062+0000] {logging_mixin.py:188} INFO - Uploaded /opt/***/dags/data/bills/hr/hrbill_status_4.json to gs://congress_data_testproject-420401/bill_status/hr/hrbill_status_4.json
[2024-06-12T04:06:55.723+0000] {logging_mixin.py:188} INFO - Uploaded /opt/***/dags/data/bills/hr/hrbill_status_14.json to gs://congress_data_testproject-420401/bill_status/hr/hrbill_status_14.json
[2024-06-12T04:06:56.554+0000] {logging_mixin.py:188} INFO - Uploaded /opt/***/dags/data/bills/hr/hrbill_status_8.json to gs://congress_data_testproject-420401/bill_status/hr/hrbill_status_8.json
[2024-06-12T04:06:57.194+0000] {logging_mixin.py:188} INFO - Uploaded /opt/***/dags/data/bills/hr/hrbill_status_18.json to gs://congress_data_testproject-420401/bill_status/hr/hrbill_status_18.json
[2024-06-12T04:06:57.850+0000] {logging_mixin.py:188} INFO - Uploaded /opt/***/dags/data/bills/hr/hrbill_status_34.json to gs://congress_data_testproject-420401/bill_status/hr/hrbill_status_34.json
[2024-06-12T04:06:58.506+0000] {logging_mixin.py:188} INFO - Uploaded /opt/***/dags/data/bills/hr/hrbill_status_22.json to gs://congress_data_testproject-420401/bill_status/hr/hrbill_status_22.json
[2024-06-12T04:06:59.136+0000] {logging_mixin.py:188} INFO - Uploaded /opt/***/dags/data/bills/hr/hrbill_status_23.json to gs://congress_data_testproject-420401/bill_status/hr/hrbill_status_23.json
[2024-06-12T04:06:59.807+0000] {logging_mixin.py:188} INFO - Uploaded /opt/***/dags/data/bills/hr/hrbill_status_19.json to gs://congress_data_testproject-420401/bill_status/hr/hrbill_status_19.json
[2024-06-12T04:07:00.443+0000] {logging_mixin.py:188} INFO - Uploaded /opt/***/dags/data/bills/hr/hrbill_status_9.json to gs://congress_data_testproject-420401/bill_status/hr/hrbill_status_9.json
[2024-06-12T04:07:01.071+0000] {logging_mixin.py:188} INFO - Uploaded /opt/***/dags/data/bills/hr/hrbill_status_15.json to gs://congress_data_testproject-420401/bill_status/hr/hrbill_status_15.json
[2024-06-12T04:07:01.751+0000] {logging_mixin.py:188} INFO - Uploaded /opt/***/dags/data/bills/hr/hrbill_status_5.json to gs://congress_data_testproject-420401/bill_status/hr/hrbill_status_5.json
[2024-06-12T04:07:02.373+0000] {logging_mixin.py:188} INFO - Uploaded /opt/***/dags/data/bills/hr/hrbill_status_32.json to gs://congress_data_testproject-420401/bill_status/hr/hrbill_status_32.json
[2024-06-12T04:07:03.013+0000] {logging_mixin.py:188} INFO - Uploaded /opt/***/dags/data/bills/hr/hrbill_status_24.json to gs://congress_data_testproject-420401/bill_status/hr/hrbill_status_24.json
[2024-06-12T04:07:03.698+0000] {logging_mixin.py:188} INFO - Uploaded /opt/***/dags/data/bills/hr/hrbill_status_2.json to gs://congress_data_testproject-420401/bill_status/hr/hrbill_status_2.json
[2024-06-12T04:07:04.353+0000] {logging_mixin.py:188} INFO - Uploaded /opt/***/dags/data/bills/hr/hrbill_status_12.json to gs://congress_data_testproject-420401/bill_status/hr/hrbill_status_12.json
[2024-06-12T04:07:04.996+0000] {logging_mixin.py:188} INFO - Uploaded /opt/***/dags/data/bills/hr/hrbill_status_28.json to gs://congress_data_testproject-420401/bill_status/hr/hrbill_status_28.json
[2024-06-12T04:07:05.653+0000] {logging_mixin.py:188} INFO - Uploaded /opt/***/dags/data/bills/hr/hrbill_status_29.json to gs://congress_data_testproject-420401/bill_status/hr/hrbill_status_29.json
[2024-06-12T04:07:06.279+0000] {logging_mixin.py:188} INFO - Uploaded /opt/***/dags/data/bills/hr/hrbill_status_13.json to gs://congress_data_testproject-420401/bill_status/hr/hrbill_status_13.json
[2024-06-12T04:07:06.896+0000] {logging_mixin.py:188} INFO - Uploaded /opt/***/dags/data/bills/hr/hrbill_status_3.json to gs://congress_data_testproject-420401/bill_status/hr/hrbill_status_3.json
[2024-06-12T04:07:07.527+0000] {logging_mixin.py:188} INFO - Uploaded /opt/***/dags/data/bills/hr/hrbill_status_25.json to gs://congress_data_testproject-420401/bill_status/hr/hrbill_status_25.json
[2024-06-12T04:07:08.206+0000] {logging_mixin.py:188} INFO - Uploaded /opt/***/dags/data/bills/hr/hrbill_status_33.json to gs://congress_data_testproject-420401/bill_status/hr/hrbill_status_33.json
[2024-06-12T04:07:08.831+0000] {logging_mixin.py:188} INFO - Uploaded /opt/***/dags/data/bills/sjres/sjresbill_status_0.json to gs://congress_data_testproject-420401/bill_status/sjres/sjresbill_status_0.json
[2024-06-12T04:07:08.832+0000] {python.py:202} INFO - Done. Returned value was: None
[2024-06-12T04:07:08.843+0000] {taskinstance.py:1149} INFO - Marking task as SUCCESS. dag_id=upload_congress_data, task_id=upload_bill_status_to_gcs, execution_date=20240612T040403, start_date=20240612T040628, end_date=20240612T040708
[2024-06-12T04:07:08.874+0000] {local_task_job_runner.py:234} INFO - Task exited with return code 0
[2024-06-12T04:07:08.896+0000] {taskinstance.py:3312} INFO - 1 downstream tasks scheduled from follow-on schedule check
