[2024-03-24T20:56:58.279+0000] {taskinstance.py:1979} INFO - Dependencies all met for dep_context=non-requeueable deps ti=<TaskInstance: upload_historical_congress_data.upload_historical_bills_and_actions scheduled__2024-03-15T00:00:00+00:00 [queued]>
[2024-03-24T20:56:58.288+0000] {taskinstance.py:1979} INFO - Dependencies all met for dep_context=requeueable deps ti=<TaskInstance: upload_historical_congress_data.upload_historical_bills_and_actions scheduled__2024-03-15T00:00:00+00:00 [queued]>
[2024-03-24T20:56:58.291+0000] {taskinstance.py:2193} INFO - Starting attempt 1 of 3
[2024-03-24T20:56:58.305+0000] {taskinstance.py:2217} INFO - Executing <Task(PythonOperator): upload_historical_bills_and_actions> on 2024-03-15 00:00:00+00:00
[2024-03-24T20:56:58.311+0000] {standard_task_runner.py:60} INFO - Started process 56 to run task
[2024-03-24T20:56:58.316+0000] {standard_task_runner.py:87} INFO - Running: ['***', 'tasks', 'run', 'upload_historical_congress_data', 'upload_historical_bills_and_actions', 'scheduled__2024-03-15T00:00:00+00:00', '--job-id', '74', '--raw', '--subdir', 'DAGS_FOLDER/upload_historical_congress_data.py', '--cfg-path', '/tmp/tmpoe1ijxdy']
[2024-03-24T20:56:58.321+0000] {standard_task_runner.py:88} INFO - Job 74: Subtask upload_historical_bills_and_actions
[2024-03-24T20:56:58.395+0000] {task_command.py:423} INFO - Running <TaskInstance: upload_historical_congress_data.upload_historical_bills_and_actions scheduled__2024-03-15T00:00:00+00:00 [running]> on host 4fee77e26a47
[2024-03-24T20:56:58.488+0000] {taskinstance.py:2513} INFO - Exporting env vars: AIRFLOW_CTX_DAG_EMAIL='***@***.com' AIRFLOW_CTX_DAG_OWNER='***' AIRFLOW_CTX_DAG_ID='upload_historical_congress_data' AIRFLOW_CTX_TASK_ID='upload_historical_bills_and_actions' AIRFLOW_CTX_EXECUTION_DATE='2024-03-15T00:00:00+00:00' AIRFLOW_CTX_TRY_NUMBER='1' AIRFLOW_CTX_DAG_RUN_ID='scheduled__2024-03-15T00:00:00+00:00'
[2024-03-24T20:56:58.498+0000] {get_data.py:199} INFO - executing API call for https://api.congress.gov/v3/bill?format=json&fromDateTime=2023-01-01T00:00:00Z&toDateTime=2024-03-15T00:00:00Z&offset=0&limit=250&api_key=WNue8kCDCOIlewAsULgnN8j6SqSgAZjE2sYbPsBb
[2024-03-24T20:57:05.339+0000] {get_data.py:199} INFO - executing API call for https://api.congress.gov/v3/bill?format=json&fromDateTime=2023-01-01T00:00:00Z&toDateTime=2024-03-15T00:00:00Z&offset=0&limit=250&api_key=WNue8kCDCOIlewAsULgnN8j6SqSgAZjE2sYbPsBb
[2024-03-24T20:57:07.472+0000] {logging_mixin.py:188} INFO - Parquet data uploaded to gs://congress_data/bills/1_250_bills.parquet
[2024-03-24T20:57:07.480+0000] {logging_mixin.py:188} INFO - 250 of 323421 bills records uploaded
[2024-03-24T20:57:07.501+0000] {get_data.py:199} INFO - executing API call for https://api.congress.gov/v3/bill/118/s/3932/actions?offset=None&limit=250&api_key=WNue8kCDCOIlewAsULgnN8j6SqSgAZjE2sYbPsBb
[2024-03-24T20:57:07.902+0000] {get_data.py:199} INFO - executing API call for https://api.congress.gov/v3/bill/118/s/3932/actions?offset=0&limit=250&api_key=WNue8kCDCOIlewAsULgnN8j6SqSgAZjE2sYbPsBb
[2024-03-24T20:57:09.344+0000] {logging_mixin.py:188} INFO - Parquet data uploaded to gs://congress_data/actions/s_3932_actions_1_2.parquet
[2024-03-24T20:57:09.346+0000] {logging_mixin.py:188} INFO - Actions uploaded for bill s 3932
[2024-03-24T20:57:09.348+0000] {get_data.py:199} INFO - executing API call for https://api.congress.gov/v3/bill/118/s/3931/actions?offset=0&limit=250&api_key=WNue8kCDCOIlewAsULgnN8j6SqSgAZjE2sYbPsBb
[2024-03-24T20:57:09.730+0000] {get_data.py:199} INFO - executing API call for https://api.congress.gov/v3/bill/118/s/3931/actions?offset=0&limit=250&api_key=WNue8kCDCOIlewAsULgnN8j6SqSgAZjE2sYbPsBb
[2024-03-24T20:57:11.116+0000] {logging_mixin.py:188} INFO - Parquet data uploaded to gs://congress_data/actions/s_3931_actions_1_2.parquet
[2024-03-24T20:57:11.119+0000] {logging_mixin.py:188} INFO - Actions uploaded for bill s 3931
[2024-03-24T20:57:11.121+0000] {get_data.py:199} INFO - executing API call for https://api.congress.gov/v3/bill/118/s/3928/actions?offset=0&limit=250&api_key=WNue8kCDCOIlewAsULgnN8j6SqSgAZjE2sYbPsBb
[2024-03-24T20:57:11.489+0000] {get_data.py:199} INFO - executing API call for https://api.congress.gov/v3/bill/118/s/3928/actions?offset=0&limit=250&api_key=WNue8kCDCOIlewAsULgnN8j6SqSgAZjE2sYbPsBb
[2024-03-24T20:57:12.911+0000] {logging_mixin.py:188} INFO - Parquet data uploaded to gs://congress_data/actions/s_3928_actions_1_2.parquet
[2024-03-24T20:57:12.913+0000] {logging_mixin.py:188} INFO - Actions uploaded for bill s 3928
[2024-03-24T20:57:12.916+0000] {get_data.py:199} INFO - executing API call for https://api.congress.gov/v3/bill/118/s/3925/actions?offset=0&limit=250&api_key=WNue8kCDCOIlewAsULgnN8j6SqSgAZjE2sYbPsBb
[2024-03-24T20:57:13.281+0000] {get_data.py:199} INFO - executing API call for https://api.congress.gov/v3/bill/118/s/3925/actions?offset=0&limit=250&api_key=WNue8kCDCOIlewAsULgnN8j6SqSgAZjE2sYbPsBb
[2024-03-24T20:57:14.686+0000] {logging_mixin.py:188} INFO - Parquet data uploaded to gs://congress_data/actions/s_3925_actions_1_2.parquet
[2024-03-24T20:57:14.690+0000] {logging_mixin.py:188} INFO - Actions uploaded for bill s 3925
[2024-03-24T20:57:14.694+0000] {get_data.py:199} INFO - executing API call for https://api.congress.gov/v3/bill/118/s/3926/actions?offset=0&limit=250&api_key=WNue8kCDCOIlewAsULgnN8j6SqSgAZjE2sYbPsBb
[2024-03-24T20:57:15.098+0000] {get_data.py:199} INFO - executing API call for https://api.congress.gov/v3/bill/118/s/3926/actions?offset=0&limit=250&api_key=WNue8kCDCOIlewAsULgnN8j6SqSgAZjE2sYbPsBb
[2024-03-24T20:57:16.646+0000] {logging_mixin.py:188} INFO - Parquet data uploaded to gs://congress_data/actions/s_3926_actions_1_2.parquet
[2024-03-24T20:57:16.648+0000] {logging_mixin.py:188} INFO - Actions uploaded for bill s 3926
[2024-03-24T20:57:16.650+0000] {get_data.py:199} INFO - executing API call for https://api.congress.gov/v3/bill/118/s/3924/actions?offset=0&limit=250&api_key=WNue8kCDCOIlewAsULgnN8j6SqSgAZjE2sYbPsBb
[2024-03-24T20:57:17.027+0000] {get_data.py:199} INFO - executing API call for https://api.congress.gov/v3/bill/118/s/3924/actions?offset=0&limit=250&api_key=WNue8kCDCOIlewAsULgnN8j6SqSgAZjE2sYbPsBb
[2024-03-24T20:57:18.387+0000] {logging_mixin.py:188} INFO - Parquet data uploaded to gs://congress_data/actions/s_3924_actions_1_2.parquet
[2024-03-24T20:57:18.389+0000] {logging_mixin.py:188} INFO - Actions uploaded for bill s 3924
[2024-03-24T20:57:18.391+0000] {get_data.py:199} INFO - executing API call for https://api.congress.gov/v3/bill/118/s/3871/actions?offset=0&limit=250&api_key=WNue8kCDCOIlewAsULgnN8j6SqSgAZjE2sYbPsBb
[2024-03-24T20:57:18.779+0000] {get_data.py:199} INFO - executing API call for https://api.congress.gov/v3/bill/118/s/3871/actions?offset=0&limit=250&api_key=WNue8kCDCOIlewAsULgnN8j6SqSgAZjE2sYbPsBb
[2024-03-24T20:57:20.128+0000] {logging_mixin.py:188} INFO - Parquet data uploaded to gs://congress_data/actions/s_3871_actions_1_3.parquet
[2024-03-24T20:57:20.132+0000] {logging_mixin.py:188} INFO - Actions uploaded for bill s 3871
[2024-03-24T20:57:20.135+0000] {get_data.py:199} INFO - executing API call for https://api.congress.gov/v3/bill/118/s/3867/actions?offset=0&limit=250&api_key=WNue8kCDCOIlewAsULgnN8j6SqSgAZjE2sYbPsBb
[2024-03-24T20:57:20.514+0000] {get_data.py:199} INFO - executing API call for https://api.congress.gov/v3/bill/118/s/3867/actions?offset=0&limit=250&api_key=WNue8kCDCOIlewAsULgnN8j6SqSgAZjE2sYbPsBb
[2024-03-24T20:57:21.886+0000] {logging_mixin.py:188} INFO - Parquet data uploaded to gs://congress_data/actions/s_3867_actions_1_3.parquet
[2024-03-24T20:57:21.889+0000] {logging_mixin.py:188} INFO - Actions uploaded for bill s 3867
[2024-03-24T20:57:21.892+0000] {get_data.py:199} INFO - executing API call for https://api.congress.gov/v3/bill/118/s/3673/actions?offset=0&limit=250&api_key=WNue8kCDCOIlewAsULgnN8j6SqSgAZjE2sYbPsBb
[2024-03-24T20:57:22.303+0000] {get_data.py:199} INFO - executing API call for https://api.congress.gov/v3/bill/118/s/3673/actions?offset=0&limit=250&api_key=WNue8kCDCOIlewAsULgnN8j6SqSgAZjE2sYbPsBb
[2024-03-24T20:57:23.609+0000] {logging_mixin.py:188} INFO - Parquet data uploaded to gs://congress_data/actions/s_3673_actions_1_3.parquet
[2024-03-24T20:57:23.613+0000] {logging_mixin.py:188} INFO - Actions uploaded for bill s 3673
[2024-03-24T20:57:23.615+0000] {get_data.py:199} INFO - executing API call for https://api.congress.gov/v3/bill/118/s/2790/actions?offset=0&limit=250&api_key=WNue8kCDCOIlewAsULgnN8j6SqSgAZjE2sYbPsBb
[2024-03-24T20:57:24.013+0000] {get_data.py:199} INFO - executing API call for https://api.congress.gov/v3/bill/118/s/2790/actions?offset=0&limit=250&api_key=WNue8kCDCOIlewAsULgnN8j6SqSgAZjE2sYbPsBb
[2024-03-24T20:57:25.349+0000] {logging_mixin.py:188} INFO - Parquet data uploaded to gs://congress_data/actions/s_2790_actions_1_3.parquet
[2024-03-24T20:57:25.351+0000] {logging_mixin.py:188} INFO - Actions uploaded for bill s 2790
[2024-03-24T20:57:25.354+0000] {get_data.py:199} INFO - executing API call for https://api.congress.gov/v3/bill/118/s/1267/actions?offset=0&limit=250&api_key=WNue8kCDCOIlewAsULgnN8j6SqSgAZjE2sYbPsBb
[2024-03-24T20:57:25.757+0000] {get_data.py:199} INFO - executing API call for https://api.congress.gov/v3/bill/118/s/1267/actions?offset=0&limit=250&api_key=WNue8kCDCOIlewAsULgnN8j6SqSgAZjE2sYbPsBb
[2024-03-24T20:57:27.138+0000] {logging_mixin.py:188} INFO - Parquet data uploaded to gs://congress_data/actions/s_1267_actions_1_3.parquet
[2024-03-24T20:57:27.144+0000] {logging_mixin.py:188} INFO - Actions uploaded for bill s 1267
[2024-03-24T20:57:27.148+0000] {get_data.py:199} INFO - executing API call for https://api.congress.gov/v3/bill/118/s/1257/actions?offset=0&limit=250&api_key=WNue8kCDCOIlewAsULgnN8j6SqSgAZjE2sYbPsBb
[2024-03-24T20:57:27.531+0000] {get_data.py:199} INFO - executing API call for https://api.congress.gov/v3/bill/118/s/1257/actions?offset=0&limit=250&api_key=WNue8kCDCOIlewAsULgnN8j6SqSgAZjE2sYbPsBb
[2024-03-24T20:57:28.935+0000] {logging_mixin.py:188} INFO - Parquet data uploaded to gs://congress_data/actions/s_1257_actions_1_3.parquet
[2024-03-24T20:57:28.947+0000] {logging_mixin.py:188} INFO - Actions uploaded for bill s 1257
[2024-03-24T20:57:28.953+0000] {get_data.py:199} INFO - executing API call for https://api.congress.gov/v3/bill/118/s/3921/actions?offset=0&limit=250&api_key=WNue8kCDCOIlewAsULgnN8j6SqSgAZjE2sYbPsBb
[2024-03-24T20:57:29.461+0000] {get_data.py:199} INFO - executing API call for https://api.congress.gov/v3/bill/118/s/3921/actions?offset=0&limit=250&api_key=WNue8kCDCOIlewAsULgnN8j6SqSgAZjE2sYbPsBb
[2024-03-24T20:57:30.879+0000] {logging_mixin.py:188} INFO - Parquet data uploaded to gs://congress_data/actions/s_3921_actions_1_2.parquet
[2024-03-24T20:57:30.882+0000] {logging_mixin.py:188} INFO - Actions uploaded for bill s 3921
[2024-03-24T20:57:30.884+0000] {get_data.py:199} INFO - executing API call for https://api.congress.gov/v3/bill/118/s/3922/actions?offset=0&limit=250&api_key=WNue8kCDCOIlewAsULgnN8j6SqSgAZjE2sYbPsBb
[2024-03-24T20:57:31.280+0000] {get_data.py:199} INFO - executing API call for https://api.congress.gov/v3/bill/118/s/3922/actions?offset=0&limit=250&api_key=WNue8kCDCOIlewAsULgnN8j6SqSgAZjE2sYbPsBb
[2024-03-24T20:57:32.582+0000] {logging_mixin.py:188} INFO - Parquet data uploaded to gs://congress_data/actions/s_3922_actions_1_2.parquet
[2024-03-24T20:57:32.584+0000] {logging_mixin.py:188} INFO - Actions uploaded for bill s 3922
[2024-03-24T20:57:32.585+0000] {get_data.py:199} INFO - executing API call for https://api.congress.gov/v3/bill/118/s/3918/actions?offset=0&limit=250&api_key=WNue8kCDCOIlewAsULgnN8j6SqSgAZjE2sYbPsBb
[2024-03-24T20:57:33.075+0000] {get_data.py:199} INFO - executing API call for https://api.congress.gov/v3/bill/118/s/3918/actions?offset=0&limit=250&api_key=WNue8kCDCOIlewAsULgnN8j6SqSgAZjE2sYbPsBb
[2024-03-24T20:57:34.317+0000] {logging_mixin.py:188} INFO - Parquet data uploaded to gs://congress_data/actions/s_3918_actions_1_2.parquet
[2024-03-24T20:57:34.318+0000] {logging_mixin.py:188} INFO - Actions uploaded for bill s 3918
[2024-03-24T20:57:34.320+0000] {get_data.py:199} INFO - executing API call for https://api.congress.gov/v3/bill/118/s/3920/actions?offset=0&limit=250&api_key=WNue8kCDCOIlewAsULgnN8j6SqSgAZjE2sYbPsBb
[2024-03-24T20:57:34.694+0000] {get_data.py:199} INFO - executing API call for https://api.congress.gov/v3/bill/118/s/3920/actions?offset=0&limit=250&api_key=WNue8kCDCOIlewAsULgnN8j6SqSgAZjE2sYbPsBb
[2024-03-24T20:57:36.046+0000] {logging_mixin.py:188} INFO - Parquet data uploaded to gs://congress_data/actions/s_3920_actions_1_2.parquet
[2024-03-24T20:57:36.052+0000] {logging_mixin.py:188} INFO - Actions uploaded for bill s 3920
[2024-03-24T20:57:36.056+0000] {get_data.py:199} INFO - executing API call for https://api.congress.gov/v3/bill/118/s/3917/actions?offset=0&limit=250&api_key=WNue8kCDCOIlewAsULgnN8j6SqSgAZjE2sYbPsBb
[2024-03-24T20:57:36.458+0000] {get_data.py:199} INFO - executing API call for https://api.congress.gov/v3/bill/118/s/3917/actions?offset=0&limit=250&api_key=WNue8kCDCOIlewAsULgnN8j6SqSgAZjE2sYbPsBb
[2024-03-24T20:57:37.852+0000] {logging_mixin.py:188} INFO - Parquet data uploaded to gs://congress_data/actions/s_3917_actions_1_2.parquet
[2024-03-24T20:57:37.858+0000] {logging_mixin.py:188} INFO - Actions uploaded for bill s 3917
[2024-03-24T20:57:37.864+0000] {get_data.py:199} INFO - executing API call for https://api.congress.gov/v3/bill/118/s/3915/actions?offset=0&limit=250&api_key=WNue8kCDCOIlewAsULgnN8j6SqSgAZjE2sYbPsBb
[2024-03-24T20:57:38.305+0000] {get_data.py:199} INFO - executing API call for https://api.congress.gov/v3/bill/118/s/3915/actions?offset=0&limit=250&api_key=WNue8kCDCOIlewAsULgnN8j6SqSgAZjE2sYbPsBb
[2024-03-24T20:57:39.583+0000] {logging_mixin.py:188} INFO - Parquet data uploaded to gs://congress_data/actions/s_3915_actions_1_2.parquet
[2024-03-24T20:57:39.586+0000] {logging_mixin.py:188} INFO - Actions uploaded for bill s 3915
[2024-03-24T20:57:39.588+0000] {get_data.py:199} INFO - executing API call for https://api.congress.gov/v3/bill/118/s/3912/actions?offset=0&limit=250&api_key=WNue8kCDCOIlewAsULgnN8j6SqSgAZjE2sYbPsBb
[2024-03-24T20:57:39.967+0000] {get_data.py:199} INFO - executing API call for https://api.congress.gov/v3/bill/118/s/3912/actions?offset=0&limit=250&api_key=WNue8kCDCOIlewAsULgnN8j6SqSgAZjE2sYbPsBb
[2024-03-24T20:57:41.340+0000] {logging_mixin.py:188} INFO - Parquet data uploaded to gs://congress_data/actions/s_3912_actions_1_2.parquet
[2024-03-24T20:57:41.344+0000] {logging_mixin.py:188} INFO - Actions uploaded for bill s 3912
[2024-03-24T20:57:41.348+0000] {get_data.py:199} INFO - executing API call for https://api.congress.gov/v3/bill/118/s/3911/actions?offset=0&limit=250&api_key=WNue8kCDCOIlewAsULgnN8j6SqSgAZjE2sYbPsBb
[2024-03-24T20:57:41.750+0000] {get_data.py:199} INFO - executing API call for https://api.congress.gov/v3/bill/118/s/3911/actions?offset=0&limit=250&api_key=WNue8kCDCOIlewAsULgnN8j6SqSgAZjE2sYbPsBb
[2024-03-24T20:57:43.036+0000] {logging_mixin.py:188} INFO - Parquet data uploaded to gs://congress_data/actions/s_3911_actions_1_2.parquet
[2024-03-24T20:57:43.040+0000] {logging_mixin.py:188} INFO - Actions uploaded for bill s 3911
[2024-03-24T20:57:43.044+0000] {get_data.py:199} INFO - executing API call for https://api.congress.gov/v3/bill/118/s/3914/actions?offset=0&limit=250&api_key=WNue8kCDCOIlewAsULgnN8j6SqSgAZjE2sYbPsBb
[2024-03-24T20:57:43.422+0000] {get_data.py:199} INFO - executing API call for https://api.congress.gov/v3/bill/118/s/3914/actions?offset=0&limit=250&api_key=WNue8kCDCOIlewAsULgnN8j6SqSgAZjE2sYbPsBb
[2024-03-24T20:57:44.703+0000] {logging_mixin.py:188} INFO - Parquet data uploaded to gs://congress_data/actions/s_3914_actions_1_2.parquet
[2024-03-24T20:57:44.706+0000] {logging_mixin.py:188} INFO - Actions uploaded for bill s 3914
[2024-03-24T20:57:44.708+0000] {get_data.py:199} INFO - executing API call for https://api.congress.gov/v3/bill/118/s/3913/actions?offset=0&limit=250&api_key=WNue8kCDCOIlewAsULgnN8j6SqSgAZjE2sYbPsBb
[2024-03-24T20:57:45.082+0000] {get_data.py:199} INFO - executing API call for https://api.congress.gov/v3/bill/118/s/3913/actions?offset=0&limit=250&api_key=WNue8kCDCOIlewAsULgnN8j6SqSgAZjE2sYbPsBb
[2024-03-24T20:57:46.545+0000] {logging_mixin.py:188} INFO - Parquet data uploaded to gs://congress_data/actions/s_3913_actions_1_2.parquet
[2024-03-24T20:57:46.548+0000] {logging_mixin.py:188} INFO - Actions uploaded for bill s 3913
[2024-03-24T20:57:46.549+0000] {get_data.py:199} INFO - executing API call for https://api.congress.gov/v3/bill/118/s/3910/actions?offset=0&limit=250&api_key=WNue8kCDCOIlewAsULgnN8j6SqSgAZjE2sYbPsBb
[2024-03-24T20:57:46.927+0000] {get_data.py:199} INFO - executing API call for https://api.congress.gov/v3/bill/118/s/3910/actions?offset=0&limit=250&api_key=WNue8kCDCOIlewAsULgnN8j6SqSgAZjE2sYbPsBb
[2024-03-24T20:57:48.494+0000] {logging_mixin.py:188} INFO - Parquet data uploaded to gs://congress_data/actions/s_3910_actions_1_2.parquet
[2024-03-24T20:57:48.496+0000] {logging_mixin.py:188} INFO - Actions uploaded for bill s 3910
[2024-03-24T20:57:48.499+0000] {get_data.py:199} INFO - executing API call for https://api.congress.gov/v3/bill/118/s/3664/actions?offset=0&limit=250&api_key=WNue8kCDCOIlewAsULgnN8j6SqSgAZjE2sYbPsBb
[2024-03-24T20:57:48.901+0000] {get_data.py:199} INFO - executing API call for https://api.congress.gov/v3/bill/118/s/3664/actions?offset=0&limit=250&api_key=WNue8kCDCOIlewAsULgnN8j6SqSgAZjE2sYbPsBb
[2024-03-24T20:57:50.237+0000] {logging_mixin.py:188} INFO - Parquet data uploaded to gs://congress_data/actions/s_3664_actions_1_3.parquet
[2024-03-24T20:57:50.249+0000] {logging_mixin.py:188} INFO - Actions uploaded for bill s 3664
[2024-03-24T20:57:50.258+0000] {get_data.py:199} INFO - executing API call for https://api.congress.gov/v3/bill/118/s/3139/actions?offset=0&limit=250&api_key=WNue8kCDCOIlewAsULgnN8j6SqSgAZjE2sYbPsBb
[2024-03-24T20:57:50.673+0000] {get_data.py:199} INFO - executing API call for https://api.congress.gov/v3/bill/118/s/3139/actions?offset=0&limit=250&api_key=WNue8kCDCOIlewAsULgnN8j6SqSgAZjE2sYbPsBb
[2024-03-24T20:57:51.976+0000] {logging_mixin.py:188} INFO - Parquet data uploaded to gs://congress_data/actions/s_3139_actions_1_3.parquet
[2024-03-24T20:57:51.979+0000] {logging_mixin.py:188} INFO - Actions uploaded for bill s 3139
[2024-03-24T20:57:51.983+0000] {get_data.py:199} INFO - executing API call for https://api.congress.gov/v3/bill/118/s/3870/actions?offset=0&limit=250&api_key=WNue8kCDCOIlewAsULgnN8j6SqSgAZjE2sYbPsBb
[2024-03-24T20:57:52.419+0000] {get_data.py:199} INFO - executing API call for https://api.congress.gov/v3/bill/118/s/3870/actions?offset=0&limit=250&api_key=WNue8kCDCOIlewAsULgnN8j6SqSgAZjE2sYbPsBb
[2024-03-24T20:57:53.921+0000] {logging_mixin.py:188} INFO - Parquet data uploaded to gs://congress_data/actions/s_3870_actions_1_2.parquet
[2024-03-24T20:57:53.923+0000] {logging_mixin.py:188} INFO - Actions uploaded for bill s 3870
[2024-03-24T20:57:53.926+0000] {get_data.py:199} INFO - executing API call for https://api.congress.gov/v3/bill/118/s/3863/actions?offset=0&limit=250&api_key=WNue8kCDCOIlewAsULgnN8j6SqSgAZjE2sYbPsBb
[2024-03-24T20:57:54.331+0000] {get_data.py:199} INFO - executing API call for https://api.congress.gov/v3/bill/118/s/3863/actions?offset=0&limit=250&api_key=WNue8kCDCOIlewAsULgnN8j6SqSgAZjE2sYbPsBb
[2024-03-24T20:57:55.795+0000] {logging_mixin.py:188} INFO - Parquet data uploaded to gs://congress_data/actions/s_3863_actions_1_2.parquet
[2024-03-24T20:57:55.796+0000] {logging_mixin.py:188} INFO - Actions uploaded for bill s 3863
[2024-03-24T20:57:55.798+0000] {get_data.py:199} INFO - executing API call for https://api.congress.gov/v3/bill/118/s/3862/actions?offset=0&limit=250&api_key=WNue8kCDCOIlewAsULgnN8j6SqSgAZjE2sYbPsBb
[2024-03-24T20:57:56.165+0000] {get_data.py:199} INFO - executing API call for https://api.congress.gov/v3/bill/118/s/3862/actions?offset=0&limit=250&api_key=WNue8kCDCOIlewAsULgnN8j6SqSgAZjE2sYbPsBb
[2024-03-24T20:57:57.614+0000] {logging_mixin.py:188} INFO - Parquet data uploaded to gs://congress_data/actions/s_3862_actions_1_2.parquet
[2024-03-24T20:57:57.625+0000] {logging_mixin.py:188} INFO - Actions uploaded for bill s 3862
[2024-03-24T20:57:57.630+0000] {get_data.py:199} INFO - executing API call for https://api.congress.gov/v3/bill/118/s/3869/actions?offset=0&limit=250&api_key=WNue8kCDCOIlewAsULgnN8j6SqSgAZjE2sYbPsBb
[2024-03-24T20:57:58.033+0000] {get_data.py:199} INFO - executing API call for https://api.congress.gov/v3/bill/118/s/3869/actions?offset=0&limit=250&api_key=WNue8kCDCOIlewAsULgnN8j6SqSgAZjE2sYbPsBb
[2024-03-24T20:57:59.362+0000] {logging_mixin.py:188} INFO - Parquet data uploaded to gs://congress_data/actions/s_3869_actions_1_2.parquet
[2024-03-24T20:57:59.366+0000] {logging_mixin.py:188} INFO - Actions uploaded for bill s 3869
[2024-03-24T20:57:59.370+0000] {get_data.py:199} INFO - executing API call for https://api.congress.gov/v3/bill/118/s/3865/actions?offset=0&limit=250&api_key=WNue8kCDCOIlewAsULgnN8j6SqSgAZjE2sYbPsBb
[2024-03-24T20:57:59.964+0000] {get_data.py:199} INFO - executing API call for https://api.congress.gov/v3/bill/118/s/3865/actions?offset=0&limit=250&api_key=WNue8kCDCOIlewAsULgnN8j6SqSgAZjE2sYbPsBb
[2024-03-24T20:58:01.399+0000] {logging_mixin.py:188} INFO - Parquet data uploaded to gs://congress_data/actions/s_3865_actions_1_2.parquet
[2024-03-24T20:58:01.408+0000] {logging_mixin.py:188} INFO - Actions uploaded for bill s 3865
[2024-03-24T20:58:01.415+0000] {get_data.py:199} INFO - executing API call for https://api.congress.gov/v3/bill/118/s/3864/actions?offset=0&limit=250&api_key=WNue8kCDCOIlewAsULgnN8j6SqSgAZjE2sYbPsBb
[2024-03-24T20:58:01.818+0000] {get_data.py:199} INFO - executing API call for https://api.congress.gov/v3/bill/118/s/3864/actions?offset=0&limit=250&api_key=WNue8kCDCOIlewAsULgnN8j6SqSgAZjE2sYbPsBb
[2024-03-24T20:58:03.128+0000] {logging_mixin.py:188} INFO - Parquet data uploaded to gs://congress_data/actions/s_3864_actions_1_2.parquet
[2024-03-24T20:58:03.132+0000] {logging_mixin.py:188} INFO - Actions uploaded for bill s 3864
[2024-03-24T20:58:03.136+0000] {get_data.py:199} INFO - executing API call for https://api.congress.gov/v3/bill/118/s/3860/actions?offset=0&limit=250&api_key=WNue8kCDCOIlewAsULgnN8j6SqSgAZjE2sYbPsBb
[2024-03-24T20:58:03.521+0000] {get_data.py:199} INFO - executing API call for https://api.congress.gov/v3/bill/118/s/3860/actions?offset=0&limit=250&api_key=WNue8kCDCOIlewAsULgnN8j6SqSgAZjE2sYbPsBb
[2024-03-24T20:58:04.792+0000] {logging_mixin.py:188} INFO - Parquet data uploaded to gs://congress_data/actions/s_3860_actions_1_2.parquet
[2024-03-24T20:58:04.794+0000] {logging_mixin.py:188} INFO - Actions uploaded for bill s 3860
[2024-03-24T20:58:04.795+0000] {get_data.py:199} INFO - executing API call for https://api.congress.gov/v3/bill/118/s/3827/actions?offset=0&limit=250&api_key=WNue8kCDCOIlewAsULgnN8j6SqSgAZjE2sYbPsBb
[2024-03-24T20:58:05.298+0000] {get_data.py:199} INFO - executing API call for https://api.congress.gov/v3/bill/118/s/3827/actions?offset=0&limit=250&api_key=WNue8kCDCOIlewAsULgnN8j6SqSgAZjE2sYbPsBb
[2024-03-24T20:58:06.820+0000] {logging_mixin.py:188} INFO - Parquet data uploaded to gs://congress_data/actions/s_3827_actions_1_2.parquet
[2024-03-24T20:58:06.822+0000] {logging_mixin.py:188} INFO - Actions uploaded for bill s 3827
[2024-03-24T20:58:06.823+0000] {get_data.py:199} INFO - executing API call for https://api.congress.gov/v3/bill/118/s/3825/actions?offset=0&limit=250&api_key=WNue8kCDCOIlewAsULgnN8j6SqSgAZjE2sYbPsBb
[2024-03-24T20:58:07.203+0000] {get_data.py:199} INFO - executing API call for https://api.congress.gov/v3/bill/118/s/3825/actions?offset=0&limit=250&api_key=WNue8kCDCOIlewAsULgnN8j6SqSgAZjE2sYbPsBb
[2024-03-24T20:58:08.563+0000] {logging_mixin.py:188} INFO - Parquet data uploaded to gs://congress_data/actions/s_3825_actions_1_2.parquet
[2024-03-24T20:58:08.565+0000] {logging_mixin.py:188} INFO - Actions uploaded for bill s 3825
[2024-03-24T20:58:08.566+0000] {get_data.py:199} INFO - executing API call for https://api.congress.gov/v3/bill/118/s/3818/actions?offset=0&limit=250&api_key=WNue8kCDCOIlewAsULgnN8j6SqSgAZjE2sYbPsBb
[2024-03-24T20:58:08.938+0000] {get_data.py:199} INFO - executing API call for https://api.congress.gov/v3/bill/118/s/3818/actions?offset=0&limit=250&api_key=WNue8kCDCOIlewAsULgnN8j6SqSgAZjE2sYbPsBb
[2024-03-24T20:58:10.304+0000] {logging_mixin.py:188} INFO - Parquet data uploaded to gs://congress_data/actions/s_3818_actions_1_2.parquet
[2024-03-24T20:58:10.309+0000] {logging_mixin.py:188} INFO - Actions uploaded for bill s 3818
[2024-03-24T20:58:10.310+0000] {get_data.py:199} INFO - executing API call for https://api.congress.gov/v3/bill/118/s/3817/actions?offset=0&limit=250&api_key=WNue8kCDCOIlewAsULgnN8j6SqSgAZjE2sYbPsBb
[2024-03-24T20:58:10.678+0000] {get_data.py:199} INFO - executing API call for https://api.congress.gov/v3/bill/118/s/3817/actions?offset=0&limit=250&api_key=WNue8kCDCOIlewAsULgnN8j6SqSgAZjE2sYbPsBb
[2024-03-24T20:58:11.971+0000] {logging_mixin.py:188} INFO - Parquet data uploaded to gs://congress_data/actions/s_3817_actions_1_2.parquet
[2024-03-24T20:58:11.973+0000] {logging_mixin.py:188} INFO - Actions uploaded for bill s 3817
[2024-03-24T20:58:11.974+0000] {get_data.py:199} INFO - executing API call for https://api.congress.gov/v3/bill/118/s/3802/actions?offset=0&limit=250&api_key=WNue8kCDCOIlewAsULgnN8j6SqSgAZjE2sYbPsBb
[2024-03-24T20:58:12.339+0000] {get_data.py:199} INFO - executing API call for https://api.congress.gov/v3/bill/118/s/3802/actions?offset=0&limit=250&api_key=WNue8kCDCOIlewAsULgnN8j6SqSgAZjE2sYbPsBb
[2024-03-24T20:58:13.683+0000] {logging_mixin.py:188} INFO - Parquet data uploaded to gs://congress_data/actions/s_3802_actions_1_2.parquet
[2024-03-24T20:58:13.687+0000] {logging_mixin.py:188} INFO - Actions uploaded for bill s 3802
[2024-03-24T20:58:13.692+0000] {get_data.py:199} INFO - executing API call for https://api.congress.gov/v3/bill/118/s/3788/actions?offset=0&limit=250&api_key=WNue8kCDCOIlewAsULgnN8j6SqSgAZjE2sYbPsBb
[2024-03-24T20:58:14.068+0000] {get_data.py:199} INFO - executing API call for https://api.congress.gov/v3/bill/118/s/3788/actions?offset=0&limit=250&api_key=WNue8kCDCOIlewAsULgnN8j6SqSgAZjE2sYbPsBb
[2024-03-24T20:58:15.506+0000] {logging_mixin.py:188} INFO - Parquet data uploaded to gs://congress_data/actions/s_3788_actions_1_2.parquet
[2024-03-24T20:58:15.516+0000] {logging_mixin.py:188} INFO - Actions uploaded for bill s 3788
[2024-03-24T20:58:15.528+0000] {get_data.py:199} INFO - executing API call for https://api.congress.gov/v3/bill/118/s/3787/actions?offset=0&limit=250&api_key=WNue8kCDCOIlewAsULgnN8j6SqSgAZjE2sYbPsBb
[2024-03-24T20:58:15.980+0000] {get_data.py:199} INFO - executing API call for https://api.congress.gov/v3/bill/118/s/3787/actions?offset=0&limit=250&api_key=WNue8kCDCOIlewAsULgnN8j6SqSgAZjE2sYbPsBb
[2024-03-24T20:58:17.555+0000] {logging_mixin.py:188} INFO - Parquet data uploaded to gs://congress_data/actions/s_3787_actions_1_2.parquet
[2024-03-24T20:58:17.561+0000] {logging_mixin.py:188} INFO - Actions uploaded for bill s 3787
[2024-03-24T20:58:17.564+0000] {get_data.py:199} INFO - executing API call for https://api.congress.gov/v3/bill/118/s/3786/actions?offset=0&limit=250&api_key=WNue8kCDCOIlewAsULgnN8j6SqSgAZjE2sYbPsBb
[2024-03-24T20:58:18.001+0000] {get_data.py:199} INFO - executing API call for https://api.congress.gov/v3/bill/118/s/3786/actions?offset=0&limit=250&api_key=WNue8kCDCOIlewAsULgnN8j6SqSgAZjE2sYbPsBb
[2024-03-24T20:58:19.283+0000] {logging_mixin.py:188} INFO - Parquet data uploaded to gs://congress_data/actions/s_3786_actions_1_2.parquet
[2024-03-24T20:58:19.285+0000] {logging_mixin.py:188} INFO - Actions uploaded for bill s 3786
[2024-03-24T20:58:19.286+0000] {get_data.py:199} INFO - executing API call for https://api.congress.gov/v3/bill/118/s/3783/actions?offset=0&limit=250&api_key=WNue8kCDCOIlewAsULgnN8j6SqSgAZjE2sYbPsBb
[2024-03-24T20:58:19.827+0000] {get_data.py:199} INFO - executing API call for https://api.congress.gov/v3/bill/118/s/3783/actions?offset=0&limit=250&api_key=WNue8kCDCOIlewAsULgnN8j6SqSgAZjE2sYbPsBb
[2024-03-24T20:58:21.193+0000] {logging_mixin.py:188} INFO - Parquet data uploaded to gs://congress_data/actions/s_3783_actions_1_2.parquet
[2024-03-24T20:58:21.267+0000] {logging_mixin.py:188} INFO - Actions uploaded for bill s 3783
[2024-03-24T20:58:21.308+0000] {get_data.py:199} INFO - executing API call for https://api.congress.gov/v3/bill/118/s/3776/actions?offset=0&limit=250&api_key=WNue8kCDCOIlewAsULgnN8j6SqSgAZjE2sYbPsBb
[2024-03-24T20:58:21.707+0000] {get_data.py:199} INFO - executing API call for https://api.congress.gov/v3/bill/118/s/3776/actions?offset=0&limit=250&api_key=WNue8kCDCOIlewAsULgnN8j6SqSgAZjE2sYbPsBb
[2024-03-24T20:58:23.154+0000] {logging_mixin.py:188} INFO - Parquet data uploaded to gs://congress_data/actions/s_3776_actions_1_2.parquet
[2024-03-24T20:58:23.183+0000] {logging_mixin.py:188} INFO - Actions uploaded for bill s 3776
[2024-03-24T20:58:23.189+0000] {get_data.py:199} INFO - executing API call for https://api.congress.gov/v3/bill/118/s/3768/actions?offset=0&limit=250&api_key=WNue8kCDCOIlewAsULgnN8j6SqSgAZjE2sYbPsBb
[2024-03-24T20:58:23.609+0000] {get_data.py:199} INFO - executing API call for https://api.congress.gov/v3/bill/118/s/3768/actions?offset=0&limit=250&api_key=WNue8kCDCOIlewAsULgnN8j6SqSgAZjE2sYbPsBb
