[2024-05-06T01:06:47.124+0000] {processor.py:161} INFO - Started process (PID=940) to work on /opt/airflow/dags/upload_congress_data.py
[2024-05-06T01:06:47.124+0000] {processor.py:830} INFO - Processing file /opt/airflow/dags/upload_congress_data.py for tasks to queue
[2024-05-06T01:06:47.126+0000] {logging_mixin.py:188} INFO - [2024-05-06T01:06:47.126+0000] {dagbag.py:540} INFO - Filling up the DagBag from /opt/airflow/dags/upload_congress_data.py
[2024-05-06T01:06:47.151+0000] {logging_mixin.py:188} INFO - Bucket Name: congress_data_testproject-420401
[2024-05-06T01:06:47.160+0000] {processor.py:840} INFO - DAG(s) 'upload_congress_data' retrieved from /opt/airflow/dags/upload_congress_data.py
[2024-05-06T01:06:47.176+0000] {logging_mixin.py:188} INFO - [2024-05-06T01:06:47.176+0000] {dag.py:3047} INFO - Sync 1 DAGs
[2024-05-06T01:06:47.188+0000] {logging_mixin.py:188} INFO - [2024-05-06T01:06:47.188+0000] {dag.py:3834} INFO - Setting next_dagrun for upload_congress_data to None, run_after=None
[2024-05-06T01:06:47.196+0000] {processor.py:183} INFO - Processing /opt/airflow/dags/upload_congress_data.py took 0.075 seconds
[2024-05-06T02:22:47.642+0000] {processor.py:161} INFO - Started process (PID=948) to work on /opt/airflow/dags/upload_congress_data.py
[2024-05-06T02:22:47.643+0000] {processor.py:830} INFO - Processing file /opt/airflow/dags/upload_congress_data.py for tasks to queue
[2024-05-06T02:22:47.645+0000] {logging_mixin.py:188} INFO - [2024-05-06T02:22:47.645+0000] {dagbag.py:540} INFO - Filling up the DagBag from /opt/airflow/dags/upload_congress_data.py
[2024-05-06T02:22:47.672+0000] {logging_mixin.py:188} INFO - Bucket Name: congress_data_testproject-420401
[2024-05-06T02:22:47.679+0000] {processor.py:840} INFO - DAG(s) 'upload_congress_data' retrieved from /opt/airflow/dags/upload_congress_data.py
[2024-05-06T02:22:47.693+0000] {logging_mixin.py:188} INFO - [2024-05-06T02:22:47.693+0000] {dag.py:3047} INFO - Sync 1 DAGs
[2024-05-06T02:22:47.704+0000] {logging_mixin.py:188} INFO - [2024-05-06T02:22:47.704+0000] {dag.py:3834} INFO - Setting next_dagrun for upload_congress_data to None, run_after=None
[2024-05-06T02:22:47.712+0000] {processor.py:183} INFO - Processing /opt/airflow/dags/upload_congress_data.py took 0.073 seconds
[2024-05-06T03:41:54.360+0000] {processor.py:161} INFO - Started process (PID=956) to work on /opt/airflow/dags/upload_congress_data.py
[2024-05-06T03:41:54.363+0000] {processor.py:830} INFO - Processing file /opt/airflow/dags/upload_congress_data.py for tasks to queue
[2024-05-06T03:41:54.369+0000] {logging_mixin.py:188} INFO - [2024-05-06T03:41:54.368+0000] {dagbag.py:540} INFO - Filling up the DagBag from /opt/airflow/dags/upload_congress_data.py
[2024-05-06T03:41:54.496+0000] {logging_mixin.py:188} INFO - Bucket Name: congress_data_testproject-420401
[2024-05-06T03:41:54.514+0000] {processor.py:840} INFO - DAG(s) 'upload_congress_data' retrieved from /opt/airflow/dags/upload_congress_data.py
[2024-05-06T03:41:54.583+0000] {logging_mixin.py:188} INFO - [2024-05-06T03:41:54.582+0000] {dag.py:3047} INFO - Sync 1 DAGs
[2024-05-06T03:41:54.632+0000] {logging_mixin.py:188} INFO - [2024-05-06T03:41:54.631+0000] {dag.py:3834} INFO - Setting next_dagrun for upload_congress_data to None, run_after=None
[2024-05-06T03:41:54.681+0000] {processor.py:183} INFO - Processing /opt/airflow/dags/upload_congress_data.py took 0.329 seconds
[2024-05-06T04:43:02.573+0000] {processor.py:161} INFO - Started process (PID=964) to work on /opt/airflow/dags/upload_congress_data.py
[2024-05-06T04:43:02.574+0000] {processor.py:830} INFO - Processing file /opt/airflow/dags/upload_congress_data.py for tasks to queue
[2024-05-06T04:43:02.576+0000] {logging_mixin.py:188} INFO - [2024-05-06T04:43:02.576+0000] {dagbag.py:540} INFO - Filling up the DagBag from /opt/airflow/dags/upload_congress_data.py
[2024-05-06T04:43:02.601+0000] {logging_mixin.py:188} INFO - Bucket Name: congress_data_testproject-420401
[2024-05-06T04:43:02.610+0000] {processor.py:840} INFO - DAG(s) 'upload_congress_data' retrieved from /opt/airflow/dags/upload_congress_data.py
[2024-05-06T04:43:02.636+0000] {logging_mixin.py:188} INFO - [2024-05-06T04:43:02.636+0000] {dag.py:3047} INFO - Sync 1 DAGs
[2024-05-06T04:43:02.650+0000] {logging_mixin.py:188} INFO - [2024-05-06T04:43:02.650+0000] {dag.py:3834} INFO - Setting next_dagrun for upload_congress_data to None, run_after=None
[2024-05-06T04:43:02.659+0000] {processor.py:183} INFO - Processing /opt/airflow/dags/upload_congress_data.py took 0.089 seconds
[2024-05-06T05:08:07.439+0000] {processor.py:161} INFO - Started process (PID=972) to work on /opt/airflow/dags/upload_congress_data.py
[2024-05-06T05:08:07.440+0000] {processor.py:830} INFO - Processing file /opt/airflow/dags/upload_congress_data.py for tasks to queue
[2024-05-06T05:08:07.441+0000] {logging_mixin.py:188} INFO - [2024-05-06T05:08:07.441+0000] {dagbag.py:540} INFO - Filling up the DagBag from /opt/airflow/dags/upload_congress_data.py
[2024-05-06T05:08:07.475+0000] {logging_mixin.py:188} INFO - Bucket Name: congress_data_testproject-420401
[2024-05-06T05:08:07.487+0000] {processor.py:840} INFO - DAG(s) 'upload_congress_data' retrieved from /opt/airflow/dags/upload_congress_data.py
[2024-05-06T05:08:07.508+0000] {logging_mixin.py:188} INFO - [2024-05-06T05:08:07.508+0000] {dag.py:3047} INFO - Sync 1 DAGs
[2024-05-06T05:08:07.549+0000] {logging_mixin.py:188} INFO - [2024-05-06T05:08:07.548+0000] {dag.py:3834} INFO - Setting next_dagrun for upload_congress_data to None, run_after=None
[2024-05-06T05:08:07.562+0000] {processor.py:183} INFO - Processing /opt/airflow/dags/upload_congress_data.py took 0.125 seconds
[2024-05-06T05:08:37.941+0000] {processor.py:161} INFO - Started process (PID=980) to work on /opt/airflow/dags/upload_congress_data.py
[2024-05-06T05:08:37.942+0000] {processor.py:830} INFO - Processing file /opt/airflow/dags/upload_congress_data.py for tasks to queue
[2024-05-06T05:08:37.949+0000] {logging_mixin.py:188} INFO - [2024-05-06T05:08:37.946+0000] {dagbag.py:540} INFO - Filling up the DagBag from /opt/airflow/dags/upload_congress_data.py
[2024-05-06T05:08:38.023+0000] {logging_mixin.py:188} INFO - Bucket Name: congress_data_testproject-420401
[2024-05-06T05:08:38.039+0000] {processor.py:840} INFO - DAG(s) 'upload_congress_data' retrieved from /opt/airflow/dags/upload_congress_data.py
[2024-05-06T05:08:38.105+0000] {logging_mixin.py:188} INFO - [2024-05-06T05:08:38.105+0000] {dag.py:3047} INFO - Sync 1 DAGs
[2024-05-06T05:08:38.128+0000] {logging_mixin.py:188} INFO - [2024-05-06T05:08:38.128+0000] {dag.py:3834} INFO - Setting next_dagrun for upload_congress_data to None, run_after=None
[2024-05-06T05:08:38.144+0000] {processor.py:183} INFO - Processing /opt/airflow/dags/upload_congress_data.py took 0.209 seconds
[2024-05-06T05:09:08.450+0000] {processor.py:161} INFO - Started process (PID=988) to work on /opt/airflow/dags/upload_congress_data.py
[2024-05-06T05:09:08.452+0000] {processor.py:830} INFO - Processing file /opt/airflow/dags/upload_congress_data.py for tasks to queue
[2024-05-06T05:09:08.454+0000] {logging_mixin.py:188} INFO - [2024-05-06T05:09:08.454+0000] {dagbag.py:540} INFO - Filling up the DagBag from /opt/airflow/dags/upload_congress_data.py
[2024-05-06T05:09:08.511+0000] {logging_mixin.py:188} INFO - Bucket Name: congress_data_testproject-420401
[2024-05-06T05:09:08.525+0000] {processor.py:840} INFO - DAG(s) 'upload_congress_data' retrieved from /opt/airflow/dags/upload_congress_data.py
[2024-05-06T05:09:08.545+0000] {logging_mixin.py:188} INFO - [2024-05-06T05:09:08.545+0000] {dag.py:3047} INFO - Sync 1 DAGs
[2024-05-06T05:09:08.568+0000] {logging_mixin.py:188} INFO - [2024-05-06T05:09:08.568+0000] {dag.py:3834} INFO - Setting next_dagrun for upload_congress_data to None, run_after=None
[2024-05-06T05:09:08.581+0000] {processor.py:183} INFO - Processing /opt/airflow/dags/upload_congress_data.py took 0.137 seconds
[2024-05-06T05:09:38.895+0000] {processor.py:161} INFO - Started process (PID=996) to work on /opt/airflow/dags/upload_congress_data.py
[2024-05-06T05:09:38.898+0000] {processor.py:830} INFO - Processing file /opt/airflow/dags/upload_congress_data.py for tasks to queue
[2024-05-06T05:09:38.901+0000] {logging_mixin.py:188} INFO - [2024-05-06T05:09:38.901+0000] {dagbag.py:540} INFO - Filling up the DagBag from /opt/airflow/dags/upload_congress_data.py
[2024-05-06T05:09:38.942+0000] {logging_mixin.py:188} INFO - Bucket Name: congress_data_testproject-420401
[2024-05-06T05:09:38.957+0000] {processor.py:840} INFO - DAG(s) 'upload_congress_data' retrieved from /opt/airflow/dags/upload_congress_data.py
[2024-05-06T05:09:38.979+0000] {logging_mixin.py:188} INFO - [2024-05-06T05:09:38.979+0000] {dag.py:3047} INFO - Sync 1 DAGs
[2024-05-06T05:09:38.998+0000] {logging_mixin.py:188} INFO - [2024-05-06T05:09:38.997+0000] {dag.py:3834} INFO - Setting next_dagrun for upload_congress_data to None, run_after=None
[2024-05-06T05:09:39.007+0000] {processor.py:183} INFO - Processing /opt/airflow/dags/upload_congress_data.py took 0.117 seconds
[2024-05-06T05:10:09.349+0000] {processor.py:161} INFO - Started process (PID=1004) to work on /opt/airflow/dags/upload_congress_data.py
[2024-05-06T05:10:09.351+0000] {processor.py:830} INFO - Processing file /opt/airflow/dags/upload_congress_data.py for tasks to queue
[2024-05-06T05:10:09.355+0000] {logging_mixin.py:188} INFO - [2024-05-06T05:10:09.355+0000] {dagbag.py:540} INFO - Filling up the DagBag from /opt/airflow/dags/upload_congress_data.py
[2024-05-06T05:10:09.399+0000] {logging_mixin.py:188} INFO - Bucket Name: congress_data_testproject-420401
[2024-05-06T05:10:09.410+0000] {processor.py:840} INFO - DAG(s) 'upload_congress_data' retrieved from /opt/airflow/dags/upload_congress_data.py
[2024-05-06T05:10:09.438+0000] {logging_mixin.py:188} INFO - [2024-05-06T05:10:09.438+0000] {dag.py:3047} INFO - Sync 1 DAGs
[2024-05-06T05:10:09.460+0000] {logging_mixin.py:188} INFO - [2024-05-06T05:10:09.460+0000] {dag.py:3834} INFO - Setting next_dagrun for upload_congress_data to None, run_after=None
[2024-05-06T05:10:09.470+0000] {processor.py:183} INFO - Processing /opt/airflow/dags/upload_congress_data.py took 0.128 seconds
[2024-05-06T05:10:39.731+0000] {processor.py:161} INFO - Started process (PID=1012) to work on /opt/airflow/dags/upload_congress_data.py
[2024-05-06T05:10:39.733+0000] {processor.py:830} INFO - Processing file /opt/airflow/dags/upload_congress_data.py for tasks to queue
[2024-05-06T05:10:39.747+0000] {logging_mixin.py:188} INFO - [2024-05-06T05:10:39.744+0000] {dagbag.py:540} INFO - Filling up the DagBag from /opt/airflow/dags/upload_congress_data.py
[2024-05-06T05:10:39.790+0000] {logging_mixin.py:188} INFO - Bucket Name: congress_data_testproject-420401
[2024-05-06T05:10:39.804+0000] {processor.py:840} INFO - DAG(s) 'upload_congress_data' retrieved from /opt/airflow/dags/upload_congress_data.py
[2024-05-06T05:10:39.826+0000] {logging_mixin.py:188} INFO - [2024-05-06T05:10:39.826+0000] {dag.py:3047} INFO - Sync 1 DAGs
[2024-05-06T05:10:39.842+0000] {logging_mixin.py:188} INFO - [2024-05-06T05:10:39.842+0000] {dag.py:3834} INFO - Setting next_dagrun for upload_congress_data to None, run_after=None
[2024-05-06T05:10:39.853+0000] {processor.py:183} INFO - Processing /opt/airflow/dags/upload_congress_data.py took 0.129 seconds
[2024-05-06T05:11:10.258+0000] {processor.py:161} INFO - Started process (PID=1020) to work on /opt/airflow/dags/upload_congress_data.py
[2024-05-06T05:11:10.260+0000] {processor.py:830} INFO - Processing file /opt/airflow/dags/upload_congress_data.py for tasks to queue
[2024-05-06T05:11:10.265+0000] {logging_mixin.py:188} INFO - [2024-05-06T05:11:10.262+0000] {dagbag.py:540} INFO - Filling up the DagBag from /opt/airflow/dags/upload_congress_data.py
[2024-05-06T05:11:10.322+0000] {logging_mixin.py:188} INFO - Bucket Name: congress_data_testproject-420401
[2024-05-06T05:11:10.353+0000] {processor.py:840} INFO - DAG(s) 'upload_congress_data' retrieved from /opt/airflow/dags/upload_congress_data.py
[2024-05-06T05:11:10.388+0000] {logging_mixin.py:188} INFO - [2024-05-06T05:11:10.387+0000] {dag.py:3047} INFO - Sync 1 DAGs
[2024-05-06T05:11:10.412+0000] {logging_mixin.py:188} INFO - [2024-05-06T05:11:10.412+0000] {dag.py:3834} INFO - Setting next_dagrun for upload_congress_data to None, run_after=None
[2024-05-06T05:11:10.461+0000] {processor.py:183} INFO - Processing /opt/airflow/dags/upload_congress_data.py took 0.206 seconds
[2024-05-06T05:11:40.690+0000] {processor.py:161} INFO - Started process (PID=1034) to work on /opt/airflow/dags/upload_congress_data.py
[2024-05-06T05:11:40.691+0000] {processor.py:830} INFO - Processing file /opt/airflow/dags/upload_congress_data.py for tasks to queue
[2024-05-06T05:11:40.697+0000] {logging_mixin.py:188} INFO - [2024-05-06T05:11:40.697+0000] {dagbag.py:540} INFO - Filling up the DagBag from /opt/airflow/dags/upload_congress_data.py
[2024-05-06T05:11:40.767+0000] {logging_mixin.py:188} INFO - Bucket Name: congress_data_testproject-420401
[2024-05-06T05:11:40.781+0000] {processor.py:840} INFO - DAG(s) 'upload_congress_data' retrieved from /opt/airflow/dags/upload_congress_data.py
[2024-05-06T05:11:40.802+0000] {logging_mixin.py:188} INFO - [2024-05-06T05:11:40.802+0000] {dag.py:3047} INFO - Sync 1 DAGs
[2024-05-06T05:11:40.836+0000] {logging_mixin.py:188} INFO - [2024-05-06T05:11:40.836+0000] {dag.py:3834} INFO - Setting next_dagrun for upload_congress_data to None, run_after=None
[2024-05-06T05:11:40.850+0000] {processor.py:183} INFO - Processing /opt/airflow/dags/upload_congress_data.py took 0.164 seconds
[2024-05-06T05:12:11.158+0000] {processor.py:161} INFO - Started process (PID=1042) to work on /opt/airflow/dags/upload_congress_data.py
[2024-05-06T05:12:11.160+0000] {processor.py:830} INFO - Processing file /opt/airflow/dags/upload_congress_data.py for tasks to queue
[2024-05-06T05:12:11.163+0000] {logging_mixin.py:188} INFO - [2024-05-06T05:12:11.163+0000] {dagbag.py:540} INFO - Filling up the DagBag from /opt/airflow/dags/upload_congress_data.py
[2024-05-06T05:12:11.226+0000] {logging_mixin.py:188} INFO - Bucket Name: congress_data_testproject-420401
[2024-05-06T05:12:11.239+0000] {processor.py:840} INFO - DAG(s) 'upload_congress_data' retrieved from /opt/airflow/dags/upload_congress_data.py
[2024-05-06T05:12:11.263+0000] {logging_mixin.py:188} INFO - [2024-05-06T05:12:11.262+0000] {dag.py:3047} INFO - Sync 1 DAGs
[2024-05-06T05:12:11.278+0000] {logging_mixin.py:188} INFO - [2024-05-06T05:12:11.277+0000] {dag.py:3834} INFO - Setting next_dagrun for upload_congress_data to None, run_after=None
[2024-05-06T05:12:11.289+0000] {processor.py:183} INFO - Processing /opt/airflow/dags/upload_congress_data.py took 0.135 seconds
[2024-05-06T05:12:41.882+0000] {processor.py:161} INFO - Started process (PID=1050) to work on /opt/airflow/dags/upload_congress_data.py
[2024-05-06T05:12:41.883+0000] {processor.py:830} INFO - Processing file /opt/airflow/dags/upload_congress_data.py for tasks to queue
[2024-05-06T05:12:41.887+0000] {logging_mixin.py:188} INFO - [2024-05-06T05:12:41.886+0000] {dagbag.py:540} INFO - Filling up the DagBag from /opt/airflow/dags/upload_congress_data.py
[2024-05-06T05:12:41.941+0000] {logging_mixin.py:188} INFO - Bucket Name: congress_data_testproject-420401
[2024-05-06T05:12:41.956+0000] {processor.py:840} INFO - DAG(s) 'upload_congress_data' retrieved from /opt/airflow/dags/upload_congress_data.py
[2024-05-06T05:12:41.983+0000] {logging_mixin.py:188} INFO - [2024-05-06T05:12:41.983+0000] {dag.py:3047} INFO - Sync 1 DAGs
[2024-05-06T05:12:42.001+0000] {logging_mixin.py:188} INFO - [2024-05-06T05:12:42.001+0000] {dag.py:3834} INFO - Setting next_dagrun for upload_congress_data to None, run_after=None
[2024-05-06T05:12:42.012+0000] {processor.py:183} INFO - Processing /opt/airflow/dags/upload_congress_data.py took 0.137 seconds
[2024-05-06T05:13:12.520+0000] {processor.py:161} INFO - Started process (PID=1058) to work on /opt/airflow/dags/upload_congress_data.py
[2024-05-06T05:13:12.522+0000] {processor.py:830} INFO - Processing file /opt/airflow/dags/upload_congress_data.py for tasks to queue
[2024-05-06T05:13:12.525+0000] {logging_mixin.py:188} INFO - [2024-05-06T05:13:12.525+0000] {dagbag.py:540} INFO - Filling up the DagBag from /opt/airflow/dags/upload_congress_data.py
[2024-05-06T05:13:12.602+0000] {logging_mixin.py:188} INFO - Bucket Name: congress_data_testproject-420401
[2024-05-06T05:13:12.620+0000] {processor.py:840} INFO - DAG(s) 'upload_congress_data' retrieved from /opt/airflow/dags/upload_congress_data.py
[2024-05-06T05:13:12.672+0000] {logging_mixin.py:188} INFO - [2024-05-06T05:13:12.672+0000] {dag.py:3047} INFO - Sync 1 DAGs
[2024-05-06T05:13:12.690+0000] {logging_mixin.py:188} INFO - [2024-05-06T05:13:12.690+0000] {dag.py:3834} INFO - Setting next_dagrun for upload_congress_data to None, run_after=None
[2024-05-06T05:13:12.709+0000] {processor.py:183} INFO - Processing /opt/airflow/dags/upload_congress_data.py took 0.201 seconds
[2024-05-06T05:13:43.058+0000] {processor.py:161} INFO - Started process (PID=1066) to work on /opt/airflow/dags/upload_congress_data.py
[2024-05-06T05:13:43.061+0000] {processor.py:830} INFO - Processing file /opt/airflow/dags/upload_congress_data.py for tasks to queue
[2024-05-06T05:13:43.065+0000] {logging_mixin.py:188} INFO - [2024-05-06T05:13:43.065+0000] {dagbag.py:540} INFO - Filling up the DagBag from /opt/airflow/dags/upload_congress_data.py
[2024-05-06T05:13:43.113+0000] {logging_mixin.py:188} INFO - Bucket Name: congress_data_testproject-420401
[2024-05-06T05:13:43.128+0000] {processor.py:840} INFO - DAG(s) 'upload_congress_data' retrieved from /opt/airflow/dags/upload_congress_data.py
[2024-05-06T05:13:43.158+0000] {logging_mixin.py:188} INFO - [2024-05-06T05:13:43.158+0000] {dag.py:3047} INFO - Sync 1 DAGs
[2024-05-06T05:13:43.176+0000] {logging_mixin.py:188} INFO - [2024-05-06T05:13:43.176+0000] {dag.py:3834} INFO - Setting next_dagrun for upload_congress_data to None, run_after=None
[2024-05-06T05:13:43.189+0000] {processor.py:183} INFO - Processing /opt/airflow/dags/upload_congress_data.py took 0.134 seconds
[2024-05-06T06:19:26.770+0000] {processor.py:161} INFO - Started process (PID=1068) to work on /opt/airflow/dags/upload_congress_data.py
[2024-05-06T06:19:26.773+0000] {processor.py:830} INFO - Processing file /opt/airflow/dags/upload_congress_data.py for tasks to queue
[2024-05-06T06:19:26.779+0000] {logging_mixin.py:188} INFO - [2024-05-06T06:19:26.778+0000] {dagbag.py:540} INFO - Filling up the DagBag from /opt/airflow/dags/upload_congress_data.py
[2024-05-06T06:19:26.868+0000] {logging_mixin.py:188} INFO - Bucket Name: congress_data_testproject-420401
[2024-05-06T06:19:26.895+0000] {processor.py:840} INFO - DAG(s) 'upload_congress_data' retrieved from /opt/airflow/dags/upload_congress_data.py
[2024-05-06T06:19:26.968+0000] {logging_mixin.py:188} INFO - [2024-05-06T06:19:26.967+0000] {dag.py:3047} INFO - Sync 1 DAGs
[2024-05-06T06:19:26.993+0000] {logging_mixin.py:188} INFO - [2024-05-06T06:19:26.993+0000] {dag.py:3834} INFO - Setting next_dagrun for upload_congress_data to None, run_after=None
[2024-05-06T06:19:27.008+0000] {processor.py:183} INFO - Processing /opt/airflow/dags/upload_congress_data.py took 0.263 seconds
[2024-05-06T07:14:50.724+0000] {processor.py:161} INFO - Started process (PID=1076) to work on /opt/airflow/dags/upload_congress_data.py
[2024-05-06T07:14:50.725+0000] {processor.py:830} INFO - Processing file /opt/airflow/dags/upload_congress_data.py for tasks to queue
[2024-05-06T07:14:50.727+0000] {logging_mixin.py:188} INFO - [2024-05-06T07:14:50.726+0000] {dagbag.py:540} INFO - Filling up the DagBag from /opt/airflow/dags/upload_congress_data.py
[2024-05-06T07:14:50.755+0000] {logging_mixin.py:188} INFO - Bucket Name: congress_data_testproject-420401
[2024-05-06T07:14:50.764+0000] {processor.py:840} INFO - DAG(s) 'upload_congress_data' retrieved from /opt/airflow/dags/upload_congress_data.py
[2024-05-06T07:14:50.781+0000] {logging_mixin.py:188} INFO - [2024-05-06T07:14:50.781+0000] {dag.py:3047} INFO - Sync 1 DAGs
[2024-05-06T07:14:50.793+0000] {logging_mixin.py:188} INFO - [2024-05-06T07:14:50.793+0000] {dag.py:3834} INFO - Setting next_dagrun for upload_congress_data to None, run_after=None
[2024-05-06T07:14:50.847+0000] {processor.py:183} INFO - Processing /opt/airflow/dags/upload_congress_data.py took 0.125 seconds
[2024-05-06T08:40:11.681+0000] {processor.py:161} INFO - Started process (PID=1084) to work on /opt/airflow/dags/upload_congress_data.py
[2024-05-06T08:40:11.682+0000] {processor.py:830} INFO - Processing file /opt/airflow/dags/upload_congress_data.py for tasks to queue
[2024-05-06T08:40:11.684+0000] {logging_mixin.py:188} INFO - [2024-05-06T08:40:11.683+0000] {dagbag.py:540} INFO - Filling up the DagBag from /opt/airflow/dags/upload_congress_data.py
[2024-05-06T08:40:11.710+0000] {logging_mixin.py:188} INFO - Bucket Name: congress_data_testproject-420401
[2024-05-06T08:40:11.719+0000] {processor.py:840} INFO - DAG(s) 'upload_congress_data' retrieved from /opt/airflow/dags/upload_congress_data.py
[2024-05-06T08:40:11.735+0000] {logging_mixin.py:188} INFO - [2024-05-06T08:40:11.735+0000] {dag.py:3047} INFO - Sync 1 DAGs
[2024-05-06T08:40:11.750+0000] {logging_mixin.py:188} INFO - [2024-05-06T08:40:11.749+0000] {dag.py:3834} INFO - Setting next_dagrun for upload_congress_data to None, run_after=None
[2024-05-06T08:40:11.768+0000] {processor.py:183} INFO - Processing /opt/airflow/dags/upload_congress_data.py took 0.089 seconds
[2024-05-06T10:19:27.258+0000] {processor.py:161} INFO - Started process (PID=1092) to work on /opt/airflow/dags/upload_congress_data.py
[2024-05-06T10:19:27.259+0000] {processor.py:830} INFO - Processing file /opt/airflow/dags/upload_congress_data.py for tasks to queue
[2024-05-06T10:19:27.261+0000] {logging_mixin.py:188} INFO - [2024-05-06T10:19:27.260+0000] {dagbag.py:540} INFO - Filling up the DagBag from /opt/airflow/dags/upload_congress_data.py
[2024-05-06T10:19:27.286+0000] {logging_mixin.py:188} INFO - Bucket Name: congress_data_testproject-420401
[2024-05-06T10:19:27.294+0000] {processor.py:840} INFO - DAG(s) 'upload_congress_data' retrieved from /opt/airflow/dags/upload_congress_data.py
[2024-05-06T10:19:27.315+0000] {logging_mixin.py:188} INFO - [2024-05-06T10:19:27.315+0000] {dag.py:3047} INFO - Sync 1 DAGs
[2024-05-06T10:19:27.328+0000] {logging_mixin.py:188} INFO - [2024-05-06T10:19:27.328+0000] {dag.py:3834} INFO - Setting next_dagrun for upload_congress_data to None, run_after=None
[2024-05-06T10:19:27.336+0000] {processor.py:183} INFO - Processing /opt/airflow/dags/upload_congress_data.py took 0.081 seconds
[2024-05-06T11:27:58.194+0000] {processor.py:161} INFO - Started process (PID=1100) to work on /opt/airflow/dags/upload_congress_data.py
[2024-05-06T11:27:58.195+0000] {processor.py:830} INFO - Processing file /opt/airflow/dags/upload_congress_data.py for tasks to queue
[2024-05-06T11:27:58.201+0000] {logging_mixin.py:188} INFO - [2024-05-06T11:27:58.200+0000] {dagbag.py:540} INFO - Filling up the DagBag from /opt/airflow/dags/upload_congress_data.py
[2024-05-06T11:27:58.285+0000] {logging_mixin.py:188} INFO - Bucket Name: congress_data_testproject-420401
[2024-05-06T11:27:58.301+0000] {processor.py:840} INFO - DAG(s) 'upload_congress_data' retrieved from /opt/airflow/dags/upload_congress_data.py
[2024-05-06T11:27:58.353+0000] {logging_mixin.py:188} INFO - [2024-05-06T11:27:58.352+0000] {dag.py:3047} INFO - Sync 1 DAGs
[2024-05-06T11:27:58.395+0000] {logging_mixin.py:188} INFO - [2024-05-06T11:27:58.394+0000] {dag.py:3834} INFO - Setting next_dagrun for upload_congress_data to None, run_after=None
[2024-05-06T11:27:58.422+0000] {processor.py:183} INFO - Processing /opt/airflow/dags/upload_congress_data.py took 0.243 seconds
[2024-05-06T12:54:39.197+0000] {processor.py:161} INFO - Started process (PID=1108) to work on /opt/airflow/dags/upload_congress_data.py
[2024-05-06T12:54:39.199+0000] {processor.py:830} INFO - Processing file /opt/airflow/dags/upload_congress_data.py for tasks to queue
[2024-05-06T12:54:39.202+0000] {logging_mixin.py:188} INFO - [2024-05-06T12:54:39.202+0000] {dagbag.py:540} INFO - Filling up the DagBag from /opt/airflow/dags/upload_congress_data.py
[2024-05-06T12:54:39.388+0000] {logging_mixin.py:188} INFO - Bucket Name: congress_data_testproject-420401
[2024-05-06T12:54:39.424+0000] {processor.py:840} INFO - DAG(s) 'upload_congress_data' retrieved from /opt/airflow/dags/upload_congress_data.py
[2024-05-06T12:54:39.482+0000] {logging_mixin.py:188} INFO - [2024-05-06T12:54:39.482+0000] {dag.py:3047} INFO - Sync 1 DAGs
[2024-05-06T12:54:39.528+0000] {logging_mixin.py:188} INFO - [2024-05-06T12:54:39.528+0000] {dag.py:3834} INFO - Setting next_dagrun for upload_congress_data to None, run_after=None
[2024-05-06T12:54:39.573+0000] {processor.py:183} INFO - Processing /opt/airflow/dags/upload_congress_data.py took 0.380 seconds
[2024-05-06T14:13:37.391+0000] {processor.py:161} INFO - Started process (PID=1116) to work on /opt/airflow/dags/upload_congress_data.py
[2024-05-06T14:13:37.392+0000] {processor.py:830} INFO - Processing file /opt/airflow/dags/upload_congress_data.py for tasks to queue
[2024-05-06T14:13:37.395+0000] {logging_mixin.py:188} INFO - [2024-05-06T14:13:37.394+0000] {dagbag.py:540} INFO - Filling up the DagBag from /opt/airflow/dags/upload_congress_data.py
[2024-05-06T14:13:37.436+0000] {logging_mixin.py:188} INFO - Bucket Name: congress_data_testproject-420401
[2024-05-06T14:13:37.445+0000] {processor.py:840} INFO - DAG(s) 'upload_congress_data' retrieved from /opt/airflow/dags/upload_congress_data.py
[2024-05-06T14:13:37.465+0000] {logging_mixin.py:188} INFO - [2024-05-06T14:13:37.465+0000] {dag.py:3047} INFO - Sync 1 DAGs
[2024-05-06T14:13:37.489+0000] {logging_mixin.py:188} INFO - [2024-05-06T14:13:37.488+0000] {dag.py:3834} INFO - Setting next_dagrun for upload_congress_data to None, run_after=None
[2024-05-06T14:13:37.499+0000] {processor.py:183} INFO - Processing /opt/airflow/dags/upload_congress_data.py took 0.111 seconds
[2024-05-06T15:13:01.641+0000] {processor.py:161} INFO - Started process (PID=1124) to work on /opt/airflow/dags/upload_congress_data.py
[2024-05-06T15:13:01.643+0000] {processor.py:830} INFO - Processing file /opt/airflow/dags/upload_congress_data.py for tasks to queue
[2024-05-06T15:13:01.647+0000] {logging_mixin.py:188} INFO - [2024-05-06T15:13:01.647+0000] {dagbag.py:540} INFO - Filling up the DagBag from /opt/airflow/dags/upload_congress_data.py
[2024-05-06T15:13:01.743+0000] {logging_mixin.py:188} INFO - Bucket Name: congress_data_testproject-420401
[2024-05-06T15:13:01.767+0000] {processor.py:840} INFO - DAG(s) 'upload_congress_data' retrieved from /opt/airflow/dags/upload_congress_data.py
[2024-05-06T15:13:01.803+0000] {logging_mixin.py:188} INFO - [2024-05-06T15:13:01.802+0000] {dag.py:3047} INFO - Sync 1 DAGs
[2024-05-06T15:13:01.818+0000] {logging_mixin.py:188} INFO - [2024-05-06T15:13:01.818+0000] {dag.py:3834} INFO - Setting next_dagrun for upload_congress_data to None, run_after=None
[2024-05-06T15:13:01.830+0000] {processor.py:183} INFO - Processing /opt/airflow/dags/upload_congress_data.py took 0.193 seconds
[2024-05-06T16:15:41.232+0000] {processor.py:161} INFO - Started process (PID=1132) to work on /opt/airflow/dags/upload_congress_data.py
[2024-05-06T16:15:41.234+0000] {processor.py:830} INFO - Processing file /opt/airflow/dags/upload_congress_data.py for tasks to queue
[2024-05-06T16:15:41.238+0000] {logging_mixin.py:188} INFO - [2024-05-06T16:15:41.237+0000] {dagbag.py:540} INFO - Filling up the DagBag from /opt/airflow/dags/upload_congress_data.py
[2024-05-06T16:15:41.305+0000] {logging_mixin.py:188} INFO - Bucket Name: congress_data_testproject-420401
[2024-05-06T16:15:41.330+0000] {processor.py:840} INFO - DAG(s) 'upload_congress_data' retrieved from /opt/airflow/dags/upload_congress_data.py
[2024-05-06T16:15:41.390+0000] {logging_mixin.py:188} INFO - [2024-05-06T16:15:41.390+0000] {dag.py:3047} INFO - Sync 1 DAGs
[2024-05-06T16:15:41.423+0000] {logging_mixin.py:188} INFO - [2024-05-06T16:15:41.422+0000] {dag.py:3834} INFO - Setting next_dagrun for upload_congress_data to None, run_after=None
[2024-05-06T16:15:41.451+0000] {processor.py:183} INFO - Processing /opt/airflow/dags/upload_congress_data.py took 0.223 seconds
[2024-05-06T17:33:24.034+0000] {processor.py:161} INFO - Started process (PID=1140) to work on /opt/airflow/dags/upload_congress_data.py
[2024-05-06T17:33:24.036+0000] {processor.py:830} INFO - Processing file /opt/airflow/dags/upload_congress_data.py for tasks to queue
[2024-05-06T17:33:24.038+0000] {logging_mixin.py:188} INFO - [2024-05-06T17:33:24.037+0000] {dagbag.py:540} INFO - Filling up the DagBag from /opt/airflow/dags/upload_congress_data.py
[2024-05-06T17:33:24.063+0000] {logging_mixin.py:188} INFO - Bucket Name: congress_data_testproject-420401
[2024-05-06T17:33:24.072+0000] {processor.py:840} INFO - DAG(s) 'upload_congress_data' retrieved from /opt/airflow/dags/upload_congress_data.py
[2024-05-06T17:33:24.088+0000] {logging_mixin.py:188} INFO - [2024-05-06T17:33:24.088+0000] {dag.py:3047} INFO - Sync 1 DAGs
[2024-05-06T17:33:24.116+0000] {logging_mixin.py:188} INFO - [2024-05-06T17:33:24.115+0000] {dag.py:3834} INFO - Setting next_dagrun for upload_congress_data to None, run_after=None
[2024-05-06T17:33:24.128+0000] {processor.py:183} INFO - Processing /opt/airflow/dags/upload_congress_data.py took 0.096 seconds
[2024-05-06T18:49:11.550+0000] {processor.py:161} INFO - Started process (PID=1148) to work on /opt/airflow/dags/upload_congress_data.py
[2024-05-06T18:49:11.551+0000] {processor.py:830} INFO - Processing file /opt/airflow/dags/upload_congress_data.py for tasks to queue
[2024-05-06T18:49:11.553+0000] {logging_mixin.py:188} INFO - [2024-05-06T18:49:11.552+0000] {dagbag.py:540} INFO - Filling up the DagBag from /opt/airflow/dags/upload_congress_data.py
[2024-05-06T18:49:11.580+0000] {logging_mixin.py:188} INFO - Bucket Name: congress_data_testproject-420401
[2024-05-06T18:49:11.590+0000] {processor.py:840} INFO - DAG(s) 'upload_congress_data' retrieved from /opt/airflow/dags/upload_congress_data.py
[2024-05-06T18:49:11.606+0000] {logging_mixin.py:188} INFO - [2024-05-06T18:49:11.606+0000] {dag.py:3047} INFO - Sync 1 DAGs
[2024-05-06T18:49:11.618+0000] {logging_mixin.py:188} INFO - [2024-05-06T18:49:11.618+0000] {dag.py:3834} INFO - Setting next_dagrun for upload_congress_data to None, run_after=None
[2024-05-06T18:49:11.629+0000] {processor.py:183} INFO - Processing /opt/airflow/dags/upload_congress_data.py took 0.082 seconds
[2024-05-06T20:07:56.997+0000] {processor.py:161} INFO - Started process (PID=1156) to work on /opt/airflow/dags/upload_congress_data.py
[2024-05-06T20:07:56.999+0000] {processor.py:830} INFO - Processing file /opt/airflow/dags/upload_congress_data.py for tasks to queue
[2024-05-06T20:07:57.007+0000] {logging_mixin.py:188} INFO - [2024-05-06T20:07:57.005+0000] {dagbag.py:540} INFO - Filling up the DagBag from /opt/airflow/dags/upload_congress_data.py
[2024-05-06T20:07:57.079+0000] {logging_mixin.py:188} INFO - Bucket Name: congress_data_testproject-420401
[2024-05-06T20:07:57.096+0000] {processor.py:840} INFO - DAG(s) 'upload_congress_data' retrieved from /opt/airflow/dags/upload_congress_data.py
[2024-05-06T20:07:57.143+0000] {logging_mixin.py:188} INFO - [2024-05-06T20:07:57.143+0000] {dag.py:3047} INFO - Sync 1 DAGs
[2024-05-06T20:07:57.177+0000] {logging_mixin.py:188} INFO - [2024-05-06T20:07:57.177+0000] {dag.py:3834} INFO - Setting next_dagrun for upload_congress_data to None, run_after=None
[2024-05-06T20:07:57.205+0000] {processor.py:183} INFO - Processing /opt/airflow/dags/upload_congress_data.py took 0.220 seconds
[2024-05-06T20:52:38.738+0000] {processor.py:161} INFO - Started process (PID=1164) to work on /opt/airflow/dags/upload_congress_data.py
[2024-05-06T20:52:38.740+0000] {processor.py:830} INFO - Processing file /opt/airflow/dags/upload_congress_data.py for tasks to queue
[2024-05-06T20:52:38.745+0000] {logging_mixin.py:188} INFO - [2024-05-06T20:52:38.744+0000] {dagbag.py:540} INFO - Filling up the DagBag from /opt/airflow/dags/upload_congress_data.py
[2024-05-06T20:52:38.792+0000] {logging_mixin.py:188} INFO - Bucket Name: congress_data_testproject-420401
[2024-05-06T20:52:38.806+0000] {processor.py:840} INFO - DAG(s) 'upload_congress_data' retrieved from /opt/airflow/dags/upload_congress_data.py
[2024-05-06T20:52:38.842+0000] {logging_mixin.py:188} INFO - [2024-05-06T20:52:38.842+0000] {dag.py:3047} INFO - Sync 1 DAGs
[2024-05-06T20:52:38.876+0000] {logging_mixin.py:188} INFO - [2024-05-06T20:52:38.875+0000] {dag.py:3834} INFO - Setting next_dagrun for upload_congress_data to None, run_after=None
[2024-05-06T20:52:38.906+0000] {processor.py:183} INFO - Processing /opt/airflow/dags/upload_congress_data.py took 0.175 seconds
[2024-05-06T22:12:09.969+0000] {processor.py:161} INFO - Started process (PID=1172) to work on /opt/airflow/dags/upload_congress_data.py
[2024-05-06T22:12:09.970+0000] {processor.py:830} INFO - Processing file /opt/airflow/dags/upload_congress_data.py for tasks to queue
[2024-05-06T22:12:09.972+0000] {logging_mixin.py:188} INFO - [2024-05-06T22:12:09.971+0000] {dagbag.py:540} INFO - Filling up the DagBag from /opt/airflow/dags/upload_congress_data.py
[2024-05-06T22:12:09.999+0000] {logging_mixin.py:188} INFO - Bucket Name: congress_data_testproject-420401
[2024-05-06T22:12:10.023+0000] {processor.py:840} INFO - DAG(s) 'upload_congress_data' retrieved from /opt/airflow/dags/upload_congress_data.py
[2024-05-06T22:12:10.041+0000] {logging_mixin.py:188} INFO - [2024-05-06T22:12:10.041+0000] {dag.py:3047} INFO - Sync 1 DAGs
[2024-05-06T22:12:10.056+0000] {logging_mixin.py:188} INFO - [2024-05-06T22:12:10.056+0000] {dag.py:3834} INFO - Setting next_dagrun for upload_congress_data to None, run_after=None
[2024-05-06T22:12:10.068+0000] {processor.py:183} INFO - Processing /opt/airflow/dags/upload_congress_data.py took 0.102 seconds
[2024-05-06T23:22:41.389+0000] {processor.py:161} INFO - Started process (PID=1180) to work on /opt/airflow/dags/upload_congress_data.py
[2024-05-06T23:22:41.392+0000] {processor.py:830} INFO - Processing file /opt/airflow/dags/upload_congress_data.py for tasks to queue
[2024-05-06T23:22:41.397+0000] {logging_mixin.py:188} INFO - [2024-05-06T23:22:41.396+0000] {dagbag.py:540} INFO - Filling up the DagBag from /opt/airflow/dags/upload_congress_data.py
[2024-05-06T23:22:41.446+0000] {logging_mixin.py:188} INFO - Bucket Name: congress_data_testproject-420401
[2024-05-06T23:22:41.459+0000] {processor.py:840} INFO - DAG(s) 'upload_congress_data' retrieved from /opt/airflow/dags/upload_congress_data.py
[2024-05-06T23:22:41.478+0000] {logging_mixin.py:188} INFO - [2024-05-06T23:22:41.478+0000] {dag.py:3047} INFO - Sync 1 DAGs
[2024-05-06T23:22:41.493+0000] {logging_mixin.py:188} INFO - [2024-05-06T23:22:41.492+0000] {dag.py:3834} INFO - Setting next_dagrun for upload_congress_data to None, run_after=None
[2024-05-06T23:22:41.502+0000] {processor.py:183} INFO - Processing /opt/airflow/dags/upload_congress_data.py took 0.122 seconds
