[2024-07-02T00:49:46.362+0000] {processor.py:161} INFO - Started process (PID=3479) to work on /opt/airflow/dags/upload_congress_data.py
[2024-07-02T00:49:46.364+0000] {processor.py:830} INFO - Processing file /opt/airflow/dags/upload_congress_data.py for tasks to queue
[2024-07-02T00:49:46.368+0000] {logging_mixin.py:188} INFO - [2024-07-02T00:49:46.366+0000] {dagbag.py:540} INFO - Filling up the DagBag from /opt/airflow/dags/upload_congress_data.py
[2024-07-02T00:49:46.703+0000] {logging_mixin.py:188} INFO - Bucket Name: congress_data_testproject-420401
[2024-07-02T00:49:46.752+0000] {processor.py:840} INFO - DAG(s) 'upload_congress_data' retrieved from /opt/airflow/dags/upload_congress_data.py
[2024-07-02T00:49:47.670+0000] {logging_mixin.py:188} INFO - [2024-07-02T00:49:47.666+0000] {dag.py:3047} INFO - Sync 1 DAGs
[2024-07-02T00:49:47.713+0000] {logging_mixin.py:188} INFO - [2024-07-02T00:49:47.712+0000] {dag.py:3834} INFO - Setting next_dagrun for upload_congress_data to None, run_after=None
[2024-07-02T00:49:47.801+0000] {processor.py:183} INFO - Processing /opt/airflow/dags/upload_congress_data.py took 1.443 seconds
[2024-07-02T01:36:21.394+0000] {processor.py:161} INFO - Started process (PID=3488) to work on /opt/airflow/dags/upload_congress_data.py
[2024-07-02T01:36:21.398+0000] {processor.py:830} INFO - Processing file /opt/airflow/dags/upload_congress_data.py for tasks to queue
[2024-07-02T01:36:21.403+0000] {logging_mixin.py:188} INFO - [2024-07-02T01:36:21.399+0000] {dagbag.py:540} INFO - Filling up the DagBag from /opt/airflow/dags/upload_congress_data.py
[2024-07-02T01:36:21.517+0000] {logging_mixin.py:188} INFO - Bucket Name: congress_data_testproject-420401
[2024-07-02T01:36:21.529+0000] {processor.py:840} INFO - DAG(s) 'upload_congress_data' retrieved from /opt/airflow/dags/upload_congress_data.py
[2024-07-02T01:36:21.568+0000] {logging_mixin.py:188} INFO - [2024-07-02T01:36:21.567+0000] {dag.py:3047} INFO - Sync 1 DAGs
[2024-07-02T01:36:21.582+0000] {logging_mixin.py:188} INFO - [2024-07-02T01:36:21.582+0000] {dag.py:3834} INFO - Setting next_dagrun for upload_congress_data to None, run_after=None
[2024-07-02T01:36:21.593+0000] {processor.py:183} INFO - Processing /opt/airflow/dags/upload_congress_data.py took 0.203 seconds
[2024-07-02T02:38:02.119+0000] {processor.py:161} INFO - Started process (PID=3497) to work on /opt/airflow/dags/upload_congress_data.py
[2024-07-02T02:38:02.121+0000] {processor.py:830} INFO - Processing file /opt/airflow/dags/upload_congress_data.py for tasks to queue
[2024-07-02T02:38:02.125+0000] {logging_mixin.py:188} INFO - [2024-07-02T02:38:02.123+0000] {dagbag.py:540} INFO - Filling up the DagBag from /opt/airflow/dags/upload_congress_data.py
[2024-07-02T02:38:02.371+0000] {logging_mixin.py:188} INFO - Bucket Name: congress_data_testproject-420401
[2024-07-02T02:38:02.384+0000] {processor.py:840} INFO - DAG(s) 'upload_congress_data' retrieved from /opt/airflow/dags/upload_congress_data.py
[2024-07-02T02:38:02.429+0000] {logging_mixin.py:188} INFO - [2024-07-02T02:38:02.429+0000] {dag.py:3047} INFO - Sync 1 DAGs
[2024-07-02T02:38:02.751+0000] {logging_mixin.py:188} INFO - [2024-07-02T02:38:02.751+0000] {dag.py:3834} INFO - Setting next_dagrun for upload_congress_data to None, run_after=None
[2024-07-02T02:38:02.884+0000] {processor.py:183} INFO - Processing /opt/airflow/dags/upload_congress_data.py took 0.775 seconds
[2024-07-02T03:05:43.404+0000] {processor.py:161} INFO - Started process (PID=3506) to work on /opt/airflow/dags/upload_congress_data.py
[2024-07-02T03:05:43.405+0000] {processor.py:830} INFO - Processing file /opt/airflow/dags/upload_congress_data.py for tasks to queue
[2024-07-02T03:05:43.406+0000] {logging_mixin.py:188} INFO - [2024-07-02T03:05:43.406+0000] {dagbag.py:540} INFO - Filling up the DagBag from /opt/airflow/dags/upload_congress_data.py
[2024-07-02T03:05:43.515+0000] {logging_mixin.py:188} INFO - Bucket Name: congress_data_testproject-420401
[2024-07-02T03:05:43.526+0000] {processor.py:840} INFO - DAG(s) 'upload_congress_data' retrieved from /opt/airflow/dags/upload_congress_data.py
[2024-07-02T03:05:43.543+0000] {logging_mixin.py:188} INFO - [2024-07-02T03:05:43.543+0000] {dag.py:3047} INFO - Sync 1 DAGs
[2024-07-02T03:05:43.558+0000] {logging_mixin.py:188} INFO - [2024-07-02T03:05:43.558+0000] {dag.py:3834} INFO - Setting next_dagrun for upload_congress_data to None, run_after=None
[2024-07-02T03:05:43.567+0000] {processor.py:183} INFO - Processing /opt/airflow/dags/upload_congress_data.py took 0.167 seconds
[2024-07-02T03:51:16.798+0000] {processor.py:161} INFO - Started process (PID=3515) to work on /opt/airflow/dags/upload_congress_data.py
[2024-07-02T03:51:16.800+0000] {processor.py:830} INFO - Processing file /opt/airflow/dags/upload_congress_data.py for tasks to queue
[2024-07-02T03:51:16.804+0000] {logging_mixin.py:188} INFO - [2024-07-02T03:51:16.802+0000] {dagbag.py:540} INFO - Filling up the DagBag from /opt/airflow/dags/upload_congress_data.py
[2024-07-02T03:51:17.016+0000] {logging_mixin.py:188} INFO - Bucket Name: congress_data_testproject-420401
[2024-07-02T03:51:17.037+0000] {processor.py:840} INFO - DAG(s) 'upload_congress_data' retrieved from /opt/airflow/dags/upload_congress_data.py
[2024-07-02T03:51:17.086+0000] {logging_mixin.py:188} INFO - [2024-07-02T03:51:17.086+0000] {dag.py:3047} INFO - Sync 1 DAGs
[2024-07-02T03:51:17.150+0000] {logging_mixin.py:188} INFO - [2024-07-02T03:51:17.149+0000] {dag.py:3834} INFO - Setting next_dagrun for upload_congress_data to None, run_after=None
[2024-07-02T03:51:17.183+0000] {processor.py:183} INFO - Processing /opt/airflow/dags/upload_congress_data.py took 0.399 seconds
[2024-07-02T04:06:28.951+0000] {processor.py:161} INFO - Started process (PID=3524) to work on /opt/airflow/dags/upload_congress_data.py
[2024-07-02T04:06:28.953+0000] {processor.py:830} INFO - Processing file /opt/airflow/dags/upload_congress_data.py for tasks to queue
[2024-07-02T04:06:28.958+0000] {logging_mixin.py:188} INFO - [2024-07-02T04:06:28.956+0000] {dagbag.py:540} INFO - Filling up the DagBag from /opt/airflow/dags/upload_congress_data.py
[2024-07-02T04:06:29.123+0000] {logging_mixin.py:188} INFO - Bucket Name: congress_data_testproject-420401
[2024-07-02T04:06:29.141+0000] {processor.py:840} INFO - DAG(s) 'upload_congress_data' retrieved from /opt/airflow/dags/upload_congress_data.py
[2024-07-02T04:06:29.199+0000] {logging_mixin.py:188} INFO - [2024-07-02T04:06:29.199+0000] {dag.py:3047} INFO - Sync 1 DAGs
[2024-07-02T04:06:29.246+0000] {logging_mixin.py:188} INFO - [2024-07-02T04:06:29.246+0000] {dag.py:3834} INFO - Setting next_dagrun for upload_congress_data to None, run_after=None
[2024-07-02T04:06:29.278+0000] {processor.py:183} INFO - Processing /opt/airflow/dags/upload_congress_data.py took 0.336 seconds
[2024-07-02T05:03:22.987+0000] {processor.py:161} INFO - Started process (PID=3533) to work on /opt/airflow/dags/upload_congress_data.py
[2024-07-02T05:03:22.989+0000] {processor.py:830} INFO - Processing file /opt/airflow/dags/upload_congress_data.py for tasks to queue
[2024-07-02T05:03:22.993+0000] {logging_mixin.py:188} INFO - [2024-07-02T05:03:22.992+0000] {dagbag.py:540} INFO - Filling up the DagBag from /opt/airflow/dags/upload_congress_data.py
[2024-07-02T05:03:23.227+0000] {logging_mixin.py:188} INFO - Bucket Name: congress_data_testproject-420401
[2024-07-02T05:03:23.260+0000] {processor.py:840} INFO - DAG(s) 'upload_congress_data' retrieved from /opt/airflow/dags/upload_congress_data.py
[2024-07-02T05:03:23.351+0000] {logging_mixin.py:188} INFO - [2024-07-02T05:03:23.351+0000] {dag.py:3047} INFO - Sync 1 DAGs
[2024-07-02T05:03:23.414+0000] {logging_mixin.py:188} INFO - [2024-07-02T05:03:23.414+0000] {dag.py:3834} INFO - Setting next_dagrun for upload_congress_data to None, run_after=None
[2024-07-02T05:03:23.464+0000] {processor.py:183} INFO - Processing /opt/airflow/dags/upload_congress_data.py took 0.488 seconds
[2024-07-02T06:25:47.941+0000] {processor.py:161} INFO - Started process (PID=3542) to work on /opt/airflow/dags/upload_congress_data.py
[2024-07-02T06:25:47.944+0000] {processor.py:830} INFO - Processing file /opt/airflow/dags/upload_congress_data.py for tasks to queue
[2024-07-02T06:25:47.946+0000] {logging_mixin.py:188} INFO - [2024-07-02T06:25:47.945+0000] {dagbag.py:540} INFO - Filling up the DagBag from /opt/airflow/dags/upload_congress_data.py
[2024-07-02T06:25:48.116+0000] {logging_mixin.py:188} INFO - Bucket Name: congress_data_testproject-420401
[2024-07-02T06:25:48.136+0000] {processor.py:840} INFO - DAG(s) 'upload_congress_data' retrieved from /opt/airflow/dags/upload_congress_data.py
[2024-07-02T06:25:48.159+0000] {logging_mixin.py:188} INFO - [2024-07-02T06:25:48.158+0000] {dag.py:3047} INFO - Sync 1 DAGs
[2024-07-02T06:25:48.174+0000] {logging_mixin.py:188} INFO - [2024-07-02T06:25:48.174+0000] {dag.py:3834} INFO - Setting next_dagrun for upload_congress_data to None, run_after=None
[2024-07-02T06:25:48.184+0000] {processor.py:183} INFO - Processing /opt/airflow/dags/upload_congress_data.py took 0.260 seconds
[2024-07-02T08:03:57.406+0000] {processor.py:161} INFO - Started process (PID=3551) to work on /opt/airflow/dags/upload_congress_data.py
[2024-07-02T08:03:57.410+0000] {processor.py:830} INFO - Processing file /opt/airflow/dags/upload_congress_data.py for tasks to queue
[2024-07-02T08:03:57.415+0000] {logging_mixin.py:188} INFO - [2024-07-02T08:03:57.412+0000] {dagbag.py:540} INFO - Filling up the DagBag from /opt/airflow/dags/upload_congress_data.py
[2024-07-02T08:03:57.657+0000] {logging_mixin.py:188} INFO - Bucket Name: congress_data_testproject-420401
[2024-07-02T08:03:57.696+0000] {processor.py:840} INFO - DAG(s) 'upload_congress_data' retrieved from /opt/airflow/dags/upload_congress_data.py
[2024-07-02T08:03:57.754+0000] {logging_mixin.py:188} INFO - [2024-07-02T08:03:57.754+0000] {dag.py:3047} INFO - Sync 1 DAGs
[2024-07-02T08:03:57.818+0000] {logging_mixin.py:188} INFO - [2024-07-02T08:03:57.817+0000] {dag.py:3834} INFO - Setting next_dagrun for upload_congress_data to None, run_after=None
[2024-07-02T08:03:57.869+0000] {processor.py:183} INFO - Processing /opt/airflow/dags/upload_congress_data.py took 0.473 seconds
[2024-07-02T09:25:27.162+0000] {processor.py:161} INFO - Started process (PID=3560) to work on /opt/airflow/dags/upload_congress_data.py
[2024-07-02T09:25:27.167+0000] {processor.py:830} INFO - Processing file /opt/airflow/dags/upload_congress_data.py for tasks to queue
[2024-07-02T09:25:27.175+0000] {logging_mixin.py:188} INFO - [2024-07-02T09:25:27.170+0000] {dagbag.py:540} INFO - Filling up the DagBag from /opt/airflow/dags/upload_congress_data.py
[2024-07-02T09:25:27.356+0000] {logging_mixin.py:188} INFO - Bucket Name: congress_data_testproject-420401
[2024-07-02T09:25:27.377+0000] {processor.py:840} INFO - DAG(s) 'upload_congress_data' retrieved from /opt/airflow/dags/upload_congress_data.py
[2024-07-02T09:25:27.430+0000] {logging_mixin.py:188} INFO - [2024-07-02T09:25:27.430+0000] {dag.py:3047} INFO - Sync 1 DAGs
[2024-07-02T09:25:27.790+0000] {logging_mixin.py:188} INFO - [2024-07-02T09:25:27.790+0000] {dag.py:3834} INFO - Setting next_dagrun for upload_congress_data to None, run_after=None
[2024-07-02T09:25:27.882+0000] {processor.py:183} INFO - Processing /opt/airflow/dags/upload_congress_data.py took 0.727 seconds
[2024-07-02T11:00:17.580+0000] {processor.py:161} INFO - Started process (PID=3569) to work on /opt/airflow/dags/upload_congress_data.py
[2024-07-02T11:00:17.584+0000] {processor.py:830} INFO - Processing file /opt/airflow/dags/upload_congress_data.py for tasks to queue
[2024-07-02T11:00:17.587+0000] {logging_mixin.py:188} INFO - [2024-07-02T11:00:17.586+0000] {dagbag.py:540} INFO - Filling up the DagBag from /opt/airflow/dags/upload_congress_data.py
[2024-07-02T11:00:17.759+0000] {logging_mixin.py:188} INFO - Bucket Name: congress_data_testproject-420401
[2024-07-02T11:00:17.773+0000] {processor.py:840} INFO - DAG(s) 'upload_congress_data' retrieved from /opt/airflow/dags/upload_congress_data.py
[2024-07-02T11:00:17.800+0000] {logging_mixin.py:188} INFO - [2024-07-02T11:00:17.800+0000] {dag.py:3047} INFO - Sync 1 DAGs
[2024-07-02T11:00:17.821+0000] {logging_mixin.py:188} INFO - [2024-07-02T11:00:17.821+0000] {dag.py:3834} INFO - Setting next_dagrun for upload_congress_data to None, run_after=None
[2024-07-02T11:00:17.834+0000] {processor.py:183} INFO - Processing /opt/airflow/dags/upload_congress_data.py took 0.267 seconds
[2024-07-02T11:57:14.623+0000] {processor.py:161} INFO - Started process (PID=3578) to work on /opt/airflow/dags/upload_congress_data.py
[2024-07-02T11:57:14.625+0000] {processor.py:830} INFO - Processing file /opt/airflow/dags/upload_congress_data.py for tasks to queue
[2024-07-02T11:57:14.627+0000] {logging_mixin.py:188} INFO - [2024-07-02T11:57:14.626+0000] {dagbag.py:540} INFO - Filling up the DagBag from /opt/airflow/dags/upload_congress_data.py
[2024-07-02T11:57:14.725+0000] {logging_mixin.py:188} INFO - Bucket Name: congress_data_testproject-420401
[2024-07-02T11:57:14.735+0000] {processor.py:840} INFO - DAG(s) 'upload_congress_data' retrieved from /opt/airflow/dags/upload_congress_data.py
[2024-07-02T11:57:14.756+0000] {logging_mixin.py:188} INFO - [2024-07-02T11:57:14.756+0000] {dag.py:3047} INFO - Sync 1 DAGs
[2024-07-02T11:57:14.777+0000] {logging_mixin.py:188} INFO - [2024-07-02T11:57:14.777+0000] {dag.py:3834} INFO - Setting next_dagrun for upload_congress_data to None, run_after=None
[2024-07-02T11:57:14.792+0000] {processor.py:183} INFO - Processing /opt/airflow/dags/upload_congress_data.py took 0.174 seconds
[2024-07-02T12:21:18.544+0000] {processor.py:161} INFO - Started process (PID=3587) to work on /opt/airflow/dags/upload_congress_data.py
[2024-07-02T12:21:18.548+0000] {processor.py:830} INFO - Processing file /opt/airflow/dags/upload_congress_data.py for tasks to queue
[2024-07-02T12:21:18.550+0000] {logging_mixin.py:188} INFO - [2024-07-02T12:21:18.549+0000] {dagbag.py:540} INFO - Filling up the DagBag from /opt/airflow/dags/upload_congress_data.py
[2024-07-02T12:21:18.645+0000] {logging_mixin.py:188} INFO - Bucket Name: congress_data_testproject-420401
[2024-07-02T12:21:18.654+0000] {processor.py:840} INFO - DAG(s) 'upload_congress_data' retrieved from /opt/airflow/dags/upload_congress_data.py
[2024-07-02T12:21:18.673+0000] {logging_mixin.py:188} INFO - [2024-07-02T12:21:18.673+0000] {dag.py:3047} INFO - Sync 1 DAGs
[2024-07-02T12:21:18.694+0000] {logging_mixin.py:188} INFO - [2024-07-02T12:21:18.693+0000] {dag.py:3834} INFO - Setting next_dagrun for upload_congress_data to None, run_after=None
[2024-07-02T12:21:18.703+0000] {processor.py:183} INFO - Processing /opt/airflow/dags/upload_congress_data.py took 0.163 seconds
[2024-07-02T13:58:09.474+0000] {processor.py:161} INFO - Started process (PID=3596) to work on /opt/airflow/dags/upload_congress_data.py
[2024-07-02T13:58:09.485+0000] {processor.py:830} INFO - Processing file /opt/airflow/dags/upload_congress_data.py for tasks to queue
[2024-07-02T13:58:09.487+0000] {logging_mixin.py:188} INFO - [2024-07-02T13:58:09.486+0000] {dagbag.py:540} INFO - Filling up the DagBag from /opt/airflow/dags/upload_congress_data.py
[2024-07-02T13:58:09.572+0000] {logging_mixin.py:188} INFO - Bucket Name: congress_data_testproject-420401
[2024-07-02T13:58:09.582+0000] {processor.py:840} INFO - DAG(s) 'upload_congress_data' retrieved from /opt/airflow/dags/upload_congress_data.py
[2024-07-02T13:58:09.599+0000] {logging_mixin.py:188} INFO - [2024-07-02T13:58:09.599+0000] {dag.py:3047} INFO - Sync 1 DAGs
[2024-07-02T13:58:09.611+0000] {logging_mixin.py:188} INFO - [2024-07-02T13:58:09.611+0000] {dag.py:3834} INFO - Setting next_dagrun for upload_congress_data to None, run_after=None
[2024-07-02T13:58:09.619+0000] {processor.py:183} INFO - Processing /opt/airflow/dags/upload_congress_data.py took 0.176 seconds
[2024-07-02T14:59:13.066+0000] {processor.py:161} INFO - Started process (PID=3605) to work on /opt/airflow/dags/upload_congress_data.py
[2024-07-02T14:59:13.070+0000] {processor.py:830} INFO - Processing file /opt/airflow/dags/upload_congress_data.py for tasks to queue
[2024-07-02T14:59:13.073+0000] {logging_mixin.py:188} INFO - [2024-07-02T14:59:13.072+0000] {dagbag.py:540} INFO - Filling up the DagBag from /opt/airflow/dags/upload_congress_data.py
[2024-07-02T14:59:13.232+0000] {logging_mixin.py:188} INFO - Bucket Name: congress_data_testproject-420401
[2024-07-02T14:59:13.252+0000] {processor.py:840} INFO - DAG(s) 'upload_congress_data' retrieved from /opt/airflow/dags/upload_congress_data.py
[2024-07-02T14:59:13.282+0000] {logging_mixin.py:188} INFO - [2024-07-02T14:59:13.282+0000] {dag.py:3047} INFO - Sync 1 DAGs
[2024-07-02T14:59:13.294+0000] {logging_mixin.py:188} INFO - [2024-07-02T14:59:13.294+0000] {dag.py:3834} INFO - Setting next_dagrun for upload_congress_data to None, run_after=None
[2024-07-02T14:59:13.304+0000] {processor.py:183} INFO - Processing /opt/airflow/dags/upload_congress_data.py took 0.250 seconds
[2024-07-02T16:00:12.838+0000] {processor.py:161} INFO - Started process (PID=3614) to work on /opt/airflow/dags/upload_congress_data.py
[2024-07-02T16:00:12.839+0000] {processor.py:830} INFO - Processing file /opt/airflow/dags/upload_congress_data.py for tasks to queue
[2024-07-02T16:00:12.840+0000] {logging_mixin.py:188} INFO - [2024-07-02T16:00:12.839+0000] {dagbag.py:540} INFO - Filling up the DagBag from /opt/airflow/dags/upload_congress_data.py
[2024-07-02T16:00:12.948+0000] {logging_mixin.py:188} INFO - Bucket Name: congress_data_testproject-420401
[2024-07-02T16:00:12.959+0000] {processor.py:840} INFO - DAG(s) 'upload_congress_data' retrieved from /opt/airflow/dags/upload_congress_data.py
[2024-07-02T16:00:12.977+0000] {logging_mixin.py:188} INFO - [2024-07-02T16:00:12.977+0000] {dag.py:3047} INFO - Sync 1 DAGs
[2024-07-02T16:00:12.996+0000] {logging_mixin.py:188} INFO - [2024-07-02T16:00:12.996+0000] {dag.py:3834} INFO - Setting next_dagrun for upload_congress_data to None, run_after=None
[2024-07-02T16:00:13.005+0000] {processor.py:183} INFO - Processing /opt/airflow/dags/upload_congress_data.py took 0.172 seconds
[2024-07-02T17:01:06.457+0000] {processor.py:161} INFO - Started process (PID=3623) to work on /opt/airflow/dags/upload_congress_data.py
[2024-07-02T17:01:06.459+0000] {processor.py:830} INFO - Processing file /opt/airflow/dags/upload_congress_data.py for tasks to queue
[2024-07-02T17:01:06.463+0000] {logging_mixin.py:188} INFO - [2024-07-02T17:01:06.462+0000] {dagbag.py:540} INFO - Filling up the DagBag from /opt/airflow/dags/upload_congress_data.py
[2024-07-02T17:01:06.582+0000] {logging_mixin.py:188} INFO - Bucket Name: congress_data_testproject-420401
[2024-07-02T17:01:06.605+0000] {processor.py:840} INFO - DAG(s) 'upload_congress_data' retrieved from /opt/airflow/dags/upload_congress_data.py
[2024-07-02T17:01:06.635+0000] {logging_mixin.py:188} INFO - [2024-07-02T17:01:06.634+0000] {dag.py:3047} INFO - Sync 1 DAGs
[2024-07-02T17:01:06.653+0000] {logging_mixin.py:188} INFO - [2024-07-02T17:01:06.653+0000] {dag.py:3834} INFO - Setting next_dagrun for upload_congress_data to None, run_after=None
[2024-07-02T17:01:06.664+0000] {processor.py:183} INFO - Processing /opt/airflow/dags/upload_congress_data.py took 0.212 seconds
[2024-07-02T18:02:12.975+0000] {processor.py:161} INFO - Started process (PID=3632) to work on /opt/airflow/dags/upload_congress_data.py
[2024-07-02T18:02:12.982+0000] {processor.py:830} INFO - Processing file /opt/airflow/dags/upload_congress_data.py for tasks to queue
[2024-07-02T18:02:12.987+0000] {logging_mixin.py:188} INFO - [2024-07-02T18:02:12.986+0000] {dagbag.py:540} INFO - Filling up the DagBag from /opt/airflow/dags/upload_congress_data.py
[2024-07-02T18:02:13.240+0000] {logging_mixin.py:188} INFO - Bucket Name: congress_data_testproject-420401
[2024-07-02T18:02:13.270+0000] {processor.py:840} INFO - DAG(s) 'upload_congress_data' retrieved from /opt/airflow/dags/upload_congress_data.py
[2024-07-02T18:02:13.342+0000] {logging_mixin.py:188} INFO - [2024-07-02T18:02:13.342+0000] {dag.py:3047} INFO - Sync 1 DAGs
[2024-07-02T18:02:13.381+0000] {logging_mixin.py:188} INFO - [2024-07-02T18:02:13.381+0000] {dag.py:3834} INFO - Setting next_dagrun for upload_congress_data to None, run_after=None
[2024-07-02T18:02:13.479+0000] {processor.py:183} INFO - Processing /opt/airflow/dags/upload_congress_data.py took 0.518 seconds
[2024-07-02T18:29:19.350+0000] {processor.py:161} INFO - Started process (PID=3641) to work on /opt/airflow/dags/upload_congress_data.py
[2024-07-02T18:29:19.358+0000] {processor.py:830} INFO - Processing file /opt/airflow/dags/upload_congress_data.py for tasks to queue
[2024-07-02T18:29:19.362+0000] {logging_mixin.py:188} INFO - [2024-07-02T18:29:19.360+0000] {dagbag.py:540} INFO - Filling up the DagBag from /opt/airflow/dags/upload_congress_data.py
[2024-07-02T18:29:19.510+0000] {logging_mixin.py:188} INFO - Bucket Name: congress_data_testproject-420401
[2024-07-02T18:29:19.539+0000] {processor.py:840} INFO - DAG(s) 'upload_congress_data' retrieved from /opt/airflow/dags/upload_congress_data.py
[2024-07-02T18:29:19.607+0000] {logging_mixin.py:188} INFO - [2024-07-02T18:29:19.606+0000] {dag.py:3047} INFO - Sync 1 DAGs
[2024-07-02T18:29:19.659+0000] {logging_mixin.py:188} INFO - [2024-07-02T18:29:19.659+0000] {dag.py:3834} INFO - Setting next_dagrun for upload_congress_data to None, run_after=None
[2024-07-02T18:29:19.698+0000] {processor.py:183} INFO - Processing /opt/airflow/dags/upload_congress_data.py took 0.360 seconds
[2024-07-02T19:03:23.788+0000] {processor.py:161} INFO - Started process (PID=3650) to work on /opt/airflow/dags/upload_congress_data.py
[2024-07-02T19:03:23.790+0000] {processor.py:830} INFO - Processing file /opt/airflow/dags/upload_congress_data.py for tasks to queue
[2024-07-02T19:03:23.793+0000] {logging_mixin.py:188} INFO - [2024-07-02T19:03:23.792+0000] {dagbag.py:540} INFO - Filling up the DagBag from /opt/airflow/dags/upload_congress_data.py
[2024-07-02T19:03:23.962+0000] {logging_mixin.py:188} INFO - Bucket Name: congress_data_testproject-420401
[2024-07-02T19:03:23.979+0000] {processor.py:840} INFO - DAG(s) 'upload_congress_data' retrieved from /opt/airflow/dags/upload_congress_data.py
[2024-07-02T19:03:24.045+0000] {logging_mixin.py:188} INFO - [2024-07-02T19:03:24.044+0000] {dag.py:3047} INFO - Sync 1 DAGs
[2024-07-02T19:03:24.073+0000] {logging_mixin.py:188} INFO - [2024-07-02T19:03:24.073+0000] {dag.py:3834} INFO - Setting next_dagrun for upload_congress_data to None, run_after=None
[2024-07-02T19:03:24.126+0000] {processor.py:183} INFO - Processing /opt/airflow/dags/upload_congress_data.py took 0.350 seconds
[2024-07-02T19:21:47.371+0000] {processor.py:161} INFO - Started process (PID=3659) to work on /opt/airflow/dags/upload_congress_data.py
[2024-07-02T19:21:47.376+0000] {processor.py:830} INFO - Processing file /opt/airflow/dags/upload_congress_data.py for tasks to queue
[2024-07-02T19:21:47.381+0000] {logging_mixin.py:188} INFO - [2024-07-02T19:21:47.379+0000] {dagbag.py:540} INFO - Filling up the DagBag from /opt/airflow/dags/upload_congress_data.py
[2024-07-02T19:21:47.540+0000] {logging_mixin.py:188} INFO - Bucket Name: congress_data_testproject-420401
[2024-07-02T19:21:47.555+0000] {processor.py:840} INFO - DAG(s) 'upload_congress_data' retrieved from /opt/airflow/dags/upload_congress_data.py
[2024-07-02T19:21:47.599+0000] {logging_mixin.py:188} INFO - [2024-07-02T19:21:47.598+0000] {dag.py:3047} INFO - Sync 1 DAGs
[2024-07-02T19:21:47.646+0000] {logging_mixin.py:188} INFO - [2024-07-02T19:21:47.646+0000] {dag.py:3834} INFO - Setting next_dagrun for upload_congress_data to None, run_after=None
[2024-07-02T19:21:47.700+0000] {processor.py:183} INFO - Processing /opt/airflow/dags/upload_congress_data.py took 0.341 seconds
[2024-07-02T20:04:22.980+0000] {processor.py:161} INFO - Started process (PID=3668) to work on /opt/airflow/dags/upload_congress_data.py
[2024-07-02T20:04:22.982+0000] {processor.py:830} INFO - Processing file /opt/airflow/dags/upload_congress_data.py for tasks to queue
[2024-07-02T20:04:22.983+0000] {logging_mixin.py:188} INFO - [2024-07-02T20:04:22.982+0000] {dagbag.py:540} INFO - Filling up the DagBag from /opt/airflow/dags/upload_congress_data.py
[2024-07-02T20:04:23.083+0000] {logging_mixin.py:188} INFO - Bucket Name: congress_data_testproject-420401
[2024-07-02T20:04:23.091+0000] {processor.py:840} INFO - DAG(s) 'upload_congress_data' retrieved from /opt/airflow/dags/upload_congress_data.py
[2024-07-02T20:04:23.117+0000] {logging_mixin.py:188} INFO - [2024-07-02T20:04:23.117+0000] {dag.py:3047} INFO - Sync 1 DAGs
[2024-07-02T20:04:23.130+0000] {logging_mixin.py:188} INFO - [2024-07-02T20:04:23.130+0000] {dag.py:3834} INFO - Setting next_dagrun for upload_congress_data to None, run_after=None
[2024-07-02T20:04:23.138+0000] {processor.py:183} INFO - Processing /opt/airflow/dags/upload_congress_data.py took 0.181 seconds
[2024-07-02T21:22:43.102+0000] {processor.py:161} INFO - Started process (PID=3677) to work on /opt/airflow/dags/upload_congress_data.py
[2024-07-02T21:22:43.105+0000] {processor.py:830} INFO - Processing file /opt/airflow/dags/upload_congress_data.py for tasks to queue
[2024-07-02T21:22:43.108+0000] {logging_mixin.py:188} INFO - [2024-07-02T21:22:43.107+0000] {dagbag.py:540} INFO - Filling up the DagBag from /opt/airflow/dags/upload_congress_data.py
[2024-07-02T21:22:43.274+0000] {logging_mixin.py:188} INFO - Bucket Name: congress_data_testproject-420401
[2024-07-02T21:22:43.290+0000] {processor.py:840} INFO - DAG(s) 'upload_congress_data' retrieved from /opt/airflow/dags/upload_congress_data.py
[2024-07-02T21:22:43.346+0000] {logging_mixin.py:188} INFO - [2024-07-02T21:22:43.346+0000] {dag.py:3047} INFO - Sync 1 DAGs
[2024-07-02T21:22:43.700+0000] {logging_mixin.py:188} INFO - [2024-07-02T21:22:43.699+0000] {dag.py:3834} INFO - Setting next_dagrun for upload_congress_data to None, run_after=None
[2024-07-02T21:22:43.707+0000] {processor.py:183} INFO - Processing /opt/airflow/dags/upload_congress_data.py took 0.614 seconds
[2024-07-02T21:55:05.542+0000] {processor.py:161} INFO - Started process (PID=3686) to work on /opt/airflow/dags/upload_congress_data.py
[2024-07-02T21:55:05.544+0000] {processor.py:830} INFO - Processing file /opt/airflow/dags/upload_congress_data.py for tasks to queue
[2024-07-02T21:55:05.545+0000] {logging_mixin.py:188} INFO - [2024-07-02T21:55:05.545+0000] {dagbag.py:540} INFO - Filling up the DagBag from /opt/airflow/dags/upload_congress_data.py
[2024-07-02T21:55:05.676+0000] {logging_mixin.py:188} INFO - Bucket Name: congress_data_testproject-420401
[2024-07-02T21:55:05.687+0000] {processor.py:840} INFO - DAG(s) 'upload_congress_data' retrieved from /opt/airflow/dags/upload_congress_data.py
[2024-07-02T21:55:05.720+0000] {logging_mixin.py:188} INFO - [2024-07-02T21:55:05.720+0000] {dag.py:3047} INFO - Sync 1 DAGs
[2024-07-02T21:55:05.740+0000] {logging_mixin.py:188} INFO - [2024-07-02T21:55:05.740+0000] {dag.py:3834} INFO - Setting next_dagrun for upload_congress_data to None, run_after=None
[2024-07-02T21:55:06.136+0000] {processor.py:183} INFO - Processing /opt/airflow/dags/upload_congress_data.py took 0.599 seconds
[2024-07-02T22:57:05.055+0000] {processor.py:161} INFO - Started process (PID=3695) to work on /opt/airflow/dags/upload_congress_data.py
[2024-07-02T22:57:05.057+0000] {processor.py:830} INFO - Processing file /opt/airflow/dags/upload_congress_data.py for tasks to queue
[2024-07-02T22:57:05.061+0000] {logging_mixin.py:188} INFO - [2024-07-02T22:57:05.059+0000] {dagbag.py:540} INFO - Filling up the DagBag from /opt/airflow/dags/upload_congress_data.py
[2024-07-02T22:57:05.264+0000] {logging_mixin.py:188} INFO - Bucket Name: congress_data_testproject-420401
[2024-07-02T22:57:05.283+0000] {processor.py:840} INFO - DAG(s) 'upload_congress_data' retrieved from /opt/airflow/dags/upload_congress_data.py
[2024-07-02T22:57:05.327+0000] {logging_mixin.py:188} INFO - [2024-07-02T22:57:05.327+0000] {dag.py:3047} INFO - Sync 1 DAGs
[2024-07-02T22:57:05.361+0000] {logging_mixin.py:188} INFO - [2024-07-02T22:57:05.361+0000] {dag.py:3834} INFO - Setting next_dagrun for upload_congress_data to None, run_after=None
[2024-07-02T22:57:05.389+0000] {processor.py:183} INFO - Processing /opt/airflow/dags/upload_congress_data.py took 0.340 seconds
[2024-07-02T23:59:23.852+0000] {processor.py:161} INFO - Started process (PID=3704) to work on /opt/airflow/dags/upload_congress_data.py
[2024-07-02T23:59:23.853+0000] {processor.py:830} INFO - Processing file /opt/airflow/dags/upload_congress_data.py for tasks to queue
[2024-07-02T23:59:23.854+0000] {logging_mixin.py:188} INFO - [2024-07-02T23:59:23.854+0000] {dagbag.py:540} INFO - Filling up the DagBag from /opt/airflow/dags/upload_congress_data.py
[2024-07-02T23:59:24.603+0000] {logging_mixin.py:188} INFO - Bucket Name: congress_data_testproject-420401
[2024-07-02T23:59:24.621+0000] {processor.py:840} INFO - DAG(s) 'upload_congress_data' retrieved from /opt/airflow/dags/upload_congress_data.py
[2024-07-02T23:59:24.690+0000] {logging_mixin.py:188} INFO - [2024-07-02T23:59:24.690+0000] {dag.py:3047} INFO - Sync 1 DAGs
[2024-07-02T23:59:24.724+0000] {logging_mixin.py:188} INFO - [2024-07-02T23:59:24.724+0000] {dag.py:3834} INFO - Setting next_dagrun for upload_congress_data to None, run_after=None
[2024-07-02T23:59:24.757+0000] {processor.py:183} INFO - Processing /opt/airflow/dags/upload_congress_data.py took 0.910 seconds
