[2024-04-14T17:54:54.331+0000] {taskinstance.py:1979} INFO - Dependencies all met for dep_context=non-requeueable deps ti=<TaskInstance: upload_congress_data.upload_votes_to_gcs manual__2024-04-14T00:53:50.098849+00:00 [queued]>
[2024-04-14T17:54:54.339+0000] {taskinstance.py:1979} INFO - Dependencies all met for dep_context=requeueable deps ti=<TaskInstance: upload_congress_data.upload_votes_to_gcs manual__2024-04-14T00:53:50.098849+00:00 [queued]>
[2024-04-14T17:54:54.340+0000] {taskinstance.py:2193} INFO - Starting attempt 2 of 2
[2024-04-14T17:54:54.349+0000] {taskinstance.py:2217} INFO - Executing <Task(PythonOperator): upload_votes_to_gcs> on 2024-04-14 00:53:50.098849+00:00
[2024-04-14T17:54:54.363+0000] {standard_task_runner.py:60} INFO - Started process 9992 to run task
[2024-04-14T17:54:54.370+0000] {standard_task_runner.py:87} INFO - Running: ['***', 'tasks', 'run', 'upload_congress_data', 'upload_votes_to_gcs', 'manual__2024-04-14T00:53:50.098849+00:00', '--job-id', '55', '--raw', '--subdir', 'DAGS_FOLDER/upload_congress_data.py', '--cfg-path', '/tmp/tmpkuigqldp']
[2024-04-14T17:54:54.377+0000] {standard_task_runner.py:88} INFO - Job 55: Subtask upload_votes_to_gcs
[2024-04-14T17:54:54.416+0000] {task_command.py:423} INFO - Running <TaskInstance: upload_congress_data.upload_votes_to_gcs manual__2024-04-14T00:53:50.098849+00:00 [running]> on host 08bbc0b56ffc
[2024-04-14T17:54:54.479+0000] {taskinstance.py:2513} INFO - Exporting env vars: AIRFLOW_CTX_DAG_OWNER='***' AIRFLOW_CTX_DAG_ID='upload_congress_data' AIRFLOW_CTX_TASK_ID='upload_votes_to_gcs' AIRFLOW_CTX_EXECUTION_DATE='2024-04-14T00:53:50.098849+00:00' AIRFLOW_CTX_TRY_NUMBER='2' AIRFLOW_CTX_DAG_RUN_ID='manual__2024-04-14T00:53:50.098849+00:00'
[2024-04-14T17:54:55.733+0000] {logging_mixin.py:188} INFO - Uploaded /opt/***/dags/data/votes/HJRES/HJRES_39_voteNumber109.json to gs://congress_data/votes/HJRES/HJRES_39_voteNumber109.json
[2024-04-14T17:54:56.215+0000] {logging_mixin.py:188} INFO - Uploaded /opt/***/dags/data/votes/HJRES/HJRES_45_voteNumber234.json to gs://congress_data/votes/HJRES/HJRES_45_voteNumber234.json
[2024-04-14T17:54:56.647+0000] {logging_mixin.py:188} INFO - Uploaded /opt/***/dags/data/votes/HJRES/HJRES_30_voteNumber35.json to gs://congress_data/votes/HJRES/HJRES_30_voteNumber35.json
[2024-04-14T17:54:57.085+0000] {logging_mixin.py:188} INFO - Uploaded /opt/***/dags/data/votes/HJRES/HJRES_27_voteNumber187.json to gs://congress_data/votes/HJRES/HJRES_27_voteNumber187.json
[2024-04-14T17:54:57.805+0000] {logging_mixin.py:188} INFO - Uploaded /opt/***/dags/data/votes/HJRES/HJRES_74_voteNumber335.json to gs://congress_data/votes/HJRES/HJRES_74_voteNumber335.json
[2024-04-14T17:54:58.244+0000] {logging_mixin.py:188} INFO - Uploaded /opt/***/dags/data/votes/HJRES/HJRES_24_voteNumber118.json to gs://congress_data/votes/HJRES/HJRES_24_voteNumber118.json
[2024-04-14T17:54:58.727+0000] {logging_mixin.py:188} INFO - Uploaded /opt/***/dags/data/votes/HJRES/HJRES_27_voteNumber142.json to gs://congress_data/votes/HJRES/HJRES_27_voteNumber142.json
[2024-04-14T17:54:59.153+0000] {logging_mixin.py:188} INFO - Uploaded /opt/***/dags/data/votes/HJRES/HJRES_45_voteNumber135.json to gs://congress_data/votes/HJRES/HJRES_45_voteNumber135.json
[2024-04-14T17:54:59.630+0000] {logging_mixin.py:188} INFO - Uploaded /opt/***/dags/data/votes/HJRES/HJRES_79_voteNumber337.json to gs://congress_data/votes/HJRES/HJRES_79_voteNumber337.json
[2024-04-14T17:55:00.080+0000] {logging_mixin.py:188} INFO - Uploaded /opt/***/dags/data/votes/HJRES/HJRES_26_voteNumber119.json to gs://congress_data/votes/HJRES/HJRES_26_voteNumber119.json
[2024-04-14T17:55:00.510+0000] {logging_mixin.py:188} INFO - Uploaded /opt/***/dags/data/votes/HJRES/HJRES_44_voteNumber252.json to gs://congress_data/votes/HJRES/HJRES_44_voteNumber252.json
[2024-04-14T17:55:01.012+0000] {logging_mixin.py:188} INFO - Uploaded /opt/***/dags/data/votes/HJRES/HJRES_30_voteNumber124.json to gs://congress_data/votes/HJRES/HJRES_30_voteNumber124.json
[2024-04-14T17:55:01.698+0000] {logging_mixin.py:188} INFO - Uploaded /opt/***/dags/data/votes/HJRES/HJRES_30_voteNumber149.json to gs://congress_data/votes/HJRES/HJRES_30_voteNumber149.json
[2024-04-14T17:55:02.237+0000] {logging_mixin.py:188} INFO - Uploaded /opt/***/dags/data/votes/HJRES/HJRES_7_voteNumber104.json to gs://congress_data/votes/HJRES/HJRES_7_voteNumber104.json
[2024-04-14T17:55:02.932+0000] {logging_mixin.py:188} INFO - Uploaded /opt/***/dags/data/votes/HJRES/HJRES_39_voteNumber233.json to gs://congress_data/votes/HJRES/HJRES_39_voteNumber233.json
[2024-04-14T17:55:03.463+0000] {logging_mixin.py:188} INFO - Uploaded /opt/***/dags/data/votes/HJRES/HJRES_45_voteNumber134.json to gs://congress_data/votes/HJRES/HJRES_45_voteNumber134.json
[2024-04-14T17:55:04.062+0000] {logging_mixin.py:188} INFO - Uploaded /opt/***/dags/data/votes/HJRES/HJRES_27_voteNumber79.json to gs://congress_data/votes/HJRES/HJRES_27_voteNumber79.json
[2024-04-14T17:55:04.522+0000] {logging_mixin.py:188} INFO - Uploaded /opt/***/dags/data/votes/HJRES/HJRES_42_voteNumber188.json to gs://congress_data/votes/HJRES/HJRES_42_voteNumber188.json
[2024-04-14T17:55:04.949+0000] {logging_mixin.py:188} INFO - Uploaded /opt/***/dags/data/votes/HJRES/HJRES_42_voteNumber126.json to gs://congress_data/votes/HJRES/HJRES_42_voteNumber126.json
[2024-04-14T17:55:05.404+0000] {logging_mixin.py:188} INFO - Uploaded /opt/***/dags/data/votes/HJRES/HJRES_42_voteNumber253.json to gs://congress_data/votes/HJRES/HJRES_42_voteNumber253.json
[2024-04-14T17:55:05.832+0000] {logging_mixin.py:188} INFO - Uploaded /opt/***/dags/data/votes/HJRES/HJRES_98_voteNumber122.json to gs://congress_data/votes/HJRES/HJRES_98_voteNumber122.json
[2024-04-14T17:55:06.250+0000] {logging_mixin.py:188} INFO - Uploaded /opt/***/dags/data/votes/HJRES/HJRES_44_voteNumber171.json to gs://congress_data/votes/HJRES/HJRES_44_voteNumber171.json
[2024-04-14T17:55:06.675+0000] {logging_mixin.py:188} INFO - Uploaded /opt/***/dags/data/votes/HJRES/HJRES_26_voteNumber49.json to gs://congress_data/votes/HJRES/HJRES_26_voteNumber49.json
[2024-04-14T17:55:07.102+0000] {logging_mixin.py:188} INFO - Uploaded /opt/***/dags/data/votes/HJRES/HJRES_39_voteNumber202.json to gs://congress_data/votes/HJRES/HJRES_39_voteNumber202.json
[2024-04-14T17:55:07.562+0000] {logging_mixin.py:188} INFO - Uploaded /opt/***/dags/data/votes/HJRES/HJRES_70_voteNumber334.json to gs://congress_data/votes/HJRES/HJRES_70_voteNumber334.json
[2024-04-14T17:55:07.984+0000] {logging_mixin.py:188} INFO - Uploaded /opt/***/dags/data/votes/HJRES/HJRES_45_voteNumber277.json to gs://congress_data/votes/HJRES/HJRES_45_voteNumber277.json
[2024-04-14T17:55:08.393+0000] {logging_mixin.py:188} INFO - Uploaded /opt/***/dags/data/votes/HJRES/HJRES_88_voteNumber705.json to gs://congress_data/votes/HJRES/HJRES_88_voteNumber705.json
[2024-04-14T17:55:08.819+0000] {logging_mixin.py:188} INFO - Uploaded /opt/***/dags/data/votes/HJRES/HJRES_68_voteNumber333.json to gs://congress_data/votes/HJRES/HJRES_68_voteNumber333.json
[2024-04-14T17:55:09.234+0000] {logging_mixin.py:188} INFO - Uploaded /opt/***/dags/data/votes/HJRES/HJRES_7_voteNumber80.json to gs://congress_data/votes/HJRES/HJRES_7_voteNumber80.json
[2024-04-14T17:55:09.672+0000] {logging_mixin.py:188} INFO - Uploaded /opt/***/dags/data/votes/HJRES/HJRES_71_voteNumber336.json to gs://congress_data/votes/HJRES/HJRES_71_voteNumber336.json
[2024-04-14T17:55:10.117+0000] {logging_mixin.py:188} INFO - Uploaded /opt/***/dags/data/votes/HCONRES/HCONRES_57_voteNumber338.json to gs://congress_data/votes/HCONRES/HCONRES_57_voteNumber338.json
[2024-04-14T17:55:10.563+0000] {logging_mixin.py:188} INFO - Uploaded /opt/***/dags/data/votes/HCONRES/HCONRES_21_voteNumber136.json to gs://congress_data/votes/HCONRES/HCONRES_21_voteNumber136.json
[2024-04-14T17:55:10.999+0000] {logging_mixin.py:188} INFO - Uploaded /opt/***/dags/data/votes/HCONRES/HCONRES_40_voteNumber227.json to gs://congress_data/votes/HCONRES/HCONRES_40_voteNumber227.json
[2024-04-14T17:55:11.452+0000] {logging_mixin.py:188} INFO - Uploaded /opt/***/dags/data/votes/HCONRES/HCONRES_30_voteNumber201.json to gs://congress_data/votes/HCONRES/HCONRES_30_voteNumber201.json
[2024-04-14T17:55:11.936+0000] {logging_mixin.py:188} INFO - Uploaded /opt/***/dags/data/votes/HCONRES/HCONRES_9_voteNumber106.json to gs://congress_data/votes/HCONRES/HCONRES_9_voteNumber106.json
[2024-04-14T17:55:12.353+0000] {logging_mixin.py:188} INFO - Uploaded /opt/***/dags/data/votes/HCONRES/HCONRES_25_voteNumber162.json to gs://congress_data/votes/HCONRES/HCONRES_25_voteNumber162.json
[2024-04-14T17:55:12.829+0000] {logging_mixin.py:188} INFO - Uploaded /opt/***/dags/data/votes/S/S_316_voteNumber70.json to gs://congress_data/votes/S/S_316_voteNumber70.json
[2024-04-14T17:55:13.260+0000] {logging_mixin.py:188} INFO - Uploaded /opt/***/dags/data/votes/S/S_2051_voteNumber106.json to gs://congress_data/votes/S/S_2051_voteNumber106.json
[2024-04-14T17:55:13.713+0000] {logging_mixin.py:188} INFO - Uploaded /opt/***/dags/data/votes/S/S_870_voteNumber94.json to gs://congress_data/votes/S/S_870_voteNumber94.json
[2024-04-14T17:55:14.145+0000] {logging_mixin.py:188} INFO - Uploaded /opt/***/dags/data/votes/S/S_475_voteNumber393.json to gs://congress_data/votes/S/S_475_voteNumber393.json
[2024-04-14T17:55:14.582+0000] {logging_mixin.py:188} INFO - Uploaded /opt/***/dags/data/votes/S/S_788_voteNumber712.json to gs://congress_data/votes/S/S_788_voteNumber712.json
[2024-04-14T17:55:14.996+0000] {logging_mixin.py:188} INFO - Uploaded /opt/***/dags/data/votes/S/S_382_voteNumber110.json to gs://congress_data/votes/S/S_382_voteNumber110.json
[2024-04-14T17:55:15.474+0000] {logging_mixin.py:188} INFO - Uploaded /opt/***/dags/data/votes/S/S_111_voteNumber329.json to gs://congress_data/votes/S/S_111_voteNumber329.json
[2024-04-14T17:55:16.029+0000] {logging_mixin.py:188} INFO - Uploaded /opt/***/dags/data/votes/S/S_316_voteNumber61.json to gs://congress_data/votes/S/S_316_voteNumber61.json
[2024-04-14T17:55:16.547+0000] {logging_mixin.py:188} INFO - Uploaded /opt/***/dags/data/votes/S/S_316_voteNumber77.json to gs://congress_data/votes/S/S_316_voteNumber77.json
[2024-04-14T17:55:17.212+0000] {logging_mixin.py:188} INFO - Uploaded /opt/***/dags/data/votes/S/S_3853_voteNumber75.json to gs://congress_data/votes/S/S_3853_voteNumber75.json
[2024-04-14T17:55:17.748+0000] {logging_mixin.py:188} INFO - Uploaded /opt/***/dags/data/votes/S/S_2226_voteNumber212.json to gs://congress_data/votes/S/S_2226_voteNumber212.json
[2024-04-14T17:55:18.328+0000] {logging_mixin.py:188} INFO - Uploaded /opt/***/dags/data/votes/S/S_326_voteNumber97.json to gs://congress_data/votes/S/S_326_voteNumber97.json
[2024-04-14T17:55:18.863+0000] {logging_mixin.py:188} INFO - Uploaded /opt/***/dags/data/votes/S/S_316_voteNumber63.json to gs://congress_data/votes/S/S_316_voteNumber63.json
[2024-04-14T17:55:19.290+0000] {logging_mixin.py:188} INFO - Uploaded /opt/***/dags/data/votes/S/S_619_voteNumber143.json to gs://congress_data/votes/S/S_619_voteNumber143.json
[2024-04-14T17:55:19.748+0000] {logging_mixin.py:188} INFO - Uploaded /opt/***/dags/data/votes/S/S_870_voteNumber78.json to gs://congress_data/votes/S/S_870_voteNumber78.json
[2024-04-14T17:55:20.182+0000] {logging_mixin.py:188} INFO - Uploaded /opt/***/dags/data/votes/S/S_112_voteNumber399.json to gs://congress_data/votes/S/S_112_voteNumber399.json
[2024-04-14T17:55:20.643+0000] {logging_mixin.py:188} INFO - Uploaded /opt/***/dags/data/votes/SRES/SRES_13_voteNumber2.json to gs://congress_data/votes/SRES/SRES_13_voteNumber2.json
[2024-04-14T17:55:21.066+0000] {logging_mixin.py:188} INFO - Uploaded /opt/***/dags/data/votes/SRES/SRES_504_voteNumber8.json to gs://congress_data/votes/SRES/SRES_504_voteNumber8.json
[2024-04-14T17:55:21.487+0000] {logging_mixin.py:188} INFO - Uploaded /opt/***/dags/data/votes/SRES/SRES_417_voteNumber261.json to gs://congress_data/votes/SRES/SRES_417_voteNumber261.json
[2024-04-14T17:55:21.899+0000] {logging_mixin.py:188} INFO - Uploaded /opt/***/dags/data/votes/SRES/SRES_21_voteNumber4.json to gs://congress_data/votes/SRES/SRES_21_voteNumber4.json
[2024-04-14T17:55:22.325+0000] {logging_mixin.py:188} INFO - Uploaded /opt/***/dags/data/votes/HR/HR_359_voteNumber600.json to gs://congress_data/votes/HR/HR_359_voteNumber600.json
[2024-04-14T17:55:22.806+0000] {logging_mixin.py:188} INFO - Uploaded /opt/***/dags/data/votes/HR/HR_4367_voteNumber504.json to gs://congress_data/votes/HR/HR_4367_voteNumber504.json
[2024-04-14T17:55:23.228+0000] {logging_mixin.py:188} INFO - Uploaded /opt/***/dags/data/votes/HR/HR_3774_voteNumber598.json to gs://congress_data/votes/HR/HR_3774_voteNumber598.json
[2024-04-14T17:55:23.670+0000] {logging_mixin.py:188} INFO - Uploaded /opt/***/dags/data/votes/HR/HR_7023_voteNumber101.json to gs://congress_data/votes/HR/HR_7023_voteNumber101.json
[2024-04-14T17:55:24.110+0000] {logging_mixin.py:188} INFO - Uploaded /opt/***/dags/data/votes/HR/HR_2_voteNumber208.json to gs://congress_data/votes/HR/HR_2_voteNumber208.json
[2024-04-14T17:55:24.550+0000] {logging_mixin.py:188} INFO - Uploaded /opt/***/dags/data/votes/HR/HR_734_voteNumber191.json to gs://congress_data/votes/HR/HR_734_voteNumber191.json
[2024-04-14T17:55:25.031+0000] {logging_mixin.py:188} INFO - Uploaded /opt/***/dags/data/votes/HR/HR_3564_voteNumber289.json to gs://congress_data/votes/HR/HR_3564_voteNumber289.json
[2024-04-14T17:55:25.463+0000] {logging_mixin.py:188} INFO - Uploaded /opt/***/dags/data/votes/HR/HR_815_voteNumber41.json to gs://congress_data/votes/HR/HR_815_voteNumber41.json
[2024-04-14T17:55:25.878+0000] {logging_mixin.py:188} INFO - Uploaded /opt/***/dags/data/votes/HR/HR_1147_voteNumber718.json to gs://congress_data/votes/HR/HR_1147_voteNumber718.json
[2024-04-14T17:55:26.310+0000] {logging_mixin.py:188} INFO - Uploaded /opt/***/dags/data/votes/HR/HR_7463_voteNumber67.json to gs://congress_data/votes/HR/HR_7463_voteNumber67.json
[2024-04-14T17:55:26.732+0000] {logging_mixin.py:188} INFO - Uploaded /opt/***/dags/data/votes/HR/HR_185_voteNumber115.json to gs://congress_data/votes/HR/HR_185_voteNumber115.json
[2024-04-14T17:55:27.161+0000] {logging_mixin.py:188} INFO - Uploaded /opt/***/dags/data/votes/HR/HR_2882_voteNumber103.json to gs://congress_data/votes/HR/HR_2882_voteNumber103.json
[2024-04-14T17:55:27.586+0000] {logging_mixin.py:188} INFO - Uploaded /opt/***/dags/data/votes/HR/HR_5524_voteNumber714.json to gs://congress_data/votes/HR/HR_5524_voteNumber714.json
[2024-04-14T17:55:28.053+0000] {logging_mixin.py:188} INFO - Uploaded /opt/***/dags/data/votes/HR/HR_1076_voteNumber228.json to gs://congress_data/votes/HR/HR_1076_voteNumber228.json
[2024-04-14T17:55:28.493+0000] {logging_mixin.py:188} INFO - Uploaded /opt/***/dags/data/votes/HR/HR_1_voteNumber182.json to gs://congress_data/votes/HR/HR_1_voteNumber182.json
[2024-04-14T17:55:28.945+0000] {logging_mixin.py:188} INFO - Uploaded /opt/***/dags/data/votes/HR/HR_2670_voteNumber395.json to gs://congress_data/votes/HR/HR_2670_voteNumber395.json
[2024-04-14T17:55:29.419+0000] {logging_mixin.py:188} INFO - Uploaded /opt/***/dags/data/votes/HR/HR_4468_voteNumber702.json to gs://congress_data/votes/HR/HR_4468_voteNumber702.json
[2024-04-14T17:55:29.847+0000] {logging_mixin.py:188} INFO - Uploaded /opt/***/dags/data/votes/HR/HR_340_voteNumber561.json to gs://congress_data/votes/HR/HR_340_voteNumber561.json
[2024-04-14T17:55:30.456+0000] {logging_mixin.py:188} INFO - Uploaded /opt/***/dags/data/votes/HR/HR_2379_voteNumber514.json to gs://congress_data/votes/HR/HR_2379_voteNumber514.json
[2024-04-14T17:55:30.996+0000] {logging_mixin.py:188} INFO - Uploaded /opt/***/dags/data/votes/HR/HR_1547_voteNumber694.json to gs://congress_data/votes/HR/HR_1547_voteNumber694.json
[2024-04-14T17:55:31.652+0000] {logging_mixin.py:188} INFO - Uploaded /opt/***/dags/data/votes/HR/HR_4368_voteNumber506.json to gs://congress_data/votes/HR/HR_4368_voteNumber506.json
[2024-04-14T17:55:32.178+0000] {logging_mixin.py:188} INFO - Uploaded /opt/***/dags/data/votes/HR/HR_2670_voteNumber340.json to gs://congress_data/votes/HR/HR_2670_voteNumber340.json
[2024-04-14T17:55:32.768+0000] {logging_mixin.py:188} INFO - Uploaded /opt/***/dags/data/votes/HR/HR_1107_voteNumber164.json to gs://congress_data/votes/HR/HR_1107_voteNumber164.json
[2024-04-14T17:55:33.294+0000] {logging_mixin.py:188} INFO - Uploaded /opt/***/dags/data/votes/HR/HR_589_voteNumber384.json to gs://congress_data/votes/HR/HR_589_voteNumber384.json
[2024-04-14T17:55:33.715+0000] {logging_mixin.py:188} INFO - Uploaded /opt/***/dags/data/votes/HR/HR_1159_voteNumber145.json to gs://congress_data/votes/HR/HR_1159_voteNumber145.json
[2024-04-14T17:55:34.138+0000] {logging_mixin.py:188} INFO - Uploaded /opt/***/dags/data/votes/HR/HR_4366_voteNumber228.json to gs://congress_data/votes/HR/HR_4366_voteNumber228.json
[2024-04-14T17:55:34.558+0000] {logging_mixin.py:188} INFO - Uploaded /opt/***/dags/data/votes/HR/HR_2670_voteNumber341.json to gs://congress_data/votes/HR/HR_2670_voteNumber341.json
[2024-04-14T17:55:34.985+0000] {logging_mixin.py:188} INFO - Uploaded /opt/***/dags/data/votes/HR/HR_4368_voteNumber507.json to gs://congress_data/votes/HR/HR_4368_voteNumber507.json
[2024-04-14T17:55:35.435+0000] {logging_mixin.py:188} INFO - Uploaded /opt/***/dags/data/votes/HR/HR_406_voteNumber148.json to gs://congress_data/votes/HR/HR_406_voteNumber148.json
[2024-04-14T17:55:35.864+0000] {logging_mixin.py:188} INFO - Uploaded /opt/***/dags/data/votes/HR/HR_1226_voteNumber132.json to gs://congress_data/votes/HR/HR_1226_voteNumber132.json
[2024-04-14T17:55:36.333+0000] {logging_mixin.py:188} INFO - Uploaded /opt/***/dags/data/votes/HR/HR_753_voteNumber137.json to gs://congress_data/votes/HR/HR_753_voteNumber137.json
[2024-04-14T17:55:36.745+0000] {logging_mixin.py:188} INFO - Uploaded /opt/***/dags/data/votes/HR/HR_4394_voteNumber558.json to gs://congress_data/votes/HR/HR_4394_voteNumber558.json
[2024-04-14T17:55:37.226+0000] {logging_mixin.py:188} INFO - Uploaded /opt/***/dags/data/votes/HR/HR_4468_voteNumber703.json to gs://congress_data/votes/HR/HR_4468_voteNumber703.json
[2024-04-14T17:55:37.643+0000] {logging_mixin.py:188} INFO - Uploaded /opt/***/dags/data/votes/HR/HR_2793_voteNumber245.json to gs://congress_data/votes/HR/HR_2793_voteNumber245.json
[2024-04-14T17:55:38.099+0000] {logging_mixin.py:188} INFO - Uploaded /opt/***/dags/data/votes/HR/HR_2882_voteNumber114.json to gs://congress_data/votes/HR/HR_2882_voteNumber114.json
[2024-04-14T17:55:38.537+0000] {logging_mixin.py:188} INFO - Uploaded /opt/***/dags/data/votes/HR/HR_7463_voteNumber66.json to gs://congress_data/votes/HR/HR_7463_voteNumber66.json
[2024-04-14T17:55:38.973+0000] {logging_mixin.py:188} INFO - Uploaded /opt/***/dags/data/votes/HR/HR_6126_voteNumber309.json to gs://congress_data/votes/HR/HR_6126_voteNumber309.json
[2024-04-14T17:55:39.378+0000] {logging_mixin.py:188} INFO - Uploaded /opt/***/dags/data/votes/HR/HR_3564_voteNumber288.json to gs://congress_data/votes/HR/HR_3564_voteNumber288.json
[2024-04-14T17:55:39.811+0000] {logging_mixin.py:188} INFO - Uploaded /opt/***/dags/data/votes/HR/HR_5119_voteNumber713.json to gs://congress_data/votes/HR/HR_5119_voteNumber713.json
[2024-04-14T17:55:40.238+0000] {logging_mixin.py:188} INFO - Uploaded /opt/***/dags/data/votes/HR/HR_7023_voteNumber100.json to gs://congress_data/votes/HR/HR_7023_voteNumber100.json
[2024-04-14T17:55:40.651+0000] {logging_mixin.py:188} INFO - Uploaded /opt/***/dags/data/votes/HR/HR_2_voteNumber209.json to gs://congress_data/votes/HR/HR_2_voteNumber209.json
[2024-04-14T17:55:41.064+0000] {logging_mixin.py:188} INFO - Uploaded /opt/***/dags/data/votes/HR/HR_1548_voteNumber290.json to gs://congress_data/votes/HR/HR_1548_voteNumber290.json
[2024-04-14T17:55:41.491+0000] {logging_mixin.py:188} INFO - Uploaded /opt/***/dags/data/votes/HR/HR_4367_voteNumber505.json to gs://congress_data/votes/HR/HR_4367_voteNumber505.json
[2024-04-14T17:55:41.955+0000] {logging_mixin.py:188} INFO - Uploaded /opt/***/dags/data/votes/HR/HR_2795_voteNumber239.json to gs://congress_data/votes/HR/HR_2795_voteNumber239.json
[2024-04-14T17:55:42.379+0000] {logging_mixin.py:188} INFO - Uploaded /opt/***/dags/data/votes/HR/HR_4665_voteNumber500.json to gs://congress_data/votes/HR/HR_4665_voteNumber500.json
[2024-04-14T17:55:42.795+0000] {logging_mixin.py:188} INFO - Uploaded /opt/***/dags/data/votes/HR/HR_2882_voteNumber105.json to gs://congress_data/votes/HR/HR_2882_voteNumber105.json
[2024-04-14T17:55:43.223+0000] {logging_mixin.py:188} INFO - Uploaded /opt/***/dags/data/votes/HR/HR_3799_voteNumber281.json to gs://congress_data/votes/HR/HR_3799_voteNumber281.json
[2024-04-14T17:55:43.667+0000] {logging_mixin.py:188} INFO - Uploaded /opt/***/dags/data/votes/HR/HR_4821_voteNumber596.json to gs://congress_data/votes/HR/HR_4821_voteNumber596.json
[2024-04-14T17:55:44.089+0000] {logging_mixin.py:188} INFO - Uploaded /opt/***/dags/data/votes/HR/HR_2882_voteNumber113.json to gs://congress_data/votes/HR/HR_2882_voteNumber113.json
[2024-04-14T17:55:44.574+0000] {logging_mixin.py:188} INFO - Uploaded /opt/***/dags/data/votes/HR/HR_5283_voteNumber689.json to gs://congress_data/votes/HR/HR_5283_voteNumber689.json
[2024-04-14T17:55:45.241+0000] {logging_mixin.py:188} INFO - Uploaded /opt/***/dags/data/votes/HR/HR_1734_voteNumber212.json to gs://congress_data/votes/HR/HR_1734_voteNumber212.json
[2024-04-14T17:55:45.913+0000] {logging_mixin.py:188} INFO - Uploaded /opt/***/dags/data/votes/HR/HR_1669_voteNumber235.json to gs://congress_data/votes/HR/HR_1669_voteNumber235.json
[2024-04-14T17:55:46.621+0000] {logging_mixin.py:188} INFO - Uploaded /opt/***/dags/data/votes/HR/HR_5860_voteNumber247.json to gs://congress_data/votes/HR/HR_5860_voteNumber247.json
[2024-04-14T17:55:47.206+0000] {logging_mixin.py:188} INFO - Uploaded /opt/***/dags/data/votes/HR/HR_1096_voteNumber291.json to gs://congress_data/votes/HR/HR_1096_voteNumber291.json
[2024-04-14T17:55:47.732+0000] {logging_mixin.py:188} INFO - Uploaded /opt/***/dags/data/votes/HR/HR_4364_voteNumber562.json to gs://congress_data/votes/HR/HR_4364_voteNumber562.json
[2024-04-14T17:55:48.149+0000] {logging_mixin.py:188} INFO - Uploaded /opt/***/dags/data/votes/HR/HR_3099_voteNumber251.json to gs://congress_data/votes/HR/HR_3099_voteNumber251.json
[2024-04-14T17:55:48.582+0000] {logging_mixin.py:188} INFO - Uploaded /opt/***/dags/data/votes/HR/HR_1607_voteNumber599.json to gs://congress_data/votes/HR/HR_1607_voteNumber599.json
[2024-04-14T17:55:49.003+0000] {logging_mixin.py:188} INFO - Uploaded /opt/***/dags/data/votes/HR/HR_542_voteNumber696.json to gs://congress_data/votes/HR/HR_542_voteNumber696.json
[2024-04-14T17:55:49.431+0000] {logging_mixin.py:188} INFO - Uploaded /opt/***/dags/data/votes/HR/HR_813_voteNumber330.json to gs://congress_data/votes/HR/HR_813_voteNumber330.json
[2024-04-14T17:55:49.855+0000] {logging_mixin.py:188} INFO - Uploaded /opt/***/dags/data/votes/HR/HR_676_voteNumber203.json to gs://congress_data/votes/HR/HR_676_voteNumber203.json
[2024-04-14T17:55:50.285+0000] {logging_mixin.py:188} INFO - Uploaded /opt/***/dags/data/votes/HR/HR_3935_voteNumber241.json to gs://congress_data/votes/HR/HR_3935_voteNumber241.json
[2024-04-14T17:55:50.703+0000] {logging_mixin.py:188} INFO - Uploaded /opt/***/dags/data/votes/HR/HR_2882_voteNumber109.json to gs://congress_data/votes/HR/HR_2882_voteNumber109.json
[2024-04-14T17:55:51.140+0000] {logging_mixin.py:188} INFO - Uploaded /opt/***/dags/data/votes/HR/HR_5525_voteNumber510.json to gs://congress_data/votes/HR/HR_5525_voteNumber510.json
[2024-04-14T17:55:51.577+0000] {logging_mixin.py:188} INFO - Uploaded /opt/***/dags/data/votes/HR/HR_2670_voteNumber327.json to gs://congress_data/votes/HR/HR_2670_voteNumber327.json
[2024-04-14T17:55:52.012+0000] {logging_mixin.py:188} INFO - Uploaded /opt/***/dags/data/votes/HR/HR_4366_voteNumber80.json to gs://congress_data/votes/HR/HR_4366_voteNumber80.json
[2024-04-14T17:55:52.445+0000] {logging_mixin.py:188} INFO - Uploaded /opt/***/dags/data/votes/HR/HR_6503_voteNumber709.json to gs://congress_data/votes/HR/HR_6503_voteNumber709.json
[2024-04-14T17:55:52.884+0000] {logging_mixin.py:188} INFO - Uploaded /opt/***/dags/data/votes/HR/HR_815_voteNumber47.json to gs://congress_data/votes/HR/HR_815_voteNumber47.json
[2024-04-14T17:55:53.307+0000] {logging_mixin.py:188} INFO - Uploaded /opt/***/dags/data/votes/HR/HR_6363_voteNumber658.json to gs://congress_data/votes/HR/HR_6363_voteNumber658.json
[2024-04-14T17:55:53.775+0000] {logging_mixin.py:188} INFO - Uploaded /opt/***/dags/data/votes/HR/HR_7888_voteNumber119.json to gs://congress_data/votes/HR/HR_7888_voteNumber119.json
[2024-04-14T17:55:54.186+0000] {logging_mixin.py:188} INFO - Uploaded /opt/***/dags/data/votes/HR/HR_4366_voteNumber79.json to gs://congress_data/votes/HR/HR_4366_voteNumber79.json
[2024-04-14T17:55:54.611+0000] {logging_mixin.py:188} INFO - Uploaded /opt/***/dags/data/votes/HR/HR_3941_voteNumber340.json to gs://congress_data/votes/HR/HR_3941_voteNumber340.json
[2024-04-14T17:55:55.034+0000] {logging_mixin.py:188} INFO - Uploaded /opt/***/dags/data/votes/HR/HR_4366_voteNumber78.json to gs://congress_data/votes/HR/HR_4366_voteNumber78.json
[2024-04-14T17:55:55.454+0000] {logging_mixin.py:188} INFO - Uploaded /opt/***/dags/data/votes/HR/HR_1567_voteNumber386.json to gs://congress_data/votes/HR/HR_1567_voteNumber386.json
[2024-04-14T17:55:55.877+0000] {logging_mixin.py:188} INFO - Uploaded /opt/***/dags/data/votes/HR/HR_4366_voteNumber81.json to gs://congress_data/votes/HR/HR_4366_voteNumber81.json
[2024-04-14T17:55:56.311+0000] {logging_mixin.py:188} INFO - Uploaded /opt/***/dags/data/votes/HR/HR_5961_voteNumber687.json to gs://congress_data/votes/HR/HR_5961_voteNumber687.json
[2024-04-14T17:55:56.732+0000] {logging_mixin.py:188} INFO - Uploaded /opt/***/dags/data/votes/HR/HR_2494_voteNumber225.json to gs://congress_data/votes/HR/HR_2494_voteNumber225.json
[2024-04-14T17:55:57.177+0000] {logging_mixin.py:188} INFO - Uploaded /opt/***/dags/data/votes/HR/HR_662_voteNumber285.json to gs://congress_data/votes/HR/HR_662_voteNumber285.json
[2024-04-14T17:55:57.584+0000] {logging_mixin.py:188} INFO - Uploaded /opt/***/dags/data/votes/HR/HR_2872_voteNumber12.json to gs://congress_data/votes/HR/HR_2872_voteNumber12.json
[2024-04-14T17:55:57.991+0000] {logging_mixin.py:188} INFO - Uploaded /opt/***/dags/data/votes/HR/HR_5525_voteNumber511.json to gs://congress_data/votes/HR/HR_5525_voteNumber511.json
[2024-04-14T17:55:58.412+0000] {logging_mixin.py:188} INFO - Uploaded /opt/***/dags/data/votes/HR/HR_1156_voteNumber229.json to gs://congress_data/votes/HR/HR_1156_voteNumber229.json
[2024-04-14T17:55:58.875+0000] {logging_mixin.py:188} INFO - Uploaded /opt/***/dags/data/votes/HR/HR_2882_voteNumber108.json to gs://congress_data/votes/HR/HR_2882_voteNumber108.json
[2024-04-14T17:55:59.508+0000] {logging_mixin.py:188} INFO - Uploaded /opt/***/dags/data/votes/HR/HR_5378_voteNumber708.json to gs://congress_data/votes/HR/HR_5378_voteNumber708.json
[2024-04-14T17:56:00.072+0000] {logging_mixin.py:188} INFO - Uploaded /opt/***/dags/data/votes/HR/HR_3935_voteNumber240.json to gs://congress_data/votes/HR/HR_3935_voteNumber240.json
[2024-04-14T17:56:00.716+0000] {logging_mixin.py:188} INFO - Uploaded /opt/***/dags/data/votes/HR/HR_3224_voteNumber707.json to gs://congress_data/votes/HR/HR_3224_voteNumber707.json
[2024-04-14T17:56:01.469+0000] {logging_mixin.py:188} INFO - Uploaded /opt/***/dags/data/votes/HR/HR_1154_voteNumber163.json to gs://congress_data/votes/HR/HR_1154_voteNumber163.json
[2024-04-14T17:56:02.077+0000] {logging_mixin.py:188} INFO - Uploaded /opt/***/dags/data/votes/HR/HR_3848_voteNumber695.json to gs://congress_data/votes/HR/HR_3848_voteNumber695.json
[2024-04-14T17:56:02.502+0000] {logging_mixin.py:188} INFO - Uploaded /opt/***/dags/data/votes/HR/HR_663_voteNumber394.json to gs://congress_data/votes/HR/HR_663_voteNumber394.json
[2024-04-14T17:56:02.987+0000] {logging_mixin.py:188} INFO - Uploaded /opt/***/dags/data/votes/HR/HR_3981_voteNumber392.json to gs://congress_data/votes/HR/HR_3981_voteNumber392.json
[2024-04-14T17:56:03.684+0000] {logging_mixin.py:188} INFO - Uploaded /opt/***/dags/data/votes/HR/HR_3935_voteNumber364.json to gs://congress_data/votes/HR/HR_3935_voteNumber364.json
[2024-04-14T17:56:04.111+0000] {logging_mixin.py:188} INFO - Uploaded /opt/***/dags/data/votes/HR/HR_2812_voteNumber246.json to gs://congress_data/votes/HR/HR_2812_voteNumber246.json
[2024-04-14T17:56:04.516+0000] {logging_mixin.py:188} INFO - Uploaded /opt/***/dags/data/votes/HR/HR_5860_voteNumber513.json to gs://congress_data/votes/HR/HR_5860_voteNumber513.json
[2024-04-14T17:56:04.937+0000] {logging_mixin.py:188} INFO - Uploaded /opt/***/dags/data/votes/HR/HR_1353_voteNumber197.json to gs://congress_data/votes/HR/HR_1353_voteNumber197.json
[2024-04-14T17:56:05.376+0000] {logging_mixin.py:188} INFO - Uploaded /opt/***/dags/data/votes/HR/HR_4364_voteNumber563.json to gs://congress_data/votes/HR/HR_4364_voteNumber563.json
[2024-04-14T17:56:05.798+0000] {logging_mixin.py:188} INFO - Uploaded /opt/***/dags/data/votes/HR/HR_4365_voteNumber501.json to gs://congress_data/votes/HR/HR_4365_voteNumber501.json
[2024-04-14T17:56:06.219+0000] {logging_mixin.py:188} INFO - Uploaded /opt/***/dags/data/votes/HR/HR_1338_voteNumber365.json to gs://congress_data/votes/HR/HR_1338_voteNumber365.json
[2024-04-14T17:56:06.674+0000] {logging_mixin.py:188} INFO - Uploaded /opt/***/dags/data/votes/HR/HR_2882_voteNumber112.json to gs://congress_data/votes/HR/HR_2882_voteNumber112.json
[2024-04-14T17:56:07.094+0000] {logging_mixin.py:188} INFO - Uploaded /opt/***/dags/data/votes/HR/HR_3672_voteNumber273.json to gs://congress_data/votes/HR/HR_3672_voteNumber273.json
[2024-04-14T17:56:07.512+0000] {logging_mixin.py:188} INFO - Uploaded /opt/***/dags/data/votes/HR/HR_4821_voteNumber597.json to gs://congress_data/votes/HR/HR_4821_voteNumber597.json
[2024-04-14T17:56:07.949+0000] {logging_mixin.py:188} INFO - Uploaded /opt/***/dags/data/votes/HR/HR_1105_voteNumber643.json to gs://congress_data/votes/HR/HR_1105_voteNumber643.json
[2024-04-14T17:56:08.379+0000] {logging_mixin.py:188} INFO - Uploaded /opt/***/dags/data/votes/HR/HR_3250_voteNumber109.json to gs://congress_data/votes/HR/HR_3250_voteNumber109.json
[2024-04-14T17:56:08.825+0000] {logging_mixin.py:188} INFO - Uploaded /opt/***/dags/data/votes/HR/HR_3091_voteNumber222.json to gs://congress_data/votes/HR/HR_3091_voteNumber222.json
[2024-04-14T17:56:09.250+0000] {logging_mixin.py:188} INFO - Uploaded /opt/***/dags/data/votes/HR/HR_2670_voteNumber313.json to gs://congress_data/votes/HR/HR_2670_voteNumber313.json
[2024-04-14T17:56:09.675+0000] {logging_mixin.py:188} INFO - Uploaded /opt/***/dags/data/votes/HR/HR_1339_voteNumber200.json to gs://congress_data/votes/HR/HR_1339_voteNumber200.json
[2024-04-14T17:56:10.107+0000] {logging_mixin.py:188} INFO - Uploaded /opt/***/dags/data/votes/HR/HR_4470_voteNumber366.json to gs://congress_data/votes/HR/HR_4470_voteNumber366.json
[2024-04-14T17:56:10.518+0000] {logging_mixin.py:188} INFO - Uploaded /opt/***/dags/data/votes/HR/HR_347_voteNumber131.json to gs://congress_data/votes/HR/HR_347_voteNumber131.json
[2024-04-14T17:56:10.938+0000] {logging_mixin.py:188} INFO - Uploaded /opt/***/dags/data/votes/HR/HR_4365_voteNumber502.json to gs://congress_data/votes/HR/HR_4365_voteNumber502.json
[2024-04-14T17:56:11.361+0000] {logging_mixin.py:188} INFO - Uploaded /opt/***/dags/data/votes/HR/HR_2365_voteNumber724.json to gs://congress_data/votes/HR/HR_2365_voteNumber724.json
[2024-04-14T17:56:11.781+0000] {logging_mixin.py:188} INFO - Uploaded /opt/***/dags/data/votes/HR/HR_2872_voteNumber9.json to gs://congress_data/votes/HR/HR_2872_voteNumber9.json
[2024-04-14T17:56:12.211+0000] {logging_mixin.py:188} INFO - Uploaded /opt/***/dags/data/votes/HR/HR_2560_voteNumber111.json to gs://congress_data/votes/HR/HR_2560_voteNumber111.json
[2024-04-14T17:56:12.637+0000] {logging_mixin.py:188} INFO - Uploaded /opt/***/dags/data/votes/HR/HR_2882_voteNumber111.json to gs://congress_data/votes/HR/HR_2882_voteNumber111.json
[2024-04-14T17:56:13.057+0000] {logging_mixin.py:188} INFO - Uploaded /opt/***/dags/data/votes/HR/HR_2882_voteNumber107.json to gs://congress_data/votes/HR/HR_2882_voteNumber107.json
[2024-04-14T17:56:13.623+0000] {logging_mixin.py:188} INFO - Uploaded /opt/***/dags/data/votes/HR/HR_5933_voteNumber701.json to gs://congress_data/votes/HR/HR_5933_voteNumber701.json
[2024-04-14T17:56:14.148+0000] {logging_mixin.py:188} INFO - Uploaded /opt/***/dags/data/votes/HR/HR_3324_voteNumber387.json to gs://congress_data/votes/HR/HR_3324_voteNumber387.json
[2024-04-14T17:56:14.788+0000] {logging_mixin.py:188} INFO - Uploaded /opt/***/dags/data/votes/HR/HR_277_voteNumber265.json to gs://congress_data/votes/HR/HR_277_voteNumber265.json
[2024-04-14T17:56:15.316+0000] {logging_mixin.py:188} INFO - Uploaded /opt/***/dags/data/votes/HR/HR_815_voteNumber45.json to gs://congress_data/votes/HR/HR_815_voteNumber45.json
[2024-04-14T17:56:16.109+0000] {logging_mixin.py:188} INFO - Uploaded /opt/***/dags/data/votes/HR/HR_2811_voteNumber198.json to gs://congress_data/votes/HR/HR_2811_voteNumber198.json
[2024-04-14T17:56:16.621+0000] {logging_mixin.py:188} INFO - Uploaded /opt/***/dags/data/votes/HR/HR_357_voteNumber717.json to gs://congress_data/votes/HR/HR_357_voteNumber717.json
[2024-04-14T17:56:17.048+0000] {logging_mixin.py:188} INFO - Uploaded /opt/***/dags/data/votes/HR/HR_2872_voteNumber11.json to gs://congress_data/votes/HR/HR_2872_voteNumber11.json
[2024-04-14T17:56:17.478+0000] {logging_mixin.py:188} INFO - Uploaded /opt/***/dags/data/votes/HR/HR_2792_voteNumber238.json to gs://congress_data/votes/HR/HR_2792_voteNumber238.json
[2024-04-14T17:56:17.916+0000] {logging_mixin.py:188} INFO - Uploaded /opt/***/dags/data/votes/HR/HR_5_voteNumber160.json to gs://congress_data/votes/HR/HR_5_voteNumber160.json
[2024-04-14T17:56:18.357+0000] {logging_mixin.py:188} INFO - Uploaded /opt/***/dags/data/votes/HR/HR_1093_voteNumber144.json to gs://congress_data/votes/HR/HR_1093_voteNumber144.json
[2024-04-14T17:56:18.782+0000] {logging_mixin.py:188} INFO - Uploaded /opt/***/dags/data/votes/HR/HR_5_voteNumber161.json to gs://congress_data/votes/HR/HR_5_voteNumber161.json
[2024-04-14T17:56:19.212+0000] {logging_mixin.py:188} INFO - Uploaded /opt/***/dags/data/votes/HR/HR_3941_voteNumber339.json to gs://congress_data/votes/HR/HR_3941_voteNumber339.json
[2024-04-14T17:56:19.647+0000] {logging_mixin.py:188} INFO - Uploaded /opt/***/dags/data/votes/HR/HR_139_voteNumber103.json to gs://congress_data/votes/HR/HR_139_voteNumber103.json
[2024-04-14T17:56:20.154+0000] {logging_mixin.py:188} INFO - Uploaded /opt/***/dags/data/votes/HR/HR_357_voteNumber716.json to gs://congress_data/votes/HR/HR_357_voteNumber716.json
[2024-04-14T17:56:20.605+0000] {logging_mixin.py:188} INFO - Uploaded /opt/***/dags/data/votes/HR/HR_2670_voteNumber723.json to gs://congress_data/votes/HR/HR_2670_voteNumber723.json
[2024-04-14T17:56:21.031+0000] {logging_mixin.py:188} INFO - Uploaded /opt/***/dags/data/votes/HR/HR_2811_voteNumber199.json to gs://congress_data/votes/HR/HR_2811_voteNumber199.json
[2024-04-14T17:56:21.458+0000] {logging_mixin.py:188} INFO - Uploaded /opt/***/dags/data/votes/HR/HR_4366_voteNumber83.json to gs://congress_data/votes/HR/HR_4366_voteNumber83.json
[2024-04-14T17:56:21.869+0000] {logging_mixin.py:188} INFO - Uploaded /opt/***/dags/data/votes/HR/HR_815_voteNumber44.json to gs://congress_data/votes/HR/HR_815_voteNumber44.json
[2024-04-14T17:56:22.304+0000] {logging_mixin.py:188} INFO - Uploaded /opt/***/dags/data/votes/HR/HR_277_voteNumber264.json to gs://congress_data/votes/HR/HR_277_voteNumber264.json
[2024-04-14T17:56:22.768+0000] {logging_mixin.py:188} INFO - Uploaded /opt/***/dags/data/votes/HR/HR_1123_voteNumber133.json to gs://congress_data/votes/HR/HR_1123_voteNumber133.json
[2024-04-14T17:56:23.207+0000] {logging_mixin.py:188} INFO - Uploaded /opt/***/dags/data/votes/HR/HR_1530_voteNumber401.json to gs://congress_data/votes/HR/HR_1530_voteNumber401.json
[2024-04-14T17:56:23.724+0000] {logging_mixin.py:188} INFO - Uploaded /opt/***/dags/data/votes/HR/HR_1023_voteNumber103.json to gs://congress_data/votes/HR/HR_1023_voteNumber103.json
[2024-04-14T17:56:24.136+0000] {logging_mixin.py:188} INFO - Uploaded /opt/***/dags/data/votes/HR/HR_2882_voteNumber106.json to gs://congress_data/votes/HR/HR_2882_voteNumber106.json
[2024-04-14T17:56:24.603+0000] {logging_mixin.py:188} INFO - Uploaded /opt/***/dags/data/votes/HR/HR_3089_voteNumber213.json to gs://congress_data/votes/HR/HR_3089_voteNumber213.json
[2024-04-14T17:56:25.016+0000] {logging_mixin.py:188} INFO - Uploaded /opt/***/dags/data/votes/HR/HR_2797_voteNumber244.json to gs://congress_data/votes/HR/HR_2797_voteNumber244.json
[2024-04-14T17:56:25.446+0000] {logging_mixin.py:188} INFO - Uploaded /opt/***/dags/data/votes/HR/HR_3799_voteNumber282.json to gs://congress_data/votes/HR/HR_3799_voteNumber282.json
[2024-04-14T17:56:25.875+0000] {logging_mixin.py:188} INFO - Uploaded /opt/***/dags/data/votes/HR/HR_2670_voteNumber328.json to gs://congress_data/votes/HR/HR_2670_voteNumber328.json
[2024-04-14T17:56:26.328+0000] {logging_mixin.py:188} INFO - Uploaded /opt/***/dags/data/votes/HR/HR_2882_voteNumber110.json to gs://congress_data/votes/HR/HR_2882_voteNumber110.json
[2024-04-14T17:56:26.752+0000] {logging_mixin.py:188} INFO - Uploaded /opt/***/dags/data/votes/HR/HR_1640_voteNumber268.json to gs://congress_data/votes/HR/HR_1640_voteNumber268.json
[2024-04-14T17:56:27.163+0000] {logging_mixin.py:188} INFO - Uploaded /opt/***/dags/data/votes/HR/HR_1615_voteNumber255.json to gs://congress_data/votes/HR/HR_1615_voteNumber255.json
[2024-04-14T17:56:27.628+0000] {logging_mixin.py:188} INFO - Uploaded /opt/***/dags/data/votes/HR/HR_815_voteNumber48.json to gs://congress_data/votes/HR/HR_815_voteNumber48.json
[2024-04-14T17:56:28.231+0000] {logging_mixin.py:188} INFO - Uploaded /opt/***/dags/data/votes/HR/HR_6655_voteNumber105.json to gs://congress_data/votes/HR/HR_6655_voteNumber105.json
[2024-04-14T17:56:28.757+0000] {logging_mixin.py:188} INFO - Uploaded /opt/***/dags/data/votes/HR/HR_1715_voteNumber204.json to gs://congress_data/votes/HR/HR_1715_voteNumber204.json
[2024-04-14T17:56:29.407+0000] {logging_mixin.py:188} INFO - Uploaded /opt/***/dags/data/votes/HR/HR_593_voteNumber644.json to gs://congress_data/votes/HR/HR_593_voteNumber644.json
[2024-04-14T17:56:29.939+0000] {logging_mixin.py:188} INFO - Uploaded /opt/***/dags/data/votes/HR/HR_7463_voteNumber65.json to gs://congress_data/votes/HR/HR_7463_voteNumber65.json
[2024-04-14T17:56:30.538+0000] {logging_mixin.py:188} INFO - Uploaded /opt/***/dags/data/votes/HR/HR_1151_voteNumber183.json to gs://congress_data/votes/HR/HR_1151_voteNumber183.json
[2024-04-14T17:56:31.124+0000] {logging_mixin.py:188} INFO - Uploaded /opt/***/dags/data/votes/HR/HR_4366_voteNumber227.json to gs://congress_data/votes/HR/HR_4366_voteNumber227.json
[2024-04-14T17:56:31.550+0000] {logging_mixin.py:188} INFO - Uploaded /opt/***/dags/data/votes/HR/HR_1163_voteNumber210.json to gs://congress_data/votes/HR/HR_1163_voteNumber210.json
[2024-04-14T17:56:31.984+0000] {logging_mixin.py:188} INFO - Uploaded /opt/***/dags/data/votes/HR/HR_538_voteNumber121.json to gs://congress_data/votes/HR/HR_538_voteNumber121.json
[2024-04-14T17:56:32.390+0000] {logging_mixin.py:188} INFO - Uploaded /opt/***/dags/data/votes/HR/HR_815_voteNumber43.json to gs://congress_data/votes/HR/HR_815_voteNumber43.json
[2024-04-14T17:56:32.812+0000] {logging_mixin.py:188} INFO - Uploaded /opt/***/dags/data/votes/HR/HR_140_voteNumber141.json to gs://congress_data/votes/HR/HR_140_voteNumber141.json
[2024-04-14T17:56:33.460+0000] {logging_mixin.py:188} INFO - Uploaded /opt/***/dags/data/votes/HR/HR_4366_voteNumber84.json to gs://congress_data/votes/HR/HR_4366_voteNumber84.json
[2024-04-14T17:56:33.875+0000] {logging_mixin.py:188} INFO - Uploaded /opt/***/dags/data/votes/HR/HR_2796_voteNumber240.json to gs://congress_data/votes/HR/HR_2796_voteNumber240.json
[2024-04-14T17:56:34.297+0000] {logging_mixin.py:188} INFO - Uploaded /opt/***/dags/data/votes/HR/HR_1149_voteNumber189.json to gs://congress_data/votes/HR/HR_1149_voteNumber189.json
[2024-04-14T17:56:34.851+0000] {logging_mixin.py:188} INFO - Uploaded /opt/***/dags/data/votes/HR/HR_6126_voteNumber577.json to gs://congress_data/votes/HR/HR_6126_voteNumber577.json
[2024-04-14T17:56:35.285+0000] {logging_mixin.py:188} INFO - Uploaded /opt/***/dags/data/votes/HR/HR_1435_voteNumber390.json to gs://congress_data/votes/HR/HR_1435_voteNumber390.json
[2024-04-14T17:56:35.718+0000] {logging_mixin.py:188} INFO - Uploaded /opt/***/dags/data/votes/HR/HR_467_voteNumber237.json to gs://congress_data/votes/HR/HR_467_voteNumber237.json
[2024-04-14T17:56:36.129+0000] {logging_mixin.py:188} INFO - Uploaded /opt/***/dags/data/votes/HR/HR_4394_voteNumber557.json to gs://congress_data/votes/HR/HR_4394_voteNumber557.json
[2024-04-14T17:56:36.548+0000] {logging_mixin.py:188} INFO - Uploaded /opt/***/dags/data/votes/HR/HR_382_voteNumber100.json to gs://congress_data/votes/HR/HR_382_voteNumber100.json
[2024-04-14T17:56:36.993+0000] {logging_mixin.py:188} INFO - Uploaded /opt/***/dags/data/votes/HR/HR_3746_voteNumber146.json to gs://congress_data/votes/HR/HR_3746_voteNumber146.json
[2024-04-14T17:56:37.446+0000] {logging_mixin.py:188} INFO - Uploaded /opt/***/dags/data/votes/HR/HR_5692_voteNumber503.json to gs://congress_data/votes/HR/HR_5692_voteNumber503.json
[2024-04-14T17:56:37.856+0000] {logging_mixin.py:188} INFO - Uploaded /opt/***/dags/data/votes/HR/HR_2670_voteNumber342.json to gs://congress_data/votes/HR/HR_2670_voteNumber342.json
[2024-04-14T17:56:38.292+0000] {logging_mixin.py:188} INFO - Uploaded /opt/***/dags/data/votes/HR/HR_6363_voteNumber312.json to gs://congress_data/votes/HR/HR_6363_voteNumber312.json
[2024-04-14T17:56:38.716+0000] {logging_mixin.py:188} INFO - Uploaded /opt/***/dags/data/votes/HR/HR_3746_voteNumber243.json to gs://congress_data/votes/HR/HR_3746_voteNumber243.json
[2024-04-14T17:56:39.148+0000] {logging_mixin.py:188} INFO - Uploaded /opt/***/dags/data/votes/HR/HR_1023_voteNumber104.json to gs://congress_data/votes/HR/HR_1023_voteNumber104.json
[2024-04-14T17:56:39.573+0000] {logging_mixin.py:188} INFO - Uploaded /opt/***/dags/data/votes/HR/HR_288_voteNumber270.json to gs://congress_data/votes/HR/HR_288_voteNumber270.json
[2024-04-14T17:56:40.015+0000] {logging_mixin.py:188} INFO - Uploaded /opt/***/dags/data/votes/HR/HR_288_voteNumber271.json to gs://congress_data/votes/HR/HR_288_voteNumber271.json
[2024-04-14T17:56:40.451+0000] {logging_mixin.py:188} INFO - Uploaded /opt/***/dags/data/votes/HR/HR_3152_voteNumber383.json to gs://congress_data/votes/HR/HR_3152_voteNumber383.json
[2024-04-14T17:56:40.898+0000] {logging_mixin.py:188} INFO - Uploaded /opt/***/dags/data/votes/HR/HR_1_voteNumber181.json to gs://congress_data/votes/HR/HR_1_voteNumber181.json
[2024-04-14T17:56:41.324+0000] {logging_mixin.py:188} INFO - Uploaded /opt/***/dags/data/votes/HR/HR_2670_voteNumber396.json to gs://congress_data/votes/HR/HR_2670_voteNumber396.json
[2024-04-14T17:56:41.752+0000] {logging_mixin.py:188} INFO - Uploaded /opt/***/dags/data/votes/HR/HR_2670_voteNumber400.json to gs://congress_data/votes/HR/HR_2670_voteNumber400.json
[2024-04-14T17:56:42.153+0000] {logging_mixin.py:188} INFO - Uploaded /opt/***/dags/data/votes/HR/HR_4366_voteNumber379.json to gs://congress_data/votes/HR/HR_4366_voteNumber379.json
[2024-04-14T17:56:42.865+0000] {logging_mixin.py:188} INFO - Uploaded /opt/***/dags/data/votes/HR/HR_4502_voteNumber515.json to gs://congress_data/votes/HR/HR_4502_voteNumber515.json
[2024-04-14T17:56:43.398+0000] {logging_mixin.py:188} INFO - Uploaded /opt/***/dags/data/votes/HR/HR_4366_voteNumber284.json to gs://congress_data/votes/HR/HR_4366_voteNumber284.json
[2024-04-14T17:56:43.919+0000] {logging_mixin.py:188} INFO - Uploaded /opt/***/dags/data/votes/HR/HR_2670_voteNumber343.json to gs://congress_data/votes/HR/HR_2670_voteNumber343.json
[2024-04-14T17:56:44.450+0000] {logging_mixin.py:188} INFO - Uploaded /opt/***/dags/data/votes/HR/HR_4366_voteNumber380.json to gs://congress_data/votes/HR/HR_4366_voteNumber380.json
[2024-04-14T17:56:45.057+0000] {logging_mixin.py:188} INFO - Uploaded /opt/***/dags/data/votes/HR/HR_2670_voteNumber334.json to gs://congress_data/votes/HR/HR_2670_voteNumber334.json
[2024-04-14T17:56:45.578+0000] {logging_mixin.py:188} INFO - Uploaded /opt/***/dags/data/votes/HR/HR_815_voteNumber39.json to gs://congress_data/votes/HR/HR_815_voteNumber39.json
[2024-04-14T17:56:46.017+0000] {logging_mixin.py:188} INFO - Uploaded /opt/***/dags/data/votes/HR/HR_815_voteNumber332.json to gs://congress_data/votes/HR/HR_815_voteNumber332.json
[2024-04-14T17:56:46.450+0000] {logging_mixin.py:188} INFO - Uploaded /opt/***/dags/data/votes/HR/HR_1435_voteNumber391.json to gs://congress_data/votes/HR/HR_1435_voteNumber391.json
[2024-04-14T17:56:46.859+0000] {logging_mixin.py:188} INFO - Uploaded /opt/***/dags/data/votes/HR/HR_5110_voteNumber407.json to gs://congress_data/votes/HR/HR_5110_voteNumber407.json
[2024-04-14T17:56:47.285+0000] {logging_mixin.py:188} INFO - Uploaded /opt/***/dags/data/votes/HR/HR_4665_voteNumber499.json to gs://congress_data/votes/HR/HR_4665_voteNumber499.json
[2024-04-14T17:56:47.681+0000] {logging_mixin.py:188} INFO - Uploaded /opt/***/dags/data/votes/HR/HR_734_voteNumber192.json to gs://congress_data/votes/HR/HR_734_voteNumber192.json
[2024-04-14T17:56:48.107+0000] {logging_mixin.py:188} INFO - Uploaded /opt/***/dags/data/votes/HR/HR_4531_voteNumber715.json to gs://congress_data/votes/HR/HR_4531_voteNumber715.json
[2024-04-14T17:56:48.542+0000] {logging_mixin.py:188} INFO - Uploaded /opt/***/dags/data/votes/HR/HR_140_voteNumber140.json to gs://congress_data/votes/HR/HR_140_voteNumber140.json
[2024-04-14T17:56:48.949+0000] {logging_mixin.py:188} INFO - Uploaded /opt/***/dags/data/votes/HR/HR_815_voteNumber42.json to gs://congress_data/votes/HR/HR_815_voteNumber42.json
[2024-04-14T17:56:49.373+0000] {logging_mixin.py:188} INFO - Uploaded /opt/***/dags/data/votes/HR/HR_1606_voteNumber272.json to gs://congress_data/votes/HR/HR_1606_voteNumber272.json
[2024-04-14T17:56:49.786+0000] {logging_mixin.py:188} INFO - Uploaded /opt/***/dags/data/votes/HR/HR_1163_voteNumber211.json to gs://congress_data/votes/HR/HR_1163_voteNumber211.json
[2024-04-14T17:56:50.219+0000] {logging_mixin.py:188} INFO - Uploaded /opt/***/dags/data/votes/HR/HR_302_voteNumber107.json to gs://congress_data/votes/HR/HR_302_voteNumber107.json
[2024-04-14T17:56:50.640+0000] {logging_mixin.py:188} INFO - Uploaded /opt/***/dags/data/votes/HR/HR_185_voteNumber116.json to gs://congress_data/votes/HR/HR_185_voteNumber116.json
[2024-04-14T17:56:51.296+0000] {logging_mixin.py:188} INFO - Uploaded /opt/***/dags/data/votes/HR/HR_7463_voteNumber64.json to gs://congress_data/votes/HR/HR_7463_voteNumber64.json
[2024-04-14T17:56:51.723+0000] {logging_mixin.py:188} INFO - Uploaded /opt/***/dags/data/votes/SJRES/SJRES_10_voteNumber90.json to gs://congress_data/votes/SJRES/SJRES_10_voteNumber90.json
[2024-04-14T17:56:52.191+0000] {logging_mixin.py:188} INFO - Uploaded /opt/***/dags/data/votes/SJRES/SJRES_18_voteNumber130.json to gs://congress_data/votes/SJRES/SJRES_18_voteNumber130.json
[2024-04-14T17:56:52.591+0000] {logging_mixin.py:188} INFO - Uploaded /opt/***/dags/data/votes/SJRES/SJRES_24_voteNumber123.json to gs://congress_data/votes/SJRES/SJRES_24_voteNumber123.json
[2024-04-14T17:56:52.998+0000] {logging_mixin.py:188} INFO - Uploaded /opt/***/dags/data/votes/SJRES/SJRES_44_voteNumber270.json to gs://congress_data/votes/SJRES/SJRES_44_voteNumber270.json
[2024-04-14T17:56:53.434+0000] {logging_mixin.py:188} INFO - Uploaded /opt/***/dags/data/votes/SJRES/SJRES_51_voteNumber333.json to gs://congress_data/votes/SJRES/SJRES_51_voteNumber333.json
[2024-04-14T17:56:53.875+0000] {logging_mixin.py:188} INFO - Uploaded /opt/***/dags/data/votes/SJRES/SJRES_32_voteNumber260.json to gs://congress_data/votes/SJRES/SJRES_32_voteNumber260.json
[2024-04-14T17:56:54.367+0000] {logging_mixin.py:188} INFO - Uploaded /opt/***/dags/data/votes/SJRES/SJRES_43_voteNumber310.json to gs://congress_data/votes/SJRES/SJRES_43_voteNumber310.json
[2024-04-14T17:56:55.023+0000] {logging_mixin.py:188} INFO - Uploaded /opt/***/dags/data/votes/SJRES/SJRES_9_voteNumber381.json to gs://congress_data/votes/SJRES/SJRES_9_voteNumber381.json
[2024-04-14T17:56:55.449+0000] {logging_mixin.py:188} INFO - Uploaded /opt/***/dags/data/votes/SJRES/SJRES_32_voteNumber690.json to gs://congress_data/votes/SJRES/SJRES_32_voteNumber690.json
[2024-04-14T17:56:55.896+0000] {logging_mixin.py:188} INFO - Uploaded /opt/***/dags/data/votes/SJRES/SJRES_38_voteNumber61.json to gs://congress_data/votes/SJRES/SJRES_38_voteNumber61.json
[2024-04-14T17:56:56.308+0000] {logging_mixin.py:188} INFO - Uploaded /opt/***/dags/data/votes/SJRES/SJRES_38_voteNumber303.json to gs://congress_data/votes/SJRES/SJRES_38_voteNumber303.json
[2024-04-14T17:56:56.728+0000] {logging_mixin.py:188} INFO - Uploaded /opt/***/dags/data/votes/SJRES/SJRES_24_voteNumber382.json to gs://congress_data/votes/SJRES/SJRES_24_voteNumber382.json
[2024-04-14T17:56:57.378+0000] {logging_mixin.py:188} INFO - Uploaded /opt/***/dags/data/votes/SJRES/SJRES_11_voteNumber98.json to gs://congress_data/votes/SJRES/SJRES_11_voteNumber98.json
[2024-04-14T17:56:57.913+0000] {logging_mixin.py:188} INFO - Uploaded /opt/***/dags/data/votes/SJRES/SJRES_11_voteNumber167.json to gs://congress_data/votes/SJRES/SJRES_11_voteNumber167.json
[2024-04-14T17:56:58.569+0000] {logging_mixin.py:188} INFO - Uploaded /opt/***/dags/data/votes/SJRES/SJRES_32_voteNumber5.json to gs://congress_data/votes/SJRES/SJRES_32_voteNumber5.json
[2024-04-14T17:56:59.102+0000] {logging_mixin.py:188} INFO - Uploaded /opt/***/dags/data/votes/SJRES/SJRES_62_voteNumber101.json to gs://congress_data/votes/SJRES/SJRES_62_voteNumber101.json
[2024-04-14T17:56:59.687+0000] {logging_mixin.py:188} INFO - Uploaded /opt/***/dags/data/votes/SJRES/SJRES_24_voteNumber243.json to gs://congress_data/votes/SJRES/SJRES_24_voteNumber243.json
[2024-04-14T17:57:00.149+0000] {logging_mixin.py:188} INFO - Uploaded /opt/***/dags/data/votes/SJRES/SJRES_11_voteNumber232.json to gs://congress_data/votes/SJRES/SJRES_11_voteNumber232.json
[2024-04-14T17:57:00.652+0000] {logging_mixin.py:188} INFO - Uploaded /opt/***/dags/data/votes/SJRES/SJRES_60_voteNumber62.json to gs://congress_data/votes/SJRES/SJRES_60_voteNumber62.json
[2024-04-14T17:57:01.064+0000] {logging_mixin.py:188} INFO - Uploaded /opt/***/dags/data/votes/SJRES/SJRES_9_voteNumber242.json to gs://congress_data/votes/SJRES/SJRES_9_voteNumber242.json
[2024-04-14T17:57:01.487+0000] {logging_mixin.py:188} INFO - Uploaded /opt/***/dags/data/votes/SJRES/SJRES_23_voteNumber122.json to gs://congress_data/votes/SJRES/SJRES_23_voteNumber122.json
[2024-04-14T17:57:01.926+0000] {logging_mixin.py:188} INFO - Uploaded /opt/***/dags/data/votes/SJRES/SJRES_61_voteNumber121.json to gs://congress_data/votes/SJRES/SJRES_61_voteNumber121.json
[2024-04-14T17:57:02.352+0000] {logging_mixin.py:188} INFO - Uploaded /opt/***/dags/data/votes/SJRES/SJRES_9_voteNumber110.json to gs://congress_data/votes/SJRES/SJRES_9_voteNumber110.json
[2024-04-14T17:57:02.796+0000] {logging_mixin.py:188} INFO - Uploaded /opt/***/dags/data/votes/SJRES/SJRES_4_voteNumber99.json to gs://congress_data/votes/SJRES/SJRES_4_voteNumber99.json
[2024-04-14T17:57:03.221+0000] {logging_mixin.py:188} INFO - Uploaded /opt/***/dags/data/votes/SJRES/SJRES_42_voteNumber272.json to gs://congress_data/votes/SJRES/SJRES_42_voteNumber272.json
[2024-04-14T17:57:03.223+0000] {python.py:202} INFO - Done. Returned value was: None
[2024-04-14T17:57:03.262+0000] {taskinstance.py:1149} INFO - Marking task as SUCCESS. dag_id=upload_congress_data, task_id=upload_votes_to_gcs, execution_date=20240414T005350, start_date=20240414T175454, end_date=20240414T175703
[2024-04-14T17:57:03.349+0000] {local_task_job_runner.py:234} INFO - Task exited with return code 0
[2024-04-14T17:57:03.384+0000] {taskinstance.py:3312} INFO - 1 downstream tasks scheduled from follow-on schedule check
