[2024-04-09T16:21:35.207+0000] {taskinstance.py:1979} INFO - Dependencies all met for dep_context=non-requeueable deps ti=<TaskInstance: upload_congress_data.bq_create_bills_Congress_partitioned_table_task manual__2024-04-09T16:17:43.229435+00:00 [queued]>
[2024-04-09T16:21:35.223+0000] {taskinstance.py:1979} INFO - Dependencies all met for dep_context=requeueable deps ti=<TaskInstance: upload_congress_data.bq_create_bills_Congress_partitioned_table_task manual__2024-04-09T16:17:43.229435+00:00 [queued]>
[2024-04-09T16:21:35.224+0000] {taskinstance.py:2193} INFO - Starting attempt 1 of 3
[2024-04-09T16:21:35.238+0000] {taskinstance.py:2217} INFO - Executing <Task(BigQueryInsertJobOperator): bq_create_bills_Congress_partitioned_table_task> on 2024-04-09 16:17:43.229435+00:00
[2024-04-09T16:21:35.245+0000] {standard_task_runner.py:60} INFO - Started process 870 to run task
[2024-04-09T16:21:35.247+0000] {standard_task_runner.py:87} INFO - Running: ['***', 'tasks', 'run', 'upload_congress_data', 'bq_create_bills_Congress_partitioned_table_task', 'manual__2024-04-09T16:17:43.229435+00:00', '--job-id', '15', '--raw', '--subdir', 'DAGS_FOLDER/upload_congress_data.py', '--cfg-path', '/tmp/tmpkz4b_f7e']
[2024-04-09T16:21:35.252+0000] {standard_task_runner.py:88} INFO - Job 15: Subtask bq_create_bills_Congress_partitioned_table_task
[2024-04-09T16:21:35.309+0000] {task_command.py:423} INFO - Running <TaskInstance: upload_congress_data.bq_create_bills_Congress_partitioned_table_task manual__2024-04-09T16:17:43.229435+00:00 [running]> on host f811dc6f69ec
[2024-04-09T16:21:35.382+0000] {taskinstance.py:2513} INFO - Exporting env vars: AIRFLOW_CTX_DAG_EMAIL='***@***.com' AIRFLOW_CTX_DAG_OWNER='***' AIRFLOW_CTX_DAG_ID='upload_congress_data' AIRFLOW_CTX_TASK_ID='bq_create_bills_Congress_partitioned_table_task' AIRFLOW_CTX_EXECUTION_DATE='2024-04-09T16:17:43.229435+00:00' AIRFLOW_CTX_TRY_NUMBER='1' AIRFLOW_CTX_DAG_RUN_ID='manual__2024-04-09T16:17:43.229435+00:00'
[2024-04-09T16:21:35.385+0000] {crypto.py:82} WARNING - empty cryptography key - values will not be stored encrypted.
[2024-04-09T16:21:35.385+0000] {connection.py:269} WARNING - Connection schemes (type: google_cloud_platform) shall not contain '_' according to RFC3986.
[2024-04-09T16:21:35.386+0000] {base.py:83} INFO - Using connection ID 'google_cloud_default' for task execution.
[2024-04-09T16:21:35.447+0000] {bigquery.py:2811} INFO - Executing: {'query': {'query': 'CREATE OR REPLACE TABLE Congress.bill_status         PARTITION BY latestActionDate_formatted         AS         SELECT *, DATE(billStatus.bill.latestAction.actionDate) latestActionDate_formatted         FROM Congress.bill_status_external_table;', 'useLegacySql': False}}'
[2024-04-09T16:21:35.448+0000] {bigquery.py:1613} INFO - Inserting job ***_upload_congress_data_bq_create_bills_Congress_partitioned_table_task_2024_04_09T16_17_43_229435_00_00_c5a1116c5fa0c236885050264d560227
[2024-04-09T16:21:37.357+0000] {taskinstance.py:2731} ERROR - Task failed with exception
Traceback (most recent call last):
  File "/home/airflow/.local/lib/python3.11/site-packages/airflow/models/taskinstance.py", line 444, in _execute_task
    result = _execute_callable(context=context, **execute_callable_kwargs)
             ^^^^^^^^^^^^^^^^^^^^^^^^^^^^^^^^^^^^^^^^^^^^^^^^^^^^^^^^^^^^^
  File "/home/airflow/.local/lib/python3.11/site-packages/airflow/models/taskinstance.py", line 414, in _execute_callable
    return execute_callable(context=context, **execute_callable_kwargs)
           ^^^^^^^^^^^^^^^^^^^^^^^^^^^^^^^^^^^^^^^^^^^^^^^^^^^^^^^^^^^^
  File "/home/airflow/.local/lib/python3.11/site-packages/airflow/providers/google/cloud/operators/bigquery.py", line 2870, in execute
    job.result(timeout=self.result_timeout, retry=self.result_retry)
  File "/home/airflow/.local/lib/python3.11/site-packages/google/cloud/bigquery/job/query.py", line 1595, in result
    do_get_result()
  File "/home/airflow/.local/lib/python3.11/site-packages/google/cloud/bigquery/job/query.py", line 1584, in do_get_result
    super(QueryJob, self).result(retry=retry, timeout=timeout)
  File "/home/airflow/.local/lib/python3.11/site-packages/google/cloud/bigquery/job/base.py", line 971, in result
    return super(_AsyncJob, self).result(timeout=timeout, **kwargs)
           ^^^^^^^^^^^^^^^^^^^^^^^^^^^^^^^^^^^^^^^^^^^^^^^^^^^^^^^^
  File "/home/airflow/.local/lib/python3.11/site-packages/google/api_core/future/polling.py", line 261, in result
    raise self._exception
google.api_core.exceptions.BadRequest: 400 Error while reading table: Congress.bill_status_external_table, error message: JSON parsing error in row starting at position 0: No such field: billStatus.bill.committees.item.subcommittees. File: gs://congress_data/bills/hjres/BILLSTATUS-118hjres27.json; reason: invalid, location: gs://congress_data/bills/hjres/BILLSTATUS-118hjres27.json, message: Error while reading table: Congress.bill_status_external_table, error message: JSON parsing error in row starting at position 0: No such field: billStatus.bill.committees.item.subcommittees. File: gs://congress_data/bills/hjres/BILLSTATUS-118hjres27.json; reason: invalid, message: Error while reading table: Congress.bill_status_external_table, error message: JSON processing encountered too many errors, giving up. Rows: 21; errors: 1; max bad: 0; error percent: 0

Location: US
Job ID: airflow_upload_congress_data_bq_create_bills_Congress_partitioned_table_task_2024_04_09T16_17_43_229435_00_00_c5a1116c5fa0c236885050264d560227

[2024-04-09T16:21:37.383+0000] {taskinstance.py:1149} INFO - Marking task as UP_FOR_RETRY. dag_id=upload_congress_data, task_id=bq_create_bills_Congress_partitioned_table_task, execution_date=20240409T161743, start_date=20240409T162135, end_date=20240409T162137
[2024-04-09T16:21:37.398+0000] {standard_task_runner.py:107} ERROR - Failed to execute job 15 for task bq_create_bills_Congress_partitioned_table_task (400 Error while reading table: Congress.bill_status_external_table, error message: JSON parsing error in row starting at position 0: No such field: billStatus.bill.committees.item.subcommittees. File: gs://congress_data/bills/hjres/BILLSTATUS-118hjres27.json; reason: invalid, location: gs://congress_data/bills/hjres/BILLSTATUS-118hjres27.json, message: Error while reading table: Congress.bill_status_external_table, error message: JSON parsing error in row starting at position 0: No such field: billStatus.bill.committees.item.subcommittees. File: gs://congress_data/bills/hjres/BILLSTATUS-118hjres27.json; reason: invalid, message: Error while reading table: Congress.bill_status_external_table, error message: JSON processing encountered too many errors, giving up. Rows: 21; errors: 1; max bad: 0; error percent: 0

Location: US
Job ID: airflow_upload_congress_data_bq_create_bills_Congress_partitioned_table_task_2024_04_09T16_17_43_229435_00_00_c5a1116c5fa0c236885050264d560227
; 870)
[2024-04-09T16:21:37.419+0000] {local_task_job_runner.py:234} INFO - Task exited with return code 1
[2024-04-09T16:21:37.435+0000] {taskinstance.py:3312} INFO - 0 downstream tasks scheduled from follow-on schedule check
