[2024-05-11T00:31:16.086+0000] {processor.py:161} INFO - Started process (PID=4896) to work on /opt/airflow/dags/upload_congress_data.py
[2024-05-11T00:31:16.088+0000] {processor.py:830} INFO - Processing file /opt/airflow/dags/upload_congress_data.py for tasks to queue
[2024-05-11T00:31:16.095+0000] {logging_mixin.py:188} INFO - [2024-05-11T00:31:16.094+0000] {dagbag.py:540} INFO - Filling up the DagBag from /opt/airflow/dags/upload_congress_data.py
[2024-05-11T00:31:16.185+0000] {logging_mixin.py:188} INFO - Bucket Name: congress_data_testproject-420401
[2024-05-11T00:31:16.207+0000] {processor.py:840} INFO - DAG(s) 'upload_congress_data' retrieved from /opt/airflow/dags/upload_congress_data.py
[2024-05-11T00:31:16.248+0000] {logging_mixin.py:188} INFO - [2024-05-11T00:31:16.247+0000] {dag.py:3047} INFO - Sync 1 DAGs
[2024-05-11T00:31:16.295+0000] {logging_mixin.py:188} INFO - [2024-05-11T00:31:16.295+0000] {dag.py:3834} INFO - Setting next_dagrun for upload_congress_data to None, run_after=None
[2024-05-11T00:31:16.333+0000] {processor.py:183} INFO - Processing /opt/airflow/dags/upload_congress_data.py took 0.253 seconds
[2024-05-11T01:47:28.274+0000] {processor.py:161} INFO - Started process (PID=4904) to work on /opt/airflow/dags/upload_congress_data.py
[2024-05-11T01:47:28.277+0000] {processor.py:830} INFO - Processing file /opt/airflow/dags/upload_congress_data.py for tasks to queue
[2024-05-11T01:47:28.288+0000] {logging_mixin.py:188} INFO - [2024-05-11T01:47:28.286+0000] {dagbag.py:540} INFO - Filling up the DagBag from /opt/airflow/dags/upload_congress_data.py
[2024-05-11T01:47:28.372+0000] {logging_mixin.py:188} INFO - Bucket Name: congress_data_testproject-420401
[2024-05-11T01:47:28.393+0000] {processor.py:840} INFO - DAG(s) 'upload_congress_data' retrieved from /opt/airflow/dags/upload_congress_data.py
[2024-05-11T01:47:28.459+0000] {logging_mixin.py:188} INFO - [2024-05-11T01:47:28.459+0000] {dag.py:3047} INFO - Sync 1 DAGs
[2024-05-11T01:47:28.493+0000] {logging_mixin.py:188} INFO - [2024-05-11T01:47:28.492+0000] {dag.py:3834} INFO - Setting next_dagrun for upload_congress_data to None, run_after=None
[2024-05-11T01:47:28.517+0000] {processor.py:183} INFO - Processing /opt/airflow/dags/upload_congress_data.py took 0.263 seconds
[2024-05-11T02:36:25.445+0000] {processor.py:161} INFO - Started process (PID=4912) to work on /opt/airflow/dags/upload_congress_data.py
[2024-05-11T02:36:25.446+0000] {processor.py:830} INFO - Processing file /opt/airflow/dags/upload_congress_data.py for tasks to queue
[2024-05-11T02:36:25.450+0000] {logging_mixin.py:188} INFO - [2024-05-11T02:36:25.449+0000] {dagbag.py:540} INFO - Filling up the DagBag from /opt/airflow/dags/upload_congress_data.py
[2024-05-11T02:36:25.496+0000] {logging_mixin.py:188} INFO - Bucket Name: congress_data_testproject-420401
[2024-05-11T02:36:25.509+0000] {processor.py:840} INFO - DAG(s) 'upload_congress_data' retrieved from /opt/airflow/dags/upload_congress_data.py
[2024-05-11T02:36:25.532+0000] {logging_mixin.py:188} INFO - [2024-05-11T02:36:25.532+0000] {dag.py:3047} INFO - Sync 1 DAGs
[2024-05-11T02:36:25.549+0000] {logging_mixin.py:188} INFO - [2024-05-11T02:36:25.549+0000] {dag.py:3834} INFO - Setting next_dagrun for upload_congress_data to None, run_after=None
[2024-05-11T02:36:25.560+0000] {processor.py:183} INFO - Processing /opt/airflow/dags/upload_congress_data.py took 0.120 seconds
[2024-05-11T03:38:42.283+0000] {processor.py:161} INFO - Started process (PID=4920) to work on /opt/airflow/dags/upload_congress_data.py
[2024-05-11T03:38:42.286+0000] {processor.py:830} INFO - Processing file /opt/airflow/dags/upload_congress_data.py for tasks to queue
[2024-05-11T03:38:42.297+0000] {logging_mixin.py:188} INFO - [2024-05-11T03:38:42.295+0000] {dagbag.py:540} INFO - Filling up the DagBag from /opt/airflow/dags/upload_congress_data.py
[2024-05-11T03:38:42.365+0000] {logging_mixin.py:188} INFO - Bucket Name: congress_data_testproject-420401
[2024-05-11T03:38:42.397+0000] {processor.py:840} INFO - DAG(s) 'upload_congress_data' retrieved from /opt/airflow/dags/upload_congress_data.py
[2024-05-11T03:38:42.445+0000] {logging_mixin.py:188} INFO - [2024-05-11T03:38:42.445+0000] {dag.py:3047} INFO - Sync 1 DAGs
[2024-05-11T03:38:42.467+0000] {logging_mixin.py:188} INFO - [2024-05-11T03:38:42.467+0000] {dag.py:3834} INFO - Setting next_dagrun for upload_congress_data to None, run_after=None
[2024-05-11T03:38:42.480+0000] {processor.py:183} INFO - Processing /opt/airflow/dags/upload_congress_data.py took 0.208 seconds
[2024-05-11T04:50:31.763+0000] {processor.py:161} INFO - Started process (PID=4928) to work on /opt/airflow/dags/upload_congress_data.py
[2024-05-11T04:50:31.766+0000] {processor.py:830} INFO - Processing file /opt/airflow/dags/upload_congress_data.py for tasks to queue
[2024-05-11T04:50:31.774+0000] {logging_mixin.py:188} INFO - [2024-05-11T04:50:31.773+0000] {dagbag.py:540} INFO - Filling up the DagBag from /opt/airflow/dags/upload_congress_data.py
[2024-05-11T04:50:31.854+0000] {logging_mixin.py:188} INFO - Bucket Name: congress_data_testproject-420401
[2024-05-11T04:50:31.891+0000] {processor.py:840} INFO - DAG(s) 'upload_congress_data' retrieved from /opt/airflow/dags/upload_congress_data.py
[2024-05-11T04:50:31.937+0000] {logging_mixin.py:188} INFO - [2024-05-11T04:50:31.936+0000] {dag.py:3047} INFO - Sync 1 DAGs
[2024-05-11T04:50:31.965+0000] {logging_mixin.py:188} INFO - [2024-05-11T04:50:31.965+0000] {dag.py:3834} INFO - Setting next_dagrun for upload_congress_data to None, run_after=None
[2024-05-11T04:50:32.005+0000] {processor.py:183} INFO - Processing /opt/airflow/dags/upload_congress_data.py took 0.248 seconds
[2024-05-11T05:51:32.478+0000] {processor.py:161} INFO - Started process (PID=4936) to work on /opt/airflow/dags/upload_congress_data.py
[2024-05-11T05:51:32.479+0000] {processor.py:830} INFO - Processing file /opt/airflow/dags/upload_congress_data.py for tasks to queue
[2024-05-11T05:51:32.482+0000] {logging_mixin.py:188} INFO - [2024-05-11T05:51:32.482+0000] {dagbag.py:540} INFO - Filling up the DagBag from /opt/airflow/dags/upload_congress_data.py
[2024-05-11T05:51:32.525+0000] {logging_mixin.py:188} INFO - Bucket Name: congress_data_testproject-420401
[2024-05-11T05:51:32.536+0000] {processor.py:840} INFO - DAG(s) 'upload_congress_data' retrieved from /opt/airflow/dags/upload_congress_data.py
[2024-05-11T05:51:32.561+0000] {logging_mixin.py:188} INFO - [2024-05-11T05:51:32.561+0000] {dag.py:3047} INFO - Sync 1 DAGs
[2024-05-11T05:51:32.572+0000] {logging_mixin.py:188} INFO - [2024-05-11T05:51:32.572+0000] {dag.py:3834} INFO - Setting next_dagrun for upload_congress_data to None, run_after=None
[2024-05-11T05:51:32.582+0000] {processor.py:183} INFO - Processing /opt/airflow/dags/upload_congress_data.py took 0.107 seconds
[2024-05-11T07:13:12.785+0000] {processor.py:161} INFO - Started process (PID=4944) to work on /opt/airflow/dags/upload_congress_data.py
[2024-05-11T07:13:12.787+0000] {processor.py:830} INFO - Processing file /opt/airflow/dags/upload_congress_data.py for tasks to queue
[2024-05-11T07:13:12.793+0000] {logging_mixin.py:188} INFO - [2024-05-11T07:13:12.792+0000] {dagbag.py:540} INFO - Filling up the DagBag from /opt/airflow/dags/upload_congress_data.py
[2024-05-11T07:13:12.902+0000] {logging_mixin.py:188} INFO - Bucket Name: congress_data_testproject-420401
[2024-05-11T07:13:12.932+0000] {processor.py:840} INFO - DAG(s) 'upload_congress_data' retrieved from /opt/airflow/dags/upload_congress_data.py
[2024-05-11T07:13:12.990+0000] {logging_mixin.py:188} INFO - [2024-05-11T07:13:12.990+0000] {dag.py:3047} INFO - Sync 1 DAGs
[2024-05-11T07:13:13.022+0000] {logging_mixin.py:188} INFO - [2024-05-11T07:13:13.021+0000] {dag.py:3834} INFO - Setting next_dagrun for upload_congress_data to None, run_after=None
[2024-05-11T07:13:13.053+0000] {processor.py:183} INFO - Processing /opt/airflow/dags/upload_congress_data.py took 0.275 seconds
[2024-05-11T08:44:14.524+0000] {processor.py:161} INFO - Started process (PID=4952) to work on /opt/airflow/dags/upload_congress_data.py
[2024-05-11T08:44:14.527+0000] {processor.py:830} INFO - Processing file /opt/airflow/dags/upload_congress_data.py for tasks to queue
[2024-05-11T08:44:14.539+0000] {logging_mixin.py:188} INFO - [2024-05-11T08:44:14.538+0000] {dagbag.py:540} INFO - Filling up the DagBag from /opt/airflow/dags/upload_congress_data.py
[2024-05-11T08:44:14.583+0000] {logging_mixin.py:188} INFO - Bucket Name: congress_data_testproject-420401
[2024-05-11T08:44:14.613+0000] {processor.py:840} INFO - DAG(s) 'upload_congress_data' retrieved from /opt/airflow/dags/upload_congress_data.py
[2024-05-11T08:44:14.671+0000] {logging_mixin.py:188} INFO - [2024-05-11T08:44:14.670+0000] {dag.py:3047} INFO - Sync 1 DAGs
[2024-05-11T08:44:14.715+0000] {logging_mixin.py:188} INFO - [2024-05-11T08:44:14.714+0000] {dag.py:3834} INFO - Setting next_dagrun for upload_congress_data to None, run_after=None
[2024-05-11T08:44:14.750+0000] {processor.py:183} INFO - Processing /opt/airflow/dags/upload_congress_data.py took 0.239 seconds
[2024-05-11T09:34:33.227+0000] {processor.py:161} INFO - Started process (PID=4960) to work on /opt/airflow/dags/upload_congress_data.py
[2024-05-11T09:34:33.229+0000] {processor.py:830} INFO - Processing file /opt/airflow/dags/upload_congress_data.py for tasks to queue
[2024-05-11T09:34:33.240+0000] {logging_mixin.py:188} INFO - [2024-05-11T09:34:33.238+0000] {dagbag.py:540} INFO - Filling up the DagBag from /opt/airflow/dags/upload_congress_data.py
[2024-05-11T09:34:33.290+0000] {logging_mixin.py:188} INFO - Bucket Name: congress_data_testproject-420401
[2024-05-11T09:34:33.301+0000] {processor.py:840} INFO - DAG(s) 'upload_congress_data' retrieved from /opt/airflow/dags/upload_congress_data.py
[2024-05-11T09:34:33.330+0000] {logging_mixin.py:188} INFO - [2024-05-11T09:34:33.330+0000] {dag.py:3047} INFO - Sync 1 DAGs
[2024-05-11T09:34:33.348+0000] {logging_mixin.py:188} INFO - [2024-05-11T09:34:33.348+0000] {dag.py:3834} INFO - Setting next_dagrun for upload_congress_data to None, run_after=None
[2024-05-11T09:34:33.356+0000] {processor.py:183} INFO - Processing /opt/airflow/dags/upload_congress_data.py took 0.135 seconds
[2024-05-11T11:11:32.251+0000] {processor.py:161} INFO - Started process (PID=4968) to work on /opt/airflow/dags/upload_congress_data.py
[2024-05-11T11:11:32.253+0000] {processor.py:830} INFO - Processing file /opt/airflow/dags/upload_congress_data.py for tasks to queue
[2024-05-11T11:11:32.272+0000] {logging_mixin.py:188} INFO - [2024-05-11T11:11:32.270+0000] {dagbag.py:540} INFO - Filling up the DagBag from /opt/airflow/dags/upload_congress_data.py
[2024-05-11T11:11:32.356+0000] {logging_mixin.py:188} INFO - Bucket Name: congress_data_testproject-420401
[2024-05-11T11:11:32.385+0000] {processor.py:840} INFO - DAG(s) 'upload_congress_data' retrieved from /opt/airflow/dags/upload_congress_data.py
[2024-05-11T11:11:32.429+0000] {logging_mixin.py:188} INFO - [2024-05-11T11:11:32.429+0000] {dag.py:3047} INFO - Sync 1 DAGs
[2024-05-11T11:11:32.460+0000] {logging_mixin.py:188} INFO - [2024-05-11T11:11:32.460+0000] {dag.py:3834} INFO - Setting next_dagrun for upload_congress_data to None, run_after=None
[2024-05-11T11:11:32.494+0000] {processor.py:183} INFO - Processing /opt/airflow/dags/upload_congress_data.py took 0.248 seconds
[2024-05-11T12:47:12.283+0000] {processor.py:161} INFO - Started process (PID=4976) to work on /opt/airflow/dags/upload_congress_data.py
[2024-05-11T12:47:12.285+0000] {processor.py:830} INFO - Processing file /opt/airflow/dags/upload_congress_data.py for tasks to queue
[2024-05-11T12:47:12.295+0000] {logging_mixin.py:188} INFO - [2024-05-11T12:47:12.294+0000] {dagbag.py:540} INFO - Filling up the DagBag from /opt/airflow/dags/upload_congress_data.py
[2024-05-11T12:47:12.351+0000] {logging_mixin.py:188} INFO - Bucket Name: congress_data_testproject-420401
[2024-05-11T12:47:12.363+0000] {processor.py:840} INFO - DAG(s) 'upload_congress_data' retrieved from /opt/airflow/dags/upload_congress_data.py
[2024-05-11T12:47:12.382+0000] {logging_mixin.py:188} INFO - [2024-05-11T12:47:12.382+0000] {dag.py:3047} INFO - Sync 1 DAGs
[2024-05-11T12:47:12.394+0000] {logging_mixin.py:188} INFO - [2024-05-11T12:47:12.394+0000] {dag.py:3834} INFO - Setting next_dagrun for upload_congress_data to None, run_after=None
[2024-05-11T12:47:12.405+0000] {processor.py:183} INFO - Processing /opt/airflow/dags/upload_congress_data.py took 0.132 seconds
[2024-05-11T13:53:37.480+0000] {processor.py:161} INFO - Started process (PID=4984) to work on /opt/airflow/dags/upload_congress_data.py
[2024-05-11T13:53:37.489+0000] {processor.py:830} INFO - Processing file /opt/airflow/dags/upload_congress_data.py for tasks to queue
[2024-05-11T13:53:37.506+0000] {logging_mixin.py:188} INFO - [2024-05-11T13:53:37.504+0000] {dagbag.py:540} INFO - Filling up the DagBag from /opt/airflow/dags/upload_congress_data.py
[2024-05-11T13:53:37.596+0000] {logging_mixin.py:188} INFO - Bucket Name: congress_data_testproject-420401
[2024-05-11T13:53:37.628+0000] {processor.py:840} INFO - DAG(s) 'upload_congress_data' retrieved from /opt/airflow/dags/upload_congress_data.py
[2024-05-11T13:53:37.716+0000] {logging_mixin.py:188} INFO - [2024-05-11T13:53:37.715+0000] {dag.py:3047} INFO - Sync 1 DAGs
[2024-05-11T13:53:37.740+0000] {logging_mixin.py:188} INFO - [2024-05-11T13:53:37.740+0000] {dag.py:3834} INFO - Setting next_dagrun for upload_congress_data to None, run_after=None
[2024-05-11T13:53:37.758+0000] {processor.py:183} INFO - Processing /opt/airflow/dags/upload_congress_data.py took 0.286 seconds
[2024-05-11T14:02:35.796+0000] {processor.py:161} INFO - Started process (PID=4992) to work on /opt/airflow/dags/upload_congress_data.py
[2024-05-11T14:02:35.798+0000] {processor.py:830} INFO - Processing file /opt/airflow/dags/upload_congress_data.py for tasks to queue
[2024-05-11T14:02:35.803+0000] {logging_mixin.py:188} INFO - [2024-05-11T14:02:35.802+0000] {dagbag.py:540} INFO - Filling up the DagBag from /opt/airflow/dags/upload_congress_data.py
[2024-05-11T14:02:35.840+0000] {logging_mixin.py:188} INFO - Bucket Name: congress_data_testproject-420401
[2024-05-11T14:02:35.849+0000] {processor.py:840} INFO - DAG(s) 'upload_congress_data' retrieved from /opt/airflow/dags/upload_congress_data.py
[2024-05-11T14:02:35.866+0000] {logging_mixin.py:188} INFO - [2024-05-11T14:02:35.865+0000] {dag.py:3047} INFO - Sync 1 DAGs
[2024-05-11T14:02:35.877+0000] {logging_mixin.py:188} INFO - [2024-05-11T14:02:35.877+0000] {dag.py:3834} INFO - Setting next_dagrun for upload_congress_data to None, run_after=None
[2024-05-11T14:02:35.888+0000] {processor.py:183} INFO - Processing /opt/airflow/dags/upload_congress_data.py took 0.099 seconds
[2024-05-11T14:50:26.276+0000] {processor.py:161} INFO - Started process (PID=5000) to work on /opt/airflow/dags/upload_congress_data.py
[2024-05-11T14:50:26.277+0000] {processor.py:830} INFO - Processing file /opt/airflow/dags/upload_congress_data.py for tasks to queue
[2024-05-11T14:50:26.286+0000] {logging_mixin.py:188} INFO - [2024-05-11T14:50:26.284+0000] {dagbag.py:540} INFO - Filling up the DagBag from /opt/airflow/dags/upload_congress_data.py
[2024-05-11T14:50:26.320+0000] {logging_mixin.py:188} INFO - Bucket Name: congress_data_testproject-420401
[2024-05-11T14:50:26.329+0000] {processor.py:840} INFO - DAG(s) 'upload_congress_data' retrieved from /opt/airflow/dags/upload_congress_data.py
[2024-05-11T14:50:26.348+0000] {logging_mixin.py:188} INFO - [2024-05-11T14:50:26.347+0000] {dag.py:3047} INFO - Sync 1 DAGs
[2024-05-11T14:50:26.364+0000] {logging_mixin.py:188} INFO - [2024-05-11T14:50:26.363+0000] {dag.py:3834} INFO - Setting next_dagrun for upload_congress_data to None, run_after=None
[2024-05-11T14:50:26.376+0000] {processor.py:183} INFO - Processing /opt/airflow/dags/upload_congress_data.py took 0.107 seconds
[2024-05-11T16:00:08.361+0000] {processor.py:161} INFO - Started process (PID=5008) to work on /opt/airflow/dags/upload_congress_data.py
[2024-05-11T16:00:08.362+0000] {processor.py:830} INFO - Processing file /opt/airflow/dags/upload_congress_data.py for tasks to queue
[2024-05-11T16:00:08.366+0000] {logging_mixin.py:188} INFO - [2024-05-11T16:00:08.365+0000] {dagbag.py:540} INFO - Filling up the DagBag from /opt/airflow/dags/upload_congress_data.py
[2024-05-11T16:00:08.400+0000] {logging_mixin.py:188} INFO - Bucket Name: congress_data_testproject-420401
[2024-05-11T16:00:08.410+0000] {processor.py:840} INFO - DAG(s) 'upload_congress_data' retrieved from /opt/airflow/dags/upload_congress_data.py
[2024-05-11T16:00:08.442+0000] {logging_mixin.py:188} INFO - [2024-05-11T16:00:08.442+0000] {dag.py:3047} INFO - Sync 1 DAGs
[2024-05-11T16:00:08.455+0000] {logging_mixin.py:188} INFO - [2024-05-11T16:00:08.455+0000] {dag.py:3834} INFO - Setting next_dagrun for upload_congress_data to None, run_after=None
[2024-05-11T16:00:08.465+0000] {processor.py:183} INFO - Processing /opt/airflow/dags/upload_congress_data.py took 0.107 seconds
[2024-05-11T16:57:14.121+0000] {processor.py:161} INFO - Started process (PID=5016) to work on /opt/airflow/dags/upload_congress_data.py
[2024-05-11T16:57:14.122+0000] {processor.py:830} INFO - Processing file /opt/airflow/dags/upload_congress_data.py for tasks to queue
[2024-05-11T16:57:14.127+0000] {logging_mixin.py:188} INFO - [2024-05-11T16:57:14.126+0000] {dagbag.py:540} INFO - Filling up the DagBag from /opt/airflow/dags/upload_congress_data.py
[2024-05-11T16:57:14.174+0000] {logging_mixin.py:188} INFO - Bucket Name: congress_data_testproject-420401
[2024-05-11T16:57:14.185+0000] {processor.py:840} INFO - DAG(s) 'upload_congress_data' retrieved from /opt/airflow/dags/upload_congress_data.py
[2024-05-11T16:57:14.205+0000] {logging_mixin.py:188} INFO - [2024-05-11T16:57:14.204+0000] {dag.py:3047} INFO - Sync 1 DAGs
[2024-05-11T16:57:14.219+0000] {logging_mixin.py:188} INFO - [2024-05-11T16:57:14.219+0000] {dag.py:3834} INFO - Setting next_dagrun for upload_congress_data to None, run_after=None
[2024-05-11T16:57:14.229+0000] {processor.py:183} INFO - Processing /opt/airflow/dags/upload_congress_data.py took 0.114 seconds
[2024-05-11T17:31:37.093+0000] {processor.py:161} INFO - Started process (PID=5024) to work on /opt/airflow/dags/upload_congress_data.py
[2024-05-11T17:31:37.097+0000] {processor.py:830} INFO - Processing file /opt/airflow/dags/upload_congress_data.py for tasks to queue
[2024-05-11T17:31:37.109+0000] {logging_mixin.py:188} INFO - [2024-05-11T17:31:37.107+0000] {dagbag.py:540} INFO - Filling up the DagBag from /opt/airflow/dags/upload_congress_data.py
[2024-05-11T17:31:37.216+0000] {logging_mixin.py:188} INFO - Bucket Name: congress_data_testproject-420401
[2024-05-11T17:31:37.242+0000] {processor.py:840} INFO - DAG(s) 'upload_congress_data' retrieved from /opt/airflow/dags/upload_congress_data.py
[2024-05-11T17:31:37.277+0000] {logging_mixin.py:188} INFO - [2024-05-11T17:31:37.277+0000] {dag.py:3047} INFO - Sync 1 DAGs
[2024-05-11T17:31:37.301+0000] {logging_mixin.py:188} INFO - [2024-05-11T17:31:37.301+0000] {dag.py:3834} INFO - Setting next_dagrun for upload_congress_data to None, run_after=None
[2024-05-11T17:31:37.311+0000] {processor.py:183} INFO - Processing /opt/airflow/dags/upload_congress_data.py took 0.229 seconds
[2024-05-11T18:29:16.158+0000] {processor.py:161} INFO - Started process (PID=5032) to work on /opt/airflow/dags/upload_congress_data.py
[2024-05-11T18:29:16.159+0000] {processor.py:830} INFO - Processing file /opt/airflow/dags/upload_congress_data.py for tasks to queue
[2024-05-11T18:29:16.162+0000] {logging_mixin.py:188} INFO - [2024-05-11T18:29:16.162+0000] {dagbag.py:540} INFO - Filling up the DagBag from /opt/airflow/dags/upload_congress_data.py
[2024-05-11T18:29:16.195+0000] {logging_mixin.py:188} INFO - Bucket Name: congress_data_testproject-420401
[2024-05-11T18:29:16.204+0000] {processor.py:840} INFO - DAG(s) 'upload_congress_data' retrieved from /opt/airflow/dags/upload_congress_data.py
[2024-05-11T18:29:16.228+0000] {logging_mixin.py:188} INFO - [2024-05-11T18:29:16.228+0000] {dag.py:3047} INFO - Sync 1 DAGs
[2024-05-11T18:29:16.241+0000] {logging_mixin.py:188} INFO - [2024-05-11T18:29:16.241+0000] {dag.py:3834} INFO - Setting next_dagrun for upload_congress_data to None, run_after=None
[2024-05-11T18:29:16.250+0000] {processor.py:183} INFO - Processing /opt/airflow/dags/upload_congress_data.py took 0.095 seconds
[2024-05-11T19:42:48.825+0000] {processor.py:161} INFO - Started process (PID=5040) to work on /opt/airflow/dags/upload_congress_data.py
[2024-05-11T19:42:48.826+0000] {processor.py:830} INFO - Processing file /opt/airflow/dags/upload_congress_data.py for tasks to queue
[2024-05-11T19:42:48.829+0000] {logging_mixin.py:188} INFO - [2024-05-11T19:42:48.828+0000] {dagbag.py:540} INFO - Filling up the DagBag from /opt/airflow/dags/upload_congress_data.py
[2024-05-11T19:42:48.858+0000] {logging_mixin.py:188} INFO - Bucket Name: congress_data_testproject-420401
[2024-05-11T19:42:48.866+0000] {processor.py:840} INFO - DAG(s) 'upload_congress_data' retrieved from /opt/airflow/dags/upload_congress_data.py
[2024-05-11T19:42:48.883+0000] {logging_mixin.py:188} INFO - [2024-05-11T19:42:48.883+0000] {dag.py:3047} INFO - Sync 1 DAGs
[2024-05-11T19:42:48.894+0000] {logging_mixin.py:188} INFO - [2024-05-11T19:42:48.893+0000] {dag.py:3834} INFO - Setting next_dagrun for upload_congress_data to None, run_after=None
[2024-05-11T19:42:48.903+0000] {processor.py:183} INFO - Processing /opt/airflow/dags/upload_congress_data.py took 0.089 seconds
[2024-05-11T20:25:45.219+0000] {processor.py:161} INFO - Started process (PID=5048) to work on /opt/airflow/dags/upload_congress_data.py
[2024-05-11T20:25:45.220+0000] {processor.py:830} INFO - Processing file /opt/airflow/dags/upload_congress_data.py for tasks to queue
[2024-05-11T20:25:45.230+0000] {logging_mixin.py:188} INFO - [2024-05-11T20:25:45.227+0000] {dagbag.py:540} INFO - Filling up the DagBag from /opt/airflow/dags/upload_congress_data.py
[2024-05-11T20:25:45.397+0000] {logging_mixin.py:188} INFO - Bucket Name: congress_data_testproject-420401
[2024-05-11T20:25:45.414+0000] {processor.py:840} INFO - DAG(s) 'upload_congress_data' retrieved from /opt/airflow/dags/upload_congress_data.py
[2024-05-11T20:25:45.467+0000] {logging_mixin.py:188} INFO - [2024-05-11T20:25:45.465+0000] {dag.py:3047} INFO - Sync 1 DAGs
[2024-05-11T20:25:45.505+0000] {logging_mixin.py:188} INFO - [2024-05-11T20:25:45.505+0000] {dag.py:3834} INFO - Setting next_dagrun for upload_congress_data to None, run_after=None
[2024-05-11T20:25:45.548+0000] {processor.py:183} INFO - Processing /opt/airflow/dags/upload_congress_data.py took 0.335 seconds
[2024-05-11T21:32:05.258+0000] {processor.py:161} INFO - Started process (PID=5056) to work on /opt/airflow/dags/upload_congress_data.py
[2024-05-11T21:32:05.261+0000] {processor.py:830} INFO - Processing file /opt/airflow/dags/upload_congress_data.py for tasks to queue
[2024-05-11T21:32:05.265+0000] {logging_mixin.py:188} INFO - [2024-05-11T21:32:05.265+0000] {dagbag.py:540} INFO - Filling up the DagBag from /opt/airflow/dags/upload_congress_data.py
[2024-05-11T21:32:05.322+0000] {logging_mixin.py:188} INFO - Bucket Name: congress_data_testproject-420401
[2024-05-11T21:32:05.335+0000] {processor.py:840} INFO - DAG(s) 'upload_congress_data' retrieved from /opt/airflow/dags/upload_congress_data.py
[2024-05-11T21:32:05.356+0000] {logging_mixin.py:188} INFO - [2024-05-11T21:32:05.356+0000] {dag.py:3047} INFO - Sync 1 DAGs
[2024-05-11T21:32:05.369+0000] {logging_mixin.py:188} INFO - [2024-05-11T21:32:05.369+0000] {dag.py:3834} INFO - Setting next_dagrun for upload_congress_data to None, run_after=None
[2024-05-11T21:32:05.378+0000] {processor.py:183} INFO - Processing /opt/airflow/dags/upload_congress_data.py took 0.125 seconds
[2024-05-11T22:00:39.429+0000] {processor.py:161} INFO - Started process (PID=5064) to work on /opt/airflow/dags/upload_congress_data.py
[2024-05-11T22:00:39.441+0000] {processor.py:830} INFO - Processing file /opt/airflow/dags/upload_congress_data.py for tasks to queue
[2024-05-11T22:00:39.466+0000] {logging_mixin.py:188} INFO - [2024-05-11T22:00:39.465+0000] {dagbag.py:540} INFO - Filling up the DagBag from /opt/airflow/dags/upload_congress_data.py
[2024-05-11T22:00:39.753+0000] {logging_mixin.py:188} INFO - Bucket Name: congress_data_testproject-420401
[2024-05-11T22:00:39.870+0000] {processor.py:840} INFO - DAG(s) 'upload_congress_data' retrieved from /opt/airflow/dags/upload_congress_data.py
[2024-05-11T22:00:39.934+0000] {logging_mixin.py:188} INFO - [2024-05-11T22:00:39.934+0000] {dag.py:3047} INFO - Sync 1 DAGs
[2024-05-11T22:00:40.008+0000] {logging_mixin.py:188} INFO - [2024-05-11T22:00:40.008+0000] {dag.py:3834} INFO - Setting next_dagrun for upload_congress_data to None, run_after=None
[2024-05-11T22:00:40.055+0000] {processor.py:183} INFO - Processing /opt/airflow/dags/upload_congress_data.py took 0.644 seconds
[2024-05-11T23:02:24.847+0000] {processor.py:161} INFO - Started process (PID=5072) to work on /opt/airflow/dags/upload_congress_data.py
[2024-05-11T23:02:24.849+0000] {processor.py:830} INFO - Processing file /opt/airflow/dags/upload_congress_data.py for tasks to queue
[2024-05-11T23:02:24.852+0000] {logging_mixin.py:188} INFO - [2024-05-11T23:02:24.851+0000] {dagbag.py:540} INFO - Filling up the DagBag from /opt/airflow/dags/upload_congress_data.py
[2024-05-11T23:02:24.882+0000] {logging_mixin.py:188} INFO - Bucket Name: congress_data_testproject-420401
[2024-05-11T23:02:24.893+0000] {processor.py:840} INFO - DAG(s) 'upload_congress_data' retrieved from /opt/airflow/dags/upload_congress_data.py
[2024-05-11T23:02:24.911+0000] {logging_mixin.py:188} INFO - [2024-05-11T23:02:24.911+0000] {dag.py:3047} INFO - Sync 1 DAGs
[2024-05-11T23:02:24.924+0000] {logging_mixin.py:188} INFO - [2024-05-11T23:02:24.924+0000] {dag.py:3834} INFO - Setting next_dagrun for upload_congress_data to None, run_after=None
[2024-05-11T23:02:24.933+0000] {processor.py:183} INFO - Processing /opt/airflow/dags/upload_congress_data.py took 0.089 seconds
