[2024-03-26T03:36:49.017+0000] {taskinstance.py:1979} INFO - Dependencies all met for dep_context=non-requeueable deps ti=<TaskInstance: upload_historical_congress_data.bq_create_member_Congress_partitioned_table_task scheduled__2024-03-15T00:00:00+00:00 [queued]>
[2024-03-26T03:36:49.031+0000] {taskinstance.py:1979} INFO - Dependencies all met for dep_context=requeueable deps ti=<TaskInstance: upload_historical_congress_data.bq_create_member_Congress_partitioned_table_task scheduled__2024-03-15T00:00:00+00:00 [queued]>
[2024-03-26T03:36:49.033+0000] {taskinstance.py:2193} INFO - Starting attempt 1 of 3
[2024-03-26T03:36:49.045+0000] {taskinstance.py:2217} INFO - Executing <Task(BigQueryInsertJobOperator): bq_create_member_Congress_partitioned_table_task> on 2024-03-15 00:00:00+00:00
[2024-03-26T03:36:49.056+0000] {standard_task_runner.py:60} INFO - Started process 137 to run task
[2024-03-26T03:36:49.060+0000] {standard_task_runner.py:87} INFO - Running: ['***', 'tasks', 'run', 'upload_historical_congress_data', 'bq_create_member_Congress_partitioned_table_task', 'scheduled__2024-03-15T00:00:00+00:00', '--job-id', '111', '--raw', '--subdir', 'DAGS_FOLDER/upload_historical_congress_data.py', '--cfg-path', '/tmp/tmp_lyqavj4']
[2024-03-26T03:36:49.070+0000] {standard_task_runner.py:88} INFO - Job 111: Subtask bq_create_member_Congress_partitioned_table_task
[2024-03-26T03:36:49.212+0000] {task_command.py:423} INFO - Running <TaskInstance: upload_historical_congress_data.bq_create_member_Congress_partitioned_table_task scheduled__2024-03-15T00:00:00+00:00 [running]> on host 8f420781146d
[2024-03-26T03:36:49.337+0000] {taskinstance.py:2513} INFO - Exporting env vars: AIRFLOW_CTX_DAG_EMAIL='***@***.com' AIRFLOW_CTX_DAG_OWNER='***' AIRFLOW_CTX_DAG_ID='upload_historical_congress_data' AIRFLOW_CTX_TASK_ID='bq_create_member_Congress_partitioned_table_task' AIRFLOW_CTX_EXECUTION_DATE='2024-03-15T00:00:00+00:00' AIRFLOW_CTX_TRY_NUMBER='1' AIRFLOW_CTX_DAG_RUN_ID='scheduled__2024-03-15T00:00:00+00:00'
[2024-03-26T03:36:49.354+0000] {crypto.py:82} WARNING - empty cryptography key - values will not be stored encrypted.
[2024-03-26T03:36:49.361+0000] {connection.py:269} WARNING - Connection schemes (type: google_cloud_platform) shall not contain '_' according to RFC3986.
[2024-03-26T03:36:49.365+0000] {base.py:83} INFO - Using connection ID 'google_cloud_default' for task execution.
[2024-03-26T03:36:49.418+0000] {bigquery.py:2811} INFO - Executing: {'query': {'query': 'CREATE OR REPLACE TABLE Congress.member         PARTITION BY DATE(updateDate)         AS         SELECT * FROM member_external_table;', 'useLegacySql': False}}'
[2024-03-26T03:36:49.421+0000] {bigquery.py:1613} INFO - Inserting job ***_upload_historical_congress_data_bq_create_member_Congress_partitioned_table_task_2024_03_15T00_00_00_00_00_f29440fbd748a2d92c67317826d07a9e
[2024-03-26T03:36:50.224+0000] {taskinstance.py:2731} ERROR - Task failed with exception
Traceback (most recent call last):
  File "/home/airflow/.local/lib/python3.8/site-packages/airflow/models/taskinstance.py", line 444, in _execute_task
    result = _execute_callable(context=context, **execute_callable_kwargs)
  File "/home/airflow/.local/lib/python3.8/site-packages/airflow/models/taskinstance.py", line 414, in _execute_callable
    return execute_callable(context=context, **execute_callable_kwargs)
  File "/home/airflow/.local/lib/python3.8/site-packages/airflow/providers/google/cloud/operators/bigquery.py", line 2870, in execute
    job.result(timeout=self.result_timeout, retry=self.result_retry)
  File "/home/airflow/.local/lib/python3.8/site-packages/google/cloud/bigquery/job/query.py", line 1595, in result
    do_get_result()
  File "/home/airflow/.local/lib/python3.8/site-packages/google/cloud/bigquery/job/query.py", line 1584, in do_get_result
    super(QueryJob, self).result(retry=retry, timeout=timeout)
  File "/home/airflow/.local/lib/python3.8/site-packages/google/cloud/bigquery/job/base.py", line 971, in result
    return super(_AsyncJob, self).result(timeout=timeout, **kwargs)
  File "/home/airflow/.local/lib/python3.8/site-packages/google/api_core/future/polling.py", line 261, in result
    raise self._exception
google.api_core.exceptions.BadRequest: 400 Table "member_external_table" must be qualified with a dataset (e.g. dataset.table).; reason: invalid, location: member_external_table, message: Table "member_external_table" must be qualified with a dataset (e.g. dataset.table).

Location: US
Job ID: airflow_upload_historical_congress_data_bq_create_member_Congress_partitioned_table_task_2024_03_15T00_00_00_00_00_f29440fbd748a2d92c67317826d07a9e

[2024-03-26T03:36:50.236+0000] {taskinstance.py:1149} INFO - Marking task as UP_FOR_RETRY. dag_id=upload_historical_congress_data, task_id=bq_create_member_Congress_partitioned_table_task, execution_date=20240315T000000, start_date=20240326T033649, end_date=20240326T033650
[2024-03-26T03:36:50.247+0000] {standard_task_runner.py:107} ERROR - Failed to execute job 111 for task bq_create_member_Congress_partitioned_table_task (400 Table "member_external_table" must be qualified with a dataset (e.g. dataset.table).; reason: invalid, location: member_external_table, message: Table "member_external_table" must be qualified with a dataset (e.g. dataset.table).

Location: US
Job ID: airflow_upload_historical_congress_data_bq_create_member_Congress_partitioned_table_task_2024_03_15T00_00_00_00_00_f29440fbd748a2d92c67317826d07a9e
; 137)
[2024-03-26T03:36:50.294+0000] {local_task_job_runner.py:234} INFO - Task exited with return code 1
[2024-03-26T03:36:50.316+0000] {taskinstance.py:3312} INFO - 0 downstream tasks scheduled from follow-on schedule check
[2024-03-26T03:47:36.301+0000] {taskinstance.py:1979} INFO - Dependencies all met for dep_context=non-requeueable deps ti=<TaskInstance: upload_historical_congress_data.bq_create_member_Congress_partitioned_table_task scheduled__2024-03-15T00:00:00+00:00 [queued]>
[2024-03-26T03:47:36.310+0000] {taskinstance.py:1979} INFO - Dependencies all met for dep_context=requeueable deps ti=<TaskInstance: upload_historical_congress_data.bq_create_member_Congress_partitioned_table_task scheduled__2024-03-15T00:00:00+00:00 [queued]>
[2024-03-26T03:47:36.311+0000] {taskinstance.py:2193} INFO - Starting attempt 1 of 3
[2024-03-26T03:47:36.321+0000] {taskinstance.py:2217} INFO - Executing <Task(BigQueryInsertJobOperator): bq_create_member_Congress_partitioned_table_task> on 2024-03-15 00:00:00+00:00
[2024-03-26T03:47:36.327+0000] {standard_task_runner.py:60} INFO - Started process 73 to run task
[2024-03-26T03:47:36.329+0000] {standard_task_runner.py:87} INFO - Running: ['***', 'tasks', 'run', 'upload_historical_congress_data', 'bq_create_member_Congress_partitioned_table_task', 'scheduled__2024-03-15T00:00:00+00:00', '--job-id', '132', '--raw', '--subdir', 'DAGS_FOLDER/upload_historical_congress_data.py', '--cfg-path', '/tmp/tmpo5dsqm8d']
[2024-03-26T03:47:36.333+0000] {standard_task_runner.py:88} INFO - Job 132: Subtask bq_create_member_Congress_partitioned_table_task
[2024-03-26T03:47:36.374+0000] {task_command.py:423} INFO - Running <TaskInstance: upload_historical_congress_data.bq_create_member_Congress_partitioned_table_task scheduled__2024-03-15T00:00:00+00:00 [running]> on host 17495a5cc1fb
[2024-03-26T03:47:36.421+0000] {taskinstance.py:2513} INFO - Exporting env vars: AIRFLOW_CTX_DAG_EMAIL='***@***.com' AIRFLOW_CTX_DAG_OWNER='***' AIRFLOW_CTX_DAG_ID='upload_historical_congress_data' AIRFLOW_CTX_TASK_ID='bq_create_member_Congress_partitioned_table_task' AIRFLOW_CTX_EXECUTION_DATE='2024-03-15T00:00:00+00:00' AIRFLOW_CTX_TRY_NUMBER='1' AIRFLOW_CTX_DAG_RUN_ID='scheduled__2024-03-15T00:00:00+00:00'
[2024-03-26T03:47:36.424+0000] {crypto.py:82} WARNING - empty cryptography key - values will not be stored encrypted.
[2024-03-26T03:47:36.435+0000] {connection.py:269} WARNING - Connection schemes (type: google_cloud_platform) shall not contain '_' according to RFC3986.
[2024-03-26T03:47:36.438+0000] {base.py:83} INFO - Using connection ID 'google_cloud_default' for task execution.
[2024-03-26T03:47:36.488+0000] {bigquery.py:2811} INFO - Executing: {'query': {'query': 'CREATE OR REPLACE TABLE Congress.member         PARTITION BY DATE(updateDate)         AS         SELECT * FROM Congress.member_external_table;', 'useLegacySql': False}}'
[2024-03-26T03:47:36.492+0000] {bigquery.py:1613} INFO - Inserting job ***_upload_historical_congress_data_bq_create_member_Congress_partitioned_table_task_2024_03_15T00_00_00_00_00_d529d68598e2a2738844cadc4310ab89
[2024-03-26T03:47:38.123+0000] {taskinstance.py:2731} ERROR - Task failed with exception
Traceback (most recent call last):
  File "/home/airflow/.local/lib/python3.8/site-packages/airflow/models/taskinstance.py", line 444, in _execute_task
    result = _execute_callable(context=context, **execute_callable_kwargs)
  File "/home/airflow/.local/lib/python3.8/site-packages/airflow/models/taskinstance.py", line 414, in _execute_callable
    return execute_callable(context=context, **execute_callable_kwargs)
  File "/home/airflow/.local/lib/python3.8/site-packages/airflow/providers/google/cloud/operators/bigquery.py", line 2870, in execute
    job.result(timeout=self.result_timeout, retry=self.result_retry)
  File "/home/airflow/.local/lib/python3.8/site-packages/google/cloud/bigquery/job/query.py", line 1595, in result
    do_get_result()
  File "/home/airflow/.local/lib/python3.8/site-packages/google/cloud/bigquery/job/query.py", line 1584, in do_get_result
    super(QueryJob, self).result(retry=retry, timeout=timeout)
  File "/home/airflow/.local/lib/python3.8/site-packages/google/cloud/bigquery/job/base.py", line 971, in result
    return super(_AsyncJob, self).result(timeout=timeout, **kwargs)
  File "/home/airflow/.local/lib/python3.8/site-packages/google/api_core/future/polling.py", line 261, in result
    raise self._exception
google.api_core.exceptions.BadRequest: 400 PARTITION BY expression must be DATE(<timestamp_column>), DATE(<datetime_column>), DATETIME_TRUNC(<datetime_column>, DAY/HOUR/MONTH/YEAR), a DATE column, TIMESTAMP_TRUNC(<timestamp_column>, DAY/HOUR/MONTH/YEAR), DATE_TRUNC(<date_column>, MONTH/YEAR), or RANGE_BUCKET(<int64_column>, GENERATE_ARRAY(<int64_value>, <int64_value>[, <int64_value>])); reason: invalidQuery, location: query, message: PARTITION BY expression must be DATE(<timestamp_column>), DATE(<datetime_column>), DATETIME_TRUNC(<datetime_column>, DAY/HOUR/MONTH/YEAR), a DATE column, TIMESTAMP_TRUNC(<timestamp_column>, DAY/HOUR/MONTH/YEAR), DATE_TRUNC(<date_column>, MONTH/YEAR), or RANGE_BUCKET(<int64_column>, GENERATE_ARRAY(<int64_value>, <int64_value>[, <int64_value>]))

Location: US
Job ID: airflow_upload_historical_congress_data_bq_create_member_Congress_partitioned_table_task_2024_03_15T00_00_00_00_00_d529d68598e2a2738844cadc4310ab89

[2024-03-26T03:47:38.147+0000] {taskinstance.py:1149} INFO - Marking task as UP_FOR_RETRY. dag_id=upload_historical_congress_data, task_id=bq_create_member_Congress_partitioned_table_task, execution_date=20240315T000000, start_date=20240326T034736, end_date=20240326T034738
[2024-03-26T03:47:38.164+0000] {standard_task_runner.py:107} ERROR - Failed to execute job 132 for task bq_create_member_Congress_partitioned_table_task (400 PARTITION BY expression must be DATE(<timestamp_column>), DATE(<datetime_column>), DATETIME_TRUNC(<datetime_column>, DAY/HOUR/MONTH/YEAR), a DATE column, TIMESTAMP_TRUNC(<timestamp_column>, DAY/HOUR/MONTH/YEAR), DATE_TRUNC(<date_column>, MONTH/YEAR), or RANGE_BUCKET(<int64_column>, GENERATE_ARRAY(<int64_value>, <int64_value>[, <int64_value>])); reason: invalidQuery, location: query, message: PARTITION BY expression must be DATE(<timestamp_column>), DATE(<datetime_column>), DATETIME_TRUNC(<datetime_column>, DAY/HOUR/MONTH/YEAR), a DATE column, TIMESTAMP_TRUNC(<timestamp_column>, DAY/HOUR/MONTH/YEAR), DATE_TRUNC(<date_column>, MONTH/YEAR), or RANGE_BUCKET(<int64_column>, GENERATE_ARRAY(<int64_value>, <int64_value>[, <int64_value>]))

Location: US
Job ID: airflow_upload_historical_congress_data_bq_create_member_Congress_partitioned_table_task_2024_03_15T00_00_00_00_00_d529d68598e2a2738844cadc4310ab89
; 73)
[2024-03-26T03:47:38.177+0000] {local_task_job_runner.py:234} INFO - Task exited with return code 1
[2024-03-26T03:47:38.195+0000] {taskinstance.py:3312} INFO - 0 downstream tasks scheduled from follow-on schedule check
[2024-03-28T03:39:40.089+0000] {taskinstance.py:1979} INFO - Dependencies all met for dep_context=non-requeueable deps ti=<TaskInstance: upload_historical_congress_data.bq_create_member_Congress_partitioned_table_task scheduled__2024-03-15T00:00:00+00:00 [queued]>
[2024-03-28T03:39:40.097+0000] {taskinstance.py:1979} INFO - Dependencies all met for dep_context=requeueable deps ti=<TaskInstance: upload_historical_congress_data.bq_create_member_Congress_partitioned_table_task scheduled__2024-03-15T00:00:00+00:00 [queued]>
[2024-03-28T03:39:40.099+0000] {taskinstance.py:2193} INFO - Starting attempt 1 of 3
[2024-03-28T03:39:40.108+0000] {taskinstance.py:2217} INFO - Executing <Task(BigQueryInsertJobOperator): bq_create_member_Congress_partitioned_table_task> on 2024-03-15 00:00:00+00:00
[2024-03-28T03:39:40.114+0000] {standard_task_runner.py:60} INFO - Started process 72 to run task
[2024-03-28T03:39:40.117+0000] {standard_task_runner.py:87} INFO - Running: ['***', 'tasks', 'run', 'upload_historical_congress_data', 'bq_create_member_Congress_partitioned_table_task', 'scheduled__2024-03-15T00:00:00+00:00', '--job-id', '159', '--raw', '--subdir', 'DAGS_FOLDER/upload_historical_congress_data.py', '--cfg-path', '/tmp/tmpe4715kq3']
[2024-03-28T03:39:40.120+0000] {standard_task_runner.py:88} INFO - Job 159: Subtask bq_create_member_Congress_partitioned_table_task
[2024-03-28T03:39:40.164+0000] {task_command.py:423} INFO - Running <TaskInstance: upload_historical_congress_data.bq_create_member_Congress_partitioned_table_task scheduled__2024-03-15T00:00:00+00:00 [running]> on host be5d54f7fe24
[2024-03-28T03:39:40.211+0000] {taskinstance.py:2513} INFO - Exporting env vars: AIRFLOW_CTX_DAG_EMAIL='***@***.com' AIRFLOW_CTX_DAG_OWNER='***' AIRFLOW_CTX_DAG_ID='upload_historical_congress_data' AIRFLOW_CTX_TASK_ID='bq_create_member_Congress_partitioned_table_task' AIRFLOW_CTX_EXECUTION_DATE='2024-03-15T00:00:00+00:00' AIRFLOW_CTX_TRY_NUMBER='1' AIRFLOW_CTX_DAG_RUN_ID='scheduled__2024-03-15T00:00:00+00:00'
[2024-03-28T03:39:40.214+0000] {crypto.py:82} WARNING - empty cryptography key - values will not be stored encrypted.
[2024-03-28T03:39:40.215+0000] {connection.py:269} WARNING - Connection schemes (type: google_cloud_platform) shall not contain '_' according to RFC3986.
[2024-03-28T03:39:40.217+0000] {base.py:83} INFO - Using connection ID 'google_cloud_default' for task execution.
[2024-03-28T03:39:40.264+0000] {bigquery.py:2811} INFO - Executing: {'query': {'query': 'CREATE OR REPLACE TABLE Congress.member         PARTITION BY updateDate_formatted         AS         SELECT *, DATE(updateDate) updateDate_formatted         FROM Congress.member_external_table;', 'useLegacySql': False}}'
[2024-03-28T03:39:40.266+0000] {bigquery.py:1613} INFO - Inserting job ***_upload_historical_congress_data_bq_create_member_Congress_partitioned_table_task_2024_03_15T00_00_00_00_00_4f5584cdce9b3ce295692239b12e9512
[2024-03-28T03:39:42.134+0000] {taskinstance.py:2731} ERROR - Task failed with exception
Traceback (most recent call last):
  File "/home/airflow/.local/lib/python3.8/site-packages/airflow/models/taskinstance.py", line 444, in _execute_task
    result = _execute_callable(context=context, **execute_callable_kwargs)
  File "/home/airflow/.local/lib/python3.8/site-packages/airflow/models/taskinstance.py", line 414, in _execute_callable
    return execute_callable(context=context, **execute_callable_kwargs)
  File "/home/airflow/.local/lib/python3.8/site-packages/airflow/providers/google/cloud/operators/bigquery.py", line 2870, in execute
    job.result(timeout=self.result_timeout, retry=self.result_retry)
  File "/home/airflow/.local/lib/python3.8/site-packages/google/cloud/bigquery/job/query.py", line 1595, in result
    do_get_result()
  File "/home/airflow/.local/lib/python3.8/site-packages/google/cloud/bigquery/job/query.py", line 1584, in do_get_result
    super(QueryJob, self).result(retry=retry, timeout=timeout)
  File "/home/airflow/.local/lib/python3.8/site-packages/google/cloud/bigquery/job/base.py", line 971, in result
    return super(_AsyncJob, self).result(timeout=timeout, **kwargs)
  File "/home/airflow/.local/lib/python3.8/site-packages/google/api_core/future/polling.py", line 261, in result
    raise self._exception
google.api_core.exceptions.BadRequest: 400 Error while reading table: Congress.member_external_table, error message: Parquet column 'updateDate' has type BYTE_ARRAY which does not match the target cpp_type INT64. File: gs://congress_data/member/501_673_member.parquet; reason: invalid, location: gs://congress_data/member/501_673_member.parquet, message: Error while reading table: Congress.member_external_table, error message: Parquet column 'updateDate' has type BYTE_ARRAY which does not match the target cpp_type INT64. File: gs://congress_data/member/501_673_member.parquet

Location: US
Job ID: airflow_upload_historical_congress_data_bq_create_member_Congress_partitioned_table_task_2024_03_15T00_00_00_00_00_4f5584cdce9b3ce295692239b12e9512

[2024-03-28T03:39:42.163+0000] {taskinstance.py:1149} INFO - Marking task as UP_FOR_RETRY. dag_id=upload_historical_congress_data, task_id=bq_create_member_Congress_partitioned_table_task, execution_date=20240315T000000, start_date=20240328T033940, end_date=20240328T033942
[2024-03-28T03:39:42.178+0000] {standard_task_runner.py:107} ERROR - Failed to execute job 159 for task bq_create_member_Congress_partitioned_table_task (400 Error while reading table: Congress.member_external_table, error message: Parquet column 'updateDate' has type BYTE_ARRAY which does not match the target cpp_type INT64. File: gs://congress_data/member/501_673_member.parquet; reason: invalid, location: gs://congress_data/member/501_673_member.parquet, message: Error while reading table: Congress.member_external_table, error message: Parquet column 'updateDate' has type BYTE_ARRAY which does not match the target cpp_type INT64. File: gs://congress_data/member/501_673_member.parquet

Location: US
Job ID: airflow_upload_historical_congress_data_bq_create_member_Congress_partitioned_table_task_2024_03_15T00_00_00_00_00_4f5584cdce9b3ce295692239b12e9512
; 72)
[2024-03-28T03:39:42.205+0000] {local_task_job_runner.py:234} INFO - Task exited with return code 1
[2024-03-28T03:39:42.223+0000] {taskinstance.py:3312} INFO - 0 downstream tasks scheduled from follow-on schedule check
[2024-03-28T03:57:00.724+0000] {taskinstance.py:1979} INFO - Dependencies all met for dep_context=non-requeueable deps ti=<TaskInstance: upload_historical_congress_data.bq_create_member_Congress_partitioned_table_task scheduled__2024-03-15T00:00:00+00:00 [queued]>
[2024-03-28T03:57:00.732+0000] {taskinstance.py:1979} INFO - Dependencies all met for dep_context=requeueable deps ti=<TaskInstance: upload_historical_congress_data.bq_create_member_Congress_partitioned_table_task scheduled__2024-03-15T00:00:00+00:00 [queued]>
[2024-03-28T03:57:00.734+0000] {taskinstance.py:2193} INFO - Starting attempt 1 of 3
[2024-03-28T03:57:00.743+0000] {taskinstance.py:2217} INFO - Executing <Task(BigQueryInsertJobOperator): bq_create_member_Congress_partitioned_table_task> on 2024-03-15 00:00:00+00:00
[2024-03-28T03:57:00.749+0000] {standard_task_runner.py:60} INFO - Started process 72 to run task
[2024-03-28T03:57:00.752+0000] {standard_task_runner.py:87} INFO - Running: ['***', 'tasks', 'run', 'upload_historical_congress_data', 'bq_create_member_Congress_partitioned_table_task', 'scheduled__2024-03-15T00:00:00+00:00', '--job-id', '177', '--raw', '--subdir', 'DAGS_FOLDER/upload_historical_congress_data.py', '--cfg-path', '/tmp/tmpvotaygvx']
[2024-03-28T03:57:00.755+0000] {standard_task_runner.py:88} INFO - Job 177: Subtask bq_create_member_Congress_partitioned_table_task
[2024-03-28T03:57:00.796+0000] {task_command.py:423} INFO - Running <TaskInstance: upload_historical_congress_data.bq_create_member_Congress_partitioned_table_task scheduled__2024-03-15T00:00:00+00:00 [running]> on host be5d54f7fe24
[2024-03-28T03:57:00.848+0000] {taskinstance.py:2513} INFO - Exporting env vars: AIRFLOW_CTX_DAG_EMAIL='***@***.com' AIRFLOW_CTX_DAG_OWNER='***' AIRFLOW_CTX_DAG_ID='upload_historical_congress_data' AIRFLOW_CTX_TASK_ID='bq_create_member_Congress_partitioned_table_task' AIRFLOW_CTX_EXECUTION_DATE='2024-03-15T00:00:00+00:00' AIRFLOW_CTX_TRY_NUMBER='1' AIRFLOW_CTX_DAG_RUN_ID='scheduled__2024-03-15T00:00:00+00:00'
[2024-03-28T03:57:00.851+0000] {crypto.py:82} WARNING - empty cryptography key - values will not be stored encrypted.
[2024-03-28T03:57:00.852+0000] {connection.py:269} WARNING - Connection schemes (type: google_cloud_platform) shall not contain '_' according to RFC3986.
[2024-03-28T03:57:00.854+0000] {base.py:83} INFO - Using connection ID 'google_cloud_default' for task execution.
[2024-03-28T03:57:00.897+0000] {bigquery.py:2811} INFO - Executing: {'query': {'query': 'CREATE OR REPLACE TABLE Congress.member         PARTITION BY updateDate_formatted         AS         SELECT *, DATE(updateDate) updateDate_formatted         FROM Congress.member_external_table;', 'useLegacySql': False}}'
[2024-03-28T03:57:00.899+0000] {bigquery.py:1613} INFO - Inserting job ***_upload_historical_congress_data_bq_create_member_Congress_partitioned_table_task_2024_03_15T00_00_00_00_00_17f196d1da8ab764bd8af9a6d61936f4
[2024-03-28T03:57:05.592+0000] {taskinstance.py:1149} INFO - Marking task as SUCCESS. dag_id=upload_historical_congress_data, task_id=bq_create_member_Congress_partitioned_table_task, execution_date=20240315T000000, start_date=20240328T035700, end_date=20240328T035705
[2024-03-28T03:57:05.635+0000] {local_task_job_runner.py:234} INFO - Task exited with return code 0
[2024-03-28T03:57:05.652+0000] {taskinstance.py:3312} INFO - 0 downstream tasks scheduled from follow-on schedule check
[2024-03-28T04:06:59.943+0000] {taskinstance.py:1979} INFO - Dependencies all met for dep_context=non-requeueable deps ti=<TaskInstance: upload_historical_congress_data.bq_create_member_Congress_partitioned_table_task scheduled__2024-03-15T00:00:00+00:00 [queued]>
[2024-03-28T04:06:59.952+0000] {taskinstance.py:1979} INFO - Dependencies all met for dep_context=requeueable deps ti=<TaskInstance: upload_historical_congress_data.bq_create_member_Congress_partitioned_table_task scheduled__2024-03-15T00:00:00+00:00 [queued]>
[2024-03-28T04:06:59.954+0000] {taskinstance.py:2193} INFO - Starting attempt 1 of 3
[2024-03-28T04:06:59.964+0000] {taskinstance.py:2217} INFO - Executing <Task(BigQueryInsertJobOperator): bq_create_member_Congress_partitioned_table_task> on 2024-03-15 00:00:00+00:00
[2024-03-28T04:06:59.970+0000] {standard_task_runner.py:60} INFO - Started process 65 to run task
[2024-03-28T04:06:59.973+0000] {standard_task_runner.py:87} INFO - Running: ['***', 'tasks', 'run', 'upload_historical_congress_data', 'bq_create_member_Congress_partitioned_table_task', 'scheduled__2024-03-15T00:00:00+00:00', '--job-id', '197', '--raw', '--subdir', 'DAGS_FOLDER/upload_historical_congress_data.py', '--cfg-path', '/tmp/tmp6jeses8e']
[2024-03-28T04:06:59.976+0000] {standard_task_runner.py:88} INFO - Job 197: Subtask bq_create_member_Congress_partitioned_table_task
[2024-03-28T04:07:00.017+0000] {task_command.py:423} INFO - Running <TaskInstance: upload_historical_congress_data.bq_create_member_Congress_partitioned_table_task scheduled__2024-03-15T00:00:00+00:00 [running]> on host be5d54f7fe24
[2024-03-28T04:07:00.064+0000] {taskinstance.py:2513} INFO - Exporting env vars: AIRFLOW_CTX_DAG_EMAIL='***@***.com' AIRFLOW_CTX_DAG_OWNER='***' AIRFLOW_CTX_DAG_ID='upload_historical_congress_data' AIRFLOW_CTX_TASK_ID='bq_create_member_Congress_partitioned_table_task' AIRFLOW_CTX_EXECUTION_DATE='2024-03-15T00:00:00+00:00' AIRFLOW_CTX_TRY_NUMBER='1' AIRFLOW_CTX_DAG_RUN_ID='scheduled__2024-03-15T00:00:00+00:00'
[2024-03-28T04:07:00.067+0000] {crypto.py:82} WARNING - empty cryptography key - values will not be stored encrypted.
[2024-03-28T04:07:00.068+0000] {connection.py:269} WARNING - Connection schemes (type: google_cloud_platform) shall not contain '_' according to RFC3986.
[2024-03-28T04:07:00.071+0000] {base.py:83} INFO - Using connection ID 'google_cloud_default' for task execution.
[2024-03-28T04:07:00.116+0000] {bigquery.py:2811} INFO - Executing: {'query': {'query': 'CREATE OR REPLACE TABLE Congress.member         PARTITION BY updateDate_formatted         AS         SELECT *, DATE(updateDate) updateDate_formatted         FROM Congress.member_external_table;', 'useLegacySql': False}}'
[2024-03-28T04:07:00.118+0000] {bigquery.py:1613} INFO - Inserting job ***_upload_historical_congress_data_bq_create_member_Congress_partitioned_table_task_2024_03_15T00_00_00_00_00_afe9cf2ea745a762a3ccf00e4aff351d
[2024-03-28T04:07:04.595+0000] {taskinstance.py:1149} INFO - Marking task as SUCCESS. dag_id=upload_historical_congress_data, task_id=bq_create_member_Congress_partitioned_table_task, execution_date=20240315T000000, start_date=20240328T040659, end_date=20240328T040704
[2024-03-28T04:07:04.657+0000] {local_task_job_runner.py:234} INFO - Task exited with return code 0
[2024-03-28T04:07:04.691+0000] {taskinstance.py:3312} INFO - 0 downstream tasks scheduled from follow-on schedule check
[2024-04-01T01:55:43.471+0000] {taskinstance.py:1979} INFO - Dependencies all met for dep_context=non-requeueable deps ti=<TaskInstance: upload_historical_congress_data.bq_create_member_Congress_partitioned_table_task scheduled__2024-03-15T00:00:00+00:00 [queued]>
[2024-04-01T01:55:43.476+0000] {taskinstance.py:1979} INFO - Dependencies all met for dep_context=requeueable deps ti=<TaskInstance: upload_historical_congress_data.bq_create_member_Congress_partitioned_table_task scheduled__2024-03-15T00:00:00+00:00 [queued]>
[2024-04-01T01:55:43.476+0000] {taskinstance.py:2193} INFO - Starting attempt 1 of 3
[2024-04-01T01:55:43.481+0000] {taskinstance.py:2217} INFO - Executing <Task(BigQueryInsertJobOperator): bq_create_member_Congress_partitioned_table_task> on 2024-03-15 00:00:00+00:00
[2024-04-01T01:55:43.488+0000] {standard_task_runner.py:60} INFO - Started process 2877 to run task
[2024-04-01T01:55:43.490+0000] {standard_task_runner.py:87} INFO - Running: ['***', 'tasks', 'run', 'upload_historical_congress_data', 'bq_create_member_Congress_partitioned_table_task', 'scheduled__2024-03-15T00:00:00+00:00', '--job-id', '13', '--raw', '--subdir', 'DAGS_FOLDER/upload_historical_congress_data.py', '--cfg-path', '/tmp/tmp5h8n14ti']
[2024-04-01T01:55:43.492+0000] {standard_task_runner.py:88} INFO - Job 13: Subtask bq_create_member_Congress_partitioned_table_task
[2024-04-01T01:55:43.521+0000] {task_command.py:423} INFO - Running <TaskInstance: upload_historical_congress_data.bq_create_member_Congress_partitioned_table_task scheduled__2024-03-15T00:00:00+00:00 [running]> on host 1875c90dde2f
[2024-04-01T01:55:43.559+0000] {taskinstance.py:2513} INFO - Exporting env vars: AIRFLOW_CTX_DAG_EMAIL='***@***.com' AIRFLOW_CTX_DAG_OWNER='***' AIRFLOW_CTX_DAG_ID='upload_historical_congress_data' AIRFLOW_CTX_TASK_ID='bq_create_member_Congress_partitioned_table_task' AIRFLOW_CTX_EXECUTION_DATE='2024-03-15T00:00:00+00:00' AIRFLOW_CTX_TRY_NUMBER='1' AIRFLOW_CTX_DAG_RUN_ID='scheduled__2024-03-15T00:00:00+00:00'
[2024-04-01T01:55:43.561+0000] {crypto.py:82} WARNING - empty cryptography key - values will not be stored encrypted.
[2024-04-01T01:55:43.561+0000] {connection.py:269} WARNING - Connection schemes (type: google_cloud_platform) shall not contain '_' according to RFC3986.
[2024-04-01T01:55:43.561+0000] {base.py:83} INFO - Using connection ID 'google_cloud_default' for task execution.
[2024-04-01T01:55:43.603+0000] {bigquery.py:2811} INFO - Executing: {'query': {'query': 'CREATE OR REPLACE TABLE Congress.member         PARTITION BY updateDate_formatted         AS         SELECT *, DATE(updateDate) updateDate_formatted         FROM Congress.member_external_table;', 'useLegacySql': False}}'
[2024-04-01T01:55:43.604+0000] {bigquery.py:1613} INFO - Inserting job ***_upload_historical_congress_data_bq_create_member_Congress_partitioned_table_task_2024_03_15T00_00_00_00_00_00ae7ec0f46548385e4f5906297c1d02
[2024-04-01T01:55:48.530+0000] {taskinstance.py:1149} INFO - Marking task as SUCCESS. dag_id=upload_historical_congress_data, task_id=bq_create_member_Congress_partitioned_table_task, execution_date=20240315T000000, start_date=20240401T015543, end_date=20240401T015548
[2024-04-01T01:55:48.553+0000] {local_task_job_runner.py:234} INFO - Task exited with return code 0
[2024-04-01T01:55:48.571+0000] {taskinstance.py:3312} INFO - 0 downstream tasks scheduled from follow-on schedule check
[2024-04-01T02:32:36.417+0000] {taskinstance.py:1979} INFO - Dependencies all met for dep_context=non-requeueable deps ti=<TaskInstance: upload_historical_congress_data.bq_create_member_Congress_partitioned_table_task scheduled__2024-03-15T00:00:00+00:00 [queued]>
[2024-04-01T02:32:36.421+0000] {taskinstance.py:1979} INFO - Dependencies all met for dep_context=requeueable deps ti=<TaskInstance: upload_historical_congress_data.bq_create_member_Congress_partitioned_table_task scheduled__2024-03-15T00:00:00+00:00 [queued]>
[2024-04-01T02:32:36.421+0000] {taskinstance.py:2193} INFO - Starting attempt 1 of 3
[2024-04-01T02:32:36.427+0000] {taskinstance.py:2217} INFO - Executing <Task(BigQueryInsertJobOperator): bq_create_member_Congress_partitioned_table_task> on 2024-03-15 00:00:00+00:00
[2024-04-01T02:32:36.432+0000] {standard_task_runner.py:60} INFO - Started process 69 to run task
[2024-04-01T02:32:36.434+0000] {standard_task_runner.py:87} INFO - Running: ['***', 'tasks', 'run', 'upload_historical_congress_data', 'bq_create_member_Congress_partitioned_table_task', 'scheduled__2024-03-15T00:00:00+00:00', '--job-id', '36', '--raw', '--subdir', 'DAGS_FOLDER/upload_historical_congress_data.py', '--cfg-path', '/tmp/tmppvkirf_6']
[2024-04-01T02:32:36.436+0000] {standard_task_runner.py:88} INFO - Job 36: Subtask bq_create_member_Congress_partitioned_table_task
[2024-04-01T02:32:36.465+0000] {task_command.py:423} INFO - Running <TaskInstance: upload_historical_congress_data.bq_create_member_Congress_partitioned_table_task scheduled__2024-03-15T00:00:00+00:00 [running]> on host 23f1e0ea4752
[2024-04-01T02:32:36.503+0000] {taskinstance.py:2513} INFO - Exporting env vars: AIRFLOW_CTX_DAG_EMAIL='***@***.com' AIRFLOW_CTX_DAG_OWNER='***' AIRFLOW_CTX_DAG_ID='upload_historical_congress_data' AIRFLOW_CTX_TASK_ID='bq_create_member_Congress_partitioned_table_task' AIRFLOW_CTX_EXECUTION_DATE='2024-03-15T00:00:00+00:00' AIRFLOW_CTX_TRY_NUMBER='1' AIRFLOW_CTX_DAG_RUN_ID='scheduled__2024-03-15T00:00:00+00:00'
[2024-04-01T02:32:36.505+0000] {crypto.py:82} WARNING - empty cryptography key - values will not be stored encrypted.
[2024-04-01T02:32:36.505+0000] {connection.py:269} WARNING - Connection schemes (type: google_cloud_platform) shall not contain '_' according to RFC3986.
[2024-04-01T02:32:36.506+0000] {base.py:83} INFO - Using connection ID 'google_cloud_default' for task execution.
[2024-04-01T02:32:36.548+0000] {bigquery.py:2811} INFO - Executing: {'query': {'query': 'CREATE OR REPLACE TABLE Congress.member         PARTITION BY updateDate_formatted         AS         SELECT *, DATE(updateDate) updateDate_formatted         FROM Congress.member_external_table;', 'useLegacySql': False}}'
[2024-04-01T02:32:36.548+0000] {bigquery.py:1613} INFO - Inserting job ***_upload_historical_congress_data_bq_create_member_Congress_partitioned_table_task_2024_03_15T00_00_00_00_00_a7ef2bb0485175dbd1b2d9f653367dbd
[2024-04-01T02:32:40.628+0000] {taskinstance.py:1149} INFO - Marking task as SUCCESS. dag_id=upload_historical_congress_data, task_id=bq_create_member_Congress_partitioned_table_task, execution_date=20240315T000000, start_date=20240401T023236, end_date=20240401T023240
[2024-04-01T02:32:40.690+0000] {local_task_job_runner.py:234} INFO - Task exited with return code 0
[2024-04-01T02:32:40.706+0000] {taskinstance.py:3312} INFO - 0 downstream tasks scheduled from follow-on schedule check
[2024-04-01T02:35:29.862+0000] {taskinstance.py:1979} INFO - Dependencies all met for dep_context=non-requeueable deps ti=<TaskInstance: upload_historical_congress_data.bq_create_member_Congress_partitioned_table_task scheduled__2024-03-15T00:00:00+00:00 [queued]>
[2024-04-01T02:35:29.866+0000] {taskinstance.py:1979} INFO - Dependencies all met for dep_context=requeueable deps ti=<TaskInstance: upload_historical_congress_data.bq_create_member_Congress_partitioned_table_task scheduled__2024-03-15T00:00:00+00:00 [queued]>
[2024-04-01T02:35:29.866+0000] {taskinstance.py:2193} INFO - Starting attempt 1 of 3
[2024-04-01T02:35:29.872+0000] {taskinstance.py:2217} INFO - Executing <Task(BigQueryInsertJobOperator): bq_create_member_Congress_partitioned_table_task> on 2024-03-15 00:00:00+00:00
[2024-04-01T02:35:29.875+0000] {standard_task_runner.py:60} INFO - Started process 69 to run task
[2024-04-01T02:35:29.877+0000] {standard_task_runner.py:87} INFO - Running: ['***', 'tasks', 'run', 'upload_historical_congress_data', 'bq_create_member_Congress_partitioned_table_task', 'scheduled__2024-03-15T00:00:00+00:00', '--job-id', '43', '--raw', '--subdir', 'DAGS_FOLDER/upload_historical_congress_data.py', '--cfg-path', '/tmp/tmptqapvfro']
[2024-04-01T02:35:29.879+0000] {standard_task_runner.py:88} INFO - Job 43: Subtask bq_create_member_Congress_partitioned_table_task
[2024-04-01T02:35:29.906+0000] {task_command.py:423} INFO - Running <TaskInstance: upload_historical_congress_data.bq_create_member_Congress_partitioned_table_task scheduled__2024-03-15T00:00:00+00:00 [running]> on host ac7e4cd2a684
[2024-04-01T02:35:29.942+0000] {taskinstance.py:2513} INFO - Exporting env vars: AIRFLOW_CTX_DAG_EMAIL='***@***.com' AIRFLOW_CTX_DAG_OWNER='***' AIRFLOW_CTX_DAG_ID='upload_historical_congress_data' AIRFLOW_CTX_TASK_ID='bq_create_member_Congress_partitioned_table_task' AIRFLOW_CTX_EXECUTION_DATE='2024-03-15T00:00:00+00:00' AIRFLOW_CTX_TRY_NUMBER='1' AIRFLOW_CTX_DAG_RUN_ID='scheduled__2024-03-15T00:00:00+00:00'
[2024-04-01T02:35:29.943+0000] {crypto.py:82} WARNING - empty cryptography key - values will not be stored encrypted.
[2024-04-01T02:35:29.943+0000] {connection.py:269} WARNING - Connection schemes (type: google_cloud_platform) shall not contain '_' according to RFC3986.
[2024-04-01T02:35:29.944+0000] {base.py:83} INFO - Using connection ID 'google_cloud_default' for task execution.
[2024-04-01T02:35:29.984+0000] {bigquery.py:2811} INFO - Executing: {'query': {'query': 'CREATE OR REPLACE TABLE Congress.member         PARTITION BY updateDate_formatted         AS         SELECT *, DATE(updateDate) updateDate_formatted         FROM Congress.member_external_table;', 'useLegacySql': False}}'
[2024-04-01T02:35:29.984+0000] {bigquery.py:1613} INFO - Inserting job ***_upload_historical_congress_data_bq_create_member_Congress_partitioned_table_task_2024_03_15T00_00_00_00_00_fe88372202a95157e6160664401af1c2
[2024-04-01T02:35:33.790+0000] {taskinstance.py:1149} INFO - Marking task as SUCCESS. dag_id=upload_historical_congress_data, task_id=bq_create_member_Congress_partitioned_table_task, execution_date=20240315T000000, start_date=20240401T023529, end_date=20240401T023533
[2024-04-01T02:35:33.820+0000] {local_task_job_runner.py:234} INFO - Task exited with return code 0
[2024-04-01T02:35:33.834+0000] {taskinstance.py:3312} INFO - 0 downstream tasks scheduled from follow-on schedule check
[2024-04-01T02:49:27.134+0000] {taskinstance.py:1979} INFO - Dependencies all met for dep_context=non-requeueable deps ti=<TaskInstance: upload_historical_congress_data.bq_create_member_Congress_partitioned_table_task scheduled__2024-03-15T00:00:00+00:00 [queued]>
[2024-04-01T02:49:27.138+0000] {taskinstance.py:1979} INFO - Dependencies all met for dep_context=requeueable deps ti=<TaskInstance: upload_historical_congress_data.bq_create_member_Congress_partitioned_table_task scheduled__2024-03-15T00:00:00+00:00 [queued]>
[2024-04-01T02:49:27.138+0000] {taskinstance.py:2193} INFO - Starting attempt 1 of 3
[2024-04-01T02:49:27.143+0000] {taskinstance.py:2217} INFO - Executing <Task(BigQueryInsertJobOperator): bq_create_member_Congress_partitioned_table_task> on 2024-03-15 00:00:00+00:00
[2024-04-01T02:49:27.148+0000] {standard_task_runner.py:60} INFO - Started process 76 to run task
[2024-04-01T02:49:27.150+0000] {standard_task_runner.py:87} INFO - Running: ['***', 'tasks', 'run', 'upload_historical_congress_data', 'bq_create_member_Congress_partitioned_table_task', 'scheduled__2024-03-15T00:00:00+00:00', '--job-id', '50', '--raw', '--subdir', 'DAGS_FOLDER/upload_historical_congress_data.py', '--cfg-path', '/tmp/tmpos4bpgg5']
[2024-04-01T02:49:27.152+0000] {standard_task_runner.py:88} INFO - Job 50: Subtask bq_create_member_Congress_partitioned_table_task
[2024-04-01T02:49:27.178+0000] {task_command.py:423} INFO - Running <TaskInstance: upload_historical_congress_data.bq_create_member_Congress_partitioned_table_task scheduled__2024-03-15T00:00:00+00:00 [running]> on host 5154ffbd443f
[2024-04-01T02:49:27.214+0000] {taskinstance.py:2513} INFO - Exporting env vars: AIRFLOW_CTX_DAG_EMAIL='***@***.com' AIRFLOW_CTX_DAG_OWNER='***' AIRFLOW_CTX_DAG_ID='upload_historical_congress_data' AIRFLOW_CTX_TASK_ID='bq_create_member_Congress_partitioned_table_task' AIRFLOW_CTX_EXECUTION_DATE='2024-03-15T00:00:00+00:00' AIRFLOW_CTX_TRY_NUMBER='1' AIRFLOW_CTX_DAG_RUN_ID='scheduled__2024-03-15T00:00:00+00:00'
[2024-04-01T02:49:27.215+0000] {crypto.py:82} WARNING - empty cryptography key - values will not be stored encrypted.
[2024-04-01T02:49:27.216+0000] {connection.py:269} WARNING - Connection schemes (type: google_cloud_platform) shall not contain '_' according to RFC3986.
[2024-04-01T02:49:27.216+0000] {base.py:83} INFO - Using connection ID 'google_cloud_default' for task execution.
[2024-04-01T02:49:27.256+0000] {bigquery.py:2811} INFO - Executing: {'query': {'query': 'CREATE OR REPLACE TABLE Congress.member         PARTITION BY updateDate_formatted         AS         SELECT *, DATE(updateDate) updateDate_formatted         FROM Congress.member_external_table;', 'useLegacySql': False}}'
[2024-04-01T02:49:27.256+0000] {bigquery.py:1613} INFO - Inserting job ***_upload_historical_congress_data_bq_create_member_Congress_partitioned_table_task_2024_03_15T00_00_00_00_00_5231eb051be442210ad551dcfa9410e9
[2024-04-01T02:49:32.229+0000] {taskinstance.py:1149} INFO - Marking task as SUCCESS. dag_id=upload_historical_congress_data, task_id=bq_create_member_Congress_partitioned_table_task, execution_date=20240315T000000, start_date=20240401T024927, end_date=20240401T024932
[2024-04-01T02:49:32.267+0000] {local_task_job_runner.py:234} INFO - Task exited with return code 0
[2024-04-01T02:49:32.278+0000] {taskinstance.py:3312} INFO - 0 downstream tasks scheduled from follow-on schedule check
[2024-04-01T02:54:16.456+0000] {taskinstance.py:1979} INFO - Dependencies all met for dep_context=non-requeueable deps ti=<TaskInstance: upload_historical_congress_data.bq_create_member_Congress_partitioned_table_task scheduled__2024-03-15T00:00:00+00:00 [queued]>
[2024-04-01T02:54:16.461+0000] {taskinstance.py:1979} INFO - Dependencies all met for dep_context=requeueable deps ti=<TaskInstance: upload_historical_congress_data.bq_create_member_Congress_partitioned_table_task scheduled__2024-03-15T00:00:00+00:00 [queued]>
[2024-04-01T02:54:16.461+0000] {taskinstance.py:2193} INFO - Starting attempt 1 of 3
[2024-04-01T02:54:16.467+0000] {taskinstance.py:2217} INFO - Executing <Task(BigQueryInsertJobOperator): bq_create_member_Congress_partitioned_table_task> on 2024-03-15 00:00:00+00:00
[2024-04-01T02:54:16.471+0000] {standard_task_runner.py:60} INFO - Started process 67 to run task
[2024-04-01T02:54:16.473+0000] {standard_task_runner.py:87} INFO - Running: ['***', 'tasks', 'run', 'upload_historical_congress_data', 'bq_create_member_Congress_partitioned_table_task', 'scheduled__2024-03-15T00:00:00+00:00', '--job-id', '57', '--raw', '--subdir', 'DAGS_FOLDER/upload_historical_congress_data.py', '--cfg-path', '/tmp/tmp4izmywgv']
[2024-04-01T02:54:16.475+0000] {standard_task_runner.py:88} INFO - Job 57: Subtask bq_create_member_Congress_partitioned_table_task
[2024-04-01T02:54:16.500+0000] {task_command.py:423} INFO - Running <TaskInstance: upload_historical_congress_data.bq_create_member_Congress_partitioned_table_task scheduled__2024-03-15T00:00:00+00:00 [running]> on host 506660a4b8e3
[2024-04-01T02:54:16.536+0000] {taskinstance.py:2513} INFO - Exporting env vars: AIRFLOW_CTX_DAG_EMAIL='***@***.com' AIRFLOW_CTX_DAG_OWNER='***' AIRFLOW_CTX_DAG_ID='upload_historical_congress_data' AIRFLOW_CTX_TASK_ID='bq_create_member_Congress_partitioned_table_task' AIRFLOW_CTX_EXECUTION_DATE='2024-03-15T00:00:00+00:00' AIRFLOW_CTX_TRY_NUMBER='1' AIRFLOW_CTX_DAG_RUN_ID='scheduled__2024-03-15T00:00:00+00:00'
[2024-04-01T02:54:16.537+0000] {crypto.py:82} WARNING - empty cryptography key - values will not be stored encrypted.
[2024-04-01T02:54:16.538+0000] {connection.py:269} WARNING - Connection schemes (type: google_cloud_platform) shall not contain '_' according to RFC3986.
[2024-04-01T02:54:16.538+0000] {base.py:83} INFO - Using connection ID 'google_cloud_default' for task execution.
[2024-04-01T02:54:16.578+0000] {bigquery.py:2811} INFO - Executing: {'query': {'query': 'CREATE OR REPLACE TABLE Congress.member         PARTITION BY updateDate_formatted         AS         SELECT *, DATE(updateDate) updateDate_formatted         FROM Congress.member_external_table;', 'useLegacySql': False}}'
[2024-04-01T02:54:16.579+0000] {bigquery.py:1613} INFO - Inserting job ***_upload_historical_congress_data_bq_create_member_Congress_partitioned_table_task_2024_03_15T00_00_00_00_00_921bad758e33d96cc8c38c5615146b83
[2024-04-01T02:54:20.957+0000] {taskinstance.py:1149} INFO - Marking task as SUCCESS. dag_id=upload_historical_congress_data, task_id=bq_create_member_Congress_partitioned_table_task, execution_date=20240315T000000, start_date=20240401T025416, end_date=20240401T025420
[2024-04-01T02:54:21.012+0000] {local_task_job_runner.py:234} INFO - Task exited with return code 0
[2024-04-01T02:54:21.025+0000] {taskinstance.py:3312} INFO - 0 downstream tasks scheduled from follow-on schedule check
[2024-04-02T03:03:40.020+0000] {taskinstance.py:1979} INFO - Dependencies all met for dep_context=non-requeueable deps ti=<TaskInstance: upload_historical_congress_data.bq_create_member_Congress_partitioned_table_task scheduled__2024-03-15T00:00:00+00:00 [queued]>
[2024-04-02T03:03:40.024+0000] {taskinstance.py:1979} INFO - Dependencies all met for dep_context=requeueable deps ti=<TaskInstance: upload_historical_congress_data.bq_create_member_Congress_partitioned_table_task scheduled__2024-03-15T00:00:00+00:00 [queued]>
[2024-04-02T03:03:40.025+0000] {taskinstance.py:2193} INFO - Starting attempt 1 of 3
[2024-04-02T03:03:40.030+0000] {taskinstance.py:2217} INFO - Executing <Task(BigQueryInsertJobOperator): bq_create_member_Congress_partitioned_table_task> on 2024-03-15 00:00:00+00:00
[2024-04-02T03:03:40.035+0000] {standard_task_runner.py:60} INFO - Started process 70 to run task
[2024-04-02T03:03:40.037+0000] {standard_task_runner.py:87} INFO - Running: ['***', 'tasks', 'run', 'upload_historical_congress_data', 'bq_create_member_Congress_partitioned_table_task', 'scheduled__2024-03-15T00:00:00+00:00', '--job-id', '93', '--raw', '--subdir', 'DAGS_FOLDER/upload_historical_congress_data.py', '--cfg-path', '/tmp/tmpyyni6m12']
[2024-04-02T03:03:40.039+0000] {standard_task_runner.py:88} INFO - Job 93: Subtask bq_create_member_Congress_partitioned_table_task
[2024-04-02T03:03:40.066+0000] {task_command.py:423} INFO - Running <TaskInstance: upload_historical_congress_data.bq_create_member_Congress_partitioned_table_task scheduled__2024-03-15T00:00:00+00:00 [running]> on host 308c9d5b795d
[2024-04-02T03:03:40.102+0000] {taskinstance.py:2513} INFO - Exporting env vars: AIRFLOW_CTX_DAG_EMAIL='***@***.com' AIRFLOW_CTX_DAG_OWNER='***' AIRFLOW_CTX_DAG_ID='upload_historical_congress_data' AIRFLOW_CTX_TASK_ID='bq_create_member_Congress_partitioned_table_task' AIRFLOW_CTX_EXECUTION_DATE='2024-03-15T00:00:00+00:00' AIRFLOW_CTX_TRY_NUMBER='1' AIRFLOW_CTX_DAG_RUN_ID='scheduled__2024-03-15T00:00:00+00:00'
[2024-04-02T03:03:40.103+0000] {crypto.py:82} WARNING - empty cryptography key - values will not be stored encrypted.
[2024-04-02T03:03:40.103+0000] {connection.py:269} WARNING - Connection schemes (type: google_cloud_platform) shall not contain '_' according to RFC3986.
[2024-04-02T03:03:40.104+0000] {base.py:83} INFO - Using connection ID 'google_cloud_default' for task execution.
[2024-04-02T03:03:40.144+0000] {bigquery.py:2811} INFO - Executing: {'query': {'query': 'CREATE OR REPLACE TABLE Congress.member         PARTITION BY updateDate_formatted         AS         SELECT *, DATE(updateDate) updateDate_formatted         FROM Congress.member_external_table;', 'useLegacySql': False}}'
[2024-04-02T03:03:40.145+0000] {bigquery.py:1613} INFO - Inserting job ***_upload_historical_congress_data_bq_create_member_Congress_partitioned_table_task_2024_03_15T00_00_00_00_00_cc347c475c8d6fe95b246d37ce51e4b7
[2024-04-02T03:03:45.301+0000] {taskinstance.py:1149} INFO - Marking task as SUCCESS. dag_id=upload_historical_congress_data, task_id=bq_create_member_Congress_partitioned_table_task, execution_date=20240315T000000, start_date=20240402T030340, end_date=20240402T030345
[2024-04-02T03:03:45.336+0000] {local_task_job_runner.py:234} INFO - Task exited with return code 0
[2024-04-02T03:03:45.349+0000] {taskinstance.py:3312} INFO - 0 downstream tasks scheduled from follow-on schedule check
[2024-04-02T03:12:53.076+0000] {taskinstance.py:1979} INFO - Dependencies all met for dep_context=non-requeueable deps ti=<TaskInstance: upload_historical_congress_data.bq_create_member_Congress_partitioned_table_task scheduled__2024-03-15T00:00:00+00:00 [queued]>
[2024-04-02T03:12:53.083+0000] {taskinstance.py:1979} INFO - Dependencies all met for dep_context=requeueable deps ti=<TaskInstance: upload_historical_congress_data.bq_create_member_Congress_partitioned_table_task scheduled__2024-03-15T00:00:00+00:00 [queued]>
[2024-04-02T03:12:53.084+0000] {taskinstance.py:2193} INFO - Starting attempt 1 of 3
[2024-04-02T03:12:53.092+0000] {taskinstance.py:2217} INFO - Executing <Task(BigQueryInsertJobOperator): bq_create_member_Congress_partitioned_table_task> on 2024-03-15 00:00:00+00:00
[2024-04-02T03:12:53.101+0000] {standard_task_runner.py:60} INFO - Started process 244 to run task
[2024-04-02T03:12:53.104+0000] {standard_task_runner.py:87} INFO - Running: ['***', 'tasks', 'run', 'upload_historical_congress_data', 'bq_create_member_Congress_partitioned_table_task', 'scheduled__2024-03-15T00:00:00+00:00', '--job-id', '111', '--raw', '--subdir', 'DAGS_FOLDER/upload_historical_congress_data.py', '--cfg-path', '/tmp/tmpu2pqy0uj']
[2024-04-02T03:12:53.108+0000] {standard_task_runner.py:88} INFO - Job 111: Subtask bq_create_member_Congress_partitioned_table_task
[2024-04-02T03:12:53.154+0000] {task_command.py:423} INFO - Running <TaskInstance: upload_historical_congress_data.bq_create_member_Congress_partitioned_table_task scheduled__2024-03-15T00:00:00+00:00 [running]> on host 308c9d5b795d
[2024-04-02T03:12:53.205+0000] {taskinstance.py:2513} INFO - Exporting env vars: AIRFLOW_CTX_DAG_EMAIL='***@***.com' AIRFLOW_CTX_DAG_OWNER='***' AIRFLOW_CTX_DAG_ID='upload_historical_congress_data' AIRFLOW_CTX_TASK_ID='bq_create_member_Congress_partitioned_table_task' AIRFLOW_CTX_EXECUTION_DATE='2024-03-15T00:00:00+00:00' AIRFLOW_CTX_TRY_NUMBER='1' AIRFLOW_CTX_DAG_RUN_ID='scheduled__2024-03-15T00:00:00+00:00'
[2024-04-02T03:12:53.208+0000] {crypto.py:82} WARNING - empty cryptography key - values will not be stored encrypted.
[2024-04-02T03:12:53.208+0000] {connection.py:269} WARNING - Connection schemes (type: google_cloud_platform) shall not contain '_' according to RFC3986.
[2024-04-02T03:12:53.209+0000] {base.py:83} INFO - Using connection ID 'google_cloud_default' for task execution.
[2024-04-02T03:12:53.252+0000] {bigquery.py:2811} INFO - Executing: {'query': {'query': 'CREATE OR REPLACE TABLE Congress.member         PARTITION BY updateDate_formatted         AS         SELECT *, DATE(updateDate) updateDate_formatted         FROM Congress.member_external_table;', 'useLegacySql': False}}'
[2024-04-02T03:12:53.253+0000] {bigquery.py:1613} INFO - Inserting job ***_upload_historical_congress_data_bq_create_member_Congress_partitioned_table_task_2024_03_15T00_00_00_00_00_07bb61d30a381bfd1c1662c95a1dfde7
[2024-04-02T03:12:57.414+0000] {taskinstance.py:1149} INFO - Marking task as SUCCESS. dag_id=upload_historical_congress_data, task_id=bq_create_member_Congress_partitioned_table_task, execution_date=20240315T000000, start_date=20240402T031253, end_date=20240402T031257
[2024-04-02T03:12:57.470+0000] {local_task_job_runner.py:234} INFO - Task exited with return code 0
[2024-04-02T03:12:57.486+0000] {taskinstance.py:3312} INFO - 0 downstream tasks scheduled from follow-on schedule check
[2024-04-02T03:40:31.304+0000] {taskinstance.py:1979} INFO - Dependencies all met for dep_context=non-requeueable deps ti=<TaskInstance: upload_historical_congress_data.bq_create_member_Congress_partitioned_table_task scheduled__2024-03-15T00:00:00+00:00 [queued]>
[2024-04-02T03:40:31.311+0000] {taskinstance.py:1979} INFO - Dependencies all met for dep_context=requeueable deps ti=<TaskInstance: upload_historical_congress_data.bq_create_member_Congress_partitioned_table_task scheduled__2024-03-15T00:00:00+00:00 [queued]>
[2024-04-02T03:40:31.312+0000] {taskinstance.py:2193} INFO - Starting attempt 1 of 3
[2024-04-02T03:40:31.322+0000] {taskinstance.py:2217} INFO - Executing <Task(BigQueryInsertJobOperator): bq_create_member_Congress_partitioned_table_task> on 2024-03-15 00:00:00+00:00
[2024-04-02T03:40:31.334+0000] {standard_task_runner.py:60} INFO - Started process 69 to run task
[2024-04-02T03:40:31.341+0000] {standard_task_runner.py:87} INFO - Running: ['***', 'tasks', 'run', 'upload_historical_congress_data', 'bq_create_member_Congress_partitioned_table_task', 'scheduled__2024-03-15T00:00:00+00:00', '--job-id', '124', '--raw', '--subdir', 'DAGS_FOLDER/upload_historical_congress_data.py', '--cfg-path', '/tmp/tmp9ccomp2m']
[2024-04-02T03:40:31.344+0000] {standard_task_runner.py:88} INFO - Job 124: Subtask bq_create_member_Congress_partitioned_table_task
[2024-04-02T03:40:31.398+0000] {task_command.py:423} INFO - Running <TaskInstance: upload_historical_congress_data.bq_create_member_Congress_partitioned_table_task scheduled__2024-03-15T00:00:00+00:00 [running]> on host 308c9d5b795d
[2024-04-02T03:40:31.459+0000] {taskinstance.py:2513} INFO - Exporting env vars: AIRFLOW_CTX_DAG_EMAIL='***@***.com' AIRFLOW_CTX_DAG_OWNER='***' AIRFLOW_CTX_DAG_ID='upload_historical_congress_data' AIRFLOW_CTX_TASK_ID='bq_create_member_Congress_partitioned_table_task' AIRFLOW_CTX_EXECUTION_DATE='2024-03-15T00:00:00+00:00' AIRFLOW_CTX_TRY_NUMBER='1' AIRFLOW_CTX_DAG_RUN_ID='scheduled__2024-03-15T00:00:00+00:00'
[2024-04-02T03:40:31.461+0000] {crypto.py:82} WARNING - empty cryptography key - values will not be stored encrypted.
[2024-04-02T03:40:31.461+0000] {connection.py:269} WARNING - Connection schemes (type: google_cloud_platform) shall not contain '_' according to RFC3986.
[2024-04-02T03:40:31.462+0000] {base.py:83} INFO - Using connection ID 'google_cloud_default' for task execution.
[2024-04-02T03:40:31.505+0000] {bigquery.py:2811} INFO - Executing: {'query': {'query': 'CREATE OR REPLACE TABLE Congress.member         PARTITION BY updateDate_formatted         AS         SELECT *, DATE(updateDate) updateDate_formatted         FROM Congress.member_external_table;', 'useLegacySql': False}}'
[2024-04-02T03:40:31.506+0000] {bigquery.py:1613} INFO - Inserting job ***_upload_historical_congress_data_bq_create_member_Congress_partitioned_table_task_2024_03_15T00_00_00_00_00_4e20d3f5aa9fb3c60f76d243da7e3be0
[2024-04-02T03:40:36.078+0000] {taskinstance.py:1149} INFO - Marking task as SUCCESS. dag_id=upload_historical_congress_data, task_id=bq_create_member_Congress_partitioned_table_task, execution_date=20240315T000000, start_date=20240402T034031, end_date=20240402T034036
[2024-04-02T03:40:36.160+0000] {local_task_job_runner.py:234} INFO - Task exited with return code 0
[2024-04-02T03:40:36.182+0000] {taskinstance.py:3312} INFO - 0 downstream tasks scheduled from follow-on schedule check
[2024-04-02T03:58:48.652+0000] {taskinstance.py:1979} INFO - Dependencies all met for dep_context=non-requeueable deps ti=<TaskInstance: upload_historical_congress_data.bq_create_member_Congress_partitioned_table_task scheduled__2024-03-15T00:00:00+00:00 [queued]>
[2024-04-02T03:58:48.656+0000] {taskinstance.py:1979} INFO - Dependencies all met for dep_context=requeueable deps ti=<TaskInstance: upload_historical_congress_data.bq_create_member_Congress_partitioned_table_task scheduled__2024-03-15T00:00:00+00:00 [queued]>
[2024-04-02T03:58:48.656+0000] {taskinstance.py:2193} INFO - Starting attempt 1 of 3
[2024-04-02T03:58:48.661+0000] {taskinstance.py:2217} INFO - Executing <Task(BigQueryInsertJobOperator): bq_create_member_Congress_partitioned_table_task> on 2024-03-15 00:00:00+00:00
[2024-04-02T03:58:48.666+0000] {standard_task_runner.py:60} INFO - Started process 69 to run task
[2024-04-02T03:58:48.669+0000] {standard_task_runner.py:87} INFO - Running: ['***', 'tasks', 'run', 'upload_historical_congress_data', 'bq_create_member_Congress_partitioned_table_task', 'scheduled__2024-03-15T00:00:00+00:00', '--job-id', '150', '--raw', '--subdir', 'DAGS_FOLDER/upload_historical_congress_data.py', '--cfg-path', '/tmp/tmptfc8v9sl']
[2024-04-02T03:58:48.672+0000] {standard_task_runner.py:88} INFO - Job 150: Subtask bq_create_member_Congress_partitioned_table_task
[2024-04-02T03:58:48.702+0000] {task_command.py:423} INFO - Running <TaskInstance: upload_historical_congress_data.bq_create_member_Congress_partitioned_table_task scheduled__2024-03-15T00:00:00+00:00 [running]> on host 308c9d5b795d
[2024-04-02T03:58:48.740+0000] {taskinstance.py:2513} INFO - Exporting env vars: AIRFLOW_CTX_DAG_EMAIL='***@***.com' AIRFLOW_CTX_DAG_OWNER='***' AIRFLOW_CTX_DAG_ID='upload_historical_congress_data' AIRFLOW_CTX_TASK_ID='bq_create_member_Congress_partitioned_table_task' AIRFLOW_CTX_EXECUTION_DATE='2024-03-15T00:00:00+00:00' AIRFLOW_CTX_TRY_NUMBER='1' AIRFLOW_CTX_DAG_RUN_ID='scheduled__2024-03-15T00:00:00+00:00'
[2024-04-02T03:58:48.741+0000] {crypto.py:82} WARNING - empty cryptography key - values will not be stored encrypted.
[2024-04-02T03:58:48.742+0000] {connection.py:269} WARNING - Connection schemes (type: google_cloud_platform) shall not contain '_' according to RFC3986.
[2024-04-02T03:58:48.742+0000] {base.py:83} INFO - Using connection ID 'google_cloud_default' for task execution.
[2024-04-02T03:58:48.782+0000] {bigquery.py:2811} INFO - Executing: {'query': {'query': 'CREATE OR REPLACE TABLE Congress.member         PARTITION BY updateDate_formatted         AS         SELECT *, DATE(updateDate) updateDate_formatted         FROM Congress.member_external_table;', 'useLegacySql': False}}'
[2024-04-02T03:58:48.783+0000] {bigquery.py:1613} INFO - Inserting job ***_upload_historical_congress_data_bq_create_member_Congress_partitioned_table_task_2024_03_15T00_00_00_00_00_0dabb58364bca533143e712ad4ff5691
[2024-04-02T03:58:53.491+0000] {taskinstance.py:1149} INFO - Marking task as SUCCESS. dag_id=upload_historical_congress_data, task_id=bq_create_member_Congress_partitioned_table_task, execution_date=20240315T000000, start_date=20240402T035848, end_date=20240402T035853
[2024-04-02T03:58:53.558+0000] {local_task_job_runner.py:234} INFO - Task exited with return code 0
[2024-04-02T03:58:53.575+0000] {taskinstance.py:3312} INFO - 0 downstream tasks scheduled from follow-on schedule check
