[2024-03-26T03:38:07.428+0000] {taskinstance.py:1979} INFO - Dependencies all met for dep_context=non-requeueable deps ti=<TaskInstance: upload_historical_congress_data.bq_create_member_Congress_partitioned_table_task scheduled__2024-03-15T00:00:00+00:00 [queued]>
[2024-03-26T03:38:07.436+0000] {taskinstance.py:1979} INFO - Dependencies all met for dep_context=requeueable deps ti=<TaskInstance: upload_historical_congress_data.bq_create_member_Congress_partitioned_table_task scheduled__2024-03-15T00:00:00+00:00 [queued]>
[2024-03-26T03:38:07.438+0000] {taskinstance.py:2193} INFO - Starting attempt 2 of 3
[2024-03-26T03:38:07.446+0000] {taskinstance.py:2217} INFO - Executing <Task(BigQueryInsertJobOperator): bq_create_member_Congress_partitioned_table_task> on 2024-03-15 00:00:00+00:00
[2024-03-26T03:38:07.456+0000] {standard_task_runner.py:60} INFO - Started process 53 to run task
[2024-03-26T03:38:07.459+0000] {standard_task_runner.py:87} INFO - Running: ['***', 'tasks', 'run', 'upload_historical_congress_data', 'bq_create_member_Congress_partitioned_table_task', 'scheduled__2024-03-15T00:00:00+00:00', '--job-id', '114', '--raw', '--subdir', 'DAGS_FOLDER/upload_historical_congress_data.py', '--cfg-path', '/tmp/tmpnyqf835u']
[2024-03-26T03:38:07.463+0000] {standard_task_runner.py:88} INFO - Job 114: Subtask bq_create_member_Congress_partitioned_table_task
[2024-03-26T03:38:07.512+0000] {task_command.py:423} INFO - Running <TaskInstance: upload_historical_congress_data.bq_create_member_Congress_partitioned_table_task scheduled__2024-03-15T00:00:00+00:00 [running]> on host 2d1395ed6407
[2024-03-26T03:38:07.586+0000] {taskinstance.py:2513} INFO - Exporting env vars: AIRFLOW_CTX_DAG_EMAIL='***@***.com' AIRFLOW_CTX_DAG_OWNER='***' AIRFLOW_CTX_DAG_ID='upload_historical_congress_data' AIRFLOW_CTX_TASK_ID='bq_create_member_Congress_partitioned_table_task' AIRFLOW_CTX_EXECUTION_DATE='2024-03-15T00:00:00+00:00' AIRFLOW_CTX_TRY_NUMBER='2' AIRFLOW_CTX_DAG_RUN_ID='scheduled__2024-03-15T00:00:00+00:00'
[2024-03-26T03:38:07.589+0000] {crypto.py:82} WARNING - empty cryptography key - values will not be stored encrypted.
[2024-03-26T03:38:07.591+0000] {connection.py:269} WARNING - Connection schemes (type: google_cloud_platform) shall not contain '_' according to RFC3986.
[2024-03-26T03:38:07.593+0000] {base.py:83} INFO - Using connection ID 'google_cloud_default' for task execution.
[2024-03-26T03:38:07.645+0000] {bigquery.py:2811} INFO - Executing: {'query': {'query': 'CREATE OR REPLACE TABLE Congress.member         PARTITION BY DATE(updateDate)         AS         SELECT * FROM member_external_table;', 'useLegacySql': False}}'
[2024-03-26T03:38:07.647+0000] {bigquery.py:1613} INFO - Inserting job ***_upload_historical_congress_data_bq_create_member_Congress_partitioned_table_task_2024_03_15T00_00_00_00_00_67fa73011417d40aed7a64bfb504103e
[2024-03-26T03:38:08.392+0000] {taskinstance.py:2731} ERROR - Task failed with exception
Traceback (most recent call last):
  File "/home/airflow/.local/lib/python3.8/site-packages/airflow/models/taskinstance.py", line 444, in _execute_task
    result = _execute_callable(context=context, **execute_callable_kwargs)
  File "/home/airflow/.local/lib/python3.8/site-packages/airflow/models/taskinstance.py", line 414, in _execute_callable
    return execute_callable(context=context, **execute_callable_kwargs)
  File "/home/airflow/.local/lib/python3.8/site-packages/airflow/providers/google/cloud/operators/bigquery.py", line 2870, in execute
    job.result(timeout=self.result_timeout, retry=self.result_retry)
  File "/home/airflow/.local/lib/python3.8/site-packages/google/cloud/bigquery/job/query.py", line 1595, in result
    do_get_result()
  File "/home/airflow/.local/lib/python3.8/site-packages/google/cloud/bigquery/job/query.py", line 1584, in do_get_result
    super(QueryJob, self).result(retry=retry, timeout=timeout)
  File "/home/airflow/.local/lib/python3.8/site-packages/google/cloud/bigquery/job/base.py", line 971, in result
    return super(_AsyncJob, self).result(timeout=timeout, **kwargs)
  File "/home/airflow/.local/lib/python3.8/site-packages/google/api_core/future/polling.py", line 261, in result
    raise self._exception
google.api_core.exceptions.BadRequest: 400 Table "member_external_table" must be qualified with a dataset (e.g. dataset.table).; reason: invalid, location: member_external_table, message: Table "member_external_table" must be qualified with a dataset (e.g. dataset.table).

Location: US
Job ID: airflow_upload_historical_congress_data_bq_create_member_Congress_partitioned_table_task_2024_03_15T00_00_00_00_00_67fa73011417d40aed7a64bfb504103e

[2024-03-26T03:38:08.404+0000] {taskinstance.py:1149} INFO - Marking task as UP_FOR_RETRY. dag_id=upload_historical_congress_data, task_id=bq_create_member_Congress_partitioned_table_task, execution_date=20240315T000000, start_date=20240326T033807, end_date=20240326T033808
[2024-03-26T03:38:08.415+0000] {standard_task_runner.py:107} ERROR - Failed to execute job 114 for task bq_create_member_Congress_partitioned_table_task (400 Table "member_external_table" must be qualified with a dataset (e.g. dataset.table).; reason: invalid, location: member_external_table, message: Table "member_external_table" must be qualified with a dataset (e.g. dataset.table).

Location: US
Job ID: airflow_upload_historical_congress_data_bq_create_member_Congress_partitioned_table_task_2024_03_15T00_00_00_00_00_67fa73011417d40aed7a64bfb504103e
; 53)
[2024-03-26T03:38:08.435+0000] {local_task_job_runner.py:234} INFO - Task exited with return code 1
[2024-03-26T03:38:08.449+0000] {taskinstance.py:3312} INFO - 0 downstream tasks scheduled from follow-on schedule check
[2024-03-28T03:54:15.816+0000] {taskinstance.py:1979} INFO - Dependencies all met for dep_context=non-requeueable deps ti=<TaskInstance: upload_historical_congress_data.bq_create_member_Congress_partitioned_table_task scheduled__2024-03-15T00:00:00+00:00 [queued]>
[2024-03-28T03:54:15.824+0000] {taskinstance.py:1979} INFO - Dependencies all met for dep_context=requeueable deps ti=<TaskInstance: upload_historical_congress_data.bq_create_member_Congress_partitioned_table_task scheduled__2024-03-15T00:00:00+00:00 [queued]>
[2024-03-28T03:54:15.826+0000] {taskinstance.py:2193} INFO - Starting attempt 2 of 4
[2024-03-28T03:54:15.837+0000] {taskinstance.py:2217} INFO - Executing <Task(BigQueryInsertJobOperator): bq_create_member_Congress_partitioned_table_task> on 2024-03-15 00:00:00+00:00
[2024-03-28T03:54:15.843+0000] {standard_task_runner.py:60} INFO - Started process 311 to run task
[2024-03-28T03:54:15.846+0000] {standard_task_runner.py:87} INFO - Running: ['***', 'tasks', 'run', 'upload_historical_congress_data', 'bq_create_member_Congress_partitioned_table_task', 'scheduled__2024-03-15T00:00:00+00:00', '--job-id', '167', '--raw', '--subdir', 'DAGS_FOLDER/upload_historical_congress_data.py', '--cfg-path', '/tmp/tmpaln9jd9f']
[2024-03-28T03:54:15.849+0000] {standard_task_runner.py:88} INFO - Job 167: Subtask bq_create_member_Congress_partitioned_table_task
[2024-03-28T03:54:15.890+0000] {task_command.py:423} INFO - Running <TaskInstance: upload_historical_congress_data.bq_create_member_Congress_partitioned_table_task scheduled__2024-03-15T00:00:00+00:00 [running]> on host be5d54f7fe24
[2024-03-28T03:54:15.934+0000] {taskinstance.py:2513} INFO - Exporting env vars: AIRFLOW_CTX_DAG_EMAIL='***@***.com' AIRFLOW_CTX_DAG_OWNER='***' AIRFLOW_CTX_DAG_ID='upload_historical_congress_data' AIRFLOW_CTX_TASK_ID='bq_create_member_Congress_partitioned_table_task' AIRFLOW_CTX_EXECUTION_DATE='2024-03-15T00:00:00+00:00' AIRFLOW_CTX_TRY_NUMBER='2' AIRFLOW_CTX_DAG_RUN_ID='scheduled__2024-03-15T00:00:00+00:00'
[2024-03-28T03:54:15.938+0000] {crypto.py:82} WARNING - empty cryptography key - values will not be stored encrypted.
[2024-03-28T03:54:15.940+0000] {connection.py:269} WARNING - Connection schemes (type: google_cloud_platform) shall not contain '_' according to RFC3986.
[2024-03-28T03:54:15.941+0000] {base.py:83} INFO - Using connection ID 'google_cloud_default' for task execution.
[2024-03-28T03:54:15.988+0000] {bigquery.py:2811} INFO - Executing: {'query': {'query': 'CREATE OR REPLACE TABLE Congress.member         PARTITION BY updateDate_formatted         AS         SELECT *, DATE(updateDate) updateDate_formatted         FROM Congress.member_external_table;', 'useLegacySql': False}}'
[2024-03-28T03:54:15.991+0000] {bigquery.py:1613} INFO - Inserting job ***_upload_historical_congress_data_bq_create_member_Congress_partitioned_table_task_2024_03_15T00_00_00_00_00_bbd58fdcc04655a3ab0fcf80cf3c6ffd
[2024-03-28T03:54:19.972+0000] {taskinstance.py:1149} INFO - Marking task as SUCCESS. dag_id=upload_historical_congress_data, task_id=bq_create_member_Congress_partitioned_table_task, execution_date=20240315T000000, start_date=20240328T035415, end_date=20240328T035419
[2024-03-28T03:54:20.026+0000] {local_task_job_runner.py:234} INFO - Task exited with return code 0
[2024-03-28T03:54:20.041+0000] {taskinstance.py:3312} INFO - 0 downstream tasks scheduled from follow-on schedule check
