[2024-06-13T00:40:33.480+0000] {processor.py:161} INFO - Started process (PID=589) to work on /opt/airflow/dags/scripts/python/get_data.py
[2024-06-13T00:40:33.483+0000] {processor.py:830} INFO - Processing file /opt/airflow/dags/scripts/python/get_data.py for tasks to queue
[2024-06-13T00:40:33.488+0000] {logging_mixin.py:188} INFO - [2024-06-13T00:40:33.487+0000] {dagbag.py:540} INFO - Filling up the DagBag from /opt/airflow/dags/scripts/python/get_data.py
[2024-06-13T00:40:33.536+0000] {processor.py:842} WARNING - No viable dags retrieved from /opt/airflow/dags/scripts/python/get_data.py
[2024-06-13T00:40:33.617+0000] {processor.py:183} INFO - Processing /opt/airflow/dags/scripts/python/get_data.py took 0.145 seconds
[2024-06-13T01:41:34.365+0000] {processor.py:161} INFO - Started process (PID=597) to work on /opt/airflow/dags/scripts/python/get_data.py
[2024-06-13T01:41:34.368+0000] {processor.py:830} INFO - Processing file /opt/airflow/dags/scripts/python/get_data.py for tasks to queue
[2024-06-13T01:41:34.374+0000] {logging_mixin.py:188} INFO - [2024-06-13T01:41:34.374+0000] {dagbag.py:540} INFO - Filling up the DagBag from /opt/airflow/dags/scripts/python/get_data.py
[2024-06-13T01:41:34.447+0000] {processor.py:842} WARNING - No viable dags retrieved from /opt/airflow/dags/scripts/python/get_data.py
[2024-06-13T01:41:34.480+0000] {processor.py:183} INFO - Processing /opt/airflow/dags/scripts/python/get_data.py took 0.122 seconds
[2024-06-13T02:59:06.266+0000] {processor.py:161} INFO - Started process (PID=605) to work on /opt/airflow/dags/scripts/python/get_data.py
[2024-06-13T02:59:06.267+0000] {processor.py:830} INFO - Processing file /opt/airflow/dags/scripts/python/get_data.py for tasks to queue
[2024-06-13T02:59:06.272+0000] {logging_mixin.py:188} INFO - [2024-06-13T02:59:06.271+0000] {dagbag.py:540} INFO - Filling up the DagBag from /opt/airflow/dags/scripts/python/get_data.py
[2024-06-13T02:59:06.304+0000] {processor.py:842} WARNING - No viable dags retrieved from /opt/airflow/dags/scripts/python/get_data.py
[2024-06-13T02:59:06.318+0000] {processor.py:183} INFO - Processing /opt/airflow/dags/scripts/python/get_data.py took 0.059 seconds
[2024-06-13T03:43:45.560+0000] {processor.py:161} INFO - Started process (PID=613) to work on /opt/airflow/dags/scripts/python/get_data.py
[2024-06-13T03:43:45.561+0000] {processor.py:830} INFO - Processing file /opt/airflow/dags/scripts/python/get_data.py for tasks to queue
[2024-06-13T03:43:45.563+0000] {logging_mixin.py:188} INFO - [2024-06-13T03:43:45.562+0000] {dagbag.py:540} INFO - Filling up the DagBag from /opt/airflow/dags/scripts/python/get_data.py
[2024-06-13T03:43:45.585+0000] {processor.py:842} WARNING - No viable dags retrieved from /opt/airflow/dags/scripts/python/get_data.py
[2024-06-13T03:43:45.598+0000] {processor.py:183} INFO - Processing /opt/airflow/dags/scripts/python/get_data.py took 0.040 seconds
[2024-06-13T04:44:36.028+0000] {processor.py:161} INFO - Started process (PID=621) to work on /opt/airflow/dags/scripts/python/get_data.py
[2024-06-13T04:44:36.031+0000] {processor.py:830} INFO - Processing file /opt/airflow/dags/scripts/python/get_data.py for tasks to queue
[2024-06-13T04:44:36.034+0000] {logging_mixin.py:188} INFO - [2024-06-13T04:44:36.034+0000] {dagbag.py:540} INFO - Filling up the DagBag from /opt/airflow/dags/scripts/python/get_data.py
[2024-06-13T04:44:36.069+0000] {processor.py:842} WARNING - No viable dags retrieved from /opt/airflow/dags/scripts/python/get_data.py
[2024-06-13T04:44:36.092+0000] {processor.py:183} INFO - Processing /opt/airflow/dags/scripts/python/get_data.py took 0.066 seconds
[2024-06-13T05:18:06.536+0000] {processor.py:161} INFO - Started process (PID=629) to work on /opt/airflow/dags/scripts/python/get_data.py
[2024-06-13T05:18:06.536+0000] {processor.py:830} INFO - Processing file /opt/airflow/dags/scripts/python/get_data.py for tasks to queue
[2024-06-13T05:18:06.538+0000] {logging_mixin.py:188} INFO - [2024-06-13T05:18:06.538+0000] {dagbag.py:540} INFO - Filling up the DagBag from /opt/airflow/dags/scripts/python/get_data.py
[2024-06-13T05:18:06.560+0000] {processor.py:842} WARNING - No viable dags retrieved from /opt/airflow/dags/scripts/python/get_data.py
[2024-06-13T05:18:06.571+0000] {processor.py:183} INFO - Processing /opt/airflow/dags/scripts/python/get_data.py took 0.037 seconds
[2024-06-13T06:40:45.316+0000] {processor.py:161} INFO - Started process (PID=637) to work on /opt/airflow/dags/scripts/python/get_data.py
[2024-06-13T06:40:45.317+0000] {processor.py:830} INFO - Processing file /opt/airflow/dags/scripts/python/get_data.py for tasks to queue
[2024-06-13T06:40:45.319+0000] {logging_mixin.py:188} INFO - [2024-06-13T06:40:45.319+0000] {dagbag.py:540} INFO - Filling up the DagBag from /opt/airflow/dags/scripts/python/get_data.py
[2024-06-13T06:40:45.345+0000] {processor.py:842} WARNING - No viable dags retrieved from /opt/airflow/dags/scripts/python/get_data.py
[2024-06-13T06:40:45.361+0000] {processor.py:183} INFO - Processing /opt/airflow/dags/scripts/python/get_data.py took 0.048 seconds
[2024-06-13T07:47:32.162+0000] {processor.py:161} INFO - Started process (PID=645) to work on /opt/airflow/dags/scripts/python/get_data.py
[2024-06-13T07:47:32.162+0000] {processor.py:830} INFO - Processing file /opt/airflow/dags/scripts/python/get_data.py for tasks to queue
[2024-06-13T07:47:32.164+0000] {logging_mixin.py:188} INFO - [2024-06-13T07:47:32.164+0000] {dagbag.py:540} INFO - Filling up the DagBag from /opt/airflow/dags/scripts/python/get_data.py
[2024-06-13T07:47:32.185+0000] {processor.py:842} WARNING - No viable dags retrieved from /opt/airflow/dags/scripts/python/get_data.py
[2024-06-13T07:47:32.196+0000] {processor.py:183} INFO - Processing /opt/airflow/dags/scripts/python/get_data.py took 0.038 seconds
[2024-06-13T08:48:38.102+0000] {processor.py:161} INFO - Started process (PID=653) to work on /opt/airflow/dags/scripts/python/get_data.py
[2024-06-13T08:48:38.104+0000] {processor.py:830} INFO - Processing file /opt/airflow/dags/scripts/python/get_data.py for tasks to queue
[2024-06-13T08:48:38.109+0000] {logging_mixin.py:188} INFO - [2024-06-13T08:48:38.108+0000] {dagbag.py:540} INFO - Filling up the DagBag from /opt/airflow/dags/scripts/python/get_data.py
[2024-06-13T08:48:38.158+0000] {processor.py:842} WARNING - No viable dags retrieved from /opt/airflow/dags/scripts/python/get_data.py
[2024-06-13T08:48:38.181+0000] {processor.py:183} INFO - Processing /opt/airflow/dags/scripts/python/get_data.py took 0.088 seconds
[2024-06-13T10:25:58.790+0000] {processor.py:161} INFO - Started process (PID=661) to work on /opt/airflow/dags/scripts/python/get_data.py
[2024-06-13T10:25:58.792+0000] {processor.py:830} INFO - Processing file /opt/airflow/dags/scripts/python/get_data.py for tasks to queue
[2024-06-13T10:25:58.799+0000] {logging_mixin.py:188} INFO - [2024-06-13T10:25:58.798+0000] {dagbag.py:540} INFO - Filling up the DagBag from /opt/airflow/dags/scripts/python/get_data.py
[2024-06-13T10:25:58.856+0000] {processor.py:842} WARNING - No viable dags retrieved from /opt/airflow/dags/scripts/python/get_data.py
[2024-06-13T10:25:58.886+0000] {processor.py:183} INFO - Processing /opt/airflow/dags/scripts/python/get_data.py took 0.103 seconds
[2024-06-13T11:48:04.002+0000] {processor.py:161} INFO - Started process (PID=669) to work on /opt/airflow/dags/scripts/python/get_data.py
[2024-06-13T11:48:04.005+0000] {processor.py:830} INFO - Processing file /opt/airflow/dags/scripts/python/get_data.py for tasks to queue
[2024-06-13T11:48:04.010+0000] {logging_mixin.py:188} INFO - [2024-06-13T11:48:04.009+0000] {dagbag.py:540} INFO - Filling up the DagBag from /opt/airflow/dags/scripts/python/get_data.py
[2024-06-13T11:48:04.055+0000] {processor.py:842} WARNING - No viable dags retrieved from /opt/airflow/dags/scripts/python/get_data.py
[2024-06-13T11:48:04.082+0000] {processor.py:183} INFO - Processing /opt/airflow/dags/scripts/python/get_data.py took 0.088 seconds
[2024-06-13T13:01:06.988+0000] {processor.py:161} INFO - Started process (PID=677) to work on /opt/airflow/dags/scripts/python/get_data.py
[2024-06-13T13:01:06.990+0000] {processor.py:830} INFO - Processing file /opt/airflow/dags/scripts/python/get_data.py for tasks to queue
[2024-06-13T13:01:06.993+0000] {logging_mixin.py:188} INFO - [2024-06-13T13:01:06.993+0000] {dagbag.py:540} INFO - Filling up the DagBag from /opt/airflow/dags/scripts/python/get_data.py
[2024-06-13T13:01:07.044+0000] {processor.py:842} WARNING - No viable dags retrieved from /opt/airflow/dags/scripts/python/get_data.py
[2024-06-13T13:01:07.071+0000] {processor.py:183} INFO - Processing /opt/airflow/dags/scripts/python/get_data.py took 0.087 seconds
[2024-06-13T14:25:42.581+0000] {processor.py:161} INFO - Started process (PID=685) to work on /opt/airflow/dags/scripts/python/get_data.py
[2024-06-13T14:25:42.584+0000] {processor.py:830} INFO - Processing file /opt/airflow/dags/scripts/python/get_data.py for tasks to queue
[2024-06-13T14:25:42.589+0000] {logging_mixin.py:188} INFO - [2024-06-13T14:25:42.588+0000] {dagbag.py:540} INFO - Filling up the DagBag from /opt/airflow/dags/scripts/python/get_data.py
[2024-06-13T14:25:42.630+0000] {processor.py:842} WARNING - No viable dags retrieved from /opt/airflow/dags/scripts/python/get_data.py
[2024-06-13T14:25:42.662+0000] {processor.py:183} INFO - Processing /opt/airflow/dags/scripts/python/get_data.py took 0.085 seconds
[2024-06-13T15:17:29.403+0000] {processor.py:161} INFO - Started process (PID=693) to work on /opt/airflow/dags/scripts/python/get_data.py
[2024-06-13T15:17:29.405+0000] {processor.py:830} INFO - Processing file /opt/airflow/dags/scripts/python/get_data.py for tasks to queue
[2024-06-13T15:17:29.410+0000] {logging_mixin.py:188} INFO - [2024-06-13T15:17:29.409+0000] {dagbag.py:540} INFO - Filling up the DagBag from /opt/airflow/dags/scripts/python/get_data.py
[2024-06-13T15:17:29.452+0000] {processor.py:842} WARNING - No viable dags retrieved from /opt/airflow/dags/scripts/python/get_data.py
[2024-06-13T15:17:29.477+0000] {processor.py:183} INFO - Processing /opt/airflow/dags/scripts/python/get_data.py took 0.082 seconds
[2024-06-13T16:03:08.644+0000] {processor.py:161} INFO - Started process (PID=701) to work on /opt/airflow/dags/scripts/python/get_data.py
[2024-06-13T16:03:08.645+0000] {processor.py:830} INFO - Processing file /opt/airflow/dags/scripts/python/get_data.py for tasks to queue
[2024-06-13T16:03:08.646+0000] {logging_mixin.py:188} INFO - [2024-06-13T16:03:08.646+0000] {dagbag.py:540} INFO - Filling up the DagBag from /opt/airflow/dags/scripts/python/get_data.py
[2024-06-13T16:03:08.663+0000] {processor.py:842} WARNING - No viable dags retrieved from /opt/airflow/dags/scripts/python/get_data.py
[2024-06-13T16:03:08.671+0000] {processor.py:183} INFO - Processing /opt/airflow/dags/scripts/python/get_data.py took 0.029 seconds
[2024-06-13T17:04:07.694+0000] {processor.py:161} INFO - Started process (PID=709) to work on /opt/airflow/dags/scripts/python/get_data.py
[2024-06-13T17:04:07.695+0000] {processor.py:830} INFO - Processing file /opt/airflow/dags/scripts/python/get_data.py for tasks to queue
[2024-06-13T17:04:07.696+0000] {logging_mixin.py:188} INFO - [2024-06-13T17:04:07.696+0000] {dagbag.py:540} INFO - Filling up the DagBag from /opt/airflow/dags/scripts/python/get_data.py
[2024-06-13T17:04:07.714+0000] {processor.py:842} WARNING - No viable dags retrieved from /opt/airflow/dags/scripts/python/get_data.py
[2024-06-13T17:04:07.723+0000] {processor.py:183} INFO - Processing /opt/airflow/dags/scripts/python/get_data.py took 0.031 seconds
[2024-06-13T18:38:53.794+0000] {processor.py:161} INFO - Started process (PID=717) to work on /opt/airflow/dags/scripts/python/get_data.py
[2024-06-13T18:38:53.796+0000] {processor.py:830} INFO - Processing file /opt/airflow/dags/scripts/python/get_data.py for tasks to queue
[2024-06-13T18:38:53.800+0000] {logging_mixin.py:188} INFO - [2024-06-13T18:38:53.799+0000] {dagbag.py:540} INFO - Filling up the DagBag from /opt/airflow/dags/scripts/python/get_data.py
[2024-06-13T18:38:53.843+0000] {processor.py:842} WARNING - No viable dags retrieved from /opt/airflow/dags/scripts/python/get_data.py
[2024-06-13T18:38:53.886+0000] {processor.py:183} INFO - Processing /opt/airflow/dags/scripts/python/get_data.py took 0.097 seconds
[2024-06-13T19:31:19.846+0000] {processor.py:161} INFO - Started process (PID=725) to work on /opt/airflow/dags/scripts/python/get_data.py
[2024-06-13T19:31:19.848+0000] {processor.py:830} INFO - Processing file /opt/airflow/dags/scripts/python/get_data.py for tasks to queue
[2024-06-13T19:31:19.852+0000] {logging_mixin.py:188} INFO - [2024-06-13T19:31:19.852+0000] {dagbag.py:540} INFO - Filling up the DagBag from /opt/airflow/dags/scripts/python/get_data.py
[2024-06-13T19:31:19.896+0000] {processor.py:842} WARNING - No viable dags retrieved from /opt/airflow/dags/scripts/python/get_data.py
[2024-06-13T19:31:19.928+0000] {processor.py:183} INFO - Processing /opt/airflow/dags/scripts/python/get_data.py took 0.087 seconds
[2024-06-13T20:24:22.864+0000] {processor.py:161} INFO - Started process (PID=733) to work on /opt/airflow/dags/scripts/python/get_data.py
[2024-06-13T20:24:22.865+0000] {processor.py:830} INFO - Processing file /opt/airflow/dags/scripts/python/get_data.py for tasks to queue
[2024-06-13T20:24:22.867+0000] {logging_mixin.py:188} INFO - [2024-06-13T20:24:22.866+0000] {dagbag.py:540} INFO - Filling up the DagBag from /opt/airflow/dags/scripts/python/get_data.py
[2024-06-13T20:24:22.886+0000] {processor.py:842} WARNING - No viable dags retrieved from /opt/airflow/dags/scripts/python/get_data.py
[2024-06-13T20:24:22.896+0000] {processor.py:183} INFO - Processing /opt/airflow/dags/scripts/python/get_data.py took 0.034 seconds
[2024-06-13T21:56:40.946+0000] {processor.py:161} INFO - Started process (PID=741) to work on /opt/airflow/dags/scripts/python/get_data.py
[2024-06-13T21:56:40.950+0000] {processor.py:830} INFO - Processing file /opt/airflow/dags/scripts/python/get_data.py for tasks to queue
[2024-06-13T21:56:40.958+0000] {logging_mixin.py:188} INFO - [2024-06-13T21:56:40.956+0000] {dagbag.py:540} INFO - Filling up the DagBag from /opt/airflow/dags/scripts/python/get_data.py
[2024-06-13T21:56:41.007+0000] {processor.py:842} WARNING - No viable dags retrieved from /opt/airflow/dags/scripts/python/get_data.py
[2024-06-13T21:56:41.032+0000] {processor.py:183} INFO - Processing /opt/airflow/dags/scripts/python/get_data.py took 0.096 seconds
[2024-06-13T22:59:01.806+0000] {processor.py:161} INFO - Started process (PID=749) to work on /opt/airflow/dags/scripts/python/get_data.py
[2024-06-13T22:59:01.808+0000] {processor.py:830} INFO - Processing file /opt/airflow/dags/scripts/python/get_data.py for tasks to queue
[2024-06-13T22:59:01.814+0000] {logging_mixin.py:188} INFO - [2024-06-13T22:59:01.812+0000] {dagbag.py:540} INFO - Filling up the DagBag from /opt/airflow/dags/scripts/python/get_data.py
[2024-06-13T22:59:01.877+0000] {processor.py:842} WARNING - No viable dags retrieved from /opt/airflow/dags/scripts/python/get_data.py
[2024-06-13T22:59:01.924+0000] {processor.py:183} INFO - Processing /opt/airflow/dags/scripts/python/get_data.py took 0.121 seconds
[2024-06-13T22:59:32.288+0000] {processor.py:161} INFO - Started process (PID=757) to work on /opt/airflow/dags/scripts/python/get_data.py
[2024-06-13T22:59:32.289+0000] {processor.py:830} INFO - Processing file /opt/airflow/dags/scripts/python/get_data.py for tasks to queue
[2024-06-13T22:59:32.291+0000] {logging_mixin.py:188} INFO - [2024-06-13T22:59:32.291+0000] {dagbag.py:540} INFO - Filling up the DagBag from /opt/airflow/dags/scripts/python/get_data.py
[2024-06-13T22:59:32.316+0000] {processor.py:842} WARNING - No viable dags retrieved from /opt/airflow/dags/scripts/python/get_data.py
[2024-06-13T22:59:32.331+0000] {processor.py:183} INFO - Processing /opt/airflow/dags/scripts/python/get_data.py took 0.046 seconds
[2024-06-13T23:00:02.853+0000] {processor.py:161} INFO - Started process (PID=765) to work on /opt/airflow/dags/scripts/python/get_data.py
[2024-06-13T23:00:02.854+0000] {processor.py:830} INFO - Processing file /opt/airflow/dags/scripts/python/get_data.py for tasks to queue
[2024-06-13T23:00:02.857+0000] {logging_mixin.py:188} INFO - [2024-06-13T23:00:02.856+0000] {dagbag.py:540} INFO - Filling up the DagBag from /opt/airflow/dags/scripts/python/get_data.py
[2024-06-13T23:00:02.886+0000] {processor.py:842} WARNING - No viable dags retrieved from /opt/airflow/dags/scripts/python/get_data.py
[2024-06-13T23:00:02.897+0000] {processor.py:183} INFO - Processing /opt/airflow/dags/scripts/python/get_data.py took 0.047 seconds
[2024-06-13T23:00:33.231+0000] {processor.py:161} INFO - Started process (PID=773) to work on /opt/airflow/dags/scripts/python/get_data.py
[2024-06-13T23:00:33.235+0000] {processor.py:830} INFO - Processing file /opt/airflow/dags/scripts/python/get_data.py for tasks to queue
[2024-06-13T23:00:33.244+0000] {logging_mixin.py:188} INFO - [2024-06-13T23:00:33.243+0000] {dagbag.py:540} INFO - Filling up the DagBag from /opt/airflow/dags/scripts/python/get_data.py
[2024-06-13T23:00:33.279+0000] {processor.py:842} WARNING - No viable dags retrieved from /opt/airflow/dags/scripts/python/get_data.py
[2024-06-13T23:00:33.294+0000] {processor.py:183} INFO - Processing /opt/airflow/dags/scripts/python/get_data.py took 0.075 seconds
[2024-06-13T23:01:03.673+0000] {processor.py:161} INFO - Started process (PID=781) to work on /opt/airflow/dags/scripts/python/get_data.py
[2024-06-13T23:01:03.674+0000] {processor.py:830} INFO - Processing file /opt/airflow/dags/scripts/python/get_data.py for tasks to queue
[2024-06-13T23:01:03.676+0000] {logging_mixin.py:188} INFO - [2024-06-13T23:01:03.675+0000] {dagbag.py:540} INFO - Filling up the DagBag from /opt/airflow/dags/scripts/python/get_data.py
[2024-06-13T23:01:03.696+0000] {processor.py:842} WARNING - No viable dags retrieved from /opt/airflow/dags/scripts/python/get_data.py
[2024-06-13T23:01:03.709+0000] {processor.py:183} INFO - Processing /opt/airflow/dags/scripts/python/get_data.py took 0.038 seconds
[2024-06-13T23:01:34.059+0000] {processor.py:161} INFO - Started process (PID=789) to work on /opt/airflow/dags/scripts/python/get_data.py
[2024-06-13T23:01:34.060+0000] {processor.py:830} INFO - Processing file /opt/airflow/dags/scripts/python/get_data.py for tasks to queue
[2024-06-13T23:01:34.063+0000] {logging_mixin.py:188} INFO - [2024-06-13T23:01:34.062+0000] {dagbag.py:540} INFO - Filling up the DagBag from /opt/airflow/dags/scripts/python/get_data.py
[2024-06-13T23:01:34.089+0000] {processor.py:842} WARNING - No viable dags retrieved from /opt/airflow/dags/scripts/python/get_data.py
[2024-06-13T23:01:34.101+0000] {processor.py:183} INFO - Processing /opt/airflow/dags/scripts/python/get_data.py took 0.046 seconds
[2024-06-13T23:02:04.494+0000] {processor.py:161} INFO - Started process (PID=797) to work on /opt/airflow/dags/scripts/python/get_data.py
[2024-06-13T23:02:04.495+0000] {processor.py:830} INFO - Processing file /opt/airflow/dags/scripts/python/get_data.py for tasks to queue
[2024-06-13T23:02:04.499+0000] {logging_mixin.py:188} INFO - [2024-06-13T23:02:04.499+0000] {dagbag.py:540} INFO - Filling up the DagBag from /opt/airflow/dags/scripts/python/get_data.py
[2024-06-13T23:02:04.525+0000] {processor.py:842} WARNING - No viable dags retrieved from /opt/airflow/dags/scripts/python/get_data.py
[2024-06-13T23:02:04.537+0000] {processor.py:183} INFO - Processing /opt/airflow/dags/scripts/python/get_data.py took 0.047 seconds
[2024-06-13T23:02:34.922+0000] {processor.py:161} INFO - Started process (PID=805) to work on /opt/airflow/dags/scripts/python/get_data.py
[2024-06-13T23:02:34.924+0000] {processor.py:830} INFO - Processing file /opt/airflow/dags/scripts/python/get_data.py for tasks to queue
[2024-06-13T23:02:34.925+0000] {logging_mixin.py:188} INFO - [2024-06-13T23:02:34.925+0000] {dagbag.py:540} INFO - Filling up the DagBag from /opt/airflow/dags/scripts/python/get_data.py
[2024-06-13T23:02:34.947+0000] {processor.py:842} WARNING - No viable dags retrieved from /opt/airflow/dags/scripts/python/get_data.py
[2024-06-13T23:02:34.955+0000] {processor.py:183} INFO - Processing /opt/airflow/dags/scripts/python/get_data.py took 0.036 seconds
[2024-06-13T23:03:05.398+0000] {processor.py:161} INFO - Started process (PID=813) to work on /opt/airflow/dags/scripts/python/get_data.py
[2024-06-13T23:03:05.400+0000] {processor.py:830} INFO - Processing file /opt/airflow/dags/scripts/python/get_data.py for tasks to queue
[2024-06-13T23:03:05.403+0000] {logging_mixin.py:188} INFO - [2024-06-13T23:03:05.402+0000] {dagbag.py:540} INFO - Filling up the DagBag from /opt/airflow/dags/scripts/python/get_data.py
[2024-06-13T23:03:05.428+0000] {processor.py:842} WARNING - No viable dags retrieved from /opt/airflow/dags/scripts/python/get_data.py
[2024-06-13T23:03:05.439+0000] {processor.py:183} INFO - Processing /opt/airflow/dags/scripts/python/get_data.py took 0.045 seconds
[2024-06-13T23:03:35.835+0000] {processor.py:161} INFO - Started process (PID=821) to work on /opt/airflow/dags/scripts/python/get_data.py
[2024-06-13T23:03:35.836+0000] {processor.py:830} INFO - Processing file /opt/airflow/dags/scripts/python/get_data.py for tasks to queue
[2024-06-13T23:03:35.838+0000] {logging_mixin.py:188} INFO - [2024-06-13T23:03:35.838+0000] {dagbag.py:540} INFO - Filling up the DagBag from /opt/airflow/dags/scripts/python/get_data.py
[2024-06-13T23:03:35.861+0000] {processor.py:842} WARNING - No viable dags retrieved from /opt/airflow/dags/scripts/python/get_data.py
[2024-06-13T23:03:35.871+0000] {processor.py:183} INFO - Processing /opt/airflow/dags/scripts/python/get_data.py took 0.040 seconds
[2024-06-13T23:04:06.463+0000] {processor.py:161} INFO - Started process (PID=829) to work on /opt/airflow/dags/scripts/python/get_data.py
[2024-06-13T23:04:06.464+0000] {processor.py:830} INFO - Processing file /opt/airflow/dags/scripts/python/get_data.py for tasks to queue
[2024-06-13T23:04:06.467+0000] {logging_mixin.py:188} INFO - [2024-06-13T23:04:06.466+0000] {dagbag.py:540} INFO - Filling up the DagBag from /opt/airflow/dags/scripts/python/get_data.py
[2024-06-13T23:04:06.492+0000] {processor.py:842} WARNING - No viable dags retrieved from /opt/airflow/dags/scripts/python/get_data.py
[2024-06-13T23:04:06.503+0000] {processor.py:183} INFO - Processing /opt/airflow/dags/scripts/python/get_data.py took 0.043 seconds
[2024-06-13T23:04:36.923+0000] {processor.py:161} INFO - Started process (PID=837) to work on /opt/airflow/dags/scripts/python/get_data.py
[2024-06-13T23:04:36.924+0000] {processor.py:830} INFO - Processing file /opt/airflow/dags/scripts/python/get_data.py for tasks to queue
[2024-06-13T23:04:36.926+0000] {logging_mixin.py:188} INFO - [2024-06-13T23:04:36.926+0000] {dagbag.py:540} INFO - Filling up the DagBag from /opt/airflow/dags/scripts/python/get_data.py
[2024-06-13T23:04:36.947+0000] {processor.py:842} WARNING - No viable dags retrieved from /opt/airflow/dags/scripts/python/get_data.py
[2024-06-13T23:04:36.958+0000] {processor.py:183} INFO - Processing /opt/airflow/dags/scripts/python/get_data.py took 0.038 seconds
[2024-06-13T23:05:07.347+0000] {processor.py:161} INFO - Started process (PID=845) to work on /opt/airflow/dags/scripts/python/get_data.py
[2024-06-13T23:05:07.348+0000] {processor.py:830} INFO - Processing file /opt/airflow/dags/scripts/python/get_data.py for tasks to queue
[2024-06-13T23:05:07.351+0000] {logging_mixin.py:188} INFO - [2024-06-13T23:05:07.350+0000] {dagbag.py:540} INFO - Filling up the DagBag from /opt/airflow/dags/scripts/python/get_data.py
[2024-06-13T23:05:07.373+0000] {processor.py:842} WARNING - No viable dags retrieved from /opt/airflow/dags/scripts/python/get_data.py
[2024-06-13T23:05:07.382+0000] {processor.py:183} INFO - Processing /opt/airflow/dags/scripts/python/get_data.py took 0.038 seconds
[2024-06-13T23:05:37.776+0000] {processor.py:161} INFO - Started process (PID=853) to work on /opt/airflow/dags/scripts/python/get_data.py
[2024-06-13T23:05:37.777+0000] {processor.py:830} INFO - Processing file /opt/airflow/dags/scripts/python/get_data.py for tasks to queue
[2024-06-13T23:05:37.779+0000] {logging_mixin.py:188} INFO - [2024-06-13T23:05:37.779+0000] {dagbag.py:540} INFO - Filling up the DagBag from /opt/airflow/dags/scripts/python/get_data.py
[2024-06-13T23:05:37.802+0000] {processor.py:842} WARNING - No viable dags retrieved from /opt/airflow/dags/scripts/python/get_data.py
[2024-06-13T23:05:37.811+0000] {processor.py:183} INFO - Processing /opt/airflow/dags/scripts/python/get_data.py took 0.038 seconds
[2024-06-13T23:06:08.208+0000] {processor.py:161} INFO - Started process (PID=861) to work on /opt/airflow/dags/scripts/python/get_data.py
[2024-06-13T23:06:08.209+0000] {processor.py:830} INFO - Processing file /opt/airflow/dags/scripts/python/get_data.py for tasks to queue
[2024-06-13T23:06:08.211+0000] {logging_mixin.py:188} INFO - [2024-06-13T23:06:08.211+0000] {dagbag.py:540} INFO - Filling up the DagBag from /opt/airflow/dags/scripts/python/get_data.py
[2024-06-13T23:06:08.233+0000] {processor.py:842} WARNING - No viable dags retrieved from /opt/airflow/dags/scripts/python/get_data.py
[2024-06-13T23:06:08.243+0000] {processor.py:183} INFO - Processing /opt/airflow/dags/scripts/python/get_data.py took 0.038 seconds
[2024-06-13T23:06:38.689+0000] {processor.py:161} INFO - Started process (PID=869) to work on /opt/airflow/dags/scripts/python/get_data.py
[2024-06-13T23:06:38.690+0000] {processor.py:830} INFO - Processing file /opt/airflow/dags/scripts/python/get_data.py for tasks to queue
[2024-06-13T23:06:38.693+0000] {logging_mixin.py:188} INFO - [2024-06-13T23:06:38.692+0000] {dagbag.py:540} INFO - Filling up the DagBag from /opt/airflow/dags/scripts/python/get_data.py
[2024-06-13T23:06:38.714+0000] {processor.py:842} WARNING - No viable dags retrieved from /opt/airflow/dags/scripts/python/get_data.py
[2024-06-13T23:06:38.724+0000] {processor.py:183} INFO - Processing /opt/airflow/dags/scripts/python/get_data.py took 0.039 seconds
[2024-06-13T23:07:09.090+0000] {processor.py:161} INFO - Started process (PID=877) to work on /opt/airflow/dags/scripts/python/get_data.py
[2024-06-13T23:07:09.091+0000] {processor.py:830} INFO - Processing file /opt/airflow/dags/scripts/python/get_data.py for tasks to queue
[2024-06-13T23:07:09.093+0000] {logging_mixin.py:188} INFO - [2024-06-13T23:07:09.093+0000] {dagbag.py:540} INFO - Filling up the DagBag from /opt/airflow/dags/scripts/python/get_data.py
[2024-06-13T23:07:09.116+0000] {processor.py:842} WARNING - No viable dags retrieved from /opt/airflow/dags/scripts/python/get_data.py
[2024-06-13T23:07:09.125+0000] {processor.py:183} INFO - Processing /opt/airflow/dags/scripts/python/get_data.py took 0.039 seconds
[2024-06-13T23:07:39.492+0000] {processor.py:161} INFO - Started process (PID=885) to work on /opt/airflow/dags/scripts/python/get_data.py
[2024-06-13T23:07:39.493+0000] {processor.py:830} INFO - Processing file /opt/airflow/dags/scripts/python/get_data.py for tasks to queue
[2024-06-13T23:07:39.495+0000] {logging_mixin.py:188} INFO - [2024-06-13T23:07:39.495+0000] {dagbag.py:540} INFO - Filling up the DagBag from /opt/airflow/dags/scripts/python/get_data.py
[2024-06-13T23:07:39.519+0000] {processor.py:842} WARNING - No viable dags retrieved from /opt/airflow/dags/scripts/python/get_data.py
[2024-06-13T23:07:39.529+0000] {processor.py:183} INFO - Processing /opt/airflow/dags/scripts/python/get_data.py took 0.040 seconds
[2024-06-13T23:08:09.902+0000] {processor.py:161} INFO - Started process (PID=893) to work on /opt/airflow/dags/scripts/python/get_data.py
[2024-06-13T23:08:09.903+0000] {processor.py:830} INFO - Processing file /opt/airflow/dags/scripts/python/get_data.py for tasks to queue
[2024-06-13T23:08:09.905+0000] {logging_mixin.py:188} INFO - [2024-06-13T23:08:09.904+0000] {dagbag.py:540} INFO - Filling up the DagBag from /opt/airflow/dags/scripts/python/get_data.py
[2024-06-13T23:08:09.928+0000] {processor.py:842} WARNING - No viable dags retrieved from /opt/airflow/dags/scripts/python/get_data.py
[2024-06-13T23:08:09.940+0000] {processor.py:183} INFO - Processing /opt/airflow/dags/scripts/python/get_data.py took 0.041 seconds
[2024-06-13T23:08:40.302+0000] {processor.py:161} INFO - Started process (PID=901) to work on /opt/airflow/dags/scripts/python/get_data.py
[2024-06-13T23:08:40.303+0000] {processor.py:830} INFO - Processing file /opt/airflow/dags/scripts/python/get_data.py for tasks to queue
[2024-06-13T23:08:40.305+0000] {logging_mixin.py:188} INFO - [2024-06-13T23:08:40.305+0000] {dagbag.py:540} INFO - Filling up the DagBag from /opt/airflow/dags/scripts/python/get_data.py
[2024-06-13T23:08:40.325+0000] {processor.py:842} WARNING - No viable dags retrieved from /opt/airflow/dags/scripts/python/get_data.py
[2024-06-13T23:08:40.333+0000] {processor.py:183} INFO - Processing /opt/airflow/dags/scripts/python/get_data.py took 0.034 seconds
[2024-06-13T23:09:10.960+0000] {processor.py:161} INFO - Started process (PID=909) to work on /opt/airflow/dags/scripts/python/get_data.py
[2024-06-13T23:09:10.962+0000] {processor.py:830} INFO - Processing file /opt/airflow/dags/scripts/python/get_data.py for tasks to queue
[2024-06-13T23:09:10.964+0000] {logging_mixin.py:188} INFO - [2024-06-13T23:09:10.964+0000] {dagbag.py:540} INFO - Filling up the DagBag from /opt/airflow/dags/scripts/python/get_data.py
[2024-06-13T23:09:10.987+0000] {processor.py:842} WARNING - No viable dags retrieved from /opt/airflow/dags/scripts/python/get_data.py
[2024-06-13T23:09:10.997+0000] {processor.py:183} INFO - Processing /opt/airflow/dags/scripts/python/get_data.py took 0.040 seconds
[2024-06-13T23:09:41.342+0000] {processor.py:161} INFO - Started process (PID=917) to work on /opt/airflow/dags/scripts/python/get_data.py
[2024-06-13T23:09:41.343+0000] {processor.py:830} INFO - Processing file /opt/airflow/dags/scripts/python/get_data.py for tasks to queue
[2024-06-13T23:09:41.345+0000] {logging_mixin.py:188} INFO - [2024-06-13T23:09:41.345+0000] {dagbag.py:540} INFO - Filling up the DagBag from /opt/airflow/dags/scripts/python/get_data.py
[2024-06-13T23:09:41.365+0000] {processor.py:842} WARNING - No viable dags retrieved from /opt/airflow/dags/scripts/python/get_data.py
[2024-06-13T23:09:41.374+0000] {processor.py:183} INFO - Processing /opt/airflow/dags/scripts/python/get_data.py took 0.034 seconds
[2024-06-13T23:10:11.754+0000] {processor.py:161} INFO - Started process (PID=925) to work on /opt/airflow/dags/scripts/python/get_data.py
[2024-06-13T23:10:11.755+0000] {processor.py:830} INFO - Processing file /opt/airflow/dags/scripts/python/get_data.py for tasks to queue
[2024-06-13T23:10:11.758+0000] {logging_mixin.py:188} INFO - [2024-06-13T23:10:11.757+0000] {dagbag.py:540} INFO - Filling up the DagBag from /opt/airflow/dags/scripts/python/get_data.py
[2024-06-13T23:10:11.780+0000] {processor.py:842} WARNING - No viable dags retrieved from /opt/airflow/dags/scripts/python/get_data.py
[2024-06-13T23:10:11.789+0000] {processor.py:183} INFO - Processing /opt/airflow/dags/scripts/python/get_data.py took 0.038 seconds
[2024-06-13T23:10:42.172+0000] {processor.py:161} INFO - Started process (PID=933) to work on /opt/airflow/dags/scripts/python/get_data.py
[2024-06-13T23:10:42.173+0000] {processor.py:830} INFO - Processing file /opt/airflow/dags/scripts/python/get_data.py for tasks to queue
[2024-06-13T23:10:42.176+0000] {logging_mixin.py:188} INFO - [2024-06-13T23:10:42.176+0000] {dagbag.py:540} INFO - Filling up the DagBag from /opt/airflow/dags/scripts/python/get_data.py
[2024-06-13T23:10:42.201+0000] {processor.py:842} WARNING - No viable dags retrieved from /opt/airflow/dags/scripts/python/get_data.py
[2024-06-13T23:10:42.211+0000] {processor.py:183} INFO - Processing /opt/airflow/dags/scripts/python/get_data.py took 0.044 seconds
[2024-06-13T23:11:12.605+0000] {processor.py:161} INFO - Started process (PID=941) to work on /opt/airflow/dags/scripts/python/get_data.py
[2024-06-13T23:11:12.606+0000] {processor.py:830} INFO - Processing file /opt/airflow/dags/scripts/python/get_data.py for tasks to queue
[2024-06-13T23:11:12.608+0000] {logging_mixin.py:188} INFO - [2024-06-13T23:11:12.608+0000] {dagbag.py:540} INFO - Filling up the DagBag from /opt/airflow/dags/scripts/python/get_data.py
[2024-06-13T23:11:12.633+0000] {processor.py:842} WARNING - No viable dags retrieved from /opt/airflow/dags/scripts/python/get_data.py
[2024-06-13T23:11:12.645+0000] {processor.py:183} INFO - Processing /opt/airflow/dags/scripts/python/get_data.py took 0.043 seconds
[2024-06-13T23:11:42.990+0000] {processor.py:161} INFO - Started process (PID=949) to work on /opt/airflow/dags/scripts/python/get_data.py
[2024-06-13T23:11:42.991+0000] {processor.py:830} INFO - Processing file /opt/airflow/dags/scripts/python/get_data.py for tasks to queue
[2024-06-13T23:11:42.993+0000] {logging_mixin.py:188} INFO - [2024-06-13T23:11:42.993+0000] {dagbag.py:540} INFO - Filling up the DagBag from /opt/airflow/dags/scripts/python/get_data.py
[2024-06-13T23:11:43.040+0000] {processor.py:842} WARNING - No viable dags retrieved from /opt/airflow/dags/scripts/python/get_data.py
[2024-06-13T23:11:43.061+0000] {processor.py:183} INFO - Processing /opt/airflow/dags/scripts/python/get_data.py took 0.074 seconds
[2024-06-13T23:12:13.380+0000] {processor.py:161} INFO - Started process (PID=957) to work on /opt/airflow/dags/scripts/python/get_data.py
[2024-06-13T23:12:13.381+0000] {processor.py:830} INFO - Processing file /opt/airflow/dags/scripts/python/get_data.py for tasks to queue
[2024-06-13T23:12:13.383+0000] {logging_mixin.py:188} INFO - [2024-06-13T23:12:13.383+0000] {dagbag.py:540} INFO - Filling up the DagBag from /opt/airflow/dags/scripts/python/get_data.py
[2024-06-13T23:12:13.406+0000] {processor.py:842} WARNING - No viable dags retrieved from /opt/airflow/dags/scripts/python/get_data.py
[2024-06-13T23:12:13.415+0000] {processor.py:183} INFO - Processing /opt/airflow/dags/scripts/python/get_data.py took 0.039 seconds
[2024-06-13T23:12:43.763+0000] {processor.py:161} INFO - Started process (PID=965) to work on /opt/airflow/dags/scripts/python/get_data.py
[2024-06-13T23:12:43.764+0000] {processor.py:830} INFO - Processing file /opt/airflow/dags/scripts/python/get_data.py for tasks to queue
[2024-06-13T23:12:43.766+0000] {logging_mixin.py:188} INFO - [2024-06-13T23:12:43.766+0000] {dagbag.py:540} INFO - Filling up the DagBag from /opt/airflow/dags/scripts/python/get_data.py
[2024-06-13T23:12:43.787+0000] {processor.py:842} WARNING - No viable dags retrieved from /opt/airflow/dags/scripts/python/get_data.py
[2024-06-13T23:12:43.796+0000] {processor.py:183} INFO - Processing /opt/airflow/dags/scripts/python/get_data.py took 0.036 seconds
[2024-06-13T23:13:14.197+0000] {processor.py:161} INFO - Started process (PID=973) to work on /opt/airflow/dags/scripts/python/get_data.py
[2024-06-13T23:13:14.199+0000] {processor.py:830} INFO - Processing file /opt/airflow/dags/scripts/python/get_data.py for tasks to queue
[2024-06-13T23:13:14.202+0000] {logging_mixin.py:188} INFO - [2024-06-13T23:13:14.201+0000] {dagbag.py:540} INFO - Filling up the DagBag from /opt/airflow/dags/scripts/python/get_data.py
[2024-06-13T23:13:14.228+0000] {processor.py:842} WARNING - No viable dags retrieved from /opt/airflow/dags/scripts/python/get_data.py
[2024-06-13T23:13:14.241+0000] {processor.py:183} INFO - Processing /opt/airflow/dags/scripts/python/get_data.py took 0.047 seconds
[2024-06-13T23:13:44.626+0000] {processor.py:161} INFO - Started process (PID=981) to work on /opt/airflow/dags/scripts/python/get_data.py
[2024-06-13T23:13:44.628+0000] {processor.py:830} INFO - Processing file /opt/airflow/dags/scripts/python/get_data.py for tasks to queue
[2024-06-13T23:13:44.630+0000] {logging_mixin.py:188} INFO - [2024-06-13T23:13:44.629+0000] {dagbag.py:540} INFO - Filling up the DagBag from /opt/airflow/dags/scripts/python/get_data.py
[2024-06-13T23:13:44.653+0000] {processor.py:842} WARNING - No viable dags retrieved from /opt/airflow/dags/scripts/python/get_data.py
[2024-06-13T23:13:44.662+0000] {processor.py:183} INFO - Processing /opt/airflow/dags/scripts/python/get_data.py took 0.039 seconds
[2024-06-13T23:14:15.550+0000] {processor.py:161} INFO - Started process (PID=989) to work on /opt/airflow/dags/scripts/python/get_data.py
[2024-06-13T23:14:15.551+0000] {processor.py:830} INFO - Processing file /opt/airflow/dags/scripts/python/get_data.py for tasks to queue
[2024-06-13T23:14:15.553+0000] {logging_mixin.py:188} INFO - [2024-06-13T23:14:15.553+0000] {dagbag.py:540} INFO - Filling up the DagBag from /opt/airflow/dags/scripts/python/get_data.py
[2024-06-13T23:14:15.575+0000] {processor.py:842} WARNING - No viable dags retrieved from /opt/airflow/dags/scripts/python/get_data.py
[2024-06-13T23:14:15.586+0000] {processor.py:183} INFO - Processing /opt/airflow/dags/scripts/python/get_data.py took 0.039 seconds
[2024-06-13T23:14:45.923+0000] {processor.py:161} INFO - Started process (PID=997) to work on /opt/airflow/dags/scripts/python/get_data.py
[2024-06-13T23:14:45.924+0000] {processor.py:830} INFO - Processing file /opt/airflow/dags/scripts/python/get_data.py for tasks to queue
[2024-06-13T23:14:45.925+0000] {logging_mixin.py:188} INFO - [2024-06-13T23:14:45.925+0000] {dagbag.py:540} INFO - Filling up the DagBag from /opt/airflow/dags/scripts/python/get_data.py
[2024-06-13T23:14:45.943+0000] {processor.py:842} WARNING - No viable dags retrieved from /opt/airflow/dags/scripts/python/get_data.py
[2024-06-13T23:14:45.952+0000] {processor.py:183} INFO - Processing /opt/airflow/dags/scripts/python/get_data.py took 0.031 seconds
[2024-06-13T23:15:16.305+0000] {processor.py:161} INFO - Started process (PID=1005) to work on /opt/airflow/dags/scripts/python/get_data.py
[2024-06-13T23:15:16.306+0000] {processor.py:830} INFO - Processing file /opt/airflow/dags/scripts/python/get_data.py for tasks to queue
[2024-06-13T23:15:16.307+0000] {logging_mixin.py:188} INFO - [2024-06-13T23:15:16.307+0000] {dagbag.py:540} INFO - Filling up the DagBag from /opt/airflow/dags/scripts/python/get_data.py
[2024-06-13T23:15:16.327+0000] {processor.py:842} WARNING - No viable dags retrieved from /opt/airflow/dags/scripts/python/get_data.py
[2024-06-13T23:15:16.337+0000] {processor.py:183} INFO - Processing /opt/airflow/dags/scripts/python/get_data.py took 0.035 seconds
[2024-06-13T23:15:46.693+0000] {processor.py:161} INFO - Started process (PID=1013) to work on /opt/airflow/dags/scripts/python/get_data.py
[2024-06-13T23:15:46.694+0000] {processor.py:830} INFO - Processing file /opt/airflow/dags/scripts/python/get_data.py for tasks to queue
[2024-06-13T23:15:46.695+0000] {logging_mixin.py:188} INFO - [2024-06-13T23:15:46.695+0000] {dagbag.py:540} INFO - Filling up the DagBag from /opt/airflow/dags/scripts/python/get_data.py
[2024-06-13T23:15:46.712+0000] {processor.py:842} WARNING - No viable dags retrieved from /opt/airflow/dags/scripts/python/get_data.py
[2024-06-13T23:15:46.721+0000] {processor.py:183} INFO - Processing /opt/airflow/dags/scripts/python/get_data.py took 0.030 seconds
[2024-06-13T23:16:17.094+0000] {processor.py:161} INFO - Started process (PID=1021) to work on /opt/airflow/dags/scripts/python/get_data.py
[2024-06-13T23:16:17.095+0000] {processor.py:830} INFO - Processing file /opt/airflow/dags/scripts/python/get_data.py for tasks to queue
[2024-06-13T23:16:17.097+0000] {logging_mixin.py:188} INFO - [2024-06-13T23:16:17.096+0000] {dagbag.py:540} INFO - Filling up the DagBag from /opt/airflow/dags/scripts/python/get_data.py
[2024-06-13T23:16:17.118+0000] {processor.py:842} WARNING - No viable dags retrieved from /opt/airflow/dags/scripts/python/get_data.py
[2024-06-13T23:16:17.128+0000] {processor.py:183} INFO - Processing /opt/airflow/dags/scripts/python/get_data.py took 0.037 seconds
[2024-06-13T23:16:47.441+0000] {processor.py:161} INFO - Started process (PID=1029) to work on /opt/airflow/dags/scripts/python/get_data.py
[2024-06-13T23:16:47.442+0000] {processor.py:830} INFO - Processing file /opt/airflow/dags/scripts/python/get_data.py for tasks to queue
[2024-06-13T23:16:47.443+0000] {logging_mixin.py:188} INFO - [2024-06-13T23:16:47.443+0000] {dagbag.py:540} INFO - Filling up the DagBag from /opt/airflow/dags/scripts/python/get_data.py
[2024-06-13T23:16:47.464+0000] {processor.py:842} WARNING - No viable dags retrieved from /opt/airflow/dags/scripts/python/get_data.py
[2024-06-13T23:16:47.476+0000] {processor.py:183} INFO - Processing /opt/airflow/dags/scripts/python/get_data.py took 0.037 seconds
[2024-06-13T23:17:17.787+0000] {processor.py:161} INFO - Started process (PID=1037) to work on /opt/airflow/dags/scripts/python/get_data.py
[2024-06-13T23:17:17.788+0000] {processor.py:830} INFO - Processing file /opt/airflow/dags/scripts/python/get_data.py for tasks to queue
[2024-06-13T23:17:17.789+0000] {logging_mixin.py:188} INFO - [2024-06-13T23:17:17.789+0000] {dagbag.py:540} INFO - Filling up the DagBag from /opt/airflow/dags/scripts/python/get_data.py
[2024-06-13T23:17:17.806+0000] {processor.py:842} WARNING - No viable dags retrieved from /opt/airflow/dags/scripts/python/get_data.py
[2024-06-13T23:17:17.815+0000] {processor.py:183} INFO - Processing /opt/airflow/dags/scripts/python/get_data.py took 0.030 seconds
[2024-06-13T23:17:48.169+0000] {processor.py:161} INFO - Started process (PID=1045) to work on /opt/airflow/dags/scripts/python/get_data.py
[2024-06-13T23:17:48.170+0000] {processor.py:830} INFO - Processing file /opt/airflow/dags/scripts/python/get_data.py for tasks to queue
[2024-06-13T23:17:48.172+0000] {logging_mixin.py:188} INFO - [2024-06-13T23:17:48.172+0000] {dagbag.py:540} INFO - Filling up the DagBag from /opt/airflow/dags/scripts/python/get_data.py
[2024-06-13T23:17:48.195+0000] {processor.py:842} WARNING - No viable dags retrieved from /opt/airflow/dags/scripts/python/get_data.py
[2024-06-13T23:17:48.205+0000] {processor.py:183} INFO - Processing /opt/airflow/dags/scripts/python/get_data.py took 0.040 seconds
[2024-06-13T23:18:18.544+0000] {processor.py:161} INFO - Started process (PID=1053) to work on /opt/airflow/dags/scripts/python/get_data.py
[2024-06-13T23:18:18.545+0000] {processor.py:830} INFO - Processing file /opt/airflow/dags/scripts/python/get_data.py for tasks to queue
[2024-06-13T23:18:18.547+0000] {logging_mixin.py:188} INFO - [2024-06-13T23:18:18.547+0000] {dagbag.py:540} INFO - Filling up the DagBag from /opt/airflow/dags/scripts/python/get_data.py
[2024-06-13T23:18:18.571+0000] {processor.py:842} WARNING - No viable dags retrieved from /opt/airflow/dags/scripts/python/get_data.py
[2024-06-13T23:18:18.582+0000] {processor.py:183} INFO - Processing /opt/airflow/dags/scripts/python/get_data.py took 0.040 seconds
[2024-06-13T23:18:48.943+0000] {processor.py:161} INFO - Started process (PID=1061) to work on /opt/airflow/dags/scripts/python/get_data.py
[2024-06-13T23:18:48.944+0000] {processor.py:830} INFO - Processing file /opt/airflow/dags/scripts/python/get_data.py for tasks to queue
[2024-06-13T23:18:48.947+0000] {logging_mixin.py:188} INFO - [2024-06-13T23:18:48.947+0000] {dagbag.py:540} INFO - Filling up the DagBag from /opt/airflow/dags/scripts/python/get_data.py
[2024-06-13T23:18:48.974+0000] {processor.py:842} WARNING - No viable dags retrieved from /opt/airflow/dags/scripts/python/get_data.py
[2024-06-13T23:18:48.995+0000] {processor.py:183} INFO - Processing /opt/airflow/dags/scripts/python/get_data.py took 0.055 seconds
[2024-06-13T23:19:19.802+0000] {processor.py:161} INFO - Started process (PID=1069) to work on /opt/airflow/dags/scripts/python/get_data.py
[2024-06-13T23:19:19.803+0000] {processor.py:830} INFO - Processing file /opt/airflow/dags/scripts/python/get_data.py for tasks to queue
[2024-06-13T23:19:19.804+0000] {logging_mixin.py:188} INFO - [2024-06-13T23:19:19.804+0000] {dagbag.py:540} INFO - Filling up the DagBag from /opt/airflow/dags/scripts/python/get_data.py
[2024-06-13T23:19:19.829+0000] {processor.py:842} WARNING - No viable dags retrieved from /opt/airflow/dags/scripts/python/get_data.py
[2024-06-13T23:19:19.850+0000] {processor.py:183} INFO - Processing /opt/airflow/dags/scripts/python/get_data.py took 0.051 seconds
[2024-06-13T23:19:50.237+0000] {processor.py:161} INFO - Started process (PID=1077) to work on /opt/airflow/dags/scripts/python/get_data.py
[2024-06-13T23:19:50.238+0000] {processor.py:830} INFO - Processing file /opt/airflow/dags/scripts/python/get_data.py for tasks to queue
[2024-06-13T23:19:50.240+0000] {logging_mixin.py:188} INFO - [2024-06-13T23:19:50.239+0000] {dagbag.py:540} INFO - Filling up the DagBag from /opt/airflow/dags/scripts/python/get_data.py
[2024-06-13T23:19:50.258+0000] {processor.py:842} WARNING - No viable dags retrieved from /opt/airflow/dags/scripts/python/get_data.py
[2024-06-13T23:19:50.267+0000] {processor.py:183} INFO - Processing /opt/airflow/dags/scripts/python/get_data.py took 0.032 seconds
[2024-06-13T23:20:20.624+0000] {processor.py:161} INFO - Started process (PID=1085) to work on /opt/airflow/dags/scripts/python/get_data.py
[2024-06-13T23:20:20.625+0000] {processor.py:830} INFO - Processing file /opt/airflow/dags/scripts/python/get_data.py for tasks to queue
[2024-06-13T23:20:20.626+0000] {logging_mixin.py:188} INFO - [2024-06-13T23:20:20.626+0000] {dagbag.py:540} INFO - Filling up the DagBag from /opt/airflow/dags/scripts/python/get_data.py
[2024-06-13T23:20:20.644+0000] {processor.py:842} WARNING - No viable dags retrieved from /opt/airflow/dags/scripts/python/get_data.py
[2024-06-13T23:20:20.654+0000] {processor.py:183} INFO - Processing /opt/airflow/dags/scripts/python/get_data.py took 0.032 seconds
[2024-06-13T23:20:51.004+0000] {processor.py:161} INFO - Started process (PID=1093) to work on /opt/airflow/dags/scripts/python/get_data.py
[2024-06-13T23:20:51.006+0000] {processor.py:830} INFO - Processing file /opt/airflow/dags/scripts/python/get_data.py for tasks to queue
[2024-06-13T23:20:51.009+0000] {logging_mixin.py:188} INFO - [2024-06-13T23:20:51.009+0000] {dagbag.py:540} INFO - Filling up the DagBag from /opt/airflow/dags/scripts/python/get_data.py
[2024-06-13T23:20:51.033+0000] {processor.py:842} WARNING - No viable dags retrieved from /opt/airflow/dags/scripts/python/get_data.py
[2024-06-13T23:20:51.044+0000] {processor.py:183} INFO - Processing /opt/airflow/dags/scripts/python/get_data.py took 0.043 seconds
[2024-06-13T23:21:21.397+0000] {processor.py:161} INFO - Started process (PID=1101) to work on /opt/airflow/dags/scripts/python/get_data.py
[2024-06-13T23:21:21.400+0000] {processor.py:830} INFO - Processing file /opt/airflow/dags/scripts/python/get_data.py for tasks to queue
[2024-06-13T23:21:21.402+0000] {logging_mixin.py:188} INFO - [2024-06-13T23:21:21.402+0000] {dagbag.py:540} INFO - Filling up the DagBag from /opt/airflow/dags/scripts/python/get_data.py
[2024-06-13T23:21:21.430+0000] {processor.py:842} WARNING - No viable dags retrieved from /opt/airflow/dags/scripts/python/get_data.py
[2024-06-13T23:21:21.442+0000] {processor.py:183} INFO - Processing /opt/airflow/dags/scripts/python/get_data.py took 0.051 seconds
[2024-06-13T23:21:51.726+0000] {processor.py:161} INFO - Started process (PID=1109) to work on /opt/airflow/dags/scripts/python/get_data.py
[2024-06-13T23:21:51.727+0000] {processor.py:830} INFO - Processing file /opt/airflow/dags/scripts/python/get_data.py for tasks to queue
[2024-06-13T23:21:51.728+0000] {logging_mixin.py:188} INFO - [2024-06-13T23:21:51.728+0000] {dagbag.py:540} INFO - Filling up the DagBag from /opt/airflow/dags/scripts/python/get_data.py
[2024-06-13T23:21:51.748+0000] {processor.py:842} WARNING - No viable dags retrieved from /opt/airflow/dags/scripts/python/get_data.py
[2024-06-13T23:21:51.756+0000] {processor.py:183} INFO - Processing /opt/airflow/dags/scripts/python/get_data.py took 0.033 seconds
[2024-06-13T23:22:22.049+0000] {processor.py:161} INFO - Started process (PID=1117) to work on /opt/airflow/dags/scripts/python/get_data.py
[2024-06-13T23:22:22.050+0000] {processor.py:830} INFO - Processing file /opt/airflow/dags/scripts/python/get_data.py for tasks to queue
[2024-06-13T23:22:22.051+0000] {logging_mixin.py:188} INFO - [2024-06-13T23:22:22.051+0000] {dagbag.py:540} INFO - Filling up the DagBag from /opt/airflow/dags/scripts/python/get_data.py
[2024-06-13T23:22:22.071+0000] {processor.py:842} WARNING - No viable dags retrieved from /opt/airflow/dags/scripts/python/get_data.py
[2024-06-13T23:22:22.084+0000] {processor.py:183} INFO - Processing /opt/airflow/dags/scripts/python/get_data.py took 0.037 seconds
[2024-06-13T23:22:52.404+0000] {processor.py:161} INFO - Started process (PID=1125) to work on /opt/airflow/dags/scripts/python/get_data.py
[2024-06-13T23:22:52.404+0000] {processor.py:830} INFO - Processing file /opt/airflow/dags/scripts/python/get_data.py for tasks to queue
[2024-06-13T23:22:52.406+0000] {logging_mixin.py:188} INFO - [2024-06-13T23:22:52.406+0000] {dagbag.py:540} INFO - Filling up the DagBag from /opt/airflow/dags/scripts/python/get_data.py
[2024-06-13T23:22:52.429+0000] {processor.py:842} WARNING - No viable dags retrieved from /opt/airflow/dags/scripts/python/get_data.py
[2024-06-13T23:22:52.441+0000] {processor.py:183} INFO - Processing /opt/airflow/dags/scripts/python/get_data.py took 0.039 seconds
[2024-06-13T23:23:22.773+0000] {processor.py:161} INFO - Started process (PID=1133) to work on /opt/airflow/dags/scripts/python/get_data.py
[2024-06-13T23:23:22.774+0000] {processor.py:830} INFO - Processing file /opt/airflow/dags/scripts/python/get_data.py for tasks to queue
[2024-06-13T23:23:22.777+0000] {logging_mixin.py:188} INFO - [2024-06-13T23:23:22.776+0000] {dagbag.py:540} INFO - Filling up the DagBag from /opt/airflow/dags/scripts/python/get_data.py
[2024-06-13T23:23:22.800+0000] {processor.py:842} WARNING - No viable dags retrieved from /opt/airflow/dags/scripts/python/get_data.py
[2024-06-13T23:23:22.811+0000] {processor.py:183} INFO - Processing /opt/airflow/dags/scripts/python/get_data.py took 0.042 seconds
[2024-06-13T23:23:53.156+0000] {processor.py:161} INFO - Started process (PID=1141) to work on /opt/airflow/dags/scripts/python/get_data.py
[2024-06-13T23:23:53.157+0000] {processor.py:830} INFO - Processing file /opt/airflow/dags/scripts/python/get_data.py for tasks to queue
[2024-06-13T23:23:53.161+0000] {logging_mixin.py:188} INFO - [2024-06-13T23:23:53.160+0000] {dagbag.py:540} INFO - Filling up the DagBag from /opt/airflow/dags/scripts/python/get_data.py
[2024-06-13T23:23:53.188+0000] {processor.py:842} WARNING - No viable dags retrieved from /opt/airflow/dags/scripts/python/get_data.py
[2024-06-13T23:23:53.199+0000] {processor.py:183} INFO - Processing /opt/airflow/dags/scripts/python/get_data.py took 0.046 seconds
[2024-06-13T23:24:23.973+0000] {processor.py:161} INFO - Started process (PID=1149) to work on /opt/airflow/dags/scripts/python/get_data.py
[2024-06-13T23:24:23.974+0000] {processor.py:830} INFO - Processing file /opt/airflow/dags/scripts/python/get_data.py for tasks to queue
[2024-06-13T23:24:23.976+0000] {logging_mixin.py:188} INFO - [2024-06-13T23:24:23.976+0000] {dagbag.py:540} INFO - Filling up the DagBag from /opt/airflow/dags/scripts/python/get_data.py
[2024-06-13T23:24:24.001+0000] {processor.py:842} WARNING - No viable dags retrieved from /opt/airflow/dags/scripts/python/get_data.py
[2024-06-13T23:24:24.011+0000] {processor.py:183} INFO - Processing /opt/airflow/dags/scripts/python/get_data.py took 0.042 seconds
[2024-06-13T23:24:54.402+0000] {processor.py:161} INFO - Started process (PID=1157) to work on /opt/airflow/dags/scripts/python/get_data.py
[2024-06-13T23:24:54.403+0000] {processor.py:830} INFO - Processing file /opt/airflow/dags/scripts/python/get_data.py for tasks to queue
[2024-06-13T23:24:54.405+0000] {logging_mixin.py:188} INFO - [2024-06-13T23:24:54.405+0000] {dagbag.py:540} INFO - Filling up the DagBag from /opt/airflow/dags/scripts/python/get_data.py
[2024-06-13T23:24:54.427+0000] {processor.py:842} WARNING - No viable dags retrieved from /opt/airflow/dags/scripts/python/get_data.py
[2024-06-13T23:24:54.438+0000] {processor.py:183} INFO - Processing /opt/airflow/dags/scripts/python/get_data.py took 0.039 seconds
[2024-06-13T23:25:24.859+0000] {processor.py:161} INFO - Started process (PID=1165) to work on /opt/airflow/dags/scripts/python/get_data.py
[2024-06-13T23:25:24.860+0000] {processor.py:830} INFO - Processing file /opt/airflow/dags/scripts/python/get_data.py for tasks to queue
[2024-06-13T23:25:24.863+0000] {logging_mixin.py:188} INFO - [2024-06-13T23:25:24.863+0000] {dagbag.py:540} INFO - Filling up the DagBag from /opt/airflow/dags/scripts/python/get_data.py
[2024-06-13T23:25:24.903+0000] {processor.py:842} WARNING - No viable dags retrieved from /opt/airflow/dags/scripts/python/get_data.py
[2024-06-13T23:25:24.923+0000] {processor.py:183} INFO - Processing /opt/airflow/dags/scripts/python/get_data.py took 0.067 seconds
[2024-06-13T23:25:55.278+0000] {processor.py:161} INFO - Started process (PID=1173) to work on /opt/airflow/dags/scripts/python/get_data.py
[2024-06-13T23:25:55.280+0000] {processor.py:830} INFO - Processing file /opt/airflow/dags/scripts/python/get_data.py for tasks to queue
[2024-06-13T23:25:55.282+0000] {logging_mixin.py:188} INFO - [2024-06-13T23:25:55.282+0000] {dagbag.py:540} INFO - Filling up the DagBag from /opt/airflow/dags/scripts/python/get_data.py
[2024-06-13T23:25:55.305+0000] {processor.py:842} WARNING - No viable dags retrieved from /opt/airflow/dags/scripts/python/get_data.py
[2024-06-13T23:25:55.314+0000] {processor.py:183} INFO - Processing /opt/airflow/dags/scripts/python/get_data.py took 0.039 seconds
[2024-06-13T23:26:25.689+0000] {processor.py:161} INFO - Started process (PID=1181) to work on /opt/airflow/dags/scripts/python/get_data.py
[2024-06-13T23:26:25.691+0000] {processor.py:830} INFO - Processing file /opt/airflow/dags/scripts/python/get_data.py for tasks to queue
[2024-06-13T23:26:25.693+0000] {logging_mixin.py:188} INFO - [2024-06-13T23:26:25.693+0000] {dagbag.py:540} INFO - Filling up the DagBag from /opt/airflow/dags/scripts/python/get_data.py
[2024-06-13T23:26:25.722+0000] {processor.py:842} WARNING - No viable dags retrieved from /opt/airflow/dags/scripts/python/get_data.py
[2024-06-13T23:26:25.735+0000] {processor.py:183} INFO - Processing /opt/airflow/dags/scripts/python/get_data.py took 0.048 seconds
[2024-06-13T23:26:56.127+0000] {processor.py:161} INFO - Started process (PID=1189) to work on /opt/airflow/dags/scripts/python/get_data.py
[2024-06-13T23:26:56.128+0000] {processor.py:830} INFO - Processing file /opt/airflow/dags/scripts/python/get_data.py for tasks to queue
[2024-06-13T23:26:56.130+0000] {logging_mixin.py:188} INFO - [2024-06-13T23:26:56.130+0000] {dagbag.py:540} INFO - Filling up the DagBag from /opt/airflow/dags/scripts/python/get_data.py
[2024-06-13T23:26:56.154+0000] {processor.py:842} WARNING - No viable dags retrieved from /opt/airflow/dags/scripts/python/get_data.py
[2024-06-13T23:26:56.164+0000] {processor.py:183} INFO - Processing /opt/airflow/dags/scripts/python/get_data.py took 0.041 seconds
[2024-06-13T23:27:26.512+0000] {processor.py:161} INFO - Started process (PID=1197) to work on /opt/airflow/dags/scripts/python/get_data.py
[2024-06-13T23:27:26.514+0000] {processor.py:830} INFO - Processing file /opt/airflow/dags/scripts/python/get_data.py for tasks to queue
[2024-06-13T23:27:26.516+0000] {logging_mixin.py:188} INFO - [2024-06-13T23:27:26.515+0000] {dagbag.py:540} INFO - Filling up the DagBag from /opt/airflow/dags/scripts/python/get_data.py
[2024-06-13T23:27:26.537+0000] {processor.py:842} WARNING - No viable dags retrieved from /opt/airflow/dags/scripts/python/get_data.py
[2024-06-13T23:27:26.547+0000] {processor.py:183} INFO - Processing /opt/airflow/dags/scripts/python/get_data.py took 0.037 seconds
[2024-06-13T23:27:56.926+0000] {processor.py:161} INFO - Started process (PID=1205) to work on /opt/airflow/dags/scripts/python/get_data.py
[2024-06-13T23:27:56.927+0000] {processor.py:830} INFO - Processing file /opt/airflow/dags/scripts/python/get_data.py for tasks to queue
[2024-06-13T23:27:56.929+0000] {logging_mixin.py:188} INFO - [2024-06-13T23:27:56.929+0000] {dagbag.py:540} INFO - Filling up the DagBag from /opt/airflow/dags/scripts/python/get_data.py
[2024-06-13T23:27:56.952+0000] {processor.py:842} WARNING - No viable dags retrieved from /opt/airflow/dags/scripts/python/get_data.py
[2024-06-13T23:27:56.961+0000] {processor.py:183} INFO - Processing /opt/airflow/dags/scripts/python/get_data.py took 0.039 seconds
[2024-06-13T23:28:27.308+0000] {processor.py:161} INFO - Started process (PID=1213) to work on /opt/airflow/dags/scripts/python/get_data.py
[2024-06-13T23:28:27.309+0000] {processor.py:830} INFO - Processing file /opt/airflow/dags/scripts/python/get_data.py for tasks to queue
[2024-06-13T23:28:27.311+0000] {logging_mixin.py:188} INFO - [2024-06-13T23:28:27.311+0000] {dagbag.py:540} INFO - Filling up the DagBag from /opt/airflow/dags/scripts/python/get_data.py
[2024-06-13T23:28:27.334+0000] {processor.py:842} WARNING - No viable dags retrieved from /opt/airflow/dags/scripts/python/get_data.py
[2024-06-13T23:28:27.344+0000] {processor.py:183} INFO - Processing /opt/airflow/dags/scripts/python/get_data.py took 0.039 seconds
[2024-06-13T23:28:57.697+0000] {processor.py:161} INFO - Started process (PID=1221) to work on /opt/airflow/dags/scripts/python/get_data.py
[2024-06-13T23:28:57.698+0000] {processor.py:830} INFO - Processing file /opt/airflow/dags/scripts/python/get_data.py for tasks to queue
[2024-06-13T23:28:57.701+0000] {logging_mixin.py:188} INFO - [2024-06-13T23:28:57.700+0000] {dagbag.py:540} INFO - Filling up the DagBag from /opt/airflow/dags/scripts/python/get_data.py
[2024-06-13T23:28:57.723+0000] {processor.py:842} WARNING - No viable dags retrieved from /opt/airflow/dags/scripts/python/get_data.py
[2024-06-13T23:28:57.732+0000] {processor.py:183} INFO - Processing /opt/airflow/dags/scripts/python/get_data.py took 0.038 seconds
[2024-06-13T23:29:28.694+0000] {processor.py:161} INFO - Started process (PID=1235) to work on /opt/airflow/dags/scripts/python/get_data.py
[2024-06-13T23:29:28.695+0000] {processor.py:830} INFO - Processing file /opt/airflow/dags/scripts/python/get_data.py for tasks to queue
[2024-06-13T23:29:28.697+0000] {logging_mixin.py:188} INFO - [2024-06-13T23:29:28.697+0000] {dagbag.py:540} INFO - Filling up the DagBag from /opt/airflow/dags/scripts/python/get_data.py
[2024-06-13T23:29:28.741+0000] {processor.py:842} WARNING - No viable dags retrieved from /opt/airflow/dags/scripts/python/get_data.py
[2024-06-13T23:29:28.752+0000] {processor.py:183} INFO - Processing /opt/airflow/dags/scripts/python/get_data.py took 0.061 seconds
[2024-06-13T23:29:59.086+0000] {processor.py:161} INFO - Started process (PID=1243) to work on /opt/airflow/dags/scripts/python/get_data.py
[2024-06-13T23:29:59.087+0000] {processor.py:830} INFO - Processing file /opt/airflow/dags/scripts/python/get_data.py for tasks to queue
[2024-06-13T23:29:59.089+0000] {logging_mixin.py:188} INFO - [2024-06-13T23:29:59.089+0000] {dagbag.py:540} INFO - Filling up the DagBag from /opt/airflow/dags/scripts/python/get_data.py
[2024-06-13T23:29:59.111+0000] {processor.py:842} WARNING - No viable dags retrieved from /opt/airflow/dags/scripts/python/get_data.py
[2024-06-13T23:29:59.120+0000] {processor.py:183} INFO - Processing /opt/airflow/dags/scripts/python/get_data.py took 0.038 seconds
[2024-06-13T23:30:29.457+0000] {processor.py:161} INFO - Started process (PID=1251) to work on /opt/airflow/dags/scripts/python/get_data.py
[2024-06-13T23:30:29.457+0000] {processor.py:830} INFO - Processing file /opt/airflow/dags/scripts/python/get_data.py for tasks to queue
[2024-06-13T23:30:29.459+0000] {logging_mixin.py:188} INFO - [2024-06-13T23:30:29.459+0000] {dagbag.py:540} INFO - Filling up the DagBag from /opt/airflow/dags/scripts/python/get_data.py
[2024-06-13T23:30:29.477+0000] {processor.py:842} WARNING - No viable dags retrieved from /opt/airflow/dags/scripts/python/get_data.py
[2024-06-13T23:30:29.485+0000] {processor.py:183} INFO - Processing /opt/airflow/dags/scripts/python/get_data.py took 0.031 seconds
[2024-06-13T23:30:59.775+0000] {processor.py:161} INFO - Started process (PID=1258) to work on /opt/airflow/dags/scripts/python/get_data.py
[2024-06-13T23:30:59.776+0000] {processor.py:830} INFO - Processing file /opt/airflow/dags/scripts/python/get_data.py for tasks to queue
[2024-06-13T23:30:59.777+0000] {logging_mixin.py:188} INFO - [2024-06-13T23:30:59.777+0000] {dagbag.py:540} INFO - Filling up the DagBag from /opt/airflow/dags/scripts/python/get_data.py
[2024-06-13T23:30:59.794+0000] {processor.py:842} WARNING - No viable dags retrieved from /opt/airflow/dags/scripts/python/get_data.py
[2024-06-13T23:30:59.803+0000] {processor.py:183} INFO - Processing /opt/airflow/dags/scripts/python/get_data.py took 0.030 seconds
[2024-06-13T23:31:30.190+0000] {processor.py:161} INFO - Started process (PID=1266) to work on /opt/airflow/dags/scripts/python/get_data.py
[2024-06-13T23:31:30.191+0000] {processor.py:830} INFO - Processing file /opt/airflow/dags/scripts/python/get_data.py for tasks to queue
[2024-06-13T23:31:30.193+0000] {logging_mixin.py:188} INFO - [2024-06-13T23:31:30.193+0000] {dagbag.py:540} INFO - Filling up the DagBag from /opt/airflow/dags/scripts/python/get_data.py
[2024-06-13T23:31:30.215+0000] {processor.py:842} WARNING - No viable dags retrieved from /opt/airflow/dags/scripts/python/get_data.py
[2024-06-13T23:31:30.224+0000] {processor.py:183} INFO - Processing /opt/airflow/dags/scripts/python/get_data.py took 0.036 seconds
[2024-06-13T23:32:00.746+0000] {processor.py:161} INFO - Started process (PID=1274) to work on /opt/airflow/dags/scripts/python/get_data.py
[2024-06-13T23:32:00.746+0000] {processor.py:830} INFO - Processing file /opt/airflow/dags/scripts/python/get_data.py for tasks to queue
[2024-06-13T23:32:00.749+0000] {logging_mixin.py:188} INFO - [2024-06-13T23:32:00.748+0000] {dagbag.py:540} INFO - Filling up the DagBag from /opt/airflow/dags/scripts/python/get_data.py
[2024-06-13T23:32:00.772+0000] {processor.py:842} WARNING - No viable dags retrieved from /opt/airflow/dags/scripts/python/get_data.py
[2024-06-13T23:32:00.785+0000] {processor.py:183} INFO - Processing /opt/airflow/dags/scripts/python/get_data.py took 0.042 seconds
