[2024-04-02T02:49:38.691+0000] {taskinstance.py:1979} INFO - Dependencies all met for dep_context=non-requeueable deps ti=<TaskInstance: upload_historical_congress_data.upload_historical_members manual__2024-04-02T02:49:34.152482+00:00 [queued]>
[2024-04-02T02:49:38.699+0000] {taskinstance.py:1979} INFO - Dependencies all met for dep_context=requeueable deps ti=<TaskInstance: upload_historical_congress_data.upload_historical_members manual__2024-04-02T02:49:34.152482+00:00 [queued]>
[2024-04-02T02:49:38.699+0000] {taskinstance.py:2193} INFO - Starting attempt 1 of 3
[2024-04-02T02:49:38.707+0000] {taskinstance.py:2217} INFO - Executing <Task(PythonOperator): upload_historical_members> on 2024-04-02 02:49:34.152482+00:00
[2024-04-02T02:49:38.721+0000] {standard_task_runner.py:60} INFO - Started process 61 to run task
[2024-04-02T02:49:38.726+0000] {standard_task_runner.py:87} INFO - Running: ['***', 'tasks', 'run', 'upload_historical_congress_data', 'upload_historical_members', 'manual__2024-04-02T02:49:34.152482+00:00', '--job-id', '67', '--raw', '--subdir', 'DAGS_FOLDER/upload_historical_congress_data.py', '--cfg-path', '/tmp/tmp2diisbc8']
[2024-04-02T02:49:38.739+0000] {standard_task_runner.py:88} INFO - Job 67: Subtask upload_historical_members
[2024-04-02T02:49:38.799+0000] {task_command.py:423} INFO - Running <TaskInstance: upload_historical_congress_data.upload_historical_members manual__2024-04-02T02:49:34.152482+00:00 [running]> on host 308c9d5b795d
[2024-04-02T02:49:38.900+0000] {taskinstance.py:2513} INFO - Exporting env vars: AIRFLOW_CTX_DAG_EMAIL='***@***.com' AIRFLOW_CTX_DAG_OWNER='***' AIRFLOW_CTX_DAG_ID='upload_historical_congress_data' AIRFLOW_CTX_TASK_ID='upload_historical_members' AIRFLOW_CTX_EXECUTION_DATE='2024-04-02T02:49:34.152482+00:00' AIRFLOW_CTX_TRY_NUMBER='1' AIRFLOW_CTX_DAG_RUN_ID='manual__2024-04-02T02:49:34.152482+00:00'
[2024-04-02T02:49:38.907+0000] {get_data.py:258} INFO - executing API call for https://api.congress.gov/v3/member?format=json&fromDateTime=2023-01-01T00:00:00Z&toDateTime=2024-04-02T00:00:00Z&offset=0&limit=250&api_key=WNue8kCDCOIlewAsULgnN8j6SqSgAZjE2sYbPsBb
[2024-04-02T02:49:42.869+0000] {get_data.py:258} INFO - executing API call for https://api.congress.gov/v3/member?format=json&fromDateTime=2023-01-01T00:00:00Z&toDateTime=2024-04-02T00:00:00Z&offset=0&limit=250&api_key=WNue8kCDCOIlewAsULgnN8j6SqSgAZjE2sYbPsBb
[2024-04-02T02:49:44.482+0000] {logging_mixin.py:188} INFO - Parquet data uploaded to gs://congress_data/member/1_249_member.parquet
[2024-04-02T02:49:44.484+0000] {logging_mixin.py:188} INFO - 249 of 685 member records uploaded
[2024-04-02T02:49:44.484+0000] {get_data.py:258} INFO - executing API call for https://api.congress.gov/v3/member?format=json&fromDateTime=2023-01-01T00:00:00Z&toDateTime=2024-04-02T00:00:00Z&offset=250&limit=250&api_key=WNue8kCDCOIlewAsULgnN8j6SqSgAZjE2sYbPsBb
[2024-04-02T02:49:49.814+0000] {logging_mixin.py:188} INFO - Parquet data uploaded to gs://congress_data/member/251_500_member.parquet
[2024-04-02T02:49:49.922+0000] {logging_mixin.py:188} INFO - 500 of 685 member records uploaded
[2024-04-02T02:49:49.924+0000] {get_data.py:258} INFO - executing API call for https://api.congress.gov/v3/member?format=json&fromDateTime=2023-01-01T00:00:00Z&toDateTime=2024-04-02T00:00:00Z&offset=500&limit=250&api_key=WNue8kCDCOIlewAsULgnN8j6SqSgAZjE2sYbPsBb
[2024-04-02T02:49:54.604+0000] {logging_mixin.py:188} INFO - Parquet data uploaded to gs://congress_data/member/501_685_member.parquet
[2024-04-02T02:49:54.606+0000] {logging_mixin.py:188} INFO - 685 of 685 member records uploaded
[2024-04-02T02:49:54.607+0000] {python.py:202} INFO - Done. Returned value was: None
[2024-04-02T02:49:54.632+0000] {taskinstance.py:1149} INFO - Marking task as SUCCESS. dag_id=upload_historical_congress_data, task_id=upload_historical_members, execution_date=20240402T024934, start_date=20240402T024938, end_date=20240402T024954
[2024-04-02T02:49:54.721+0000] {local_task_job_runner.py:234} INFO - Task exited with return code 0
[2024-04-02T02:49:54.747+0000] {taskinstance.py:3312} INFO - 1 downstream tasks scheduled from follow-on schedule check
