[2024-05-23T00:11:06.017+0000] {processor.py:161} INFO - Started process (PID=10500) to work on /opt/airflow/dags/upload_congress_data.py
[2024-05-23T00:11:06.020+0000] {processor.py:830} INFO - Processing file /opt/airflow/dags/upload_congress_data.py for tasks to queue
[2024-05-23T00:11:06.026+0000] {logging_mixin.py:188} INFO - [2024-05-23T00:11:06.025+0000] {dagbag.py:540} INFO - Filling up the DagBag from /opt/airflow/dags/upload_congress_data.py
[2024-05-23T00:11:06.123+0000] {logging_mixin.py:188} INFO - Bucket Name: congress_data_testproject-420401
[2024-05-23T00:11:06.170+0000] {processor.py:840} INFO - DAG(s) 'upload_congress_data' retrieved from /opt/airflow/dags/upload_congress_data.py
[2024-05-23T00:11:06.227+0000] {logging_mixin.py:188} INFO - [2024-05-23T00:11:06.227+0000] {dag.py:3047} INFO - Sync 1 DAGs
[2024-05-23T00:11:06.262+0000] {logging_mixin.py:188} INFO - [2024-05-23T00:11:06.261+0000] {dag.py:3834} INFO - Setting next_dagrun for upload_congress_data to None, run_after=None
[2024-05-23T00:11:06.307+0000] {processor.py:183} INFO - Processing /opt/airflow/dags/upload_congress_data.py took 0.302 seconds
[2024-05-23T01:27:54.081+0000] {processor.py:161} INFO - Started process (PID=10508) to work on /opt/airflow/dags/upload_congress_data.py
[2024-05-23T01:27:54.083+0000] {processor.py:830} INFO - Processing file /opt/airflow/dags/upload_congress_data.py for tasks to queue
[2024-05-23T01:27:54.093+0000] {logging_mixin.py:188} INFO - [2024-05-23T01:27:54.091+0000] {dagbag.py:540} INFO - Filling up the DagBag from /opt/airflow/dags/upload_congress_data.py
[2024-05-23T01:27:54.166+0000] {logging_mixin.py:188} INFO - Bucket Name: congress_data_testproject-420401
[2024-05-23T01:27:54.186+0000] {processor.py:840} INFO - DAG(s) 'upload_congress_data' retrieved from /opt/airflow/dags/upload_congress_data.py
[2024-05-23T01:27:54.254+0000] {logging_mixin.py:188} INFO - [2024-05-23T01:27:54.253+0000] {dag.py:3047} INFO - Sync 1 DAGs
[2024-05-23T01:27:54.282+0000] {logging_mixin.py:188} INFO - [2024-05-23T01:27:54.282+0000] {dag.py:3834} INFO - Setting next_dagrun for upload_congress_data to None, run_after=None
[2024-05-23T01:27:54.312+0000] {processor.py:183} INFO - Processing /opt/airflow/dags/upload_congress_data.py took 0.242 seconds
[2024-05-23T02:38:16.547+0000] {processor.py:161} INFO - Started process (PID=10516) to work on /opt/airflow/dags/upload_congress_data.py
[2024-05-23T02:38:16.549+0000] {processor.py:830} INFO - Processing file /opt/airflow/dags/upload_congress_data.py for tasks to queue
[2024-05-23T02:38:16.552+0000] {logging_mixin.py:188} INFO - [2024-05-23T02:38:16.552+0000] {dagbag.py:540} INFO - Filling up the DagBag from /opt/airflow/dags/upload_congress_data.py
[2024-05-23T02:38:16.583+0000] {logging_mixin.py:188} INFO - Bucket Name: congress_data_testproject-420401
[2024-05-23T02:38:16.592+0000] {processor.py:840} INFO - DAG(s) 'upload_congress_data' retrieved from /opt/airflow/dags/upload_congress_data.py
[2024-05-23T02:38:16.609+0000] {logging_mixin.py:188} INFO - [2024-05-23T02:38:16.609+0000] {dag.py:3047} INFO - Sync 1 DAGs
[2024-05-23T02:38:16.621+0000] {logging_mixin.py:188} INFO - [2024-05-23T02:38:16.621+0000] {dag.py:3834} INFO - Setting next_dagrun for upload_congress_data to None, run_after=None
[2024-05-23T02:38:16.632+0000] {processor.py:183} INFO - Processing /opt/airflow/dags/upload_congress_data.py took 0.089 seconds
[2024-05-23T03:44:58.090+0000] {processor.py:161} INFO - Started process (PID=10524) to work on /opt/airflow/dags/upload_congress_data.py
[2024-05-23T03:44:58.090+0000] {processor.py:830} INFO - Processing file /opt/airflow/dags/upload_congress_data.py for tasks to queue
[2024-05-23T03:44:58.094+0000] {logging_mixin.py:188} INFO - [2024-05-23T03:44:58.093+0000] {dagbag.py:540} INFO - Filling up the DagBag from /opt/airflow/dags/upload_congress_data.py
[2024-05-23T03:44:58.126+0000] {logging_mixin.py:188} INFO - Bucket Name: congress_data_testproject-420401
[2024-05-23T03:44:58.137+0000] {processor.py:840} INFO - DAG(s) 'upload_congress_data' retrieved from /opt/airflow/dags/upload_congress_data.py
[2024-05-23T03:44:58.157+0000] {logging_mixin.py:188} INFO - [2024-05-23T03:44:58.156+0000] {dag.py:3047} INFO - Sync 1 DAGs
[2024-05-23T03:44:58.171+0000] {logging_mixin.py:188} INFO - [2024-05-23T03:44:58.171+0000] {dag.py:3834} INFO - Setting next_dagrun for upload_congress_data to None, run_after=None
[2024-05-23T03:44:58.179+0000] {processor.py:183} INFO - Processing /opt/airflow/dags/upload_congress_data.py took 0.093 seconds
[2024-05-23T05:04:32.763+0000] {processor.py:161} INFO - Started process (PID=10532) to work on /opt/airflow/dags/upload_congress_data.py
[2024-05-23T05:04:32.764+0000] {processor.py:830} INFO - Processing file /opt/airflow/dags/upload_congress_data.py for tasks to queue
[2024-05-23T05:04:32.766+0000] {logging_mixin.py:188} INFO - [2024-05-23T05:04:32.766+0000] {dagbag.py:540} INFO - Filling up the DagBag from /opt/airflow/dags/upload_congress_data.py
[2024-05-23T05:04:32.797+0000] {logging_mixin.py:188} INFO - Bucket Name: congress_data_testproject-420401
[2024-05-23T05:04:32.811+0000] {processor.py:840} INFO - DAG(s) 'upload_congress_data' retrieved from /opt/airflow/dags/upload_congress_data.py
[2024-05-23T05:04:32.836+0000] {logging_mixin.py:188} INFO - [2024-05-23T05:04:32.836+0000] {dag.py:3047} INFO - Sync 1 DAGs
[2024-05-23T05:04:32.850+0000] {logging_mixin.py:188} INFO - [2024-05-23T05:04:32.849+0000] {dag.py:3834} INFO - Setting next_dagrun for upload_congress_data to None, run_after=None
[2024-05-23T05:04:32.860+0000] {processor.py:183} INFO - Processing /opt/airflow/dags/upload_congress_data.py took 0.100 seconds
[2024-05-23T06:03:46.002+0000] {processor.py:161} INFO - Started process (PID=10540) to work on /opt/airflow/dags/upload_congress_data.py
[2024-05-23T06:03:46.005+0000] {processor.py:830} INFO - Processing file /opt/airflow/dags/upload_congress_data.py for tasks to queue
[2024-05-23T06:03:46.016+0000] {logging_mixin.py:188} INFO - [2024-05-23T06:03:46.014+0000] {dagbag.py:540} INFO - Filling up the DagBag from /opt/airflow/dags/upload_congress_data.py
[2024-05-23T06:03:46.086+0000] {logging_mixin.py:188} INFO - Bucket Name: congress_data_testproject-420401
[2024-05-23T06:03:46.113+0000] {processor.py:840} INFO - DAG(s) 'upload_congress_data' retrieved from /opt/airflow/dags/upload_congress_data.py
[2024-05-23T06:03:46.162+0000] {logging_mixin.py:188} INFO - [2024-05-23T06:03:46.161+0000] {dag.py:3047} INFO - Sync 1 DAGs
[2024-05-23T06:03:46.186+0000] {logging_mixin.py:188} INFO - [2024-05-23T06:03:46.185+0000] {dag.py:3834} INFO - Setting next_dagrun for upload_congress_data to None, run_after=None
[2024-05-23T06:03:46.218+0000] {processor.py:183} INFO - Processing /opt/airflow/dags/upload_congress_data.py took 0.227 seconds
[2024-05-23T06:50:19.919+0000] {processor.py:161} INFO - Started process (PID=10548) to work on /opt/airflow/dags/upload_congress_data.py
[2024-05-23T06:50:19.920+0000] {processor.py:830} INFO - Processing file /opt/airflow/dags/upload_congress_data.py for tasks to queue
[2024-05-23T06:50:19.924+0000] {logging_mixin.py:188} INFO - [2024-05-23T06:50:19.923+0000] {dagbag.py:540} INFO - Filling up the DagBag from /opt/airflow/dags/upload_congress_data.py
[2024-05-23T06:50:19.974+0000] {logging_mixin.py:188} INFO - Bucket Name: congress_data_testproject-420401
[2024-05-23T06:50:19.984+0000] {processor.py:840} INFO - DAG(s) 'upload_congress_data' retrieved from /opt/airflow/dags/upload_congress_data.py
[2024-05-23T06:50:20.001+0000] {logging_mixin.py:188} INFO - [2024-05-23T06:50:20.000+0000] {dag.py:3047} INFO - Sync 1 DAGs
[2024-05-23T06:50:20.012+0000] {logging_mixin.py:188} INFO - [2024-05-23T06:50:20.012+0000] {dag.py:3834} INFO - Setting next_dagrun for upload_congress_data to None, run_after=None
[2024-05-23T06:50:20.022+0000] {processor.py:183} INFO - Processing /opt/airflow/dags/upload_congress_data.py took 0.106 seconds
[2024-05-23T08:10:57.174+0000] {processor.py:161} INFO - Started process (PID=10556) to work on /opt/airflow/dags/upload_congress_data.py
[2024-05-23T08:10:57.176+0000] {processor.py:830} INFO - Processing file /opt/airflow/dags/upload_congress_data.py for tasks to queue
[2024-05-23T08:10:57.185+0000] {logging_mixin.py:188} INFO - [2024-05-23T08:10:57.183+0000] {dagbag.py:540} INFO - Filling up the DagBag from /opt/airflow/dags/upload_congress_data.py
[2024-05-23T08:10:57.248+0000] {logging_mixin.py:188} INFO - Bucket Name: congress_data_testproject-420401
[2024-05-23T08:10:57.267+0000] {processor.py:840} INFO - DAG(s) 'upload_congress_data' retrieved from /opt/airflow/dags/upload_congress_data.py
[2024-05-23T08:10:57.327+0000] {logging_mixin.py:188} INFO - [2024-05-23T08:10:57.327+0000] {dag.py:3047} INFO - Sync 1 DAGs
[2024-05-23T08:10:57.354+0000] {logging_mixin.py:188} INFO - [2024-05-23T08:10:57.354+0000] {dag.py:3834} INFO - Setting next_dagrun for upload_congress_data to None, run_after=None
[2024-05-23T08:10:57.384+0000] {processor.py:183} INFO - Processing /opt/airflow/dags/upload_congress_data.py took 0.219 seconds
[2024-05-23T09:42:43.850+0000] {processor.py:161} INFO - Started process (PID=10564) to work on /opt/airflow/dags/upload_congress_data.py
[2024-05-23T09:42:43.852+0000] {processor.py:830} INFO - Processing file /opt/airflow/dags/upload_congress_data.py for tasks to queue
[2024-05-23T09:42:43.860+0000] {logging_mixin.py:188} INFO - [2024-05-23T09:42:43.859+0000] {dagbag.py:540} INFO - Filling up the DagBag from /opt/airflow/dags/upload_congress_data.py
[2024-05-23T09:42:43.939+0000] {logging_mixin.py:188} INFO - Bucket Name: congress_data_testproject-420401
[2024-05-23T09:42:43.956+0000] {processor.py:840} INFO - DAG(s) 'upload_congress_data' retrieved from /opt/airflow/dags/upload_congress_data.py
[2024-05-23T09:42:44.006+0000] {logging_mixin.py:188} INFO - [2024-05-23T09:42:44.006+0000] {dag.py:3047} INFO - Sync 1 DAGs
[2024-05-23T09:42:44.040+0000] {logging_mixin.py:188} INFO - [2024-05-23T09:42:44.040+0000] {dag.py:3834} INFO - Setting next_dagrun for upload_congress_data to None, run_after=None
[2024-05-23T09:42:44.069+0000] {processor.py:183} INFO - Processing /opt/airflow/dags/upload_congress_data.py took 0.224 seconds
[2024-05-23T11:08:49.324+0000] {processor.py:161} INFO - Started process (PID=10572) to work on /opt/airflow/dags/upload_congress_data.py
[2024-05-23T11:08:49.325+0000] {processor.py:830} INFO - Processing file /opt/airflow/dags/upload_congress_data.py for tasks to queue
[2024-05-23T11:08:49.327+0000] {logging_mixin.py:188} INFO - [2024-05-23T11:08:49.327+0000] {dagbag.py:540} INFO - Filling up the DagBag from /opt/airflow/dags/upload_congress_data.py
[2024-05-23T11:08:49.357+0000] {logging_mixin.py:188} INFO - Bucket Name: congress_data_testproject-420401
[2024-05-23T11:08:49.366+0000] {processor.py:840} INFO - DAG(s) 'upload_congress_data' retrieved from /opt/airflow/dags/upload_congress_data.py
[2024-05-23T11:08:49.383+0000] {logging_mixin.py:188} INFO - [2024-05-23T11:08:49.383+0000] {dag.py:3047} INFO - Sync 1 DAGs
[2024-05-23T11:08:49.395+0000] {logging_mixin.py:188} INFO - [2024-05-23T11:08:49.395+0000] {dag.py:3834} INFO - Setting next_dagrun for upload_congress_data to None, run_after=None
[2024-05-23T11:08:49.404+0000] {processor.py:183} INFO - Processing /opt/airflow/dags/upload_congress_data.py took 0.090 seconds
[2024-05-23T12:33:12.144+0000] {processor.py:161} INFO - Started process (PID=10580) to work on /opt/airflow/dags/upload_congress_data.py
[2024-05-23T12:33:12.147+0000] {processor.py:830} INFO - Processing file /opt/airflow/dags/upload_congress_data.py for tasks to queue
[2024-05-23T12:33:12.153+0000] {logging_mixin.py:188} INFO - [2024-05-23T12:33:12.152+0000] {dagbag.py:540} INFO - Filling up the DagBag from /opt/airflow/dags/upload_congress_data.py
[2024-05-23T12:33:12.225+0000] {logging_mixin.py:188} INFO - Bucket Name: congress_data_testproject-420401
[2024-05-23T12:33:12.256+0000] {processor.py:840} INFO - DAG(s) 'upload_congress_data' retrieved from /opt/airflow/dags/upload_congress_data.py
[2024-05-23T12:33:12.298+0000] {logging_mixin.py:188} INFO - [2024-05-23T12:33:12.297+0000] {dag.py:3047} INFO - Sync 1 DAGs
[2024-05-23T12:33:12.329+0000] {logging_mixin.py:188} INFO - [2024-05-23T12:33:12.328+0000] {dag.py:3834} INFO - Setting next_dagrun for upload_congress_data to None, run_after=None
[2024-05-23T12:33:12.356+0000] {processor.py:183} INFO - Processing /opt/airflow/dags/upload_congress_data.py took 0.221 seconds
[2024-05-23T13:18:02.972+0000] {processor.py:161} INFO - Started process (PID=10588) to work on /opt/airflow/dags/upload_congress_data.py
[2024-05-23T13:18:02.974+0000] {processor.py:830} INFO - Processing file /opt/airflow/dags/upload_congress_data.py for tasks to queue
[2024-05-23T13:18:02.988+0000] {logging_mixin.py:188} INFO - [2024-05-23T13:18:02.987+0000] {dagbag.py:540} INFO - Filling up the DagBag from /opt/airflow/dags/upload_congress_data.py
[2024-05-23T13:18:03.019+0000] {logging_mixin.py:188} INFO - Bucket Name: congress_data_testproject-420401
[2024-05-23T13:18:03.029+0000] {processor.py:840} INFO - DAG(s) 'upload_congress_data' retrieved from /opt/airflow/dags/upload_congress_data.py
[2024-05-23T13:18:03.046+0000] {logging_mixin.py:188} INFO - [2024-05-23T13:18:03.046+0000] {dag.py:3047} INFO - Sync 1 DAGs
[2024-05-23T13:18:03.058+0000] {logging_mixin.py:188} INFO - [2024-05-23T13:18:03.058+0000] {dag.py:3834} INFO - Setting next_dagrun for upload_congress_data to None, run_after=None
[2024-05-23T13:18:03.069+0000] {processor.py:183} INFO - Processing /opt/airflow/dags/upload_congress_data.py took 0.106 seconds
[2024-05-23T15:02:05.353+0000] {processor.py:161} INFO - Started process (PID=10596) to work on /opt/airflow/dags/upload_congress_data.py
[2024-05-23T15:02:05.357+0000] {processor.py:830} INFO - Processing file /opt/airflow/dags/upload_congress_data.py for tasks to queue
[2024-05-23T15:02:05.365+0000] {logging_mixin.py:188} INFO - [2024-05-23T15:02:05.364+0000] {dagbag.py:540} INFO - Filling up the DagBag from /opt/airflow/dags/upload_congress_data.py
[2024-05-23T15:02:05.431+0000] {logging_mixin.py:188} INFO - Bucket Name: congress_data_testproject-420401
[2024-05-23T15:02:05.469+0000] {processor.py:840} INFO - DAG(s) 'upload_congress_data' retrieved from /opt/airflow/dags/upload_congress_data.py
[2024-05-23T15:02:05.501+0000] {logging_mixin.py:188} INFO - [2024-05-23T15:02:05.501+0000] {dag.py:3047} INFO - Sync 1 DAGs
[2024-05-23T15:02:05.515+0000] {logging_mixin.py:188} INFO - [2024-05-23T15:02:05.515+0000] {dag.py:3834} INFO - Setting next_dagrun for upload_congress_data to None, run_after=None
[2024-05-23T15:02:05.523+0000] {processor.py:183} INFO - Processing /opt/airflow/dags/upload_congress_data.py took 0.178 seconds
[2024-05-23T16:18:20.958+0000] {processor.py:161} INFO - Started process (PID=10604) to work on /opt/airflow/dags/upload_congress_data.py
[2024-05-23T16:18:20.960+0000] {processor.py:830} INFO - Processing file /opt/airflow/dags/upload_congress_data.py for tasks to queue
[2024-05-23T16:18:20.970+0000] {logging_mixin.py:188} INFO - [2024-05-23T16:18:20.968+0000] {dagbag.py:540} INFO - Filling up the DagBag from /opt/airflow/dags/upload_congress_data.py
[2024-05-23T16:18:21.055+0000] {logging_mixin.py:188} INFO - Bucket Name: congress_data_testproject-420401
[2024-05-23T16:18:21.076+0000] {processor.py:840} INFO - DAG(s) 'upload_congress_data' retrieved from /opt/airflow/dags/upload_congress_data.py
[2024-05-23T16:18:21.119+0000] {logging_mixin.py:188} INFO - [2024-05-23T16:18:21.119+0000] {dag.py:3047} INFO - Sync 1 DAGs
[2024-05-23T16:18:21.151+0000] {logging_mixin.py:188} INFO - [2024-05-23T16:18:21.151+0000] {dag.py:3834} INFO - Setting next_dagrun for upload_congress_data to None, run_after=None
[2024-05-23T16:18:21.178+0000] {processor.py:183} INFO - Processing /opt/airflow/dags/upload_congress_data.py took 0.227 seconds
[2024-05-23T16:52:33.671+0000] {processor.py:161} INFO - Started process (PID=10612) to work on /opt/airflow/dags/upload_congress_data.py
[2024-05-23T16:52:33.673+0000] {processor.py:830} INFO - Processing file /opt/airflow/dags/upload_congress_data.py for tasks to queue
[2024-05-23T16:52:33.679+0000] {logging_mixin.py:188} INFO - [2024-05-23T16:52:33.679+0000] {dagbag.py:540} INFO - Filling up the DagBag from /opt/airflow/dags/upload_congress_data.py
[2024-05-23T16:52:33.713+0000] {logging_mixin.py:188} INFO - Bucket Name: congress_data_testproject-420401
[2024-05-23T16:52:33.727+0000] {processor.py:840} INFO - DAG(s) 'upload_congress_data' retrieved from /opt/airflow/dags/upload_congress_data.py
[2024-05-23T16:52:33.749+0000] {logging_mixin.py:188} INFO - [2024-05-23T16:52:33.748+0000] {dag.py:3047} INFO - Sync 1 DAGs
[2024-05-23T16:52:33.766+0000] {logging_mixin.py:188} INFO - [2024-05-23T16:52:33.766+0000] {dag.py:3834} INFO - Setting next_dagrun for upload_congress_data to None, run_after=None
[2024-05-23T16:52:33.780+0000] {processor.py:183} INFO - Processing /opt/airflow/dags/upload_congress_data.py took 0.115 seconds
[2024-05-23T18:05:01.822+0000] {processor.py:161} INFO - Started process (PID=10620) to work on /opt/airflow/dags/upload_congress_data.py
[2024-05-23T18:05:01.825+0000] {processor.py:830} INFO - Processing file /opt/airflow/dags/upload_congress_data.py for tasks to queue
[2024-05-23T18:05:01.834+0000] {logging_mixin.py:188} INFO - [2024-05-23T18:05:01.832+0000] {dagbag.py:540} INFO - Filling up the DagBag from /opt/airflow/dags/upload_congress_data.py
[2024-05-23T18:05:01.919+0000] {logging_mixin.py:188} INFO - Bucket Name: congress_data_testproject-420401
[2024-05-23T18:05:01.939+0000] {processor.py:840} INFO - DAG(s) 'upload_congress_data' retrieved from /opt/airflow/dags/upload_congress_data.py
[2024-05-23T18:05:01.981+0000] {logging_mixin.py:188} INFO - [2024-05-23T18:05:01.981+0000] {dag.py:3047} INFO - Sync 1 DAGs
[2024-05-23T18:05:02.013+0000] {logging_mixin.py:188} INFO - [2024-05-23T18:05:02.012+0000] {dag.py:3834} INFO - Setting next_dagrun for upload_congress_data to None, run_after=None
[2024-05-23T18:05:02.042+0000] {processor.py:183} INFO - Processing /opt/airflow/dags/upload_congress_data.py took 0.233 seconds
[2024-05-23T18:48:17.570+0000] {processor.py:161} INFO - Started process (PID=10628) to work on /opt/airflow/dags/upload_congress_data.py
[2024-05-23T18:48:17.573+0000] {processor.py:830} INFO - Processing file /opt/airflow/dags/upload_congress_data.py for tasks to queue
[2024-05-23T18:48:17.582+0000] {logging_mixin.py:188} INFO - [2024-05-23T18:48:17.580+0000] {dagbag.py:540} INFO - Filling up the DagBag from /opt/airflow/dags/upload_congress_data.py
[2024-05-23T18:48:17.663+0000] {logging_mixin.py:188} INFO - Bucket Name: congress_data_testproject-420401
[2024-05-23T18:48:17.685+0000] {processor.py:840} INFO - DAG(s) 'upload_congress_data' retrieved from /opt/airflow/dags/upload_congress_data.py
[2024-05-23T18:48:17.740+0000] {logging_mixin.py:188} INFO - [2024-05-23T18:48:17.740+0000] {dag.py:3047} INFO - Sync 1 DAGs
[2024-05-23T18:48:17.768+0000] {logging_mixin.py:188} INFO - [2024-05-23T18:48:17.768+0000] {dag.py:3834} INFO - Setting next_dagrun for upload_congress_data to None, run_after=None
[2024-05-23T18:48:17.793+0000] {processor.py:183} INFO - Processing /opt/airflow/dags/upload_congress_data.py took 0.246 seconds
[2024-05-23T19:39:31.784+0000] {processor.py:161} INFO - Started process (PID=10636) to work on /opt/airflow/dags/upload_congress_data.py
[2024-05-23T19:39:31.786+0000] {processor.py:830} INFO - Processing file /opt/airflow/dags/upload_congress_data.py for tasks to queue
[2024-05-23T19:39:31.795+0000] {logging_mixin.py:188} INFO - [2024-05-23T19:39:31.793+0000] {dagbag.py:540} INFO - Filling up the DagBag from /opt/airflow/dags/upload_congress_data.py
[2024-05-23T19:39:31.867+0000] {logging_mixin.py:188} INFO - Bucket Name: congress_data_testproject-420401
[2024-05-23T19:39:31.892+0000] {processor.py:840} INFO - DAG(s) 'upload_congress_data' retrieved from /opt/airflow/dags/upload_congress_data.py
[2024-05-23T19:39:31.935+0000] {logging_mixin.py:188} INFO - [2024-05-23T19:39:31.935+0000] {dag.py:3047} INFO - Sync 1 DAGs
[2024-05-23T19:39:31.960+0000] {logging_mixin.py:188} INFO - [2024-05-23T19:39:31.959+0000] {dag.py:3834} INFO - Setting next_dagrun for upload_congress_data to None, run_after=None
[2024-05-23T19:39:31.984+0000] {processor.py:183} INFO - Processing /opt/airflow/dags/upload_congress_data.py took 0.217 seconds
[2024-05-23T20:39:19.440+0000] {processor.py:161} INFO - Started process (PID=10644) to work on /opt/airflow/dags/upload_congress_data.py
[2024-05-23T20:39:19.452+0000] {processor.py:830} INFO - Processing file /opt/airflow/dags/upload_congress_data.py for tasks to queue
[2024-05-23T20:39:19.465+0000] {logging_mixin.py:188} INFO - [2024-05-23T20:39:19.463+0000] {dagbag.py:540} INFO - Filling up the DagBag from /opt/airflow/dags/upload_congress_data.py
[2024-05-23T20:39:19.542+0000] {logging_mixin.py:188} INFO - Bucket Name: congress_data_testproject-420401
[2024-05-23T20:39:19.573+0000] {processor.py:840} INFO - DAG(s) 'upload_congress_data' retrieved from /opt/airflow/dags/upload_congress_data.py
[2024-05-23T20:39:19.629+0000] {logging_mixin.py:188} INFO - [2024-05-23T20:39:19.628+0000] {dag.py:3047} INFO - Sync 1 DAGs
[2024-05-23T20:39:19.653+0000] {logging_mixin.py:188} INFO - [2024-05-23T20:39:19.653+0000] {dag.py:3834} INFO - Setting next_dagrun for upload_congress_data to None, run_after=None
[2024-05-23T20:39:19.668+0000] {processor.py:183} INFO - Processing /opt/airflow/dags/upload_congress_data.py took 0.252 seconds
[2024-05-23T21:39:35.698+0000] {processor.py:161} INFO - Started process (PID=10652) to work on /opt/airflow/dags/upload_congress_data.py
[2024-05-23T21:39:35.699+0000] {processor.py:830} INFO - Processing file /opt/airflow/dags/upload_congress_data.py for tasks to queue
[2024-05-23T21:39:35.703+0000] {logging_mixin.py:188} INFO - [2024-05-23T21:39:35.702+0000] {dagbag.py:540} INFO - Filling up the DagBag from /opt/airflow/dags/upload_congress_data.py
[2024-05-23T21:39:35.779+0000] {logging_mixin.py:188} INFO - Bucket Name: congress_data_testproject-420401
[2024-05-23T21:39:35.807+0000] {processor.py:840} INFO - DAG(s) 'upload_congress_data' retrieved from /opt/airflow/dags/upload_congress_data.py
[2024-05-23T21:39:35.855+0000] {logging_mixin.py:188} INFO - [2024-05-23T21:39:35.855+0000] {dag.py:3047} INFO - Sync 1 DAGs
[2024-05-23T21:39:35.886+0000] {logging_mixin.py:188} INFO - [2024-05-23T21:39:35.886+0000] {dag.py:3834} INFO - Setting next_dagrun for upload_congress_data to None, run_after=None
[2024-05-23T21:39:35.920+0000] {processor.py:183} INFO - Processing /opt/airflow/dags/upload_congress_data.py took 0.225 seconds
[2024-05-23T22:59:31.371+0000] {processor.py:161} INFO - Started process (PID=10660) to work on /opt/airflow/dags/upload_congress_data.py
[2024-05-23T22:59:31.372+0000] {processor.py:830} INFO - Processing file /opt/airflow/dags/upload_congress_data.py for tasks to queue
[2024-05-23T22:59:31.375+0000] {logging_mixin.py:188} INFO - [2024-05-23T22:59:31.374+0000] {dagbag.py:540} INFO - Filling up the DagBag from /opt/airflow/dags/upload_congress_data.py
[2024-05-23T22:59:31.405+0000] {logging_mixin.py:188} INFO - Bucket Name: congress_data_testproject-420401
[2024-05-23T22:59:31.414+0000] {processor.py:840} INFO - DAG(s) 'upload_congress_data' retrieved from /opt/airflow/dags/upload_congress_data.py
[2024-05-23T22:59:31.433+0000] {logging_mixin.py:188} INFO - [2024-05-23T22:59:31.433+0000] {dag.py:3047} INFO - Sync 1 DAGs
[2024-05-23T22:59:31.449+0000] {logging_mixin.py:188} INFO - [2024-05-23T22:59:31.449+0000] {dag.py:3834} INFO - Setting next_dagrun for upload_congress_data to None, run_after=None
[2024-05-23T22:59:31.463+0000] {processor.py:183} INFO - Processing /opt/airflow/dags/upload_congress_data.py took 0.099 seconds
[2024-05-23T23:57:37.648+0000] {processor.py:161} INFO - Started process (PID=10668) to work on /opt/airflow/dags/upload_congress_data.py
[2024-05-23T23:57:37.652+0000] {processor.py:830} INFO - Processing file /opt/airflow/dags/upload_congress_data.py for tasks to queue
[2024-05-23T23:57:37.674+0000] {logging_mixin.py:188} INFO - [2024-05-23T23:57:37.672+0000] {dagbag.py:540} INFO - Filling up the DagBag from /opt/airflow/dags/upload_congress_data.py
[2024-05-23T23:57:37.759+0000] {logging_mixin.py:188} INFO - Bucket Name: congress_data_testproject-420401
[2024-05-23T23:57:37.776+0000] {processor.py:840} INFO - DAG(s) 'upload_congress_data' retrieved from /opt/airflow/dags/upload_congress_data.py
[2024-05-23T23:57:37.825+0000] {logging_mixin.py:188} INFO - [2024-05-23T23:57:37.825+0000] {dag.py:3047} INFO - Sync 1 DAGs
[2024-05-23T23:57:37.850+0000] {logging_mixin.py:188} INFO - [2024-05-23T23:57:37.850+0000] {dag.py:3834} INFO - Setting next_dagrun for upload_congress_data to None, run_after=None
[2024-05-23T23:57:37.889+0000] {processor.py:183} INFO - Processing /opt/airflow/dags/upload_congress_data.py took 0.249 seconds
