[2024-04-12T17:48:28.688+0000] {taskinstance.py:1979} INFO - Dependencies all met for dep_context=non-requeueable deps ti=<TaskInstance: upload_congress_data.bq_create_Congress_votes_partitioned_table_task scheduled__2024-03-15T00:00:00+00:00 [queued]>
[2024-04-12T17:48:28.692+0000] {taskinstance.py:1979} INFO - Dependencies all met for dep_context=requeueable deps ti=<TaskInstance: upload_congress_data.bq_create_Congress_votes_partitioned_table_task scheduled__2024-03-15T00:00:00+00:00 [queued]>
[2024-04-12T17:48:28.692+0000] {taskinstance.py:2193} INFO - Starting attempt 1 of 3
[2024-04-12T17:48:28.698+0000] {taskinstance.py:2217} INFO - Executing <Task(BigQueryInsertJobOperator): bq_create_Congress_votes_partitioned_table_task> on 2024-03-15 00:00:00+00:00
[2024-04-12T17:48:28.702+0000] {standard_task_runner.py:60} INFO - Started process 225 to run task
[2024-04-12T17:48:28.704+0000] {standard_task_runner.py:87} INFO - Running: ['***', 'tasks', 'run', 'upload_congress_data', 'bq_create_Congress_votes_partitioned_table_task', 'scheduled__2024-03-15T00:00:00+00:00', '--job-id', '14', '--raw', '--subdir', 'DAGS_FOLDER/upload_congress_data.py', '--cfg-path', '/tmp/tmptwidhrof']
[2024-04-12T17:48:28.706+0000] {standard_task_runner.py:88} INFO - Job 14: Subtask bq_create_Congress_votes_partitioned_table_task
[2024-04-12T17:48:28.734+0000] {task_command.py:423} INFO - Running <TaskInstance: upload_congress_data.bq_create_Congress_votes_partitioned_table_task scheduled__2024-03-15T00:00:00+00:00 [running]> on host 08bbc0b56ffc
[2024-04-12T17:48:28.772+0000] {taskinstance.py:2513} INFO - Exporting env vars: AIRFLOW_CTX_DAG_EMAIL='***@***.com' AIRFLOW_CTX_DAG_OWNER='***' AIRFLOW_CTX_DAG_ID='upload_congress_data' AIRFLOW_CTX_TASK_ID='bq_create_Congress_votes_partitioned_table_task' AIRFLOW_CTX_EXECUTION_DATE='2024-03-15T00:00:00+00:00' AIRFLOW_CTX_TRY_NUMBER='1' AIRFLOW_CTX_DAG_RUN_ID='scheduled__2024-03-15T00:00:00+00:00'
[2024-04-12T17:48:28.773+0000] {crypto.py:82} WARNING - empty cryptography key - values will not be stored encrypted.
[2024-04-12T17:48:28.774+0000] {connection.py:269} WARNING - Connection schemes (type: google_cloud_platform) shall not contain '_' according to RFC3986.
[2024-04-12T17:48:28.774+0000] {base.py:83} INFO - Using connection ID 'google_cloud_default' for task execution.
[2024-04-12T17:48:28.814+0000] {bigquery.py:2811} INFO - Executing: {'query': {'query': 'DROP TABLE IF EXISTS Congress.votes;         CREATE TABLE Congress.votes         PARTITION BY date_formatted         AS         SELECT *, DATE(vote.date) date_formatted         FROM Congress.votes_external_table;', 'useLegacySql': False}}'
[2024-04-12T17:48:28.815+0000] {bigquery.py:1613} INFO - Inserting job ***_upload_congress_data_bq_create_Congress_votes_partitioned_table_task_2024_03_15T00_00_00_00_00_140c87a6248b15817cc9839a16e86779
[2024-04-12T17:48:31.921+0000] {taskinstance.py:2731} ERROR - Task failed with exception
Traceback (most recent call last):
  File "/home/airflow/.local/lib/python3.11/site-packages/airflow/models/taskinstance.py", line 444, in _execute_task
    result = _execute_callable(context=context, **execute_callable_kwargs)
             ^^^^^^^^^^^^^^^^^^^^^^^^^^^^^^^^^^^^^^^^^^^^^^^^^^^^^^^^^^^^^
  File "/home/airflow/.local/lib/python3.11/site-packages/airflow/models/taskinstance.py", line 414, in _execute_callable
    return execute_callable(context=context, **execute_callable_kwargs)
           ^^^^^^^^^^^^^^^^^^^^^^^^^^^^^^^^^^^^^^^^^^^^^^^^^^^^^^^^^^^^
  File "/home/airflow/.local/lib/python3.11/site-packages/airflow/providers/google/cloud/operators/bigquery.py", line 2870, in execute
    job.result(timeout=self.result_timeout, retry=self.result_retry)
  File "/home/airflow/.local/lib/python3.11/site-packages/google/cloud/bigquery/job/query.py", line 1595, in result
    do_get_result()
  File "/home/airflow/.local/lib/python3.11/site-packages/google/cloud/bigquery/job/query.py", line 1584, in do_get_result
    super(QueryJob, self).result(retry=retry, timeout=timeout)
  File "/home/airflow/.local/lib/python3.11/site-packages/google/cloud/bigquery/job/base.py", line 971, in result
    return super(_AsyncJob, self).result(timeout=timeout, **kwargs)
           ^^^^^^^^^^^^^^^^^^^^^^^^^^^^^^^^^^^^^^^^^^^^^^^^^^^^^^^^
  File "/home/airflow/.local/lib/python3.11/site-packages/google/api_core/future/polling.py", line 261, in result
    raise self._exception
google.api_core.exceptions.BadRequest: 400 Query error: Invalid date: '2023/04/27' Field: date; Value: 2023/04/27 at [1:46]

Location: US
Job ID: airflow_upload_congress_data_bq_create_Congress_votes_partitioned_table_task_2024_03_15T00_00_00_00_00_140c87a6248b15817cc9839a16e86779

[2024-04-12T17:48:31.932+0000] {taskinstance.py:1149} INFO - Marking task as UP_FOR_RETRY. dag_id=upload_congress_data, task_id=bq_create_Congress_votes_partitioned_table_task, execution_date=20240315T000000, start_date=20240412T174828, end_date=20240412T174831
[2024-04-12T17:48:31.941+0000] {standard_task_runner.py:107} ERROR - Failed to execute job 14 for task bq_create_Congress_votes_partitioned_table_task (400 Query error: Invalid date: '2023/04/27' Field: date; Value: 2023/04/27 at [1:46]

Location: US
Job ID: airflow_upload_congress_data_bq_create_Congress_votes_partitioned_table_task_2024_03_15T00_00_00_00_00_140c87a6248b15817cc9839a16e86779
; 225)
[2024-04-12T17:48:31.980+0000] {local_task_job_runner.py:234} INFO - Task exited with return code 1
[2024-04-12T17:48:31.991+0000] {taskinstance.py:3312} INFO - 0 downstream tasks scheduled from follow-on schedule check
[2024-04-14T21:59:35.202+0000] {taskinstance.py:1979} INFO - Dependencies all met for dep_context=non-requeueable deps ti=<TaskInstance: upload_congress_data.bq_create_Congress_votes_partitioned_table_task scheduled__2024-03-15T00:00:00+00:00 [queued]>
[2024-04-14T21:59:35.207+0000] {taskinstance.py:1979} INFO - Dependencies all met for dep_context=requeueable deps ti=<TaskInstance: upload_congress_data.bq_create_Congress_votes_partitioned_table_task scheduled__2024-03-15T00:00:00+00:00 [queued]>
[2024-04-14T21:59:35.208+0000] {taskinstance.py:2193} INFO - Starting attempt 1 of 3
[2024-04-14T21:59:35.214+0000] {taskinstance.py:2217} INFO - Executing <Task(BigQueryInsertJobOperator): bq_create_Congress_votes_partitioned_table_task> on 2024-03-15 00:00:00+00:00
[2024-04-14T21:59:35.222+0000] {standard_task_runner.py:60} INFO - Started process 210 to run task
[2024-04-14T21:59:35.225+0000] {standard_task_runner.py:87} INFO - Running: ['***', 'tasks', 'run', 'upload_congress_data', 'bq_create_Congress_votes_partitioned_table_task', 'scheduled__2024-03-15T00:00:00+00:00', '--job-id', '14', '--raw', '--subdir', 'DAGS_FOLDER/upload_congress_data.py', '--cfg-path', '/tmp/tmpvi5d7t4j']
[2024-04-14T21:59:35.228+0000] {standard_task_runner.py:88} INFO - Job 14: Subtask bq_create_Congress_votes_partitioned_table_task
[2024-04-14T21:59:35.277+0000] {task_command.py:423} INFO - Running <TaskInstance: upload_congress_data.bq_create_Congress_votes_partitioned_table_task scheduled__2024-03-15T00:00:00+00:00 [running]> on host 197983b7f77b
[2024-04-14T21:59:35.331+0000] {taskinstance.py:2513} INFO - Exporting env vars: AIRFLOW_CTX_DAG_EMAIL='***@***.com' AIRFLOW_CTX_DAG_OWNER='***' AIRFLOW_CTX_DAG_ID='upload_congress_data' AIRFLOW_CTX_TASK_ID='bq_create_Congress_votes_partitioned_table_task' AIRFLOW_CTX_EXECUTION_DATE='2024-03-15T00:00:00+00:00' AIRFLOW_CTX_TRY_NUMBER='1' AIRFLOW_CTX_DAG_RUN_ID='scheduled__2024-03-15T00:00:00+00:00'
[2024-04-14T21:59:35.333+0000] {crypto.py:82} WARNING - empty cryptography key - values will not be stored encrypted.
[2024-04-14T21:59:35.334+0000] {connection.py:269} WARNING - Connection schemes (type: google_cloud_platform) shall not contain '_' according to RFC3986.
[2024-04-14T21:59:35.334+0000] {base.py:83} INFO - Using connection ID 'google_cloud_default' for task execution.
[2024-04-14T21:59:35.376+0000] {bigquery.py:2811} INFO - Executing: {'query': {'query': 'DROP TABLE IF EXISTS Congress.votes;         CREATE TABLE Congress.votes         PARTITION BY date_formatted         AS         SELECT *, DATE(vote.date) date_formatted         FROM Congress.votes_external_table;', 'useLegacySql': False}}'
[2024-04-14T21:59:35.377+0000] {bigquery.py:1613} INFO - Inserting job ***_upload_congress_data_bq_create_Congress_votes_partitioned_table_task_2024_03_15T00_00_00_00_00_eda9e57973568911d338b8bd0c0c6dfb
[2024-04-14T21:59:42.314+0000] {taskinstance.py:1149} INFO - Marking task as SUCCESS. dag_id=upload_congress_data, task_id=bq_create_Congress_votes_partitioned_table_task, execution_date=20240315T000000, start_date=20240414T215935, end_date=20240414T215942
[2024-04-14T21:59:42.351+0000] {local_task_job_runner.py:234} INFO - Task exited with return code 0
[2024-04-14T21:59:42.364+0000] {taskinstance.py:3312} INFO - 0 downstream tasks scheduled from follow-on schedule check
