[2024-06-25T00:54:05.337+0000] {processor.py:161} INFO - Started process (PID=5374) to work on /opt/airflow/dags/upload_congress_data.py
[2024-06-25T00:54:05.383+0000] {processor.py:830} INFO - Processing file /opt/airflow/dags/upload_congress_data.py for tasks to queue
[2024-06-25T00:54:05.390+0000] {logging_mixin.py:188} INFO - [2024-06-25T00:54:05.389+0000] {dagbag.py:540} INFO - Filling up the DagBag from /opt/airflow/dags/upload_congress_data.py
[2024-06-25T00:54:05.552+0000] {logging_mixin.py:188} INFO - Bucket Name: congress_data_testproject-420401
[2024-06-25T00:54:05.583+0000] {processor.py:840} INFO - DAG(s) 'upload_congress_data' retrieved from /opt/airflow/dags/upload_congress_data.py
[2024-06-25T00:54:05.729+0000] {logging_mixin.py:188} INFO - [2024-06-25T00:54:05.729+0000] {dag.py:3047} INFO - Sync 1 DAGs
[2024-06-25T00:54:05.940+0000] {logging_mixin.py:188} INFO - [2024-06-25T00:54:05.940+0000] {dag.py:3834} INFO - Setting next_dagrun for upload_congress_data to None, run_after=None
[2024-06-25T00:54:05.950+0000] {processor.py:183} INFO - Processing /opt/airflow/dags/upload_congress_data.py took 0.631 seconds
[2024-06-25T02:10:07.884+0000] {processor.py:161} INFO - Started process (PID=5382) to work on /opt/airflow/dags/upload_congress_data.py
[2024-06-25T02:10:07.885+0000] {processor.py:830} INFO - Processing file /opt/airflow/dags/upload_congress_data.py for tasks to queue
[2024-06-25T02:10:07.887+0000] {logging_mixin.py:188} INFO - [2024-06-25T02:10:07.887+0000] {dagbag.py:540} INFO - Filling up the DagBag from /opt/airflow/dags/upload_congress_data.py
[2024-06-25T02:10:07.952+0000] {logging_mixin.py:188} INFO - Bucket Name: congress_data_testproject-420401
[2024-06-25T02:10:07.957+0000] {processor.py:840} INFO - DAG(s) 'upload_congress_data' retrieved from /opt/airflow/dags/upload_congress_data.py
[2024-06-25T02:10:07.971+0000] {logging_mixin.py:188} INFO - [2024-06-25T02:10:07.971+0000] {dag.py:3047} INFO - Sync 1 DAGs
[2024-06-25T02:10:07.980+0000] {logging_mixin.py:188} INFO - [2024-06-25T02:10:07.980+0000] {dag.py:3834} INFO - Setting next_dagrun for upload_congress_data to None, run_after=None
[2024-06-25T02:10:07.988+0000] {processor.py:183} INFO - Processing /opt/airflow/dags/upload_congress_data.py took 0.107 seconds
[2024-06-25T02:17:21.402+0000] {processor.py:161} INFO - Started process (PID=5384) to work on /opt/airflow/dags/upload_congress_data.py
[2024-06-25T02:17:21.404+0000] {processor.py:830} INFO - Processing file /opt/airflow/dags/upload_congress_data.py for tasks to queue
[2024-06-25T02:17:21.410+0000] {logging_mixin.py:188} INFO - [2024-06-25T02:17:21.409+0000] {dagbag.py:540} INFO - Filling up the DagBag from /opt/airflow/dags/upload_congress_data.py
[2024-06-25T02:17:21.536+0000] {logging_mixin.py:188} INFO - Bucket Name: congress_data_testproject-420401
[2024-06-25T02:17:21.565+0000] {processor.py:840} INFO - DAG(s) 'upload_congress_data' retrieved from /opt/airflow/dags/upload_congress_data.py
[2024-06-25T02:17:21.632+0000] {logging_mixin.py:188} INFO - [2024-06-25T02:17:21.632+0000] {dag.py:3047} INFO - Sync 1 DAGs
[2024-06-25T02:17:21.677+0000] {logging_mixin.py:188} INFO - [2024-06-25T02:17:21.676+0000] {dag.py:3834} INFO - Setting next_dagrun for upload_congress_data to None, run_after=None
[2024-06-25T02:17:21.707+0000] {processor.py:183} INFO - Processing /opt/airflow/dags/upload_congress_data.py took 0.314 seconds
[2024-06-25T02:17:51.852+0000] {processor.py:161} INFO - Started process (PID=5392) to work on /opt/airflow/dags/upload_congress_data.py
[2024-06-25T02:17:51.854+0000] {processor.py:830} INFO - Processing file /opt/airflow/dags/upload_congress_data.py for tasks to queue
[2024-06-25T02:17:51.859+0000] {logging_mixin.py:188} INFO - [2024-06-25T02:17:51.858+0000] {dagbag.py:540} INFO - Filling up the DagBag from /opt/airflow/dags/upload_congress_data.py
[2024-06-25T02:17:51.949+0000] {logging_mixin.py:188} INFO - Bucket Name: congress_data_testproject-420401
[2024-06-25T02:17:51.956+0000] {processor.py:840} INFO - DAG(s) 'upload_congress_data' retrieved from /opt/airflow/dags/upload_congress_data.py
[2024-06-25T02:17:51.972+0000] {logging_mixin.py:188} INFO - [2024-06-25T02:17:51.972+0000] {dag.py:3047} INFO - Sync 1 DAGs
[2024-06-25T02:17:51.985+0000] {logging_mixin.py:188} INFO - [2024-06-25T02:17:51.985+0000] {dag.py:3834} INFO - Setting next_dagrun for upload_congress_data to None, run_after=None
[2024-06-25T02:17:52.230+0000] {processor.py:183} INFO - Processing /opt/airflow/dags/upload_congress_data.py took 0.386 seconds
[2024-06-25T02:18:22.296+0000] {processor.py:161} INFO - Started process (PID=5407) to work on /opt/airflow/dags/upload_congress_data.py
[2024-06-25T02:18:22.297+0000] {processor.py:830} INFO - Processing file /opt/airflow/dags/upload_congress_data.py for tasks to queue
[2024-06-25T02:18:22.298+0000] {logging_mixin.py:188} INFO - [2024-06-25T02:18:22.298+0000] {dagbag.py:540} INFO - Filling up the DagBag from /opt/airflow/dags/upload_congress_data.py
[2024-06-25T02:18:22.364+0000] {logging_mixin.py:188} INFO - Bucket Name: congress_data_testproject-420401
[2024-06-25T02:18:22.370+0000] {processor.py:840} INFO - DAG(s) 'upload_congress_data' retrieved from /opt/airflow/dags/upload_congress_data.py
[2024-06-25T02:18:22.385+0000] {logging_mixin.py:188} INFO - [2024-06-25T02:18:22.385+0000] {dag.py:3047} INFO - Sync 1 DAGs
[2024-06-25T02:18:22.395+0000] {logging_mixin.py:188} INFO - [2024-06-25T02:18:22.394+0000] {dag.py:3834} INFO - Setting next_dagrun for upload_congress_data to None, run_after=None
[2024-06-25T02:18:22.403+0000] {processor.py:183} INFO - Processing /opt/airflow/dags/upload_congress_data.py took 0.110 seconds
[2024-06-25T02:18:52.606+0000] {processor.py:161} INFO - Started process (PID=5414) to work on /opt/airflow/dags/upload_congress_data.py
[2024-06-25T02:18:52.608+0000] {processor.py:830} INFO - Processing file /opt/airflow/dags/upload_congress_data.py for tasks to queue
[2024-06-25T02:18:52.614+0000] {logging_mixin.py:188} INFO - [2024-06-25T02:18:52.613+0000] {dagbag.py:540} INFO - Filling up the DagBag from /opt/airflow/dags/upload_congress_data.py
[2024-06-25T02:18:52.706+0000] {logging_mixin.py:188} INFO - Bucket Name: congress_data_testproject-420401
[2024-06-25T02:18:52.714+0000] {processor.py:840} INFO - DAG(s) 'upload_congress_data' retrieved from /opt/airflow/dags/upload_congress_data.py
[2024-06-25T02:18:52.732+0000] {logging_mixin.py:188} INFO - [2024-06-25T02:18:52.731+0000] {dag.py:3047} INFO - Sync 1 DAGs
[2024-06-25T02:18:52.942+0000] {logging_mixin.py:188} INFO - [2024-06-25T02:18:52.942+0000] {dag.py:3834} INFO - Setting next_dagrun for upload_congress_data to None, run_after=None
[2024-06-25T02:18:52.951+0000] {processor.py:183} INFO - Processing /opt/airflow/dags/upload_congress_data.py took 0.354 seconds
[2024-06-25T02:19:23.010+0000] {processor.py:161} INFO - Started process (PID=5422) to work on /opt/airflow/dags/upload_congress_data.py
[2024-06-25T02:19:23.011+0000] {processor.py:830} INFO - Processing file /opt/airflow/dags/upload_congress_data.py for tasks to queue
[2024-06-25T02:19:23.014+0000] {logging_mixin.py:188} INFO - [2024-06-25T02:19:23.014+0000] {dagbag.py:540} INFO - Filling up the DagBag from /opt/airflow/dags/upload_congress_data.py
[2024-06-25T02:19:23.086+0000] {logging_mixin.py:188} INFO - Bucket Name: congress_data_testproject-420401
[2024-06-25T02:19:23.091+0000] {processor.py:840} INFO - DAG(s) 'upload_congress_data' retrieved from /opt/airflow/dags/upload_congress_data.py
[2024-06-25T02:19:23.105+0000] {logging_mixin.py:188} INFO - [2024-06-25T02:19:23.105+0000] {dag.py:3047} INFO - Sync 1 DAGs
[2024-06-25T02:19:23.114+0000] {logging_mixin.py:188} INFO - [2024-06-25T02:19:23.114+0000] {dag.py:3834} INFO - Setting next_dagrun for upload_congress_data to None, run_after=None
[2024-06-25T02:19:23.121+0000] {processor.py:183} INFO - Processing /opt/airflow/dags/upload_congress_data.py took 0.117 seconds
[2024-06-25T02:19:53.444+0000] {processor.py:161} INFO - Started process (PID=5430) to work on /opt/airflow/dags/upload_congress_data.py
[2024-06-25T02:19:53.445+0000] {processor.py:830} INFO - Processing file /opt/airflow/dags/upload_congress_data.py for tasks to queue
[2024-06-25T02:19:53.448+0000] {logging_mixin.py:188} INFO - [2024-06-25T02:19:53.448+0000] {dagbag.py:540} INFO - Filling up the DagBag from /opt/airflow/dags/upload_congress_data.py
[2024-06-25T02:19:53.523+0000] {logging_mixin.py:188} INFO - Bucket Name: congress_data_testproject-420401
[2024-06-25T02:19:53.529+0000] {processor.py:840} INFO - DAG(s) 'upload_congress_data' retrieved from /opt/airflow/dags/upload_congress_data.py
[2024-06-25T02:19:53.545+0000] {logging_mixin.py:188} INFO - [2024-06-25T02:19:53.545+0000] {dag.py:3047} INFO - Sync 1 DAGs
[2024-06-25T02:19:53.667+0000] {logging_mixin.py:188} INFO - [2024-06-25T02:19:53.667+0000] {dag.py:3834} INFO - Setting next_dagrun for upload_congress_data to None, run_after=None
[2024-06-25T02:19:53.675+0000] {processor.py:183} INFO - Processing /opt/airflow/dags/upload_congress_data.py took 0.236 seconds
[2024-06-25T02:20:23.881+0000] {processor.py:161} INFO - Started process (PID=5438) to work on /opt/airflow/dags/upload_congress_data.py
[2024-06-25T02:20:23.882+0000] {processor.py:830} INFO - Processing file /opt/airflow/dags/upload_congress_data.py for tasks to queue
[2024-06-25T02:20:23.885+0000] {logging_mixin.py:188} INFO - [2024-06-25T02:20:23.885+0000] {dagbag.py:540} INFO - Filling up the DagBag from /opt/airflow/dags/upload_congress_data.py
[2024-06-25T02:20:24.072+0000] {logging_mixin.py:188} INFO - Bucket Name: congress_data_testproject-420401
[2024-06-25T02:20:24.075+0000] {processor.py:840} INFO - DAG(s) 'upload_congress_data' retrieved from /opt/airflow/dags/upload_congress_data.py
[2024-06-25T02:20:24.086+0000] {logging_mixin.py:188} INFO - [2024-06-25T02:20:24.086+0000] {dag.py:3047} INFO - Sync 1 DAGs
[2024-06-25T02:20:24.094+0000] {logging_mixin.py:188} INFO - [2024-06-25T02:20:24.093+0000] {dag.py:3834} INFO - Setting next_dagrun for upload_congress_data to None, run_after=None
[2024-06-25T02:20:24.100+0000] {processor.py:183} INFO - Processing /opt/airflow/dags/upload_congress_data.py took 0.224 seconds
[2024-06-25T02:20:54.311+0000] {processor.py:161} INFO - Started process (PID=5446) to work on /opt/airflow/dags/upload_congress_data.py
[2024-06-25T02:20:54.313+0000] {processor.py:830} INFO - Processing file /opt/airflow/dags/upload_congress_data.py for tasks to queue
[2024-06-25T02:20:54.316+0000] {logging_mixin.py:188} INFO - [2024-06-25T02:20:54.316+0000] {dagbag.py:540} INFO - Filling up the DagBag from /opt/airflow/dags/upload_congress_data.py
[2024-06-25T02:20:54.391+0000] {logging_mixin.py:188} INFO - Bucket Name: congress_data_testproject-420401
[2024-06-25T02:20:54.396+0000] {processor.py:840} INFO - DAG(s) 'upload_congress_data' retrieved from /opt/airflow/dags/upload_congress_data.py
[2024-06-25T02:20:54.521+0000] {logging_mixin.py:188} INFO - [2024-06-25T02:20:54.521+0000] {dag.py:3047} INFO - Sync 1 DAGs
[2024-06-25T02:20:54.529+0000] {logging_mixin.py:188} INFO - [2024-06-25T02:20:54.529+0000] {dag.py:3834} INFO - Setting next_dagrun for upload_congress_data to None, run_after=None
[2024-06-25T02:20:54.536+0000] {processor.py:183} INFO - Processing /opt/airflow/dags/upload_congress_data.py took 0.230 seconds
[2024-06-25T02:21:24.727+0000] {processor.py:161} INFO - Started process (PID=5454) to work on /opt/airflow/dags/upload_congress_data.py
[2024-06-25T02:21:24.728+0000] {processor.py:830} INFO - Processing file /opt/airflow/dags/upload_congress_data.py for tasks to queue
[2024-06-25T02:21:24.731+0000] {logging_mixin.py:188} INFO - [2024-06-25T02:21:24.731+0000] {dagbag.py:540} INFO - Filling up the DagBag from /opt/airflow/dags/upload_congress_data.py
[2024-06-25T02:21:24.916+0000] {logging_mixin.py:188} INFO - Bucket Name: congress_data_testproject-420401
[2024-06-25T02:21:24.920+0000] {processor.py:840} INFO - DAG(s) 'upload_congress_data' retrieved from /opt/airflow/dags/upload_congress_data.py
[2024-06-25T02:21:24.930+0000] {logging_mixin.py:188} INFO - [2024-06-25T02:21:24.930+0000] {dag.py:3047} INFO - Sync 1 DAGs
[2024-06-25T02:21:24.939+0000] {logging_mixin.py:188} INFO - [2024-06-25T02:21:24.939+0000] {dag.py:3834} INFO - Setting next_dagrun for upload_congress_data to None, run_after=None
[2024-06-25T02:21:24.946+0000] {processor.py:183} INFO - Processing /opt/airflow/dags/upload_congress_data.py took 0.224 seconds
[2024-06-25T02:21:55.094+0000] {processor.py:161} INFO - Started process (PID=5462) to work on /opt/airflow/dags/upload_congress_data.py
[2024-06-25T02:21:55.095+0000] {processor.py:830} INFO - Processing file /opt/airflow/dags/upload_congress_data.py for tasks to queue
[2024-06-25T02:21:55.097+0000] {logging_mixin.py:188} INFO - [2024-06-25T02:21:55.096+0000] {dagbag.py:540} INFO - Filling up the DagBag from /opt/airflow/dags/upload_congress_data.py
[2024-06-25T02:21:55.160+0000] {logging_mixin.py:188} INFO - Bucket Name: congress_data_testproject-420401
[2024-06-25T02:21:55.165+0000] {processor.py:840} INFO - DAG(s) 'upload_congress_data' retrieved from /opt/airflow/dags/upload_congress_data.py
[2024-06-25T02:21:55.180+0000] {logging_mixin.py:188} INFO - [2024-06-25T02:21:55.180+0000] {dag.py:3047} INFO - Sync 1 DAGs
[2024-06-25T02:21:55.190+0000] {logging_mixin.py:188} INFO - [2024-06-25T02:21:55.190+0000] {dag.py:3834} INFO - Setting next_dagrun for upload_congress_data to None, run_after=None
[2024-06-25T02:21:55.199+0000] {processor.py:183} INFO - Processing /opt/airflow/dags/upload_congress_data.py took 0.107 seconds
[2024-06-25T02:22:25.705+0000] {processor.py:161} INFO - Started process (PID=5470) to work on /opt/airflow/dags/upload_congress_data.py
[2024-06-25T02:22:25.707+0000] {processor.py:830} INFO - Processing file /opt/airflow/dags/upload_congress_data.py for tasks to queue
[2024-06-25T02:22:25.709+0000] {logging_mixin.py:188} INFO - [2024-06-25T02:22:25.709+0000] {dagbag.py:540} INFO - Filling up the DagBag from /opt/airflow/dags/upload_congress_data.py
[2024-06-25T02:22:25.894+0000] {logging_mixin.py:188} INFO - Bucket Name: congress_data_testproject-420401
[2024-06-25T02:22:25.898+0000] {processor.py:840} INFO - DAG(s) 'upload_congress_data' retrieved from /opt/airflow/dags/upload_congress_data.py
[2024-06-25T02:22:25.908+0000] {logging_mixin.py:188} INFO - [2024-06-25T02:22:25.908+0000] {dag.py:3047} INFO - Sync 1 DAGs
[2024-06-25T02:22:25.917+0000] {logging_mixin.py:188} INFO - [2024-06-25T02:22:25.917+0000] {dag.py:3834} INFO - Setting next_dagrun for upload_congress_data to None, run_after=None
[2024-06-25T02:22:25.924+0000] {processor.py:183} INFO - Processing /opt/airflow/dags/upload_congress_data.py took 0.224 seconds
[2024-06-25T02:22:56.152+0000] {processor.py:161} INFO - Started process (PID=5478) to work on /opt/airflow/dags/upload_congress_data.py
[2024-06-25T02:22:56.154+0000] {processor.py:830} INFO - Processing file /opt/airflow/dags/upload_congress_data.py for tasks to queue
[2024-06-25T02:22:56.158+0000] {logging_mixin.py:188} INFO - [2024-06-25T02:22:56.158+0000] {dagbag.py:540} INFO - Filling up the DagBag from /opt/airflow/dags/upload_congress_data.py
[2024-06-25T02:22:56.390+0000] {logging_mixin.py:188} INFO - Bucket Name: congress_data_testproject-420401
[2024-06-25T02:22:56.394+0000] {processor.py:840} INFO - DAG(s) 'upload_congress_data' retrieved from /opt/airflow/dags/upload_congress_data.py
[2024-06-25T02:22:56.405+0000] {logging_mixin.py:188} INFO - [2024-06-25T02:22:56.405+0000] {dag.py:3047} INFO - Sync 1 DAGs
[2024-06-25T02:22:56.413+0000] {logging_mixin.py:188} INFO - [2024-06-25T02:22:56.413+0000] {dag.py:3834} INFO - Setting next_dagrun for upload_congress_data to None, run_after=None
[2024-06-25T02:22:56.420+0000] {processor.py:183} INFO - Processing /opt/airflow/dags/upload_congress_data.py took 0.274 seconds
[2024-06-25T02:23:26.582+0000] {processor.py:161} INFO - Started process (PID=5486) to work on /opt/airflow/dags/upload_congress_data.py
[2024-06-25T02:23:26.584+0000] {processor.py:830} INFO - Processing file /opt/airflow/dags/upload_congress_data.py for tasks to queue
[2024-06-25T02:23:26.587+0000] {logging_mixin.py:188} INFO - [2024-06-25T02:23:26.586+0000] {dagbag.py:540} INFO - Filling up the DagBag from /opt/airflow/dags/upload_congress_data.py
[2024-06-25T02:23:26.774+0000] {logging_mixin.py:188} INFO - Bucket Name: congress_data_testproject-420401
[2024-06-25T02:23:26.778+0000] {processor.py:840} INFO - DAG(s) 'upload_congress_data' retrieved from /opt/airflow/dags/upload_congress_data.py
[2024-06-25T02:23:26.789+0000] {logging_mixin.py:188} INFO - [2024-06-25T02:23:26.789+0000] {dag.py:3047} INFO - Sync 1 DAGs
[2024-06-25T02:23:26.796+0000] {logging_mixin.py:188} INFO - [2024-06-25T02:23:26.796+0000] {dag.py:3834} INFO - Setting next_dagrun for upload_congress_data to None, run_after=None
[2024-06-25T02:23:26.804+0000] {processor.py:183} INFO - Processing /opt/airflow/dags/upload_congress_data.py took 0.227 seconds
[2024-06-25T02:23:57.015+0000] {processor.py:161} INFO - Started process (PID=5494) to work on /opt/airflow/dags/upload_congress_data.py
[2024-06-25T02:23:57.017+0000] {processor.py:830} INFO - Processing file /opt/airflow/dags/upload_congress_data.py for tasks to queue
[2024-06-25T02:23:57.020+0000] {logging_mixin.py:188} INFO - [2024-06-25T02:23:57.019+0000] {dagbag.py:540} INFO - Filling up the DagBag from /opt/airflow/dags/upload_congress_data.py
[2024-06-25T02:23:57.208+0000] {logging_mixin.py:188} INFO - Bucket Name: congress_data_testproject-420401
[2024-06-25T02:23:57.211+0000] {processor.py:840} INFO - DAG(s) 'upload_congress_data' retrieved from /opt/airflow/dags/upload_congress_data.py
[2024-06-25T02:23:57.222+0000] {logging_mixin.py:188} INFO - [2024-06-25T02:23:57.222+0000] {dag.py:3047} INFO - Sync 1 DAGs
[2024-06-25T02:23:57.230+0000] {logging_mixin.py:188} INFO - [2024-06-25T02:23:57.230+0000] {dag.py:3834} INFO - Setting next_dagrun for upload_congress_data to None, run_after=None
[2024-06-25T02:23:57.237+0000] {processor.py:183} INFO - Processing /opt/airflow/dags/upload_congress_data.py took 0.228 seconds
[2024-06-25T02:24:27.486+0000] {processor.py:161} INFO - Started process (PID=5502) to work on /opt/airflow/dags/upload_congress_data.py
[2024-06-25T02:24:27.488+0000] {processor.py:830} INFO - Processing file /opt/airflow/dags/upload_congress_data.py for tasks to queue
[2024-06-25T02:24:27.491+0000] {logging_mixin.py:188} INFO - [2024-06-25T02:24:27.490+0000] {dagbag.py:540} INFO - Filling up the DagBag from /opt/airflow/dags/upload_congress_data.py
[2024-06-25T02:24:27.680+0000] {logging_mixin.py:188} INFO - Bucket Name: congress_data_testproject-420401
[2024-06-25T02:24:27.683+0000] {processor.py:840} INFO - DAG(s) 'upload_congress_data' retrieved from /opt/airflow/dags/upload_congress_data.py
[2024-06-25T02:24:27.694+0000] {logging_mixin.py:188} INFO - [2024-06-25T02:24:27.694+0000] {dag.py:3047} INFO - Sync 1 DAGs
[2024-06-25T02:24:27.702+0000] {logging_mixin.py:188} INFO - [2024-06-25T02:24:27.701+0000] {dag.py:3834} INFO - Setting next_dagrun for upload_congress_data to None, run_after=None
[2024-06-25T02:24:27.708+0000] {processor.py:183} INFO - Processing /opt/airflow/dags/upload_congress_data.py took 0.228 seconds
[2024-06-25T02:24:57.982+0000] {processor.py:161} INFO - Started process (PID=5510) to work on /opt/airflow/dags/upload_congress_data.py
[2024-06-25T02:24:57.983+0000] {processor.py:830} INFO - Processing file /opt/airflow/dags/upload_congress_data.py for tasks to queue
[2024-06-25T02:24:57.986+0000] {logging_mixin.py:188} INFO - [2024-06-25T02:24:57.986+0000] {dagbag.py:540} INFO - Filling up the DagBag from /opt/airflow/dags/upload_congress_data.py
[2024-06-25T02:24:58.171+0000] {logging_mixin.py:188} INFO - Bucket Name: congress_data_testproject-420401
[2024-06-25T02:24:58.174+0000] {processor.py:840} INFO - DAG(s) 'upload_congress_data' retrieved from /opt/airflow/dags/upload_congress_data.py
[2024-06-25T02:24:58.185+0000] {logging_mixin.py:188} INFO - [2024-06-25T02:24:58.185+0000] {dag.py:3047} INFO - Sync 1 DAGs
[2024-06-25T02:24:58.193+0000] {logging_mixin.py:188} INFO - [2024-06-25T02:24:58.193+0000] {dag.py:3834} INFO - Setting next_dagrun for upload_congress_data to None, run_after=None
[2024-06-25T02:24:58.200+0000] {processor.py:183} INFO - Processing /opt/airflow/dags/upload_congress_data.py took 0.224 seconds
[2024-06-25T02:25:28.407+0000] {processor.py:161} INFO - Started process (PID=5518) to work on /opt/airflow/dags/upload_congress_data.py
[2024-06-25T02:25:28.409+0000] {processor.py:830} INFO - Processing file /opt/airflow/dags/upload_congress_data.py for tasks to queue
[2024-06-25T02:25:28.411+0000] {logging_mixin.py:188} INFO - [2024-06-25T02:25:28.411+0000] {dagbag.py:540} INFO - Filling up the DagBag from /opt/airflow/dags/upload_congress_data.py
[2024-06-25T02:25:28.597+0000] {logging_mixin.py:188} INFO - Bucket Name: congress_data_testproject-420401
[2024-06-25T02:25:28.601+0000] {processor.py:840} INFO - DAG(s) 'upload_congress_data' retrieved from /opt/airflow/dags/upload_congress_data.py
[2024-06-25T02:25:28.611+0000] {logging_mixin.py:188} INFO - [2024-06-25T02:25:28.611+0000] {dag.py:3047} INFO - Sync 1 DAGs
[2024-06-25T02:25:28.619+0000] {logging_mixin.py:188} INFO - [2024-06-25T02:25:28.618+0000] {dag.py:3834} INFO - Setting next_dagrun for upload_congress_data to None, run_after=None
[2024-06-25T02:25:28.625+0000] {processor.py:183} INFO - Processing /opt/airflow/dags/upload_congress_data.py took 0.223 seconds
[2024-06-25T02:25:58.863+0000] {processor.py:161} INFO - Started process (PID=5526) to work on /opt/airflow/dags/upload_congress_data.py
[2024-06-25T02:25:58.865+0000] {processor.py:830} INFO - Processing file /opt/airflow/dags/upload_congress_data.py for tasks to queue
[2024-06-25T02:25:58.868+0000] {logging_mixin.py:188} INFO - [2024-06-25T02:25:58.868+0000] {dagbag.py:540} INFO - Filling up the DagBag from /opt/airflow/dags/upload_congress_data.py
[2024-06-25T02:25:59.082+0000] {logging_mixin.py:188} INFO - Bucket Name: congress_data_testproject-420401
[2024-06-25T02:25:59.085+0000] {processor.py:840} INFO - DAG(s) 'upload_congress_data' retrieved from /opt/airflow/dags/upload_congress_data.py
[2024-06-25T02:25:59.096+0000] {logging_mixin.py:188} INFO - [2024-06-25T02:25:59.096+0000] {dag.py:3047} INFO - Sync 1 DAGs
[2024-06-25T02:25:59.104+0000] {logging_mixin.py:188} INFO - [2024-06-25T02:25:59.104+0000] {dag.py:3834} INFO - Setting next_dagrun for upload_congress_data to None, run_after=None
[2024-06-25T02:25:59.111+0000] {processor.py:183} INFO - Processing /opt/airflow/dags/upload_congress_data.py took 0.253 seconds
[2024-06-25T02:26:29.477+0000] {processor.py:161} INFO - Started process (PID=5534) to work on /opt/airflow/dags/upload_congress_data.py
[2024-06-25T02:26:29.479+0000] {processor.py:830} INFO - Processing file /opt/airflow/dags/upload_congress_data.py for tasks to queue
[2024-06-25T02:26:29.483+0000] {logging_mixin.py:188} INFO - [2024-06-25T02:26:29.482+0000] {dagbag.py:540} INFO - Filling up the DagBag from /opt/airflow/dags/upload_congress_data.py
[2024-06-25T02:26:29.559+0000] {logging_mixin.py:188} INFO - Bucket Name: congress_data_testproject-420401
[2024-06-25T02:26:29.564+0000] {processor.py:840} INFO - DAG(s) 'upload_congress_data' retrieved from /opt/airflow/dags/upload_congress_data.py
[2024-06-25T02:26:29.577+0000] {logging_mixin.py:188} INFO - [2024-06-25T02:26:29.577+0000] {dag.py:3047} INFO - Sync 1 DAGs
[2024-06-25T02:26:29.587+0000] {logging_mixin.py:188} INFO - [2024-06-25T02:26:29.587+0000] {dag.py:3834} INFO - Setting next_dagrun for upload_congress_data to None, run_after=None
[2024-06-25T02:26:29.595+0000] {processor.py:183} INFO - Processing /opt/airflow/dags/upload_congress_data.py took 0.124 seconds
[2024-06-25T02:26:59.918+0000] {processor.py:161} INFO - Started process (PID=5542) to work on /opt/airflow/dags/upload_congress_data.py
[2024-06-25T02:26:59.919+0000] {processor.py:830} INFO - Processing file /opt/airflow/dags/upload_congress_data.py for tasks to queue
[2024-06-25T02:26:59.922+0000] {logging_mixin.py:188} INFO - [2024-06-25T02:26:59.921+0000] {dagbag.py:540} INFO - Filling up the DagBag from /opt/airflow/dags/upload_congress_data.py
[2024-06-25T02:26:59.989+0000] {logging_mixin.py:188} INFO - Bucket Name: congress_data_testproject-420401
[2024-06-25T02:26:59.994+0000] {processor.py:840} INFO - DAG(s) 'upload_congress_data' retrieved from /opt/airflow/dags/upload_congress_data.py
[2024-06-25T02:27:00.007+0000] {logging_mixin.py:188} INFO - [2024-06-25T02:27:00.007+0000] {dag.py:3047} INFO - Sync 1 DAGs
[2024-06-25T02:27:00.018+0000] {logging_mixin.py:188} INFO - [2024-06-25T02:27:00.018+0000] {dag.py:3834} INFO - Setting next_dagrun for upload_congress_data to None, run_after=None
[2024-06-25T02:27:00.025+0000] {processor.py:183} INFO - Processing /opt/airflow/dags/upload_congress_data.py took 0.111 seconds
[2024-06-25T02:27:30.542+0000] {processor.py:161} INFO - Started process (PID=5550) to work on /opt/airflow/dags/upload_congress_data.py
[2024-06-25T02:27:30.543+0000] {processor.py:830} INFO - Processing file /opt/airflow/dags/upload_congress_data.py for tasks to queue
[2024-06-25T02:27:30.544+0000] {logging_mixin.py:188} INFO - [2024-06-25T02:27:30.544+0000] {dagbag.py:540} INFO - Filling up the DagBag from /opt/airflow/dags/upload_congress_data.py
[2024-06-25T02:27:30.622+0000] {logging_mixin.py:188} INFO - Bucket Name: congress_data_testproject-420401
[2024-06-25T02:27:30.628+0000] {processor.py:840} INFO - DAG(s) 'upload_congress_data' retrieved from /opt/airflow/dags/upload_congress_data.py
[2024-06-25T02:27:30.643+0000] {logging_mixin.py:188} INFO - [2024-06-25T02:27:30.643+0000] {dag.py:3047} INFO - Sync 1 DAGs
[2024-06-25T02:27:30.656+0000] {logging_mixin.py:188} INFO - [2024-06-25T02:27:30.655+0000] {dag.py:3834} INFO - Setting next_dagrun for upload_congress_data to None, run_after=None
[2024-06-25T02:27:30.668+0000] {processor.py:183} INFO - Processing /opt/airflow/dags/upload_congress_data.py took 0.128 seconds
[2024-06-25T02:28:01.059+0000] {processor.py:161} INFO - Started process (PID=5558) to work on /opt/airflow/dags/upload_congress_data.py
[2024-06-25T02:28:01.061+0000] {processor.py:830} INFO - Processing file /opt/airflow/dags/upload_congress_data.py for tasks to queue
[2024-06-25T02:28:01.065+0000] {logging_mixin.py:188} INFO - [2024-06-25T02:28:01.064+0000] {dagbag.py:540} INFO - Filling up the DagBag from /opt/airflow/dags/upload_congress_data.py
[2024-06-25T02:28:01.170+0000] {logging_mixin.py:188} INFO - Bucket Name: congress_data_testproject-420401
[2024-06-25T02:28:01.180+0000] {processor.py:840} INFO - DAG(s) 'upload_congress_data' retrieved from /opt/airflow/dags/upload_congress_data.py
[2024-06-25T02:28:01.202+0000] {logging_mixin.py:188} INFO - [2024-06-25T02:28:01.202+0000] {dag.py:3047} INFO - Sync 1 DAGs
[2024-06-25T02:28:01.226+0000] {logging_mixin.py:188} INFO - [2024-06-25T02:28:01.226+0000] {dag.py:3834} INFO - Setting next_dagrun for upload_congress_data to None, run_after=None
[2024-06-25T02:28:01.238+0000] {processor.py:183} INFO - Processing /opt/airflow/dags/upload_congress_data.py took 0.184 seconds
[2024-06-25T04:06:33.722+0000] {processor.py:161} INFO - Started process (PID=5560) to work on /opt/airflow/dags/upload_congress_data.py
[2024-06-25T04:06:33.723+0000] {processor.py:830} INFO - Processing file /opt/airflow/dags/upload_congress_data.py for tasks to queue
[2024-06-25T04:06:33.725+0000] {logging_mixin.py:188} INFO - [2024-06-25T04:06:33.724+0000] {dagbag.py:540} INFO - Filling up the DagBag from /opt/airflow/dags/upload_congress_data.py
[2024-06-25T04:06:33.800+0000] {logging_mixin.py:188} INFO - Bucket Name: congress_data_testproject-420401
[2024-06-25T04:06:33.812+0000] {processor.py:840} INFO - DAG(s) 'upload_congress_data' retrieved from /opt/airflow/dags/upload_congress_data.py
[2024-06-25T04:06:33.842+0000] {logging_mixin.py:188} INFO - [2024-06-25T04:06:33.841+0000] {dag.py:3047} INFO - Sync 1 DAGs
[2024-06-25T04:06:33.874+0000] {logging_mixin.py:188} INFO - [2024-06-25T04:06:33.874+0000] {dag.py:3834} INFO - Setting next_dagrun for upload_congress_data to None, run_after=None
[2024-06-25T04:06:33.905+0000] {processor.py:183} INFO - Processing /opt/airflow/dags/upload_congress_data.py took 0.187 seconds
[2024-06-25T05:19:50.549+0000] {processor.py:161} INFO - Started process (PID=5568) to work on /opt/airflow/dags/upload_congress_data.py
[2024-06-25T05:19:50.553+0000] {processor.py:830} INFO - Processing file /opt/airflow/dags/upload_congress_data.py for tasks to queue
[2024-06-25T05:19:50.562+0000] {logging_mixin.py:188} INFO - [2024-06-25T05:19:50.561+0000] {dagbag.py:540} INFO - Filling up the DagBag from /opt/airflow/dags/upload_congress_data.py
[2024-06-25T05:19:50.719+0000] {logging_mixin.py:188} INFO - Bucket Name: congress_data_testproject-420401
[2024-06-25T05:19:50.747+0000] {processor.py:840} INFO - DAG(s) 'upload_congress_data' retrieved from /opt/airflow/dags/upload_congress_data.py
[2024-06-25T05:19:50.824+0000] {logging_mixin.py:188} INFO - [2024-06-25T05:19:50.824+0000] {dag.py:3047} INFO - Sync 1 DAGs
[2024-06-25T05:19:50.849+0000] {logging_mixin.py:188} INFO - [2024-06-25T05:19:50.849+0000] {dag.py:3834} INFO - Setting next_dagrun for upload_congress_data to None, run_after=None
[2024-06-25T05:19:50.869+0000] {processor.py:183} INFO - Processing /opt/airflow/dags/upload_congress_data.py took 0.333 seconds
[2024-06-25T06:35:24.308+0000] {processor.py:161} INFO - Started process (PID=5576) to work on /opt/airflow/dags/upload_congress_data.py
[2024-06-25T06:35:24.309+0000] {processor.py:830} INFO - Processing file /opt/airflow/dags/upload_congress_data.py for tasks to queue
[2024-06-25T06:35:24.310+0000] {logging_mixin.py:188} INFO - [2024-06-25T06:35:24.310+0000] {dagbag.py:540} INFO - Filling up the DagBag from /opt/airflow/dags/upload_congress_data.py
[2024-06-25T06:35:24.375+0000] {logging_mixin.py:188} INFO - Bucket Name: congress_data_testproject-420401
[2024-06-25T06:35:24.382+0000] {processor.py:840} INFO - DAG(s) 'upload_congress_data' retrieved from /opt/airflow/dags/upload_congress_data.py
[2024-06-25T06:35:24.397+0000] {logging_mixin.py:188} INFO - [2024-06-25T06:35:24.397+0000] {dag.py:3047} INFO - Sync 1 DAGs
[2024-06-25T06:35:24.434+0000] {logging_mixin.py:188} INFO - [2024-06-25T06:35:24.433+0000] {dag.py:3834} INFO - Setting next_dagrun for upload_congress_data to None, run_after=None
[2024-06-25T06:35:24.462+0000] {processor.py:183} INFO - Processing /opt/airflow/dags/upload_congress_data.py took 0.157 seconds
[2024-06-25T07:53:58.293+0000] {processor.py:161} INFO - Started process (PID=5584) to work on /opt/airflow/dags/upload_congress_data.py
[2024-06-25T07:53:58.298+0000] {processor.py:830} INFO - Processing file /opt/airflow/dags/upload_congress_data.py for tasks to queue
[2024-06-25T07:53:58.309+0000] {logging_mixin.py:188} INFO - [2024-06-25T07:53:58.308+0000] {dagbag.py:540} INFO - Filling up the DagBag from /opt/airflow/dags/upload_congress_data.py
[2024-06-25T07:53:58.529+0000] {logging_mixin.py:188} INFO - Bucket Name: congress_data_testproject-420401
[2024-06-25T07:53:58.542+0000] {processor.py:840} INFO - DAG(s) 'upload_congress_data' retrieved from /opt/airflow/dags/upload_congress_data.py
[2024-06-25T07:53:58.568+0000] {logging_mixin.py:188} INFO - [2024-06-25T07:53:58.568+0000] {dag.py:3047} INFO - Sync 1 DAGs
[2024-06-25T07:53:58.583+0000] {logging_mixin.py:188} INFO - [2024-06-25T07:53:58.582+0000] {dag.py:3834} INFO - Setting next_dagrun for upload_congress_data to None, run_after=None
[2024-06-25T07:53:58.594+0000] {processor.py:183} INFO - Processing /opt/airflow/dags/upload_congress_data.py took 0.309 seconds
[2024-06-25T09:36:16.540+0000] {processor.py:161} INFO - Started process (PID=5592) to work on /opt/airflow/dags/upload_congress_data.py
[2024-06-25T09:36:16.541+0000] {processor.py:830} INFO - Processing file /opt/airflow/dags/upload_congress_data.py for tasks to queue
[2024-06-25T09:36:16.542+0000] {logging_mixin.py:188} INFO - [2024-06-25T09:36:16.542+0000] {dagbag.py:540} INFO - Filling up the DagBag from /opt/airflow/dags/upload_congress_data.py
[2024-06-25T09:36:16.642+0000] {logging_mixin.py:188} INFO - Bucket Name: congress_data_testproject-420401
[2024-06-25T09:36:16.659+0000] {processor.py:840} INFO - DAG(s) 'upload_congress_data' retrieved from /opt/airflow/dags/upload_congress_data.py
[2024-06-25T09:36:16.702+0000] {logging_mixin.py:188} INFO - [2024-06-25T09:36:16.702+0000] {dag.py:3047} INFO - Sync 1 DAGs
[2024-06-25T09:36:16.734+0000] {logging_mixin.py:188} INFO - [2024-06-25T09:36:16.733+0000] {dag.py:3834} INFO - Setting next_dagrun for upload_congress_data to None, run_after=None
[2024-06-25T09:36:16.759+0000] {processor.py:183} INFO - Processing /opt/airflow/dags/upload_congress_data.py took 0.221 seconds
[2024-06-25T09:53:10.759+0000] {processor.py:161} INFO - Started process (PID=5600) to work on /opt/airflow/dags/upload_congress_data.py
[2024-06-25T09:53:10.761+0000] {processor.py:830} INFO - Processing file /opt/airflow/dags/upload_congress_data.py for tasks to queue
[2024-06-25T09:53:10.769+0000] {logging_mixin.py:188} INFO - [2024-06-25T09:53:10.768+0000] {dagbag.py:540} INFO - Filling up the DagBag from /opt/airflow/dags/upload_congress_data.py
[2024-06-25T09:53:10.909+0000] {logging_mixin.py:188} INFO - Bucket Name: congress_data_testproject-420401
[2024-06-25T09:53:10.926+0000] {processor.py:840} INFO - DAG(s) 'upload_congress_data' retrieved from /opt/airflow/dags/upload_congress_data.py
[2024-06-25T09:53:10.962+0000] {logging_mixin.py:188} INFO - [2024-06-25T09:53:10.961+0000] {dag.py:3047} INFO - Sync 1 DAGs
[2024-06-25T09:53:10.992+0000] {logging_mixin.py:188} INFO - [2024-06-25T09:53:10.992+0000] {dag.py:3834} INFO - Setting next_dagrun for upload_congress_data to None, run_after=None
[2024-06-25T09:53:11.019+0000] {processor.py:183} INFO - Processing /opt/airflow/dags/upload_congress_data.py took 0.265 seconds
[2024-06-25T09:55:38.508+0000] {processor.py:161} INFO - Started process (PID=5608) to work on /opt/airflow/dags/upload_congress_data.py
[2024-06-25T09:55:38.510+0000] {processor.py:830} INFO - Processing file /opt/airflow/dags/upload_congress_data.py for tasks to queue
[2024-06-25T09:55:38.517+0000] {logging_mixin.py:188} INFO - [2024-06-25T09:55:38.515+0000] {dagbag.py:540} INFO - Filling up the DagBag from /opt/airflow/dags/upload_congress_data.py
[2024-06-25T09:55:38.650+0000] {logging_mixin.py:188} INFO - Bucket Name: congress_data_testproject-420401
[2024-06-25T09:55:38.668+0000] {processor.py:840} INFO - DAG(s) 'upload_congress_data' retrieved from /opt/airflow/dags/upload_congress_data.py
[2024-06-25T09:55:38.719+0000] {logging_mixin.py:188} INFO - [2024-06-25T09:55:38.719+0000] {dag.py:3047} INFO - Sync 1 DAGs
[2024-06-25T09:55:38.779+0000] {logging_mixin.py:188} INFO - [2024-06-25T09:55:38.779+0000] {dag.py:3834} INFO - Setting next_dagrun for upload_congress_data to None, run_after=None
[2024-06-25T09:55:38.818+0000] {processor.py:183} INFO - Processing /opt/airflow/dags/upload_congress_data.py took 0.315 seconds
[2024-06-25T10:27:08.238+0000] {processor.py:161} INFO - Started process (PID=5616) to work on /opt/airflow/dags/upload_congress_data.py
[2024-06-25T10:27:08.241+0000] {processor.py:830} INFO - Processing file /opt/airflow/dags/upload_congress_data.py for tasks to queue
[2024-06-25T10:27:08.247+0000] {logging_mixin.py:188} INFO - [2024-06-25T10:27:08.246+0000] {dagbag.py:540} INFO - Filling up the DagBag from /opt/airflow/dags/upload_congress_data.py
[2024-06-25T10:27:08.370+0000] {logging_mixin.py:188} INFO - Bucket Name: congress_data_testproject-420401
[2024-06-25T10:27:08.386+0000] {processor.py:840} INFO - DAG(s) 'upload_congress_data' retrieved from /opt/airflow/dags/upload_congress_data.py
[2024-06-25T10:27:08.422+0000] {logging_mixin.py:188} INFO - [2024-06-25T10:27:08.421+0000] {dag.py:3047} INFO - Sync 1 DAGs
[2024-06-25T10:27:08.447+0000] {logging_mixin.py:188} INFO - [2024-06-25T10:27:08.447+0000] {dag.py:3834} INFO - Setting next_dagrun for upload_congress_data to None, run_after=None
[2024-06-25T10:27:08.473+0000] {processor.py:183} INFO - Processing /opt/airflow/dags/upload_congress_data.py took 0.243 seconds
[2024-06-25T11:51:19.101+0000] {processor.py:161} INFO - Started process (PID=5624) to work on /opt/airflow/dags/upload_congress_data.py
[2024-06-25T11:51:19.102+0000] {processor.py:830} INFO - Processing file /opt/airflow/dags/upload_congress_data.py for tasks to queue
[2024-06-25T11:51:19.104+0000] {logging_mixin.py:188} INFO - [2024-06-25T11:51:19.104+0000] {dagbag.py:540} INFO - Filling up the DagBag from /opt/airflow/dags/upload_congress_data.py
[2024-06-25T11:51:19.175+0000] {logging_mixin.py:188} INFO - Bucket Name: congress_data_testproject-420401
[2024-06-25T11:51:19.181+0000] {processor.py:840} INFO - DAG(s) 'upload_congress_data' retrieved from /opt/airflow/dags/upload_congress_data.py
[2024-06-25T11:51:19.195+0000] {logging_mixin.py:188} INFO - [2024-06-25T11:51:19.195+0000] {dag.py:3047} INFO - Sync 1 DAGs
[2024-06-25T11:51:19.205+0000] {logging_mixin.py:188} INFO - [2024-06-25T11:51:19.205+0000] {dag.py:3834} INFO - Setting next_dagrun for upload_congress_data to None, run_after=None
[2024-06-25T11:51:19.213+0000] {processor.py:183} INFO - Processing /opt/airflow/dags/upload_congress_data.py took 0.115 seconds
[2024-06-25T13:11:47.118+0000] {processor.py:161} INFO - Started process (PID=5632) to work on /opt/airflow/dags/upload_congress_data.py
[2024-06-25T13:11:47.120+0000] {processor.py:830} INFO - Processing file /opt/airflow/dags/upload_congress_data.py for tasks to queue
[2024-06-25T13:11:47.128+0000] {logging_mixin.py:188} INFO - [2024-06-25T13:11:47.127+0000] {dagbag.py:540} INFO - Filling up the DagBag from /opt/airflow/dags/upload_congress_data.py
[2024-06-25T13:11:47.267+0000] {logging_mixin.py:188} INFO - Bucket Name: congress_data_testproject-420401
[2024-06-25T13:11:47.280+0000] {processor.py:840} INFO - DAG(s) 'upload_congress_data' retrieved from /opt/airflow/dags/upload_congress_data.py
[2024-06-25T13:11:47.322+0000] {logging_mixin.py:188} INFO - [2024-06-25T13:11:47.322+0000] {dag.py:3047} INFO - Sync 1 DAGs
[2024-06-25T13:11:47.356+0000] {logging_mixin.py:188} INFO - [2024-06-25T13:11:47.355+0000] {dag.py:3834} INFO - Setting next_dagrun for upload_congress_data to None, run_after=None
[2024-06-25T13:11:47.383+0000] {processor.py:183} INFO - Processing /opt/airflow/dags/upload_congress_data.py took 0.273 seconds
[2024-06-25T14:38:27.611+0000] {processor.py:161} INFO - Started process (PID=5640) to work on /opt/airflow/dags/upload_congress_data.py
[2024-06-25T14:38:27.614+0000] {processor.py:830} INFO - Processing file /opt/airflow/dags/upload_congress_data.py for tasks to queue
[2024-06-25T14:38:27.620+0000] {logging_mixin.py:188} INFO - [2024-06-25T14:38:27.618+0000] {dagbag.py:540} INFO - Filling up the DagBag from /opt/airflow/dags/upload_congress_data.py
[2024-06-25T14:38:27.742+0000] {logging_mixin.py:188} INFO - Bucket Name: congress_data_testproject-420401
[2024-06-25T14:38:27.756+0000] {processor.py:840} INFO - DAG(s) 'upload_congress_data' retrieved from /opt/airflow/dags/upload_congress_data.py
[2024-06-25T14:38:27.791+0000] {logging_mixin.py:188} INFO - [2024-06-25T14:38:27.790+0000] {dag.py:3047} INFO - Sync 1 DAGs
[2024-06-25T14:38:27.816+0000] {logging_mixin.py:188} INFO - [2024-06-25T14:38:27.815+0000] {dag.py:3834} INFO - Setting next_dagrun for upload_congress_data to None, run_after=None
[2024-06-25T14:38:27.843+0000] {processor.py:183} INFO - Processing /opt/airflow/dags/upload_congress_data.py took 0.240 seconds
[2024-06-25T15:06:18.970+0000] {processor.py:161} INFO - Started process (PID=5648) to work on /opt/airflow/dags/upload_congress_data.py
[2024-06-25T15:06:18.973+0000] {processor.py:830} INFO - Processing file /opt/airflow/dags/upload_congress_data.py for tasks to queue
[2024-06-25T15:06:18.983+0000] {logging_mixin.py:188} INFO - [2024-06-25T15:06:18.982+0000] {dagbag.py:540} INFO - Filling up the DagBag from /opt/airflow/dags/upload_congress_data.py
[2024-06-25T15:06:19.207+0000] {logging_mixin.py:188} INFO - Bucket Name: congress_data_testproject-420401
[2024-06-25T15:06:19.223+0000] {processor.py:840} INFO - DAG(s) 'upload_congress_data' retrieved from /opt/airflow/dags/upload_congress_data.py
[2024-06-25T15:06:19.265+0000] {logging_mixin.py:188} INFO - [2024-06-25T15:06:19.264+0000] {dag.py:3047} INFO - Sync 1 DAGs
[2024-06-25T15:06:19.295+0000] {logging_mixin.py:188} INFO - [2024-06-25T15:06:19.294+0000] {dag.py:3834} INFO - Setting next_dagrun for upload_congress_data to None, run_after=None
[2024-06-25T15:06:19.321+0000] {processor.py:183} INFO - Processing /opt/airflow/dags/upload_congress_data.py took 0.357 seconds
[2024-06-25T16:07:15.341+0000] {processor.py:161} INFO - Started process (PID=5656) to work on /opt/airflow/dags/upload_congress_data.py
[2024-06-25T16:07:15.344+0000] {processor.py:830} INFO - Processing file /opt/airflow/dags/upload_congress_data.py for tasks to queue
[2024-06-25T16:07:15.366+0000] {logging_mixin.py:188} INFO - [2024-06-25T16:07:15.364+0000] {dagbag.py:540} INFO - Filling up the DagBag from /opt/airflow/dags/upload_congress_data.py
[2024-06-25T16:07:15.633+0000] {logging_mixin.py:188} INFO - Bucket Name: congress_data_testproject-420401
[2024-06-25T16:07:15.649+0000] {processor.py:840} INFO - DAG(s) 'upload_congress_data' retrieved from /opt/airflow/dags/upload_congress_data.py
[2024-06-25T16:07:15.702+0000] {logging_mixin.py:188} INFO - [2024-06-25T16:07:15.701+0000] {dag.py:3047} INFO - Sync 1 DAGs
[2024-06-25T16:07:15.735+0000] {logging_mixin.py:188} INFO - [2024-06-25T16:07:15.734+0000] {dag.py:3834} INFO - Setting next_dagrun for upload_congress_data to None, run_after=None
[2024-06-25T16:07:15.759+0000] {processor.py:183} INFO - Processing /opt/airflow/dags/upload_congress_data.py took 0.424 seconds
[2024-06-25T16:07:45.924+0000] {processor.py:161} INFO - Started process (PID=5664) to work on /opt/airflow/dags/upload_congress_data.py
[2024-06-25T16:07:45.925+0000] {processor.py:830} INFO - Processing file /opt/airflow/dags/upload_congress_data.py for tasks to queue
[2024-06-25T16:07:45.928+0000] {logging_mixin.py:188} INFO - [2024-06-25T16:07:45.928+0000] {dagbag.py:540} INFO - Filling up the DagBag from /opt/airflow/dags/upload_congress_data.py
[2024-06-25T16:07:46.001+0000] {logging_mixin.py:188} INFO - Bucket Name: congress_data_testproject-420401
[2024-06-25T16:07:46.007+0000] {processor.py:840} INFO - DAG(s) 'upload_congress_data' retrieved from /opt/airflow/dags/upload_congress_data.py
[2024-06-25T16:07:46.022+0000] {logging_mixin.py:188} INFO - [2024-06-25T16:07:46.022+0000] {dag.py:3047} INFO - Sync 1 DAGs
[2024-06-25T16:07:46.034+0000] {logging_mixin.py:188} INFO - [2024-06-25T16:07:46.034+0000] {dag.py:3834} INFO - Setting next_dagrun for upload_congress_data to None, run_after=None
[2024-06-25T16:07:46.042+0000] {processor.py:183} INFO - Processing /opt/airflow/dags/upload_congress_data.py took 0.122 seconds
[2024-06-25T16:08:16.315+0000] {processor.py:161} INFO - Started process (PID=5672) to work on /opt/airflow/dags/upload_congress_data.py
[2024-06-25T16:08:16.316+0000] {processor.py:830} INFO - Processing file /opt/airflow/dags/upload_congress_data.py for tasks to queue
[2024-06-25T16:08:16.319+0000] {logging_mixin.py:188} INFO - [2024-06-25T16:08:16.318+0000] {dagbag.py:540} INFO - Filling up the DagBag from /opt/airflow/dags/upload_congress_data.py
[2024-06-25T16:08:16.402+0000] {logging_mixin.py:188} INFO - Bucket Name: congress_data_testproject-420401
[2024-06-25T16:08:16.409+0000] {processor.py:840} INFO - DAG(s) 'upload_congress_data' retrieved from /opt/airflow/dags/upload_congress_data.py
[2024-06-25T16:08:16.429+0000] {logging_mixin.py:188} INFO - [2024-06-25T16:08:16.429+0000] {dag.py:3047} INFO - Sync 1 DAGs
[2024-06-25T16:08:16.442+0000] {logging_mixin.py:188} INFO - [2024-06-25T16:08:16.442+0000] {dag.py:3834} INFO - Setting next_dagrun for upload_congress_data to None, run_after=None
[2024-06-25T16:08:16.452+0000] {processor.py:183} INFO - Processing /opt/airflow/dags/upload_congress_data.py took 0.140 seconds
[2024-06-25T16:08:46.771+0000] {processor.py:161} INFO - Started process (PID=5680) to work on /opt/airflow/dags/upload_congress_data.py
[2024-06-25T16:08:46.773+0000] {processor.py:830} INFO - Processing file /opt/airflow/dags/upload_congress_data.py for tasks to queue
[2024-06-25T16:08:46.776+0000] {logging_mixin.py:188} INFO - [2024-06-25T16:08:46.775+0000] {dagbag.py:540} INFO - Filling up the DagBag from /opt/airflow/dags/upload_congress_data.py
[2024-06-25T16:08:46.848+0000] {logging_mixin.py:188} INFO - Bucket Name: congress_data_testproject-420401
[2024-06-25T16:08:46.854+0000] {processor.py:840} INFO - DAG(s) 'upload_congress_data' retrieved from /opt/airflow/dags/upload_congress_data.py
[2024-06-25T16:08:46.867+0000] {logging_mixin.py:188} INFO - [2024-06-25T16:08:46.867+0000] {dag.py:3047} INFO - Sync 1 DAGs
[2024-06-25T16:08:46.876+0000] {logging_mixin.py:188} INFO - [2024-06-25T16:08:46.876+0000] {dag.py:3834} INFO - Setting next_dagrun for upload_congress_data to None, run_after=None
[2024-06-25T16:08:46.884+0000] {processor.py:183} INFO - Processing /opt/airflow/dags/upload_congress_data.py took 0.118 seconds
[2024-06-25T16:09:17.177+0000] {processor.py:161} INFO - Started process (PID=5688) to work on /opt/airflow/dags/upload_congress_data.py
[2024-06-25T16:09:17.179+0000] {processor.py:830} INFO - Processing file /opt/airflow/dags/upload_congress_data.py for tasks to queue
[2024-06-25T16:09:17.181+0000] {logging_mixin.py:188} INFO - [2024-06-25T16:09:17.181+0000] {dagbag.py:540} INFO - Filling up the DagBag from /opt/airflow/dags/upload_congress_data.py
[2024-06-25T16:09:17.254+0000] {logging_mixin.py:188} INFO - Bucket Name: congress_data_testproject-420401
[2024-06-25T16:09:17.259+0000] {processor.py:840} INFO - DAG(s) 'upload_congress_data' retrieved from /opt/airflow/dags/upload_congress_data.py
[2024-06-25T16:09:17.273+0000] {logging_mixin.py:188} INFO - [2024-06-25T16:09:17.273+0000] {dag.py:3047} INFO - Sync 1 DAGs
[2024-06-25T16:09:17.282+0000] {logging_mixin.py:188} INFO - [2024-06-25T16:09:17.282+0000] {dag.py:3834} INFO - Setting next_dagrun for upload_congress_data to None, run_after=None
[2024-06-25T16:09:17.291+0000] {processor.py:183} INFO - Processing /opt/airflow/dags/upload_congress_data.py took 0.118 seconds
[2024-06-25T16:09:47.602+0000] {processor.py:161} INFO - Started process (PID=5696) to work on /opt/airflow/dags/upload_congress_data.py
[2024-06-25T16:09:47.604+0000] {processor.py:830} INFO - Processing file /opt/airflow/dags/upload_congress_data.py for tasks to queue
[2024-06-25T16:09:47.607+0000] {logging_mixin.py:188} INFO - [2024-06-25T16:09:47.606+0000] {dagbag.py:540} INFO - Filling up the DagBag from /opt/airflow/dags/upload_congress_data.py
[2024-06-25T16:09:47.679+0000] {logging_mixin.py:188} INFO - Bucket Name: congress_data_testproject-420401
[2024-06-25T16:09:47.684+0000] {processor.py:840} INFO - DAG(s) 'upload_congress_data' retrieved from /opt/airflow/dags/upload_congress_data.py
[2024-06-25T16:09:47.697+0000] {logging_mixin.py:188} INFO - [2024-06-25T16:09:47.697+0000] {dag.py:3047} INFO - Sync 1 DAGs
[2024-06-25T16:09:47.707+0000] {logging_mixin.py:188} INFO - [2024-06-25T16:09:47.706+0000] {dag.py:3834} INFO - Setting next_dagrun for upload_congress_data to None, run_after=None
[2024-06-25T16:09:47.715+0000] {processor.py:183} INFO - Processing /opt/airflow/dags/upload_congress_data.py took 0.118 seconds
[2024-06-25T16:10:18.017+0000] {processor.py:161} INFO - Started process (PID=5704) to work on /opt/airflow/dags/upload_congress_data.py
[2024-06-25T16:10:18.018+0000] {processor.py:830} INFO - Processing file /opt/airflow/dags/upload_congress_data.py for tasks to queue
[2024-06-25T16:10:18.022+0000] {logging_mixin.py:188} INFO - [2024-06-25T16:10:18.022+0000] {dagbag.py:540} INFO - Filling up the DagBag from /opt/airflow/dags/upload_congress_data.py
[2024-06-25T16:10:18.095+0000] {logging_mixin.py:188} INFO - Bucket Name: congress_data_testproject-420401
[2024-06-25T16:10:18.100+0000] {processor.py:840} INFO - DAG(s) 'upload_congress_data' retrieved from /opt/airflow/dags/upload_congress_data.py
[2024-06-25T16:10:18.113+0000] {logging_mixin.py:188} INFO - [2024-06-25T16:10:18.113+0000] {dag.py:3047} INFO - Sync 1 DAGs
[2024-06-25T16:10:18.122+0000] {logging_mixin.py:188} INFO - [2024-06-25T16:10:18.122+0000] {dag.py:3834} INFO - Setting next_dagrun for upload_congress_data to None, run_after=None
[2024-06-25T16:10:18.130+0000] {processor.py:183} INFO - Processing /opt/airflow/dags/upload_congress_data.py took 0.118 seconds
[2024-06-25T16:10:48.442+0000] {processor.py:161} INFO - Started process (PID=5712) to work on /opt/airflow/dags/upload_congress_data.py
[2024-06-25T16:10:48.444+0000] {processor.py:830} INFO - Processing file /opt/airflow/dags/upload_congress_data.py for tasks to queue
[2024-06-25T16:10:48.447+0000] {logging_mixin.py:188} INFO - [2024-06-25T16:10:48.446+0000] {dagbag.py:540} INFO - Filling up the DagBag from /opt/airflow/dags/upload_congress_data.py
[2024-06-25T16:10:48.525+0000] {logging_mixin.py:188} INFO - Bucket Name: congress_data_testproject-420401
[2024-06-25T16:10:48.530+0000] {processor.py:840} INFO - DAG(s) 'upload_congress_data' retrieved from /opt/airflow/dags/upload_congress_data.py
[2024-06-25T16:10:48.543+0000] {logging_mixin.py:188} INFO - [2024-06-25T16:10:48.543+0000] {dag.py:3047} INFO - Sync 1 DAGs
[2024-06-25T16:10:48.553+0000] {logging_mixin.py:188} INFO - [2024-06-25T16:10:48.553+0000] {dag.py:3834} INFO - Setting next_dagrun for upload_congress_data to None, run_after=None
[2024-06-25T16:10:48.561+0000] {processor.py:183} INFO - Processing /opt/airflow/dags/upload_congress_data.py took 0.124 seconds
[2024-06-25T16:11:18.881+0000] {processor.py:161} INFO - Started process (PID=5726) to work on /opt/airflow/dags/upload_congress_data.py
[2024-06-25T16:11:18.882+0000] {processor.py:830} INFO - Processing file /opt/airflow/dags/upload_congress_data.py for tasks to queue
[2024-06-25T16:11:18.885+0000] {logging_mixin.py:188} INFO - [2024-06-25T16:11:18.885+0000] {dagbag.py:540} INFO - Filling up the DagBag from /opt/airflow/dags/upload_congress_data.py
[2024-06-25T16:11:18.959+0000] {logging_mixin.py:188} INFO - Bucket Name: congress_data_testproject-420401
[2024-06-25T16:11:18.964+0000] {processor.py:840} INFO - DAG(s) 'upload_congress_data' retrieved from /opt/airflow/dags/upload_congress_data.py
[2024-06-25T16:11:18.977+0000] {logging_mixin.py:188} INFO - [2024-06-25T16:11:18.977+0000] {dag.py:3047} INFO - Sync 1 DAGs
[2024-06-25T16:11:18.986+0000] {logging_mixin.py:188} INFO - [2024-06-25T16:11:18.986+0000] {dag.py:3834} INFO - Setting next_dagrun for upload_congress_data to None, run_after=None
[2024-06-25T16:11:18.994+0000] {processor.py:183} INFO - Processing /opt/airflow/dags/upload_congress_data.py took 0.118 seconds
[2024-06-25T16:11:49.262+0000] {processor.py:161} INFO - Started process (PID=5734) to work on /opt/airflow/dags/upload_congress_data.py
[2024-06-25T16:11:49.263+0000] {processor.py:830} INFO - Processing file /opt/airflow/dags/upload_congress_data.py for tasks to queue
[2024-06-25T16:11:49.266+0000] {logging_mixin.py:188} INFO - [2024-06-25T16:11:49.266+0000] {dagbag.py:540} INFO - Filling up the DagBag from /opt/airflow/dags/upload_congress_data.py
[2024-06-25T16:11:49.341+0000] {logging_mixin.py:188} INFO - Bucket Name: congress_data_testproject-420401
[2024-06-25T16:11:49.346+0000] {processor.py:840} INFO - DAG(s) 'upload_congress_data' retrieved from /opt/airflow/dags/upload_congress_data.py
[2024-06-25T16:11:49.360+0000] {logging_mixin.py:188} INFO - [2024-06-25T16:11:49.360+0000] {dag.py:3047} INFO - Sync 1 DAGs
[2024-06-25T16:11:49.370+0000] {logging_mixin.py:188} INFO - [2024-06-25T16:11:49.369+0000] {dag.py:3834} INFO - Setting next_dagrun for upload_congress_data to None, run_after=None
[2024-06-25T16:11:49.377+0000] {processor.py:183} INFO - Processing /opt/airflow/dags/upload_congress_data.py took 0.120 seconds
[2024-06-25T16:12:19.945+0000] {processor.py:161} INFO - Started process (PID=5742) to work on /opt/airflow/dags/upload_congress_data.py
[2024-06-25T16:12:19.948+0000] {processor.py:830} INFO - Processing file /opt/airflow/dags/upload_congress_data.py for tasks to queue
[2024-06-25T16:12:19.952+0000] {logging_mixin.py:188} INFO - [2024-06-25T16:12:19.951+0000] {dagbag.py:540} INFO - Filling up the DagBag from /opt/airflow/dags/upload_congress_data.py
[2024-06-25T16:12:20.042+0000] {logging_mixin.py:188} INFO - Bucket Name: congress_data_testproject-420401
[2024-06-25T16:12:20.049+0000] {processor.py:840} INFO - DAG(s) 'upload_congress_data' retrieved from /opt/airflow/dags/upload_congress_data.py
[2024-06-25T16:12:20.064+0000] {logging_mixin.py:188} INFO - [2024-06-25T16:12:20.064+0000] {dag.py:3047} INFO - Sync 1 DAGs
[2024-06-25T16:12:20.075+0000] {logging_mixin.py:188} INFO - [2024-06-25T16:12:20.075+0000] {dag.py:3834} INFO - Setting next_dagrun for upload_congress_data to None, run_after=None
[2024-06-25T16:12:20.083+0000] {processor.py:183} INFO - Processing /opt/airflow/dags/upload_congress_data.py took 0.149 seconds
[2024-06-25T17:05:19.643+0000] {processor.py:161} INFO - Started process (PID=5744) to work on /opt/airflow/dags/upload_congress_data.py
[2024-06-25T17:05:19.648+0000] {processor.py:830} INFO - Processing file /opt/airflow/dags/upload_congress_data.py for tasks to queue
[2024-06-25T17:05:19.656+0000] {logging_mixin.py:188} INFO - [2024-06-25T17:05:19.654+0000] {dagbag.py:540} INFO - Filling up the DagBag from /opt/airflow/dags/upload_congress_data.py
[2024-06-25T17:05:19.800+0000] {logging_mixin.py:188} INFO - Bucket Name: congress_data_testproject-420401
[2024-06-25T17:05:19.816+0000] {processor.py:840} INFO - DAG(s) 'upload_congress_data' retrieved from /opt/airflow/dags/upload_congress_data.py
[2024-06-25T17:05:19.860+0000] {logging_mixin.py:188} INFO - [2024-06-25T17:05:19.860+0000] {dag.py:3047} INFO - Sync 1 DAGs
[2024-06-25T17:05:19.892+0000] {logging_mixin.py:188} INFO - [2024-06-25T17:05:19.892+0000] {dag.py:3834} INFO - Setting next_dagrun for upload_congress_data to None, run_after=None
[2024-06-25T17:05:19.919+0000] {processor.py:183} INFO - Processing /opt/airflow/dags/upload_congress_data.py took 0.292 seconds
[2024-06-25T18:18:34.667+0000] {processor.py:161} INFO - Started process (PID=5752) to work on /opt/airflow/dags/upload_congress_data.py
[2024-06-25T18:18:34.669+0000] {processor.py:830} INFO - Processing file /opt/airflow/dags/upload_congress_data.py for tasks to queue
[2024-06-25T18:18:34.676+0000] {logging_mixin.py:188} INFO - [2024-06-25T18:18:34.675+0000] {dagbag.py:540} INFO - Filling up the DagBag from /opt/airflow/dags/upload_congress_data.py
[2024-06-25T18:18:34.876+0000] {logging_mixin.py:188} INFO - Bucket Name: congress_data_testproject-420401
[2024-06-25T18:18:34.891+0000] {processor.py:840} INFO - DAG(s) 'upload_congress_data' retrieved from /opt/airflow/dags/upload_congress_data.py
[2024-06-25T18:18:34.930+0000] {logging_mixin.py:188} INFO - [2024-06-25T18:18:34.929+0000] {dag.py:3047} INFO - Sync 1 DAGs
[2024-06-25T18:18:34.957+0000] {logging_mixin.py:188} INFO - [2024-06-25T18:18:34.957+0000] {dag.py:3834} INFO - Setting next_dagrun for upload_congress_data to None, run_after=None
[2024-06-25T18:18:34.993+0000] {processor.py:183} INFO - Processing /opt/airflow/dags/upload_congress_data.py took 0.330 seconds
[2024-06-25T19:16:29.871+0000] {processor.py:161} INFO - Started process (PID=5760) to work on /opt/airflow/dags/upload_congress_data.py
[2024-06-25T19:16:29.874+0000] {processor.py:830} INFO - Processing file /opt/airflow/dags/upload_congress_data.py for tasks to queue
[2024-06-25T19:16:29.883+0000] {logging_mixin.py:188} INFO - [2024-06-25T19:16:29.882+0000] {dagbag.py:540} INFO - Filling up the DagBag from /opt/airflow/dags/upload_congress_data.py
[2024-06-25T19:16:29.973+0000] {logging_mixin.py:188} INFO - Bucket Name: congress_data_testproject-420401
[2024-06-25T19:16:29.984+0000] {processor.py:840} INFO - DAG(s) 'upload_congress_data' retrieved from /opt/airflow/dags/upload_congress_data.py
[2024-06-25T19:16:30.002+0000] {logging_mixin.py:188} INFO - [2024-06-25T19:16:30.002+0000] {dag.py:3047} INFO - Sync 1 DAGs
[2024-06-25T19:16:30.013+0000] {logging_mixin.py:188} INFO - [2024-06-25T19:16:30.013+0000] {dag.py:3834} INFO - Setting next_dagrun for upload_congress_data to None, run_after=None
[2024-06-25T19:16:30.022+0000] {processor.py:183} INFO - Processing /opt/airflow/dags/upload_congress_data.py took 0.159 seconds
[2024-06-25T19:42:51.227+0000] {processor.py:161} INFO - Started process (PID=5768) to work on /opt/airflow/dags/upload_congress_data.py
[2024-06-25T19:42:51.230+0000] {processor.py:830} INFO - Processing file /opt/airflow/dags/upload_congress_data.py for tasks to queue
[2024-06-25T19:42:51.242+0000] {logging_mixin.py:188} INFO - [2024-06-25T19:42:51.241+0000] {dagbag.py:540} INFO - Filling up the DagBag from /opt/airflow/dags/upload_congress_data.py
[2024-06-25T19:42:51.483+0000] {logging_mixin.py:188} INFO - Bucket Name: congress_data_testproject-420401
[2024-06-25T19:42:51.501+0000] {processor.py:840} INFO - DAG(s) 'upload_congress_data' retrieved from /opt/airflow/dags/upload_congress_data.py
[2024-06-25T19:42:51.534+0000] {logging_mixin.py:188} INFO - [2024-06-25T19:42:51.534+0000] {dag.py:3047} INFO - Sync 1 DAGs
[2024-06-25T19:42:51.552+0000] {logging_mixin.py:188} INFO - [2024-06-25T19:42:51.552+0000] {dag.py:3834} INFO - Setting next_dagrun for upload_congress_data to None, run_after=None
[2024-06-25T19:42:51.562+0000] {processor.py:183} INFO - Processing /opt/airflow/dags/upload_congress_data.py took 0.344 seconds
[2024-06-25T19:43:21.761+0000] {processor.py:161} INFO - Started process (PID=5776) to work on /opt/airflow/dags/upload_congress_data.py
[2024-06-25T19:43:21.763+0000] {processor.py:830} INFO - Processing file /opt/airflow/dags/upload_congress_data.py for tasks to queue
[2024-06-25T19:43:21.767+0000] {logging_mixin.py:188} INFO - [2024-06-25T19:43:21.767+0000] {dagbag.py:540} INFO - Filling up the DagBag from /opt/airflow/dags/upload_congress_data.py
[2024-06-25T19:43:21.853+0000] {logging_mixin.py:188} INFO - Bucket Name: congress_data_testproject-420401
[2024-06-25T19:43:21.861+0000] {processor.py:840} INFO - DAG(s) 'upload_congress_data' retrieved from /opt/airflow/dags/upload_congress_data.py
[2024-06-25T19:43:21.878+0000] {logging_mixin.py:188} INFO - [2024-06-25T19:43:21.878+0000] {dag.py:3047} INFO - Sync 1 DAGs
[2024-06-25T19:43:21.892+0000] {logging_mixin.py:188} INFO - [2024-06-25T19:43:21.891+0000] {dag.py:3834} INFO - Setting next_dagrun for upload_congress_data to None, run_after=None
[2024-06-25T19:43:21.901+0000] {processor.py:183} INFO - Processing /opt/airflow/dags/upload_congress_data.py took 0.147 seconds
[2024-06-25T19:43:52.194+0000] {processor.py:161} INFO - Started process (PID=5784) to work on /opt/airflow/dags/upload_congress_data.py
[2024-06-25T19:43:52.196+0000] {processor.py:830} INFO - Processing file /opt/airflow/dags/upload_congress_data.py for tasks to queue
[2024-06-25T19:43:52.200+0000] {logging_mixin.py:188} INFO - [2024-06-25T19:43:52.200+0000] {dagbag.py:540} INFO - Filling up the DagBag from /opt/airflow/dags/upload_congress_data.py
[2024-06-25T19:43:52.277+0000] {logging_mixin.py:188} INFO - Bucket Name: congress_data_testproject-420401
[2024-06-25T19:43:52.283+0000] {processor.py:840} INFO - DAG(s) 'upload_congress_data' retrieved from /opt/airflow/dags/upload_congress_data.py
[2024-06-25T19:43:52.297+0000] {logging_mixin.py:188} INFO - [2024-06-25T19:43:52.297+0000] {dag.py:3047} INFO - Sync 1 DAGs
[2024-06-25T19:43:52.312+0000] {logging_mixin.py:188} INFO - [2024-06-25T19:43:52.311+0000] {dag.py:3834} INFO - Setting next_dagrun for upload_congress_data to None, run_after=None
[2024-06-25T19:43:52.320+0000] {processor.py:183} INFO - Processing /opt/airflow/dags/upload_congress_data.py took 0.135 seconds
[2024-06-25T19:44:22.595+0000] {processor.py:161} INFO - Started process (PID=5792) to work on /opt/airflow/dags/upload_congress_data.py
[2024-06-25T19:44:22.596+0000] {processor.py:830} INFO - Processing file /opt/airflow/dags/upload_congress_data.py for tasks to queue
[2024-06-25T19:44:22.598+0000] {logging_mixin.py:188} INFO - [2024-06-25T19:44:22.598+0000] {dagbag.py:540} INFO - Filling up the DagBag from /opt/airflow/dags/upload_congress_data.py
[2024-06-25T19:44:22.687+0000] {logging_mixin.py:188} INFO - Bucket Name: congress_data_testproject-420401
[2024-06-25T19:44:22.694+0000] {processor.py:840} INFO - DAG(s) 'upload_congress_data' retrieved from /opt/airflow/dags/upload_congress_data.py
[2024-06-25T19:44:22.711+0000] {logging_mixin.py:188} INFO - [2024-06-25T19:44:22.710+0000] {dag.py:3047} INFO - Sync 1 DAGs
[2024-06-25T19:44:22.724+0000] {logging_mixin.py:188} INFO - [2024-06-25T19:44:22.723+0000] {dag.py:3834} INFO - Setting next_dagrun for upload_congress_data to None, run_after=None
[2024-06-25T19:44:22.733+0000] {processor.py:183} INFO - Processing /opt/airflow/dags/upload_congress_data.py took 0.142 seconds
[2024-06-25T19:44:53.036+0000] {processor.py:161} INFO - Started process (PID=5800) to work on /opt/airflow/dags/upload_congress_data.py
[2024-06-25T19:44:53.038+0000] {processor.py:830} INFO - Processing file /opt/airflow/dags/upload_congress_data.py for tasks to queue
[2024-06-25T19:44:53.042+0000] {logging_mixin.py:188} INFO - [2024-06-25T19:44:53.042+0000] {dagbag.py:540} INFO - Filling up the DagBag from /opt/airflow/dags/upload_congress_data.py
[2024-06-25T19:44:53.118+0000] {logging_mixin.py:188} INFO - Bucket Name: congress_data_testproject-420401
[2024-06-25T19:44:53.124+0000] {processor.py:840} INFO - DAG(s) 'upload_congress_data' retrieved from /opt/airflow/dags/upload_congress_data.py
[2024-06-25T19:44:53.137+0000] {logging_mixin.py:188} INFO - [2024-06-25T19:44:53.137+0000] {dag.py:3047} INFO - Sync 1 DAGs
[2024-06-25T19:44:53.147+0000] {logging_mixin.py:188} INFO - [2024-06-25T19:44:53.147+0000] {dag.py:3834} INFO - Setting next_dagrun for upload_congress_data to None, run_after=None
[2024-06-25T19:44:53.155+0000] {processor.py:183} INFO - Processing /opt/airflow/dags/upload_congress_data.py took 0.128 seconds
[2024-06-25T19:45:23.465+0000] {processor.py:161} INFO - Started process (PID=5808) to work on /opt/airflow/dags/upload_congress_data.py
[2024-06-25T19:45:23.467+0000] {processor.py:830} INFO - Processing file /opt/airflow/dags/upload_congress_data.py for tasks to queue
[2024-06-25T19:45:23.471+0000] {logging_mixin.py:188} INFO - [2024-06-25T19:45:23.470+0000] {dagbag.py:540} INFO - Filling up the DagBag from /opt/airflow/dags/upload_congress_data.py
[2024-06-25T19:45:23.571+0000] {logging_mixin.py:188} INFO - Bucket Name: congress_data_testproject-420401
[2024-06-25T19:45:23.580+0000] {processor.py:840} INFO - DAG(s) 'upload_congress_data' retrieved from /opt/airflow/dags/upload_congress_data.py
[2024-06-25T19:45:23.599+0000] {logging_mixin.py:188} INFO - [2024-06-25T19:45:23.598+0000] {dag.py:3047} INFO - Sync 1 DAGs
[2024-06-25T19:45:23.616+0000] {logging_mixin.py:188} INFO - [2024-06-25T19:45:23.615+0000] {dag.py:3834} INFO - Setting next_dagrun for upload_congress_data to None, run_after=None
[2024-06-25T19:45:23.628+0000] {processor.py:183} INFO - Processing /opt/airflow/dags/upload_congress_data.py took 0.169 seconds
[2024-06-25T19:45:53.857+0000] {processor.py:161} INFO - Started process (PID=5816) to work on /opt/airflow/dags/upload_congress_data.py
[2024-06-25T19:45:53.858+0000] {processor.py:830} INFO - Processing file /opt/airflow/dags/upload_congress_data.py for tasks to queue
[2024-06-25T19:45:53.862+0000] {logging_mixin.py:188} INFO - [2024-06-25T19:45:53.861+0000] {dagbag.py:540} INFO - Filling up the DagBag from /opt/airflow/dags/upload_congress_data.py
[2024-06-25T19:45:53.940+0000] {logging_mixin.py:188} INFO - Bucket Name: congress_data_testproject-420401
[2024-06-25T19:45:53.947+0000] {processor.py:840} INFO - DAG(s) 'upload_congress_data' retrieved from /opt/airflow/dags/upload_congress_data.py
[2024-06-25T19:45:53.962+0000] {logging_mixin.py:188} INFO - [2024-06-25T19:45:53.962+0000] {dag.py:3047} INFO - Sync 1 DAGs
[2024-06-25T19:45:53.972+0000] {logging_mixin.py:188} INFO - [2024-06-25T19:45:53.972+0000] {dag.py:3834} INFO - Setting next_dagrun for upload_congress_data to None, run_after=None
[2024-06-25T19:45:53.981+0000] {processor.py:183} INFO - Processing /opt/airflow/dags/upload_congress_data.py took 0.129 seconds
[2024-06-25T19:46:24.236+0000] {processor.py:161} INFO - Started process (PID=5824) to work on /opt/airflow/dags/upload_congress_data.py
[2024-06-25T19:46:24.237+0000] {processor.py:830} INFO - Processing file /opt/airflow/dags/upload_congress_data.py for tasks to queue
[2024-06-25T19:46:24.242+0000] {logging_mixin.py:188} INFO - [2024-06-25T19:46:24.241+0000] {dagbag.py:540} INFO - Filling up the DagBag from /opt/airflow/dags/upload_congress_data.py
[2024-06-25T19:46:24.318+0000] {logging_mixin.py:188} INFO - Bucket Name: congress_data_testproject-420401
[2024-06-25T19:46:24.324+0000] {processor.py:840} INFO - DAG(s) 'upload_congress_data' retrieved from /opt/airflow/dags/upload_congress_data.py
[2024-06-25T19:46:24.338+0000] {logging_mixin.py:188} INFO - [2024-06-25T19:46:24.338+0000] {dag.py:3047} INFO - Sync 1 DAGs
[2024-06-25T19:46:24.348+0000] {logging_mixin.py:188} INFO - [2024-06-25T19:46:24.348+0000] {dag.py:3834} INFO - Setting next_dagrun for upload_congress_data to None, run_after=None
[2024-06-25T19:46:24.356+0000] {processor.py:183} INFO - Processing /opt/airflow/dags/upload_congress_data.py took 0.126 seconds
[2024-06-25T19:46:54.635+0000] {processor.py:161} INFO - Started process (PID=5832) to work on /opt/airflow/dags/upload_congress_data.py
[2024-06-25T19:46:54.636+0000] {processor.py:830} INFO - Processing file /opt/airflow/dags/upload_congress_data.py for tasks to queue
[2024-06-25T19:46:54.637+0000] {logging_mixin.py:188} INFO - [2024-06-25T19:46:54.637+0000] {dagbag.py:540} INFO - Filling up the DagBag from /opt/airflow/dags/upload_congress_data.py
[2024-06-25T19:46:54.708+0000] {logging_mixin.py:188} INFO - Bucket Name: congress_data_testproject-420401
[2024-06-25T19:46:54.716+0000] {processor.py:840} INFO - DAG(s) 'upload_congress_data' retrieved from /opt/airflow/dags/upload_congress_data.py
[2024-06-25T19:46:54.732+0000] {logging_mixin.py:188} INFO - [2024-06-25T19:46:54.732+0000] {dag.py:3047} INFO - Sync 1 DAGs
[2024-06-25T19:46:54.744+0000] {logging_mixin.py:188} INFO - [2024-06-25T19:46:54.744+0000] {dag.py:3834} INFO - Setting next_dagrun for upload_congress_data to None, run_after=None
[2024-06-25T19:46:54.752+0000] {processor.py:183} INFO - Processing /opt/airflow/dags/upload_congress_data.py took 0.120 seconds
[2024-06-25T19:47:25.030+0000] {processor.py:161} INFO - Started process (PID=5846) to work on /opt/airflow/dags/upload_congress_data.py
[2024-06-25T19:47:25.032+0000] {processor.py:830} INFO - Processing file /opt/airflow/dags/upload_congress_data.py for tasks to queue
[2024-06-25T19:47:25.033+0000] {logging_mixin.py:188} INFO - [2024-06-25T19:47:25.033+0000] {dagbag.py:540} INFO - Filling up the DagBag from /opt/airflow/dags/upload_congress_data.py
[2024-06-25T19:47:25.097+0000] {logging_mixin.py:188} INFO - Bucket Name: congress_data_testproject-420401
[2024-06-25T19:47:25.102+0000] {processor.py:840} INFO - DAG(s) 'upload_congress_data' retrieved from /opt/airflow/dags/upload_congress_data.py
[2024-06-25T19:47:25.116+0000] {logging_mixin.py:188} INFO - [2024-06-25T19:47:25.116+0000] {dag.py:3047} INFO - Sync 1 DAGs
[2024-06-25T19:47:25.126+0000] {logging_mixin.py:188} INFO - [2024-06-25T19:47:25.126+0000] {dag.py:3834} INFO - Setting next_dagrun for upload_congress_data to None, run_after=None
[2024-06-25T19:47:25.134+0000] {processor.py:183} INFO - Processing /opt/airflow/dags/upload_congress_data.py took 0.107 seconds
[2024-06-25T19:47:55.597+0000] {processor.py:161} INFO - Started process (PID=5854) to work on /opt/airflow/dags/upload_congress_data.py
[2024-06-25T19:47:55.599+0000] {processor.py:830} INFO - Processing file /opt/airflow/dags/upload_congress_data.py for tasks to queue
[2024-06-25T19:47:55.604+0000] {logging_mixin.py:188} INFO - [2024-06-25T19:47:55.603+0000] {dagbag.py:540} INFO - Filling up the DagBag from /opt/airflow/dags/upload_congress_data.py
[2024-06-25T19:47:55.675+0000] {logging_mixin.py:188} INFO - Bucket Name: congress_data_testproject-420401
[2024-06-25T19:47:55.681+0000] {processor.py:840} INFO - DAG(s) 'upload_congress_data' retrieved from /opt/airflow/dags/upload_congress_data.py
[2024-06-25T19:47:55.695+0000] {logging_mixin.py:188} INFO - [2024-06-25T19:47:55.695+0000] {dag.py:3047} INFO - Sync 1 DAGs
[2024-06-25T19:47:55.705+0000] {logging_mixin.py:188} INFO - [2024-06-25T19:47:55.705+0000] {dag.py:3834} INFO - Setting next_dagrun for upload_congress_data to None, run_after=None
[2024-06-25T19:47:55.712+0000] {processor.py:183} INFO - Processing /opt/airflow/dags/upload_congress_data.py took 0.121 seconds
[2024-06-25T19:48:25.998+0000] {processor.py:161} INFO - Started process (PID=5862) to work on /opt/airflow/dags/upload_congress_data.py
[2024-06-25T19:48:25.999+0000] {processor.py:830} INFO - Processing file /opt/airflow/dags/upload_congress_data.py for tasks to queue
[2024-06-25T19:48:26.005+0000] {logging_mixin.py:188} INFO - [2024-06-25T19:48:26.004+0000] {dagbag.py:540} INFO - Filling up the DagBag from /opt/airflow/dags/upload_congress_data.py
[2024-06-25T19:48:26.093+0000] {logging_mixin.py:188} INFO - Bucket Name: congress_data_testproject-420401
[2024-06-25T19:48:26.102+0000] {processor.py:840} INFO - DAG(s) 'upload_congress_data' retrieved from /opt/airflow/dags/upload_congress_data.py
[2024-06-25T19:48:26.118+0000] {logging_mixin.py:188} INFO - [2024-06-25T19:48:26.118+0000] {dag.py:3047} INFO - Sync 1 DAGs
[2024-06-25T19:48:26.131+0000] {logging_mixin.py:188} INFO - [2024-06-25T19:48:26.131+0000] {dag.py:3834} INFO - Setting next_dagrun for upload_congress_data to None, run_after=None
[2024-06-25T19:48:26.139+0000] {processor.py:183} INFO - Processing /opt/airflow/dags/upload_congress_data.py took 0.150 seconds
[2024-06-25T19:48:56.412+0000] {processor.py:161} INFO - Started process (PID=5870) to work on /opt/airflow/dags/upload_congress_data.py
[2024-06-25T19:48:56.414+0000] {processor.py:830} INFO - Processing file /opt/airflow/dags/upload_congress_data.py for tasks to queue
[2024-06-25T19:48:56.416+0000] {logging_mixin.py:188} INFO - [2024-06-25T19:48:56.416+0000] {dagbag.py:540} INFO - Filling up the DagBag from /opt/airflow/dags/upload_congress_data.py
[2024-06-25T19:48:56.530+0000] {logging_mixin.py:188} INFO - Bucket Name: congress_data_testproject-420401
[2024-06-25T19:48:56.539+0000] {processor.py:840} INFO - DAG(s) 'upload_congress_data' retrieved from /opt/airflow/dags/upload_congress_data.py
[2024-06-25T19:48:56.559+0000] {logging_mixin.py:188} INFO - [2024-06-25T19:48:56.559+0000] {dag.py:3047} INFO - Sync 1 DAGs
[2024-06-25T19:48:56.576+0000] {logging_mixin.py:188} INFO - [2024-06-25T19:48:56.576+0000] {dag.py:3834} INFO - Setting next_dagrun for upload_congress_data to None, run_after=None
[2024-06-25T19:48:56.586+0000] {processor.py:183} INFO - Processing /opt/airflow/dags/upload_congress_data.py took 0.176 seconds
[2024-06-25T21:10:45.718+0000] {processor.py:161} INFO - Started process (PID=5872) to work on /opt/airflow/dags/upload_congress_data.py
[2024-06-25T21:10:45.719+0000] {processor.py:830} INFO - Processing file /opt/airflow/dags/upload_congress_data.py for tasks to queue
[2024-06-25T21:10:45.721+0000] {logging_mixin.py:188} INFO - [2024-06-25T21:10:45.721+0000] {dagbag.py:540} INFO - Filling up the DagBag from /opt/airflow/dags/upload_congress_data.py
[2024-06-25T21:10:45.798+0000] {logging_mixin.py:188} INFO - Bucket Name: congress_data_testproject-420401
[2024-06-25T21:10:45.808+0000] {processor.py:840} INFO - DAG(s) 'upload_congress_data' retrieved from /opt/airflow/dags/upload_congress_data.py
[2024-06-25T21:10:45.823+0000] {logging_mixin.py:188} INFO - [2024-06-25T21:10:45.823+0000] {dag.py:3047} INFO - Sync 1 DAGs
[2024-06-25T21:10:45.833+0000] {logging_mixin.py:188} INFO - [2024-06-25T21:10:45.833+0000] {dag.py:3834} INFO - Setting next_dagrun for upload_congress_data to None, run_after=None
[2024-06-25T21:10:45.840+0000] {processor.py:183} INFO - Processing /opt/airflow/dags/upload_congress_data.py took 0.125 seconds
[2024-06-25T22:12:22.369+0000] {processor.py:161} INFO - Started process (PID=5880) to work on /opt/airflow/dags/upload_congress_data.py
[2024-06-25T22:12:22.374+0000] {processor.py:830} INFO - Processing file /opt/airflow/dags/upload_congress_data.py for tasks to queue
[2024-06-25T22:12:22.381+0000] {logging_mixin.py:188} INFO - [2024-06-25T22:12:22.379+0000] {dagbag.py:540} INFO - Filling up the DagBag from /opt/airflow/dags/upload_congress_data.py
[2024-06-25T22:12:22.467+0000] {logging_mixin.py:188} INFO - Bucket Name: congress_data_testproject-420401
[2024-06-25T22:12:22.475+0000] {processor.py:840} INFO - DAG(s) 'upload_congress_data' retrieved from /opt/airflow/dags/upload_congress_data.py
[2024-06-25T22:12:22.492+0000] {logging_mixin.py:188} INFO - [2024-06-25T22:12:22.492+0000] {dag.py:3047} INFO - Sync 1 DAGs
[2024-06-25T22:12:22.505+0000] {logging_mixin.py:188} INFO - [2024-06-25T22:12:22.505+0000] {dag.py:3834} INFO - Setting next_dagrun for upload_congress_data to None, run_after=None
[2024-06-25T22:12:22.513+0000] {processor.py:183} INFO - Processing /opt/airflow/dags/upload_congress_data.py took 0.149 seconds
[2024-06-25T23:01:25.912+0000] {processor.py:161} INFO - Started process (PID=5888) to work on /opt/airflow/dags/upload_congress_data.py
[2024-06-25T23:01:25.915+0000] {processor.py:830} INFO - Processing file /opt/airflow/dags/upload_congress_data.py for tasks to queue
[2024-06-25T23:01:25.921+0000] {logging_mixin.py:188} INFO - [2024-06-25T23:01:25.920+0000] {dagbag.py:540} INFO - Filling up the DagBag from /opt/airflow/dags/upload_congress_data.py
[2024-06-25T23:01:26.076+0000] {logging_mixin.py:188} INFO - Bucket Name: congress_data_testproject-420401
[2024-06-25T23:01:26.086+0000] {processor.py:840} INFO - DAG(s) 'upload_congress_data' retrieved from /opt/airflow/dags/upload_congress_data.py
[2024-06-25T23:01:26.103+0000] {logging_mixin.py:188} INFO - [2024-06-25T23:01:26.103+0000] {dag.py:3047} INFO - Sync 1 DAGs
[2024-06-25T23:01:26.115+0000] {logging_mixin.py:188} INFO - [2024-06-25T23:01:26.115+0000] {dag.py:3834} INFO - Setting next_dagrun for upload_congress_data to None, run_after=None
[2024-06-25T23:01:26.126+0000] {processor.py:183} INFO - Processing /opt/airflow/dags/upload_congress_data.py took 0.226 seconds
