[2024-05-17T01:03:45.937+0000] {processor.py:161} INFO - Started process (PID=8667) to work on /opt/airflow/dags/scripts/python/get_data.py
[2024-05-17T01:03:45.939+0000] {processor.py:830} INFO - Processing file /opt/airflow/dags/scripts/python/get_data.py for tasks to queue
[2024-05-17T01:03:45.944+0000] {logging_mixin.py:188} INFO - [2024-05-17T01:03:45.943+0000] {dagbag.py:540} INFO - Filling up the DagBag from /opt/airflow/dags/scripts/python/get_data.py
[2024-05-17T01:03:45.985+0000] {processor.py:842} WARNING - No viable dags retrieved from /opt/airflow/dags/scripts/python/get_data.py
[2024-05-17T01:03:46.017+0000] {processor.py:183} INFO - Processing /opt/airflow/dags/scripts/python/get_data.py took 0.087 seconds
[2024-05-17T02:13:05.219+0000] {processor.py:161} INFO - Started process (PID=8675) to work on /opt/airflow/dags/scripts/python/get_data.py
[2024-05-17T02:13:05.222+0000] {processor.py:830} INFO - Processing file /opt/airflow/dags/scripts/python/get_data.py for tasks to queue
[2024-05-17T02:13:05.232+0000] {logging_mixin.py:188} INFO - [2024-05-17T02:13:05.231+0000] {dagbag.py:540} INFO - Filling up the DagBag from /opt/airflow/dags/scripts/python/get_data.py
[2024-05-17T02:13:05.280+0000] {processor.py:842} WARNING - No viable dags retrieved from /opt/airflow/dags/scripts/python/get_data.py
[2024-05-17T02:13:05.306+0000] {processor.py:183} INFO - Processing /opt/airflow/dags/scripts/python/get_data.py took 0.096 seconds
[2024-05-17T03:30:19.894+0000] {processor.py:161} INFO - Started process (PID=8683) to work on /opt/airflow/dags/scripts/python/get_data.py
[2024-05-17T03:30:19.895+0000] {processor.py:830} INFO - Processing file /opt/airflow/dags/scripts/python/get_data.py for tasks to queue
[2024-05-17T03:30:19.896+0000] {logging_mixin.py:188} INFO - [2024-05-17T03:30:19.896+0000] {dagbag.py:540} INFO - Filling up the DagBag from /opt/airflow/dags/scripts/python/get_data.py
[2024-05-17T03:30:19.920+0000] {processor.py:842} WARNING - No viable dags retrieved from /opt/airflow/dags/scripts/python/get_data.py
[2024-05-17T03:30:19.943+0000] {processor.py:183} INFO - Processing /opt/airflow/dags/scripts/python/get_data.py took 0.051 seconds
[2024-05-17T04:49:01.842+0000] {processor.py:161} INFO - Started process (PID=8691) to work on /opt/airflow/dags/scripts/python/get_data.py
[2024-05-17T04:49:01.844+0000] {processor.py:830} INFO - Processing file /opt/airflow/dags/scripts/python/get_data.py for tasks to queue
[2024-05-17T04:49:01.849+0000] {logging_mixin.py:188} INFO - [2024-05-17T04:49:01.848+0000] {dagbag.py:540} INFO - Filling up the DagBag from /opt/airflow/dags/scripts/python/get_data.py
[2024-05-17T04:49:01.910+0000] {processor.py:842} WARNING - No viable dags retrieved from /opt/airflow/dags/scripts/python/get_data.py
[2024-05-17T04:49:01.944+0000] {processor.py:183} INFO - Processing /opt/airflow/dags/scripts/python/get_data.py took 0.114 seconds
[2024-05-17T06:04:40.392+0000] {processor.py:161} INFO - Started process (PID=8699) to work on /opt/airflow/dags/scripts/python/get_data.py
[2024-05-17T06:04:40.393+0000] {processor.py:830} INFO - Processing file /opt/airflow/dags/scripts/python/get_data.py for tasks to queue
[2024-05-17T06:04:40.395+0000] {logging_mixin.py:188} INFO - [2024-05-17T06:04:40.395+0000] {dagbag.py:540} INFO - Filling up the DagBag from /opt/airflow/dags/scripts/python/get_data.py
[2024-05-17T06:04:40.426+0000] {processor.py:842} WARNING - No viable dags retrieved from /opt/airflow/dags/scripts/python/get_data.py
[2024-05-17T06:04:40.453+0000] {processor.py:183} INFO - Processing /opt/airflow/dags/scripts/python/get_data.py took 0.064 seconds
[2024-05-17T06:57:00.805+0000] {processor.py:161} INFO - Started process (PID=8707) to work on /opt/airflow/dags/scripts/python/get_data.py
[2024-05-17T06:57:00.807+0000] {processor.py:830} INFO - Processing file /opt/airflow/dags/scripts/python/get_data.py for tasks to queue
[2024-05-17T06:57:00.811+0000] {logging_mixin.py:188} INFO - [2024-05-17T06:57:00.810+0000] {dagbag.py:540} INFO - Filling up the DagBag from /opt/airflow/dags/scripts/python/get_data.py
[2024-05-17T06:57:00.869+0000] {processor.py:842} WARNING - No viable dags retrieved from /opt/airflow/dags/scripts/python/get_data.py
[2024-05-17T06:57:00.917+0000] {processor.py:183} INFO - Processing /opt/airflow/dags/scripts/python/get_data.py took 0.122 seconds
[2024-05-17T08:05:51.191+0000] {processor.py:161} INFO - Started process (PID=8715) to work on /opt/airflow/dags/scripts/python/get_data.py
[2024-05-17T08:05:51.192+0000] {processor.py:830} INFO - Processing file /opt/airflow/dags/scripts/python/get_data.py for tasks to queue
[2024-05-17T08:05:51.194+0000] {logging_mixin.py:188} INFO - [2024-05-17T08:05:51.194+0000] {dagbag.py:540} INFO - Filling up the DagBag from /opt/airflow/dags/scripts/python/get_data.py
[2024-05-17T08:05:51.222+0000] {processor.py:842} WARNING - No viable dags retrieved from /opt/airflow/dags/scripts/python/get_data.py
[2024-05-17T08:05:51.246+0000] {processor.py:183} INFO - Processing /opt/airflow/dags/scripts/python/get_data.py took 0.059 seconds
[2024-05-17T09:26:01.126+0000] {processor.py:161} INFO - Started process (PID=8723) to work on /opt/airflow/dags/scripts/python/get_data.py
[2024-05-17T09:26:01.126+0000] {processor.py:830} INFO - Processing file /opt/airflow/dags/scripts/python/get_data.py for tasks to queue
[2024-05-17T09:26:01.128+0000] {logging_mixin.py:188} INFO - [2024-05-17T09:26:01.128+0000] {dagbag.py:540} INFO - Filling up the DagBag from /opt/airflow/dags/scripts/python/get_data.py
[2024-05-17T09:26:01.151+0000] {processor.py:842} WARNING - No viable dags retrieved from /opt/airflow/dags/scripts/python/get_data.py
[2024-05-17T09:26:01.164+0000] {processor.py:183} INFO - Processing /opt/airflow/dags/scripts/python/get_data.py took 0.042 seconds
[2024-05-17T11:06:44.626+0000] {processor.py:161} INFO - Started process (PID=8731) to work on /opt/airflow/dags/scripts/python/get_data.py
[2024-05-17T11:06:44.629+0000] {processor.py:830} INFO - Processing file /opt/airflow/dags/scripts/python/get_data.py for tasks to queue
[2024-05-17T11:06:44.638+0000] {logging_mixin.py:188} INFO - [2024-05-17T11:06:44.637+0000] {dagbag.py:540} INFO - Filling up the DagBag from /opt/airflow/dags/scripts/python/get_data.py
[2024-05-17T11:06:44.685+0000] {processor.py:842} WARNING - No viable dags retrieved from /opt/airflow/dags/scripts/python/get_data.py
[2024-05-17T11:06:44.721+0000] {processor.py:183} INFO - Processing /opt/airflow/dags/scripts/python/get_data.py took 0.109 seconds
[2024-05-17T12:28:54.322+0000] {processor.py:161} INFO - Started process (PID=8739) to work on /opt/airflow/dags/scripts/python/get_data.py
[2024-05-17T12:28:54.325+0000] {processor.py:830} INFO - Processing file /opt/airflow/dags/scripts/python/get_data.py for tasks to queue
[2024-05-17T12:28:54.331+0000] {logging_mixin.py:188} INFO - [2024-05-17T12:28:54.330+0000] {dagbag.py:540} INFO - Filling up the DagBag from /opt/airflow/dags/scripts/python/get_data.py
[2024-05-17T12:28:54.377+0000] {processor.py:842} WARNING - No viable dags retrieved from /opt/airflow/dags/scripts/python/get_data.py
[2024-05-17T12:28:54.408+0000] {processor.py:183} INFO - Processing /opt/airflow/dags/scripts/python/get_data.py took 0.096 seconds
[2024-05-17T14:03:41.210+0000] {processor.py:161} INFO - Started process (PID=8747) to work on /opt/airflow/dags/scripts/python/get_data.py
[2024-05-17T14:03:41.212+0000] {processor.py:830} INFO - Processing file /opt/airflow/dags/scripts/python/get_data.py for tasks to queue
[2024-05-17T14:03:41.217+0000] {logging_mixin.py:188} INFO - [2024-05-17T14:03:41.216+0000] {dagbag.py:540} INFO - Filling up the DagBag from /opt/airflow/dags/scripts/python/get_data.py
[2024-05-17T14:03:41.266+0000] {processor.py:842} WARNING - No viable dags retrieved from /opt/airflow/dags/scripts/python/get_data.py
[2024-05-17T14:03:41.303+0000] {processor.py:183} INFO - Processing /opt/airflow/dags/scripts/python/get_data.py took 0.097 seconds
[2024-05-17T15:01:32.932+0000] {processor.py:161} INFO - Started process (PID=8755) to work on /opt/airflow/dags/scripts/python/get_data.py
[2024-05-17T15:01:32.934+0000] {processor.py:830} INFO - Processing file /opt/airflow/dags/scripts/python/get_data.py for tasks to queue
[2024-05-17T15:01:32.938+0000] {logging_mixin.py:188} INFO - [2024-05-17T15:01:32.937+0000] {dagbag.py:540} INFO - Filling up the DagBag from /opt/airflow/dags/scripts/python/get_data.py
[2024-05-17T15:01:32.999+0000] {processor.py:842} WARNING - No viable dags retrieved from /opt/airflow/dags/scripts/python/get_data.py
[2024-05-17T15:01:33.027+0000] {processor.py:183} INFO - Processing /opt/airflow/dags/scripts/python/get_data.py took 0.102 seconds
[2024-05-17T16:19:27.807+0000] {processor.py:161} INFO - Started process (PID=8763) to work on /opt/airflow/dags/scripts/python/get_data.py
[2024-05-17T16:19:27.809+0000] {processor.py:830} INFO - Processing file /opt/airflow/dags/scripts/python/get_data.py for tasks to queue
[2024-05-17T16:19:27.814+0000] {logging_mixin.py:188} INFO - [2024-05-17T16:19:27.813+0000] {dagbag.py:540} INFO - Filling up the DagBag from /opt/airflow/dags/scripts/python/get_data.py
[2024-05-17T16:19:27.870+0000] {processor.py:842} WARNING - No viable dags retrieved from /opt/airflow/dags/scripts/python/get_data.py
[2024-05-17T16:19:27.907+0000] {processor.py:183} INFO - Processing /opt/airflow/dags/scripts/python/get_data.py took 0.104 seconds
[2024-05-17T17:37:38.331+0000] {processor.py:161} INFO - Started process (PID=8765) to work on /opt/airflow/dags/scripts/python/get_data.py
[2024-05-17T17:37:38.332+0000] {processor.py:830} INFO - Processing file /opt/airflow/dags/scripts/python/get_data.py for tasks to queue
[2024-05-17T17:37:38.334+0000] {logging_mixin.py:188} INFO - [2024-05-17T17:37:38.334+0000] {dagbag.py:540} INFO - Filling up the DagBag from /opt/airflow/dags/scripts/python/get_data.py
[2024-05-17T17:37:38.367+0000] {processor.py:842} WARNING - No viable dags retrieved from /opt/airflow/dags/scripts/python/get_data.py
[2024-05-17T17:37:38.378+0000] {processor.py:183} INFO - Processing /opt/airflow/dags/scripts/python/get_data.py took 0.050 seconds
[2024-05-17T18:53:09.992+0000] {processor.py:161} INFO - Started process (PID=8779) to work on /opt/airflow/dags/scripts/python/get_data.py
[2024-05-17T18:53:09.993+0000] {processor.py:830} INFO - Processing file /opt/airflow/dags/scripts/python/get_data.py for tasks to queue
[2024-05-17T18:53:09.995+0000] {logging_mixin.py:188} INFO - [2024-05-17T18:53:09.994+0000] {dagbag.py:540} INFO - Filling up the DagBag from /opt/airflow/dags/scripts/python/get_data.py
[2024-05-17T18:53:10.024+0000] {processor.py:842} WARNING - No viable dags retrieved from /opt/airflow/dags/scripts/python/get_data.py
[2024-05-17T18:53:10.035+0000] {processor.py:183} INFO - Processing /opt/airflow/dags/scripts/python/get_data.py took 0.046 seconds
[2024-05-17T20:06:00.747+0000] {processor.py:161} INFO - Started process (PID=8781) to work on /opt/airflow/dags/scripts/python/get_data.py
[2024-05-17T20:06:00.748+0000] {processor.py:830} INFO - Processing file /opt/airflow/dags/scripts/python/get_data.py for tasks to queue
[2024-05-17T20:06:00.750+0000] {logging_mixin.py:188} INFO - [2024-05-17T20:06:00.750+0000] {dagbag.py:540} INFO - Filling up the DagBag from /opt/airflow/dags/scripts/python/get_data.py
[2024-05-17T20:06:00.790+0000] {processor.py:842} WARNING - No viable dags retrieved from /opt/airflow/dags/scripts/python/get_data.py
[2024-05-17T20:06:00.803+0000] {processor.py:183} INFO - Processing /opt/airflow/dags/scripts/python/get_data.py took 0.058 seconds
[2024-05-17T21:06:58.417+0000] {processor.py:161} INFO - Started process (PID=8788) to work on /opt/airflow/dags/scripts/python/get_data.py
[2024-05-17T21:06:58.420+0000] {processor.py:830} INFO - Processing file /opt/airflow/dags/scripts/python/get_data.py for tasks to queue
[2024-05-17T21:06:58.424+0000] {logging_mixin.py:188} INFO - [2024-05-17T21:06:58.424+0000] {dagbag.py:540} INFO - Filling up the DagBag from /opt/airflow/dags/scripts/python/get_data.py
[2024-05-17T21:06:58.490+0000] {processor.py:842} WARNING - No viable dags retrieved from /opt/airflow/dags/scripts/python/get_data.py
[2024-05-17T21:06:58.541+0000] {processor.py:183} INFO - Processing /opt/airflow/dags/scripts/python/get_data.py took 0.128 seconds
[2024-05-17T21:54:36.395+0000] {processor.py:161} INFO - Started process (PID=8801) to work on /opt/airflow/dags/scripts/python/get_data.py
[2024-05-17T21:54:36.406+0000] {processor.py:830} INFO - Processing file /opt/airflow/dags/scripts/python/get_data.py for tasks to queue
[2024-05-17T21:54:36.422+0000] {logging_mixin.py:188} INFO - [2024-05-17T21:54:36.415+0000] {dagbag.py:540} INFO - Filling up the DagBag from /opt/airflow/dags/scripts/python/get_data.py
[2024-05-17T21:54:36.479+0000] {processor.py:842} WARNING - No viable dags retrieved from /opt/airflow/dags/scripts/python/get_data.py
[2024-05-17T21:54:36.533+0000] {processor.py:183} INFO - Processing /opt/airflow/dags/scripts/python/get_data.py took 0.154 seconds
[2024-05-17T22:07:59.943+0000] {processor.py:161} INFO - Started process (PID=8803) to work on /opt/airflow/dags/scripts/python/get_data.py
[2024-05-17T22:07:59.948+0000] {processor.py:830} INFO - Processing file /opt/airflow/dags/scripts/python/get_data.py for tasks to queue
[2024-05-17T22:07:59.952+0000] {logging_mixin.py:188} INFO - [2024-05-17T22:07:59.952+0000] {dagbag.py:540} INFO - Filling up the DagBag from /opt/airflow/dags/scripts/python/get_data.py
[2024-05-17T22:08:00.001+0000] {processor.py:842} WARNING - No viable dags retrieved from /opt/airflow/dags/scripts/python/get_data.py
[2024-05-17T22:08:00.051+0000] {processor.py:183} INFO - Processing /opt/airflow/dags/scripts/python/get_data.py took 0.124 seconds
[2024-05-17T22:26:32.964+0000] {processor.py:161} INFO - Started process (PID=8817) to work on /opt/airflow/dags/scripts/python/get_data.py
[2024-05-17T22:26:32.965+0000] {processor.py:830} INFO - Processing file /opt/airflow/dags/scripts/python/get_data.py for tasks to queue
[2024-05-17T22:26:32.967+0000] {logging_mixin.py:188} INFO - [2024-05-17T22:26:32.967+0000] {dagbag.py:540} INFO - Filling up the DagBag from /opt/airflow/dags/scripts/python/get_data.py
[2024-05-17T22:26:32.997+0000] {processor.py:842} WARNING - No viable dags retrieved from /opt/airflow/dags/scripts/python/get_data.py
[2024-05-17T22:26:33.010+0000] {processor.py:183} INFO - Processing /opt/airflow/dags/scripts/python/get_data.py took 0.049 seconds
[2024-05-17T22:59:15.602+0000] {processor.py:161} INFO - Started process (PID=8819) to work on /opt/airflow/dags/scripts/python/get_data.py
[2024-05-17T22:59:15.603+0000] {processor.py:830} INFO - Processing file /opt/airflow/dags/scripts/python/get_data.py for tasks to queue
[2024-05-17T22:59:15.605+0000] {logging_mixin.py:188} INFO - [2024-05-17T22:59:15.605+0000] {dagbag.py:540} INFO - Filling up the DagBag from /opt/airflow/dags/scripts/python/get_data.py
[2024-05-17T22:59:15.632+0000] {processor.py:842} WARNING - No viable dags retrieved from /opt/airflow/dags/scripts/python/get_data.py
[2024-05-17T22:59:15.644+0000] {processor.py:183} INFO - Processing /opt/airflow/dags/scripts/python/get_data.py took 0.044 seconds
[2024-05-17T23:09:03.450+0000] {processor.py:161} INFO - Started process (PID=8827) to work on /opt/airflow/dags/scripts/python/get_data.py
[2024-05-17T23:09:03.451+0000] {processor.py:830} INFO - Processing file /opt/airflow/dags/scripts/python/get_data.py for tasks to queue
[2024-05-17T23:09:03.454+0000] {logging_mixin.py:188} INFO - [2024-05-17T23:09:03.453+0000] {dagbag.py:540} INFO - Filling up the DagBag from /opt/airflow/dags/scripts/python/get_data.py
[2024-05-17T23:09:03.476+0000] {processor.py:842} WARNING - No viable dags retrieved from /opt/airflow/dags/scripts/python/get_data.py
[2024-05-17T23:09:03.489+0000] {processor.py:183} INFO - Processing /opt/airflow/dags/scripts/python/get_data.py took 0.041 seconds
[2024-05-17T23:28:11.073+0000] {processor.py:161} INFO - Started process (PID=8835) to work on /opt/airflow/dags/scripts/python/get_data.py
[2024-05-17T23:28:11.076+0000] {processor.py:830} INFO - Processing file /opt/airflow/dags/scripts/python/get_data.py for tasks to queue
[2024-05-17T23:28:11.082+0000] {logging_mixin.py:188} INFO - [2024-05-17T23:28:11.081+0000] {dagbag.py:540} INFO - Filling up the DagBag from /opt/airflow/dags/scripts/python/get_data.py
[2024-05-17T23:28:11.110+0000] {processor.py:842} WARNING - No viable dags retrieved from /opt/airflow/dags/scripts/python/get_data.py
[2024-05-17T23:28:11.125+0000] {processor.py:183} INFO - Processing /opt/airflow/dags/scripts/python/get_data.py took 0.059 seconds
[2024-05-17T23:46:09.270+0000] {processor.py:161} INFO - Started process (PID=8843) to work on /opt/airflow/dags/scripts/python/get_data.py
[2024-05-17T23:46:09.273+0000] {processor.py:830} INFO - Processing file /opt/airflow/dags/scripts/python/get_data.py for tasks to queue
[2024-05-17T23:46:09.277+0000] {logging_mixin.py:188} INFO - [2024-05-17T23:46:09.276+0000] {dagbag.py:540} INFO - Filling up the DagBag from /opt/airflow/dags/scripts/python/get_data.py
[2024-05-17T23:46:09.353+0000] {processor.py:842} WARNING - No viable dags retrieved from /opt/airflow/dags/scripts/python/get_data.py
[2024-05-17T23:46:09.408+0000] {processor.py:183} INFO - Processing /opt/airflow/dags/scripts/python/get_data.py took 0.142 seconds
