[2024-03-19T04:10:25.207+0000] {taskinstance.py:1979} INFO - Dependencies all met for dep_context=non-requeueable deps ti=<TaskInstance: upload_historical_congress_data.format_execution_date_task scheduled__2024-03-15T00:00:00+00:00 [queued]>
[2024-03-19T04:10:25.220+0000] {taskinstance.py:1979} INFO - Dependencies all met for dep_context=requeueable deps ti=<TaskInstance: upload_historical_congress_data.format_execution_date_task scheduled__2024-03-15T00:00:00+00:00 [queued]>
[2024-03-19T04:10:25.222+0000] {taskinstance.py:2193} INFO - Starting attempt 1 of 3
[2024-03-19T04:10:25.232+0000] {taskinstance.py:2217} INFO - Executing <Task(PythonOperator): format_execution_date_task> on 2024-03-15 00:00:00+00:00
[2024-03-19T04:10:25.242+0000] {standard_task_runner.py:60} INFO - Started process 60 to run task
[2024-03-19T04:10:25.247+0000] {standard_task_runner.py:87} INFO - Running: ['***', 'tasks', 'run', 'upload_historical_congress_data', 'format_execution_date_task', 'scheduled__2024-03-15T00:00:00+00:00', '--job-id', '39', '--raw', '--subdir', 'DAGS_FOLDER/upload_historical_congress_data.py', '--cfg-path', '/tmp/tmpxrpglcb1']
[2024-03-19T04:10:25.253+0000] {standard_task_runner.py:88} INFO - Job 39: Subtask format_execution_date_task
[2024-03-19T04:10:25.306+0000] {task_command.py:423} INFO - Running <TaskInstance: upload_historical_congress_data.format_execution_date_task scheduled__2024-03-15T00:00:00+00:00 [running]> on host d441bfe1c21b
[2024-03-19T04:10:25.362+0000] {taskinstance.py:2513} INFO - Exporting env vars: AIRFLOW_CTX_DAG_EMAIL='***@***.com' AIRFLOW_CTX_DAG_OWNER='***' AIRFLOW_CTX_DAG_ID='upload_historical_congress_data' AIRFLOW_CTX_TASK_ID='format_execution_date_task' AIRFLOW_CTX_EXECUTION_DATE='2024-03-15T00:00:00+00:00' AIRFLOW_CTX_TRY_NUMBER='1' AIRFLOW_CTX_DAG_RUN_ID='scheduled__2024-03-15T00:00:00+00:00'
[2024-03-19T04:10:25.365+0000] {warnings.py:109} WARNING - /home/***/.local/lib/python3.8/site-packages/***/utils/context.py:315: AirflowContextDeprecationWarning: Accessing 'execution_date' from the template is deprecated and will be removed in a future version. Please use 'data_interval_start' or 'logical_date' instead.
  warnings.warn(_create_deprecation_warning(k, replacements))

[2024-03-19T04:10:25.367+0000] {upload_historical_congress_data.py:38} INFO - Formatted execution date: 2024-03-15T00:00:00Z
[2024-03-19T04:10:25.370+0000] {python.py:202} INFO - Done. Returned value was: 2024-03-15T00:00:00Z
[2024-03-19T04:10:25.394+0000] {taskinstance.py:1149} INFO - Marking task as SUCCESS. dag_id=upload_historical_congress_data, task_id=format_execution_date_task, execution_date=20240315T000000, start_date=20240319T041025, end_date=20240319T041025
[2024-03-19T04:10:25.427+0000] {local_task_job_runner.py:234} INFO - Task exited with return code 0
[2024-03-19T04:10:25.448+0000] {taskinstance.py:3312} INFO - 1 downstream tasks scheduled from follow-on schedule check
[2024-03-19T04:21:24.844+0000] {taskinstance.py:1979} INFO - Dependencies all met for dep_context=non-requeueable deps ti=<TaskInstance: upload_historical_congress_data.format_execution_date_task scheduled__2024-03-15T00:00:00+00:00 [queued]>
[2024-03-19T04:21:24.853+0000] {taskinstance.py:1979} INFO - Dependencies all met for dep_context=requeueable deps ti=<TaskInstance: upload_historical_congress_data.format_execution_date_task scheduled__2024-03-15T00:00:00+00:00 [queued]>
[2024-03-19T04:21:24.854+0000] {taskinstance.py:2193} INFO - Starting attempt 1 of 3
[2024-03-19T04:21:24.862+0000] {taskinstance.py:2217} INFO - Executing <Task(PythonOperator): format_execution_date_task> on 2024-03-15 00:00:00+00:00
[2024-03-19T04:21:24.868+0000] {standard_task_runner.py:60} INFO - Started process 68 to run task
[2024-03-19T04:21:24.871+0000] {standard_task_runner.py:87} INFO - Running: ['***', 'tasks', 'run', 'upload_historical_congress_data', 'format_execution_date_task', 'scheduled__2024-03-15T00:00:00+00:00', '--job-id', '49', '--raw', '--subdir', 'DAGS_FOLDER/upload_historical_congress_data.py', '--cfg-path', '/tmp/tmp518rva21']
[2024-03-19T04:21:24.875+0000] {standard_task_runner.py:88} INFO - Job 49: Subtask format_execution_date_task
[2024-03-19T04:21:24.929+0000] {task_command.py:423} INFO - Running <TaskInstance: upload_historical_congress_data.format_execution_date_task scheduled__2024-03-15T00:00:00+00:00 [running]> on host d88042b483c9
[2024-03-19T04:21:24.988+0000] {taskinstance.py:2513} INFO - Exporting env vars: AIRFLOW_CTX_DAG_EMAIL='***@***.com' AIRFLOW_CTX_DAG_OWNER='***' AIRFLOW_CTX_DAG_ID='upload_historical_congress_data' AIRFLOW_CTX_TASK_ID='format_execution_date_task' AIRFLOW_CTX_EXECUTION_DATE='2024-03-15T00:00:00+00:00' AIRFLOW_CTX_TRY_NUMBER='1' AIRFLOW_CTX_DAG_RUN_ID='scheduled__2024-03-15T00:00:00+00:00'
[2024-03-19T04:21:24.993+0000] {warnings.py:109} WARNING - /home/***/.local/lib/python3.8/site-packages/***/utils/context.py:315: AirflowContextDeprecationWarning: Accessing 'execution_date' from the template is deprecated and will be removed in a future version. Please use 'data_interval_start' or 'logical_date' instead.
  warnings.warn(_create_deprecation_warning(k, replacements))

[2024-03-19T04:21:24.994+0000] {upload_historical_congress_data.py:38} INFO - Formatted execution date: 2024-03-15T00:00:00Z
[2024-03-19T04:21:24.996+0000] {python.py:202} INFO - Done. Returned value was: 2024-03-15T00:00:00Z
[2024-03-19T04:21:25.014+0000] {taskinstance.py:1149} INFO - Marking task as SUCCESS. dag_id=upload_historical_congress_data, task_id=format_execution_date_task, execution_date=20240315T000000, start_date=20240319T042124, end_date=20240319T042125
[2024-03-19T04:21:25.046+0000] {local_task_job_runner.py:234} INFO - Task exited with return code 0
[2024-03-19T04:21:25.062+0000] {taskinstance.py:3312} INFO - 0 downstream tasks scheduled from follow-on schedule check
[2024-03-19T04:28:40.057+0000] {taskinstance.py:1979} INFO - Dependencies all met for dep_context=non-requeueable deps ti=<TaskInstance: upload_historical_congress_data.format_execution_date_task scheduled__2024-03-15T00:00:00+00:00 [queued]>
[2024-03-19T04:28:40.067+0000] {taskinstance.py:1979} INFO - Dependencies all met for dep_context=requeueable deps ti=<TaskInstance: upload_historical_congress_data.format_execution_date_task scheduled__2024-03-15T00:00:00+00:00 [queued]>
[2024-03-19T04:28:40.070+0000] {taskinstance.py:2193} INFO - Starting attempt 1 of 3
[2024-03-19T04:28:40.085+0000] {taskinstance.py:2217} INFO - Executing <Task(PythonOperator): format_execution_date_task> on 2024-03-15 00:00:00+00:00
[2024-03-19T04:28:40.098+0000] {standard_task_runner.py:60} INFO - Started process 60 to run task
[2024-03-19T04:28:40.102+0000] {standard_task_runner.py:87} INFO - Running: ['***', 'tasks', 'run', 'upload_historical_congress_data', 'format_execution_date_task', 'scheduled__2024-03-15T00:00:00+00:00', '--job-id', '53', '--raw', '--subdir', 'DAGS_FOLDER/upload_historical_congress_data.py', '--cfg-path', '/tmp/tmpidbn8vpc']
[2024-03-19T04:28:40.108+0000] {standard_task_runner.py:88} INFO - Job 53: Subtask format_execution_date_task
[2024-03-19T04:28:40.177+0000] {task_command.py:423} INFO - Running <TaskInstance: upload_historical_congress_data.format_execution_date_task scheduled__2024-03-15T00:00:00+00:00 [running]> on host 7202fc4f5fa8
[2024-03-19T04:28:40.266+0000] {taskinstance.py:2513} INFO - Exporting env vars: AIRFLOW_CTX_DAG_EMAIL='***@***.com' AIRFLOW_CTX_DAG_OWNER='***' AIRFLOW_CTX_DAG_ID='upload_historical_congress_data' AIRFLOW_CTX_TASK_ID='format_execution_date_task' AIRFLOW_CTX_EXECUTION_DATE='2024-03-15T00:00:00+00:00' AIRFLOW_CTX_TRY_NUMBER='1' AIRFLOW_CTX_DAG_RUN_ID='scheduled__2024-03-15T00:00:00+00:00'
[2024-03-19T04:28:40.273+0000] {warnings.py:109} WARNING - /home/***/.local/lib/python3.8/site-packages/***/utils/context.py:315: AirflowContextDeprecationWarning: Accessing 'execution_date' from the template is deprecated and will be removed in a future version. Please use 'data_interval_start' or 'logical_date' instead.
  warnings.warn(_create_deprecation_warning(k, replacements))

[2024-03-19T04:28:40.276+0000] {upload_historical_congress_data.py:38} INFO - Formatted execution date: 2024-03-15T00:00:00Z
[2024-03-19T04:28:40.280+0000] {python.py:202} INFO - Done. Returned value was: 2024-03-15T00:00:00Z
[2024-03-19T04:28:40.317+0000] {taskinstance.py:1149} INFO - Marking task as SUCCESS. dag_id=upload_historical_congress_data, task_id=format_execution_date_task, execution_date=20240315T000000, start_date=20240319T042840, end_date=20240319T042840
[2024-03-19T04:28:40.362+0000] {local_task_job_runner.py:234} INFO - Task exited with return code 0
[2024-03-19T04:28:40.412+0000] {taskinstance.py:3312} INFO - 1 downstream tasks scheduled from follow-on schedule check
[2024-03-23T20:47:18.485+0000] {taskinstance.py:1979} INFO - Dependencies all met for dep_context=non-requeueable deps ti=<TaskInstance: upload_historical_congress_data.format_execution_date_task scheduled__2024-03-15T00:00:00+00:00 [queued]>
[2024-03-23T20:47:18.508+0000] {taskinstance.py:1979} INFO - Dependencies all met for dep_context=requeueable deps ti=<TaskInstance: upload_historical_congress_data.format_execution_date_task scheduled__2024-03-15T00:00:00+00:00 [queued]>
[2024-03-23T20:47:18.514+0000] {taskinstance.py:2193} INFO - Starting attempt 1 of 3
[2024-03-23T20:47:18.533+0000] {taskinstance.py:2217} INFO - Executing <Task(PythonOperator): format_execution_date_task> on 2024-03-15 00:00:00+00:00
[2024-03-23T20:47:18.543+0000] {standard_task_runner.py:60} INFO - Started process 60 to run task
[2024-03-23T20:47:18.548+0000] {standard_task_runner.py:87} INFO - Running: ['***', 'tasks', 'run', 'upload_historical_congress_data', 'format_execution_date_task', 'scheduled__2024-03-15T00:00:00+00:00', '--job-id', '59', '--raw', '--subdir', 'DAGS_FOLDER/upload_historical_congress_data.py', '--cfg-path', '/tmp/tmpgkje2anm']
[2024-03-23T20:47:18.554+0000] {standard_task_runner.py:88} INFO - Job 59: Subtask format_execution_date_task
[2024-03-23T20:47:18.633+0000] {task_command.py:423} INFO - Running <TaskInstance: upload_historical_congress_data.format_execution_date_task scheduled__2024-03-15T00:00:00+00:00 [running]> on host 33f504e7639a
[2024-03-23T20:47:18.698+0000] {taskinstance.py:2513} INFO - Exporting env vars: AIRFLOW_CTX_DAG_EMAIL='***@***.com' AIRFLOW_CTX_DAG_OWNER='***' AIRFLOW_CTX_DAG_ID='upload_historical_congress_data' AIRFLOW_CTX_TASK_ID='format_execution_date_task' AIRFLOW_CTX_EXECUTION_DATE='2024-03-15T00:00:00+00:00' AIRFLOW_CTX_TRY_NUMBER='1' AIRFLOW_CTX_DAG_RUN_ID='scheduled__2024-03-15T00:00:00+00:00'
[2024-03-23T20:47:18.702+0000] {warnings.py:109} WARNING - /home/***/.local/lib/python3.8/site-packages/***/utils/context.py:315: AirflowContextDeprecationWarning: Accessing 'execution_date' from the template is deprecated and will be removed in a future version. Please use 'data_interval_start' or 'logical_date' instead.
  warnings.warn(_create_deprecation_warning(k, replacements))

[2024-03-23T20:47:18.704+0000] {upload_historical_congress_data.py:36} INFO - Formatted execution date: 2024-03-15T00:00:00Z
[2024-03-23T20:47:18.707+0000] {python.py:202} INFO - Done. Returned value was: 2024-03-15T00:00:00Z
[2024-03-23T20:47:18.736+0000] {taskinstance.py:1149} INFO - Marking task as SUCCESS. dag_id=upload_historical_congress_data, task_id=format_execution_date_task, execution_date=20240315T000000, start_date=20240323T204718, end_date=20240323T204718
[2024-03-23T20:47:18.762+0000] {local_task_job_runner.py:234} INFO - Task exited with return code 0
[2024-03-23T20:47:18.787+0000] {taskinstance.py:3312} INFO - 1 downstream tasks scheduled from follow-on schedule check
[2024-03-26T03:25:51.412+0000] {taskinstance.py:1979} INFO - Dependencies all met for dep_context=non-requeueable deps ti=<TaskInstance: upload_historical_congress_data.format_execution_date_task scheduled__2024-03-15T00:00:00+00:00 [queued]>
[2024-03-26T03:25:51.425+0000] {taskinstance.py:1979} INFO - Dependencies all met for dep_context=requeueable deps ti=<TaskInstance: upload_historical_congress_data.format_execution_date_task scheduled__2024-03-15T00:00:00+00:00 [queued]>
[2024-03-26T03:25:51.427+0000] {taskinstance.py:2193} INFO - Starting attempt 1 of 3
[2024-03-26T03:25:51.437+0000] {taskinstance.py:2217} INFO - Executing <Task(PythonOperator): format_execution_date_task> on 2024-03-15 00:00:00+00:00
[2024-03-26T03:25:51.446+0000] {standard_task_runner.py:60} INFO - Started process 53 to run task
[2024-03-26T03:25:51.449+0000] {standard_task_runner.py:87} INFO - Running: ['***', 'tasks', 'run', 'upload_historical_congress_data', 'format_execution_date_task', 'scheduled__2024-03-15T00:00:00+00:00', '--job-id', '87', '--raw', '--subdir', 'DAGS_FOLDER/upload_historical_congress_data.py', '--cfg-path', '/tmp/tmp865swawa']
[2024-03-26T03:25:51.454+0000] {standard_task_runner.py:88} INFO - Job 87: Subtask format_execution_date_task
[2024-03-26T03:25:51.525+0000] {task_command.py:423} INFO - Running <TaskInstance: upload_historical_congress_data.format_execution_date_task scheduled__2024-03-15T00:00:00+00:00 [running]> on host cb295ecee912
[2024-03-26T03:25:51.595+0000] {taskinstance.py:2513} INFO - Exporting env vars: AIRFLOW_CTX_DAG_EMAIL='***@***.com' AIRFLOW_CTX_DAG_OWNER='***' AIRFLOW_CTX_DAG_ID='upload_historical_congress_data' AIRFLOW_CTX_TASK_ID='format_execution_date_task' AIRFLOW_CTX_EXECUTION_DATE='2024-03-15T00:00:00+00:00' AIRFLOW_CTX_TRY_NUMBER='1' AIRFLOW_CTX_DAG_RUN_ID='scheduled__2024-03-15T00:00:00+00:00'
[2024-03-26T03:25:51.599+0000] {warnings.py:109} WARNING - /home/***/.local/lib/python3.8/site-packages/***/utils/context.py:315: AirflowContextDeprecationWarning: Accessing 'execution_date' from the template is deprecated and will be removed in a future version. Please use 'data_interval_start' or 'logical_date' instead.
  warnings.warn(_create_deprecation_warning(k, replacements))

[2024-03-26T03:25:51.602+0000] {upload_historical_congress_data.py:51} INFO - Formatted execution date: 2024-03-15T00:00:00Z
[2024-03-26T03:25:51.604+0000] {python.py:202} INFO - Done. Returned value was: 2024-03-15T00:00:00Z
[2024-03-26T03:25:51.626+0000] {taskinstance.py:1149} INFO - Marking task as SUCCESS. dag_id=upload_historical_congress_data, task_id=format_execution_date_task, execution_date=20240315T000000, start_date=20240326T032551, end_date=20240326T032551
[2024-03-26T03:25:51.670+0000] {local_task_job_runner.py:234} INFO - Task exited with return code 0
[2024-03-26T03:25:51.700+0000] {taskinstance.py:3312} INFO - 2 downstream tasks scheduled from follow-on schedule check
[2024-03-26T03:33:06.398+0000] {taskinstance.py:1979} INFO - Dependencies all met for dep_context=non-requeueable deps ti=<TaskInstance: upload_historical_congress_data.format_execution_date_task scheduled__2024-03-15T00:00:00+00:00 [queued]>
[2024-03-26T03:33:06.408+0000] {taskinstance.py:1979} INFO - Dependencies all met for dep_context=requeueable deps ti=<TaskInstance: upload_historical_congress_data.format_execution_date_task scheduled__2024-03-15T00:00:00+00:00 [queued]>
[2024-03-26T03:33:06.411+0000] {taskinstance.py:2193} INFO - Starting attempt 1 of 3
[2024-03-26T03:33:06.422+0000] {taskinstance.py:2217} INFO - Executing <Task(PythonOperator): format_execution_date_task> on 2024-03-15 00:00:00+00:00
[2024-03-26T03:33:06.432+0000] {standard_task_runner.py:60} INFO - Started process 60 to run task
[2024-03-26T03:33:06.435+0000] {standard_task_runner.py:87} INFO - Running: ['***', 'tasks', 'run', 'upload_historical_congress_data', 'format_execution_date_task', 'scheduled__2024-03-15T00:00:00+00:00', '--job-id', '104', '--raw', '--subdir', 'DAGS_FOLDER/upload_historical_congress_data.py', '--cfg-path', '/tmp/tmpyt0sj9fd']
[2024-03-26T03:33:06.441+0000] {standard_task_runner.py:88} INFO - Job 104: Subtask format_execution_date_task
[2024-03-26T03:33:06.549+0000] {task_command.py:423} INFO - Running <TaskInstance: upload_historical_congress_data.format_execution_date_task scheduled__2024-03-15T00:00:00+00:00 [running]> on host 8f420781146d
[2024-03-26T03:33:06.675+0000] {taskinstance.py:2513} INFO - Exporting env vars: AIRFLOW_CTX_DAG_EMAIL='***@***.com' AIRFLOW_CTX_DAG_OWNER='***' AIRFLOW_CTX_DAG_ID='upload_historical_congress_data' AIRFLOW_CTX_TASK_ID='format_execution_date_task' AIRFLOW_CTX_EXECUTION_DATE='2024-03-15T00:00:00+00:00' AIRFLOW_CTX_TRY_NUMBER='1' AIRFLOW_CTX_DAG_RUN_ID='scheduled__2024-03-15T00:00:00+00:00'
[2024-03-26T03:33:06.685+0000] {warnings.py:109} WARNING - /home/***/.local/lib/python3.8/site-packages/***/utils/context.py:315: AirflowContextDeprecationWarning: Accessing 'execution_date' from the template is deprecated and will be removed in a future version. Please use 'data_interval_start' or 'logical_date' instead.
  warnings.warn(_create_deprecation_warning(k, replacements))

[2024-03-26T03:33:06.687+0000] {upload_historical_congress_data.py:51} INFO - Formatted execution date: 2024-03-15T00:00:00Z
[2024-03-26T03:33:06.689+0000] {python.py:202} INFO - Done. Returned value was: 2024-03-15T00:00:00Z
[2024-03-26T03:33:06.716+0000] {taskinstance.py:1149} INFO - Marking task as SUCCESS. dag_id=upload_historical_congress_data, task_id=format_execution_date_task, execution_date=20240315T000000, start_date=20240326T033306, end_date=20240326T033306
[2024-03-26T03:33:06.774+0000] {local_task_job_runner.py:234} INFO - Task exited with return code 0
[2024-03-26T03:33:06.830+0000] {taskinstance.py:3312} INFO - 2 downstream tasks scheduled from follow-on schedule check
[2024-03-26T03:47:23.730+0000] {taskinstance.py:1979} INFO - Dependencies all met for dep_context=non-requeueable deps ti=<TaskInstance: upload_historical_congress_data.format_execution_date_task scheduled__2024-03-15T00:00:00+00:00 [queued]>
[2024-03-26T03:47:23.738+0000] {taskinstance.py:1979} INFO - Dependencies all met for dep_context=requeueable deps ti=<TaskInstance: upload_historical_congress_data.format_execution_date_task scheduled__2024-03-15T00:00:00+00:00 [queued]>
[2024-03-26T03:47:23.739+0000] {taskinstance.py:2193} INFO - Starting attempt 1 of 3
[2024-03-26T03:47:23.748+0000] {taskinstance.py:2217} INFO - Executing <Task(PythonOperator): format_execution_date_task> on 2024-03-15 00:00:00+00:00
[2024-03-26T03:47:23.756+0000] {standard_task_runner.py:60} INFO - Started process 53 to run task
[2024-03-26T03:47:23.759+0000] {standard_task_runner.py:87} INFO - Running: ['***', 'tasks', 'run', 'upload_historical_congress_data', 'format_execution_date_task', 'scheduled__2024-03-15T00:00:00+00:00', '--job-id', '128', '--raw', '--subdir', 'DAGS_FOLDER/upload_historical_congress_data.py', '--cfg-path', '/tmp/tmpvyrg36dg']
[2024-03-26T03:47:23.764+0000] {standard_task_runner.py:88} INFO - Job 128: Subtask format_execution_date_task
[2024-03-26T03:47:23.839+0000] {task_command.py:423} INFO - Running <TaskInstance: upload_historical_congress_data.format_execution_date_task scheduled__2024-03-15T00:00:00+00:00 [running]> on host 17495a5cc1fb
[2024-03-26T03:47:23.903+0000] {taskinstance.py:2513} INFO - Exporting env vars: AIRFLOW_CTX_DAG_EMAIL='***@***.com' AIRFLOW_CTX_DAG_OWNER='***' AIRFLOW_CTX_DAG_ID='upload_historical_congress_data' AIRFLOW_CTX_TASK_ID='format_execution_date_task' AIRFLOW_CTX_EXECUTION_DATE='2024-03-15T00:00:00+00:00' AIRFLOW_CTX_TRY_NUMBER='1' AIRFLOW_CTX_DAG_RUN_ID='scheduled__2024-03-15T00:00:00+00:00'
[2024-03-26T03:47:23.908+0000] {warnings.py:109} WARNING - /home/***/.local/lib/python3.8/site-packages/***/utils/context.py:315: AirflowContextDeprecationWarning: Accessing 'execution_date' from the template is deprecated and will be removed in a future version. Please use 'data_interval_start' or 'logical_date' instead.
  warnings.warn(_create_deprecation_warning(k, replacements))

[2024-03-26T03:47:23.909+0000] {upload_historical_congress_data.py:51} INFO - Formatted execution date: 2024-03-15T00:00:00Z
[2024-03-26T03:47:23.911+0000] {python.py:202} INFO - Done. Returned value was: 2024-03-15T00:00:00Z
[2024-03-26T03:47:23.931+0000] {taskinstance.py:1149} INFO - Marking task as SUCCESS. dag_id=upload_historical_congress_data, task_id=format_execution_date_task, execution_date=20240315T000000, start_date=20240326T034723, end_date=20240326T034723
[2024-03-26T03:47:23.983+0000] {local_task_job_runner.py:234} INFO - Task exited with return code 0
[2024-03-26T03:47:24.017+0000] {taskinstance.py:3312} INFO - 2 downstream tasks scheduled from follow-on schedule check
[2024-03-28T03:39:17.324+0000] {taskinstance.py:1979} INFO - Dependencies all met for dep_context=non-requeueable deps ti=<TaskInstance: upload_historical_congress_data.format_execution_date_task scheduled__2024-03-15T00:00:00+00:00 [queued]>
[2024-03-28T03:39:17.350+0000] {taskinstance.py:1979} INFO - Dependencies all met for dep_context=requeueable deps ti=<TaskInstance: upload_historical_congress_data.format_execution_date_task scheduled__2024-03-15T00:00:00+00:00 [queued]>
[2024-03-28T03:39:17.353+0000] {taskinstance.py:2193} INFO - Starting attempt 1 of 3
[2024-03-28T03:39:17.378+0000] {taskinstance.py:2217} INFO - Executing <Task(PythonOperator): format_execution_date_task> on 2024-03-15 00:00:00+00:00
[2024-03-28T03:39:17.393+0000] {standard_task_runner.py:60} INFO - Started process 52 to run task
[2024-03-28T03:39:17.408+0000] {standard_task_runner.py:87} INFO - Running: ['***', 'tasks', 'run', 'upload_historical_congress_data', 'format_execution_date_task', 'scheduled__2024-03-15T00:00:00+00:00', '--job-id', '155', '--raw', '--subdir', 'DAGS_FOLDER/upload_historical_congress_data.py', '--cfg-path', '/tmp/tmpndx65hh9']
[2024-03-28T03:39:17.418+0000] {standard_task_runner.py:88} INFO - Job 155: Subtask format_execution_date_task
[2024-03-28T03:39:17.536+0000] {task_command.py:423} INFO - Running <TaskInstance: upload_historical_congress_data.format_execution_date_task scheduled__2024-03-15T00:00:00+00:00 [running]> on host be5d54f7fe24
[2024-03-28T03:39:17.609+0000] {taskinstance.py:2513} INFO - Exporting env vars: AIRFLOW_CTX_DAG_EMAIL='***@***.com' AIRFLOW_CTX_DAG_OWNER='***' AIRFLOW_CTX_DAG_ID='upload_historical_congress_data' AIRFLOW_CTX_TASK_ID='format_execution_date_task' AIRFLOW_CTX_EXECUTION_DATE='2024-03-15T00:00:00+00:00' AIRFLOW_CTX_TRY_NUMBER='1' AIRFLOW_CTX_DAG_RUN_ID='scheduled__2024-03-15T00:00:00+00:00'
[2024-03-28T03:39:17.616+0000] {warnings.py:109} WARNING - /home/***/.local/lib/python3.8/site-packages/***/utils/context.py:315: AirflowContextDeprecationWarning: Accessing 'execution_date' from the template is deprecated and will be removed in a future version. Please use 'data_interval_start' or 'logical_date' instead.
  warnings.warn(_create_deprecation_warning(k, replacements))

[2024-03-28T03:39:17.619+0000] {upload_historical_congress_data.py:93} INFO - Formatted execution date: 2024-03-15T00:00:00Z
[2024-03-28T03:39:17.624+0000] {python.py:202} INFO - Done. Returned value was: 2024-03-15T00:00:00Z
[2024-03-28T03:39:17.665+0000] {taskinstance.py:1149} INFO - Marking task as SUCCESS. dag_id=upload_historical_congress_data, task_id=format_execution_date_task, execution_date=20240315T000000, start_date=20240328T033917, end_date=20240328T033917
[2024-03-28T03:39:17.705+0000] {local_task_job_runner.py:234} INFO - Task exited with return code 0
[2024-03-28T03:39:17.795+0000] {taskinstance.py:3312} INFO - 2 downstream tasks scheduled from follow-on schedule check
[2024-03-28T03:56:42.903+0000] {taskinstance.py:1979} INFO - Dependencies all met for dep_context=non-requeueable deps ti=<TaskInstance: upload_historical_congress_data.format_execution_date_task scheduled__2024-03-15T00:00:00+00:00 [queued]>
[2024-03-28T03:56:42.961+0000] {taskinstance.py:1979} INFO - Dependencies all met for dep_context=requeueable deps ti=<TaskInstance: upload_historical_congress_data.format_execution_date_task scheduled__2024-03-15T00:00:00+00:00 [queued]>
[2024-03-28T03:56:42.976+0000] {taskinstance.py:2193} INFO - Starting attempt 1 of 3
[2024-03-28T03:56:42.992+0000] {taskinstance.py:2217} INFO - Executing <Task(PythonOperator): format_execution_date_task> on 2024-03-15 00:00:00+00:00
[2024-03-28T03:56:43.003+0000] {standard_task_runner.py:60} INFO - Started process 52 to run task
[2024-03-28T03:56:43.008+0000] {standard_task_runner.py:87} INFO - Running: ['***', 'tasks', 'run', 'upload_historical_congress_data', 'format_execution_date_task', 'scheduled__2024-03-15T00:00:00+00:00', '--job-id', '173', '--raw', '--subdir', 'DAGS_FOLDER/upload_historical_congress_data.py', '--cfg-path', '/tmp/tmprui9oluq']
[2024-03-28T03:56:43.014+0000] {standard_task_runner.py:88} INFO - Job 173: Subtask format_execution_date_task
[2024-03-28T03:56:43.087+0000] {task_command.py:423} INFO - Running <TaskInstance: upload_historical_congress_data.format_execution_date_task scheduled__2024-03-15T00:00:00+00:00 [running]> on host be5d54f7fe24
[2024-03-28T03:56:43.155+0000] {taskinstance.py:2513} INFO - Exporting env vars: AIRFLOW_CTX_DAG_EMAIL='***@***.com' AIRFLOW_CTX_DAG_OWNER='***' AIRFLOW_CTX_DAG_ID='upload_historical_congress_data' AIRFLOW_CTX_TASK_ID='format_execution_date_task' AIRFLOW_CTX_EXECUTION_DATE='2024-03-15T00:00:00+00:00' AIRFLOW_CTX_TRY_NUMBER='1' AIRFLOW_CTX_DAG_RUN_ID='scheduled__2024-03-15T00:00:00+00:00'
[2024-03-28T03:56:43.159+0000] {warnings.py:109} WARNING - /home/***/.local/lib/python3.8/site-packages/***/utils/context.py:315: AirflowContextDeprecationWarning: Accessing 'execution_date' from the template is deprecated and will be removed in a future version. Please use 'data_interval_start' or 'logical_date' instead.
  warnings.warn(_create_deprecation_warning(k, replacements))

[2024-03-28T03:56:43.160+0000] {upload_historical_congress_data.py:93} INFO - Formatted execution date: 2024-03-15T00:00:00Z
[2024-03-28T03:56:43.161+0000] {python.py:202} INFO - Done. Returned value was: 2024-03-15T00:00:00Z
[2024-03-28T03:56:43.183+0000] {taskinstance.py:1149} INFO - Marking task as SUCCESS. dag_id=upload_historical_congress_data, task_id=format_execution_date_task, execution_date=20240315T000000, start_date=20240328T035642, end_date=20240328T035643
[2024-03-28T03:56:43.223+0000] {local_task_job_runner.py:234} INFO - Task exited with return code 0
[2024-03-28T03:56:43.260+0000] {taskinstance.py:3312} INFO - 2 downstream tasks scheduled from follow-on schedule check
[2024-03-28T04:06:47.929+0000] {taskinstance.py:1979} INFO - Dependencies all met for dep_context=non-requeueable deps ti=<TaskInstance: upload_historical_congress_data.format_execution_date_task scheduled__2024-03-15T00:00:00+00:00 [queued]>
[2024-03-28T04:06:47.942+0000] {taskinstance.py:1979} INFO - Dependencies all met for dep_context=requeueable deps ti=<TaskInstance: upload_historical_congress_data.format_execution_date_task scheduled__2024-03-15T00:00:00+00:00 [queued]>
[2024-03-28T04:06:47.945+0000] {taskinstance.py:2193} INFO - Starting attempt 1 of 3
[2024-03-28T04:06:47.955+0000] {taskinstance.py:2217} INFO - Executing <Task(PythonOperator): format_execution_date_task> on 2024-03-15 00:00:00+00:00
[2024-03-28T04:06:47.972+0000] {standard_task_runner.py:60} INFO - Started process 53 to run task
[2024-03-28T04:06:47.979+0000] {standard_task_runner.py:87} INFO - Running: ['***', 'tasks', 'run', 'upload_historical_congress_data', 'format_execution_date_task', 'scheduled__2024-03-15T00:00:00+00:00', '--job-id', '193', '--raw', '--subdir', 'DAGS_FOLDER/upload_historical_congress_data.py', '--cfg-path', '/tmp/tmpwhr3xody']
[2024-03-28T04:06:47.986+0000] {standard_task_runner.py:88} INFO - Job 193: Subtask format_execution_date_task
[2024-03-28T04:06:48.072+0000] {task_command.py:423} INFO - Running <TaskInstance: upload_historical_congress_data.format_execution_date_task scheduled__2024-03-15T00:00:00+00:00 [running]> on host be5d54f7fe24
[2024-03-28T04:06:48.143+0000] {taskinstance.py:2513} INFO - Exporting env vars: AIRFLOW_CTX_DAG_EMAIL='***@***.com' AIRFLOW_CTX_DAG_OWNER='***' AIRFLOW_CTX_DAG_ID='upload_historical_congress_data' AIRFLOW_CTX_TASK_ID='format_execution_date_task' AIRFLOW_CTX_EXECUTION_DATE='2024-03-15T00:00:00+00:00' AIRFLOW_CTX_TRY_NUMBER='1' AIRFLOW_CTX_DAG_RUN_ID='scheduled__2024-03-15T00:00:00+00:00'
[2024-03-28T04:06:48.147+0000] {warnings.py:109} WARNING - /home/***/.local/lib/python3.8/site-packages/***/utils/context.py:315: AirflowContextDeprecationWarning: Accessing 'execution_date' from the template is deprecated and will be removed in a future version. Please use 'data_interval_start' or 'logical_date' instead.
  warnings.warn(_create_deprecation_warning(k, replacements))

[2024-03-28T04:06:48.150+0000] {upload_historical_congress_data.py:93} INFO - Formatted execution date: 2024-03-15T00:00:00Z
[2024-03-28T04:06:48.151+0000] {python.py:202} INFO - Done. Returned value was: 2024-03-15T00:00:00Z
[2024-03-28T04:06:48.173+0000] {taskinstance.py:1149} INFO - Marking task as SUCCESS. dag_id=upload_historical_congress_data, task_id=format_execution_date_task, execution_date=20240315T000000, start_date=20240328T040647, end_date=20240328T040648
[2024-03-28T04:06:48.196+0000] {local_task_job_runner.py:234} INFO - Task exited with return code 0
[2024-03-28T04:06:48.238+0000] {taskinstance.py:3312} INFO - 0 downstream tasks scheduled from follow-on schedule check
[2024-04-01T01:55:40.827+0000] {taskinstance.py:1979} INFO - Dependencies all met for dep_context=non-requeueable deps ti=<TaskInstance: upload_historical_congress_data.format_execution_date_task scheduled__2024-03-15T00:00:00+00:00 [queued]>
[2024-04-01T01:55:40.834+0000] {taskinstance.py:1979} INFO - Dependencies all met for dep_context=requeueable deps ti=<TaskInstance: upload_historical_congress_data.format_execution_date_task scheduled__2024-03-15T00:00:00+00:00 [queued]>
[2024-04-01T01:55:40.834+0000] {taskinstance.py:2193} INFO - Starting attempt 1 of 3
[2024-04-01T01:55:40.844+0000] {taskinstance.py:2217} INFO - Executing <Task(PythonOperator): format_execution_date_task> on 2024-03-15 00:00:00+00:00
[2024-04-01T01:55:40.850+0000] {standard_task_runner.py:60} INFO - Started process 2868 to run task
[2024-04-01T01:55:40.862+0000] {standard_task_runner.py:87} INFO - Running: ['***', 'tasks', 'run', 'upload_historical_congress_data', 'format_execution_date_task', 'scheduled__2024-03-15T00:00:00+00:00', '--job-id', '9', '--raw', '--subdir', 'DAGS_FOLDER/upload_historical_congress_data.py', '--cfg-path', '/tmp/tmpcgxvqzdv']
[2024-04-01T01:55:40.900+0000] {standard_task_runner.py:88} INFO - Job 9: Subtask format_execution_date_task
[2024-04-01T01:55:41.069+0000] {task_command.py:423} INFO - Running <TaskInstance: upload_historical_congress_data.format_execution_date_task scheduled__2024-03-15T00:00:00+00:00 [running]> on host 1875c90dde2f
[2024-04-01T01:55:41.166+0000] {taskinstance.py:2513} INFO - Exporting env vars: AIRFLOW_CTX_DAG_EMAIL='***@***.com' AIRFLOW_CTX_DAG_OWNER='***' AIRFLOW_CTX_DAG_ID='upload_historical_congress_data' AIRFLOW_CTX_TASK_ID='format_execution_date_task' AIRFLOW_CTX_EXECUTION_DATE='2024-03-15T00:00:00+00:00' AIRFLOW_CTX_TRY_NUMBER='1' AIRFLOW_CTX_DAG_RUN_ID='scheduled__2024-03-15T00:00:00+00:00'
[2024-04-01T01:55:41.170+0000] {warnings.py:110} WARNING - /home/***/.local/lib/python3.11/site-packages/***/utils/context.py:315: AirflowContextDeprecationWarning: Accessing 'execution_date' from the template is deprecated and will be removed in a future version. Please use 'data_interval_start' or 'logical_date' instead.
  warnings.warn(_create_deprecation_warning(k, replacements))

[2024-04-01T01:55:41.171+0000] {upload_historical_congress_data.py:59} INFO - Formatted execution date: 2024-03-15T00:00:00Z
[2024-04-01T01:55:41.172+0000] {python.py:202} INFO - Done. Returned value was: 2024-03-15T00:00:00Z
[2024-04-01T01:55:41.198+0000] {taskinstance.py:1149} INFO - Marking task as SUCCESS. dag_id=upload_historical_congress_data, task_id=format_execution_date_task, execution_date=20240315T000000, start_date=20240401T015540, end_date=20240401T015541
[2024-04-01T01:55:41.242+0000] {local_task_job_runner.py:234} INFO - Task exited with return code 0
[2024-04-01T01:55:41.272+0000] {taskinstance.py:3312} INFO - 0 downstream tasks scheduled from follow-on schedule check
[2024-04-01T02:15:40.754+0000] {taskinstance.py:1979} INFO - Dependencies all met for dep_context=non-requeueable deps ti=<TaskInstance: upload_historical_congress_data.format_execution_date_task scheduled__2024-03-15T00:00:00+00:00 [queued]>
[2024-04-01T02:15:40.758+0000] {taskinstance.py:1979} INFO - Dependencies all met for dep_context=requeueable deps ti=<TaskInstance: upload_historical_congress_data.format_execution_date_task scheduled__2024-03-15T00:00:00+00:00 [queued]>
[2024-04-01T02:15:40.759+0000] {taskinstance.py:2193} INFO - Starting attempt 1 of 3
[2024-04-01T02:15:40.764+0000] {taskinstance.py:2217} INFO - Executing <Task(PythonOperator): format_execution_date_task> on 2024-03-15 00:00:00+00:00
[2024-04-01T02:15:40.772+0000] {standard_task_runner.py:60} INFO - Started process 50 to run task
[2024-04-01T02:15:40.775+0000] {standard_task_runner.py:87} INFO - Running: ['***', 'tasks', 'run', 'upload_historical_congress_data', 'format_execution_date_task', 'scheduled__2024-03-15T00:00:00+00:00', '--job-id', '18', '--raw', '--subdir', 'DAGS_FOLDER/upload_historical_congress_data.py', '--cfg-path', '/tmp/tmpzbggc99l']
[2024-04-01T02:15:40.777+0000] {standard_task_runner.py:88} INFO - Job 18: Subtask format_execution_date_task
[2024-04-01T02:15:40.819+0000] {task_command.py:423} INFO - Running <TaskInstance: upload_historical_congress_data.format_execution_date_task scheduled__2024-03-15T00:00:00+00:00 [running]> on host 65da93d0d171
[2024-04-01T02:15:40.864+0000] {taskinstance.py:2513} INFO - Exporting env vars: AIRFLOW_CTX_DAG_EMAIL='***@***.com' AIRFLOW_CTX_DAG_OWNER='***' AIRFLOW_CTX_DAG_ID='upload_historical_congress_data' AIRFLOW_CTX_TASK_ID='format_execution_date_task' AIRFLOW_CTX_EXECUTION_DATE='2024-03-15T00:00:00+00:00' AIRFLOW_CTX_TRY_NUMBER='1' AIRFLOW_CTX_DAG_RUN_ID='scheduled__2024-03-15T00:00:00+00:00'
[2024-04-01T02:15:40.865+0000] {warnings.py:110} WARNING - /home/***/.local/lib/python3.11/site-packages/***/utils/context.py:315: AirflowContextDeprecationWarning: Accessing 'execution_date' from the template is deprecated and will be removed in a future version. Please use 'data_interval_start' or 'logical_date' instead.
  warnings.warn(_create_deprecation_warning(k, replacements))

[2024-04-01T02:15:40.865+0000] {upload_historical_congress_data.py:59} INFO - Formatted execution date: 2024-03-15T00:00:00Z
[2024-04-01T02:15:40.866+0000] {python.py:202} INFO - Done. Returned value was: 2024-03-15T00:00:00Z
[2024-04-01T02:15:40.876+0000] {taskinstance.py:1149} INFO - Marking task as SUCCESS. dag_id=upload_historical_congress_data, task_id=format_execution_date_task, execution_date=20240315T000000, start_date=20240401T021540, end_date=20240401T021540
[2024-04-01T02:15:40.908+0000] {local_task_job_runner.py:234} INFO - Task exited with return code 0
[2024-04-01T02:15:40.928+0000] {taskinstance.py:3312} INFO - 2 downstream tasks scheduled from follow-on schedule check
[2024-04-01T02:23:48.243+0000] {taskinstance.py:1979} INFO - Dependencies all met for dep_context=non-requeueable deps ti=<TaskInstance: upload_historical_congress_data.format_execution_date_task scheduled__2024-03-15T00:00:00+00:00 [queued]>
[2024-04-01T02:23:48.253+0000] {taskinstance.py:1979} INFO - Dependencies all met for dep_context=requeueable deps ti=<TaskInstance: upload_historical_congress_data.format_execution_date_task scheduled__2024-03-15T00:00:00+00:00 [queued]>
[2024-04-01T02:23:48.253+0000] {taskinstance.py:2193} INFO - Starting attempt 1 of 3
[2024-04-01T02:23:48.262+0000] {taskinstance.py:2217} INFO - Executing <Task(PythonOperator): format_execution_date_task> on 2024-03-15 00:00:00+00:00
[2024-04-01T02:23:48.270+0000] {standard_task_runner.py:60} INFO - Started process 56 to run task
[2024-04-01T02:23:48.274+0000] {standard_task_runner.py:87} INFO - Running: ['***', 'tasks', 'run', 'upload_historical_congress_data', 'format_execution_date_task', 'scheduled__2024-03-15T00:00:00+00:00', '--job-id', '27', '--raw', '--subdir', 'DAGS_FOLDER/upload_historical_congress_data.py', '--cfg-path', '/tmp/tmp9kb5ezp8']
[2024-04-01T02:23:48.278+0000] {standard_task_runner.py:88} INFO - Job 27: Subtask format_execution_date_task
[2024-04-01T02:23:48.354+0000] {task_command.py:423} INFO - Running <TaskInstance: upload_historical_congress_data.format_execution_date_task scheduled__2024-03-15T00:00:00+00:00 [running]> on host 65da93d0d171
[2024-04-01T02:23:48.418+0000] {taskinstance.py:2513} INFO - Exporting env vars: AIRFLOW_CTX_DAG_EMAIL='***@***.com' AIRFLOW_CTX_DAG_OWNER='***' AIRFLOW_CTX_DAG_ID='upload_historical_congress_data' AIRFLOW_CTX_TASK_ID='format_execution_date_task' AIRFLOW_CTX_EXECUTION_DATE='2024-03-15T00:00:00+00:00' AIRFLOW_CTX_TRY_NUMBER='1' AIRFLOW_CTX_DAG_RUN_ID='scheduled__2024-03-15T00:00:00+00:00'
[2024-04-01T02:23:48.420+0000] {warnings.py:110} WARNING - /home/***/.local/lib/python3.11/site-packages/***/utils/context.py:315: AirflowContextDeprecationWarning: Accessing 'execution_date' from the template is deprecated and will be removed in a future version. Please use 'data_interval_start' or 'logical_date' instead.
  warnings.warn(_create_deprecation_warning(k, replacements))

[2024-04-01T02:23:48.421+0000] {upload_historical_congress_data.py:59} INFO - Formatted execution date: 2024-03-15T00:00:00Z
[2024-04-01T02:23:48.421+0000] {python.py:202} INFO - Done. Returned value was: 2024-03-15T00:00:00Z
[2024-04-01T02:23:48.439+0000] {taskinstance.py:1149} INFO - Marking task as SUCCESS. dag_id=upload_historical_congress_data, task_id=format_execution_date_task, execution_date=20240315T000000, start_date=20240401T022348, end_date=20240401T022348
[2024-04-01T02:23:48.488+0000] {local_task_job_runner.py:234} INFO - Task exited with return code 0
[2024-04-01T02:23:48.517+0000] {taskinstance.py:3312} INFO - 2 downstream tasks scheduled from follow-on schedule check
[2024-04-01T02:32:20.617+0000] {taskinstance.py:1979} INFO - Dependencies all met for dep_context=non-requeueable deps ti=<TaskInstance: upload_historical_congress_data.format_execution_date_task scheduled__2024-03-15T00:00:00+00:00 [queued]>
[2024-04-01T02:32:20.621+0000] {taskinstance.py:1979} INFO - Dependencies all met for dep_context=requeueable deps ti=<TaskInstance: upload_historical_congress_data.format_execution_date_task scheduled__2024-03-15T00:00:00+00:00 [queued]>
[2024-04-01T02:32:20.621+0000] {taskinstance.py:2193} INFO - Starting attempt 1 of 3
[2024-04-01T02:32:20.627+0000] {taskinstance.py:2217} INFO - Executing <Task(PythonOperator): format_execution_date_task> on 2024-03-15 00:00:00+00:00
[2024-04-01T02:32:20.635+0000] {standard_task_runner.py:60} INFO - Started process 50 to run task
[2024-04-01T02:32:20.638+0000] {standard_task_runner.py:87} INFO - Running: ['***', 'tasks', 'run', 'upload_historical_congress_data', 'format_execution_date_task', 'scheduled__2024-03-15T00:00:00+00:00', '--job-id', '32', '--raw', '--subdir', 'DAGS_FOLDER/upload_historical_congress_data.py', '--cfg-path', '/tmp/tmp2x_d_fb6']
[2024-04-01T02:32:20.642+0000] {standard_task_runner.py:88} INFO - Job 32: Subtask format_execution_date_task
[2024-04-01T02:32:20.699+0000] {task_command.py:423} INFO - Running <TaskInstance: upload_historical_congress_data.format_execution_date_task scheduled__2024-03-15T00:00:00+00:00 [running]> on host 23f1e0ea4752
[2024-04-01T02:32:20.744+0000] {taskinstance.py:2513} INFO - Exporting env vars: AIRFLOW_CTX_DAG_EMAIL='***@***.com' AIRFLOW_CTX_DAG_OWNER='***' AIRFLOW_CTX_DAG_ID='upload_historical_congress_data' AIRFLOW_CTX_TASK_ID='format_execution_date_task' AIRFLOW_CTX_EXECUTION_DATE='2024-03-15T00:00:00+00:00' AIRFLOW_CTX_TRY_NUMBER='1' AIRFLOW_CTX_DAG_RUN_ID='scheduled__2024-03-15T00:00:00+00:00'
[2024-04-01T02:32:20.745+0000] {warnings.py:110} WARNING - /home/***/.local/lib/python3.11/site-packages/***/utils/context.py:315: AirflowContextDeprecationWarning: Accessing 'execution_date' from the template is deprecated and will be removed in a future version. Please use 'data_interval_start' or 'logical_date' instead.
  warnings.warn(_create_deprecation_warning(k, replacements))

[2024-04-01T02:32:20.746+0000] {upload_historical_congress_data.py:59} INFO - Formatted execution date: 2024-03-15T00:00:00Z
[2024-04-01T02:32:20.746+0000] {python.py:202} INFO - Done. Returned value was: 2024-03-15T00:00:00Z
[2024-04-01T02:32:20.756+0000] {taskinstance.py:1149} INFO - Marking task as SUCCESS. dag_id=upload_historical_congress_data, task_id=format_execution_date_task, execution_date=20240315T000000, start_date=20240401T023220, end_date=20240401T023220
[2024-04-01T02:32:20.772+0000] {local_task_job_runner.py:234} INFO - Task exited with return code 0
[2024-04-01T02:32:20.793+0000] {taskinstance.py:3312} INFO - 2 downstream tasks scheduled from follow-on schedule check
[2024-04-01T02:35:18.631+0000] {taskinstance.py:1979} INFO - Dependencies all met for dep_context=non-requeueable deps ti=<TaskInstance: upload_historical_congress_data.format_execution_date_task scheduled__2024-03-15T00:00:00+00:00 [queued]>
[2024-04-01T02:35:18.637+0000] {taskinstance.py:1979} INFO - Dependencies all met for dep_context=requeueable deps ti=<TaskInstance: upload_historical_congress_data.format_execution_date_task scheduled__2024-03-15T00:00:00+00:00 [queued]>
[2024-04-01T02:35:18.637+0000] {taskinstance.py:2193} INFO - Starting attempt 1 of 3
[2024-04-01T02:35:18.643+0000] {taskinstance.py:2217} INFO - Executing <Task(PythonOperator): format_execution_date_task> on 2024-03-15 00:00:00+00:00
[2024-04-01T02:35:18.650+0000] {standard_task_runner.py:60} INFO - Started process 57 to run task
[2024-04-01T02:35:18.652+0000] {standard_task_runner.py:87} INFO - Running: ['***', 'tasks', 'run', 'upload_historical_congress_data', 'format_execution_date_task', 'scheduled__2024-03-15T00:00:00+00:00', '--job-id', '39', '--raw', '--subdir', 'DAGS_FOLDER/upload_historical_congress_data.py', '--cfg-path', '/tmp/tmpc51u9xwu']
[2024-04-01T02:35:18.655+0000] {standard_task_runner.py:88} INFO - Job 39: Subtask format_execution_date_task
[2024-04-01T02:35:18.701+0000] {task_command.py:423} INFO - Running <TaskInstance: upload_historical_congress_data.format_execution_date_task scheduled__2024-03-15T00:00:00+00:00 [running]> on host ac7e4cd2a684
[2024-04-01T02:35:18.754+0000] {taskinstance.py:2513} INFO - Exporting env vars: AIRFLOW_CTX_DAG_EMAIL='***@***.com' AIRFLOW_CTX_DAG_OWNER='***' AIRFLOW_CTX_DAG_ID='upload_historical_congress_data' AIRFLOW_CTX_TASK_ID='format_execution_date_task' AIRFLOW_CTX_EXECUTION_DATE='2024-03-15T00:00:00+00:00' AIRFLOW_CTX_TRY_NUMBER='1' AIRFLOW_CTX_DAG_RUN_ID='scheduled__2024-03-15T00:00:00+00:00'
[2024-04-01T02:35:18.756+0000] {warnings.py:110} WARNING - /home/***/.local/lib/python3.11/site-packages/***/utils/context.py:315: AirflowContextDeprecationWarning: Accessing 'execution_date' from the template is deprecated and will be removed in a future version. Please use 'data_interval_start' or 'logical_date' instead.
  warnings.warn(_create_deprecation_warning(k, replacements))

[2024-04-01T02:35:18.756+0000] {upload_historical_congress_data.py:59} INFO - Formatted execution date: 2024-03-15T00:00:00Z
[2024-04-01T02:35:18.756+0000] {python.py:202} INFO - Done. Returned value was: 2024-03-15T00:00:00Z
[2024-04-01T02:35:18.767+0000] {taskinstance.py:1149} INFO - Marking task as SUCCESS. dag_id=upload_historical_congress_data, task_id=format_execution_date_task, execution_date=20240315T000000, start_date=20240401T023518, end_date=20240401T023518
[2024-04-01T02:35:18.791+0000] {local_task_job_runner.py:234} INFO - Task exited with return code 0
[2024-04-01T02:35:18.813+0000] {taskinstance.py:3312} INFO - 2 downstream tasks scheduled from follow-on schedule check
[2024-04-01T02:48:54.526+0000] {taskinstance.py:1979} INFO - Dependencies all met for dep_context=non-requeueable deps ti=<TaskInstance: upload_historical_congress_data.format_execution_date_task scheduled__2024-03-15T00:00:00+00:00 [queued]>
[2024-04-01T02:48:54.542+0000] {taskinstance.py:1979} INFO - Dependencies all met for dep_context=requeueable deps ti=<TaskInstance: upload_historical_congress_data.format_execution_date_task scheduled__2024-03-15T00:00:00+00:00 [queued]>
[2024-04-01T02:48:54.543+0000] {taskinstance.py:2193} INFO - Starting attempt 1 of 3
[2024-04-01T02:48:54.569+0000] {taskinstance.py:2217} INFO - Executing <Task(PythonOperator): format_execution_date_task> on 2024-03-15 00:00:00+00:00
[2024-04-01T02:48:54.593+0000] {standard_task_runner.py:60} INFO - Started process 57 to run task
[2024-04-01T02:48:54.608+0000] {standard_task_runner.py:87} INFO - Running: ['***', 'tasks', 'run', 'upload_historical_congress_data', 'format_execution_date_task', 'scheduled__2024-03-15T00:00:00+00:00', '--job-id', '46', '--raw', '--subdir', 'DAGS_FOLDER/upload_historical_congress_data.py', '--cfg-path', '/tmp/tmpg5r1k_5o']
[2024-04-01T02:48:54.618+0000] {standard_task_runner.py:88} INFO - Job 46: Subtask format_execution_date_task
[2024-04-01T02:48:54.751+0000] {task_command.py:423} INFO - Running <TaskInstance: upload_historical_congress_data.format_execution_date_task scheduled__2024-03-15T00:00:00+00:00 [running]> on host 5154ffbd443f
[2024-04-01T02:48:54.831+0000] {taskinstance.py:2513} INFO - Exporting env vars: AIRFLOW_CTX_DAG_EMAIL='***@***.com' AIRFLOW_CTX_DAG_OWNER='***' AIRFLOW_CTX_DAG_ID='upload_historical_congress_data' AIRFLOW_CTX_TASK_ID='format_execution_date_task' AIRFLOW_CTX_EXECUTION_DATE='2024-03-15T00:00:00+00:00' AIRFLOW_CTX_TRY_NUMBER='1' AIRFLOW_CTX_DAG_RUN_ID='scheduled__2024-03-15T00:00:00+00:00'
[2024-04-01T02:48:54.832+0000] {warnings.py:110} WARNING - /home/***/.local/lib/python3.11/site-packages/***/utils/context.py:315: AirflowContextDeprecationWarning: Accessing 'execution_date' from the template is deprecated and will be removed in a future version. Please use 'data_interval_start' or 'logical_date' instead.
  warnings.warn(_create_deprecation_warning(k, replacements))

[2024-04-01T02:48:54.833+0000] {upload_historical_congress_data.py:59} INFO - Formatted execution date: 2024-03-15T00:00:00Z
[2024-04-01T02:48:54.833+0000] {python.py:202} INFO - Done. Returned value was: 2024-03-15T00:00:00Z
[2024-04-01T02:48:54.854+0000] {taskinstance.py:1149} INFO - Marking task as SUCCESS. dag_id=upload_historical_congress_data, task_id=format_execution_date_task, execution_date=20240315T000000, start_date=20240401T024854, end_date=20240401T024854
[2024-04-01T02:48:54.881+0000] {local_task_job_runner.py:234} INFO - Task exited with return code 0
[2024-04-01T02:48:55.024+0000] {taskinstance.py:3312} INFO - 2 downstream tasks scheduled from follow-on schedule check
[2024-04-01T02:54:06.185+0000] {taskinstance.py:1979} INFO - Dependencies all met for dep_context=non-requeueable deps ti=<TaskInstance: upload_historical_congress_data.format_execution_date_task scheduled__2024-03-15T00:00:00+00:00 [queued]>
[2024-04-01T02:54:06.190+0000] {taskinstance.py:1979} INFO - Dependencies all met for dep_context=requeueable deps ti=<TaskInstance: upload_historical_congress_data.format_execution_date_task scheduled__2024-03-15T00:00:00+00:00 [queued]>
[2024-04-01T02:54:06.190+0000] {taskinstance.py:2193} INFO - Starting attempt 1 of 3
[2024-04-01T02:54:06.197+0000] {taskinstance.py:2217} INFO - Executing <Task(PythonOperator): format_execution_date_task> on 2024-03-15 00:00:00+00:00
[2024-04-01T02:54:06.203+0000] {standard_task_runner.py:60} INFO - Started process 55 to run task
[2024-04-01T02:54:06.206+0000] {standard_task_runner.py:87} INFO - Running: ['***', 'tasks', 'run', 'upload_historical_congress_data', 'format_execution_date_task', 'scheduled__2024-03-15T00:00:00+00:00', '--job-id', '53', '--raw', '--subdir', 'DAGS_FOLDER/upload_historical_congress_data.py', '--cfg-path', '/tmp/tmpt3j4j31e']
[2024-04-01T02:54:06.209+0000] {standard_task_runner.py:88} INFO - Job 53: Subtask format_execution_date_task
[2024-04-01T02:54:06.260+0000] {task_command.py:423} INFO - Running <TaskInstance: upload_historical_congress_data.format_execution_date_task scheduled__2024-03-15T00:00:00+00:00 [running]> on host 506660a4b8e3
[2024-04-01T02:54:06.312+0000] {taskinstance.py:2513} INFO - Exporting env vars: AIRFLOW_CTX_DAG_EMAIL='***@***.com' AIRFLOW_CTX_DAG_OWNER='***' AIRFLOW_CTX_DAG_ID='upload_historical_congress_data' AIRFLOW_CTX_TASK_ID='format_execution_date_task' AIRFLOW_CTX_EXECUTION_DATE='2024-03-15T00:00:00+00:00' AIRFLOW_CTX_TRY_NUMBER='1' AIRFLOW_CTX_DAG_RUN_ID='scheduled__2024-03-15T00:00:00+00:00'
[2024-04-01T02:54:06.314+0000] {warnings.py:110} WARNING - /home/***/.local/lib/python3.11/site-packages/***/utils/context.py:315: AirflowContextDeprecationWarning: Accessing 'execution_date' from the template is deprecated and will be removed in a future version. Please use 'data_interval_start' or 'logical_date' instead.
  warnings.warn(_create_deprecation_warning(k, replacements))

[2024-04-01T02:54:06.314+0000] {upload_historical_congress_data.py:59} INFO - Formatted execution date: 2024-03-15T00:00:00Z
[2024-04-01T02:54:06.314+0000] {python.py:202} INFO - Done. Returned value was: 2024-03-15T00:00:00Z
[2024-04-01T02:54:06.328+0000] {taskinstance.py:1149} INFO - Marking task as SUCCESS. dag_id=upload_historical_congress_data, task_id=format_execution_date_task, execution_date=20240315T000000, start_date=20240401T025406, end_date=20240401T025406
[2024-04-01T02:54:06.382+0000] {local_task_job_runner.py:234} INFO - Task exited with return code 0
[2024-04-01T02:54:06.405+0000] {taskinstance.py:3312} INFO - 2 downstream tasks scheduled from follow-on schedule check
[2024-04-02T02:56:27.228+0000] {taskinstance.py:1979} INFO - Dependencies all met for dep_context=non-requeueable deps ti=<TaskInstance: upload_historical_congress_data.format_execution_date_task scheduled__2024-03-15T00:00:00+00:00 [queued]>
[2024-04-02T02:56:27.233+0000] {taskinstance.py:1979} INFO - Dependencies all met for dep_context=requeueable deps ti=<TaskInstance: upload_historical_congress_data.format_execution_date_task scheduled__2024-03-15T00:00:00+00:00 [queued]>
[2024-04-02T02:56:27.234+0000] {taskinstance.py:2193} INFO - Starting attempt 1 of 3
[2024-04-02T02:56:27.241+0000] {taskinstance.py:2217} INFO - Executing <Task(PythonOperator): format_execution_date_task> on 2024-03-15 00:00:00+00:00
[2024-04-02T02:56:27.251+0000] {standard_task_runner.py:60} INFO - Started process 50 to run task
[2024-04-02T02:56:27.262+0000] {standard_task_runner.py:87} INFO - Running: ['***', 'tasks', 'run', 'upload_historical_congress_data', 'format_execution_date_task', 'scheduled__2024-03-15T00:00:00+00:00', '--job-id', '73', '--raw', '--subdir', 'DAGS_FOLDER/upload_historical_congress_data.py', '--cfg-path', '/tmp/tmpv2_bzdj_']
[2024-04-02T02:56:27.266+0000] {standard_task_runner.py:88} INFO - Job 73: Subtask format_execution_date_task
[2024-04-02T02:56:27.324+0000] {task_command.py:423} INFO - Running <TaskInstance: upload_historical_congress_data.format_execution_date_task scheduled__2024-03-15T00:00:00+00:00 [running]> on host 308c9d5b795d
[2024-04-02T02:56:27.389+0000] {taskinstance.py:2513} INFO - Exporting env vars: AIRFLOW_CTX_DAG_EMAIL='***@***.com' AIRFLOW_CTX_DAG_OWNER='***' AIRFLOW_CTX_DAG_ID='upload_historical_congress_data' AIRFLOW_CTX_TASK_ID='format_execution_date_task' AIRFLOW_CTX_EXECUTION_DATE='2024-03-15T00:00:00+00:00' AIRFLOW_CTX_TRY_NUMBER='1' AIRFLOW_CTX_DAG_RUN_ID='scheduled__2024-03-15T00:00:00+00:00'
[2024-04-02T02:56:27.395+0000] {warnings.py:110} WARNING - /home/***/.local/lib/python3.11/site-packages/***/utils/context.py:315: AirflowContextDeprecationWarning: Accessing 'execution_date' from the template is deprecated and will be removed in a future version. Please use 'data_interval_start' or 'logical_date' instead.
  warnings.warn(_create_deprecation_warning(k, replacements))

[2024-04-02T02:56:27.396+0000] {upload_historical_congress_data.py:59} INFO - Formatted execution date: 2024-03-15T00:00:00Z
[2024-04-02T02:56:27.397+0000] {python.py:202} INFO - Done. Returned value was: 2024-03-15T00:00:00Z
[2024-04-02T02:56:27.427+0000] {taskinstance.py:1149} INFO - Marking task as SUCCESS. dag_id=upload_historical_congress_data, task_id=format_execution_date_task, execution_date=20240315T000000, start_date=20240402T025627, end_date=20240402T025627
[2024-04-02T02:56:27.477+0000] {local_task_job_runner.py:234} INFO - Task exited with return code 0
[2024-04-02T02:56:27.534+0000] {taskinstance.py:3312} INFO - 2 downstream tasks scheduled from follow-on schedule check
[2024-04-02T03:00:06.034+0000] {taskinstance.py:1979} INFO - Dependencies all met for dep_context=non-requeueable deps ti=<TaskInstance: upload_historical_congress_data.format_execution_date_task scheduled__2024-03-15T00:00:00+00:00 [queued]>
[2024-04-02T03:00:06.041+0000] {taskinstance.py:1979} INFO - Dependencies all met for dep_context=requeueable deps ti=<TaskInstance: upload_historical_congress_data.format_execution_date_task scheduled__2024-03-15T00:00:00+00:00 [queued]>
[2024-04-02T03:00:06.041+0000] {taskinstance.py:2193} INFO - Starting attempt 1 of 3
[2024-04-02T03:00:06.053+0000] {taskinstance.py:2217} INFO - Executing <Task(PythonOperator): format_execution_date_task> on 2024-03-15 00:00:00+00:00
[2024-04-02T03:00:06.071+0000] {standard_task_runner.py:60} INFO - Started process 57 to run task
[2024-04-02T03:00:06.076+0000] {standard_task_runner.py:87} INFO - Running: ['***', 'tasks', 'run', 'upload_historical_congress_data', 'format_execution_date_task', 'scheduled__2024-03-15T00:00:00+00:00', '--job-id', '80', '--raw', '--subdir', 'DAGS_FOLDER/upload_historical_congress_data.py', '--cfg-path', '/tmp/tmp982436q0']
[2024-04-02T03:00:06.082+0000] {standard_task_runner.py:88} INFO - Job 80: Subtask format_execution_date_task
[2024-04-02T03:00:06.124+0000] {task_command.py:423} INFO - Running <TaskInstance: upload_historical_congress_data.format_execution_date_task scheduled__2024-03-15T00:00:00+00:00 [running]> on host 308c9d5b795d
[2024-04-02T03:00:06.199+0000] {taskinstance.py:2513} INFO - Exporting env vars: AIRFLOW_CTX_DAG_EMAIL='***@***.com' AIRFLOW_CTX_DAG_OWNER='***' AIRFLOW_CTX_DAG_ID='upload_historical_congress_data' AIRFLOW_CTX_TASK_ID='format_execution_date_task' AIRFLOW_CTX_EXECUTION_DATE='2024-03-15T00:00:00+00:00' AIRFLOW_CTX_TRY_NUMBER='1' AIRFLOW_CTX_DAG_RUN_ID='scheduled__2024-03-15T00:00:00+00:00'
[2024-04-02T03:00:06.201+0000] {warnings.py:110} WARNING - /home/***/.local/lib/python3.11/site-packages/***/utils/context.py:315: AirflowContextDeprecationWarning: Accessing 'execution_date' from the template is deprecated and will be removed in a future version. Please use 'data_interval_start' or 'logical_date' instead.
  warnings.warn(_create_deprecation_warning(k, replacements))

[2024-04-02T03:00:06.202+0000] {upload_historical_congress_data.py:59} INFO - Formatted execution date: 2024-03-15T00:00:00Z
[2024-04-02T03:00:06.202+0000] {python.py:202} INFO - Done. Returned value was: 2024-03-15T00:00:00Z
[2024-04-02T03:00:06.216+0000] {taskinstance.py:1149} INFO - Marking task as SUCCESS. dag_id=upload_historical_congress_data, task_id=format_execution_date_task, execution_date=20240315T000000, start_date=20240402T030006, end_date=20240402T030006
[2024-04-02T03:00:06.251+0000] {local_task_job_runner.py:234} INFO - Task exited with return code 0
[2024-04-02T03:00:06.277+0000] {taskinstance.py:3312} INFO - 2 downstream tasks scheduled from follow-on schedule check
[2024-04-02T03:03:23.314+0000] {taskinstance.py:1979} INFO - Dependencies all met for dep_context=non-requeueable deps ti=<TaskInstance: upload_historical_congress_data.format_execution_date_task scheduled__2024-03-15T00:00:00+00:00 [queued]>
[2024-04-02T03:03:23.321+0000] {taskinstance.py:1979} INFO - Dependencies all met for dep_context=requeueable deps ti=<TaskInstance: upload_historical_congress_data.format_execution_date_task scheduled__2024-03-15T00:00:00+00:00 [queued]>
[2024-04-02T03:03:23.321+0000] {taskinstance.py:2193} INFO - Starting attempt 1 of 3
[2024-04-02T03:03:23.329+0000] {taskinstance.py:2217} INFO - Executing <Task(PythonOperator): format_execution_date_task> on 2024-03-15 00:00:00+00:00
[2024-04-02T03:03:23.335+0000] {standard_task_runner.py:60} INFO - Started process 50 to run task
[2024-04-02T03:03:23.338+0000] {standard_task_runner.py:87} INFO - Running: ['***', 'tasks', 'run', 'upload_historical_congress_data', 'format_execution_date_task', 'scheduled__2024-03-15T00:00:00+00:00', '--job-id', '89', '--raw', '--subdir', 'DAGS_FOLDER/upload_historical_congress_data.py', '--cfg-path', '/tmp/tmphlhdke3l']
[2024-04-02T03:03:23.341+0000] {standard_task_runner.py:88} INFO - Job 89: Subtask format_execution_date_task
[2024-04-02T03:03:23.397+0000] {task_command.py:423} INFO - Running <TaskInstance: upload_historical_congress_data.format_execution_date_task scheduled__2024-03-15T00:00:00+00:00 [running]> on host 308c9d5b795d
[2024-04-02T03:03:23.445+0000] {taskinstance.py:2513} INFO - Exporting env vars: AIRFLOW_CTX_DAG_EMAIL='***@***.com' AIRFLOW_CTX_DAG_OWNER='***' AIRFLOW_CTX_DAG_ID='upload_historical_congress_data' AIRFLOW_CTX_TASK_ID='format_execution_date_task' AIRFLOW_CTX_EXECUTION_DATE='2024-03-15T00:00:00+00:00' AIRFLOW_CTX_TRY_NUMBER='1' AIRFLOW_CTX_DAG_RUN_ID='scheduled__2024-03-15T00:00:00+00:00'
[2024-04-02T03:03:23.446+0000] {warnings.py:110} WARNING - /home/***/.local/lib/python3.11/site-packages/***/utils/context.py:315: AirflowContextDeprecationWarning: Accessing 'execution_date' from the template is deprecated and will be removed in a future version. Please use 'data_interval_start' or 'logical_date' instead.
  warnings.warn(_create_deprecation_warning(k, replacements))

[2024-04-02T03:03:23.446+0000] {upload_historical_congress_data.py:59} INFO - Formatted execution date: 2024-03-15T00:00:00Z
[2024-04-02T03:03:23.447+0000] {python.py:202} INFO - Done. Returned value was: 2024-03-15T00:00:00Z
[2024-04-02T03:03:23.461+0000] {taskinstance.py:1149} INFO - Marking task as SUCCESS. dag_id=upload_historical_congress_data, task_id=format_execution_date_task, execution_date=20240315T000000, start_date=20240402T030323, end_date=20240402T030323
[2024-04-02T03:03:23.513+0000] {local_task_job_runner.py:234} INFO - Task exited with return code 0
[2024-04-02T03:03:23.558+0000] {taskinstance.py:3312} INFO - 2 downstream tasks scheduled from follow-on schedule check
[2024-04-02T03:12:42.148+0000] {taskinstance.py:1979} INFO - Dependencies all met for dep_context=non-requeueable deps ti=<TaskInstance: upload_historical_congress_data.format_execution_date_task scheduled__2024-03-15T00:00:00+00:00 [queued]>
[2024-04-02T03:12:42.153+0000] {taskinstance.py:1979} INFO - Dependencies all met for dep_context=requeueable deps ti=<TaskInstance: upload_historical_congress_data.format_execution_date_task scheduled__2024-03-15T00:00:00+00:00 [queued]>
[2024-04-02T03:12:42.154+0000] {taskinstance.py:2193} INFO - Starting attempt 1 of 3
[2024-04-02T03:12:42.175+0000] {taskinstance.py:2217} INFO - Executing <Task(PythonOperator): format_execution_date_task> on 2024-03-15 00:00:00+00:00
[2024-04-02T03:12:42.180+0000] {standard_task_runner.py:60} INFO - Started process 232 to run task
[2024-04-02T03:12:42.182+0000] {standard_task_runner.py:87} INFO - Running: ['***', 'tasks', 'run', 'upload_historical_congress_data', 'format_execution_date_task', 'scheduled__2024-03-15T00:00:00+00:00', '--job-id', '107', '--raw', '--subdir', 'DAGS_FOLDER/upload_historical_congress_data.py', '--cfg-path', '/tmp/tmpfbqh2b91']
[2024-04-02T03:12:42.185+0000] {standard_task_runner.py:88} INFO - Job 107: Subtask format_execution_date_task
[2024-04-02T03:12:42.225+0000] {task_command.py:423} INFO - Running <TaskInstance: upload_historical_congress_data.format_execution_date_task scheduled__2024-03-15T00:00:00+00:00 [running]> on host 308c9d5b795d
[2024-04-02T03:12:42.263+0000] {taskinstance.py:2513} INFO - Exporting env vars: AIRFLOW_CTX_DAG_EMAIL='***@***.com' AIRFLOW_CTX_DAG_OWNER='***' AIRFLOW_CTX_DAG_ID='upload_historical_congress_data' AIRFLOW_CTX_TASK_ID='format_execution_date_task' AIRFLOW_CTX_EXECUTION_DATE='2024-03-15T00:00:00+00:00' AIRFLOW_CTX_TRY_NUMBER='1' AIRFLOW_CTX_DAG_RUN_ID='scheduled__2024-03-15T00:00:00+00:00'
[2024-04-02T03:12:42.265+0000] {warnings.py:110} WARNING - /home/***/.local/lib/python3.11/site-packages/***/utils/context.py:315: AirflowContextDeprecationWarning: Accessing 'execution_date' from the template is deprecated and will be removed in a future version. Please use 'data_interval_start' or 'logical_date' instead.
  warnings.warn(_create_deprecation_warning(k, replacements))

[2024-04-02T03:12:42.265+0000] {upload_historical_congress_data.py:59} INFO - Formatted execution date: 2024-03-15T00:00:00Z
[2024-04-02T03:12:42.265+0000] {python.py:202} INFO - Done. Returned value was: 2024-03-15T00:00:00Z
[2024-04-02T03:12:42.275+0000] {taskinstance.py:1149} INFO - Marking task as SUCCESS. dag_id=upload_historical_congress_data, task_id=format_execution_date_task, execution_date=20240315T000000, start_date=20240402T031242, end_date=20240402T031242
[2024-04-02T03:12:42.318+0000] {local_task_job_runner.py:234} INFO - Task exited with return code 0
[2024-04-02T03:12:42.337+0000] {taskinstance.py:3312} INFO - 2 downstream tasks scheduled from follow-on schedule check
[2024-04-02T03:40:13.472+0000] {taskinstance.py:1979} INFO - Dependencies all met for dep_context=non-requeueable deps ti=<TaskInstance: upload_historical_congress_data.format_execution_date_task scheduled__2024-03-15T00:00:00+00:00 [queued]>
[2024-04-02T03:40:13.481+0000] {taskinstance.py:1979} INFO - Dependencies all met for dep_context=requeueable deps ti=<TaskInstance: upload_historical_congress_data.format_execution_date_task scheduled__2024-03-15T00:00:00+00:00 [queued]>
[2024-04-02T03:40:13.482+0000] {taskinstance.py:2193} INFO - Starting attempt 1 of 3
[2024-04-02T03:40:13.490+0000] {taskinstance.py:2217} INFO - Executing <Task(PythonOperator): format_execution_date_task> on 2024-03-15 00:00:00+00:00
[2024-04-02T03:40:13.507+0000] {standard_task_runner.py:60} INFO - Started process 50 to run task
[2024-04-02T03:40:13.510+0000] {standard_task_runner.py:87} INFO - Running: ['***', 'tasks', 'run', 'upload_historical_congress_data', 'format_execution_date_task', 'scheduled__2024-03-15T00:00:00+00:00', '--job-id', '120', '--raw', '--subdir', 'DAGS_FOLDER/upload_historical_congress_data.py', '--cfg-path', '/tmp/tmpljltp09c']
[2024-04-02T03:40:13.517+0000] {standard_task_runner.py:88} INFO - Job 120: Subtask format_execution_date_task
[2024-04-02T03:40:13.577+0000] {task_command.py:423} INFO - Running <TaskInstance: upload_historical_congress_data.format_execution_date_task scheduled__2024-03-15T00:00:00+00:00 [running]> on host 308c9d5b795d
[2024-04-02T03:40:13.708+0000] {taskinstance.py:2513} INFO - Exporting env vars: AIRFLOW_CTX_DAG_EMAIL='***@***.com' AIRFLOW_CTX_DAG_OWNER='***' AIRFLOW_CTX_DAG_ID='upload_historical_congress_data' AIRFLOW_CTX_TASK_ID='format_execution_date_task' AIRFLOW_CTX_EXECUTION_DATE='2024-03-15T00:00:00+00:00' AIRFLOW_CTX_TRY_NUMBER='1' AIRFLOW_CTX_DAG_RUN_ID='scheduled__2024-03-15T00:00:00+00:00'
[2024-04-02T03:40:13.710+0000] {warnings.py:110} WARNING - /home/***/.local/lib/python3.11/site-packages/***/utils/context.py:315: AirflowContextDeprecationWarning: Accessing 'execution_date' from the template is deprecated and will be removed in a future version. Please use 'data_interval_start' or 'logical_date' instead.
  warnings.warn(_create_deprecation_warning(k, replacements))

[2024-04-02T03:40:13.711+0000] {upload_historical_congress_data.py:59} INFO - Formatted execution date: 2024-03-15T00:00:00Z
[2024-04-02T03:40:13.711+0000] {python.py:202} INFO - Done. Returned value was: 2024-03-15T00:00:00Z
[2024-04-02T03:40:13.728+0000] {taskinstance.py:1149} INFO - Marking task as SUCCESS. dag_id=upload_historical_congress_data, task_id=format_execution_date_task, execution_date=20240315T000000, start_date=20240402T034013, end_date=20240402T034013
[2024-04-02T03:40:13.742+0000] {local_task_job_runner.py:234} INFO - Task exited with return code 0
[2024-04-02T03:40:13.768+0000] {taskinstance.py:3312} INFO - 2 downstream tasks scheduled from follow-on schedule check
[2024-04-02T03:58:26.119+0000] {taskinstance.py:1979} INFO - Dependencies all met for dep_context=non-requeueable deps ti=<TaskInstance: upload_historical_congress_data.format_execution_date_task scheduled__2024-03-15T00:00:00+00:00 [queued]>
[2024-04-02T03:58:26.130+0000] {taskinstance.py:1979} INFO - Dependencies all met for dep_context=requeueable deps ti=<TaskInstance: upload_historical_congress_data.format_execution_date_task scheduled__2024-03-15T00:00:00+00:00 [queued]>
[2024-04-02T03:58:26.131+0000] {taskinstance.py:2193} INFO - Starting attempt 1 of 3
[2024-04-02T03:58:26.143+0000] {taskinstance.py:2217} INFO - Executing <Task(PythonOperator): format_execution_date_task> on 2024-03-15 00:00:00+00:00
[2024-04-02T03:58:26.153+0000] {standard_task_runner.py:60} INFO - Started process 50 to run task
[2024-04-02T03:58:26.157+0000] {standard_task_runner.py:87} INFO - Running: ['***', 'tasks', 'run', 'upload_historical_congress_data', 'format_execution_date_task', 'scheduled__2024-03-15T00:00:00+00:00', '--job-id', '146', '--raw', '--subdir', 'DAGS_FOLDER/upload_historical_congress_data.py', '--cfg-path', '/tmp/tmpnd6voi31']
[2024-04-02T03:58:26.161+0000] {standard_task_runner.py:88} INFO - Job 146: Subtask format_execution_date_task
[2024-04-02T03:58:26.201+0000] {task_command.py:423} INFO - Running <TaskInstance: upload_historical_congress_data.format_execution_date_task scheduled__2024-03-15T00:00:00+00:00 [running]> on host 308c9d5b795d
[2024-04-02T03:58:26.269+0000] {taskinstance.py:2513} INFO - Exporting env vars: AIRFLOW_CTX_DAG_EMAIL='***@***.com' AIRFLOW_CTX_DAG_OWNER='***' AIRFLOW_CTX_DAG_ID='upload_historical_congress_data' AIRFLOW_CTX_TASK_ID='format_execution_date_task' AIRFLOW_CTX_EXECUTION_DATE='2024-03-15T00:00:00+00:00' AIRFLOW_CTX_TRY_NUMBER='1' AIRFLOW_CTX_DAG_RUN_ID='scheduled__2024-03-15T00:00:00+00:00'
[2024-04-02T03:58:26.272+0000] {warnings.py:110} WARNING - /home/***/.local/lib/python3.11/site-packages/***/utils/context.py:315: AirflowContextDeprecationWarning: Accessing 'execution_date' from the template is deprecated and will be removed in a future version. Please use 'data_interval_start' or 'logical_date' instead.
  warnings.warn(_create_deprecation_warning(k, replacements))

[2024-04-02T03:58:26.273+0000] {upload_historical_congress_data.py:59} INFO - Formatted execution date: 2024-03-15T00:00:00Z
[2024-04-02T03:58:26.273+0000] {python.py:202} INFO - Done. Returned value was: 2024-03-15T00:00:00Z
[2024-04-02T03:58:26.288+0000] {taskinstance.py:1149} INFO - Marking task as SUCCESS. dag_id=upload_historical_congress_data, task_id=format_execution_date_task, execution_date=20240315T000000, start_date=20240402T035826, end_date=20240402T035826
[2024-04-02T03:58:26.337+0000] {local_task_job_runner.py:234} INFO - Task exited with return code 0
[2024-04-02T03:58:26.359+0000] {taskinstance.py:3312} INFO - 2 downstream tasks scheduled from follow-on schedule check
