[2024-04-10T20:15:03.256+0000] {taskinstance.py:1979} INFO - Dependencies all met for dep_context=non-requeueable deps ti=<TaskInstance: upload_congress_data.upload_bills_to_gcs manual__2024-04-10T19:57:53.334319+00:00 [queued]>
[2024-04-10T20:15:03.262+0000] {taskinstance.py:1979} INFO - Dependencies all met for dep_context=requeueable deps ti=<TaskInstance: upload_congress_data.upload_bills_to_gcs manual__2024-04-10T19:57:53.334319+00:00 [queued]>
[2024-04-10T20:15:03.262+0000] {taskinstance.py:2193} INFO - Starting attempt 2 of 2
[2024-04-10T20:15:03.271+0000] {taskinstance.py:2217} INFO - Executing <Task(PythonOperator): upload_bills_to_gcs> on 2024-04-10 19:57:53.334319+00:00
[2024-04-10T20:15:03.279+0000] {standard_task_runner.py:60} INFO - Started process 1529 to run task
[2024-04-10T20:15:03.290+0000] {standard_task_runner.py:87} INFO - Running: ['***', 'tasks', 'run', 'upload_congress_data', 'upload_bills_to_gcs', 'manual__2024-04-10T19:57:53.334319+00:00', '--job-id', '38', '--raw', '--subdir', 'DAGS_FOLDER/upload_congress_data.py', '--cfg-path', '/tmp/tmp0i_l7my1']
[2024-04-10T20:15:03.297+0000] {standard_task_runner.py:88} INFO - Job 38: Subtask upload_bills_to_gcs
[2024-04-10T20:15:03.354+0000] {task_command.py:423} INFO - Running <TaskInstance: upload_congress_data.upload_bills_to_gcs manual__2024-04-10T19:57:53.334319+00:00 [running]> on host 3ad97e665188
[2024-04-10T20:15:03.417+0000] {taskinstance.py:2513} INFO - Exporting env vars: AIRFLOW_CTX_DAG_OWNER='***' AIRFLOW_CTX_DAG_ID='upload_congress_data' AIRFLOW_CTX_TASK_ID='upload_bills_to_gcs' AIRFLOW_CTX_EXECUTION_DATE='2024-04-10T19:57:53.334319+00:00' AIRFLOW_CTX_TRY_NUMBER='2' AIRFLOW_CTX_DAG_RUN_ID='manual__2024-04-10T19:57:53.334319+00:00'
[2024-04-10T20:15:04.480+0000] {logging_mixin.py:188} INFO - Uploaded /opt/***/dags/data/bills/hjres/BILLSTATUS-118hjres68.json to gs://congress_data/bills/hjres/BILLSTATUS-118hjres68.json
[2024-04-10T20:15:04.927+0000] {logging_mixin.py:188} INFO - Uploaded /opt/***/dags/data/bills/hjres/BILLSTATUS-118hjres44.json to gs://congress_data/bills/hjres/BILLSTATUS-118hjres44.json
[2024-04-10T20:15:05.360+0000] {logging_mixin.py:188} INFO - Uploaded /opt/***/dags/data/bills/hjres/BILLSTATUS-118hjres45.json to gs://congress_data/bills/hjres/BILLSTATUS-118hjres45.json
[2024-04-10T20:15:05.781+0000] {logging_mixin.py:188} INFO - Uploaded /opt/***/dags/data/bills/hjres/BILLSTATUS-118hjres24.json to gs://congress_data/bills/hjres/BILLSTATUS-118hjres24.json
[2024-04-10T20:15:06.223+0000] {logging_mixin.py:188} INFO - Uploaded /opt/***/dags/data/bills/hjres/BILLSTATUS-118hjres39.json to gs://congress_data/bills/hjres/BILLSTATUS-118hjres39.json
[2024-04-10T20:15:06.704+0000] {logging_mixin.py:188} INFO - Uploaded /opt/***/dags/data/bills/hjres/BILLSTATUS-118hjres42.json to gs://congress_data/bills/hjres/BILLSTATUS-118hjres42.json
[2024-04-10T20:15:07.148+0000] {logging_mixin.py:188} INFO - Uploaded /opt/***/dags/data/bills/hjres/BILLSTATUS-118hjres74.json to gs://congress_data/bills/hjres/BILLSTATUS-118hjres74.json
[2024-04-10T20:15:07.585+0000] {logging_mixin.py:188} INFO - Uploaded /opt/***/dags/data/bills/hjres/BILLSTATUS-118hjres7.json to gs://congress_data/bills/hjres/BILLSTATUS-118hjres7.json
[2024-04-10T20:15:08.018+0000] {logging_mixin.py:188} INFO - Uploaded /opt/***/dags/data/bills/hjres/BILLSTATUS-118hjres79.json to gs://congress_data/bills/hjres/BILLSTATUS-118hjres79.json
[2024-04-10T20:15:08.450+0000] {logging_mixin.py:188} INFO - Uploaded /opt/***/dags/data/bills/hjres/BILLSTATUS-118hjres98.json to gs://congress_data/bills/hjres/BILLSTATUS-118hjres98.json
[2024-04-10T20:15:08.914+0000] {logging_mixin.py:188} INFO - Uploaded /opt/***/dags/data/bills/hjres/BILLSTATUS-118hjres70.json to gs://congress_data/bills/hjres/BILLSTATUS-118hjres70.json
[2024-04-10T20:15:09.339+0000] {logging_mixin.py:188} INFO - Uploaded /opt/***/dags/data/bills/hjres/BILLSTATUS-118hjres27.json to gs://congress_data/bills/hjres/BILLSTATUS-118hjres27.json
[2024-04-10T20:15:09.767+0000] {logging_mixin.py:188} INFO - Uploaded /opt/***/dags/data/bills/hjres/BILLSTATUS-118hjres88.json to gs://congress_data/bills/hjres/BILLSTATUS-118hjres88.json
[2024-04-10T20:15:10.195+0000] {logging_mixin.py:188} INFO - Uploaded /opt/***/dags/data/bills/hjres/BILLSTATUS-118hjres30.json to gs://congress_data/bills/hjres/BILLSTATUS-118hjres30.json
[2024-04-10T20:15:10.634+0000] {logging_mixin.py:188} INFO - Uploaded /opt/***/dags/data/bills/hjres/BILLSTATUS-118hjres26.json to gs://congress_data/bills/hjres/BILLSTATUS-118hjres26.json
[2024-04-10T20:15:11.088+0000] {logging_mixin.py:188} INFO - Uploaded /opt/***/dags/data/bills/hjres/BILLSTATUS-118hjres71.json to gs://congress_data/bills/hjres/BILLSTATUS-118hjres71.json
[2024-04-10T20:15:11.559+0000] {logging_mixin.py:188} INFO - Uploaded /opt/***/dags/data/bills/hconres/BILLSTATUS-118hconres7.json to gs://congress_data/bills/hconres/BILLSTATUS-118hconres7.json
[2024-04-10T20:15:12.003+0000] {logging_mixin.py:188} INFO - Uploaded /opt/***/dags/data/bills/hconres/BILLSTATUS-118hconres30.json to gs://congress_data/bills/hconres/BILLSTATUS-118hconres30.json
[2024-04-10T20:15:12.453+0000] {logging_mixin.py:188} INFO - Uploaded /opt/***/dags/data/bills/hconres/BILLSTATUS-118hconres57.json to gs://congress_data/bills/hconres/BILLSTATUS-118hconres57.json
[2024-04-10T20:15:12.924+0000] {logging_mixin.py:188} INFO - Uploaded /opt/***/dags/data/bills/hconres/BILLSTATUS-118hconres40.json to gs://congress_data/bills/hconres/BILLSTATUS-118hconres40.json
[2024-04-10T20:15:13.366+0000] {logging_mixin.py:188} INFO - Uploaded /opt/***/dags/data/bills/hconres/BILLSTATUS-118hconres21.json to gs://congress_data/bills/hconres/BILLSTATUS-118hconres21.json
[2024-04-10T20:15:13.858+0000] {logging_mixin.py:188} INFO - Uploaded /opt/***/dags/data/bills/hconres/BILLSTATUS-118hconres3.json to gs://congress_data/bills/hconres/BILLSTATUS-118hconres3.json
[2024-04-10T20:15:14.279+0000] {logging_mixin.py:188} INFO - Uploaded /opt/***/dags/data/bills/hconres/BILLSTATUS-118hconres86.json to gs://congress_data/bills/hconres/BILLSTATUS-118hconres86.json
[2024-04-10T20:15:14.711+0000] {logging_mixin.py:188} INFO - Uploaded /opt/***/dags/data/bills/hconres/BILLSTATUS-118hconres9.json to gs://congress_data/bills/hconres/BILLSTATUS-118hconres9.json
[2024-04-10T20:15:15.152+0000] {logging_mixin.py:188} INFO - Uploaded /opt/***/dags/data/bills/hconres/BILLSTATUS-118hconres25.json to gs://congress_data/bills/hconres/BILLSTATUS-118hconres25.json
[2024-04-10T20:15:15.581+0000] {logging_mixin.py:188} INFO - Uploaded /opt/***/dags/data/bills/s/BILLSTATUS-118s870.json to gs://congress_data/bills/s/BILLSTATUS-118s870.json
[2024-04-10T20:15:16.011+0000] {logging_mixin.py:188} INFO - Uploaded /opt/***/dags/data/bills/s/BILLSTATUS-118s3427.json to gs://congress_data/bills/s/BILLSTATUS-118s3427.json
[2024-04-10T20:15:16.441+0000] {logging_mixin.py:188} INFO - Uploaded /opt/***/dags/data/bills/s/BILLSTATUS-118s112.json to gs://congress_data/bills/s/BILLSTATUS-118s112.json
[2024-04-10T20:15:16.867+0000] {logging_mixin.py:188} INFO - Uploaded /opt/***/dags/data/bills/s/BILLSTATUS-118s3250.json to gs://congress_data/bills/s/BILLSTATUS-118s3250.json
[2024-04-10T20:15:17.313+0000] {logging_mixin.py:188} INFO - Uploaded /opt/***/dags/data/bills/s/BILLSTATUS-118s2226.json to gs://congress_data/bills/s/BILLSTATUS-118s2226.json
[2024-04-10T20:15:17.736+0000] {logging_mixin.py:188} INFO - Uploaded /opt/***/dags/data/bills/s/BILLSTATUS-118s2051.json to gs://congress_data/bills/s/BILLSTATUS-118s2051.json
[2024-04-10T20:15:18.175+0000] {logging_mixin.py:188} INFO - Uploaded /opt/***/dags/data/bills/s/BILLSTATUS-118s788.json to gs://congress_data/bills/s/BILLSTATUS-118s788.json
[2024-04-10T20:15:18.636+0000] {logging_mixin.py:188} INFO - Uploaded /opt/***/dags/data/bills/s/BILLSTATUS-118s475.json to gs://congress_data/bills/s/BILLSTATUS-118s475.json
[2024-04-10T20:15:19.061+0000] {logging_mixin.py:188} INFO - Uploaded /opt/***/dags/data/bills/s/BILLSTATUS-118s619.json to gs://congress_data/bills/s/BILLSTATUS-118s619.json
[2024-04-10T20:15:19.523+0000] {logging_mixin.py:188} INFO - Uploaded /opt/***/dags/data/bills/s/BILLSTATUS-118s316.json to gs://congress_data/bills/s/BILLSTATUS-118s316.json
[2024-04-10T20:15:20.009+0000] {logging_mixin.py:188} INFO - Uploaded /opt/***/dags/data/bills/s/BILLSTATUS-118s3853.json to gs://congress_data/bills/s/BILLSTATUS-118s3853.json
[2024-04-10T20:15:20.433+0000] {logging_mixin.py:188} INFO - Uploaded /opt/***/dags/data/bills/s/BILLSTATUS-118s111.json to gs://congress_data/bills/s/BILLSTATUS-118s111.json
[2024-04-10T20:15:20.908+0000] {logging_mixin.py:188} INFO - Uploaded /opt/***/dags/data/bills/s/BILLSTATUS-118s326.json to gs://congress_data/bills/s/BILLSTATUS-118s326.json
[2024-04-10T20:15:21.402+0000] {logging_mixin.py:188} INFO - Uploaded /opt/***/dags/data/bills/sres/BILLSTATUS-118sres13.json to gs://congress_data/bills/sres/BILLSTATUS-118sres13.json
[2024-04-10T20:15:21.838+0000] {logging_mixin.py:188} INFO - Uploaded /opt/***/dags/data/bills/sres/BILLSTATUS-118sres21.json to gs://congress_data/bills/sres/BILLSTATUS-118sres21.json
[2024-04-10T20:15:22.281+0000] {logging_mixin.py:188} INFO - Uploaded /opt/***/dags/data/bills/sres/BILLSTATUS-118sres504.json to gs://congress_data/bills/sres/BILLSTATUS-118sres504.json
[2024-04-10T20:15:22.703+0000] {logging_mixin.py:188} INFO - Uploaded /opt/***/dags/data/bills/sres/BILLSTATUS-118sres417.json to gs://congress_data/bills/sres/BILLSTATUS-118sres417.json
[2024-04-10T20:15:23.178+0000] {logging_mixin.py:188} INFO - Uploaded /opt/***/dags/data/bills/hr/BILLSTATUS-118hr1339.json to gs://congress_data/bills/hr/BILLSTATUS-118hr1339.json
[2024-04-10T20:15:23.593+0000] {logging_mixin.py:188} INFO - Uploaded /opt/***/dags/data/bills/hr/BILLSTATUS-118hr2796.json to gs://congress_data/bills/hr/BILLSTATUS-118hr2796.json
[2024-04-10T20:15:24.065+0000] {logging_mixin.py:188} INFO - Uploaded /opt/***/dags/data/bills/hr/BILLSTATUS-118hr2811.json to gs://congress_data/bills/hr/BILLSTATUS-118hr2811.json
[2024-04-10T20:15:24.516+0000] {logging_mixin.py:188} INFO - Uploaded /opt/***/dags/data/bills/hr/BILLSTATUS-118hr23.json to gs://congress_data/bills/hr/BILLSTATUS-118hr23.json
[2024-04-10T20:15:24.953+0000] {logging_mixin.py:188} INFO - Uploaded /opt/***/dags/data/bills/hr/BILLSTATUS-118hr406.json to gs://congress_data/bills/hr/BILLSTATUS-118hr406.json
[2024-04-10T20:15:25.383+0000] {logging_mixin.py:188} INFO - Uploaded /opt/***/dags/data/bills/hr/BILLSTATUS-118hr4984.json to gs://congress_data/bills/hr/BILLSTATUS-118hr4984.json
[2024-04-10T20:15:25.814+0000] {logging_mixin.py:188} INFO - Uploaded /opt/***/dags/data/bills/hr/BILLSTATUS-118hr538.json to gs://congress_data/bills/hr/BILLSTATUS-118hr538.json
[2024-04-10T20:15:26.244+0000] {logging_mixin.py:188} INFO - Uploaded /opt/***/dags/data/bills/hr/BILLSTATUS-118hr3152.json to gs://congress_data/bills/hr/BILLSTATUS-118hr3152.json
[2024-04-10T20:15:26.681+0000] {logging_mixin.py:188} INFO - Uploaded /opt/***/dags/data/bills/hr/BILLSTATUS-118hr5585.json to gs://congress_data/bills/hr/BILLSTATUS-118hr5585.json
[2024-04-10T20:15:27.110+0000] {logging_mixin.py:188} INFO - Uploaded /opt/***/dags/data/bills/hr/BILLSTATUS-118hr4394.json to gs://congress_data/bills/hr/BILLSTATUS-118hr4394.json
[2024-04-10T20:15:27.546+0000] {logging_mixin.py:188} INFO - Uploaded /opt/***/dags/data/bills/hr/BILLSTATUS-118hr277.json to gs://congress_data/bills/hr/BILLSTATUS-118hr277.json
[2024-04-10T20:15:27.981+0000] {logging_mixin.py:188} INFO - Uploaded /opt/***/dags/data/bills/hr/BILLSTATUS-118hr1159.json to gs://congress_data/bills/hr/BILLSTATUS-118hr1159.json
[2024-04-10T20:15:28.420+0000] {logging_mixin.py:188} INFO - Uploaded /opt/***/dags/data/bills/hr/BILLSTATUS-118hr7520.json to gs://congress_data/bills/hr/BILLSTATUS-118hr7520.json
[2024-04-10T20:15:28.842+0000] {logging_mixin.py:188} INFO - Uploaded /opt/***/dags/data/bills/hr/BILLSTATUS-118hr3099.json to gs://congress_data/bills/hr/BILLSTATUS-118hr3099.json
[2024-04-10T20:15:29.262+0000] {logging_mixin.py:188} INFO - Uploaded /opt/***/dags/data/bills/hr/BILLSTATUS-118hr7023.json to gs://congress_data/bills/hr/BILLSTATUS-118hr7023.json
[2024-04-10T20:15:29.689+0000] {logging_mixin.py:188} INFO - Uploaded /opt/***/dags/data/bills/hr/BILLSTATUS-118hr1548.json to gs://congress_data/bills/hr/BILLSTATUS-118hr1548.json
[2024-04-10T20:15:30.118+0000] {logging_mixin.py:188} INFO - Uploaded /opt/***/dags/data/bills/hr/BILLSTATUS-118hr1163.json to gs://congress_data/bills/hr/BILLSTATUS-118hr1163.json
[2024-04-10T20:15:30.544+0000] {logging_mixin.py:188} INFO - Uploaded /opt/***/dags/data/bills/hr/BILLSTATUS-118hr6976.json to gs://congress_data/bills/hr/BILLSTATUS-118hr6976.json
[2024-04-10T20:15:30.964+0000] {logging_mixin.py:188} INFO - Uploaded /opt/***/dags/data/bills/hr/BILLSTATUS-118hr3774.json to gs://congress_data/bills/hr/BILLSTATUS-118hr3774.json
[2024-04-10T20:15:31.388+0000] {logging_mixin.py:188} INFO - Uploaded /opt/***/dags/data/bills/hr/BILLSTATUS-118hr6126.json to gs://congress_data/bills/hr/BILLSTATUS-118hr6126.json
[2024-04-10T20:15:31.818+0000] {logging_mixin.py:188} INFO - Uploaded /opt/***/dags/data/bills/hr/BILLSTATUS-118hr467.json to gs://congress_data/bills/hr/BILLSTATUS-118hr467.json
[2024-04-10T20:15:32.236+0000] {logging_mixin.py:188} INFO - Uploaded /opt/***/dags/data/bills/hr/BILLSTATUS-118hr3324.json to gs://congress_data/bills/hr/BILLSTATUS-118hr3324.json
[2024-04-10T20:15:32.662+0000] {logging_mixin.py:188} INFO - Uploaded /opt/***/dags/data/bills/hr/BILLSTATUS-118hr5862.json to gs://congress_data/bills/hr/BILLSTATUS-118hr5862.json
[2024-04-10T20:15:33.077+0000] {logging_mixin.py:188} INFO - Uploaded /opt/***/dags/data/bills/hr/BILLSTATUS-118hr1123.json to gs://congress_data/bills/hr/BILLSTATUS-118hr1123.json
[2024-04-10T20:15:33.509+0000] {logging_mixin.py:188} INFO - Uploaded /opt/***/dags/data/bills/hr/BILLSTATUS-118hr1836.json to gs://congress_data/bills/hr/BILLSTATUS-118hr1836.json
[2024-04-10T20:15:33.951+0000] {logging_mixin.py:188} INFO - Uploaded /opt/***/dags/data/bills/hr/BILLSTATUS-118hr3935.json to gs://congress_data/bills/hr/BILLSTATUS-118hr3935.json
[2024-04-10T20:15:34.423+0000] {logging_mixin.py:188} INFO - Uploaded /opt/***/dags/data/bills/hr/BILLSTATUS-118hr2670.json to gs://congress_data/bills/hr/BILLSTATUS-118hr2670.json
[2024-04-10T20:15:34.845+0000] {logging_mixin.py:188} INFO - Uploaded /opt/***/dags/data/bills/hr/BILLSTATUS-118hr2365.json to gs://congress_data/bills/hr/BILLSTATUS-118hr2365.json
[2024-04-10T20:15:35.268+0000] {logging_mixin.py:188} INFO - Uploaded /opt/***/dags/data/bills/hr/BILLSTATUS-118hr1226.json to gs://congress_data/bills/hr/BILLSTATUS-118hr1226.json
[2024-04-10T20:15:35.697+0000] {logging_mixin.py:188} INFO - Uploaded /opt/***/dags/data/bills/hr/BILLSTATUS-118hr4531.json to gs://congress_data/bills/hr/BILLSTATUS-118hr4531.json
[2024-04-10T20:15:36.164+0000] {logging_mixin.py:188} INFO - Uploaded /opt/***/dags/data/bills/hr/BILLSTATUS-118hr734.json to gs://congress_data/bills/hr/BILLSTATUS-118hr734.json
[2024-04-10T20:15:36.633+0000] {logging_mixin.py:188} INFO - Uploaded /opt/***/dags/data/bills/hr/BILLSTATUS-118hr7521.json to gs://congress_data/bills/hr/BILLSTATUS-118hr7521.json
[2024-04-10T20:15:37.085+0000] {logging_mixin.py:188} INFO - Uploaded /opt/***/dags/data/bills/hr/BILLSTATUS-118hr5.json to gs://congress_data/bills/hr/BILLSTATUS-118hr5.json
[2024-04-10T20:15:37.520+0000] {logging_mixin.py:188} INFO - Uploaded /opt/***/dags/data/bills/hr/BILLSTATUS-118hr3391.json to gs://congress_data/bills/hr/BILLSTATUS-118hr3391.json
[2024-04-10T20:15:37.960+0000] {logging_mixin.py:188} INFO - Uploaded /opt/***/dags/data/bills/hr/BILLSTATUS-118hr2754.json to gs://congress_data/bills/hr/BILLSTATUS-118hr2754.json
[2024-04-10T20:15:38.395+0000] {logging_mixin.py:188} INFO - Uploaded /opt/***/dags/data/bills/hr/BILLSTATUS-118hr485.json to gs://congress_data/bills/hr/BILLSTATUS-118hr485.json
[2024-04-10T20:15:38.855+0000] {logging_mixin.py:188} INFO - Uploaded /opt/***/dags/data/bills/hr/BILLSTATUS-118hr1752.json to gs://congress_data/bills/hr/BILLSTATUS-118hr1752.json
[2024-04-10T20:15:39.284+0000] {logging_mixin.py:188} INFO - Uploaded /opt/***/dags/data/bills/hr/BILLSTATUS-118hr1093.json to gs://congress_data/bills/hr/BILLSTATUS-118hr1093.json
[2024-04-10T20:15:39.724+0000] {logging_mixin.py:188} INFO - Uploaded /opt/***/dags/data/bills/hr/BILLSTATUS-118hr1640.json to gs://congress_data/bills/hr/BILLSTATUS-118hr1640.json
[2024-04-10T20:15:40.148+0000] {logging_mixin.py:188} INFO - Uploaded /opt/***/dags/data/bills/hr/BILLSTATUS-118hr3981.json to gs://congress_data/bills/hr/BILLSTATUS-118hr3981.json
[2024-04-10T20:15:40.574+0000] {logging_mixin.py:188} INFO - Uploaded /opt/***/dags/data/bills/hr/BILLSTATUS-118hr542.json to gs://congress_data/bills/hr/BILLSTATUS-118hr542.json
[2024-04-10T20:15:41.050+0000] {logging_mixin.py:188} INFO - Uploaded /opt/***/dags/data/bills/hr/BILLSTATUS-118hr22.json to gs://congress_data/bills/hr/BILLSTATUS-118hr22.json
[2024-04-10T20:15:41.497+0000] {logging_mixin.py:188} INFO - Uploaded /opt/***/dags/data/bills/hr/BILLSTATUS-118hr2797.json to gs://congress_data/bills/hr/BILLSTATUS-118hr2797.json
[2024-04-10T20:15:42.030+0000] {logging_mixin.py:188} INFO - Uploaded /opt/***/dags/data/bills/hr/BILLSTATUS-118hr1154.json to gs://congress_data/bills/hr/BILLSTATUS-118hr1154.json
[2024-04-10T20:15:42.523+0000] {logging_mixin.py:188} INFO - Uploaded /opt/***/dags/data/bills/hr/BILLSTATUS-118hr1338.json to gs://congress_data/bills/hr/BILLSTATUS-118hr1338.json
[2024-04-10T20:15:43.160+0000] {logging_mixin.py:188} INFO - Uploaded /opt/***/dags/data/bills/hr/BILLSTATUS-118hr2.json to gs://congress_data/bills/hr/BILLSTATUS-118hr2.json
[2024-04-10T20:15:43.902+0000] {logging_mixin.py:188} INFO - Uploaded /opt/***/dags/data/bills/hr/BILLSTATUS-118hr7463.json to gs://congress_data/bills/hr/BILLSTATUS-118hr7463.json
[2024-04-10T20:15:44.647+0000] {logging_mixin.py:188} INFO - Uploaded /opt/***/dags/data/bills/hr/BILLSTATUS-118hr676.json to gs://congress_data/bills/hr/BILLSTATUS-118hr676.json
[2024-04-10T20:15:45.131+0000] {logging_mixin.py:188} INFO - Uploaded /opt/***/dags/data/bills/hr/BILLSTATUS-118hr7176.json to gs://congress_data/bills/hr/BILLSTATUS-118hr7176.json
[2024-04-10T20:15:45.849+0000] {logging_mixin.py:188} INFO - Uploaded /opt/***/dags/data/bills/hr/BILLSTATUS-118hr1734.json to gs://congress_data/bills/hr/BILLSTATUS-118hr1734.json
[2024-04-10T20:15:46.422+0000] {logging_mixin.py:188} INFO - Uploaded /opt/***/dags/data/bills/hr/BILLSTATUS-118hr3089.json to gs://congress_data/bills/hr/BILLSTATUS-118hr3089.json
[2024-04-10T20:15:47.047+0000] {logging_mixin.py:188} INFO - Uploaded /opt/***/dags/data/bills/hr/BILLSTATUS-118hr288.json to gs://congress_data/bills/hr/BILLSTATUS-118hr288.json
[2024-04-10T20:15:47.548+0000] {logging_mixin.py:188} INFO - Uploaded /opt/***/dags/data/bills/hr/BILLSTATUS-118hr1149.json to gs://congress_data/bills/hr/BILLSTATUS-118hr1149.json
[2024-04-10T20:15:48.041+0000] {logging_mixin.py:188} INFO - Uploaded /opt/***/dags/data/bills/hr/BILLSTATUS-118hr359.json to gs://congress_data/bills/hr/BILLSTATUS-118hr359.json
[2024-04-10T20:15:48.539+0000] {logging_mixin.py:188} INFO - Uploaded /opt/***/dags/data/bills/hr/BILLSTATUS-118hr4367.json to gs://congress_data/bills/hr/BILLSTATUS-118hr4367.json
[2024-04-10T20:15:49.018+0000] {logging_mixin.py:188} INFO - Uploaded /opt/***/dags/data/bills/hr/BILLSTATUS-118hr4664.json to gs://congress_data/bills/hr/BILLSTATUS-118hr4664.json
[2024-04-10T20:15:49.672+0000] {logging_mixin.py:188} INFO - Uploaded /opt/***/dags/data/bills/hr/BILLSTATUS-118hr6679.json to gs://congress_data/bills/hr/BILLSTATUS-118hr6679.json
[2024-04-10T20:15:50.811+0000] {logging_mixin.py:188} INFO - Uploaded /opt/***/dags/data/bills/hr/BILLSTATUS-118hr5110.json to gs://congress_data/bills/hr/BILLSTATUS-118hr5110.json
[2024-04-10T20:15:51.327+0000] {logging_mixin.py:188} INFO - Uploaded /opt/***/dags/data/bills/hr/BILLSTATUS-118hr400.json to gs://congress_data/bills/hr/BILLSTATUS-118hr400.json
[2024-04-10T20:15:52.486+0000] {logging_mixin.py:188} INFO - Uploaded /opt/***/dags/data/bills/hr/BILLSTATUS-118hr139.json to gs://congress_data/bills/hr/BILLSTATUS-118hr139.json
[2024-04-10T20:15:53.029+0000] {logging_mixin.py:188} INFO - Uploaded /opt/***/dags/data/bills/hr/BILLSTATUS-118hr302.json to gs://congress_data/bills/hr/BILLSTATUS-118hr302.json
[2024-04-10T20:15:53.531+0000] {logging_mixin.py:188} INFO - Uploaded /opt/***/dags/data/bills/hr/BILLSTATUS-118hr1606.json to gs://congress_data/bills/hr/BILLSTATUS-118hr1606.json
[2024-04-10T20:15:54.183+0000] {logging_mixin.py:188} INFO - Uploaded /opt/***/dags/data/bills/hr/BILLSTATUS-118hr6655.json to gs://congress_data/bills/hr/BILLSTATUS-118hr6655.json
[2024-04-10T20:15:54.646+0000] {logging_mixin.py:188} INFO - Uploaded /opt/***/dags/data/bills/hr/BILLSTATUS-118hr1715.json to gs://congress_data/bills/hr/BILLSTATUS-118hr1715.json
[2024-04-10T20:15:55.075+0000] {logging_mixin.py:188} INFO - Uploaded /opt/***/dags/data/bills/hr/BILLSTATUS-118hr2494.json to gs://congress_data/bills/hr/BILLSTATUS-118hr2494.json
[2024-04-10T20:15:55.561+0000] {logging_mixin.py:188} INFO - Uploaded /opt/***/dags/data/bills/hr/BILLSTATUS-118hr2882.json to gs://congress_data/bills/hr/BILLSTATUS-118hr2882.json
[2024-04-10T20:15:56.154+0000] {logging_mixin.py:188} INFO - Uploaded /opt/***/dags/data/bills/hr/BILLSTATUS-118hr1607.json to gs://congress_data/bills/hr/BILLSTATUS-118hr1607.json
[2024-04-10T20:15:56.642+0000] {logging_mixin.py:188} INFO - Uploaded /opt/***/dags/data/bills/hr/BILLSTATUS-118hr753.json to gs://congress_data/bills/hr/BILLSTATUS-118hr753.json
[2024-04-10T20:15:57.074+0000] {logging_mixin.py:188} INFO - Uploaded /opt/***/dags/data/bills/hr/BILLSTATUS-118hr7511.json to gs://congress_data/bills/hr/BILLSTATUS-118hr7511.json
[2024-04-10T20:15:57.648+0000] {logging_mixin.py:188} INFO - Uploaded /opt/***/dags/data/bills/hr/BILLSTATUS-118hr7454.json to gs://congress_data/bills/hr/BILLSTATUS-118hr7454.json
[2024-04-10T20:15:58.255+0000] {logging_mixin.py:188} INFO - Uploaded /opt/***/dags/data/bills/hr/BILLSTATUS-118hr1353.json to gs://congress_data/bills/hr/BILLSTATUS-118hr1353.json
[2024-04-10T20:15:58.724+0000] {logging_mixin.py:188} INFO - Uploaded /opt/***/dags/data/bills/hr/BILLSTATUS-118hr4468.json to gs://congress_data/bills/hr/BILLSTATUS-118hr4468.json
[2024-04-10T20:15:59.212+0000] {logging_mixin.py:188} INFO - Uploaded /opt/***/dags/data/bills/hr/BILLSTATUS-118hr2379.json to gs://congress_data/bills/hr/BILLSTATUS-118hr2379.json
[2024-04-10T20:15:59.661+0000] {logging_mixin.py:188} INFO - Uploaded /opt/***/dags/data/bills/hr/BILLSTATUS-118hr1105.json to gs://congress_data/bills/hr/BILLSTATUS-118hr1105.json
[2024-04-10T20:16:00.102+0000] {logging_mixin.py:188} INFO - Uploaded /opt/***/dags/data/bills/hr/BILLSTATUS-118hr6678.json to gs://congress_data/bills/hr/BILLSTATUS-118hr6678.json
[2024-04-10T20:16:00.665+0000] {logging_mixin.py:188} INFO - Uploaded /opt/***/dags/data/bills/hr/BILLSTATUS-118hr4665.json to gs://congress_data/bills/hr/BILLSTATUS-118hr4665.json
[2024-04-10T20:16:01.188+0000] {logging_mixin.py:188} INFO - Uploaded /opt/***/dags/data/bills/hr/BILLSTATUS-118hr533.json to gs://congress_data/bills/hr/BILLSTATUS-118hr533.json
[2024-04-10T20:16:01.637+0000] {logging_mixin.py:188} INFO - Uploaded /opt/***/dags/data/bills/hr/BILLSTATUS-118hr4366.json to gs://congress_data/bills/hr/BILLSTATUS-118hr4366.json
[2024-04-10T20:16:02.092+0000] {logging_mixin.py:188} INFO - Uploaded /opt/***/dags/data/bills/hr/BILLSTATUS-118hr5961.json to gs://congress_data/bills/hr/BILLSTATUS-118hr5961.json
[2024-04-10T20:16:02.567+0000] {logging_mixin.py:188} INFO - Uploaded /opt/***/dags/data/bills/hr/BILLSTATUS-118hr1076.json to gs://congress_data/bills/hr/BILLSTATUS-118hr1076.json
[2024-04-10T20:16:03.014+0000] {logging_mixin.py:188} INFO - Uploaded /opt/***/dags/data/bills/hr/BILLSTATUS-118hr6009.json to gs://congress_data/bills/hr/BILLSTATUS-118hr6009.json
[2024-04-10T20:16:03.471+0000] {logging_mixin.py:188} INFO - Uploaded /opt/***/dags/data/bills/hr/BILLSTATUS-118hr7024.json to gs://congress_data/bills/hr/BILLSTATUS-118hr7024.json
[2024-04-10T20:16:03.902+0000] {logging_mixin.py:188} INFO - Uploaded /opt/***/dags/data/bills/hr/BILLSTATUS-118hr3821.json to gs://congress_data/bills/hr/BILLSTATUS-118hr3821.json
[2024-04-10T20:16:04.335+0000] {logging_mixin.py:188} INFO - Uploaded /opt/***/dags/data/bills/hr/BILLSTATUS-118hr3564.json to gs://congress_data/bills/hr/BILLSTATUS-118hr3564.json
[2024-04-10T20:16:04.846+0000] {logging_mixin.py:188} INFO - Uploaded /opt/***/dags/data/bills/hr/BILLSTATUS-118hr159.json to gs://congress_data/bills/hr/BILLSTATUS-118hr159.json
[2024-04-10T20:16:05.341+0000] {logging_mixin.py:188} INFO - Uploaded /opt/***/dags/data/bills/hr/BILLSTATUS-118hr4723.json to gs://congress_data/bills/hr/BILLSTATUS-118hr4723.json
[2024-04-10T20:16:05.812+0000] {logging_mixin.py:188} INFO - Uploaded /opt/***/dags/data/bills/hr/BILLSTATUS-118hr4365.json to gs://congress_data/bills/hr/BILLSTATUS-118hr4365.json
[2024-04-10T20:16:06.527+0000] {logging_mixin.py:188} INFO - Uploaded /opt/***/dags/data/bills/hr/BILLSTATUS-118hr3224.json to gs://congress_data/bills/hr/BILLSTATUS-118hr3224.json
[2024-04-10T20:16:07.064+0000] {logging_mixin.py:188} INFO - Uploaded /opt/***/dags/data/bills/hr/BILLSTATUS-118hr662.json to gs://congress_data/bills/hr/BILLSTATUS-118hr662.json
[2024-04-10T20:16:07.537+0000] {logging_mixin.py:188} INFO - Uploaded /opt/***/dags/data/bills/hr/BILLSTATUS-118hr3843.json to gs://congress_data/bills/hr/BILLSTATUS-118hr3843.json
[2024-04-10T20:16:08.179+0000] {logging_mixin.py:188} INFO - Uploaded /opt/***/dags/data/bills/hr/BILLSTATUS-118hr300.json to gs://congress_data/bills/hr/BILLSTATUS-118hr300.json
[2024-04-10T20:16:08.639+0000] {logging_mixin.py:188} INFO - Uploaded /opt/***/dags/data/bills/hr/BILLSTATUS-118hr357.json to gs://congress_data/bills/hr/BILLSTATUS-118hr357.json
[2024-04-10T20:16:09.102+0000] {logging_mixin.py:188} INFO - Uploaded /opt/***/dags/data/bills/hr/BILLSTATUS-118hr1096.json to gs://congress_data/bills/hr/BILLSTATUS-118hr1096.json
[2024-04-10T20:16:09.660+0000] {logging_mixin.py:188} INFO - Uploaded /opt/***/dags/data/bills/hr/BILLSTATUS-118hr4502.json to gs://congress_data/bills/hr/BILLSTATUS-118hr4502.json
[2024-04-10T20:16:10.122+0000] {logging_mixin.py:188} INFO - Uploaded /opt/***/dags/data/bills/hr/BILLSTATUS-118hr1147.json to gs://congress_data/bills/hr/BILLSTATUS-118hr1147.json
[2024-04-10T20:16:10.596+0000] {logging_mixin.py:188} INFO - Uploaded /opt/***/dags/data/bills/hr/BILLSTATUS-118hr5692.json to gs://congress_data/bills/hr/BILLSTATUS-118hr5692.json
[2024-04-10T20:16:11.226+0000] {logging_mixin.py:188} INFO - Uploaded /opt/***/dags/data/bills/hr/BILLSTATUS-118hr6544.json to gs://congress_data/bills/hr/BILLSTATUS-118hr6544.json
[2024-04-10T20:16:11.730+0000] {logging_mixin.py:188} INFO - Uploaded /opt/***/dags/data/bills/hr/BILLSTATUS-118hr3746.json to gs://congress_data/bills/hr/BILLSTATUS-118hr3746.json
[2024-04-10T20:16:12.181+0000] {logging_mixin.py:188} INFO - Uploaded /opt/***/dags/data/bills/hr/BILLSTATUS-118hr140.json to gs://congress_data/bills/hr/BILLSTATUS-118hr140.json
[2024-04-10T20:16:12.694+0000] {logging_mixin.py:188} INFO - Uploaded /opt/***/dags/data/bills/hr/BILLSTATUS-118hr1669.json to gs://congress_data/bills/hr/BILLSTATUS-118hr1669.json
[2024-04-10T20:16:13.147+0000] {logging_mixin.py:188} INFO - Uploaded /opt/***/dags/data/bills/hr/BILLSTATUS-118hr3091.json to gs://congress_data/bills/hr/BILLSTATUS-118hr3091.json
[2024-04-10T20:16:13.579+0000] {logging_mixin.py:188} INFO - Uploaded /opt/***/dags/data/bills/hr/BILLSTATUS-118hr382.json to gs://congress_data/bills/hr/BILLSTATUS-118hr382.json
[2024-04-10T20:16:14.031+0000] {logging_mixin.py:188} INFO - Uploaded /opt/***/dags/data/bills/hr/BILLSTATUS-118hr3838.json to gs://congress_data/bills/hr/BILLSTATUS-118hr3838.json
[2024-04-10T20:16:14.472+0000] {logging_mixin.py:188} INFO - Uploaded /opt/***/dags/data/bills/hr/BILLSTATUS-118hr5283.json to gs://congress_data/bills/hr/BILLSTATUS-118hr5283.json
[2024-04-10T20:16:14.915+0000] {logging_mixin.py:188} INFO - Uploaded /opt/***/dags/data/bills/hr/BILLSTATUS-118hr1151.json to gs://congress_data/bills/hr/BILLSTATUS-118hr1151.json
[2024-04-10T20:16:15.379+0000] {logging_mixin.py:188} INFO - Uploaded /opt/***/dags/data/bills/hr/BILLSTATUS-118hr2792.json to gs://congress_data/bills/hr/BILLSTATUS-118hr2792.json
[2024-04-10T20:16:15.834+0000] {logging_mixin.py:188} INFO - Uploaded /opt/***/dags/data/bills/hr/BILLSTATUS-118hr443.json to gs://congress_data/bills/hr/BILLSTATUS-118hr443.json
[2024-04-10T20:16:16.305+0000] {logging_mixin.py:188} INFO - Uploaded /opt/***/dags/data/bills/hr/BILLSTATUS-118hr2793.json to gs://congress_data/bills/hr/BILLSTATUS-118hr2793.json
[2024-04-10T20:16:16.787+0000] {logging_mixin.py:188} INFO - Uploaded /opt/***/dags/data/bills/hr/BILLSTATUS-118hr1107.json to gs://congress_data/bills/hr/BILLSTATUS-118hr1107.json
[2024-04-10T20:16:17.288+0000] {logging_mixin.py:188} INFO - Uploaded /opt/***/dags/data/bills/hr/BILLSTATUS-118hr26.json to gs://congress_data/bills/hr/BILLSTATUS-118hr26.json
[2024-04-10T20:16:17.712+0000] {logging_mixin.py:188} INFO - Uploaded /opt/***/dags/data/bills/hr/BILLSTATUS-118hr815.json to gs://congress_data/bills/hr/BILLSTATUS-118hr815.json
[2024-04-10T20:16:18.148+0000] {logging_mixin.py:188} INFO - Uploaded /opt/***/dags/data/bills/hr/BILLSTATUS-118hr839.json to gs://congress_data/bills/hr/BILLSTATUS-118hr839.json
[2024-04-10T20:16:18.596+0000] {logging_mixin.py:188} INFO - Uploaded /opt/***/dags/data/bills/hr/BILLSTATUS-118hr497.json to gs://congress_data/bills/hr/BILLSTATUS-118hr497.json
[2024-04-10T20:16:19.068+0000] {logging_mixin.py:188} INFO - Uploaded /opt/***/dags/data/bills/hr/BILLSTATUS-118hr4368.json to gs://congress_data/bills/hr/BILLSTATUS-118hr4368.json
[2024-04-10T20:16:19.506+0000] {logging_mixin.py:188} INFO - Uploaded /opt/***/dags/data/bills/hr/BILLSTATUS-118hr7102.json to gs://congress_data/bills/hr/BILLSTATUS-118hr7102.json
[2024-04-10T20:16:19.939+0000] {logging_mixin.py:188} INFO - Uploaded /opt/***/dags/data/bills/hr/BILLSTATUS-118hr593.json to gs://congress_data/bills/hr/BILLSTATUS-118hr593.json
[2024-04-10T20:16:20.379+0000] {logging_mixin.py:188} INFO - Uploaded /opt/***/dags/data/bills/hr/BILLSTATUS-118hr340.json to gs://congress_data/bills/hr/BILLSTATUS-118hr340.json
[2024-04-10T20:16:20.915+0000] {logging_mixin.py:188} INFO - Uploaded /opt/***/dags/data/bills/hr/BILLSTATUS-118hr788.json to gs://congress_data/bills/hr/BILLSTATUS-118hr788.json
[2024-04-10T20:16:21.365+0000] {logging_mixin.py:188} INFO - Uploaded /opt/***/dags/data/bills/hr/BILLSTATUS-118hr6363.json to gs://congress_data/bills/hr/BILLSTATUS-118hr6363.json
[2024-04-10T20:16:21.876+0000] {logging_mixin.py:188} INFO - Uploaded /opt/***/dags/data/bills/hr/BILLSTATUS-118hr1.json to gs://congress_data/bills/hr/BILLSTATUS-118hr1.json
[2024-04-10T20:16:22.384+0000] {logging_mixin.py:188} INFO - Uploaded /opt/***/dags/data/bills/hr/BILLSTATUS-118hr4470.json to gs://congress_data/bills/hr/BILLSTATUS-118hr4470.json
[2024-04-10T20:16:22.910+0000] {logging_mixin.py:188} INFO - Uploaded /opt/***/dags/data/bills/hr/BILLSTATUS-118hr663.json to gs://congress_data/bills/hr/BILLSTATUS-118hr663.json
[2024-04-10T20:16:23.780+0000] {logging_mixin.py:188} INFO - Uploaded /opt/***/dags/data/bills/hr/BILLSTATUS-118hr2766.json to gs://congress_data/bills/hr/BILLSTATUS-118hr2766.json
[2024-04-10T20:16:24.287+0000] {logging_mixin.py:188} INFO - Uploaded /opt/***/dags/data/bills/hr/BILLSTATUS-118hr589.json to gs://congress_data/bills/hr/BILLSTATUS-118hr589.json
[2024-04-10T20:16:24.802+0000] {logging_mixin.py:188} INFO - Uploaded /opt/***/dags/data/bills/hr/BILLSTATUS-118hr1023.json to gs://congress_data/bills/hr/BILLSTATUS-118hr1023.json
[2024-04-10T20:16:25.281+0000] {logging_mixin.py:188} INFO - Uploaded /opt/***/dags/data/bills/hr/BILLSTATUS-118hr4364.json to gs://congress_data/bills/hr/BILLSTATUS-118hr4364.json
[2024-04-10T20:16:25.780+0000] {logging_mixin.py:188} INFO - Uploaded /opt/***/dags/data/bills/hr/BILLSTATUS-118hr347.json to gs://congress_data/bills/hr/BILLSTATUS-118hr347.json
[2024-04-10T20:16:26.348+0000] {logging_mixin.py:188} INFO - Uploaded /opt/***/dags/data/bills/hr/BILLSTATUS-118hr886.json to gs://congress_data/bills/hr/BILLSTATUS-118hr886.json
[2024-04-10T20:16:26.888+0000] {logging_mixin.py:188} INFO - Uploaded /opt/***/dags/data/bills/hr/BILLSTATUS-118hr185.json to gs://congress_data/bills/hr/BILLSTATUS-118hr185.json
[2024-04-10T20:16:27.381+0000] {logging_mixin.py:188} INFO - Uploaded /opt/***/dags/data/bills/hr/BILLSTATUS-118hr3941.json to gs://congress_data/bills/hr/BILLSTATUS-118hr3941.json
[2024-04-10T20:16:27.840+0000] {logging_mixin.py:188} INFO - Uploaded /opt/***/dags/data/bills/hr/BILLSTATUS-118hr5856.json to gs://congress_data/bills/hr/BILLSTATUS-118hr5856.json
[2024-04-10T20:16:28.319+0000] {logging_mixin.py:188} INFO - Uploaded /opt/***/dags/data/bills/hr/BILLSTATUS-118hr21.json to gs://congress_data/bills/hr/BILLSTATUS-118hr21.json
[2024-04-10T20:16:28.818+0000] {logging_mixin.py:188} INFO - Uploaded /opt/***/dags/data/bills/hr/BILLSTATUS-118hr3202.json to gs://congress_data/bills/hr/BILLSTATUS-118hr3202.json
[2024-04-10T20:16:29.314+0000] {logging_mixin.py:188} INFO - Uploaded /opt/***/dags/data/bills/hr/BILLSTATUS-118hr6503.json to gs://congress_data/bills/hr/BILLSTATUS-118hr6503.json
[2024-04-10T20:16:29.804+0000] {logging_mixin.py:188} INFO - Uploaded /opt/***/dags/data/bills/hr/BILLSTATUS-118hr5378.json to gs://congress_data/bills/hr/BILLSTATUS-118hr5378.json
[2024-04-10T20:16:30.273+0000] {logging_mixin.py:188} INFO - Uploaded /opt/***/dags/data/bills/hr/BILLSTATUS-118hr500.json to gs://congress_data/bills/hr/BILLSTATUS-118hr500.json
[2024-04-10T20:16:30.735+0000] {logging_mixin.py:188} INFO - Uploaded /opt/***/dags/data/bills/hr/BILLSTATUS-118hr1435.json to gs://congress_data/bills/hr/BILLSTATUS-118hr1435.json
[2024-04-10T20:16:31.213+0000] {logging_mixin.py:188} INFO - Uploaded /opt/***/dags/data/bills/hr/BILLSTATUS-118hr5860.json to gs://congress_data/bills/hr/BILLSTATUS-118hr5860.json
[2024-04-10T20:16:31.763+0000] {logging_mixin.py:188} INFO - Uploaded /opt/***/dags/data/bills/hr/BILLSTATUS-118hr3799.json to gs://congress_data/bills/hr/BILLSTATUS-118hr3799.json
[2024-04-10T20:16:32.203+0000] {logging_mixin.py:188} INFO - Uploaded /opt/***/dags/data/bills/hr/BILLSTATUS-118hr2872.json to gs://congress_data/bills/hr/BILLSTATUS-118hr2872.json
[2024-04-10T20:16:32.633+0000] {logging_mixin.py:188} INFO - Uploaded /opt/***/dags/data/bills/hr/BILLSTATUS-118hr3672.json to gs://congress_data/bills/hr/BILLSTATUS-118hr3672.json
[2024-04-10T20:16:33.100+0000] {logging_mixin.py:188} INFO - Uploaded /opt/***/dags/data/bills/hr/BILLSTATUS-118hr5933.json to gs://congress_data/bills/hr/BILLSTATUS-118hr5933.json
[2024-04-10T20:16:33.548+0000] {logging_mixin.py:188} INFO - Uploaded /opt/***/dags/data/bills/hr/BILLSTATUS-118hr5525.json to gs://congress_data/bills/hr/BILLSTATUS-118hr5525.json
[2024-04-10T20:16:34.011+0000] {logging_mixin.py:188} INFO - Uploaded /opt/***/dags/data/bills/hr/BILLSTATUS-118hr4820.json to gs://congress_data/bills/hr/BILLSTATUS-118hr4820.json
[2024-04-10T20:16:34.480+0000] {logging_mixin.py:188} INFO - Uploaded /opt/***/dags/data/bills/hr/BILLSTATUS-118hr6276.json to gs://congress_data/bills/hr/BILLSTATUS-118hr6276.json
[2024-04-10T20:16:34.949+0000] {logging_mixin.py:188} INFO - Uploaded /opt/***/dags/data/bills/hr/BILLSTATUS-118hr5119.json to gs://congress_data/bills/hr/BILLSTATUS-118hr5119.json
[2024-04-10T20:16:36.293+0000] {logging_mixin.py:188} INFO - Uploaded /opt/***/dags/data/bills/hr/BILLSTATUS-118hr2799.json to gs://congress_data/bills/hr/BILLSTATUS-118hr2799.json
[2024-04-10T20:16:37.753+0000] {logging_mixin.py:188} INFO - Uploaded /opt/***/dags/data/bills/hr/BILLSTATUS-118hr5375.json to gs://congress_data/bills/hr/BILLSTATUS-118hr5375.json
[2024-04-10T20:16:38.182+0000] {logging_mixin.py:188} INFO - Uploaded /opt/***/dags/data/bills/hr/BILLSTATUS-118hr6918.json to gs://congress_data/bills/hr/BILLSTATUS-118hr6918.json
[2024-04-10T20:16:38.639+0000] {logging_mixin.py:188} INFO - Uploaded /opt/***/dags/data/bills/hr/BILLSTATUS-118hr1727.json to gs://congress_data/bills/hr/BILLSTATUS-118hr1727.json
[2024-04-10T20:16:39.076+0000] {logging_mixin.py:188} INFO - Uploaded /opt/***/dags/data/bills/hr/BILLSTATUS-118hr4821.json to gs://congress_data/bills/hr/BILLSTATUS-118hr4821.json
[2024-04-10T20:16:39.492+0000] {logging_mixin.py:188} INFO - Uploaded /opt/***/dags/data/bills/hr/BILLSTATUS-118hr1567.json to gs://congress_data/bills/hr/BILLSTATUS-118hr1567.json
[2024-04-10T20:16:39.936+0000] {logging_mixin.py:188} INFO - Uploaded /opt/***/dags/data/bills/hr/BILLSTATUS-118hr5524.json to gs://congress_data/bills/hr/BILLSTATUS-118hr5524.json
[2024-04-10T20:16:40.380+0000] {logging_mixin.py:188} INFO - Uploaded /opt/***/dags/data/bills/hr/BILLSTATUS-118hr1530.json to gs://congress_data/bills/hr/BILLSTATUS-118hr1530.json
[2024-04-10T20:16:40.815+0000] {logging_mixin.py:188} INFO - Uploaded /opt/***/dags/data/bills/hr/BILLSTATUS-118hr3848.json to gs://congress_data/bills/hr/BILLSTATUS-118hr3848.json
[2024-04-10T20:16:41.231+0000] {logging_mixin.py:188} INFO - Uploaded /opt/***/dags/data/bills/hr/BILLSTATUS-118hr1121.json to gs://congress_data/bills/hr/BILLSTATUS-118hr1121.json
[2024-04-10T20:16:41.656+0000] {logging_mixin.py:188} INFO - Uploaded /opt/***/dags/data/bills/hr/BILLSTATUS-118hr1156.json to gs://congress_data/bills/hr/BILLSTATUS-118hr1156.json
[2024-04-10T20:16:42.087+0000] {logging_mixin.py:188} INFO - Uploaded /opt/***/dags/data/bills/hr/BILLSTATUS-118hr2795.json to gs://congress_data/bills/hr/BILLSTATUS-118hr2795.json
[2024-04-10T20:16:42.496+0000] {logging_mixin.py:188} INFO - Uploaded /opt/***/dags/data/bills/hr/BILLSTATUS-118hr2812.json to gs://congress_data/bills/hr/BILLSTATUS-118hr2812.json
[2024-04-10T20:16:42.930+0000] {logging_mixin.py:188} INFO - Uploaded /opt/***/dags/data/bills/hr/BILLSTATUS-118hr6914.json to gs://congress_data/bills/hr/BILLSTATUS-118hr6914.json
[2024-04-10T20:16:43.366+0000] {logging_mixin.py:188} INFO - Uploaded /opt/***/dags/data/bills/hr/BILLSTATUS-118hr813.json to gs://congress_data/bills/hr/BILLSTATUS-118hr813.json
[2024-04-10T20:16:43.818+0000] {logging_mixin.py:188} INFO - Uploaded /opt/***/dags/data/bills/hr/BILLSTATUS-118hr1547.json to gs://congress_data/bills/hr/BILLSTATUS-118hr1547.json
[2024-04-10T20:16:44.231+0000] {logging_mixin.py:188} INFO - Uploaded /opt/***/dags/data/bills/hr/BILLSTATUS-118hr7217.json to gs://congress_data/bills/hr/BILLSTATUS-118hr7217.json
[2024-04-10T20:16:44.658+0000] {logging_mixin.py:188} INFO - Uploaded /opt/***/dags/data/bills/hr/BILLSTATUS-118hr5894.json to gs://congress_data/bills/hr/BILLSTATUS-118hr5894.json
[2024-04-10T20:16:45.111+0000] {logging_mixin.py:188} INFO - Uploaded /opt/***/dags/data/bills/hr/BILLSTATUS-118hr5528.json to gs://congress_data/bills/hr/BILLSTATUS-118hr5528.json
[2024-04-10T20:16:45.537+0000] {logging_mixin.py:188} INFO - Uploaded /opt/***/dags/data/bills/hr/BILLSTATUS-118hr1615.json to gs://congress_data/bills/hr/BILLSTATUS-118hr1615.json
[2024-04-10T20:16:45.966+0000] {logging_mixin.py:188} INFO - Uploaded /opt/***/dags/data/bills/hr/BILLSTATUS-118hr346.json to gs://congress_data/bills/hr/BILLSTATUS-118hr346.json
[2024-04-10T20:16:46.395+0000] {logging_mixin.py:188} INFO - Uploaded /opt/***/dags/data/bills/sjres/BILLSTATUS-118sjres24.json to gs://congress_data/bills/sjres/BILLSTATUS-118sjres24.json
[2024-04-10T20:16:46.819+0000] {logging_mixin.py:188} INFO - Uploaded /opt/***/dags/data/bills/sjres/BILLSTATUS-118sjres32.json to gs://congress_data/bills/sjres/BILLSTATUS-118sjres32.json
[2024-04-10T20:16:47.235+0000] {logging_mixin.py:188} INFO - Uploaded /opt/***/dags/data/bills/sjres/BILLSTATUS-118sjres44.json to gs://congress_data/bills/sjres/BILLSTATUS-118sjres44.json
[2024-04-10T20:16:47.675+0000] {logging_mixin.py:188} INFO - Uploaded /opt/***/dags/data/bills/sjres/BILLSTATUS-118sjres38.json to gs://congress_data/bills/sjres/BILLSTATUS-118sjres38.json
[2024-04-10T20:16:48.145+0000] {logging_mixin.py:188} INFO - Uploaded /opt/***/dags/data/bills/sjres/BILLSTATUS-118sjres43.json to gs://congress_data/bills/sjres/BILLSTATUS-118sjres43.json
[2024-04-10T20:16:48.564+0000] {logging_mixin.py:188} INFO - Uploaded /opt/***/dags/data/bills/sjres/BILLSTATUS-118sjres4.json to gs://congress_data/bills/sjres/BILLSTATUS-118sjres4.json
[2024-04-10T20:16:48.989+0000] {logging_mixin.py:188} INFO - Uploaded /opt/***/dags/data/bills/sjres/BILLSTATUS-118sjres18.json to gs://congress_data/bills/sjres/BILLSTATUS-118sjres18.json
[2024-04-10T20:16:49.412+0000] {logging_mixin.py:188} INFO - Uploaded /opt/***/dags/data/bills/sjres/BILLSTATUS-118sjres9.json to gs://congress_data/bills/sjres/BILLSTATUS-118sjres9.json
[2024-04-10T20:16:49.824+0000] {logging_mixin.py:188} INFO - Uploaded /opt/***/dags/data/bills/sjres/BILLSTATUS-118sjres62.json to gs://congress_data/bills/sjres/BILLSTATUS-118sjres62.json
[2024-04-10T20:16:50.524+0000] {logging_mixin.py:188} INFO - Uploaded /opt/***/dags/data/bills/sjres/BILLSTATUS-118sjres23.json to gs://congress_data/bills/sjres/BILLSTATUS-118sjres23.json
[2024-04-10T20:16:51.570+0000] {logging_mixin.py:188} INFO - Uploaded /opt/***/dags/data/bills/sjres/BILLSTATUS-118sjres42.json to gs://congress_data/bills/sjres/BILLSTATUS-118sjres42.json
[2024-04-10T20:16:52.332+0000] {logging_mixin.py:188} INFO - Uploaded /opt/***/dags/data/bills/sjres/BILLSTATUS-118sjres60.json to gs://congress_data/bills/sjres/BILLSTATUS-118sjres60.json
[2024-04-10T20:16:53.000+0000] {logging_mixin.py:188} INFO - Uploaded /opt/***/dags/data/bills/sjres/BILLSTATUS-118sjres51.json to gs://congress_data/bills/sjres/BILLSTATUS-118sjres51.json
[2024-04-10T20:16:53.791+0000] {logging_mixin.py:188} INFO - Uploaded /opt/***/dags/data/bills/sjres/BILLSTATUS-118sjres10.json to gs://congress_data/bills/sjres/BILLSTATUS-118sjres10.json
[2024-04-10T20:16:54.247+0000] {logging_mixin.py:188} INFO - Uploaded /opt/***/dags/data/bills/sjres/BILLSTATUS-118sjres11.json to gs://congress_data/bills/sjres/BILLSTATUS-118sjres11.json
[2024-04-10T20:16:54.254+0000] {python.py:202} INFO - Done. Returned value was: None
[2024-04-10T20:16:54.346+0000] {taskinstance.py:1149} INFO - Marking task as SUCCESS. dag_id=upload_congress_data, task_id=upload_bills_to_gcs, execution_date=20240410T195753, start_date=20240410T201503, end_date=20240410T201654
[2024-04-10T20:16:54.464+0000] {local_task_job_runner.py:234} INFO - Task exited with return code 0
[2024-04-10T20:16:54.828+0000] {taskinstance.py:3312} INFO - 1 downstream tasks scheduled from follow-on schedule check
