[2024-04-10T20:00:47.033+0000] {taskinstance.py:1979} INFO - Dependencies all met for dep_context=non-requeueable deps ti=<TaskInstance: upload_congress_data.upload_bills_to_gcs manual__2024-04-10T19:57:53.334319+00:00 [queued]>
[2024-04-10T20:00:47.047+0000] {taskinstance.py:1979} INFO - Dependencies all met for dep_context=requeueable deps ti=<TaskInstance: upload_congress_data.upload_bills_to_gcs manual__2024-04-10T19:57:53.334319+00:00 [queued]>
[2024-04-10T20:00:47.048+0000] {taskinstance.py:2193} INFO - Starting attempt 1 of 1
[2024-04-10T20:00:47.058+0000] {taskinstance.py:2217} INFO - Executing <Task(PythonOperator): upload_bills_to_gcs> on 2024-04-10 19:57:53.334319+00:00
[2024-04-10T20:00:47.083+0000] {standard_task_runner.py:60} INFO - Started process 1228 to run task
[2024-04-10T20:00:47.089+0000] {standard_task_runner.py:87} INFO - Running: ['***', 'tasks', 'run', 'upload_congress_data', 'upload_bills_to_gcs', 'manual__2024-04-10T19:57:53.334319+00:00', '--job-id', '30', '--raw', '--subdir', 'DAGS_FOLDER/upload_congress_data.py', '--cfg-path', '/tmp/tmpb20pyymo']
[2024-04-10T20:00:47.097+0000] {standard_task_runner.py:88} INFO - Job 30: Subtask upload_bills_to_gcs
[2024-04-10T20:00:47.165+0000] {task_command.py:423} INFO - Running <TaskInstance: upload_congress_data.upload_bills_to_gcs manual__2024-04-10T19:57:53.334319+00:00 [running]> on host 3ad97e665188
[2024-04-10T20:00:47.243+0000] {taskinstance.py:2513} INFO - Exporting env vars: AIRFLOW_CTX_DAG_OWNER='***' AIRFLOW_CTX_DAG_ID='upload_congress_data' AIRFLOW_CTX_TASK_ID='upload_bills_to_gcs' AIRFLOW_CTX_EXECUTION_DATE='2024-04-10T19:57:53.334319+00:00' AIRFLOW_CTX_TRY_NUMBER='1' AIRFLOW_CTX_DAG_RUN_ID='manual__2024-04-10T19:57:53.334319+00:00'
[2024-04-10T20:00:48.270+0000] {logging_mixin.py:188} INFO - Uploaded /opt/***/dags/data/hjres/BILLSTATUS-118hjres68.json to gs://congress_data/bills/hjres/BILLSTATUS-118hjres68.json
[2024-04-10T20:00:48.717+0000] {logging_mixin.py:188} INFO - Uploaded /opt/***/dags/data/hjres/BILLSTATUS-118hjres44.json to gs://congress_data/bills/hjres/BILLSTATUS-118hjres44.json
[2024-04-10T20:00:49.157+0000] {logging_mixin.py:188} INFO - Uploaded /opt/***/dags/data/hjres/BILLSTATUS-118hjres45.json to gs://congress_data/bills/hjres/BILLSTATUS-118hjres45.json
[2024-04-10T20:00:49.580+0000] {logging_mixin.py:188} INFO - Uploaded /opt/***/dags/data/hjres/BILLSTATUS-118hjres24.json to gs://congress_data/bills/hjres/BILLSTATUS-118hjres24.json
[2024-04-10T20:00:50.031+0000] {logging_mixin.py:188} INFO - Uploaded /opt/***/dags/data/hjres/BILLSTATUS-118hjres39.json to gs://congress_data/bills/hjres/BILLSTATUS-118hjres39.json
[2024-04-10T20:00:50.464+0000] {logging_mixin.py:188} INFO - Uploaded /opt/***/dags/data/hjres/BILLSTATUS-118hjres42.json to gs://congress_data/bills/hjres/BILLSTATUS-118hjres42.json
[2024-04-10T20:00:50.931+0000] {logging_mixin.py:188} INFO - Uploaded /opt/***/dags/data/hjres/BILLSTATUS-118hjres74.json to gs://congress_data/bills/hjres/BILLSTATUS-118hjres74.json
[2024-04-10T20:00:51.414+0000] {logging_mixin.py:188} INFO - Uploaded /opt/***/dags/data/hjres/BILLSTATUS-118hjres7.json to gs://congress_data/bills/hjres/BILLSTATUS-118hjres7.json
[2024-04-10T20:00:51.844+0000] {logging_mixin.py:188} INFO - Uploaded /opt/***/dags/data/hjres/BILLSTATUS-118hjres79.json to gs://congress_data/bills/hjres/BILLSTATUS-118hjres79.json
[2024-04-10T20:00:52.279+0000] {logging_mixin.py:188} INFO - Uploaded /opt/***/dags/data/hjres/BILLSTATUS-118hjres98.json to gs://congress_data/bills/hjres/BILLSTATUS-118hjres98.json
[2024-04-10T20:00:52.706+0000] {logging_mixin.py:188} INFO - Uploaded /opt/***/dags/data/hjres/BILLSTATUS-118hjres70.json to gs://congress_data/bills/hjres/BILLSTATUS-118hjres70.json
[2024-04-10T20:00:53.139+0000] {logging_mixin.py:188} INFO - Uploaded /opt/***/dags/data/hjres/BILLSTATUS-118hjres27.json to gs://congress_data/bills/hjres/BILLSTATUS-118hjres27.json
[2024-04-10T20:00:53.580+0000] {logging_mixin.py:188} INFO - Uploaded /opt/***/dags/data/hjres/BILLSTATUS-118hjres88.json to gs://congress_data/bills/hjres/BILLSTATUS-118hjres88.json
[2024-04-10T20:00:54.005+0000] {logging_mixin.py:188} INFO - Uploaded /opt/***/dags/data/hjres/BILLSTATUS-118hjres30.json to gs://congress_data/bills/hjres/BILLSTATUS-118hjres30.json
[2024-04-10T20:00:54.418+0000] {logging_mixin.py:188} INFO - Uploaded /opt/***/dags/data/hjres/BILLSTATUS-118hjres26.json to gs://congress_data/bills/hjres/BILLSTATUS-118hjres26.json
[2024-04-10T20:00:54.866+0000] {logging_mixin.py:188} INFO - Uploaded /opt/***/dags/data/hjres/BILLSTATUS-118hjres71.json to gs://congress_data/bills/hjres/BILLSTATUS-118hjres71.json
[2024-04-10T20:00:55.286+0000] {logging_mixin.py:188} INFO - Uploaded /opt/***/dags/data/hconres/BILLSTATUS-118hconres7.json to gs://congress_data/bills/hconres/BILLSTATUS-118hconres7.json
[2024-04-10T20:00:55.716+0000] {logging_mixin.py:188} INFO - Uploaded /opt/***/dags/data/hconres/BILLSTATUS-118hconres30.json to gs://congress_data/bills/hconres/BILLSTATUS-118hconres30.json
[2024-04-10T20:00:56.140+0000] {logging_mixin.py:188} INFO - Uploaded /opt/***/dags/data/hconres/BILLSTATUS-118hconres57.json to gs://congress_data/bills/hconres/BILLSTATUS-118hconres57.json
[2024-04-10T20:00:56.556+0000] {logging_mixin.py:188} INFO - Uploaded /opt/***/dags/data/hconres/BILLSTATUS-118hconres40.json to gs://congress_data/bills/hconres/BILLSTATUS-118hconres40.json
[2024-04-10T20:00:56.976+0000] {logging_mixin.py:188} INFO - Uploaded /opt/***/dags/data/hconres/BILLSTATUS-118hconres21.json to gs://congress_data/bills/hconres/BILLSTATUS-118hconres21.json
[2024-04-10T20:00:57.404+0000] {logging_mixin.py:188} INFO - Uploaded /opt/***/dags/data/hconres/BILLSTATUS-118hconres3.json to gs://congress_data/bills/hconres/BILLSTATUS-118hconres3.json
[2024-04-10T20:00:57.902+0000] {logging_mixin.py:188} INFO - Uploaded /opt/***/dags/data/hconres/BILLSTATUS-118hconres86.json to gs://congress_data/bills/hconres/BILLSTATUS-118hconres86.json
[2024-04-10T20:00:58.338+0000] {logging_mixin.py:188} INFO - Uploaded /opt/***/dags/data/hconres/BILLSTATUS-118hconres9.json to gs://congress_data/bills/hconres/BILLSTATUS-118hconres9.json
[2024-04-10T20:00:58.762+0000] {logging_mixin.py:188} INFO - Uploaded /opt/***/dags/data/hconres/BILLSTATUS-118hconres25.json to gs://congress_data/bills/hconres/BILLSTATUS-118hconres25.json
[2024-04-10T20:00:59.225+0000] {logging_mixin.py:188} INFO - Uploaded /opt/***/dags/data/s/BILLSTATUS-118s870.json to gs://congress_data/bills/s/BILLSTATUS-118s870.json
[2024-04-10T20:00:59.726+0000] {logging_mixin.py:188} INFO - Uploaded /opt/***/dags/data/s/BILLSTATUS-118s3427.json to gs://congress_data/bills/s/BILLSTATUS-118s3427.json
[2024-04-10T20:01:00.195+0000] {logging_mixin.py:188} INFO - Uploaded /opt/***/dags/data/s/BILLSTATUS-118s112.json to gs://congress_data/bills/s/BILLSTATUS-118s112.json
[2024-04-10T20:01:00.812+0000] {logging_mixin.py:188} INFO - Uploaded /opt/***/dags/data/s/BILLSTATUS-118s3250.json to gs://congress_data/bills/s/BILLSTATUS-118s3250.json
[2024-04-10T20:01:01.406+0000] {logging_mixin.py:188} INFO - Uploaded /opt/***/dags/data/s/BILLSTATUS-118s2226.json to gs://congress_data/bills/s/BILLSTATUS-118s2226.json
[2024-04-10T20:01:01.927+0000] {logging_mixin.py:188} INFO - Uploaded /opt/***/dags/data/s/BILLSTATUS-118s2051.json to gs://congress_data/bills/s/BILLSTATUS-118s2051.json
[2024-04-10T20:01:02.381+0000] {logging_mixin.py:188} INFO - Uploaded /opt/***/dags/data/s/BILLSTATUS-118s788.json to gs://congress_data/bills/s/BILLSTATUS-118s788.json
[2024-04-10T20:01:02.820+0000] {logging_mixin.py:188} INFO - Uploaded /opt/***/dags/data/s/BILLSTATUS-118s475.json to gs://congress_data/bills/s/BILLSTATUS-118s475.json
[2024-04-10T20:01:03.246+0000] {logging_mixin.py:188} INFO - Uploaded /opt/***/dags/data/s/BILLSTATUS-118s619.json to gs://congress_data/bills/s/BILLSTATUS-118s619.json
[2024-04-10T20:01:03.683+0000] {logging_mixin.py:188} INFO - Uploaded /opt/***/dags/data/s/BILLSTATUS-118s316.json to gs://congress_data/bills/s/BILLSTATUS-118s316.json
[2024-04-10T20:01:04.110+0000] {logging_mixin.py:188} INFO - Uploaded /opt/***/dags/data/s/BILLSTATUS-118s3853.json to gs://congress_data/bills/s/BILLSTATUS-118s3853.json
[2024-04-10T20:01:04.534+0000] {logging_mixin.py:188} INFO - Uploaded /opt/***/dags/data/s/BILLSTATUS-118s111.json to gs://congress_data/bills/s/BILLSTATUS-118s111.json
[2024-04-10T20:01:04.967+0000] {logging_mixin.py:188} INFO - Uploaded /opt/***/dags/data/s/BILLSTATUS-118s326.json to gs://congress_data/bills/s/BILLSTATUS-118s326.json
[2024-04-10T20:01:05.385+0000] {logging_mixin.py:188} INFO - Uploaded /opt/***/dags/data/votes/HJRES/HJRES_39_voteNumber109.json to gs://congress_data/bills/votes/HJRES/HJRES_39_voteNumber109.json
[2024-04-10T20:01:05.850+0000] {logging_mixin.py:188} INFO - Uploaded /opt/***/dags/data/votes/HJRES/HJRES_45_voteNumber234.json to gs://congress_data/bills/votes/HJRES/HJRES_45_voteNumber234.json
[2024-04-10T20:01:06.276+0000] {logging_mixin.py:188} INFO - Uploaded /opt/***/dags/data/votes/HJRES/HJRES_30_voteNumber35.json to gs://congress_data/bills/votes/HJRES/HJRES_30_voteNumber35.json
[2024-04-10T20:01:06.723+0000] {logging_mixin.py:188} INFO - Uploaded /opt/***/dags/data/votes/HJRES/HJRES_27_voteNumber187.json to gs://congress_data/bills/votes/HJRES/HJRES_27_voteNumber187.json
[2024-04-10T20:01:07.245+0000] {logging_mixin.py:188} INFO - Uploaded /opt/***/dags/data/votes/HJRES/HJRES_74_voteNumber335.json to gs://congress_data/bills/votes/HJRES/HJRES_74_voteNumber335.json
[2024-04-10T20:01:07.677+0000] {logging_mixin.py:188} INFO - Uploaded /opt/***/dags/data/votes/HJRES/HJRES_24_voteNumber118.json to gs://congress_data/bills/votes/HJRES/HJRES_24_voteNumber118.json
[2024-04-10T20:01:08.092+0000] {logging_mixin.py:188} INFO - Uploaded /opt/***/dags/data/votes/HJRES/HJRES_27_voteNumber142.json to gs://congress_data/bills/votes/HJRES/HJRES_27_voteNumber142.json
[2024-04-10T20:01:08.511+0000] {logging_mixin.py:188} INFO - Uploaded /opt/***/dags/data/votes/HJRES/HJRES_45_voteNumber135.json to gs://congress_data/bills/votes/HJRES/HJRES_45_voteNumber135.json
[2024-04-10T20:01:08.942+0000] {logging_mixin.py:188} INFO - Uploaded /opt/***/dags/data/votes/HJRES/HJRES_79_voteNumber337.json to gs://congress_data/bills/votes/HJRES/HJRES_79_voteNumber337.json
[2024-04-10T20:01:09.384+0000] {logging_mixin.py:188} INFO - Uploaded /opt/***/dags/data/votes/HJRES/HJRES_26_voteNumber119.json to gs://congress_data/bills/votes/HJRES/HJRES_26_voteNumber119.json
[2024-04-10T20:01:09.833+0000] {logging_mixin.py:188} INFO - Uploaded /opt/***/dags/data/votes/HJRES/HJRES_44_voteNumber252.json to gs://congress_data/bills/votes/HJRES/HJRES_44_voteNumber252.json
[2024-04-10T20:01:10.251+0000] {logging_mixin.py:188} INFO - Uploaded /opt/***/dags/data/votes/HJRES/HJRES_30_voteNumber124.json to gs://congress_data/bills/votes/HJRES/HJRES_30_voteNumber124.json
[2024-04-10T20:01:10.725+0000] {logging_mixin.py:188} INFO - Uploaded /opt/***/dags/data/votes/HJRES/HJRES_30_voteNumber149.json to gs://congress_data/bills/votes/HJRES/HJRES_30_voteNumber149.json
[2024-04-10T20:01:11.173+0000] {logging_mixin.py:188} INFO - Uploaded /opt/***/dags/data/votes/HJRES/HJRES_7_voteNumber104.json to gs://congress_data/bills/votes/HJRES/HJRES_7_voteNumber104.json
[2024-04-10T20:01:11.610+0000] {logging_mixin.py:188} INFO - Uploaded /opt/***/dags/data/votes/HJRES/HJRES_39_voteNumber233.json to gs://congress_data/bills/votes/HJRES/HJRES_39_voteNumber233.json
[2024-04-10T20:01:12.070+0000] {logging_mixin.py:188} INFO - Uploaded /opt/***/dags/data/votes/HJRES/HJRES_45_voteNumber134.json to gs://congress_data/bills/votes/HJRES/HJRES_45_voteNumber134.json
[2024-04-10T20:01:12.562+0000] {logging_mixin.py:188} INFO - Uploaded /opt/***/dags/data/votes/HJRES/HJRES_27_voteNumber79.json to gs://congress_data/bills/votes/HJRES/HJRES_27_voteNumber79.json
[2024-04-10T20:01:12.996+0000] {logging_mixin.py:188} INFO - Uploaded /opt/***/dags/data/votes/HJRES/HJRES_42_voteNumber188.json to gs://congress_data/bills/votes/HJRES/HJRES_42_voteNumber188.json
[2024-04-10T20:01:13.415+0000] {logging_mixin.py:188} INFO - Uploaded /opt/***/dags/data/votes/HJRES/HJRES_42_voteNumber126.json to gs://congress_data/bills/votes/HJRES/HJRES_42_voteNumber126.json
[2024-04-10T20:01:13.861+0000] {logging_mixin.py:188} INFO - Uploaded /opt/***/dags/data/votes/HJRES/HJRES_42_voteNumber253.json to gs://congress_data/bills/votes/HJRES/HJRES_42_voteNumber253.json
[2024-04-10T20:01:14.294+0000] {logging_mixin.py:188} INFO - Uploaded /opt/***/dags/data/votes/HJRES/HJRES_44_voteNumber171.json to gs://congress_data/bills/votes/HJRES/HJRES_44_voteNumber171.json
[2024-04-10T20:01:14.736+0000] {logging_mixin.py:188} INFO - Uploaded /opt/***/dags/data/votes/HJRES/HJRES_26_voteNumber49.json to gs://congress_data/bills/votes/HJRES/HJRES_26_voteNumber49.json
[2024-04-10T20:01:15.172+0000] {logging_mixin.py:188} INFO - Uploaded /opt/***/dags/data/votes/HJRES/HJRES_39_voteNumber202.json to gs://congress_data/bills/votes/HJRES/HJRES_39_voteNumber202.json
[2024-04-10T20:01:15.621+0000] {logging_mixin.py:188} INFO - Uploaded /opt/***/dags/data/votes/HJRES/HJRES_70_voteNumber334.json to gs://congress_data/bills/votes/HJRES/HJRES_70_voteNumber334.json
[2024-04-10T20:01:16.069+0000] {logging_mixin.py:188} INFO - Uploaded /opt/***/dags/data/votes/HJRES/HJRES_45_voteNumber277.json to gs://congress_data/bills/votes/HJRES/HJRES_45_voteNumber277.json
[2024-04-10T20:01:16.501+0000] {logging_mixin.py:188} INFO - Uploaded /opt/***/dags/data/votes/HJRES/HJRES_88_voteNumber705.json to gs://congress_data/bills/votes/HJRES/HJRES_88_voteNumber705.json
[2024-04-10T20:01:16.943+0000] {logging_mixin.py:188} INFO - Uploaded /opt/***/dags/data/votes/HJRES/HJRES_68_voteNumber333.json to gs://congress_data/bills/votes/HJRES/HJRES_68_voteNumber333.json
[2024-04-10T20:01:17.385+0000] {logging_mixin.py:188} INFO - Uploaded /opt/***/dags/data/votes/HJRES/HJRES_7_voteNumber80.json to gs://congress_data/bills/votes/HJRES/HJRES_7_voteNumber80.json
[2024-04-10T20:01:17.819+0000] {logging_mixin.py:188} INFO - Uploaded /opt/***/dags/data/votes/HJRES/HJRES_71_voteNumber336.json to gs://congress_data/bills/votes/HJRES/HJRES_71_voteNumber336.json
[2024-04-10T20:01:18.249+0000] {logging_mixin.py:188} INFO - Uploaded /opt/***/dags/data/votes/HCONRES/HCONRES_57_voteNumber338.json to gs://congress_data/bills/votes/HCONRES/HCONRES_57_voteNumber338.json
[2024-04-10T20:01:18.729+0000] {logging_mixin.py:188} INFO - Uploaded /opt/***/dags/data/votes/HCONRES/HCONRES_21_voteNumber136.json to gs://congress_data/bills/votes/HCONRES/HCONRES_21_voteNumber136.json
[2024-04-10T20:01:19.179+0000] {logging_mixin.py:188} INFO - Uploaded /opt/***/dags/data/votes/HCONRES/HCONRES_40_voteNumber227.json to gs://congress_data/bills/votes/HCONRES/HCONRES_40_voteNumber227.json
[2024-04-10T20:01:19.618+0000] {logging_mixin.py:188} INFO - Uploaded /opt/***/dags/data/votes/HCONRES/HCONRES_30_voteNumber201.json to gs://congress_data/bills/votes/HCONRES/HCONRES_30_voteNumber201.json
[2024-04-10T20:01:20.075+0000] {logging_mixin.py:188} INFO - Uploaded /opt/***/dags/data/votes/HCONRES/HCONRES_9_voteNumber106.json to gs://congress_data/bills/votes/HCONRES/HCONRES_9_voteNumber106.json
[2024-04-10T20:01:20.523+0000] {logging_mixin.py:188} INFO - Uploaded /opt/***/dags/data/votes/HCONRES/HCONRES_25_voteNumber162.json to gs://congress_data/bills/votes/HCONRES/HCONRES_25_voteNumber162.json
[2024-04-10T20:01:20.957+0000] {logging_mixin.py:188} INFO - Uploaded /opt/***/dags/data/votes/S/S_316_voteNumber70.json to gs://congress_data/bills/votes/S/S_316_voteNumber70.json
[2024-04-10T20:01:21.408+0000] {logging_mixin.py:188} INFO - Uploaded /opt/***/dags/data/votes/S/S_2051_voteNumber106.json to gs://congress_data/bills/votes/S/S_2051_voteNumber106.json
[2024-04-10T20:01:21.838+0000] {logging_mixin.py:188} INFO - Uploaded /opt/***/dags/data/votes/S/S_870_voteNumber94.json to gs://congress_data/bills/votes/S/S_870_voteNumber94.json
[2024-04-10T20:01:22.267+0000] {logging_mixin.py:188} INFO - Uploaded /opt/***/dags/data/votes/S/S_475_voteNumber393.json to gs://congress_data/bills/votes/S/S_475_voteNumber393.json
[2024-04-10T20:01:22.714+0000] {logging_mixin.py:188} INFO - Uploaded /opt/***/dags/data/votes/S/S_788_voteNumber712.json to gs://congress_data/bills/votes/S/S_788_voteNumber712.json
[2024-04-10T20:01:23.152+0000] {logging_mixin.py:188} INFO - Uploaded /opt/***/dags/data/votes/S/S_111_voteNumber329.json to gs://congress_data/bills/votes/S/S_111_voteNumber329.json
[2024-04-10T20:01:23.609+0000] {logging_mixin.py:188} INFO - Uploaded /opt/***/dags/data/votes/S/S_316_voteNumber61.json to gs://congress_data/bills/votes/S/S_316_voteNumber61.json
[2024-04-10T20:01:24.035+0000] {logging_mixin.py:188} INFO - Uploaded /opt/***/dags/data/votes/S/S_316_voteNumber77.json to gs://congress_data/bills/votes/S/S_316_voteNumber77.json
[2024-04-10T20:01:24.463+0000] {logging_mixin.py:188} INFO - Uploaded /opt/***/dags/data/votes/S/S_3853_voteNumber75.json to gs://congress_data/bills/votes/S/S_3853_voteNumber75.json
[2024-04-10T20:01:24.909+0000] {logging_mixin.py:188} INFO - Uploaded /opt/***/dags/data/votes/S/S_2226_voteNumber212.json to gs://congress_data/bills/votes/S/S_2226_voteNumber212.json
[2024-04-10T20:01:25.347+0000] {logging_mixin.py:188} INFO - Uploaded /opt/***/dags/data/votes/S/S_326_voteNumber97.json to gs://congress_data/bills/votes/S/S_326_voteNumber97.json
[2024-04-10T20:01:25.790+0000] {logging_mixin.py:188} INFO - Uploaded /opt/***/dags/data/votes/S/S_316_voteNumber63.json to gs://congress_data/bills/votes/S/S_316_voteNumber63.json
[2024-04-10T20:01:26.229+0000] {logging_mixin.py:188} INFO - Uploaded /opt/***/dags/data/votes/S/S_619_voteNumber143.json to gs://congress_data/bills/votes/S/S_619_voteNumber143.json
[2024-04-10T20:01:26.693+0000] {logging_mixin.py:188} INFO - Uploaded /opt/***/dags/data/votes/S/S_870_voteNumber78.json to gs://congress_data/bills/votes/S/S_870_voteNumber78.json
[2024-04-10T20:01:27.126+0000] {logging_mixin.py:188} INFO - Uploaded /opt/***/dags/data/votes/S/S_112_voteNumber399.json to gs://congress_data/bills/votes/S/S_112_voteNumber399.json
[2024-04-10T20:01:27.608+0000] {logging_mixin.py:188} INFO - Uploaded /opt/***/dags/data/sres/BILLSTATUS-118sres13.json to gs://congress_data/bills/sres/BILLSTATUS-118sres13.json
[2024-04-10T20:01:28.086+0000] {logging_mixin.py:188} INFO - Uploaded /opt/***/dags/data/sres/BILLSTATUS-118sres21.json to gs://congress_data/bills/sres/BILLSTATUS-118sres21.json
[2024-04-10T20:01:28.516+0000] {logging_mixin.py:188} INFO - Uploaded /opt/***/dags/data/sres/BILLSTATUS-118sres504.json to gs://congress_data/bills/sres/BILLSTATUS-118sres504.json
[2024-04-10T20:01:28.970+0000] {logging_mixin.py:188} INFO - Uploaded /opt/***/dags/data/sres/BILLSTATUS-118sres417.json to gs://congress_data/bills/sres/BILLSTATUS-118sres417.json
[2024-04-10T20:01:29.406+0000] {logging_mixin.py:188} INFO - Uploaded /opt/***/dags/data/hr/BILLSTATUS-118hr1339.json to gs://congress_data/bills/hr/BILLSTATUS-118hr1339.json
[2024-04-10T20:01:29.821+0000] {logging_mixin.py:188} INFO - Uploaded /opt/***/dags/data/hr/BILLSTATUS-118hr2796.json to gs://congress_data/bills/hr/BILLSTATUS-118hr2796.json
[2024-04-10T20:01:30.244+0000] {logging_mixin.py:188} INFO - Uploaded /opt/***/dags/data/hr/BILLSTATUS-118hr2811.json to gs://congress_data/bills/hr/BILLSTATUS-118hr2811.json
[2024-04-10T20:01:30.725+0000] {logging_mixin.py:188} INFO - Uploaded /opt/***/dags/data/hr/BILLSTATUS-118hr23.json to gs://congress_data/bills/hr/BILLSTATUS-118hr23.json
[2024-04-10T20:01:31.173+0000] {logging_mixin.py:188} INFO - Uploaded /opt/***/dags/data/hr/BILLSTATUS-118hr406.json to gs://congress_data/bills/hr/BILLSTATUS-118hr406.json
[2024-04-10T20:01:31.611+0000] {logging_mixin.py:188} INFO - Uploaded /opt/***/dags/data/hr/BILLSTATUS-118hr4984.json to gs://congress_data/bills/hr/BILLSTATUS-118hr4984.json
[2024-04-10T20:01:32.041+0000] {logging_mixin.py:188} INFO - Uploaded /opt/***/dags/data/hr/BILLSTATUS-118hr538.json to gs://congress_data/bills/hr/BILLSTATUS-118hr538.json
[2024-04-10T20:01:32.477+0000] {logging_mixin.py:188} INFO - Uploaded /opt/***/dags/data/hr/BILLSTATUS-118hr3152.json to gs://congress_data/bills/hr/BILLSTATUS-118hr3152.json
[2024-04-10T20:01:32.953+0000] {logging_mixin.py:188} INFO - Uploaded /opt/***/dags/data/hr/BILLSTATUS-118hr5585.json to gs://congress_data/bills/hr/BILLSTATUS-118hr5585.json
[2024-04-10T20:01:33.372+0000] {logging_mixin.py:188} INFO - Uploaded /opt/***/dags/data/hr/BILLSTATUS-118hr4394.json to gs://congress_data/bills/hr/BILLSTATUS-118hr4394.json
[2024-04-10T20:01:33.829+0000] {logging_mixin.py:188} INFO - Uploaded /opt/***/dags/data/hr/BILLSTATUS-118hr277.json to gs://congress_data/bills/hr/BILLSTATUS-118hr277.json
[2024-04-10T20:01:34.270+0000] {logging_mixin.py:188} INFO - Uploaded /opt/***/dags/data/hr/BILLSTATUS-118hr1159.json to gs://congress_data/bills/hr/BILLSTATUS-118hr1159.json
[2024-04-10T20:01:34.695+0000] {logging_mixin.py:188} INFO - Uploaded /opt/***/dags/data/hr/BILLSTATUS-118hr7520.json to gs://congress_data/bills/hr/BILLSTATUS-118hr7520.json
[2024-04-10T20:01:35.151+0000] {logging_mixin.py:188} INFO - Uploaded /opt/***/dags/data/hr/BILLSTATUS-118hr3099.json to gs://congress_data/bills/hr/BILLSTATUS-118hr3099.json
[2024-04-10T20:01:35.581+0000] {logging_mixin.py:188} INFO - Uploaded /opt/***/dags/data/hr/BILLSTATUS-118hr7023.json to gs://congress_data/bills/hr/BILLSTATUS-118hr7023.json
[2024-04-10T20:01:36.023+0000] {logging_mixin.py:188} INFO - Uploaded /opt/***/dags/data/hr/BILLSTATUS-118hr1548.json to gs://congress_data/bills/hr/BILLSTATUS-118hr1548.json
[2024-04-10T20:01:36.449+0000] {logging_mixin.py:188} INFO - Uploaded /opt/***/dags/data/hr/BILLSTATUS-118hr1163.json to gs://congress_data/bills/hr/BILLSTATUS-118hr1163.json
[2024-04-10T20:01:36.877+0000] {logging_mixin.py:188} INFO - Uploaded /opt/***/dags/data/hr/BILLSTATUS-118hr6976.json to gs://congress_data/bills/hr/BILLSTATUS-118hr6976.json
[2024-04-10T20:01:37.301+0000] {logging_mixin.py:188} INFO - Uploaded /opt/***/dags/data/hr/BILLSTATUS-118hr3774.json to gs://congress_data/bills/hr/BILLSTATUS-118hr3774.json
[2024-04-10T20:01:37.716+0000] {logging_mixin.py:188} INFO - Uploaded /opt/***/dags/data/hr/BILLSTATUS-118hr6126.json to gs://congress_data/bills/hr/BILLSTATUS-118hr6126.json
[2024-04-10T20:01:38.206+0000] {logging_mixin.py:188} INFO - Uploaded /opt/***/dags/data/hr/BILLSTATUS-118hr467.json to gs://congress_data/bills/hr/BILLSTATUS-118hr467.json
[2024-04-10T20:01:38.623+0000] {logging_mixin.py:188} INFO - Uploaded /opt/***/dags/data/hr/BILLSTATUS-118hr3324.json to gs://congress_data/bills/hr/BILLSTATUS-118hr3324.json
[2024-04-10T20:01:39.065+0000] {logging_mixin.py:188} INFO - Uploaded /opt/***/dags/data/hr/BILLSTATUS-118hr5862.json to gs://congress_data/bills/hr/BILLSTATUS-118hr5862.json
[2024-04-10T20:01:39.540+0000] {logging_mixin.py:188} INFO - Uploaded /opt/***/dags/data/hr/BILLSTATUS-118hr1123.json to gs://congress_data/bills/hr/BILLSTATUS-118hr1123.json
[2024-04-10T20:01:39.999+0000] {logging_mixin.py:188} INFO - Uploaded /opt/***/dags/data/hr/BILLSTATUS-118hr1836.json to gs://congress_data/bills/hr/BILLSTATUS-118hr1836.json
[2024-04-10T20:01:40.446+0000] {logging_mixin.py:188} INFO - Uploaded /opt/***/dags/data/hr/BILLSTATUS-118hr3935.json to gs://congress_data/bills/hr/BILLSTATUS-118hr3935.json
[2024-04-10T20:01:40.918+0000] {logging_mixin.py:188} INFO - Uploaded /opt/***/dags/data/hr/BILLSTATUS-118hr2670.json to gs://congress_data/bills/hr/BILLSTATUS-118hr2670.json
[2024-04-10T20:01:41.366+0000] {logging_mixin.py:188} INFO - Uploaded /opt/***/dags/data/hr/BILLSTATUS-118hr2365.json to gs://congress_data/bills/hr/BILLSTATUS-118hr2365.json
[2024-04-10T20:01:41.835+0000] {logging_mixin.py:188} INFO - Uploaded /opt/***/dags/data/hr/BILLSTATUS-118hr1226.json to gs://congress_data/bills/hr/BILLSTATUS-118hr1226.json
[2024-04-10T20:01:42.287+0000] {logging_mixin.py:188} INFO - Uploaded /opt/***/dags/data/hr/BILLSTATUS-118hr4531.json to gs://congress_data/bills/hr/BILLSTATUS-118hr4531.json
[2024-04-10T20:01:42.720+0000] {logging_mixin.py:188} INFO - Uploaded /opt/***/dags/data/hr/BILLSTATUS-118hr734.json to gs://congress_data/bills/hr/BILLSTATUS-118hr734.json
[2024-04-10T20:01:43.221+0000] {logging_mixin.py:188} INFO - Uploaded /opt/***/dags/data/hr/BILLSTATUS-118hr7521.json to gs://congress_data/bills/hr/BILLSTATUS-118hr7521.json
[2024-04-10T20:01:43.660+0000] {logging_mixin.py:188} INFO - Uploaded /opt/***/dags/data/hr/BILLSTATUS-118hr5.json to gs://congress_data/bills/hr/BILLSTATUS-118hr5.json
[2024-04-10T20:01:44.110+0000] {logging_mixin.py:188} INFO - Uploaded /opt/***/dags/data/hr/BILLSTATUS-118hr3391.json to gs://congress_data/bills/hr/BILLSTATUS-118hr3391.json
[2024-04-10T20:01:44.564+0000] {logging_mixin.py:188} INFO - Uploaded /opt/***/dags/data/hr/BILLSTATUS-118hr2754.json to gs://congress_data/bills/hr/BILLSTATUS-118hr2754.json
[2024-04-10T20:01:44.998+0000] {logging_mixin.py:188} INFO - Uploaded /opt/***/dags/data/hr/BILLSTATUS-118hr485.json to gs://congress_data/bills/hr/BILLSTATUS-118hr485.json
[2024-04-10T20:01:45.430+0000] {logging_mixin.py:188} INFO - Uploaded /opt/***/dags/data/hr/BILLSTATUS-118hr1752.json to gs://congress_data/bills/hr/BILLSTATUS-118hr1752.json
[2024-04-10T20:01:45.855+0000] {logging_mixin.py:188} INFO - Uploaded /opt/***/dags/data/hr/BILLSTATUS-118hr1093.json to gs://congress_data/bills/hr/BILLSTATUS-118hr1093.json
[2024-04-10T20:01:46.283+0000] {logging_mixin.py:188} INFO - Uploaded /opt/***/dags/data/hr/BILLSTATUS-118hr1640.json to gs://congress_data/bills/hr/BILLSTATUS-118hr1640.json
[2024-04-10T20:01:46.708+0000] {logging_mixin.py:188} INFO - Uploaded /opt/***/dags/data/hr/BILLSTATUS-118hr3981.json to gs://congress_data/bills/hr/BILLSTATUS-118hr3981.json
[2024-04-10T20:01:47.150+0000] {logging_mixin.py:188} INFO - Uploaded /opt/***/dags/data/hr/BILLSTATUS-118hr542.json to gs://congress_data/bills/hr/BILLSTATUS-118hr542.json
[2024-04-10T20:01:47.584+0000] {logging_mixin.py:188} INFO - Uploaded /opt/***/dags/data/hr/BILLSTATUS-118hr22.json to gs://congress_data/bills/hr/BILLSTATUS-118hr22.json
[2024-04-10T20:01:48.040+0000] {logging_mixin.py:188} INFO - Uploaded /opt/***/dags/data/hr/BILLSTATUS-118hr2797.json to gs://congress_data/bills/hr/BILLSTATUS-118hr2797.json
[2024-04-10T20:01:48.462+0000] {logging_mixin.py:188} INFO - Uploaded /opt/***/dags/data/hr/BILLSTATUS-118hr1154.json to gs://congress_data/bills/hr/BILLSTATUS-118hr1154.json
[2024-04-10T20:01:48.886+0000] {logging_mixin.py:188} INFO - Uploaded /opt/***/dags/data/hr/BILLSTATUS-118hr1338.json to gs://congress_data/bills/hr/BILLSTATUS-118hr1338.json
[2024-04-10T20:01:49.318+0000] {logging_mixin.py:188} INFO - Uploaded /opt/***/dags/data/hr/BILLSTATUS-118hr2.json to gs://congress_data/bills/hr/BILLSTATUS-118hr2.json
[2024-04-10T20:01:49.745+0000] {logging_mixin.py:188} INFO - Uploaded /opt/***/dags/data/hr/BILLSTATUS-118hr7463.json to gs://congress_data/bills/hr/BILLSTATUS-118hr7463.json
[2024-04-10T20:01:50.180+0000] {logging_mixin.py:188} INFO - Uploaded /opt/***/dags/data/hr/BILLSTATUS-118hr676.json to gs://congress_data/bills/hr/BILLSTATUS-118hr676.json
[2024-04-10T20:01:50.615+0000] {logging_mixin.py:188} INFO - Uploaded /opt/***/dags/data/hr/BILLSTATUS-118hr7176.json to gs://congress_data/bills/hr/BILLSTATUS-118hr7176.json
[2024-04-10T20:01:51.044+0000] {logging_mixin.py:188} INFO - Uploaded /opt/***/dags/data/hr/BILLSTATUS-118hr1734.json to gs://congress_data/bills/hr/BILLSTATUS-118hr1734.json
[2024-04-10T20:01:51.486+0000] {logging_mixin.py:188} INFO - Uploaded /opt/***/dags/data/hr/BILLSTATUS-118hr3089.json to gs://congress_data/bills/hr/BILLSTATUS-118hr3089.json
[2024-04-10T20:01:51.917+0000] {logging_mixin.py:188} INFO - Uploaded /opt/***/dags/data/hr/BILLSTATUS-118hr288.json to gs://congress_data/bills/hr/BILLSTATUS-118hr288.json
[2024-04-10T20:01:52.342+0000] {logging_mixin.py:188} INFO - Uploaded /opt/***/dags/data/hr/BILLSTATUS-118hr1149.json to gs://congress_data/bills/hr/BILLSTATUS-118hr1149.json
[2024-04-10T20:01:52.814+0000] {logging_mixin.py:188} INFO - Uploaded /opt/***/dags/data/hr/BILLSTATUS-118hr359.json to gs://congress_data/bills/hr/BILLSTATUS-118hr359.json
[2024-04-10T20:01:53.267+0000] {logging_mixin.py:188} INFO - Uploaded /opt/***/dags/data/hr/BILLSTATUS-118hr4367.json to gs://congress_data/bills/hr/BILLSTATUS-118hr4367.json
[2024-04-10T20:01:53.714+0000] {logging_mixin.py:188} INFO - Uploaded /opt/***/dags/data/hr/BILLSTATUS-118hr4664.json to gs://congress_data/bills/hr/BILLSTATUS-118hr4664.json
[2024-04-10T20:01:54.139+0000] {logging_mixin.py:188} INFO - Uploaded /opt/***/dags/data/hr/BILLSTATUS-118hr6679.json to gs://congress_data/bills/hr/BILLSTATUS-118hr6679.json
[2024-04-10T20:01:54.565+0000] {logging_mixin.py:188} INFO - Uploaded /opt/***/dags/data/hr/BILLSTATUS-118hr5110.json to gs://congress_data/bills/hr/BILLSTATUS-118hr5110.json
[2024-04-10T20:01:55.044+0000] {logging_mixin.py:188} INFO - Uploaded /opt/***/dags/data/hr/BILLSTATUS-118hr400.json to gs://congress_data/bills/hr/BILLSTATUS-118hr400.json
[2024-04-10T20:01:55.472+0000] {logging_mixin.py:188} INFO - Uploaded /opt/***/dags/data/hr/BILLSTATUS-118hr139.json to gs://congress_data/bills/hr/BILLSTATUS-118hr139.json
[2024-04-10T20:01:55.918+0000] {logging_mixin.py:188} INFO - Uploaded /opt/***/dags/data/hr/BILLSTATUS-118hr302.json to gs://congress_data/bills/hr/BILLSTATUS-118hr302.json
[2024-04-10T20:01:56.367+0000] {logging_mixin.py:188} INFO - Uploaded /opt/***/dags/data/hr/BILLSTATUS-118hr1606.json to gs://congress_data/bills/hr/BILLSTATUS-118hr1606.json
[2024-04-10T20:01:56.810+0000] {logging_mixin.py:188} INFO - Uploaded /opt/***/dags/data/hr/BILLSTATUS-118hr6655.json to gs://congress_data/bills/hr/BILLSTATUS-118hr6655.json
[2024-04-10T20:01:57.241+0000] {logging_mixin.py:188} INFO - Uploaded /opt/***/dags/data/hr/BILLSTATUS-118hr1715.json to gs://congress_data/bills/hr/BILLSTATUS-118hr1715.json
[2024-04-10T20:01:57.674+0000] {logging_mixin.py:188} INFO - Uploaded /opt/***/dags/data/hr/BILLSTATUS-118hr2494.json to gs://congress_data/bills/hr/BILLSTATUS-118hr2494.json
[2024-04-10T20:01:58.118+0000] {logging_mixin.py:188} INFO - Uploaded /opt/***/dags/data/hr/BILLSTATUS-118hr2882.json to gs://congress_data/bills/hr/BILLSTATUS-118hr2882.json
[2024-04-10T20:01:58.551+0000] {logging_mixin.py:188} INFO - Uploaded /opt/***/dags/data/hr/BILLSTATUS-118hr1607.json to gs://congress_data/bills/hr/BILLSTATUS-118hr1607.json
[2024-04-10T20:01:58.997+0000] {logging_mixin.py:188} INFO - Uploaded /opt/***/dags/data/hr/BILLSTATUS-118hr753.json to gs://congress_data/bills/hr/BILLSTATUS-118hr753.json
[2024-04-10T20:01:59.467+0000] {logging_mixin.py:188} INFO - Uploaded /opt/***/dags/data/hr/BILLSTATUS-118hr7511.json to gs://congress_data/bills/hr/BILLSTATUS-118hr7511.json
[2024-04-10T20:01:59.915+0000] {logging_mixin.py:188} INFO - Uploaded /opt/***/dags/data/hr/BILLSTATUS-118hr7454.json to gs://congress_data/bills/hr/BILLSTATUS-118hr7454.json
[2024-04-10T20:02:00.384+0000] {logging_mixin.py:188} INFO - Uploaded /opt/***/dags/data/hr/BILLSTATUS-118hr1353.json to gs://congress_data/bills/hr/BILLSTATUS-118hr1353.json
[2024-04-10T20:02:00.839+0000] {logging_mixin.py:188} INFO - Uploaded /opt/***/dags/data/hr/BILLSTATUS-118hr4468.json to gs://congress_data/bills/hr/BILLSTATUS-118hr4468.json
[2024-04-10T20:02:01.291+0000] {logging_mixin.py:188} INFO - Uploaded /opt/***/dags/data/hr/BILLSTATUS-118hr2379.json to gs://congress_data/bills/hr/BILLSTATUS-118hr2379.json
[2024-04-10T20:02:01.728+0000] {logging_mixin.py:188} INFO - Uploaded /opt/***/dags/data/hr/BILLSTATUS-118hr1105.json to gs://congress_data/bills/hr/BILLSTATUS-118hr1105.json
[2024-04-10T20:02:02.179+0000] {logging_mixin.py:188} INFO - Uploaded /opt/***/dags/data/hr/BILLSTATUS-118hr6678.json to gs://congress_data/bills/hr/BILLSTATUS-118hr6678.json
[2024-04-10T20:02:02.619+0000] {logging_mixin.py:188} INFO - Uploaded /opt/***/dags/data/hr/BILLSTATUS-118hr4665.json to gs://congress_data/bills/hr/BILLSTATUS-118hr4665.json
[2024-04-10T20:02:03.049+0000] {logging_mixin.py:188} INFO - Uploaded /opt/***/dags/data/hr/BILLSTATUS-118hr533.json to gs://congress_data/bills/hr/BILLSTATUS-118hr533.json
[2024-04-10T20:02:03.507+0000] {logging_mixin.py:188} INFO - Uploaded /opt/***/dags/data/hr/BILLSTATUS-118hr4366.json to gs://congress_data/bills/hr/BILLSTATUS-118hr4366.json
[2024-04-10T20:02:03.968+0000] {logging_mixin.py:188} INFO - Uploaded /opt/***/dags/data/hr/BILLSTATUS-118hr5961.json to gs://congress_data/bills/hr/BILLSTATUS-118hr5961.json
[2024-04-10T20:02:04.433+0000] {logging_mixin.py:188} INFO - Uploaded /opt/***/dags/data/hr/BILLSTATUS-118hr1076.json to gs://congress_data/bills/hr/BILLSTATUS-118hr1076.json
[2024-04-10T20:02:04.867+0000] {logging_mixin.py:188} INFO - Uploaded /opt/***/dags/data/hr/BILLSTATUS-118hr6009.json to gs://congress_data/bills/hr/BILLSTATUS-118hr6009.json
[2024-04-10T20:02:05.279+0000] {logging_mixin.py:188} INFO - Uploaded /opt/***/dags/data/hr/BILLSTATUS-118hr7024.json to gs://congress_data/bills/hr/BILLSTATUS-118hr7024.json
[2024-04-10T20:02:05.703+0000] {logging_mixin.py:188} INFO - Uploaded /opt/***/dags/data/hr/BILLSTATUS-118hr3821.json to gs://congress_data/bills/hr/BILLSTATUS-118hr3821.json
[2024-04-10T20:02:06.114+0000] {logging_mixin.py:188} INFO - Uploaded /opt/***/dags/data/hr/BILLSTATUS-118hr3564.json to gs://congress_data/bills/hr/BILLSTATUS-118hr3564.json
[2024-04-10T20:02:06.558+0000] {logging_mixin.py:188} INFO - Uploaded /opt/***/dags/data/hr/BILLSTATUS-118hr159.json to gs://congress_data/bills/hr/BILLSTATUS-118hr159.json
[2024-04-10T20:02:06.992+0000] {logging_mixin.py:188} INFO - Uploaded /opt/***/dags/data/hr/BILLSTATUS-118hr4723.json to gs://congress_data/bills/hr/BILLSTATUS-118hr4723.json
[2024-04-10T20:02:07.427+0000] {logging_mixin.py:188} INFO - Uploaded /opt/***/dags/data/hr/BILLSTATUS-118hr4365.json to gs://congress_data/bills/hr/BILLSTATUS-118hr4365.json
[2024-04-10T20:02:07.881+0000] {logging_mixin.py:188} INFO - Uploaded /opt/***/dags/data/hr/BILLSTATUS-118hr3224.json to gs://congress_data/bills/hr/BILLSTATUS-118hr3224.json
[2024-04-10T20:02:08.312+0000] {logging_mixin.py:188} INFO - Uploaded /opt/***/dags/data/hr/BILLSTATUS-118hr662.json to gs://congress_data/bills/hr/BILLSTATUS-118hr662.json
[2024-04-10T20:02:08.774+0000] {logging_mixin.py:188} INFO - Uploaded /opt/***/dags/data/hr/BILLSTATUS-118hr3843.json to gs://congress_data/bills/hr/BILLSTATUS-118hr3843.json
[2024-04-10T20:02:09.254+0000] {logging_mixin.py:188} INFO - Uploaded /opt/***/dags/data/hr/BILLSTATUS-118hr300.json to gs://congress_data/bills/hr/BILLSTATUS-118hr300.json
[2024-04-10T20:02:09.694+0000] {logging_mixin.py:188} INFO - Uploaded /opt/***/dags/data/hr/BILLSTATUS-118hr357.json to gs://congress_data/bills/hr/BILLSTATUS-118hr357.json
[2024-04-10T20:02:10.154+0000] {logging_mixin.py:188} INFO - Uploaded /opt/***/dags/data/hr/BILLSTATUS-118hr1096.json to gs://congress_data/bills/hr/BILLSTATUS-118hr1096.json
[2024-04-10T20:02:10.597+0000] {logging_mixin.py:188} INFO - Uploaded /opt/***/dags/data/hr/BILLSTATUS-118hr4502.json to gs://congress_data/bills/hr/BILLSTATUS-118hr4502.json
[2024-04-10T20:02:11.050+0000] {logging_mixin.py:188} INFO - Uploaded /opt/***/dags/data/hr/BILLSTATUS-118hr1147.json to gs://congress_data/bills/hr/BILLSTATUS-118hr1147.json
[2024-04-10T20:02:11.495+0000] {logging_mixin.py:188} INFO - Uploaded /opt/***/dags/data/hr/BILLSTATUS-118hr5692.json to gs://congress_data/bills/hr/BILLSTATUS-118hr5692.json
[2024-04-10T20:02:11.932+0000] {logging_mixin.py:188} INFO - Uploaded /opt/***/dags/data/hr/BILLSTATUS-118hr6544.json to gs://congress_data/bills/hr/BILLSTATUS-118hr6544.json
[2024-04-10T20:02:12.378+0000] {logging_mixin.py:188} INFO - Uploaded /opt/***/dags/data/hr/BILLSTATUS-118hr3746.json to gs://congress_data/bills/hr/BILLSTATUS-118hr3746.json
[2024-04-10T20:02:12.798+0000] {logging_mixin.py:188} INFO - Uploaded /opt/***/dags/data/hr/BILLSTATUS-118hr140.json to gs://congress_data/bills/hr/BILLSTATUS-118hr140.json
[2024-04-10T20:02:13.247+0000] {logging_mixin.py:188} INFO - Uploaded /opt/***/dags/data/hr/BILLSTATUS-118hr1669.json to gs://congress_data/bills/hr/BILLSTATUS-118hr1669.json
[2024-04-10T20:02:13.699+0000] {logging_mixin.py:188} INFO - Uploaded /opt/***/dags/data/hr/BILLSTATUS-118hr3091.json to gs://congress_data/bills/hr/BILLSTATUS-118hr3091.json
[2024-04-10T20:02:14.212+0000] {logging_mixin.py:188} INFO - Uploaded /opt/***/dags/data/hr/BILLSTATUS-118hr382.json to gs://congress_data/bills/hr/BILLSTATUS-118hr382.json
[2024-04-10T20:02:14.642+0000] {logging_mixin.py:188} INFO - Uploaded /opt/***/dags/data/hr/BILLSTATUS-118hr3838.json to gs://congress_data/bills/hr/BILLSTATUS-118hr3838.json
[2024-04-10T20:02:15.121+0000] {logging_mixin.py:188} INFO - Uploaded /opt/***/dags/data/hr/BILLSTATUS-118hr5283.json to gs://congress_data/bills/hr/BILLSTATUS-118hr5283.json
[2024-04-10T20:02:15.545+0000] {logging_mixin.py:188} INFO - Uploaded /opt/***/dags/data/hr/BILLSTATUS-118hr1151.json to gs://congress_data/bills/hr/BILLSTATUS-118hr1151.json
[2024-04-10T20:02:15.975+0000] {logging_mixin.py:188} INFO - Uploaded /opt/***/dags/data/hr/BILLSTATUS-118hr2792.json to gs://congress_data/bills/hr/BILLSTATUS-118hr2792.json
[2024-04-10T20:02:16.414+0000] {logging_mixin.py:188} INFO - Uploaded /opt/***/dags/data/hr/BILLSTATUS-118hr443.json to gs://congress_data/bills/hr/BILLSTATUS-118hr443.json
[2024-04-10T20:02:16.835+0000] {logging_mixin.py:188} INFO - Uploaded /opt/***/dags/data/hr/BILLSTATUS-118hr2793.json to gs://congress_data/bills/hr/BILLSTATUS-118hr2793.json
[2024-04-10T20:02:17.265+0000] {logging_mixin.py:188} INFO - Uploaded /opt/***/dags/data/hr/BILLSTATUS-118hr1107.json to gs://congress_data/bills/hr/BILLSTATUS-118hr1107.json
[2024-04-10T20:02:17.701+0000] {logging_mixin.py:188} INFO - Uploaded /opt/***/dags/data/hr/BILLSTATUS-118hr26.json to gs://congress_data/bills/hr/BILLSTATUS-118hr26.json
[2024-04-10T20:02:18.125+0000] {logging_mixin.py:188} INFO - Uploaded /opt/***/dags/data/hr/BILLSTATUS-118hr815.json to gs://congress_data/bills/hr/BILLSTATUS-118hr815.json
[2024-04-10T20:02:18.602+0000] {logging_mixin.py:188} INFO - Uploaded /opt/***/dags/data/hr/BILLSTATUS-118hr839.json to gs://congress_data/bills/hr/BILLSTATUS-118hr839.json
[2024-04-10T20:02:19.033+0000] {logging_mixin.py:188} INFO - Uploaded /opt/***/dags/data/hr/BILLSTATUS-118hr497.json to gs://congress_data/bills/hr/BILLSTATUS-118hr497.json
[2024-04-10T20:02:19.479+0000] {logging_mixin.py:188} INFO - Uploaded /opt/***/dags/data/hr/BILLSTATUS-118hr4368.json to gs://congress_data/bills/hr/BILLSTATUS-118hr4368.json
[2024-04-10T20:02:19.908+0000] {logging_mixin.py:188} INFO - Uploaded /opt/***/dags/data/hr/BILLSTATUS-118hr7102.json to gs://congress_data/bills/hr/BILLSTATUS-118hr7102.json
[2024-04-10T20:02:20.321+0000] {logging_mixin.py:188} INFO - Uploaded /opt/***/dags/data/hr/BILLSTATUS-118hr593.json to gs://congress_data/bills/hr/BILLSTATUS-118hr593.json
[2024-04-10T20:02:20.759+0000] {logging_mixin.py:188} INFO - Uploaded /opt/***/dags/data/hr/BILLSTATUS-118hr340.json to gs://congress_data/bills/hr/BILLSTATUS-118hr340.json
[2024-04-10T20:02:21.196+0000] {logging_mixin.py:188} INFO - Uploaded /opt/***/dags/data/hr/BILLSTATUS-118hr788.json to gs://congress_data/bills/hr/BILLSTATUS-118hr788.json
[2024-04-10T20:02:21.633+0000] {logging_mixin.py:188} INFO - Uploaded /opt/***/dags/data/hr/BILLSTATUS-118hr6363.json to gs://congress_data/bills/hr/BILLSTATUS-118hr6363.json
[2024-04-10T20:02:22.085+0000] {logging_mixin.py:188} INFO - Uploaded /opt/***/dags/data/hr/BILLSTATUS-118hr1.json to gs://congress_data/bills/hr/BILLSTATUS-118hr1.json
[2024-04-10T20:02:22.518+0000] {logging_mixin.py:188} INFO - Uploaded /opt/***/dags/data/hr/BILLSTATUS-118hr4470.json to gs://congress_data/bills/hr/BILLSTATUS-118hr4470.json
[2024-04-10T20:02:22.943+0000] {logging_mixin.py:188} INFO - Uploaded /opt/***/dags/data/hr/BILLSTATUS-118hr663.json to gs://congress_data/bills/hr/BILLSTATUS-118hr663.json
[2024-04-10T20:02:23.406+0000] {logging_mixin.py:188} INFO - Uploaded /opt/***/dags/data/hr/BILLSTATUS-118hr2766.json to gs://congress_data/bills/hr/BILLSTATUS-118hr2766.json
[2024-04-10T20:02:23.882+0000] {logging_mixin.py:188} INFO - Uploaded /opt/***/dags/data/hr/BILLSTATUS-118hr589.json to gs://congress_data/bills/hr/BILLSTATUS-118hr589.json
[2024-04-10T20:02:24.464+0000] {logging_mixin.py:188} INFO - Uploaded /opt/***/dags/data/hr/BILLSTATUS-118hr1023.json to gs://congress_data/bills/hr/BILLSTATUS-118hr1023.json
[2024-04-10T20:02:24.915+0000] {logging_mixin.py:188} INFO - Uploaded /opt/***/dags/data/hr/BILLSTATUS-118hr4364.json to gs://congress_data/bills/hr/BILLSTATUS-118hr4364.json
[2024-04-10T20:02:25.344+0000] {logging_mixin.py:188} INFO - Uploaded /opt/***/dags/data/hr/BILLSTATUS-118hr347.json to gs://congress_data/bills/hr/BILLSTATUS-118hr347.json
[2024-04-10T20:02:25.802+0000] {logging_mixin.py:188} INFO - Uploaded /opt/***/dags/data/hr/BILLSTATUS-118hr886.json to gs://congress_data/bills/hr/BILLSTATUS-118hr886.json
[2024-04-10T20:02:26.273+0000] {logging_mixin.py:188} INFO - Uploaded /opt/***/dags/data/hr/BILLSTATUS-118hr185.json to gs://congress_data/bills/hr/BILLSTATUS-118hr185.json
[2024-04-10T20:02:26.706+0000] {logging_mixin.py:188} INFO - Uploaded /opt/***/dags/data/hr/BILLSTATUS-118hr3941.json to gs://congress_data/bills/hr/BILLSTATUS-118hr3941.json
[2024-04-10T20:02:27.132+0000] {logging_mixin.py:188} INFO - Uploaded /opt/***/dags/data/hr/BILLSTATUS-118hr5856.json to gs://congress_data/bills/hr/BILLSTATUS-118hr5856.json
[2024-04-10T20:02:27.566+0000] {logging_mixin.py:188} INFO - Uploaded /opt/***/dags/data/hr/BILLSTATUS-118hr21.json to gs://congress_data/bills/hr/BILLSTATUS-118hr21.json
[2024-04-10T20:02:27.986+0000] {logging_mixin.py:188} INFO - Uploaded /opt/***/dags/data/hr/BILLSTATUS-118hr3202.json to gs://congress_data/bills/hr/BILLSTATUS-118hr3202.json
[2024-04-10T20:02:28.492+0000] {logging_mixin.py:188} INFO - Uploaded /opt/***/dags/data/hr/BILLSTATUS-118hr6503.json to gs://congress_data/bills/hr/BILLSTATUS-118hr6503.json
[2024-04-10T20:02:28.932+0000] {logging_mixin.py:188} INFO - Uploaded /opt/***/dags/data/hr/BILLSTATUS-118hr5378.json to gs://congress_data/bills/hr/BILLSTATUS-118hr5378.json
[2024-04-10T20:02:29.341+0000] {logging_mixin.py:188} INFO - Uploaded /opt/***/dags/data/hr/BILLSTATUS-118hr500.json to gs://congress_data/bills/hr/BILLSTATUS-118hr500.json
[2024-04-10T20:02:29.774+0000] {logging_mixin.py:188} INFO - Uploaded /opt/***/dags/data/hr/BILLSTATUS-118hr1435.json to gs://congress_data/bills/hr/BILLSTATUS-118hr1435.json
[2024-04-10T20:02:30.200+0000] {logging_mixin.py:188} INFO - Uploaded /opt/***/dags/data/hr/BILLSTATUS-118hr5860.json to gs://congress_data/bills/hr/BILLSTATUS-118hr5860.json
[2024-04-10T20:02:30.629+0000] {logging_mixin.py:188} INFO - Uploaded /opt/***/dags/data/hr/BILLSTATUS-118hr3799.json to gs://congress_data/bills/hr/BILLSTATUS-118hr3799.json
[2024-04-10T20:02:31.049+0000] {logging_mixin.py:188} INFO - Uploaded /opt/***/dags/data/hr/BILLSTATUS-118hr2872.json to gs://congress_data/bills/hr/BILLSTATUS-118hr2872.json
[2024-04-10T20:02:31.459+0000] {logging_mixin.py:188} INFO - Uploaded /opt/***/dags/data/hr/BILLSTATUS-118hr3672.json to gs://congress_data/bills/hr/BILLSTATUS-118hr3672.json
[2024-04-10T20:02:31.887+0000] {logging_mixin.py:188} INFO - Uploaded /opt/***/dags/data/hr/BILLSTATUS-118hr5933.json to gs://congress_data/bills/hr/BILLSTATUS-118hr5933.json
[2024-04-10T20:02:32.396+0000] {logging_mixin.py:188} INFO - Uploaded /opt/***/dags/data/hr/BILLSTATUS-118hr5525.json to gs://congress_data/bills/hr/BILLSTATUS-118hr5525.json
[2024-04-10T20:02:32.834+0000] {logging_mixin.py:188} INFO - Uploaded /opt/***/dags/data/hr/BILLSTATUS-118hr4820.json to gs://congress_data/bills/hr/BILLSTATUS-118hr4820.json
[2024-04-10T20:02:33.256+0000] {logging_mixin.py:188} INFO - Uploaded /opt/***/dags/data/hr/BILLSTATUS-118hr6276.json to gs://congress_data/bills/hr/BILLSTATUS-118hr6276.json
[2024-04-10T20:02:33.675+0000] {logging_mixin.py:188} INFO - Uploaded /opt/***/dags/data/hr/BILLSTATUS-118hr5119.json to gs://congress_data/bills/hr/BILLSTATUS-118hr5119.json
[2024-04-10T20:02:34.199+0000] {logging_mixin.py:188} INFO - Uploaded /opt/***/dags/data/hr/BILLSTATUS-118hr2799.json to gs://congress_data/bills/hr/BILLSTATUS-118hr2799.json
[2024-04-10T20:02:34.626+0000] {logging_mixin.py:188} INFO - Uploaded /opt/***/dags/data/hr/BILLSTATUS-118hr5375.json to gs://congress_data/bills/hr/BILLSTATUS-118hr5375.json
[2024-04-10T20:02:35.103+0000] {logging_mixin.py:188} INFO - Uploaded /opt/***/dags/data/hr/BILLSTATUS-118hr6918.json to gs://congress_data/bills/hr/BILLSTATUS-118hr6918.json
[2024-04-10T20:02:35.552+0000] {logging_mixin.py:188} INFO - Uploaded /opt/***/dags/data/hr/BILLSTATUS-118hr1727.json to gs://congress_data/bills/hr/BILLSTATUS-118hr1727.json
[2024-04-10T20:02:36.006+0000] {logging_mixin.py:188} INFO - Uploaded /opt/***/dags/data/hr/BILLSTATUS-118hr4821.json to gs://congress_data/bills/hr/BILLSTATUS-118hr4821.json
[2024-04-10T20:02:36.437+0000] {logging_mixin.py:188} INFO - Uploaded /opt/***/dags/data/hr/BILLSTATUS-118hr1567.json to gs://congress_data/bills/hr/BILLSTATUS-118hr1567.json
[2024-04-10T20:02:36.868+0000] {logging_mixin.py:188} INFO - Uploaded /opt/***/dags/data/hr/BILLSTATUS-118hr5524.json to gs://congress_data/bills/hr/BILLSTATUS-118hr5524.json
[2024-04-10T20:02:37.330+0000] {logging_mixin.py:188} INFO - Uploaded /opt/***/dags/data/hr/BILLSTATUS-118hr1530.json to gs://congress_data/bills/hr/BILLSTATUS-118hr1530.json
[2024-04-10T20:02:37.753+0000] {logging_mixin.py:188} INFO - Uploaded /opt/***/dags/data/hr/BILLSTATUS-118hr3848.json to gs://congress_data/bills/hr/BILLSTATUS-118hr3848.json
[2024-04-10T20:02:38.248+0000] {logging_mixin.py:188} INFO - Uploaded /opt/***/dags/data/hr/BILLSTATUS-118hr1121.json to gs://congress_data/bills/hr/BILLSTATUS-118hr1121.json
[2024-04-10T20:02:38.715+0000] {logging_mixin.py:188} INFO - Uploaded /opt/***/dags/data/hr/BILLSTATUS-118hr1156.json to gs://congress_data/bills/hr/BILLSTATUS-118hr1156.json
[2024-04-10T20:02:39.348+0000] {logging_mixin.py:188} INFO - Uploaded /opt/***/dags/data/hr/BILLSTATUS-118hr2795.json to gs://congress_data/bills/hr/BILLSTATUS-118hr2795.json
[2024-04-10T20:02:39.871+0000] {logging_mixin.py:188} INFO - Uploaded /opt/***/dags/data/hr/BILLSTATUS-118hr2812.json to gs://congress_data/bills/hr/BILLSTATUS-118hr2812.json
[2024-04-10T20:02:40.850+0000] {logging_mixin.py:188} INFO - Uploaded /opt/***/dags/data/hr/BILLSTATUS-118hr6914.json to gs://congress_data/bills/hr/BILLSTATUS-118hr6914.json
[2024-04-10T20:02:41.616+0000] {logging_mixin.py:188} INFO - Uploaded /opt/***/dags/data/hr/BILLSTATUS-118hr813.json to gs://congress_data/bills/hr/BILLSTATUS-118hr813.json
[2024-04-10T20:02:42.110+0000] {logging_mixin.py:188} INFO - Uploaded /opt/***/dags/data/hr/BILLSTATUS-118hr1547.json to gs://congress_data/bills/hr/BILLSTATUS-118hr1547.json
[2024-04-10T20:02:42.646+0000] {logging_mixin.py:188} INFO - Uploaded /opt/***/dags/data/hr/BILLSTATUS-118hr7217.json to gs://congress_data/bills/hr/BILLSTATUS-118hr7217.json
[2024-04-10T20:02:43.178+0000] {logging_mixin.py:188} INFO - Uploaded /opt/***/dags/data/hr/BILLSTATUS-118hr5894.json to gs://congress_data/bills/hr/BILLSTATUS-118hr5894.json
[2024-04-10T20:02:43.639+0000] {logging_mixin.py:188} INFO - Uploaded /opt/***/dags/data/hr/BILLSTATUS-118hr5528.json to gs://congress_data/bills/hr/BILLSTATUS-118hr5528.json
[2024-04-10T20:02:44.076+0000] {logging_mixin.py:188} INFO - Uploaded /opt/***/dags/data/hr/BILLSTATUS-118hr1615.json to gs://congress_data/bills/hr/BILLSTATUS-118hr1615.json
[2024-04-10T20:02:44.556+0000] {logging_mixin.py:188} INFO - Uploaded /opt/***/dags/data/hr/BILLSTATUS-118hr346.json to gs://congress_data/bills/hr/BILLSTATUS-118hr346.json
[2024-04-10T20:02:44.982+0000] {logging_mixin.py:188} INFO - Uploaded /opt/***/dags/data/sjres/BILLSTATUS-118sjres24.json to gs://congress_data/bills/sjres/BILLSTATUS-118sjres24.json
[2024-04-10T20:02:45.445+0000] {logging_mixin.py:188} INFO - Uploaded /opt/***/dags/data/sjres/BILLSTATUS-118sjres32.json to gs://congress_data/bills/sjres/BILLSTATUS-118sjres32.json
[2024-04-10T20:02:45.880+0000] {logging_mixin.py:188} INFO - Uploaded /opt/***/dags/data/sjres/BILLSTATUS-118sjres44.json to gs://congress_data/bills/sjres/BILLSTATUS-118sjres44.json
[2024-04-10T20:02:46.431+0000] {logging_mixin.py:188} INFO - Uploaded /opt/***/dags/data/sjres/BILLSTATUS-118sjres38.json to gs://congress_data/bills/sjres/BILLSTATUS-118sjres38.json
[2024-04-10T20:02:47.061+0000] {logging_mixin.py:188} INFO - Uploaded /opt/***/dags/data/sjres/BILLSTATUS-118sjres43.json to gs://congress_data/bills/sjres/BILLSTATUS-118sjres43.json
[2024-04-10T20:02:48.174+0000] {logging_mixin.py:188} INFO - Uploaded /opt/***/dags/data/sjres/BILLSTATUS-118sjres4.json to gs://congress_data/bills/sjres/BILLSTATUS-118sjres4.json
[2024-04-10T20:02:48.604+0000] {logging_mixin.py:188} INFO - Uploaded /opt/***/dags/data/sjres/BILLSTATUS-118sjres18.json to gs://congress_data/bills/sjres/BILLSTATUS-118sjres18.json
[2024-04-10T20:02:49.062+0000] {logging_mixin.py:188} INFO - Uploaded /opt/***/dags/data/sjres/BILLSTATUS-118sjres9.json to gs://congress_data/bills/sjres/BILLSTATUS-118sjres9.json
[2024-04-10T20:02:49.489+0000] {logging_mixin.py:188} INFO - Uploaded /opt/***/dags/data/sjres/BILLSTATUS-118sjres62.json to gs://congress_data/bills/sjres/BILLSTATUS-118sjres62.json
[2024-04-10T20:02:49.897+0000] {logging_mixin.py:188} INFO - Uploaded /opt/***/dags/data/sjres/BILLSTATUS-118sjres23.json to gs://congress_data/bills/sjres/BILLSTATUS-118sjres23.json
[2024-04-10T20:02:50.367+0000] {logging_mixin.py:188} INFO - Uploaded /opt/***/dags/data/sjres/BILLSTATUS-118sjres42.json to gs://congress_data/bills/sjres/BILLSTATUS-118sjres42.json
[2024-04-10T20:02:50.807+0000] {logging_mixin.py:188} INFO - Uploaded /opt/***/dags/data/sjres/BILLSTATUS-118sjres60.json to gs://congress_data/bills/sjres/BILLSTATUS-118sjres60.json
[2024-04-10T20:02:51.227+0000] {logging_mixin.py:188} INFO - Uploaded /opt/***/dags/data/sjres/BILLSTATUS-118sjres51.json to gs://congress_data/bills/sjres/BILLSTATUS-118sjres51.json
[2024-04-10T20:02:51.670+0000] {logging_mixin.py:188} INFO - Uploaded /opt/***/dags/data/sjres/BILLSTATUS-118sjres10.json to gs://congress_data/bills/sjres/BILLSTATUS-118sjres10.json
[2024-04-10T20:02:52.142+0000] {logging_mixin.py:188} INFO - Uploaded /opt/***/dags/data/sjres/BILLSTATUS-118sjres11.json to gs://congress_data/bills/sjres/BILLSTATUS-118sjres11.json
[2024-04-10T20:02:52.147+0000] {python.py:202} INFO - Done. Returned value was: None
[2024-04-10T20:02:52.225+0000] {taskinstance.py:1149} INFO - Marking task as SUCCESS. dag_id=upload_congress_data, task_id=upload_bills_to_gcs, execution_date=20240410T195753, start_date=20240410T200047, end_date=20240410T200252
[2024-04-10T20:02:52.424+0000] {local_task_job_runner.py:234} INFO - Task exited with return code 0
[2024-04-10T20:02:52.483+0000] {taskinstance.py:3312} INFO - 1 downstream tasks scheduled from follow-on schedule check
