[2024-04-09T02:20:34.788+0000] {taskinstance.py:1979} INFO - Dependencies all met for dep_context=non-requeueable deps ti=<TaskInstance: upload_congress_data.bq_create_bills_Congress_partitioned_table_task manual__2024-04-09T02:20:32.882794+00:00 [queued]>
[2024-04-09T02:20:34.793+0000] {taskinstance.py:1979} INFO - Dependencies all met for dep_context=requeueable deps ti=<TaskInstance: upload_congress_data.bq_create_bills_Congress_partitioned_table_task manual__2024-04-09T02:20:32.882794+00:00 [queued]>
[2024-04-09T02:20:34.793+0000] {taskinstance.py:2193} INFO - Starting attempt 1 of 3
[2024-04-09T02:20:34.799+0000] {taskinstance.py:2217} INFO - Executing <Task(BigQueryInsertJobOperator): bq_create_bills_Congress_partitioned_table_task> on 2024-04-09 02:20:32.882794+00:00
[2024-04-09T02:20:34.803+0000] {standard_task_runner.py:60} INFO - Started process 254 to run task
[2024-04-09T02:20:34.807+0000] {standard_task_runner.py:87} INFO - Running: ['***', 'tasks', 'run', 'upload_congress_data', 'bq_create_bills_Congress_partitioned_table_task', 'manual__2024-04-09T02:20:32.882794+00:00', '--job-id', '8', '--raw', '--subdir', 'DAGS_FOLDER/upload_congress_data.py', '--cfg-path', '/tmp/tmpn0vsq111']
[2024-04-09T02:20:34.810+0000] {standard_task_runner.py:88} INFO - Job 8: Subtask bq_create_bills_Congress_partitioned_table_task
[2024-04-09T02:20:34.843+0000] {task_command.py:423} INFO - Running <TaskInstance: upload_congress_data.bq_create_bills_Congress_partitioned_table_task manual__2024-04-09T02:20:32.882794+00:00 [running]> on host 5417fa116c4f
[2024-04-09T02:20:34.887+0000] {taskinstance.py:2513} INFO - Exporting env vars: AIRFLOW_CTX_DAG_EMAIL='***@***.com' AIRFLOW_CTX_DAG_OWNER='***' AIRFLOW_CTX_DAG_ID='upload_congress_data' AIRFLOW_CTX_TASK_ID='bq_create_bills_Congress_partitioned_table_task' AIRFLOW_CTX_EXECUTION_DATE='2024-04-09T02:20:32.882794+00:00' AIRFLOW_CTX_TRY_NUMBER='1' AIRFLOW_CTX_DAG_RUN_ID='manual__2024-04-09T02:20:32.882794+00:00'
[2024-04-09T02:20:34.889+0000] {crypto.py:82} WARNING - empty cryptography key - values will not be stored encrypted.
[2024-04-09T02:20:34.889+0000] {connection.py:269} WARNING - Connection schemes (type: google_cloud_platform) shall not contain '_' according to RFC3986.
[2024-04-09T02:20:34.889+0000] {base.py:83} INFO - Using connection ID 'google_cloud_default' for task execution.
[2024-04-09T02:20:34.933+0000] {bigquery.py:2811} INFO - Executing: {'query': {'query': 'CREATE OR REPLACE TABLE Congress.bill_status         PARTITION BY billStatus.bill.latestAction.actionDate_formatted         AS         SELECT *, DATE(billStatus.bill.latestAction.actionDate) billStatus.bill.latestAction.actionDate_formatted         FROM Congress.bill_status_external_table;', 'useLegacySql': False}}'
[2024-04-09T02:20:34.934+0000] {bigquery.py:1613} INFO - Inserting job ***_upload_congress_data_bq_create_bills_Congress_partitioned_table_task_2024_04_09T02_20_32_882794_00_00_f2f755ffc08edfb28652e840ad9c6e2f
[2024-04-09T02:20:35.661+0000] {taskinstance.py:2731} ERROR - Task failed with exception
Traceback (most recent call last):
  File "/home/airflow/.local/lib/python3.11/site-packages/airflow/models/taskinstance.py", line 444, in _execute_task
    result = _execute_callable(context=context, **execute_callable_kwargs)
             ^^^^^^^^^^^^^^^^^^^^^^^^^^^^^^^^^^^^^^^^^^^^^^^^^^^^^^^^^^^^^
  File "/home/airflow/.local/lib/python3.11/site-packages/airflow/models/taskinstance.py", line 414, in _execute_callable
    return execute_callable(context=context, **execute_callable_kwargs)
           ^^^^^^^^^^^^^^^^^^^^^^^^^^^^^^^^^^^^^^^^^^^^^^^^^^^^^^^^^^^^
  File "/home/airflow/.local/lib/python3.11/site-packages/airflow/providers/google/cloud/operators/bigquery.py", line 2870, in execute
    job.result(timeout=self.result_timeout, retry=self.result_retry)
  File "/home/airflow/.local/lib/python3.11/site-packages/google/cloud/bigquery/job/query.py", line 1595, in result
    do_get_result()
  File "/home/airflow/.local/lib/python3.11/site-packages/google/cloud/bigquery/job/query.py", line 1584, in do_get_result
    super(QueryJob, self).result(retry=retry, timeout=timeout)
  File "/home/airflow/.local/lib/python3.11/site-packages/google/cloud/bigquery/job/base.py", line 971, in result
    return super(_AsyncJob, self).result(timeout=timeout, **kwargs)
           ^^^^^^^^^^^^^^^^^^^^^^^^^^^^^^^^^^^^^^^^^^^^^^^^^^^^^^^^
  File "/home/airflow/.local/lib/python3.11/site-packages/google/api_core/future/polling.py", line 261, in result
    raise self._exception
google.api_core.exceptions.BadRequest: 400 Syntax error: Expected end of input but got "." at [1:202]; reason: invalidQuery, location: query, message: Syntax error: Expected end of input but got "." at [1:202]

Location: US
Job ID: airflow_upload_congress_data_bq_create_bills_Congress_partitioned_table_task_2024_04_09T02_20_32_882794_00_00_f2f755ffc08edfb28652e840ad9c6e2f

[2024-04-09T02:20:35.675+0000] {taskinstance.py:1149} INFO - Marking task as UP_FOR_RETRY. dag_id=upload_congress_data, task_id=bq_create_bills_Congress_partitioned_table_task, execution_date=20240409T022032, start_date=20240409T022034, end_date=20240409T022035
[2024-04-09T02:20:35.686+0000] {standard_task_runner.py:107} ERROR - Failed to execute job 8 for task bq_create_bills_Congress_partitioned_table_task (400 Syntax error: Expected end of input but got "." at [1:202]; reason: invalidQuery, location: query, message: Syntax error: Expected end of input but got "." at [1:202]

Location: US
Job ID: airflow_upload_congress_data_bq_create_bills_Congress_partitioned_table_task_2024_04_09T02_20_32_882794_00_00_f2f755ffc08edfb28652e840ad9c6e2f
; 254)
[2024-04-09T02:20:35.708+0000] {local_task_job_runner.py:234} INFO - Task exited with return code 1
[2024-04-09T02:20:35.720+0000] {taskinstance.py:3312} INFO - 0 downstream tasks scheduled from follow-on schedule check
