[2024-06-24T00:03:41.276+0000] {processor.py:161} INFO - Started process (PID=4964) to work on /opt/airflow/dags/upload_congress_data.py
[2024-06-24T00:03:41.278+0000] {processor.py:830} INFO - Processing file /opt/airflow/dags/upload_congress_data.py for tasks to queue
[2024-06-24T00:03:41.287+0000] {logging_mixin.py:188} INFO - [2024-06-24T00:03:41.285+0000] {dagbag.py:540} INFO - Filling up the DagBag from /opt/airflow/dags/upload_congress_data.py
[2024-06-24T00:03:41.485+0000] {logging_mixin.py:188} INFO - Bucket Name: congress_data_testproject-420401
[2024-06-24T00:03:41.502+0000] {processor.py:840} INFO - DAG(s) 'upload_congress_data' retrieved from /opt/airflow/dags/upload_congress_data.py
[2024-06-24T00:03:41.646+0000] {logging_mixin.py:188} INFO - [2024-06-24T00:03:41.646+0000] {dag.py:3047} INFO - Sync 1 DAGs
[2024-06-24T00:03:41.683+0000] {logging_mixin.py:188} INFO - [2024-06-24T00:03:41.683+0000] {dag.py:3834} INFO - Setting next_dagrun for upload_congress_data to None, run_after=None
[2024-06-24T00:03:41.724+0000] {processor.py:183} INFO - Processing /opt/airflow/dags/upload_congress_data.py took 0.455 seconds
[2024-06-24T01:21:41.020+0000] {processor.py:161} INFO - Started process (PID=4972) to work on /opt/airflow/dags/upload_congress_data.py
[2024-06-24T01:21:41.021+0000] {processor.py:830} INFO - Processing file /opt/airflow/dags/upload_congress_data.py for tasks to queue
[2024-06-24T01:21:41.022+0000] {logging_mixin.py:188} INFO - [2024-06-24T01:21:41.022+0000] {dagbag.py:540} INFO - Filling up the DagBag from /opt/airflow/dags/upload_congress_data.py
[2024-06-24T01:21:41.084+0000] {logging_mixin.py:188} INFO - Bucket Name: congress_data_testproject-420401
[2024-06-24T01:21:41.090+0000] {processor.py:840} INFO - DAG(s) 'upload_congress_data' retrieved from /opt/airflow/dags/upload_congress_data.py
[2024-06-24T01:21:41.103+0000] {logging_mixin.py:188} INFO - [2024-06-24T01:21:41.103+0000] {dag.py:3047} INFO - Sync 1 DAGs
[2024-06-24T01:21:41.113+0000] {logging_mixin.py:188} INFO - [2024-06-24T01:21:41.113+0000] {dag.py:3834} INFO - Setting next_dagrun for upload_congress_data to None, run_after=None
[2024-06-24T01:21:41.121+0000] {processor.py:183} INFO - Processing /opt/airflow/dags/upload_congress_data.py took 0.104 seconds
[2024-06-24T02:23:18.644+0000] {processor.py:161} INFO - Started process (PID=4980) to work on /opt/airflow/dags/upload_congress_data.py
[2024-06-24T02:23:18.645+0000] {processor.py:830} INFO - Processing file /opt/airflow/dags/upload_congress_data.py for tasks to queue
[2024-06-24T02:23:18.650+0000] {logging_mixin.py:188} INFO - [2024-06-24T02:23:18.650+0000] {dagbag.py:540} INFO - Filling up the DagBag from /opt/airflow/dags/upload_congress_data.py
[2024-06-24T02:23:18.786+0000] {logging_mixin.py:188} INFO - Bucket Name: congress_data_testproject-420401
[2024-06-24T02:23:18.804+0000] {processor.py:840} INFO - DAG(s) 'upload_congress_data' retrieved from /opt/airflow/dags/upload_congress_data.py
[2024-06-24T02:23:18.858+0000] {logging_mixin.py:188} INFO - [2024-06-24T02:23:18.858+0000] {dag.py:3047} INFO - Sync 1 DAGs
[2024-06-24T02:23:18.906+0000] {logging_mixin.py:188} INFO - [2024-06-24T02:23:18.905+0000] {dag.py:3834} INFO - Setting next_dagrun for upload_congress_data to None, run_after=None
[2024-06-24T02:23:18.950+0000] {processor.py:183} INFO - Processing /opt/airflow/dags/upload_congress_data.py took 0.317 seconds
[2024-06-24T03:34:11.384+0000] {processor.py:161} INFO - Started process (PID=4988) to work on /opt/airflow/dags/upload_congress_data.py
[2024-06-24T03:34:11.385+0000] {processor.py:830} INFO - Processing file /opt/airflow/dags/upload_congress_data.py for tasks to queue
[2024-06-24T03:34:11.388+0000] {logging_mixin.py:188} INFO - [2024-06-24T03:34:11.387+0000] {dagbag.py:540} INFO - Filling up the DagBag from /opt/airflow/dags/upload_congress_data.py
[2024-06-24T03:34:11.465+0000] {logging_mixin.py:188} INFO - Bucket Name: congress_data_testproject-420401
[2024-06-24T03:34:11.477+0000] {processor.py:840} INFO - DAG(s) 'upload_congress_data' retrieved from /opt/airflow/dags/upload_congress_data.py
[2024-06-24T03:34:11.499+0000] {logging_mixin.py:188} INFO - [2024-06-24T03:34:11.499+0000] {dag.py:3047} INFO - Sync 1 DAGs
[2024-06-24T03:34:11.515+0000] {logging_mixin.py:188} INFO - [2024-06-24T03:34:11.515+0000] {dag.py:3834} INFO - Setting next_dagrun for upload_congress_data to None, run_after=None
[2024-06-24T03:34:11.524+0000] {processor.py:183} INFO - Processing /opt/airflow/dags/upload_congress_data.py took 0.145 seconds
[2024-06-24T04:35:18.459+0000] {processor.py:161} INFO - Started process (PID=4996) to work on /opt/airflow/dags/upload_congress_data.py
[2024-06-24T04:35:18.516+0000] {processor.py:830} INFO - Processing file /opt/airflow/dags/upload_congress_data.py for tasks to queue
[2024-06-24T04:35:18.527+0000] {logging_mixin.py:188} INFO - [2024-06-24T04:35:18.525+0000] {dagbag.py:540} INFO - Filling up the DagBag from /opt/airflow/dags/upload_congress_data.py
[2024-06-24T04:35:18.678+0000] {logging_mixin.py:188} INFO - Bucket Name: congress_data_testproject-420401
[2024-06-24T04:35:18.685+0000] {processor.py:840} INFO - DAG(s) 'upload_congress_data' retrieved from /opt/airflow/dags/upload_congress_data.py
[2024-06-24T04:35:18.700+0000] {logging_mixin.py:188} INFO - [2024-06-24T04:35:18.700+0000] {dag.py:3047} INFO - Sync 1 DAGs
[2024-06-24T04:35:18.711+0000] {logging_mixin.py:188} INFO - [2024-06-24T04:35:18.711+0000] {dag.py:3834} INFO - Setting next_dagrun for upload_congress_data to None, run_after=None
[2024-06-24T04:35:18.720+0000] {processor.py:183} INFO - Processing /opt/airflow/dags/upload_congress_data.py took 0.283 seconds
[2024-06-24T05:56:00.437+0000] {processor.py:161} INFO - Started process (PID=5004) to work on /opt/airflow/dags/upload_congress_data.py
[2024-06-24T05:56:00.438+0000] {processor.py:830} INFO - Processing file /opt/airflow/dags/upload_congress_data.py for tasks to queue
[2024-06-24T05:56:00.443+0000] {logging_mixin.py:188} INFO - [2024-06-24T05:56:00.442+0000] {dagbag.py:540} INFO - Filling up the DagBag from /opt/airflow/dags/upload_congress_data.py
[2024-06-24T05:56:00.522+0000] {logging_mixin.py:188} INFO - Bucket Name: congress_data_testproject-420401
[2024-06-24T05:56:00.528+0000] {processor.py:840} INFO - DAG(s) 'upload_congress_data' retrieved from /opt/airflow/dags/upload_congress_data.py
[2024-06-24T05:56:00.542+0000] {logging_mixin.py:188} INFO - [2024-06-24T05:56:00.542+0000] {dag.py:3047} INFO - Sync 1 DAGs
[2024-06-24T05:56:00.551+0000] {logging_mixin.py:188} INFO - [2024-06-24T05:56:00.551+0000] {dag.py:3834} INFO - Setting next_dagrun for upload_congress_data to None, run_after=None
[2024-06-24T05:56:00.559+0000] {processor.py:183} INFO - Processing /opt/airflow/dags/upload_congress_data.py took 0.127 seconds
[2024-06-24T07:02:28.925+0000] {processor.py:161} INFO - Started process (PID=5012) to work on /opt/airflow/dags/upload_congress_data.py
[2024-06-24T07:02:28.927+0000] {processor.py:830} INFO - Processing file /opt/airflow/dags/upload_congress_data.py for tasks to queue
[2024-06-24T07:02:28.940+0000] {logging_mixin.py:188} INFO - [2024-06-24T07:02:28.939+0000] {dagbag.py:540} INFO - Filling up the DagBag from /opt/airflow/dags/upload_congress_data.py
[2024-06-24T07:02:29.395+0000] {logging_mixin.py:188} INFO - Bucket Name: congress_data_testproject-420401
[2024-06-24T07:02:29.417+0000] {processor.py:840} INFO - DAG(s) 'upload_congress_data' retrieved from /opt/airflow/dags/upload_congress_data.py
[2024-06-24T07:02:29.479+0000] {logging_mixin.py:188} INFO - [2024-06-24T07:02:29.479+0000] {dag.py:3047} INFO - Sync 1 DAGs
[2024-06-24T07:02:29.515+0000] {logging_mixin.py:188} INFO - [2024-06-24T07:02:29.515+0000] {dag.py:3834} INFO - Setting next_dagrun for upload_congress_data to None, run_after=None
[2024-06-24T07:02:29.536+0000] {processor.py:183} INFO - Processing /opt/airflow/dags/upload_congress_data.py took 0.621 seconds
[2024-06-24T08:36:40.667+0000] {processor.py:161} INFO - Started process (PID=5020) to work on /opt/airflow/dags/upload_congress_data.py
[2024-06-24T08:36:40.670+0000] {processor.py:830} INFO - Processing file /opt/airflow/dags/upload_congress_data.py for tasks to queue
[2024-06-24T08:36:40.675+0000] {logging_mixin.py:188} INFO - [2024-06-24T08:36:40.674+0000] {dagbag.py:540} INFO - Filling up the DagBag from /opt/airflow/dags/upload_congress_data.py
[2024-06-24T08:36:40.828+0000] {logging_mixin.py:188} INFO - Bucket Name: congress_data_testproject-420401
[2024-06-24T08:36:40.835+0000] {processor.py:840} INFO - DAG(s) 'upload_congress_data' retrieved from /opt/airflow/dags/upload_congress_data.py
[2024-06-24T08:36:40.851+0000] {logging_mixin.py:188} INFO - [2024-06-24T08:36:40.851+0000] {dag.py:3047} INFO - Sync 1 DAGs
[2024-06-24T08:36:40.864+0000] {logging_mixin.py:188} INFO - [2024-06-24T08:36:40.864+0000] {dag.py:3834} INFO - Setting next_dagrun for upload_congress_data to None, run_after=None
[2024-06-24T08:36:40.873+0000] {processor.py:183} INFO - Processing /opt/airflow/dags/upload_congress_data.py took 0.211 seconds
[2024-06-24T09:56:13.003+0000] {processor.py:161} INFO - Started process (PID=5028) to work on /opt/airflow/dags/upload_congress_data.py
[2024-06-24T09:56:13.009+0000] {processor.py:830} INFO - Processing file /opt/airflow/dags/upload_congress_data.py for tasks to queue
[2024-06-24T09:56:13.017+0000] {logging_mixin.py:188} INFO - [2024-06-24T09:56:13.016+0000] {dagbag.py:540} INFO - Filling up the DagBag from /opt/airflow/dags/upload_congress_data.py
[2024-06-24T09:56:13.197+0000] {logging_mixin.py:188} INFO - Bucket Name: congress_data_testproject-420401
[2024-06-24T09:56:13.213+0000] {processor.py:840} INFO - DAG(s) 'upload_congress_data' retrieved from /opt/airflow/dags/upload_congress_data.py
[2024-06-24T09:56:13.248+0000] {logging_mixin.py:188} INFO - [2024-06-24T09:56:13.248+0000] {dag.py:3047} INFO - Sync 1 DAGs
[2024-06-24T09:56:13.264+0000] {logging_mixin.py:188} INFO - [2024-06-24T09:56:13.263+0000] {dag.py:3834} INFO - Setting next_dagrun for upload_congress_data to None, run_after=None
[2024-06-24T09:56:13.280+0000] {processor.py:183} INFO - Processing /opt/airflow/dags/upload_congress_data.py took 0.292 seconds
[2024-06-24T11:33:45.139+0000] {processor.py:161} INFO - Started process (PID=5036) to work on /opt/airflow/dags/upload_congress_data.py
[2024-06-24T11:33:45.141+0000] {processor.py:830} INFO - Processing file /opt/airflow/dags/upload_congress_data.py for tasks to queue
[2024-06-24T11:33:45.145+0000] {logging_mixin.py:188} INFO - [2024-06-24T11:33:45.144+0000] {dagbag.py:540} INFO - Filling up the DagBag from /opt/airflow/dags/upload_congress_data.py
[2024-06-24T11:33:45.217+0000] {logging_mixin.py:188} INFO - Bucket Name: congress_data_testproject-420401
[2024-06-24T11:33:45.224+0000] {processor.py:840} INFO - DAG(s) 'upload_congress_data' retrieved from /opt/airflow/dags/upload_congress_data.py
[2024-06-24T11:33:45.238+0000] {logging_mixin.py:188} INFO - [2024-06-24T11:33:45.238+0000] {dag.py:3047} INFO - Sync 1 DAGs
[2024-06-24T11:33:45.249+0000] {logging_mixin.py:188} INFO - [2024-06-24T11:33:45.249+0000] {dag.py:3834} INFO - Setting next_dagrun for upload_congress_data to None, run_after=None
[2024-06-24T11:33:45.258+0000] {processor.py:183} INFO - Processing /opt/airflow/dags/upload_congress_data.py took 0.123 seconds
[2024-06-24T12:45:18.565+0000] {processor.py:161} INFO - Started process (PID=5044) to work on /opt/airflow/dags/upload_congress_data.py
[2024-06-24T12:45:18.566+0000] {processor.py:830} INFO - Processing file /opt/airflow/dags/upload_congress_data.py for tasks to queue
[2024-06-24T12:45:18.569+0000] {logging_mixin.py:188} INFO - [2024-06-24T12:45:18.569+0000] {dagbag.py:540} INFO - Filling up the DagBag from /opt/airflow/dags/upload_congress_data.py
[2024-06-24T12:45:18.642+0000] {logging_mixin.py:188} INFO - Bucket Name: congress_data_testproject-420401
[2024-06-24T12:45:18.649+0000] {processor.py:840} INFO - DAG(s) 'upload_congress_data' retrieved from /opt/airflow/dags/upload_congress_data.py
[2024-06-24T12:45:18.676+0000] {logging_mixin.py:188} INFO - [2024-06-24T12:45:18.675+0000] {dag.py:3047} INFO - Sync 1 DAGs
[2024-06-24T12:45:18.691+0000] {logging_mixin.py:188} INFO - [2024-06-24T12:45:18.691+0000] {dag.py:3834} INFO - Setting next_dagrun for upload_congress_data to None, run_after=None
[2024-06-24T12:45:18.702+0000] {processor.py:183} INFO - Processing /opt/airflow/dags/upload_congress_data.py took 0.141 seconds
[2024-06-24T14:09:22.162+0000] {processor.py:161} INFO - Started process (PID=5052) to work on /opt/airflow/dags/upload_congress_data.py
[2024-06-24T14:09:22.168+0000] {processor.py:830} INFO - Processing file /opt/airflow/dags/upload_congress_data.py for tasks to queue
[2024-06-24T14:09:22.178+0000] {logging_mixin.py:188} INFO - [2024-06-24T14:09:22.176+0000] {dagbag.py:540} INFO - Filling up the DagBag from /opt/airflow/dags/upload_congress_data.py
[2024-06-24T14:09:22.415+0000] {logging_mixin.py:188} INFO - Bucket Name: congress_data_testproject-420401
[2024-06-24T14:09:22.430+0000] {processor.py:840} INFO - DAG(s) 'upload_congress_data' retrieved from /opt/airflow/dags/upload_congress_data.py
[2024-06-24T14:09:22.493+0000] {logging_mixin.py:188} INFO - [2024-06-24T14:09:22.493+0000] {dag.py:3047} INFO - Sync 1 DAGs
[2024-06-24T14:09:22.513+0000] {logging_mixin.py:188} INFO - [2024-06-24T14:09:22.512+0000] {dag.py:3834} INFO - Setting next_dagrun for upload_congress_data to None, run_after=None
[2024-06-24T14:09:22.532+0000] {processor.py:183} INFO - Processing /opt/airflow/dags/upload_congress_data.py took 0.391 seconds
[2024-06-24T15:01:19.635+0000] {processor.py:161} INFO - Started process (PID=5060) to work on /opt/airflow/dags/upload_congress_data.py
[2024-06-24T15:01:19.688+0000] {processor.py:830} INFO - Processing file /opt/airflow/dags/upload_congress_data.py for tasks to queue
[2024-06-24T15:01:19.692+0000] {logging_mixin.py:188} INFO - [2024-06-24T15:01:19.692+0000] {dagbag.py:540} INFO - Filling up the DagBag from /opt/airflow/dags/upload_congress_data.py
[2024-06-24T15:01:19.901+0000] {logging_mixin.py:188} INFO - Bucket Name: congress_data_testproject-420401
[2024-06-24T15:01:19.920+0000] {processor.py:840} INFO - DAG(s) 'upload_congress_data' retrieved from /opt/airflow/dags/upload_congress_data.py
[2024-06-24T15:01:19.983+0000] {logging_mixin.py:188} INFO - [2024-06-24T15:01:19.983+0000] {dag.py:3047} INFO - Sync 1 DAGs
[2024-06-24T15:01:20.001+0000] {logging_mixin.py:188} INFO - [2024-06-24T15:01:20.001+0000] {dag.py:3834} INFO - Setting next_dagrun for upload_congress_data to None, run_after=None
[2024-06-24T15:01:20.015+0000] {processor.py:183} INFO - Processing /opt/airflow/dags/upload_congress_data.py took 0.401 seconds
[2024-06-24T16:32:12.824+0000] {processor.py:161} INFO - Started process (PID=5068) to work on /opt/airflow/dags/upload_congress_data.py
[2024-06-24T16:32:12.826+0000] {processor.py:830} INFO - Processing file /opt/airflow/dags/upload_congress_data.py for tasks to queue
[2024-06-24T16:32:12.833+0000] {logging_mixin.py:188} INFO - [2024-06-24T16:32:12.832+0000] {dagbag.py:540} INFO - Filling up the DagBag from /opt/airflow/dags/upload_congress_data.py
[2024-06-24T16:32:12.972+0000] {logging_mixin.py:188} INFO - Bucket Name: congress_data_testproject-420401
[2024-06-24T16:32:12.993+0000] {processor.py:840} INFO - DAG(s) 'upload_congress_data' retrieved from /opt/airflow/dags/upload_congress_data.py
[2024-06-24T16:32:13.040+0000] {logging_mixin.py:188} INFO - [2024-06-24T16:32:13.040+0000] {dag.py:3047} INFO - Sync 1 DAGs
[2024-06-24T16:32:13.080+0000] {logging_mixin.py:188} INFO - [2024-06-24T16:32:13.080+0000] {dag.py:3834} INFO - Setting next_dagrun for upload_congress_data to None, run_after=None
[2024-06-24T16:32:13.125+0000] {processor.py:183} INFO - Processing /opt/airflow/dags/upload_congress_data.py took 0.307 seconds
[2024-06-24T16:50:58.719+0000] {processor.py:161} INFO - Started process (PID=5076) to work on /opt/airflow/dags/upload_congress_data.py
[2024-06-24T16:50:58.722+0000] {processor.py:830} INFO - Processing file /opt/airflow/dags/upload_congress_data.py for tasks to queue
[2024-06-24T16:50:58.727+0000] {logging_mixin.py:188} INFO - [2024-06-24T16:50:58.727+0000] {dagbag.py:540} INFO - Filling up the DagBag from /opt/airflow/dags/upload_congress_data.py
[2024-06-24T16:50:58.840+0000] {logging_mixin.py:188} INFO - Bucket Name: congress_data_testproject-420401
[2024-06-24T16:50:58.853+0000] {processor.py:840} INFO - DAG(s) 'upload_congress_data' retrieved from /opt/airflow/dags/upload_congress_data.py
[2024-06-24T16:50:58.887+0000] {logging_mixin.py:188} INFO - [2024-06-24T16:50:58.887+0000] {dag.py:3047} INFO - Sync 1 DAGs
[2024-06-24T16:50:58.914+0000] {logging_mixin.py:188} INFO - [2024-06-24T16:50:58.914+0000] {dag.py:3834} INFO - Setting next_dagrun for upload_congress_data to None, run_after=None
[2024-06-24T16:50:58.952+0000] {processor.py:183} INFO - Processing /opt/airflow/dags/upload_congress_data.py took 0.241 seconds
[2024-06-24T17:51:00.704+0000] {processor.py:161} INFO - Started process (PID=5084) to work on /opt/airflow/dags/upload_congress_data.py
[2024-06-24T17:51:00.705+0000] {processor.py:830} INFO - Processing file /opt/airflow/dags/upload_congress_data.py for tasks to queue
[2024-06-24T17:51:00.709+0000] {logging_mixin.py:188} INFO - [2024-06-24T17:51:00.708+0000] {dagbag.py:540} INFO - Filling up the DagBag from /opt/airflow/dags/upload_congress_data.py
[2024-06-24T17:51:00.785+0000] {logging_mixin.py:188} INFO - Bucket Name: congress_data_testproject-420401
[2024-06-24T17:51:00.792+0000] {processor.py:840} INFO - DAG(s) 'upload_congress_data' retrieved from /opt/airflow/dags/upload_congress_data.py
[2024-06-24T17:51:00.808+0000] {logging_mixin.py:188} INFO - [2024-06-24T17:51:00.808+0000] {dag.py:3047} INFO - Sync 1 DAGs
[2024-06-24T17:51:00.819+0000] {logging_mixin.py:188} INFO - [2024-06-24T17:51:00.819+0000] {dag.py:3834} INFO - Setting next_dagrun for upload_congress_data to None, run_after=None
[2024-06-24T17:51:00.827+0000] {processor.py:183} INFO - Processing /opt/airflow/dags/upload_congress_data.py took 0.129 seconds
[2024-06-24T19:21:14.813+0000] {processor.py:161} INFO - Started process (PID=5092) to work on /opt/airflow/dags/upload_congress_data.py
[2024-06-24T19:21:14.816+0000] {processor.py:830} INFO - Processing file /opt/airflow/dags/upload_congress_data.py for tasks to queue
[2024-06-24T19:21:14.822+0000] {logging_mixin.py:188} INFO - [2024-06-24T19:21:14.822+0000] {dagbag.py:540} INFO - Filling up the DagBag from /opt/airflow/dags/upload_congress_data.py
[2024-06-24T19:21:15.102+0000] {logging_mixin.py:188} INFO - Bucket Name: congress_data_testproject-420401
[2024-06-24T19:21:15.134+0000] {processor.py:840} INFO - DAG(s) 'upload_congress_data' retrieved from /opt/airflow/dags/upload_congress_data.py
[2024-06-24T19:21:15.193+0000] {logging_mixin.py:188} INFO - [2024-06-24T19:21:15.192+0000] {dag.py:3047} INFO - Sync 1 DAGs
[2024-06-24T19:21:15.225+0000] {logging_mixin.py:188} INFO - [2024-06-24T19:21:15.224+0000] {dag.py:3834} INFO - Setting next_dagrun for upload_congress_data to None, run_after=None
[2024-06-24T19:21:15.261+0000] {processor.py:183} INFO - Processing /opt/airflow/dags/upload_congress_data.py took 0.464 seconds
[2024-06-24T19:21:45.388+0000] {processor.py:161} INFO - Started process (PID=5100) to work on /opt/airflow/dags/upload_congress_data.py
[2024-06-24T19:21:45.391+0000] {processor.py:830} INFO - Processing file /opt/airflow/dags/upload_congress_data.py for tasks to queue
[2024-06-24T19:21:45.397+0000] {logging_mixin.py:188} INFO - [2024-06-24T19:21:45.396+0000] {dagbag.py:540} INFO - Filling up the DagBag from /opt/airflow/dags/upload_congress_data.py
[2024-06-24T19:21:45.501+0000] {logging_mixin.py:188} INFO - Bucket Name: congress_data_testproject-420401
[2024-06-24T19:21:45.510+0000] {processor.py:840} INFO - DAG(s) 'upload_congress_data' retrieved from /opt/airflow/dags/upload_congress_data.py
[2024-06-24T19:21:45.527+0000] {logging_mixin.py:188} INFO - [2024-06-24T19:21:45.527+0000] {dag.py:3047} INFO - Sync 1 DAGs
[2024-06-24T19:21:45.540+0000] {logging_mixin.py:188} INFO - [2024-06-24T19:21:45.540+0000] {dag.py:3834} INFO - Setting next_dagrun for upload_congress_data to None, run_after=None
[2024-06-24T19:21:45.549+0000] {processor.py:183} INFO - Processing /opt/airflow/dags/upload_congress_data.py took 0.168 seconds
[2024-06-24T19:22:15.867+0000] {processor.py:161} INFO - Started process (PID=5108) to work on /opt/airflow/dags/upload_congress_data.py
[2024-06-24T19:22:15.869+0000] {processor.py:830} INFO - Processing file /opt/airflow/dags/upload_congress_data.py for tasks to queue
[2024-06-24T19:22:15.875+0000] {logging_mixin.py:188} INFO - [2024-06-24T19:22:15.874+0000] {dagbag.py:540} INFO - Filling up the DagBag from /opt/airflow/dags/upload_congress_data.py
[2024-06-24T19:22:15.959+0000] {logging_mixin.py:188} INFO - Bucket Name: congress_data_testproject-420401
[2024-06-24T19:22:15.966+0000] {processor.py:840} INFO - DAG(s) 'upload_congress_data' retrieved from /opt/airflow/dags/upload_congress_data.py
[2024-06-24T19:22:15.982+0000] {logging_mixin.py:188} INFO - [2024-06-24T19:22:15.982+0000] {dag.py:3047} INFO - Sync 1 DAGs
[2024-06-24T19:22:15.994+0000] {logging_mixin.py:188} INFO - [2024-06-24T19:22:15.994+0000] {dag.py:3834} INFO - Setting next_dagrun for upload_congress_data to None, run_after=None
[2024-06-24T19:22:16.003+0000] {processor.py:183} INFO - Processing /opt/airflow/dags/upload_congress_data.py took 0.145 seconds
[2024-06-24T19:22:46.296+0000] {processor.py:161} INFO - Started process (PID=5116) to work on /opt/airflow/dags/upload_congress_data.py
[2024-06-24T19:22:46.297+0000] {processor.py:830} INFO - Processing file /opt/airflow/dags/upload_congress_data.py for tasks to queue
[2024-06-24T19:22:46.300+0000] {logging_mixin.py:188} INFO - [2024-06-24T19:22:46.300+0000] {dagbag.py:540} INFO - Filling up the DagBag from /opt/airflow/dags/upload_congress_data.py
[2024-06-24T19:22:46.373+0000] {logging_mixin.py:188} INFO - Bucket Name: congress_data_testproject-420401
[2024-06-24T19:22:46.378+0000] {processor.py:840} INFO - DAG(s) 'upload_congress_data' retrieved from /opt/airflow/dags/upload_congress_data.py
[2024-06-24T19:22:46.392+0000] {logging_mixin.py:188} INFO - [2024-06-24T19:22:46.392+0000] {dag.py:3047} INFO - Sync 1 DAGs
[2024-06-24T19:22:46.401+0000] {logging_mixin.py:188} INFO - [2024-06-24T19:22:46.401+0000] {dag.py:3834} INFO - Setting next_dagrun for upload_congress_data to None, run_after=None
[2024-06-24T19:22:46.409+0000] {processor.py:183} INFO - Processing /opt/airflow/dags/upload_congress_data.py took 0.118 seconds
[2024-06-24T19:23:16.720+0000] {processor.py:161} INFO - Started process (PID=5124) to work on /opt/airflow/dags/upload_congress_data.py
[2024-06-24T19:23:16.722+0000] {processor.py:830} INFO - Processing file /opt/airflow/dags/upload_congress_data.py for tasks to queue
[2024-06-24T19:23:16.728+0000] {logging_mixin.py:188} INFO - [2024-06-24T19:23:16.727+0000] {dagbag.py:540} INFO - Filling up the DagBag from /opt/airflow/dags/upload_congress_data.py
[2024-06-24T19:23:16.813+0000] {logging_mixin.py:188} INFO - Bucket Name: congress_data_testproject-420401
[2024-06-24T19:23:16.826+0000] {processor.py:840} INFO - DAG(s) 'upload_congress_data' retrieved from /opt/airflow/dags/upload_congress_data.py
[2024-06-24T19:23:16.851+0000] {logging_mixin.py:188} INFO - [2024-06-24T19:23:16.851+0000] {dag.py:3047} INFO - Sync 1 DAGs
[2024-06-24T19:23:16.867+0000] {logging_mixin.py:188} INFO - [2024-06-24T19:23:16.866+0000] {dag.py:3834} INFO - Setting next_dagrun for upload_congress_data to None, run_after=None
[2024-06-24T19:23:16.876+0000] {processor.py:183} INFO - Processing /opt/airflow/dags/upload_congress_data.py took 0.164 seconds
[2024-06-24T19:23:47.157+0000] {processor.py:161} INFO - Started process (PID=5132) to work on /opt/airflow/dags/upload_congress_data.py
[2024-06-24T19:23:47.160+0000] {processor.py:830} INFO - Processing file /opt/airflow/dags/upload_congress_data.py for tasks to queue
[2024-06-24T19:23:47.166+0000] {logging_mixin.py:188} INFO - [2024-06-24T19:23:47.165+0000] {dagbag.py:540} INFO - Filling up the DagBag from /opt/airflow/dags/upload_congress_data.py
[2024-06-24T19:23:47.255+0000] {logging_mixin.py:188} INFO - Bucket Name: congress_data_testproject-420401
[2024-06-24T19:23:47.276+0000] {processor.py:840} INFO - DAG(s) 'upload_congress_data' retrieved from /opt/airflow/dags/upload_congress_data.py
[2024-06-24T19:23:47.293+0000] {logging_mixin.py:188} INFO - [2024-06-24T19:23:47.293+0000] {dag.py:3047} INFO - Sync 1 DAGs
[2024-06-24T19:23:47.306+0000] {logging_mixin.py:188} INFO - [2024-06-24T19:23:47.305+0000] {dag.py:3834} INFO - Setting next_dagrun for upload_congress_data to None, run_after=None
[2024-06-24T19:23:47.315+0000] {processor.py:183} INFO - Processing /opt/airflow/dags/upload_congress_data.py took 0.165 seconds
[2024-06-24T19:24:17.580+0000] {processor.py:161} INFO - Started process (PID=5140) to work on /opt/airflow/dags/upload_congress_data.py
[2024-06-24T19:24:17.585+0000] {processor.py:830} INFO - Processing file /opt/airflow/dags/upload_congress_data.py for tasks to queue
[2024-06-24T19:24:17.588+0000] {logging_mixin.py:188} INFO - [2024-06-24T19:24:17.588+0000] {dagbag.py:540} INFO - Filling up the DagBag from /opt/airflow/dags/upload_congress_data.py
[2024-06-24T19:24:17.788+0000] {logging_mixin.py:188} INFO - Bucket Name: congress_data_testproject-420401
[2024-06-24T19:24:17.805+0000] {processor.py:840} INFO - DAG(s) 'upload_congress_data' retrieved from /opt/airflow/dags/upload_congress_data.py
[2024-06-24T19:24:17.828+0000] {logging_mixin.py:188} INFO - [2024-06-24T19:24:17.827+0000] {dag.py:3047} INFO - Sync 1 DAGs
[2024-06-24T19:24:17.850+0000] {logging_mixin.py:188} INFO - [2024-06-24T19:24:17.850+0000] {dag.py:3834} INFO - Setting next_dagrun for upload_congress_data to None, run_after=None
[2024-06-24T19:24:17.875+0000] {processor.py:183} INFO - Processing /opt/airflow/dags/upload_congress_data.py took 0.302 seconds
[2024-06-24T19:24:48.075+0000] {processor.py:161} INFO - Started process (PID=5148) to work on /opt/airflow/dags/upload_congress_data.py
[2024-06-24T19:24:48.077+0000] {processor.py:830} INFO - Processing file /opt/airflow/dags/upload_congress_data.py for tasks to queue
[2024-06-24T19:24:48.082+0000] {logging_mixin.py:188} INFO - [2024-06-24T19:24:48.081+0000] {dagbag.py:540} INFO - Filling up the DagBag from /opt/airflow/dags/upload_congress_data.py
[2024-06-24T19:24:48.190+0000] {logging_mixin.py:188} INFO - Bucket Name: congress_data_testproject-420401
[2024-06-24T19:24:48.201+0000] {processor.py:840} INFO - DAG(s) 'upload_congress_data' retrieved from /opt/airflow/dags/upload_congress_data.py
[2024-06-24T19:24:48.221+0000] {logging_mixin.py:188} INFO - [2024-06-24T19:24:48.220+0000] {dag.py:3047} INFO - Sync 1 DAGs
[2024-06-24T19:24:48.238+0000] {logging_mixin.py:188} INFO - [2024-06-24T19:24:48.238+0000] {dag.py:3834} INFO - Setting next_dagrun for upload_congress_data to None, run_after=None
[2024-06-24T19:24:48.249+0000] {processor.py:183} INFO - Processing /opt/airflow/dags/upload_congress_data.py took 0.190 seconds
[2024-06-24T19:25:18.639+0000] {processor.py:161} INFO - Started process (PID=5156) to work on /opt/airflow/dags/upload_congress_data.py
[2024-06-24T19:25:18.642+0000] {processor.py:830} INFO - Processing file /opt/airflow/dags/upload_congress_data.py for tasks to queue
[2024-06-24T19:25:18.646+0000] {logging_mixin.py:188} INFO - [2024-06-24T19:25:18.646+0000] {dagbag.py:540} INFO - Filling up the DagBag from /opt/airflow/dags/upload_congress_data.py
[2024-06-24T19:25:18.730+0000] {logging_mixin.py:188} INFO - Bucket Name: congress_data_testproject-420401
[2024-06-24T19:25:18.737+0000] {processor.py:840} INFO - DAG(s) 'upload_congress_data' retrieved from /opt/airflow/dags/upload_congress_data.py
[2024-06-24T19:25:18.753+0000] {logging_mixin.py:188} INFO - [2024-06-24T19:25:18.753+0000] {dag.py:3047} INFO - Sync 1 DAGs
[2024-06-24T19:25:18.764+0000] {logging_mixin.py:188} INFO - [2024-06-24T19:25:18.764+0000] {dag.py:3834} INFO - Setting next_dagrun for upload_congress_data to None, run_after=None
[2024-06-24T19:25:18.773+0000] {processor.py:183} INFO - Processing /opt/airflow/dags/upload_congress_data.py took 0.141 seconds
[2024-06-24T19:25:49.014+0000] {processor.py:161} INFO - Started process (PID=5164) to work on /opt/airflow/dags/upload_congress_data.py
[2024-06-24T19:25:49.016+0000] {processor.py:830} INFO - Processing file /opt/airflow/dags/upload_congress_data.py for tasks to queue
[2024-06-24T19:25:49.021+0000] {logging_mixin.py:188} INFO - [2024-06-24T19:25:49.020+0000] {dagbag.py:540} INFO - Filling up the DagBag from /opt/airflow/dags/upload_congress_data.py
[2024-06-24T19:25:49.115+0000] {logging_mixin.py:188} INFO - Bucket Name: congress_data_testproject-420401
[2024-06-24T19:25:49.124+0000] {processor.py:840} INFO - DAG(s) 'upload_congress_data' retrieved from /opt/airflow/dags/upload_congress_data.py
[2024-06-24T19:25:49.142+0000] {logging_mixin.py:188} INFO - [2024-06-24T19:25:49.142+0000] {dag.py:3047} INFO - Sync 1 DAGs
[2024-06-24T19:25:49.156+0000] {logging_mixin.py:188} INFO - [2024-06-24T19:25:49.156+0000] {dag.py:3834} INFO - Setting next_dagrun for upload_congress_data to None, run_after=None
[2024-06-24T19:25:49.165+0000] {processor.py:183} INFO - Processing /opt/airflow/dags/upload_congress_data.py took 0.158 seconds
[2024-06-24T19:26:19.252+0000] {processor.py:161} INFO - Started process (PID=5172) to work on /opt/airflow/dags/upload_congress_data.py
[2024-06-24T19:26:19.255+0000] {processor.py:830} INFO - Processing file /opt/airflow/dags/upload_congress_data.py for tasks to queue
[2024-06-24T19:26:19.260+0000] {logging_mixin.py:188} INFO - [2024-06-24T19:26:19.259+0000] {dagbag.py:540} INFO - Filling up the DagBag from /opt/airflow/dags/upload_congress_data.py
[2024-06-24T19:26:19.359+0000] {logging_mixin.py:188} INFO - Bucket Name: congress_data_testproject-420401
[2024-06-24T19:26:19.367+0000] {processor.py:840} INFO - DAG(s) 'upload_congress_data' retrieved from /opt/airflow/dags/upload_congress_data.py
[2024-06-24T19:26:19.384+0000] {logging_mixin.py:188} INFO - [2024-06-24T19:26:19.383+0000] {dag.py:3047} INFO - Sync 1 DAGs
[2024-06-24T19:26:19.397+0000] {logging_mixin.py:188} INFO - [2024-06-24T19:26:19.397+0000] {dag.py:3834} INFO - Setting next_dagrun for upload_congress_data to None, run_after=None
[2024-06-24T19:26:19.406+0000] {processor.py:183} INFO - Processing /opt/airflow/dags/upload_congress_data.py took 0.167 seconds
[2024-06-24T19:26:49.699+0000] {processor.py:161} INFO - Started process (PID=5180) to work on /opt/airflow/dags/upload_congress_data.py
[2024-06-24T19:26:49.705+0000] {processor.py:830} INFO - Processing file /opt/airflow/dags/upload_congress_data.py for tasks to queue
[2024-06-24T19:26:49.711+0000] {logging_mixin.py:188} INFO - [2024-06-24T19:26:49.710+0000] {dagbag.py:540} INFO - Filling up the DagBag from /opt/airflow/dags/upload_congress_data.py
[2024-06-24T19:26:49.784+0000] {logging_mixin.py:188} INFO - Bucket Name: congress_data_testproject-420401
[2024-06-24T19:26:49.792+0000] {processor.py:840} INFO - DAG(s) 'upload_congress_data' retrieved from /opt/airflow/dags/upload_congress_data.py
[2024-06-24T19:26:49.808+0000] {logging_mixin.py:188} INFO - [2024-06-24T19:26:49.808+0000] {dag.py:3047} INFO - Sync 1 DAGs
[2024-06-24T19:26:49.820+0000] {logging_mixin.py:188} INFO - [2024-06-24T19:26:49.819+0000] {dag.py:3834} INFO - Setting next_dagrun for upload_congress_data to None, run_after=None
[2024-06-24T19:26:49.828+0000] {processor.py:183} INFO - Processing /opt/airflow/dags/upload_congress_data.py took 0.140 seconds
[2024-06-24T19:27:20.134+0000] {processor.py:161} INFO - Started process (PID=5188) to work on /opt/airflow/dags/upload_congress_data.py
[2024-06-24T19:27:20.137+0000] {processor.py:830} INFO - Processing file /opt/airflow/dags/upload_congress_data.py for tasks to queue
[2024-06-24T19:27:20.144+0000] {logging_mixin.py:188} INFO - [2024-06-24T19:27:20.143+0000] {dagbag.py:540} INFO - Filling up the DagBag from /opt/airflow/dags/upload_congress_data.py
[2024-06-24T19:27:20.235+0000] {logging_mixin.py:188} INFO - Bucket Name: congress_data_testproject-420401
[2024-06-24T19:27:20.242+0000] {processor.py:840} INFO - DAG(s) 'upload_congress_data' retrieved from /opt/airflow/dags/upload_congress_data.py
[2024-06-24T19:27:20.258+0000] {logging_mixin.py:188} INFO - [2024-06-24T19:27:20.258+0000] {dag.py:3047} INFO - Sync 1 DAGs
[2024-06-24T19:27:20.271+0000] {logging_mixin.py:188} INFO - [2024-06-24T19:27:20.270+0000] {dag.py:3834} INFO - Setting next_dagrun for upload_congress_data to None, run_after=None
[2024-06-24T19:27:20.280+0000] {processor.py:183} INFO - Processing /opt/airflow/dags/upload_congress_data.py took 0.154 seconds
[2024-06-24T19:27:50.592+0000] {processor.py:161} INFO - Started process (PID=5196) to work on /opt/airflow/dags/upload_congress_data.py
[2024-06-24T19:27:50.595+0000] {processor.py:830} INFO - Processing file /opt/airflow/dags/upload_congress_data.py for tasks to queue
[2024-06-24T19:27:50.599+0000] {logging_mixin.py:188} INFO - [2024-06-24T19:27:50.599+0000] {dagbag.py:540} INFO - Filling up the DagBag from /opt/airflow/dags/upload_congress_data.py
[2024-06-24T19:27:50.688+0000] {logging_mixin.py:188} INFO - Bucket Name: congress_data_testproject-420401
[2024-06-24T19:27:50.696+0000] {processor.py:840} INFO - DAG(s) 'upload_congress_data' retrieved from /opt/airflow/dags/upload_congress_data.py
[2024-06-24T19:27:50.715+0000] {logging_mixin.py:188} INFO - [2024-06-24T19:27:50.715+0000] {dag.py:3047} INFO - Sync 1 DAGs
[2024-06-24T19:27:50.727+0000] {logging_mixin.py:188} INFO - [2024-06-24T19:27:50.727+0000] {dag.py:3834} INFO - Setting next_dagrun for upload_congress_data to None, run_after=None
[2024-06-24T19:27:50.736+0000] {processor.py:183} INFO - Processing /opt/airflow/dags/upload_congress_data.py took 0.150 seconds
[2024-06-24T19:28:21.056+0000] {processor.py:161} INFO - Started process (PID=5204) to work on /opt/airflow/dags/upload_congress_data.py
[2024-06-24T19:28:21.058+0000] {processor.py:830} INFO - Processing file /opt/airflow/dags/upload_congress_data.py for tasks to queue
[2024-06-24T19:28:21.064+0000] {logging_mixin.py:188} INFO - [2024-06-24T19:28:21.063+0000] {dagbag.py:540} INFO - Filling up the DagBag from /opt/airflow/dags/upload_congress_data.py
[2024-06-24T19:28:21.163+0000] {logging_mixin.py:188} INFO - Bucket Name: congress_data_testproject-420401
[2024-06-24T19:28:21.171+0000] {processor.py:840} INFO - DAG(s) 'upload_congress_data' retrieved from /opt/airflow/dags/upload_congress_data.py
[2024-06-24T19:28:21.187+0000] {logging_mixin.py:188} INFO - [2024-06-24T19:28:21.186+0000] {dag.py:3047} INFO - Sync 1 DAGs
[2024-06-24T19:28:21.199+0000] {logging_mixin.py:188} INFO - [2024-06-24T19:28:21.199+0000] {dag.py:3834} INFO - Setting next_dagrun for upload_congress_data to None, run_after=None
[2024-06-24T19:28:21.208+0000] {processor.py:183} INFO - Processing /opt/airflow/dags/upload_congress_data.py took 0.160 seconds
[2024-06-24T19:28:51.468+0000] {processor.py:161} INFO - Started process (PID=5212) to work on /opt/airflow/dags/upload_congress_data.py
[2024-06-24T19:28:51.469+0000] {processor.py:830} INFO - Processing file /opt/airflow/dags/upload_congress_data.py for tasks to queue
[2024-06-24T19:28:51.472+0000] {logging_mixin.py:188} INFO - [2024-06-24T19:28:51.471+0000] {dagbag.py:540} INFO - Filling up the DagBag from /opt/airflow/dags/upload_congress_data.py
[2024-06-24T19:28:51.552+0000] {logging_mixin.py:188} INFO - Bucket Name: congress_data_testproject-420401
[2024-06-24T19:28:51.560+0000] {processor.py:840} INFO - DAG(s) 'upload_congress_data' retrieved from /opt/airflow/dags/upload_congress_data.py
[2024-06-24T19:28:51.583+0000] {logging_mixin.py:188} INFO - [2024-06-24T19:28:51.582+0000] {dag.py:3047} INFO - Sync 1 DAGs
[2024-06-24T19:28:51.597+0000] {logging_mixin.py:188} INFO - [2024-06-24T19:28:51.597+0000] {dag.py:3834} INFO - Setting next_dagrun for upload_congress_data to None, run_after=None
[2024-06-24T19:28:51.610+0000] {processor.py:183} INFO - Processing /opt/airflow/dags/upload_congress_data.py took 0.144 seconds
[2024-06-24T19:29:21.948+0000] {processor.py:161} INFO - Started process (PID=5221) to work on /opt/airflow/dags/upload_congress_data.py
[2024-06-24T19:29:21.949+0000] {processor.py:830} INFO - Processing file /opt/airflow/dags/upload_congress_data.py for tasks to queue
[2024-06-24T19:29:21.953+0000] {logging_mixin.py:188} INFO - [2024-06-24T19:29:21.952+0000] {dagbag.py:540} INFO - Filling up the DagBag from /opt/airflow/dags/upload_congress_data.py
[2024-06-24T19:29:22.051+0000] {logging_mixin.py:188} INFO - Bucket Name: congress_data_testproject-420401
[2024-06-24T19:29:22.060+0000] {processor.py:840} INFO - DAG(s) 'upload_congress_data' retrieved from /opt/airflow/dags/upload_congress_data.py
[2024-06-24T19:29:22.084+0000] {logging_mixin.py:188} INFO - [2024-06-24T19:29:22.084+0000] {dag.py:3047} INFO - Sync 1 DAGs
[2024-06-24T19:29:22.098+0000] {logging_mixin.py:188} INFO - [2024-06-24T19:29:22.098+0000] {dag.py:3834} INFO - Setting next_dagrun for upload_congress_data to None, run_after=None
[2024-06-24T19:29:22.115+0000] {processor.py:183} INFO - Processing /opt/airflow/dags/upload_congress_data.py took 0.172 seconds
[2024-06-24T19:29:52.353+0000] {processor.py:161} INFO - Started process (PID=5229) to work on /opt/airflow/dags/upload_congress_data.py
[2024-06-24T19:29:52.355+0000] {processor.py:830} INFO - Processing file /opt/airflow/dags/upload_congress_data.py for tasks to queue
[2024-06-24T19:29:52.359+0000] {logging_mixin.py:188} INFO - [2024-06-24T19:29:52.359+0000] {dagbag.py:540} INFO - Filling up the DagBag from /opt/airflow/dags/upload_congress_data.py
[2024-06-24T19:29:52.461+0000] {logging_mixin.py:188} INFO - Bucket Name: congress_data_testproject-420401
[2024-06-24T19:29:52.470+0000] {processor.py:840} INFO - DAG(s) 'upload_congress_data' retrieved from /opt/airflow/dags/upload_congress_data.py
[2024-06-24T19:29:52.488+0000] {logging_mixin.py:188} INFO - [2024-06-24T19:29:52.488+0000] {dag.py:3047} INFO - Sync 1 DAGs
[2024-06-24T19:29:52.501+0000] {logging_mixin.py:188} INFO - [2024-06-24T19:29:52.501+0000] {dag.py:3834} INFO - Setting next_dagrun for upload_congress_data to None, run_after=None
[2024-06-24T19:29:52.509+0000] {processor.py:183} INFO - Processing /opt/airflow/dags/upload_congress_data.py took 0.168 seconds
[2024-06-24T19:30:23.038+0000] {processor.py:161} INFO - Started process (PID=5238) to work on /opt/airflow/dags/upload_congress_data.py
[2024-06-24T19:30:23.040+0000] {processor.py:830} INFO - Processing file /opt/airflow/dags/upload_congress_data.py for tasks to queue
[2024-06-24T19:30:23.044+0000] {logging_mixin.py:188} INFO - [2024-06-24T19:30:23.044+0000] {dagbag.py:540} INFO - Filling up the DagBag from /opt/airflow/dags/upload_congress_data.py
[2024-06-24T19:30:23.148+0000] {logging_mixin.py:188} INFO - Bucket Name: congress_data_testproject-420401
[2024-06-24T19:30:23.157+0000] {processor.py:840} INFO - DAG(s) 'upload_congress_data' retrieved from /opt/airflow/dags/upload_congress_data.py
[2024-06-24T19:30:23.174+0000] {logging_mixin.py:188} INFO - [2024-06-24T19:30:23.174+0000] {dag.py:3047} INFO - Sync 1 DAGs
[2024-06-24T19:30:23.186+0000] {logging_mixin.py:188} INFO - [2024-06-24T19:30:23.186+0000] {dag.py:3834} INFO - Setting next_dagrun for upload_congress_data to None, run_after=None
[2024-06-24T19:30:23.195+0000] {processor.py:183} INFO - Processing /opt/airflow/dags/upload_congress_data.py took 0.163 seconds
[2024-06-24T20:01:42.419+0000] {processor.py:161} INFO - Started process (PID=5246) to work on /opt/airflow/dags/upload_congress_data.py
[2024-06-24T20:01:42.421+0000] {processor.py:830} INFO - Processing file /opt/airflow/dags/upload_congress_data.py for tasks to queue
[2024-06-24T20:01:42.433+0000] {logging_mixin.py:188} INFO - [2024-06-24T20:01:42.429+0000] {dagbag.py:540} INFO - Filling up the DagBag from /opt/airflow/dags/upload_congress_data.py
[2024-06-24T20:01:42.642+0000] {logging_mixin.py:188} INFO - Bucket Name: congress_data_testproject-420401
[2024-06-24T20:01:42.663+0000] {processor.py:840} INFO - DAG(s) 'upload_congress_data' retrieved from /opt/airflow/dags/upload_congress_data.py
[2024-06-24T20:01:42.721+0000] {logging_mixin.py:188} INFO - [2024-06-24T20:01:42.721+0000] {dag.py:3047} INFO - Sync 1 DAGs
[2024-06-24T20:01:42.750+0000] {logging_mixin.py:188} INFO - [2024-06-24T20:01:42.750+0000] {dag.py:3834} INFO - Setting next_dagrun for upload_congress_data to None, run_after=None
[2024-06-24T20:01:42.773+0000] {processor.py:183} INFO - Processing /opt/airflow/dags/upload_congress_data.py took 0.362 seconds
[2024-06-24T20:02:12.917+0000] {processor.py:161} INFO - Started process (PID=5254) to work on /opt/airflow/dags/upload_congress_data.py
[2024-06-24T20:02:12.919+0000] {processor.py:830} INFO - Processing file /opt/airflow/dags/upload_congress_data.py for tasks to queue
[2024-06-24T20:02:12.924+0000] {logging_mixin.py:188} INFO - [2024-06-24T20:02:12.923+0000] {dagbag.py:540} INFO - Filling up the DagBag from /opt/airflow/dags/upload_congress_data.py
[2024-06-24T20:02:13.011+0000] {logging_mixin.py:188} INFO - Bucket Name: congress_data_testproject-420401
[2024-06-24T20:02:13.018+0000] {processor.py:840} INFO - DAG(s) 'upload_congress_data' retrieved from /opt/airflow/dags/upload_congress_data.py
[2024-06-24T20:02:13.034+0000] {logging_mixin.py:188} INFO - [2024-06-24T20:02:13.034+0000] {dag.py:3047} INFO - Sync 1 DAGs
[2024-06-24T20:02:13.046+0000] {logging_mixin.py:188} INFO - [2024-06-24T20:02:13.045+0000] {dag.py:3834} INFO - Setting next_dagrun for upload_congress_data to None, run_after=None
[2024-06-24T20:02:13.054+0000] {processor.py:183} INFO - Processing /opt/airflow/dags/upload_congress_data.py took 0.143 seconds
[2024-06-24T20:02:43.449+0000] {processor.py:161} INFO - Started process (PID=5262) to work on /opt/airflow/dags/upload_congress_data.py
[2024-06-24T20:02:43.452+0000] {processor.py:830} INFO - Processing file /opt/airflow/dags/upload_congress_data.py for tasks to queue
[2024-06-24T20:02:43.458+0000] {logging_mixin.py:188} INFO - [2024-06-24T20:02:43.457+0000] {dagbag.py:540} INFO - Filling up the DagBag from /opt/airflow/dags/upload_congress_data.py
[2024-06-24T20:02:43.578+0000] {logging_mixin.py:188} INFO - Bucket Name: congress_data_testproject-420401
[2024-06-24T20:02:43.587+0000] {processor.py:840} INFO - DAG(s) 'upload_congress_data' retrieved from /opt/airflow/dags/upload_congress_data.py
[2024-06-24T20:02:43.606+0000] {logging_mixin.py:188} INFO - [2024-06-24T20:02:43.606+0000] {dag.py:3047} INFO - Sync 1 DAGs
[2024-06-24T20:02:43.638+0000] {logging_mixin.py:188} INFO - [2024-06-24T20:02:43.638+0000] {dag.py:3834} INFO - Setting next_dagrun for upload_congress_data to None, run_after=None
[2024-06-24T20:02:43.654+0000] {processor.py:183} INFO - Processing /opt/airflow/dags/upload_congress_data.py took 0.213 seconds
[2024-06-24T20:03:13.967+0000] {processor.py:161} INFO - Started process (PID=5270) to work on /opt/airflow/dags/upload_congress_data.py
[2024-06-24T20:03:13.970+0000] {processor.py:830} INFO - Processing file /opt/airflow/dags/upload_congress_data.py for tasks to queue
[2024-06-24T20:03:13.975+0000] {logging_mixin.py:188} INFO - [2024-06-24T20:03:13.974+0000] {dagbag.py:540} INFO - Filling up the DagBag from /opt/airflow/dags/upload_congress_data.py
[2024-06-24T20:03:14.100+0000] {logging_mixin.py:188} INFO - Bucket Name: congress_data_testproject-420401
[2024-06-24T20:03:14.112+0000] {processor.py:840} INFO - DAG(s) 'upload_congress_data' retrieved from /opt/airflow/dags/upload_congress_data.py
[2024-06-24T20:03:14.132+0000] {logging_mixin.py:188} INFO - [2024-06-24T20:03:14.132+0000] {dag.py:3047} INFO - Sync 1 DAGs
[2024-06-24T20:03:14.149+0000] {logging_mixin.py:188} INFO - [2024-06-24T20:03:14.149+0000] {dag.py:3834} INFO - Setting next_dagrun for upload_congress_data to None, run_after=None
[2024-06-24T20:03:14.163+0000] {processor.py:183} INFO - Processing /opt/airflow/dags/upload_congress_data.py took 0.204 seconds
[2024-06-24T20:03:44.419+0000] {processor.py:161} INFO - Started process (PID=5278) to work on /opt/airflow/dags/upload_congress_data.py
[2024-06-24T20:03:44.421+0000] {processor.py:830} INFO - Processing file /opt/airflow/dags/upload_congress_data.py for tasks to queue
[2024-06-24T20:03:44.424+0000] {logging_mixin.py:188} INFO - [2024-06-24T20:03:44.424+0000] {dagbag.py:540} INFO - Filling up the DagBag from /opt/airflow/dags/upload_congress_data.py
[2024-06-24T20:03:44.521+0000] {logging_mixin.py:188} INFO - Bucket Name: congress_data_testproject-420401
[2024-06-24T20:03:44.531+0000] {processor.py:840} INFO - DAG(s) 'upload_congress_data' retrieved from /opt/airflow/dags/upload_congress_data.py
[2024-06-24T20:03:44.550+0000] {logging_mixin.py:188} INFO - [2024-06-24T20:03:44.550+0000] {dag.py:3047} INFO - Sync 1 DAGs
[2024-06-24T20:03:44.563+0000] {logging_mixin.py:188} INFO - [2024-06-24T20:03:44.563+0000] {dag.py:3834} INFO - Setting next_dagrun for upload_congress_data to None, run_after=None
[2024-06-24T20:03:44.573+0000] {processor.py:183} INFO - Processing /opt/airflow/dags/upload_congress_data.py took 0.159 seconds
[2024-06-24T20:04:14.804+0000] {processor.py:161} INFO - Started process (PID=5286) to work on /opt/airflow/dags/upload_congress_data.py
[2024-06-24T20:04:14.807+0000] {processor.py:830} INFO - Processing file /opt/airflow/dags/upload_congress_data.py for tasks to queue
[2024-06-24T20:04:14.811+0000] {logging_mixin.py:188} INFO - [2024-06-24T20:04:14.811+0000] {dagbag.py:540} INFO - Filling up the DagBag from /opt/airflow/dags/upload_congress_data.py
[2024-06-24T20:04:14.910+0000] {logging_mixin.py:188} INFO - Bucket Name: congress_data_testproject-420401
[2024-06-24T20:04:14.918+0000] {processor.py:840} INFO - DAG(s) 'upload_congress_data' retrieved from /opt/airflow/dags/upload_congress_data.py
[2024-06-24T20:04:14.935+0000] {logging_mixin.py:188} INFO - [2024-06-24T20:04:14.935+0000] {dag.py:3047} INFO - Sync 1 DAGs
[2024-06-24T20:04:14.949+0000] {logging_mixin.py:188} INFO - [2024-06-24T20:04:14.949+0000] {dag.py:3834} INFO - Setting next_dagrun for upload_congress_data to None, run_after=None
[2024-06-24T20:04:14.958+0000] {processor.py:183} INFO - Processing /opt/airflow/dags/upload_congress_data.py took 0.160 seconds
[2024-06-24T20:04:45.180+0000] {processor.py:161} INFO - Started process (PID=5294) to work on /opt/airflow/dags/upload_congress_data.py
[2024-06-24T20:04:45.182+0000] {processor.py:830} INFO - Processing file /opt/airflow/dags/upload_congress_data.py for tasks to queue
[2024-06-24T20:04:45.185+0000] {logging_mixin.py:188} INFO - [2024-06-24T20:04:45.184+0000] {dagbag.py:540} INFO - Filling up the DagBag from /opt/airflow/dags/upload_congress_data.py
[2024-06-24T20:04:45.272+0000] {logging_mixin.py:188} INFO - Bucket Name: congress_data_testproject-420401
[2024-06-24T20:04:45.281+0000] {processor.py:840} INFO - DAG(s) 'upload_congress_data' retrieved from /opt/airflow/dags/upload_congress_data.py
[2024-06-24T20:04:45.298+0000] {logging_mixin.py:188} INFO - [2024-06-24T20:04:45.298+0000] {dag.py:3047} INFO - Sync 1 DAGs
[2024-06-24T20:04:45.311+0000] {logging_mixin.py:188} INFO - [2024-06-24T20:04:45.311+0000] {dag.py:3834} INFO - Setting next_dagrun for upload_congress_data to None, run_after=None
[2024-06-24T20:04:45.320+0000] {processor.py:183} INFO - Processing /opt/airflow/dags/upload_congress_data.py took 0.145 seconds
[2024-06-24T20:05:15.616+0000] {processor.py:161} INFO - Started process (PID=5302) to work on /opt/airflow/dags/upload_congress_data.py
[2024-06-24T20:05:15.621+0000] {processor.py:830} INFO - Processing file /opt/airflow/dags/upload_congress_data.py for tasks to queue
[2024-06-24T20:05:15.631+0000] {logging_mixin.py:188} INFO - [2024-06-24T20:05:15.630+0000] {dagbag.py:540} INFO - Filling up the DagBag from /opt/airflow/dags/upload_congress_data.py
[2024-06-24T20:05:15.737+0000] {logging_mixin.py:188} INFO - Bucket Name: congress_data_testproject-420401
[2024-06-24T20:05:15.747+0000] {processor.py:840} INFO - DAG(s) 'upload_congress_data' retrieved from /opt/airflow/dags/upload_congress_data.py
[2024-06-24T20:05:15.767+0000] {logging_mixin.py:188} INFO - [2024-06-24T20:05:15.766+0000] {dag.py:3047} INFO - Sync 1 DAGs
[2024-06-24T20:05:15.782+0000] {logging_mixin.py:188} INFO - [2024-06-24T20:05:15.782+0000] {dag.py:3834} INFO - Setting next_dagrun for upload_congress_data to None, run_after=None
[2024-06-24T20:05:15.793+0000] {processor.py:183} INFO - Processing /opt/airflow/dags/upload_congress_data.py took 0.193 seconds
[2024-06-24T20:05:46.020+0000] {processor.py:161} INFO - Started process (PID=5310) to work on /opt/airflow/dags/upload_congress_data.py
[2024-06-24T20:05:46.022+0000] {processor.py:830} INFO - Processing file /opt/airflow/dags/upload_congress_data.py for tasks to queue
[2024-06-24T20:05:46.026+0000] {logging_mixin.py:188} INFO - [2024-06-24T20:05:46.025+0000] {dagbag.py:540} INFO - Filling up the DagBag from /opt/airflow/dags/upload_congress_data.py
[2024-06-24T20:05:46.111+0000] {logging_mixin.py:188} INFO - Bucket Name: congress_data_testproject-420401
[2024-06-24T20:05:46.118+0000] {processor.py:840} INFO - DAG(s) 'upload_congress_data' retrieved from /opt/airflow/dags/upload_congress_data.py
[2024-06-24T20:05:46.134+0000] {logging_mixin.py:188} INFO - [2024-06-24T20:05:46.134+0000] {dag.py:3047} INFO - Sync 1 DAGs
[2024-06-24T20:05:46.146+0000] {logging_mixin.py:188} INFO - [2024-06-24T20:05:46.146+0000] {dag.py:3834} INFO - Setting next_dagrun for upload_congress_data to None, run_after=None
[2024-06-24T20:05:46.154+0000] {processor.py:183} INFO - Processing /opt/airflow/dags/upload_congress_data.py took 0.140 seconds
[2024-06-24T20:06:16.504+0000] {processor.py:161} INFO - Started process (PID=5318) to work on /opt/airflow/dags/upload_congress_data.py
[2024-06-24T20:06:16.506+0000] {processor.py:830} INFO - Processing file /opt/airflow/dags/upload_congress_data.py for tasks to queue
[2024-06-24T20:06:16.509+0000] {logging_mixin.py:188} INFO - [2024-06-24T20:06:16.508+0000] {dagbag.py:540} INFO - Filling up the DagBag from /opt/airflow/dags/upload_congress_data.py
[2024-06-24T20:06:16.581+0000] {logging_mixin.py:188} INFO - Bucket Name: congress_data_testproject-420401
[2024-06-24T20:06:16.586+0000] {processor.py:840} INFO - DAG(s) 'upload_congress_data' retrieved from /opt/airflow/dags/upload_congress_data.py
[2024-06-24T20:06:16.600+0000] {logging_mixin.py:188} INFO - [2024-06-24T20:06:16.600+0000] {dag.py:3047} INFO - Sync 1 DAGs
[2024-06-24T20:06:16.609+0000] {logging_mixin.py:188} INFO - [2024-06-24T20:06:16.609+0000] {dag.py:3834} INFO - Setting next_dagrun for upload_congress_data to None, run_after=None
[2024-06-24T20:06:16.617+0000] {processor.py:183} INFO - Processing /opt/airflow/dags/upload_congress_data.py took 0.118 seconds
[2024-06-24T21:46:51.913+0000] {processor.py:161} INFO - Started process (PID=5326) to work on /opt/airflow/dags/upload_congress_data.py
[2024-06-24T21:46:51.914+0000] {processor.py:830} INFO - Processing file /opt/airflow/dags/upload_congress_data.py for tasks to queue
[2024-06-24T21:46:51.919+0000] {logging_mixin.py:188} INFO - [2024-06-24T21:46:51.918+0000] {dagbag.py:540} INFO - Filling up the DagBag from /opt/airflow/dags/upload_congress_data.py
[2024-06-24T21:46:52.209+0000] {logging_mixin.py:188} INFO - Bucket Name: congress_data_testproject-420401
[2024-06-24T21:46:52.241+0000] {processor.py:840} INFO - DAG(s) 'upload_congress_data' retrieved from /opt/airflow/dags/upload_congress_data.py
[2024-06-24T21:46:52.331+0000] {logging_mixin.py:188} INFO - [2024-06-24T21:46:52.331+0000] {dag.py:3047} INFO - Sync 1 DAGs
[2024-06-24T21:46:52.399+0000] {logging_mixin.py:188} INFO - [2024-06-24T21:46:52.397+0000] {dag.py:3834} INFO - Setting next_dagrun for upload_congress_data to None, run_after=None
[2024-06-24T21:46:52.441+0000] {processor.py:183} INFO - Processing /opt/airflow/dags/upload_congress_data.py took 0.532 seconds
[2024-06-24T21:57:46.213+0000] {processor.py:161} INFO - Started process (PID=5334) to work on /opt/airflow/dags/upload_congress_data.py
[2024-06-24T21:57:46.225+0000] {processor.py:830} INFO - Processing file /opt/airflow/dags/upload_congress_data.py for tasks to queue
[2024-06-24T21:57:46.255+0000] {logging_mixin.py:188} INFO - [2024-06-24T21:57:46.254+0000] {dagbag.py:540} INFO - Filling up the DagBag from /opt/airflow/dags/upload_congress_data.py
[2024-06-24T21:57:46.422+0000] {logging_mixin.py:188} INFO - Bucket Name: congress_data_testproject-420401
[2024-06-24T21:57:46.438+0000] {processor.py:840} INFO - DAG(s) 'upload_congress_data' retrieved from /opt/airflow/dags/upload_congress_data.py
[2024-06-24T21:57:46.489+0000] {logging_mixin.py:188} INFO - [2024-06-24T21:57:46.489+0000] {dag.py:3047} INFO - Sync 1 DAGs
[2024-06-24T21:57:46.515+0000] {logging_mixin.py:188} INFO - [2024-06-24T21:57:46.515+0000] {dag.py:3834} INFO - Setting next_dagrun for upload_congress_data to None, run_after=None
[2024-06-24T21:57:46.556+0000] {processor.py:183} INFO - Processing /opt/airflow/dags/upload_congress_data.py took 0.375 seconds
[2024-06-24T23:11:16.457+0000] {processor.py:161} INFO - Started process (PID=5342) to work on /opt/airflow/dags/upload_congress_data.py
[2024-06-24T23:11:16.460+0000] {processor.py:830} INFO - Processing file /opt/airflow/dags/upload_congress_data.py for tasks to queue
[2024-06-24T23:11:16.469+0000] {logging_mixin.py:188} INFO - [2024-06-24T23:11:16.468+0000] {dagbag.py:540} INFO - Filling up the DagBag from /opt/airflow/dags/upload_congress_data.py
[2024-06-24T23:11:16.615+0000] {logging_mixin.py:188} INFO - Bucket Name: congress_data_testproject-420401
[2024-06-24T23:11:16.631+0000] {processor.py:840} INFO - DAG(s) 'upload_congress_data' retrieved from /opt/airflow/dags/upload_congress_data.py
[2024-06-24T23:11:16.673+0000] {logging_mixin.py:188} INFO - [2024-06-24T23:11:16.673+0000] {dag.py:3047} INFO - Sync 1 DAGs
[2024-06-24T23:11:16.715+0000] {logging_mixin.py:188} INFO - [2024-06-24T23:11:16.715+0000] {dag.py:3834} INFO - Setting next_dagrun for upload_congress_data to None, run_after=None
[2024-06-24T23:11:16.749+0000] {processor.py:183} INFO - Processing /opt/airflow/dags/upload_congress_data.py took 0.301 seconds
[2024-06-24T23:15:15.900+0000] {processor.py:161} INFO - Started process (PID=5350) to work on /opt/airflow/dags/upload_congress_data.py
[2024-06-24T23:15:15.904+0000] {processor.py:830} INFO - Processing file /opt/airflow/dags/upload_congress_data.py for tasks to queue
[2024-06-24T23:15:15.915+0000] {logging_mixin.py:188} INFO - [2024-06-24T23:15:15.912+0000] {dagbag.py:540} INFO - Filling up the DagBag from /opt/airflow/dags/upload_congress_data.py
[2024-06-24T23:15:16.173+0000] {logging_mixin.py:188} INFO - Bucket Name: congress_data_testproject-420401
[2024-06-24T23:15:16.203+0000] {processor.py:840} INFO - DAG(s) 'upload_congress_data' retrieved from /opt/airflow/dags/upload_congress_data.py
[2024-06-24T23:15:16.396+0000] {logging_mixin.py:188} INFO - [2024-06-24T23:15:16.396+0000] {dag.py:3047} INFO - Sync 1 DAGs
[2024-06-24T23:15:16.484+0000] {logging_mixin.py:188} INFO - [2024-06-24T23:15:16.484+0000] {dag.py:3834} INFO - Setting next_dagrun for upload_congress_data to None, run_after=None
[2024-06-24T23:15:16.540+0000] {processor.py:183} INFO - Processing /opt/airflow/dags/upload_congress_data.py took 0.650 seconds
[2024-06-24T23:15:47.462+0000] {processor.py:161} INFO - Started process (PID=5359) to work on /opt/airflow/dags/upload_congress_data.py
[2024-06-24T23:15:47.464+0000] {processor.py:830} INFO - Processing file /opt/airflow/dags/upload_congress_data.py for tasks to queue
[2024-06-24T23:15:47.468+0000] {logging_mixin.py:188} INFO - [2024-06-24T23:15:47.467+0000] {dagbag.py:540} INFO - Filling up the DagBag from /opt/airflow/dags/upload_congress_data.py
[2024-06-24T23:15:47.555+0000] {logging_mixin.py:188} INFO - Bucket Name: congress_data_testproject-420401
[2024-06-24T23:15:47.563+0000] {processor.py:840} INFO - DAG(s) 'upload_congress_data' retrieved from /opt/airflow/dags/upload_congress_data.py
[2024-06-24T23:15:47.582+0000] {logging_mixin.py:188} INFO - [2024-06-24T23:15:47.582+0000] {dag.py:3047} INFO - Sync 1 DAGs
[2024-06-24T23:15:47.596+0000] {logging_mixin.py:188} INFO - [2024-06-24T23:15:47.596+0000] {dag.py:3834} INFO - Setting next_dagrun for upload_congress_data to None, run_after=None
[2024-06-24T23:15:47.605+0000] {processor.py:183} INFO - Processing /opt/airflow/dags/upload_congress_data.py took 0.148 seconds
[2024-06-24T23:16:18.401+0000] {processor.py:161} INFO - Started process (PID=5367) to work on /opt/airflow/dags/upload_congress_data.py
[2024-06-24T23:16:18.402+0000] {processor.py:830} INFO - Processing file /opt/airflow/dags/upload_congress_data.py for tasks to queue
[2024-06-24T23:16:18.405+0000] {logging_mixin.py:188} INFO - [2024-06-24T23:16:18.404+0000] {dagbag.py:540} INFO - Filling up the DagBag from /opt/airflow/dags/upload_congress_data.py
[2024-06-24T23:16:18.473+0000] {logging_mixin.py:188} INFO - Bucket Name: congress_data_testproject-420401
[2024-06-24T23:16:18.479+0000] {processor.py:840} INFO - DAG(s) 'upload_congress_data' retrieved from /opt/airflow/dags/upload_congress_data.py
[2024-06-24T23:16:18.493+0000] {logging_mixin.py:188} INFO - [2024-06-24T23:16:18.493+0000] {dag.py:3047} INFO - Sync 1 DAGs
[2024-06-24T23:16:18.503+0000] {logging_mixin.py:188} INFO - [2024-06-24T23:16:18.503+0000] {dag.py:3834} INFO - Setting next_dagrun for upload_congress_data to None, run_after=None
[2024-06-24T23:16:18.722+0000] {processor.py:183} INFO - Processing /opt/airflow/dags/upload_congress_data.py took 0.326 seconds
