[2024-04-10T00:37:04.299+0000] {processor.py:161} INFO - Started process (PID=3968) to work on /opt/airflow/dags/data/hr/BILLSTATUS-118-hr.zip
[2024-04-10T00:37:04.302+0000] {processor.py:830} INFO - Processing file /opt/airflow/dags/data/hr/BILLSTATUS-118-hr.zip for tasks to queue
[2024-04-10T00:37:04.304+0000] {logging_mixin.py:188} INFO - [2024-04-10T00:37:04.303+0000] {dagbag.py:540} INFO - Filling up the DagBag from /opt/airflow/dags/data/hr/BILLSTATUS-118-hr.zip
[2024-04-10T00:37:04.502+0000] {processor.py:842} WARNING - No viable dags retrieved from /opt/airflow/dags/data/hr/BILLSTATUS-118-hr.zip
[2024-04-10T00:37:04.525+0000] {processor.py:183} INFO - Processing /opt/airflow/dags/data/hr/BILLSTATUS-118-hr.zip took 0.236 seconds
[2024-04-10T00:37:36.053+0000] {processor.py:161} INFO - Started process (PID=3978) to work on /opt/airflow/dags/data/hr/BILLSTATUS-118-hr.zip
[2024-04-10T00:37:36.055+0000] {processor.py:830} INFO - Processing file /opt/airflow/dags/data/hr/BILLSTATUS-118-hr.zip for tasks to queue
[2024-04-10T00:37:36.057+0000] {logging_mixin.py:188} INFO - [2024-04-10T00:37:36.056+0000] {dagbag.py:540} INFO - Filling up the DagBag from /opt/airflow/dags/data/hr/BILLSTATUS-118-hr.zip
[2024-04-10T00:37:36.132+0000] {processor.py:842} WARNING - No viable dags retrieved from /opt/airflow/dags/data/hr/BILLSTATUS-118-hr.zip
[2024-04-10T00:37:36.157+0000] {processor.py:183} INFO - Processing /opt/airflow/dags/data/hr/BILLSTATUS-118-hr.zip took 0.110 seconds
[2024-04-10T19:41:57.236+0000] {processor.py:161} INFO - Started process (PID=1082) to work on /opt/airflow/dags/data/hr/BILLSTATUS-118-hr.zip
[2024-04-10T19:41:57.238+0000] {processor.py:830} INFO - Processing file /opt/airflow/dags/data/hr/BILLSTATUS-118-hr.zip for tasks to queue
[2024-04-10T19:41:57.244+0000] {logging_mixin.py:188} INFO - [2024-04-10T19:41:57.243+0000] {dagbag.py:540} INFO - Filling up the DagBag from /opt/airflow/dags/data/hr/BILLSTATUS-118-hr.zip
[2024-04-10T19:41:57.386+0000] {processor.py:842} WARNING - No viable dags retrieved from /opt/airflow/dags/data/hr/BILLSTATUS-118-hr.zip
[2024-04-10T19:41:57.439+0000] {processor.py:183} INFO - Processing /opt/airflow/dags/data/hr/BILLSTATUS-118-hr.zip took 0.210 seconds
[2024-04-10T20:06:57.597+0000] {processor.py:161} INFO - Started process (PID=1540) to work on /opt/airflow/dags/data/hr/BILLSTATUS-118-hr.zip
[2024-04-10T20:06:57.600+0000] {processor.py:830} INFO - Processing file /opt/airflow/dags/data/hr/BILLSTATUS-118-hr.zip for tasks to queue
[2024-04-10T20:06:57.603+0000] {logging_mixin.py:188} INFO - [2024-04-10T20:06:57.602+0000] {dagbag.py:540} INFO - Filling up the DagBag from /opt/airflow/dags/data/hr/BILLSTATUS-118-hr.zip
[2024-04-10T20:06:57.753+0000] {processor.py:842} WARNING - No viable dags retrieved from /opt/airflow/dags/data/hr/BILLSTATUS-118-hr.zip
[2024-04-10T20:06:57.785+0000] {processor.py:183} INFO - Processing /opt/airflow/dags/data/hr/BILLSTATUS-118-hr.zip took 0.198 seconds
