[2024-06-22T01:03:25.343+0000] {processor.py:161} INFO - Started process (PID=4636) to work on /opt/airflow/dags/upload_congress_data.py
[2024-06-22T01:03:25.345+0000] {processor.py:830} INFO - Processing file /opt/airflow/dags/upload_congress_data.py for tasks to queue
[2024-06-22T01:03:25.352+0000] {logging_mixin.py:188} INFO - [2024-06-22T01:03:25.351+0000] {dagbag.py:540} INFO - Filling up the DagBag from /opt/airflow/dags/upload_congress_data.py
[2024-06-22T01:03:25.497+0000] {logging_mixin.py:188} INFO - Bucket Name: congress_data_testproject-420401
[2024-06-22T01:03:25.506+0000] {processor.py:840} INFO - DAG(s) 'upload_congress_data' retrieved from /opt/airflow/dags/upload_congress_data.py
[2024-06-22T01:03:25.582+0000] {logging_mixin.py:188} INFO - [2024-06-22T01:03:25.582+0000] {dag.py:3047} INFO - Sync 1 DAGs
[2024-06-22T01:03:25.593+0000] {logging_mixin.py:188} INFO - [2024-06-22T01:03:25.593+0000] {dag.py:3834} INFO - Setting next_dagrun for upload_congress_data to None, run_after=None
[2024-06-22T01:03:25.605+0000] {processor.py:183} INFO - Processing /opt/airflow/dags/upload_congress_data.py took 0.271 seconds
[2024-06-22T02:21:45.448+0000] {processor.py:161} INFO - Started process (PID=4644) to work on /opt/airflow/dags/upload_congress_data.py
[2024-06-22T02:21:45.450+0000] {processor.py:830} INFO - Processing file /opt/airflow/dags/upload_congress_data.py for tasks to queue
[2024-06-22T02:21:45.469+0000] {logging_mixin.py:188} INFO - [2024-06-22T02:21:45.468+0000] {dagbag.py:540} INFO - Filling up the DagBag from /opt/airflow/dags/upload_congress_data.py
[2024-06-22T02:21:45.639+0000] {logging_mixin.py:188} INFO - Bucket Name: congress_data_testproject-420401
[2024-06-22T02:21:45.658+0000] {processor.py:840} INFO - DAG(s) 'upload_congress_data' retrieved from /opt/airflow/dags/upload_congress_data.py
[2024-06-22T02:21:45.781+0000] {logging_mixin.py:188} INFO - [2024-06-22T02:21:45.780+0000] {dag.py:3047} INFO - Sync 1 DAGs
[2024-06-22T02:21:45.809+0000] {logging_mixin.py:188} INFO - [2024-06-22T02:21:45.809+0000] {dag.py:3834} INFO - Setting next_dagrun for upload_congress_data to None, run_after=None
[2024-06-22T02:21:45.850+0000] {processor.py:183} INFO - Processing /opt/airflow/dags/upload_congress_data.py took 0.411 seconds
[2024-06-22T03:40:47.284+0000] {processor.py:161} INFO - Started process (PID=4652) to work on /opt/airflow/dags/upload_congress_data.py
[2024-06-22T03:40:47.285+0000] {processor.py:830} INFO - Processing file /opt/airflow/dags/upload_congress_data.py for tasks to queue
[2024-06-22T03:40:47.288+0000] {logging_mixin.py:188} INFO - [2024-06-22T03:40:47.288+0000] {dagbag.py:540} INFO - Filling up the DagBag from /opt/airflow/dags/upload_congress_data.py
[2024-06-22T03:40:47.401+0000] {logging_mixin.py:188} INFO - Bucket Name: congress_data_testproject-420401
[2024-06-22T03:40:47.412+0000] {processor.py:840} INFO - DAG(s) 'upload_congress_data' retrieved from /opt/airflow/dags/upload_congress_data.py
[2024-06-22T03:40:47.435+0000] {logging_mixin.py:188} INFO - [2024-06-22T03:40:47.435+0000] {dag.py:3047} INFO - Sync 1 DAGs
[2024-06-22T03:40:47.457+0000] {logging_mixin.py:188} INFO - [2024-06-22T03:40:47.457+0000] {dag.py:3834} INFO - Setting next_dagrun for upload_congress_data to None, run_after=None
[2024-06-22T03:40:47.476+0000] {processor.py:183} INFO - Processing /opt/airflow/dags/upload_congress_data.py took 0.195 seconds
[2024-06-22T04:38:27.877+0000] {processor.py:161} INFO - Started process (PID=4660) to work on /opt/airflow/dags/upload_congress_data.py
[2024-06-22T04:38:27.878+0000] {processor.py:830} INFO - Processing file /opt/airflow/dags/upload_congress_data.py for tasks to queue
[2024-06-22T04:38:27.880+0000] {logging_mixin.py:188} INFO - [2024-06-22T04:38:27.880+0000] {dagbag.py:540} INFO - Filling up the DagBag from /opt/airflow/dags/upload_congress_data.py
[2024-06-22T04:38:27.982+0000] {logging_mixin.py:188} INFO - Bucket Name: congress_data_testproject-420401
[2024-06-22T04:38:27.989+0000] {processor.py:840} INFO - DAG(s) 'upload_congress_data' retrieved from /opt/airflow/dags/upload_congress_data.py
[2024-06-22T04:38:28.006+0000] {logging_mixin.py:188} INFO - [2024-06-22T04:38:28.006+0000] {dag.py:3047} INFO - Sync 1 DAGs
[2024-06-22T04:38:28.018+0000] {logging_mixin.py:188} INFO - [2024-06-22T04:38:28.018+0000] {dag.py:3834} INFO - Setting next_dagrun for upload_congress_data to None, run_after=None
[2024-06-22T04:38:28.026+0000] {processor.py:183} INFO - Processing /opt/airflow/dags/upload_congress_data.py took 0.153 seconds
[2024-06-22T06:13:30.612+0000] {processor.py:161} INFO - Started process (PID=4668) to work on /opt/airflow/dags/upload_congress_data.py
[2024-06-22T06:13:30.613+0000] {processor.py:830} INFO - Processing file /opt/airflow/dags/upload_congress_data.py for tasks to queue
[2024-06-22T06:13:30.616+0000] {logging_mixin.py:188} INFO - [2024-06-22T06:13:30.615+0000] {dagbag.py:540} INFO - Filling up the DagBag from /opt/airflow/dags/upload_congress_data.py
[2024-06-22T06:13:30.727+0000] {logging_mixin.py:188} INFO - Bucket Name: congress_data_testproject-420401
[2024-06-22T06:13:30.738+0000] {processor.py:840} INFO - DAG(s) 'upload_congress_data' retrieved from /opt/airflow/dags/upload_congress_data.py
[2024-06-22T06:13:30.792+0000] {logging_mixin.py:188} INFO - [2024-06-22T06:13:30.792+0000] {dag.py:3047} INFO - Sync 1 DAGs
[2024-06-22T06:13:30.832+0000] {logging_mixin.py:188} INFO - [2024-06-22T06:13:30.832+0000] {dag.py:3834} INFO - Setting next_dagrun for upload_congress_data to None, run_after=None
[2024-06-22T06:13:30.876+0000] {processor.py:183} INFO - Processing /opt/airflow/dags/upload_congress_data.py took 0.267 seconds
[2024-06-22T07:36:31.489+0000] {processor.py:161} INFO - Started process (PID=4676) to work on /opt/airflow/dags/upload_congress_data.py
[2024-06-22T07:36:31.491+0000] {processor.py:830} INFO - Processing file /opt/airflow/dags/upload_congress_data.py for tasks to queue
[2024-06-22T07:36:31.498+0000] {logging_mixin.py:188} INFO - [2024-06-22T07:36:31.496+0000] {dagbag.py:540} INFO - Filling up the DagBag from /opt/airflow/dags/upload_congress_data.py
[2024-06-22T07:36:31.678+0000] {logging_mixin.py:188} INFO - Bucket Name: congress_data_testproject-420401
[2024-06-22T07:36:31.693+0000] {processor.py:840} INFO - DAG(s) 'upload_congress_data' retrieved from /opt/airflow/dags/upload_congress_data.py
[2024-06-22T07:36:31.751+0000] {logging_mixin.py:188} INFO - [2024-06-22T07:36:31.751+0000] {dag.py:3047} INFO - Sync 1 DAGs
[2024-06-22T07:36:31.790+0000] {logging_mixin.py:188} INFO - [2024-06-22T07:36:31.790+0000] {dag.py:3834} INFO - Setting next_dagrun for upload_congress_data to None, run_after=None
[2024-06-22T07:36:31.820+0000] {processor.py:183} INFO - Processing /opt/airflow/dags/upload_congress_data.py took 0.346 seconds
[2024-06-22T09:17:54.127+0000] {processor.py:161} INFO - Started process (PID=4684) to work on /opt/airflow/dags/upload_congress_data.py
[2024-06-22T09:17:54.129+0000] {processor.py:830} INFO - Processing file /opt/airflow/dags/upload_congress_data.py for tasks to queue
[2024-06-22T09:17:54.134+0000] {logging_mixin.py:188} INFO - [2024-06-22T09:17:54.134+0000] {dagbag.py:540} INFO - Filling up the DagBag from /opt/airflow/dags/upload_congress_data.py
[2024-06-22T09:17:54.265+0000] {logging_mixin.py:188} INFO - Bucket Name: congress_data_testproject-420401
[2024-06-22T09:17:54.287+0000] {processor.py:840} INFO - DAG(s) 'upload_congress_data' retrieved from /opt/airflow/dags/upload_congress_data.py
[2024-06-22T09:17:54.328+0000] {logging_mixin.py:188} INFO - [2024-06-22T09:17:54.327+0000] {dag.py:3047} INFO - Sync 1 DAGs
[2024-06-22T09:17:54.377+0000] {logging_mixin.py:188} INFO - [2024-06-22T09:17:54.376+0000] {dag.py:3834} INFO - Setting next_dagrun for upload_congress_data to None, run_after=None
[2024-06-22T09:17:54.425+0000] {processor.py:183} INFO - Processing /opt/airflow/dags/upload_congress_data.py took 0.306 seconds
[2024-06-22T10:43:35.062+0000] {processor.py:161} INFO - Started process (PID=4692) to work on /opt/airflow/dags/upload_congress_data.py
[2024-06-22T10:43:35.092+0000] {processor.py:830} INFO - Processing file /opt/airflow/dags/upload_congress_data.py for tasks to queue
[2024-06-22T10:43:35.095+0000] {logging_mixin.py:188} INFO - [2024-06-22T10:43:35.094+0000] {dagbag.py:540} INFO - Filling up the DagBag from /opt/airflow/dags/upload_congress_data.py
[2024-06-22T10:43:35.215+0000] {logging_mixin.py:188} INFO - Bucket Name: congress_data_testproject-420401
[2024-06-22T10:43:35.225+0000] {processor.py:840} INFO - DAG(s) 'upload_congress_data' retrieved from /opt/airflow/dags/upload_congress_data.py
[2024-06-22T10:43:35.245+0000] {logging_mixin.py:188} INFO - [2024-06-22T10:43:35.245+0000] {dag.py:3047} INFO - Sync 1 DAGs
[2024-06-22T10:43:35.260+0000] {logging_mixin.py:188} INFO - [2024-06-22T10:43:35.260+0000] {dag.py:3834} INFO - Setting next_dagrun for upload_congress_data to None, run_after=None
[2024-06-22T10:43:35.270+0000] {processor.py:183} INFO - Processing /opt/airflow/dags/upload_congress_data.py took 0.218 seconds
[2024-06-22T12:25:16.627+0000] {processor.py:161} INFO - Started process (PID=4700) to work on /opt/airflow/dags/upload_congress_data.py
[2024-06-22T12:25:16.629+0000] {processor.py:830} INFO - Processing file /opt/airflow/dags/upload_congress_data.py for tasks to queue
[2024-06-22T12:25:16.634+0000] {logging_mixin.py:188} INFO - [2024-06-22T12:25:16.633+0000] {dagbag.py:540} INFO - Filling up the DagBag from /opt/airflow/dags/upload_congress_data.py
[2024-06-22T12:25:16.754+0000] {logging_mixin.py:188} INFO - Bucket Name: congress_data_testproject-420401
[2024-06-22T12:25:16.772+0000] {processor.py:840} INFO - DAG(s) 'upload_congress_data' retrieved from /opt/airflow/dags/upload_congress_data.py
[2024-06-22T12:25:16.810+0000] {logging_mixin.py:188} INFO - [2024-06-22T12:25:16.810+0000] {dag.py:3047} INFO - Sync 1 DAGs
[2024-06-22T12:25:16.846+0000] {logging_mixin.py:188} INFO - [2024-06-22T12:25:16.846+0000] {dag.py:3834} INFO - Setting next_dagrun for upload_congress_data to None, run_after=None
[2024-06-22T12:25:16.876+0000] {processor.py:183} INFO - Processing /opt/airflow/dags/upload_congress_data.py took 0.257 seconds
[2024-06-22T13:31:38.765+0000] {processor.py:161} INFO - Started process (PID=4708) to work on /opt/airflow/dags/upload_congress_data.py
[2024-06-22T13:31:38.767+0000] {processor.py:830} INFO - Processing file /opt/airflow/dags/upload_congress_data.py for tasks to queue
[2024-06-22T13:31:38.772+0000] {logging_mixin.py:188} INFO - [2024-06-22T13:31:38.771+0000] {dagbag.py:540} INFO - Filling up the DagBag from /opt/airflow/dags/upload_congress_data.py
[2024-06-22T13:31:38.878+0000] {logging_mixin.py:188} INFO - Bucket Name: congress_data_testproject-420401
[2024-06-22T13:31:38.886+0000] {processor.py:840} INFO - DAG(s) 'upload_congress_data' retrieved from /opt/airflow/dags/upload_congress_data.py
[2024-06-22T13:31:38.903+0000] {logging_mixin.py:188} INFO - [2024-06-22T13:31:38.902+0000] {dag.py:3047} INFO - Sync 1 DAGs
[2024-06-22T13:31:38.916+0000] {logging_mixin.py:188} INFO - [2024-06-22T13:31:38.916+0000] {dag.py:3834} INFO - Setting next_dagrun for upload_congress_data to None, run_after=None
[2024-06-22T13:31:38.931+0000] {processor.py:183} INFO - Processing /opt/airflow/dags/upload_congress_data.py took 0.171 seconds
[2024-06-22T14:54:07.519+0000] {processor.py:161} INFO - Started process (PID=4716) to work on /opt/airflow/dags/upload_congress_data.py
[2024-06-22T14:54:07.524+0000] {processor.py:830} INFO - Processing file /opt/airflow/dags/upload_congress_data.py for tasks to queue
[2024-06-22T14:54:07.541+0000] {logging_mixin.py:188} INFO - [2024-06-22T14:54:07.537+0000] {dagbag.py:540} INFO - Filling up the DagBag from /opt/airflow/dags/upload_congress_data.py
[2024-06-22T14:54:07.737+0000] {logging_mixin.py:188} INFO - Bucket Name: congress_data_testproject-420401
[2024-06-22T14:54:07.753+0000] {processor.py:840} INFO - DAG(s) 'upload_congress_data' retrieved from /opt/airflow/dags/upload_congress_data.py
[2024-06-22T14:54:07.783+0000] {logging_mixin.py:188} INFO - [2024-06-22T14:54:07.782+0000] {dag.py:3047} INFO - Sync 1 DAGs
[2024-06-22T14:54:07.814+0000] {logging_mixin.py:188} INFO - [2024-06-22T14:54:07.813+0000] {dag.py:3834} INFO - Setting next_dagrun for upload_congress_data to None, run_after=None
[2024-06-22T14:54:07.841+0000] {processor.py:183} INFO - Processing /opt/airflow/dags/upload_congress_data.py took 0.333 seconds
[2024-06-22T15:49:09.234+0000] {processor.py:161} INFO - Started process (PID=4724) to work on /opt/airflow/dags/upload_congress_data.py
[2024-06-22T15:49:09.237+0000] {processor.py:830} INFO - Processing file /opt/airflow/dags/upload_congress_data.py for tasks to queue
[2024-06-22T15:49:09.259+0000] {logging_mixin.py:188} INFO - [2024-06-22T15:49:09.258+0000] {dagbag.py:540} INFO - Filling up the DagBag from /opt/airflow/dags/upload_congress_data.py
[2024-06-22T15:49:09.463+0000] {logging_mixin.py:188} INFO - Bucket Name: congress_data_testproject-420401
[2024-06-22T15:49:09.478+0000] {processor.py:840} INFO - DAG(s) 'upload_congress_data' retrieved from /opt/airflow/dags/upload_congress_data.py
[2024-06-22T15:49:09.513+0000] {logging_mixin.py:188} INFO - [2024-06-22T15:49:09.513+0000] {dag.py:3047} INFO - Sync 1 DAGs
[2024-06-22T15:49:09.538+0000] {logging_mixin.py:188} INFO - [2024-06-22T15:49:09.537+0000] {dag.py:3834} INFO - Setting next_dagrun for upload_congress_data to None, run_after=None
[2024-06-22T15:49:09.547+0000] {processor.py:183} INFO - Processing /opt/airflow/dags/upload_congress_data.py took 0.323 seconds
[2024-06-22T16:59:12.607+0000] {processor.py:161} INFO - Started process (PID=4732) to work on /opt/airflow/dags/upload_congress_data.py
[2024-06-22T16:59:12.614+0000] {processor.py:830} INFO - Processing file /opt/airflow/dags/upload_congress_data.py for tasks to queue
[2024-06-22T16:59:12.621+0000] {logging_mixin.py:188} INFO - [2024-06-22T16:59:12.620+0000] {dagbag.py:540} INFO - Filling up the DagBag from /opt/airflow/dags/upload_congress_data.py
[2024-06-22T16:59:12.807+0000] {logging_mixin.py:188} INFO - Bucket Name: congress_data_testproject-420401
[2024-06-22T16:59:12.825+0000] {processor.py:840} INFO - DAG(s) 'upload_congress_data' retrieved from /opt/airflow/dags/upload_congress_data.py
[2024-06-22T16:59:12.863+0000] {logging_mixin.py:188} INFO - [2024-06-22T16:59:12.862+0000] {dag.py:3047} INFO - Sync 1 DAGs
[2024-06-22T16:59:12.897+0000] {logging_mixin.py:188} INFO - [2024-06-22T16:59:12.896+0000] {dag.py:3834} INFO - Setting next_dagrun for upload_congress_data to None, run_after=None
[2024-06-22T16:59:12.936+0000] {processor.py:183} INFO - Processing /opt/airflow/dags/upload_congress_data.py took 0.342 seconds
[2024-06-22T17:19:19.116+0000] {processor.py:161} INFO - Started process (PID=4740) to work on /opt/airflow/dags/upload_congress_data.py
[2024-06-22T17:19:19.118+0000] {processor.py:830} INFO - Processing file /opt/airflow/dags/upload_congress_data.py for tasks to queue
[2024-06-22T17:19:19.121+0000] {logging_mixin.py:188} INFO - [2024-06-22T17:19:19.120+0000] {dagbag.py:540} INFO - Filling up the DagBag from /opt/airflow/dags/upload_congress_data.py
[2024-06-22T17:19:19.196+0000] {logging_mixin.py:188} INFO - Bucket Name: congress_data_testproject-420401
[2024-06-22T17:19:19.204+0000] {processor.py:840} INFO - DAG(s) 'upload_congress_data' retrieved from /opt/airflow/dags/upload_congress_data.py
[2024-06-22T17:19:19.222+0000] {logging_mixin.py:188} INFO - [2024-06-22T17:19:19.221+0000] {dag.py:3047} INFO - Sync 1 DAGs
[2024-06-22T17:19:19.235+0000] {logging_mixin.py:188} INFO - [2024-06-22T17:19:19.234+0000] {dag.py:3834} INFO - Setting next_dagrun for upload_congress_data to None, run_after=None
[2024-06-22T17:19:19.243+0000] {processor.py:183} INFO - Processing /opt/airflow/dags/upload_congress_data.py took 0.130 seconds
[2024-06-22T17:21:31.294+0000] {processor.py:161} INFO - Started process (PID=4748) to work on /opt/airflow/dags/upload_congress_data.py
[2024-06-22T17:21:31.299+0000] {processor.py:830} INFO - Processing file /opt/airflow/dags/upload_congress_data.py for tasks to queue
[2024-06-22T17:21:31.307+0000] {logging_mixin.py:188} INFO - [2024-06-22T17:21:31.307+0000] {dagbag.py:540} INFO - Filling up the DagBag from /opt/airflow/dags/upload_congress_data.py
[2024-06-22T17:21:31.583+0000] {logging_mixin.py:188} INFO - Bucket Name: congress_data_testproject-420401
[2024-06-22T17:21:31.619+0000] {processor.py:840} INFO - DAG(s) 'upload_congress_data' retrieved from /opt/airflow/dags/upload_congress_data.py
[2024-06-22T17:21:31.682+0000] {logging_mixin.py:188} INFO - [2024-06-22T17:21:31.682+0000] {dag.py:3047} INFO - Sync 1 DAGs
[2024-06-22T17:21:31.724+0000] {logging_mixin.py:188} INFO - [2024-06-22T17:21:31.723+0000] {dag.py:3834} INFO - Setting next_dagrun for upload_congress_data to None, run_after=None
[2024-06-22T17:21:31.774+0000] {processor.py:183} INFO - Processing /opt/airflow/dags/upload_congress_data.py took 0.494 seconds
[2024-06-22T18:55:20.542+0000] {processor.py:161} INFO - Started process (PID=4756) to work on /opt/airflow/dags/upload_congress_data.py
[2024-06-22T18:55:20.546+0000] {processor.py:830} INFO - Processing file /opt/airflow/dags/upload_congress_data.py for tasks to queue
[2024-06-22T18:55:20.552+0000] {logging_mixin.py:188} INFO - [2024-06-22T18:55:20.551+0000] {dagbag.py:540} INFO - Filling up the DagBag from /opt/airflow/dags/upload_congress_data.py
[2024-06-22T18:55:20.672+0000] {logging_mixin.py:188} INFO - Bucket Name: congress_data_testproject-420401
[2024-06-22T18:55:20.684+0000] {processor.py:840} INFO - DAG(s) 'upload_congress_data' retrieved from /opt/airflow/dags/upload_congress_data.py
[2024-06-22T18:55:20.718+0000] {logging_mixin.py:188} INFO - [2024-06-22T18:55:20.717+0000] {dag.py:3047} INFO - Sync 1 DAGs
[2024-06-22T18:55:20.747+0000] {logging_mixin.py:188} INFO - [2024-06-22T18:55:20.746+0000] {dag.py:3834} INFO - Setting next_dagrun for upload_congress_data to None, run_after=None
[2024-06-22T18:55:20.772+0000] {processor.py:183} INFO - Processing /opt/airflow/dags/upload_congress_data.py took 0.239 seconds
[2024-06-22T20:08:55.736+0000] {processor.py:161} INFO - Started process (PID=4764) to work on /opt/airflow/dags/upload_congress_data.py
[2024-06-22T20:08:55.737+0000] {processor.py:830} INFO - Processing file /opt/airflow/dags/upload_congress_data.py for tasks to queue
[2024-06-22T20:08:55.738+0000] {logging_mixin.py:188} INFO - [2024-06-22T20:08:55.738+0000] {dagbag.py:540} INFO - Filling up the DagBag from /opt/airflow/dags/upload_congress_data.py
[2024-06-22T20:08:55.806+0000] {logging_mixin.py:188} INFO - Bucket Name: congress_data_testproject-420401
[2024-06-22T20:08:55.813+0000] {processor.py:840} INFO - DAG(s) 'upload_congress_data' retrieved from /opt/airflow/dags/upload_congress_data.py
[2024-06-22T20:08:55.829+0000] {logging_mixin.py:188} INFO - [2024-06-22T20:08:55.829+0000] {dag.py:3047} INFO - Sync 1 DAGs
[2024-06-22T20:08:55.840+0000] {logging_mixin.py:188} INFO - [2024-06-22T20:08:55.840+0000] {dag.py:3834} INFO - Setting next_dagrun for upload_congress_data to None, run_after=None
[2024-06-22T20:08:55.851+0000] {processor.py:183} INFO - Processing /opt/airflow/dags/upload_congress_data.py took 0.118 seconds
[2024-06-22T21:04:25.492+0000] {processor.py:161} INFO - Started process (PID=4772) to work on /opt/airflow/dags/upload_congress_data.py
[2024-06-22T21:04:25.496+0000] {processor.py:830} INFO - Processing file /opt/airflow/dags/upload_congress_data.py for tasks to queue
[2024-06-22T21:04:25.503+0000] {logging_mixin.py:188} INFO - [2024-06-22T21:04:25.502+0000] {dagbag.py:540} INFO - Filling up the DagBag from /opt/airflow/dags/upload_congress_data.py
[2024-06-22T21:04:25.634+0000] {logging_mixin.py:188} INFO - Bucket Name: congress_data_testproject-420401
[2024-06-22T21:04:25.642+0000] {processor.py:840} INFO - DAG(s) 'upload_congress_data' retrieved from /opt/airflow/dags/upload_congress_data.py
[2024-06-22T21:04:25.661+0000] {logging_mixin.py:188} INFO - [2024-06-22T21:04:25.661+0000] {dag.py:3047} INFO - Sync 1 DAGs
[2024-06-22T21:04:25.675+0000] {logging_mixin.py:188} INFO - [2024-06-22T21:04:25.675+0000] {dag.py:3834} INFO - Setting next_dagrun for upload_congress_data to None, run_after=None
[2024-06-22T21:04:25.684+0000] {processor.py:183} INFO - Processing /opt/airflow/dags/upload_congress_data.py took 0.202 seconds
[2024-06-22T22:10:36.291+0000] {processor.py:161} INFO - Started process (PID=4780) to work on /opt/airflow/dags/upload_congress_data.py
[2024-06-22T22:10:36.294+0000] {processor.py:830} INFO - Processing file /opt/airflow/dags/upload_congress_data.py for tasks to queue
[2024-06-22T22:10:36.300+0000] {logging_mixin.py:188} INFO - [2024-06-22T22:10:36.300+0000] {dagbag.py:540} INFO - Filling up the DagBag from /opt/airflow/dags/upload_congress_data.py
[2024-06-22T22:10:36.492+0000] {logging_mixin.py:188} INFO - Bucket Name: congress_data_testproject-420401
[2024-06-22T22:10:36.504+0000] {processor.py:840} INFO - DAG(s) 'upload_congress_data' retrieved from /opt/airflow/dags/upload_congress_data.py
[2024-06-22T22:10:36.543+0000] {logging_mixin.py:188} INFO - [2024-06-22T22:10:36.543+0000] {dag.py:3047} INFO - Sync 1 DAGs
[2024-06-22T22:10:36.565+0000] {logging_mixin.py:188} INFO - [2024-06-22T22:10:36.565+0000] {dag.py:3834} INFO - Setting next_dagrun for upload_congress_data to None, run_after=None
[2024-06-22T22:10:36.581+0000] {processor.py:183} INFO - Processing /opt/airflow/dags/upload_congress_data.py took 0.300 seconds
[2024-06-22T23:20:39.418+0000] {processor.py:161} INFO - Started process (PID=4788) to work on /opt/airflow/dags/upload_congress_data.py
[2024-06-22T23:20:39.420+0000] {processor.py:830} INFO - Processing file /opt/airflow/dags/upload_congress_data.py for tasks to queue
[2024-06-22T23:20:39.426+0000] {logging_mixin.py:188} INFO - [2024-06-22T23:20:39.425+0000] {dagbag.py:540} INFO - Filling up the DagBag from /opt/airflow/dags/upload_congress_data.py
[2024-06-22T23:20:39.546+0000] {logging_mixin.py:188} INFO - Bucket Name: congress_data_testproject-420401
[2024-06-22T23:20:39.564+0000] {processor.py:840} INFO - DAG(s) 'upload_congress_data' retrieved from /opt/airflow/dags/upload_congress_data.py
[2024-06-22T23:20:39.605+0000] {logging_mixin.py:188} INFO - [2024-06-22T23:20:39.605+0000] {dag.py:3047} INFO - Sync 1 DAGs
[2024-06-22T23:20:39.641+0000] {logging_mixin.py:188} INFO - [2024-06-22T23:20:39.641+0000] {dag.py:3834} INFO - Setting next_dagrun for upload_congress_data to None, run_after=None
[2024-06-22T23:20:39.669+0000] {processor.py:183} INFO - Processing /opt/airflow/dags/upload_congress_data.py took 0.258 seconds
