[2024-04-12T23:18:48.826+0000] {taskinstance.py:1979} INFO - Dependencies all met for dep_context=non-requeueable deps ti=<TaskInstance: upload_congress_data.upload_votes_to_gcs scheduled__2024-03-15T00:00:00+00:00 [queued]>
[2024-04-12T23:18:48.830+0000] {taskinstance.py:1979} INFO - Dependencies all met for dep_context=requeueable deps ti=<TaskInstance: upload_congress_data.upload_votes_to_gcs scheduled__2024-03-15T00:00:00+00:00 [queued]>
[2024-04-12T23:18:48.830+0000] {taskinstance.py:2193} INFO - Starting attempt 2 of 2
[2024-04-12T23:18:48.835+0000] {taskinstance.py:2217} INFO - Executing <Task(PythonOperator): upload_votes_to_gcs> on 2024-03-15 00:00:00+00:00
[2024-04-12T23:18:48.841+0000] {standard_task_runner.py:60} INFO - Started process 759 to run task
[2024-04-12T23:18:48.844+0000] {standard_task_runner.py:87} INFO - Running: ['***', 'tasks', 'run', 'upload_congress_data', 'upload_votes_to_gcs', 'scheduled__2024-03-15T00:00:00+00:00', '--job-id', '37', '--raw', '--subdir', 'DAGS_FOLDER/upload_congress_data.py', '--cfg-path', '/tmp/tmpfq8a6czu']
[2024-04-12T23:18:48.846+0000] {standard_task_runner.py:88} INFO - Job 37: Subtask upload_votes_to_gcs
[2024-04-12T23:18:48.877+0000] {task_command.py:423} INFO - Running <TaskInstance: upload_congress_data.upload_votes_to_gcs scheduled__2024-03-15T00:00:00+00:00 [running]> on host 08bbc0b56ffc
[2024-04-12T23:18:48.916+0000] {taskinstance.py:2513} INFO - Exporting env vars: AIRFLOW_CTX_DAG_OWNER='***' AIRFLOW_CTX_DAG_ID='upload_congress_data' AIRFLOW_CTX_TASK_ID='upload_votes_to_gcs' AIRFLOW_CTX_EXECUTION_DATE='2024-03-15T00:00:00+00:00' AIRFLOW_CTX_TRY_NUMBER='2' AIRFLOW_CTX_DAG_RUN_ID='scheduled__2024-03-15T00:00:00+00:00'
[2024-04-12T23:18:49.935+0000] {logging_mixin.py:188} INFO - Uploaded /opt/***/dags/data/votes/HJRES/HJRES_39_voteNumber109.json to gs://congress_data/votes/HJRES/HJRES_39_voteNumber109.json
[2024-04-12T23:18:50.438+0000] {logging_mixin.py:188} INFO - Uploaded /opt/***/dags/data/votes/HJRES/HJRES_45_voteNumber234.json to gs://congress_data/votes/HJRES/HJRES_45_voteNumber234.json
[2024-04-12T23:18:50.933+0000] {logging_mixin.py:188} INFO - Uploaded /opt/***/dags/data/votes/HJRES/HJRES_30_voteNumber35.json to gs://congress_data/votes/HJRES/HJRES_30_voteNumber35.json
[2024-04-12T23:18:51.397+0000] {logging_mixin.py:188} INFO - Uploaded /opt/***/dags/data/votes/HJRES/HJRES_27_voteNumber187.json to gs://congress_data/votes/HJRES/HJRES_27_voteNumber187.json
[2024-04-12T23:18:51.870+0000] {logging_mixin.py:188} INFO - Uploaded /opt/***/dags/data/votes/HJRES/HJRES_74_voteNumber335.json to gs://congress_data/votes/HJRES/HJRES_74_voteNumber335.json
[2024-04-12T23:18:52.339+0000] {logging_mixin.py:188} INFO - Uploaded /opt/***/dags/data/votes/HJRES/HJRES_24_voteNumber118.json to gs://congress_data/votes/HJRES/HJRES_24_voteNumber118.json
[2024-04-12T23:18:52.801+0000] {logging_mixin.py:188} INFO - Uploaded /opt/***/dags/data/votes/HJRES/HJRES_27_voteNumber142.json to gs://congress_data/votes/HJRES/HJRES_27_voteNumber142.json
[2024-04-12T23:18:53.254+0000] {logging_mixin.py:188} INFO - Uploaded /opt/***/dags/data/votes/HJRES/HJRES_45_voteNumber135.json to gs://congress_data/votes/HJRES/HJRES_45_voteNumber135.json
[2024-04-12T23:18:53.714+0000] {logging_mixin.py:188} INFO - Uploaded /opt/***/dags/data/votes/HJRES/HJRES_79_voteNumber337.json to gs://congress_data/votes/HJRES/HJRES_79_voteNumber337.json
[2024-04-12T23:18:54.184+0000] {logging_mixin.py:188} INFO - Uploaded /opt/***/dags/data/votes/HJRES/HJRES_26_voteNumber119.json to gs://congress_data/votes/HJRES/HJRES_26_voteNumber119.json
[2024-04-12T23:18:54.670+0000] {logging_mixin.py:188} INFO - Uploaded /opt/***/dags/data/votes/HJRES/HJRES_44_voteNumber252.json to gs://congress_data/votes/HJRES/HJRES_44_voteNumber252.json
[2024-04-12T23:18:55.144+0000] {logging_mixin.py:188} INFO - Uploaded /opt/***/dags/data/votes/HJRES/HJRES_30_voteNumber124.json to gs://congress_data/votes/HJRES/HJRES_30_voteNumber124.json
[2024-04-12T23:18:55.578+0000] {logging_mixin.py:188} INFO - Uploaded /opt/***/dags/data/votes/HJRES/HJRES_30_voteNumber149.json to gs://congress_data/votes/HJRES/HJRES_30_voteNumber149.json
[2024-04-12T23:18:56.077+0000] {logging_mixin.py:188} INFO - Uploaded /opt/***/dags/data/votes/HJRES/HJRES_7_voteNumber104.json to gs://congress_data/votes/HJRES/HJRES_7_voteNumber104.json
[2024-04-12T23:18:56.587+0000] {logging_mixin.py:188} INFO - Uploaded /opt/***/dags/data/votes/HJRES/HJRES_39_voteNumber233.json to gs://congress_data/votes/HJRES/HJRES_39_voteNumber233.json
[2024-04-12T23:18:57.036+0000] {logging_mixin.py:188} INFO - Uploaded /opt/***/dags/data/votes/HJRES/HJRES_45_voteNumber134.json to gs://congress_data/votes/HJRES/HJRES_45_voteNumber134.json
[2024-04-12T23:18:57.482+0000] {logging_mixin.py:188} INFO - Uploaded /opt/***/dags/data/votes/HJRES/HJRES_27_voteNumber79.json to gs://congress_data/votes/HJRES/HJRES_27_voteNumber79.json
[2024-04-12T23:18:57.950+0000] {logging_mixin.py:188} INFO - Uploaded /opt/***/dags/data/votes/HJRES/HJRES_42_voteNumber188.json to gs://congress_data/votes/HJRES/HJRES_42_voteNumber188.json
[2024-04-12T23:18:58.388+0000] {logging_mixin.py:188} INFO - Uploaded /opt/***/dags/data/votes/HJRES/HJRES_42_voteNumber126.json to gs://congress_data/votes/HJRES/HJRES_42_voteNumber126.json
[2024-04-12T23:18:58.857+0000] {logging_mixin.py:188} INFO - Uploaded /opt/***/dags/data/votes/HJRES/HJRES_42_voteNumber253.json to gs://congress_data/votes/HJRES/HJRES_42_voteNumber253.json
[2024-04-12T23:18:59.315+0000] {logging_mixin.py:188} INFO - Uploaded /opt/***/dags/data/votes/HJRES/HJRES_98_voteNumber122.json to gs://congress_data/votes/HJRES/HJRES_98_voteNumber122.json
[2024-04-12T23:18:59.776+0000] {logging_mixin.py:188} INFO - Uploaded /opt/***/dags/data/votes/HJRES/HJRES_44_voteNumber171.json to gs://congress_data/votes/HJRES/HJRES_44_voteNumber171.json
[2024-04-12T23:19:00.236+0000] {logging_mixin.py:188} INFO - Uploaded /opt/***/dags/data/votes/HJRES/HJRES_26_voteNumber49.json to gs://congress_data/votes/HJRES/HJRES_26_voteNumber49.json
[2024-04-12T23:19:00.690+0000] {logging_mixin.py:188} INFO - Uploaded /opt/***/dags/data/votes/HJRES/HJRES_39_voteNumber202.json to gs://congress_data/votes/HJRES/HJRES_39_voteNumber202.json
[2024-04-12T23:19:01.192+0000] {logging_mixin.py:188} INFO - Uploaded /opt/***/dags/data/votes/HJRES/HJRES_70_voteNumber334.json to gs://congress_data/votes/HJRES/HJRES_70_voteNumber334.json
[2024-04-12T23:19:01.661+0000] {logging_mixin.py:188} INFO - Uploaded /opt/***/dags/data/votes/HJRES/HJRES_45_voteNumber277.json to gs://congress_data/votes/HJRES/HJRES_45_voteNumber277.json
[2024-04-12T23:19:02.128+0000] {logging_mixin.py:188} INFO - Uploaded /opt/***/dags/data/votes/HJRES/HJRES_88_voteNumber705.json to gs://congress_data/votes/HJRES/HJRES_88_voteNumber705.json
[2024-04-12T23:19:02.585+0000] {logging_mixin.py:188} INFO - Uploaded /opt/***/dags/data/votes/HJRES/HJRES_68_voteNumber333.json to gs://congress_data/votes/HJRES/HJRES_68_voteNumber333.json
[2024-04-12T23:19:03.030+0000] {logging_mixin.py:188} INFO - Uploaded /opt/***/dags/data/votes/HJRES/HJRES_7_voteNumber80.json to gs://congress_data/votes/HJRES/HJRES_7_voteNumber80.json
[2024-04-12T23:19:03.473+0000] {logging_mixin.py:188} INFO - Uploaded /opt/***/dags/data/votes/HJRES/HJRES_71_voteNumber336.json to gs://congress_data/votes/HJRES/HJRES_71_voteNumber336.json
[2024-04-12T23:19:03.924+0000] {logging_mixin.py:188} INFO - Uploaded /opt/***/dags/data/votes/HCONRES/HCONRES_57_voteNumber338.json to gs://congress_data/votes/HCONRES/HCONRES_57_voteNumber338.json
[2024-04-12T23:19:04.374+0000] {logging_mixin.py:188} INFO - Uploaded /opt/***/dags/data/votes/HCONRES/HCONRES_21_voteNumber136.json to gs://congress_data/votes/HCONRES/HCONRES_21_voteNumber136.json
[2024-04-12T23:19:04.819+0000] {logging_mixin.py:188} INFO - Uploaded /opt/***/dags/data/votes/HCONRES/HCONRES_40_voteNumber227.json to gs://congress_data/votes/HCONRES/HCONRES_40_voteNumber227.json
[2024-04-12T23:19:05.285+0000] {logging_mixin.py:188} INFO - Uploaded /opt/***/dags/data/votes/HCONRES/HCONRES_30_voteNumber201.json to gs://congress_data/votes/HCONRES/HCONRES_30_voteNumber201.json
[2024-04-12T23:19:05.727+0000] {logging_mixin.py:188} INFO - Uploaded /opt/***/dags/data/votes/HCONRES/HCONRES_9_voteNumber106.json to gs://congress_data/votes/HCONRES/HCONRES_9_voteNumber106.json
[2024-04-12T23:19:06.186+0000] {logging_mixin.py:188} INFO - Uploaded /opt/***/dags/data/votes/HCONRES/HCONRES_25_voteNumber162.json to gs://congress_data/votes/HCONRES/HCONRES_25_voteNumber162.json
[2024-04-12T23:19:06.661+0000] {logging_mixin.py:188} INFO - Uploaded /opt/***/dags/data/votes/S/S_316_voteNumber70.json to gs://congress_data/votes/S/S_316_voteNumber70.json
[2024-04-12T23:19:07.166+0000] {logging_mixin.py:188} INFO - Uploaded /opt/***/dags/data/votes/S/S_2051_voteNumber106.json to gs://congress_data/votes/S/S_2051_voteNumber106.json
[2024-04-12T23:19:07.623+0000] {logging_mixin.py:188} INFO - Uploaded /opt/***/dags/data/votes/S/S_870_voteNumber94.json to gs://congress_data/votes/S/S_870_voteNumber94.json
[2024-04-12T23:19:08.108+0000] {logging_mixin.py:188} INFO - Uploaded /opt/***/dags/data/votes/S/S_475_voteNumber393.json to gs://congress_data/votes/S/S_475_voteNumber393.json
[2024-04-12T23:19:08.830+0000] {logging_mixin.py:188} INFO - Uploaded /opt/***/dags/data/votes/S/S_788_voteNumber712.json to gs://congress_data/votes/S/S_788_voteNumber712.json
[2024-04-12T23:19:09.290+0000] {logging_mixin.py:188} INFO - Uploaded /opt/***/dags/data/votes/S/S_382_voteNumber110.json to gs://congress_data/votes/S/S_382_voteNumber110.json
[2024-04-12T23:19:09.757+0000] {logging_mixin.py:188} INFO - Uploaded /opt/***/dags/data/votes/S/S_111_voteNumber329.json to gs://congress_data/votes/S/S_111_voteNumber329.json
[2024-04-12T23:19:10.232+0000] {logging_mixin.py:188} INFO - Uploaded /opt/***/dags/data/votes/S/S_316_voteNumber61.json to gs://congress_data/votes/S/S_316_voteNumber61.json
[2024-04-12T23:19:10.688+0000] {logging_mixin.py:188} INFO - Uploaded /opt/***/dags/data/votes/S/S_316_voteNumber77.json to gs://congress_data/votes/S/S_316_voteNumber77.json
[2024-04-12T23:19:11.161+0000] {logging_mixin.py:188} INFO - Uploaded /opt/***/dags/data/votes/S/S_3853_voteNumber75.json to gs://congress_data/votes/S/S_3853_voteNumber75.json
[2024-04-12T23:19:11.753+0000] {logging_mixin.py:188} INFO - Uploaded /opt/***/dags/data/votes/S/S_2226_voteNumber212.json to gs://congress_data/votes/S/S_2226_voteNumber212.json
[2024-04-12T23:19:12.199+0000] {logging_mixin.py:188} INFO - Uploaded /opt/***/dags/data/votes/S/S_326_voteNumber97.json to gs://congress_data/votes/S/S_326_voteNumber97.json
[2024-04-12T23:19:12.648+0000] {logging_mixin.py:188} INFO - Uploaded /opt/***/dags/data/votes/S/S_316_voteNumber63.json to gs://congress_data/votes/S/S_316_voteNumber63.json
[2024-04-12T23:19:13.113+0000] {logging_mixin.py:188} INFO - Uploaded /opt/***/dags/data/votes/S/S_619_voteNumber143.json to gs://congress_data/votes/S/S_619_voteNumber143.json
[2024-04-12T23:19:13.573+0000] {logging_mixin.py:188} INFO - Uploaded /opt/***/dags/data/votes/S/S_870_voteNumber78.json to gs://congress_data/votes/S/S_870_voteNumber78.json
[2024-04-12T23:19:14.026+0000] {logging_mixin.py:188} INFO - Uploaded /opt/***/dags/data/votes/S/S_112_voteNumber399.json to gs://congress_data/votes/S/S_112_voteNumber399.json
[2024-04-12T23:19:14.502+0000] {logging_mixin.py:188} INFO - Uploaded /opt/***/dags/data/votes/SRES/SRES_13_voteNumber2.json to gs://congress_data/votes/SRES/SRES_13_voteNumber2.json
[2024-04-12T23:19:14.957+0000] {logging_mixin.py:188} INFO - Uploaded /opt/***/dags/data/votes/SRES/SRES_504_voteNumber8.json to gs://congress_data/votes/SRES/SRES_504_voteNumber8.json
[2024-04-12T23:19:15.392+0000] {logging_mixin.py:188} INFO - Uploaded /opt/***/dags/data/votes/SRES/SRES_417_voteNumber261.json to gs://congress_data/votes/SRES/SRES_417_voteNumber261.json
[2024-04-12T23:19:15.836+0000] {logging_mixin.py:188} INFO - Uploaded /opt/***/dags/data/votes/SRES/SRES_21_voteNumber4.json to gs://congress_data/votes/SRES/SRES_21_voteNumber4.json
[2024-04-12T23:19:16.351+0000] {logging_mixin.py:188} INFO - Uploaded /opt/***/dags/data/votes/HR/HR_359_voteNumber600.json to gs://congress_data/votes/HR/HR_359_voteNumber600.json
[2024-04-12T23:19:16.833+0000] {logging_mixin.py:188} INFO - Uploaded /opt/***/dags/data/votes/HR/HR_4367_voteNumber504.json to gs://congress_data/votes/HR/HR_4367_voteNumber504.json
[2024-04-12T23:19:17.308+0000] {logging_mixin.py:188} INFO - Uploaded /opt/***/dags/data/votes/HR/HR_3774_voteNumber598.json to gs://congress_data/votes/HR/HR_3774_voteNumber598.json
[2024-04-12T23:19:17.754+0000] {logging_mixin.py:188} INFO - Uploaded /opt/***/dags/data/votes/HR/HR_7023_voteNumber101.json to gs://congress_data/votes/HR/HR_7023_voteNumber101.json
[2024-04-12T23:19:18.210+0000] {logging_mixin.py:188} INFO - Uploaded /opt/***/dags/data/votes/HR/HR_2_voteNumber208.json to gs://congress_data/votes/HR/HR_2_voteNumber208.json
[2024-04-12T23:19:18.722+0000] {logging_mixin.py:188} INFO - Uploaded /opt/***/dags/data/votes/HR/HR_734_voteNumber191.json to gs://congress_data/votes/HR/HR_734_voteNumber191.json
[2024-04-12T23:19:19.186+0000] {logging_mixin.py:188} INFO - Uploaded /opt/***/dags/data/votes/HR/HR_3564_voteNumber289.json to gs://congress_data/votes/HR/HR_3564_voteNumber289.json
[2024-04-12T23:19:19.655+0000] {logging_mixin.py:188} INFO - Uploaded /opt/***/dags/data/votes/HR/HR_815_voteNumber41.json to gs://congress_data/votes/HR/HR_815_voteNumber41.json
[2024-04-12T23:19:20.110+0000] {logging_mixin.py:188} INFO - Uploaded /opt/***/dags/data/votes/HR/HR_1147_voteNumber718.json to gs://congress_data/votes/HR/HR_1147_voteNumber718.json
[2024-04-12T23:19:20.574+0000] {logging_mixin.py:188} INFO - Uploaded /opt/***/dags/data/votes/HR/HR_7463_voteNumber67.json to gs://congress_data/votes/HR/HR_7463_voteNumber67.json
[2024-04-12T23:19:21.051+0000] {logging_mixin.py:188} INFO - Uploaded /opt/***/dags/data/votes/HR/HR_185_voteNumber115.json to gs://congress_data/votes/HR/HR_185_voteNumber115.json
[2024-04-12T23:19:21.515+0000] {logging_mixin.py:188} INFO - Uploaded /opt/***/dags/data/votes/HR/HR_2882_voteNumber103.json to gs://congress_data/votes/HR/HR_2882_voteNumber103.json
[2024-04-12T23:19:22.091+0000] {logging_mixin.py:188} INFO - Uploaded /opt/***/dags/data/votes/HR/HR_5524_voteNumber714.json to gs://congress_data/votes/HR/HR_5524_voteNumber714.json
[2024-04-12T23:19:22.548+0000] {logging_mixin.py:188} INFO - Uploaded /opt/***/dags/data/votes/HR/HR_1076_voteNumber228.json to gs://congress_data/votes/HR/HR_1076_voteNumber228.json
[2024-04-12T23:19:22.992+0000] {logging_mixin.py:188} INFO - Uploaded /opt/***/dags/data/votes/HR/HR_1_voteNumber182.json to gs://congress_data/votes/HR/HR_1_voteNumber182.json
[2024-04-12T23:19:23.446+0000] {logging_mixin.py:188} INFO - Uploaded /opt/***/dags/data/votes/HR/HR_2670_voteNumber395.json to gs://congress_data/votes/HR/HR_2670_voteNumber395.json
[2024-04-12T23:19:23.903+0000] {logging_mixin.py:188} INFO - Uploaded /opt/***/dags/data/votes/HR/HR_4468_voteNumber702.json to gs://congress_data/votes/HR/HR_4468_voteNumber702.json
[2024-04-12T23:19:24.374+0000] {logging_mixin.py:188} INFO - Uploaded /opt/***/dags/data/votes/HR/HR_340_voteNumber561.json to gs://congress_data/votes/HR/HR_340_voteNumber561.json
[2024-04-12T23:19:25.107+0000] {logging_mixin.py:188} INFO - Uploaded /opt/***/dags/data/votes/HR/HR_2379_voteNumber514.json to gs://congress_data/votes/HR/HR_2379_voteNumber514.json
[2024-04-12T23:19:25.550+0000] {logging_mixin.py:188} INFO - Uploaded /opt/***/dags/data/votes/HR/HR_1547_voteNumber694.json to gs://congress_data/votes/HR/HR_1547_voteNumber694.json
[2024-04-12T23:19:25.976+0000] {logging_mixin.py:188} INFO - Uploaded /opt/***/dags/data/votes/HR/HR_4368_voteNumber506.json to gs://congress_data/votes/HR/HR_4368_voteNumber506.json
[2024-04-12T23:19:26.415+0000] {logging_mixin.py:188} INFO - Uploaded /opt/***/dags/data/votes/HR/HR_2670_voteNumber340.json to gs://congress_data/votes/HR/HR_2670_voteNumber340.json
[2024-04-12T23:19:26.868+0000] {logging_mixin.py:188} INFO - Uploaded /opt/***/dags/data/votes/HR/HR_1107_voteNumber164.json to gs://congress_data/votes/HR/HR_1107_voteNumber164.json
[2024-04-12T23:19:27.293+0000] {logging_mixin.py:188} INFO - Uploaded /opt/***/dags/data/votes/HR/HR_589_voteNumber384.json to gs://congress_data/votes/HR/HR_589_voteNumber384.json
[2024-04-12T23:19:27.747+0000] {logging_mixin.py:188} INFO - Uploaded /opt/***/dags/data/votes/HR/HR_1159_voteNumber145.json to gs://congress_data/votes/HR/HR_1159_voteNumber145.json
[2024-04-12T23:19:28.172+0000] {logging_mixin.py:188} INFO - Uploaded /opt/***/dags/data/votes/HR/HR_4366_voteNumber228.json to gs://congress_data/votes/HR/HR_4366_voteNumber228.json
[2024-04-12T23:19:28.612+0000] {logging_mixin.py:188} INFO - Uploaded /opt/***/dags/data/votes/HR/HR_2670_voteNumber341.json to gs://congress_data/votes/HR/HR_2670_voteNumber341.json
[2024-04-12T23:19:29.168+0000] {logging_mixin.py:188} INFO - Uploaded /opt/***/dags/data/votes/HR/HR_4368_voteNumber507.json to gs://congress_data/votes/HR/HR_4368_voteNumber507.json
[2024-04-12T23:19:29.622+0000] {logging_mixin.py:188} INFO - Uploaded /opt/***/dags/data/votes/HR/HR_406_voteNumber148.json to gs://congress_data/votes/HR/HR_406_voteNumber148.json
[2024-04-12T23:19:30.065+0000] {logging_mixin.py:188} INFO - Uploaded /opt/***/dags/data/votes/HR/HR_1226_voteNumber132.json to gs://congress_data/votes/HR/HR_1226_voteNumber132.json
[2024-04-12T23:19:30.509+0000] {logging_mixin.py:188} INFO - Uploaded /opt/***/dags/data/votes/HR/HR_753_voteNumber137.json to gs://congress_data/votes/HR/HR_753_voteNumber137.json
[2024-04-12T23:19:30.957+0000] {logging_mixin.py:188} INFO - Uploaded /opt/***/dags/data/votes/HR/HR_4394_voteNumber558.json to gs://congress_data/votes/HR/HR_4394_voteNumber558.json
[2024-04-12T23:19:31.405+0000] {logging_mixin.py:188} INFO - Uploaded /opt/***/dags/data/votes/HR/HR_4468_voteNumber703.json to gs://congress_data/votes/HR/HR_4468_voteNumber703.json
[2024-04-12T23:19:31.856+0000] {logging_mixin.py:188} INFO - Uploaded /opt/***/dags/data/votes/HR/HR_2793_voteNumber245.json to gs://congress_data/votes/HR/HR_2793_voteNumber245.json
[2024-04-12T23:19:32.289+0000] {logging_mixin.py:188} INFO - Uploaded /opt/***/dags/data/votes/HR/HR_2882_voteNumber114.json to gs://congress_data/votes/HR/HR_2882_voteNumber114.json
[2024-04-12T23:19:32.743+0000] {logging_mixin.py:188} INFO - Uploaded /opt/***/dags/data/votes/HR/HR_7463_voteNumber66.json to gs://congress_data/votes/HR/HR_7463_voteNumber66.json
[2024-04-12T23:19:33.179+0000] {logging_mixin.py:188} INFO - Uploaded /opt/***/dags/data/votes/HR/HR_6126_voteNumber309.json to gs://congress_data/votes/HR/HR_6126_voteNumber309.json
[2024-04-12T23:19:33.624+0000] {logging_mixin.py:188} INFO - Uploaded /opt/***/dags/data/votes/HR/HR_3564_voteNumber288.json to gs://congress_data/votes/HR/HR_3564_voteNumber288.json
[2024-04-12T23:19:34.083+0000] {logging_mixin.py:188} INFO - Uploaded /opt/***/dags/data/votes/HR/HR_5119_voteNumber713.json to gs://congress_data/votes/HR/HR_5119_voteNumber713.json
[2024-04-12T23:19:34.534+0000] {logging_mixin.py:188} INFO - Uploaded /opt/***/dags/data/votes/HR/HR_7023_voteNumber100.json to gs://congress_data/votes/HR/HR_7023_voteNumber100.json
[2024-04-12T23:19:34.997+0000] {logging_mixin.py:188} INFO - Uploaded /opt/***/dags/data/votes/HR/HR_2_voteNumber209.json to gs://congress_data/votes/HR/HR_2_voteNumber209.json
[2024-04-12T23:19:35.461+0000] {logging_mixin.py:188} INFO - Uploaded /opt/***/dags/data/votes/HR/HR_1548_voteNumber290.json to gs://congress_data/votes/HR/HR_1548_voteNumber290.json
[2024-04-12T23:19:35.893+0000] {logging_mixin.py:188} INFO - Uploaded /opt/***/dags/data/votes/HR/HR_4367_voteNumber505.json to gs://congress_data/votes/HR/HR_4367_voteNumber505.json
[2024-04-12T23:19:36.335+0000] {logging_mixin.py:188} INFO - Uploaded /opt/***/dags/data/votes/HR/HR_2795_voteNumber239.json to gs://congress_data/votes/HR/HR_2795_voteNumber239.json
[2024-04-12T23:19:36.772+0000] {logging_mixin.py:188} INFO - Uploaded /opt/***/dags/data/votes/HR/HR_4665_voteNumber500.json to gs://congress_data/votes/HR/HR_4665_voteNumber500.json
[2024-04-12T23:19:37.218+0000] {logging_mixin.py:188} INFO - Uploaded /opt/***/dags/data/votes/HR/HR_2882_voteNumber105.json to gs://congress_data/votes/HR/HR_2882_voteNumber105.json
[2024-04-12T23:19:37.760+0000] {logging_mixin.py:188} INFO - Uploaded /opt/***/dags/data/votes/HR/HR_3799_voteNumber281.json to gs://congress_data/votes/HR/HR_3799_voteNumber281.json
[2024-04-12T23:19:38.245+0000] {logging_mixin.py:188} INFO - Uploaded /opt/***/dags/data/votes/HR/HR_4821_voteNumber596.json to gs://congress_data/votes/HR/HR_4821_voteNumber596.json
[2024-04-12T23:19:38.985+0000] {logging_mixin.py:188} INFO - Uploaded /opt/***/dags/data/votes/HR/HR_2882_voteNumber113.json to gs://congress_data/votes/HR/HR_2882_voteNumber113.json
[2024-04-12T23:19:39.482+0000] {logging_mixin.py:188} INFO - Uploaded /opt/***/dags/data/votes/HR/HR_5283_voteNumber689.json to gs://congress_data/votes/HR/HR_5283_voteNumber689.json
[2024-04-12T23:19:39.965+0000] {logging_mixin.py:188} INFO - Uploaded /opt/***/dags/data/votes/HR/HR_1734_voteNumber212.json to gs://congress_data/votes/HR/HR_1734_voteNumber212.json
[2024-04-12T23:19:40.441+0000] {logging_mixin.py:188} INFO - Uploaded /opt/***/dags/data/votes/HR/HR_1669_voteNumber235.json to gs://congress_data/votes/HR/HR_1669_voteNumber235.json
[2024-04-12T23:19:40.891+0000] {logging_mixin.py:188} INFO - Uploaded /opt/***/dags/data/votes/HR/HR_5860_voteNumber247.json to gs://congress_data/votes/HR/HR_5860_voteNumber247.json
[2024-04-12T23:19:41.392+0000] {logging_mixin.py:188} INFO - Uploaded /opt/***/dags/data/votes/HR/HR_1096_voteNumber291.json to gs://congress_data/votes/HR/HR_1096_voteNumber291.json
[2024-04-12T23:19:41.837+0000] {logging_mixin.py:188} INFO - Uploaded /opt/***/dags/data/votes/HR/HR_4364_voteNumber562.json to gs://congress_data/votes/HR/HR_4364_voteNumber562.json
[2024-04-12T23:19:42.287+0000] {logging_mixin.py:188} INFO - Uploaded /opt/***/dags/data/votes/HR/HR_3099_voteNumber251.json to gs://congress_data/votes/HR/HR_3099_voteNumber251.json
[2024-04-12T23:19:42.758+0000] {logging_mixin.py:188} INFO - Uploaded /opt/***/dags/data/votes/HR/HR_1607_voteNumber599.json to gs://congress_data/votes/HR/HR_1607_voteNumber599.json
[2024-04-12T23:19:43.213+0000] {logging_mixin.py:188} INFO - Uploaded /opt/***/dags/data/votes/HR/HR_542_voteNumber696.json to gs://congress_data/votes/HR/HR_542_voteNumber696.json
[2024-04-12T23:19:43.688+0000] {logging_mixin.py:188} INFO - Uploaded /opt/***/dags/data/votes/HR/HR_813_voteNumber330.json to gs://congress_data/votes/HR/HR_813_voteNumber330.json
[2024-04-12T23:19:44.219+0000] {logging_mixin.py:188} INFO - Uploaded /opt/***/dags/data/votes/HR/HR_676_voteNumber203.json to gs://congress_data/votes/HR/HR_676_voteNumber203.json
[2024-04-12T23:19:44.641+0000] {logging_mixin.py:188} INFO - Uploaded /opt/***/dags/data/votes/HR/HR_3935_voteNumber241.json to gs://congress_data/votes/HR/HR_3935_voteNumber241.json
[2024-04-12T23:19:45.108+0000] {logging_mixin.py:188} INFO - Uploaded /opt/***/dags/data/votes/HR/HR_2882_voteNumber109.json to gs://congress_data/votes/HR/HR_2882_voteNumber109.json
[2024-04-12T23:19:45.563+0000] {logging_mixin.py:188} INFO - Uploaded /opt/***/dags/data/votes/HR/HR_5525_voteNumber510.json to gs://congress_data/votes/HR/HR_5525_voteNumber510.json
[2024-04-12T23:19:46.033+0000] {logging_mixin.py:188} INFO - Uploaded /opt/***/dags/data/votes/HR/HR_2670_voteNumber327.json to gs://congress_data/votes/HR/HR_2670_voteNumber327.json
[2024-04-12T23:19:46.474+0000] {logging_mixin.py:188} INFO - Uploaded /opt/***/dags/data/votes/HR/HR_4366_voteNumber80.json to gs://congress_data/votes/HR/HR_4366_voteNumber80.json
[2024-04-12T23:19:46.939+0000] {logging_mixin.py:188} INFO - Uploaded /opt/***/dags/data/votes/HR/HR_6503_voteNumber709.json to gs://congress_data/votes/HR/HR_6503_voteNumber709.json
[2024-04-12T23:19:47.386+0000] {logging_mixin.py:188} INFO - Uploaded /opt/***/dags/data/votes/HR/HR_815_voteNumber47.json to gs://congress_data/votes/HR/HR_815_voteNumber47.json
[2024-04-12T23:19:47.903+0000] {logging_mixin.py:188} INFO - Uploaded /opt/***/dags/data/votes/HR/HR_6363_voteNumber658.json to gs://congress_data/votes/HR/HR_6363_voteNumber658.json
[2024-04-12T23:19:48.357+0000] {logging_mixin.py:188} INFO - Uploaded /opt/***/dags/data/votes/HR/HR_4366_voteNumber79.json to gs://congress_data/votes/HR/HR_4366_voteNumber79.json
[2024-04-12T23:19:48.801+0000] {logging_mixin.py:188} INFO - Uploaded /opt/***/dags/data/votes/HR/HR_3941_voteNumber340.json to gs://congress_data/votes/HR/HR_3941_voteNumber340.json
[2024-04-12T23:19:49.237+0000] {logging_mixin.py:188} INFO - Uploaded /opt/***/dags/data/votes/HR/HR_4366_voteNumber78.json to gs://congress_data/votes/HR/HR_4366_voteNumber78.json
[2024-04-12T23:19:49.684+0000] {logging_mixin.py:188} INFO - Uploaded /opt/***/dags/data/votes/HR/HR_1567_voteNumber386.json to gs://congress_data/votes/HR/HR_1567_voteNumber386.json
[2024-04-12T23:19:50.124+0000] {logging_mixin.py:188} INFO - Uploaded /opt/***/dags/data/votes/HR/HR_4366_voteNumber81.json to gs://congress_data/votes/HR/HR_4366_voteNumber81.json
[2024-04-12T23:19:50.588+0000] {logging_mixin.py:188} INFO - Uploaded /opt/***/dags/data/votes/HR/HR_5961_voteNumber687.json to gs://congress_data/votes/HR/HR_5961_voteNumber687.json
[2024-04-12T23:19:51.056+0000] {logging_mixin.py:188} INFO - Uploaded /opt/***/dags/data/votes/HR/HR_2494_voteNumber225.json to gs://congress_data/votes/HR/HR_2494_voteNumber225.json
[2024-04-12T23:19:51.514+0000] {logging_mixin.py:188} INFO - Uploaded /opt/***/dags/data/votes/HR/HR_662_voteNumber285.json to gs://congress_data/votes/HR/HR_662_voteNumber285.json
[2024-04-12T23:19:51.971+0000] {logging_mixin.py:188} INFO - Uploaded /opt/***/dags/data/votes/HR/HR_2872_voteNumber12.json to gs://congress_data/votes/HR/HR_2872_voteNumber12.json
[2024-04-12T23:19:52.516+0000] {logging_mixin.py:188} INFO - Uploaded /opt/***/dags/data/votes/HR/HR_5525_voteNumber511.json to gs://congress_data/votes/HR/HR_5525_voteNumber511.json
[2024-04-12T23:19:52.971+0000] {logging_mixin.py:188} INFO - Uploaded /opt/***/dags/data/votes/HR/HR_1156_voteNumber229.json to gs://congress_data/votes/HR/HR_1156_voteNumber229.json
[2024-04-12T23:19:53.671+0000] {logging_mixin.py:188} INFO - Uploaded /opt/***/dags/data/votes/HR/HR_2882_voteNumber108.json to gs://congress_data/votes/HR/HR_2882_voteNumber108.json
[2024-04-12T23:19:54.120+0000] {logging_mixin.py:188} INFO - Uploaded /opt/***/dags/data/votes/HR/HR_5378_voteNumber708.json to gs://congress_data/votes/HR/HR_5378_voteNumber708.json
[2024-04-12T23:19:54.563+0000] {logging_mixin.py:188} INFO - Uploaded /opt/***/dags/data/votes/HR/HR_3935_voteNumber240.json to gs://congress_data/votes/HR/HR_3935_voteNumber240.json
[2024-04-12T23:19:55.008+0000] {logging_mixin.py:188} INFO - Uploaded /opt/***/dags/data/votes/HR/HR_3224_voteNumber707.json to gs://congress_data/votes/HR/HR_3224_voteNumber707.json
[2024-04-12T23:19:55.507+0000] {logging_mixin.py:188} INFO - Uploaded /opt/***/dags/data/votes/HR/HR_1154_voteNumber163.json to gs://congress_data/votes/HR/HR_1154_voteNumber163.json
[2024-04-12T23:19:55.947+0000] {logging_mixin.py:188} INFO - Uploaded /opt/***/dags/data/votes/HR/HR_3848_voteNumber695.json to gs://congress_data/votes/HR/HR_3848_voteNumber695.json
[2024-04-12T23:19:56.398+0000] {logging_mixin.py:188} INFO - Uploaded /opt/***/dags/data/votes/HR/HR_663_voteNumber394.json to gs://congress_data/votes/HR/HR_663_voteNumber394.json
[2024-04-12T23:19:56.860+0000] {logging_mixin.py:188} INFO - Uploaded /opt/***/dags/data/votes/HR/HR_3981_voteNumber392.json to gs://congress_data/votes/HR/HR_3981_voteNumber392.json
[2024-04-12T23:19:57.307+0000] {logging_mixin.py:188} INFO - Uploaded /opt/***/dags/data/votes/HR/HR_3935_voteNumber364.json to gs://congress_data/votes/HR/HR_3935_voteNumber364.json
[2024-04-12T23:19:57.993+0000] {logging_mixin.py:188} INFO - Uploaded /opt/***/dags/data/votes/HR/HR_2812_voteNumber246.json to gs://congress_data/votes/HR/HR_2812_voteNumber246.json
[2024-04-12T23:19:58.430+0000] {logging_mixin.py:188} INFO - Uploaded /opt/***/dags/data/votes/HR/HR_5860_voteNumber513.json to gs://congress_data/votes/HR/HR_5860_voteNumber513.json
[2024-04-12T23:19:58.876+0000] {logging_mixin.py:188} INFO - Uploaded /opt/***/dags/data/votes/HR/HR_1353_voteNumber197.json to gs://congress_data/votes/HR/HR_1353_voteNumber197.json
[2024-04-12T23:19:59.362+0000] {logging_mixin.py:188} INFO - Uploaded /opt/***/dags/data/votes/HR/HR_4364_voteNumber563.json to gs://congress_data/votes/HR/HR_4364_voteNumber563.json
[2024-04-12T23:19:59.804+0000] {logging_mixin.py:188} INFO - Uploaded /opt/***/dags/data/votes/HR/HR_4365_voteNumber501.json to gs://congress_data/votes/HR/HR_4365_voteNumber501.json
[2024-04-12T23:20:00.315+0000] {logging_mixin.py:188} INFO - Uploaded /opt/***/dags/data/votes/HR/HR_1338_voteNumber365.json to gs://congress_data/votes/HR/HR_1338_voteNumber365.json
[2024-04-12T23:20:00.773+0000] {logging_mixin.py:188} INFO - Uploaded /opt/***/dags/data/votes/HR/HR_2882_voteNumber112.json to gs://congress_data/votes/HR/HR_2882_voteNumber112.json
[2024-04-12T23:20:01.236+0000] {logging_mixin.py:188} INFO - Uploaded /opt/***/dags/data/votes/HR/HR_3672_voteNumber273.json to gs://congress_data/votes/HR/HR_3672_voteNumber273.json
[2024-04-12T23:20:01.691+0000] {logging_mixin.py:188} INFO - Uploaded /opt/***/dags/data/votes/HR/HR_4821_voteNumber597.json to gs://congress_data/votes/HR/HR_4821_voteNumber597.json
[2024-04-12T23:20:02.187+0000] {logging_mixin.py:188} INFO - Uploaded /opt/***/dags/data/votes/HR/HR_1105_voteNumber643.json to gs://congress_data/votes/HR/HR_1105_voteNumber643.json
[2024-04-12T23:20:02.622+0000] {logging_mixin.py:188} INFO - Uploaded /opt/***/dags/data/votes/HR/HR_3250_voteNumber109.json to gs://congress_data/votes/HR/HR_3250_voteNumber109.json
[2024-04-12T23:20:03.112+0000] {logging_mixin.py:188} INFO - Uploaded /opt/***/dags/data/votes/HR/HR_3091_voteNumber222.json to gs://congress_data/votes/HR/HR_3091_voteNumber222.json
[2024-04-12T23:20:03.909+0000] {logging_mixin.py:188} INFO - Uploaded /opt/***/dags/data/votes/HR/HR_2670_voteNumber313.json to gs://congress_data/votes/HR/HR_2670_voteNumber313.json
[2024-04-12T23:20:04.418+0000] {logging_mixin.py:188} INFO - Uploaded /opt/***/dags/data/votes/HR/HR_1339_voteNumber200.json to gs://congress_data/votes/HR/HR_1339_voteNumber200.json
[2024-04-12T23:20:04.882+0000] {logging_mixin.py:188} INFO - Uploaded /opt/***/dags/data/votes/HR/HR_4470_voteNumber366.json to gs://congress_data/votes/HR/HR_4470_voteNumber366.json
[2024-04-12T23:20:05.388+0000] {logging_mixin.py:188} INFO - Uploaded /opt/***/dags/data/votes/HR/HR_347_voteNumber131.json to gs://congress_data/votes/HR/HR_347_voteNumber131.json
[2024-04-12T23:20:05.864+0000] {logging_mixin.py:188} INFO - Uploaded /opt/***/dags/data/votes/HR/HR_4365_voteNumber502.json to gs://congress_data/votes/HR/HR_4365_voteNumber502.json
[2024-04-12T23:20:06.313+0000] {logging_mixin.py:188} INFO - Uploaded /opt/***/dags/data/votes/HR/HR_2365_voteNumber724.json to gs://congress_data/votes/HR/HR_2365_voteNumber724.json
[2024-04-12T23:20:06.757+0000] {logging_mixin.py:188} INFO - Uploaded /opt/***/dags/data/votes/HR/HR_2872_voteNumber9.json to gs://congress_data/votes/HR/HR_2872_voteNumber9.json
[2024-04-12T23:20:07.215+0000] {logging_mixin.py:188} INFO - Uploaded /opt/***/dags/data/votes/HR/HR_2560_voteNumber111.json to gs://congress_data/votes/HR/HR_2560_voteNumber111.json
[2024-04-12T23:20:07.681+0000] {logging_mixin.py:188} INFO - Uploaded /opt/***/dags/data/votes/HR/HR_2882_voteNumber111.json to gs://congress_data/votes/HR/HR_2882_voteNumber111.json
[2024-04-12T23:20:08.127+0000] {logging_mixin.py:188} INFO - Uploaded /opt/***/dags/data/votes/HR/HR_2882_voteNumber107.json to gs://congress_data/votes/HR/HR_2882_voteNumber107.json
[2024-04-12T23:20:08.578+0000] {logging_mixin.py:188} INFO - Uploaded /opt/***/dags/data/votes/HR/HR_5933_voteNumber701.json to gs://congress_data/votes/HR/HR_5933_voteNumber701.json
[2024-04-12T23:20:09.037+0000] {logging_mixin.py:188} INFO - Uploaded /opt/***/dags/data/votes/HR/HR_3324_voteNumber387.json to gs://congress_data/votes/HR/HR_3324_voteNumber387.json
[2024-04-12T23:20:09.475+0000] {logging_mixin.py:188} INFO - Uploaded /opt/***/dags/data/votes/HR/HR_277_voteNumber265.json to gs://congress_data/votes/HR/HR_277_voteNumber265.json
[2024-04-12T23:20:10.033+0000] {logging_mixin.py:188} INFO - Uploaded /opt/***/dags/data/votes/HR/HR_815_voteNumber45.json to gs://congress_data/votes/HR/HR_815_voteNumber45.json
[2024-04-12T23:20:10.541+0000] {logging_mixin.py:188} INFO - Uploaded /opt/***/dags/data/votes/HR/HR_4366_voteNumber82.json to gs://congress_data/votes/HR/HR_4366_voteNumber82.json
[2024-04-12T23:20:10.988+0000] {logging_mixin.py:188} INFO - Uploaded /opt/***/dags/data/votes/HR/HR_2811_voteNumber198.json to gs://congress_data/votes/HR/HR_2811_voteNumber198.json
[2024-04-12T23:20:11.437+0000] {logging_mixin.py:188} INFO - Uploaded /opt/***/dags/data/votes/HR/HR_357_voteNumber717.json to gs://congress_data/votes/HR/HR_357_voteNumber717.json
[2024-04-12T23:20:11.866+0000] {logging_mixin.py:188} INFO - Uploaded /opt/***/dags/data/votes/HR/HR_2872_voteNumber11.json to gs://congress_data/votes/HR/HR_2872_voteNumber11.json
[2024-04-12T23:20:12.320+0000] {logging_mixin.py:188} INFO - Uploaded /opt/***/dags/data/votes/HR/HR_2792_voteNumber238.json to gs://congress_data/votes/HR/HR_2792_voteNumber238.json
[2024-04-12T23:20:12.768+0000] {logging_mixin.py:188} INFO - Uploaded /opt/***/dags/data/votes/HR/HR_5_voteNumber160.json to gs://congress_data/votes/HR/HR_5_voteNumber160.json
[2024-04-12T23:20:13.225+0000] {logging_mixin.py:188} INFO - Uploaded /opt/***/dags/data/votes/HR/HR_1093_voteNumber144.json to gs://congress_data/votes/HR/HR_1093_voteNumber144.json
[2024-04-12T23:20:13.677+0000] {logging_mixin.py:188} INFO - Uploaded /opt/***/dags/data/votes/HR/HR_5_voteNumber161.json to gs://congress_data/votes/HR/HR_5_voteNumber161.json
[2024-04-12T23:20:14.133+0000] {logging_mixin.py:188} INFO - Uploaded /opt/***/dags/data/votes/HR/HR_3941_voteNumber339.json to gs://congress_data/votes/HR/HR_3941_voteNumber339.json
[2024-04-12T23:20:14.591+0000] {logging_mixin.py:188} INFO - Uploaded /opt/***/dags/data/votes/HR/HR_139_voteNumber103.json to gs://congress_data/votes/HR/HR_139_voteNumber103.json
[2024-04-12T23:20:15.023+0000] {logging_mixin.py:188} INFO - Uploaded /opt/***/dags/data/votes/HR/HR_357_voteNumber716.json to gs://congress_data/votes/HR/HR_357_voteNumber716.json
[2024-04-12T23:20:15.477+0000] {logging_mixin.py:188} INFO - Uploaded /opt/***/dags/data/votes/HR/HR_2670_voteNumber723.json to gs://congress_data/votes/HR/HR_2670_voteNumber723.json
[2024-04-12T23:20:15.920+0000] {logging_mixin.py:188} INFO - Uploaded /opt/***/dags/data/votes/HR/HR_2811_voteNumber199.json to gs://congress_data/votes/HR/HR_2811_voteNumber199.json
[2024-04-12T23:20:16.350+0000] {logging_mixin.py:188} INFO - Uploaded /opt/***/dags/data/votes/HR/HR_4366_voteNumber83.json to gs://congress_data/votes/HR/HR_4366_voteNumber83.json
[2024-04-12T23:20:16.861+0000] {logging_mixin.py:188} INFO - Uploaded /opt/***/dags/data/votes/HR/HR_815_voteNumber44.json to gs://congress_data/votes/HR/HR_815_voteNumber44.json
[2024-04-12T23:20:17.317+0000] {logging_mixin.py:188} INFO - Uploaded /opt/***/dags/data/votes/HR/HR_277_voteNumber264.json to gs://congress_data/votes/HR/HR_277_voteNumber264.json
[2024-04-12T23:20:17.755+0000] {logging_mixin.py:188} INFO - Uploaded /opt/***/dags/data/votes/HR/HR_1123_voteNumber133.json to gs://congress_data/votes/HR/HR_1123_voteNumber133.json
[2024-04-12T23:20:18.207+0000] {logging_mixin.py:188} INFO - Uploaded /opt/***/dags/data/votes/HR/HR_1530_voteNumber401.json to gs://congress_data/votes/HR/HR_1530_voteNumber401.json
[2024-04-12T23:20:18.699+0000] {logging_mixin.py:188} INFO - Uploaded /opt/***/dags/data/votes/HR/HR_1023_voteNumber103.json to gs://congress_data/votes/HR/HR_1023_voteNumber103.json
[2024-04-12T23:20:19.132+0000] {logging_mixin.py:188} INFO - Uploaded /opt/***/dags/data/votes/HR/HR_2882_voteNumber106.json to gs://congress_data/votes/HR/HR_2882_voteNumber106.json
[2024-04-12T23:20:19.588+0000] {logging_mixin.py:188} INFO - Uploaded /opt/***/dags/data/votes/HR/HR_3089_voteNumber213.json to gs://congress_data/votes/HR/HR_3089_voteNumber213.json
[2024-04-12T23:20:20.154+0000] {logging_mixin.py:188} INFO - Uploaded /opt/***/dags/data/votes/HR/HR_2797_voteNumber244.json to gs://congress_data/votes/HR/HR_2797_voteNumber244.json
[2024-04-12T23:20:20.600+0000] {logging_mixin.py:188} INFO - Uploaded /opt/***/dags/data/votes/HR/HR_3799_voteNumber282.json to gs://congress_data/votes/HR/HR_3799_voteNumber282.json
[2024-04-12T23:20:21.047+0000] {logging_mixin.py:188} INFO - Uploaded /opt/***/dags/data/votes/HR/HR_2670_voteNumber328.json to gs://congress_data/votes/HR/HR_2670_voteNumber328.json
[2024-04-12T23:20:21.506+0000] {logging_mixin.py:188} INFO - Uploaded /opt/***/dags/data/votes/HR/HR_2882_voteNumber110.json to gs://congress_data/votes/HR/HR_2882_voteNumber110.json
[2024-04-12T23:20:21.946+0000] {logging_mixin.py:188} INFO - Uploaded /opt/***/dags/data/votes/HR/HR_1640_voteNumber268.json to gs://congress_data/votes/HR/HR_1640_voteNumber268.json
[2024-04-12T23:20:22.399+0000] {logging_mixin.py:188} INFO - Uploaded /opt/***/dags/data/votes/HR/HR_1615_voteNumber255.json to gs://congress_data/votes/HR/HR_1615_voteNumber255.json
[2024-04-12T23:20:22.839+0000] {logging_mixin.py:188} INFO - Uploaded /opt/***/dags/data/votes/HR/HR_815_voteNumber48.json to gs://congress_data/votes/HR/HR_815_voteNumber48.json
[2024-04-12T23:20:23.324+0000] {logging_mixin.py:188} INFO - Uploaded /opt/***/dags/data/votes/HR/HR_6655_voteNumber105.json to gs://congress_data/votes/HR/HR_6655_voteNumber105.json
[2024-04-12T23:20:23.823+0000] {logging_mixin.py:188} INFO - Uploaded /opt/***/dags/data/votes/HR/HR_1715_voteNumber204.json to gs://congress_data/votes/HR/HR_1715_voteNumber204.json
[2024-04-12T23:20:24.289+0000] {logging_mixin.py:188} INFO - Uploaded /opt/***/dags/data/votes/HR/HR_593_voteNumber644.json to gs://congress_data/votes/HR/HR_593_voteNumber644.json
[2024-04-12T23:20:24.742+0000] {logging_mixin.py:188} INFO - Uploaded /opt/***/dags/data/votes/HR/HR_7463_voteNumber65.json to gs://congress_data/votes/HR/HR_7463_voteNumber65.json
[2024-04-12T23:20:25.187+0000] {logging_mixin.py:188} INFO - Uploaded /opt/***/dags/data/votes/HR/HR_1151_voteNumber183.json to gs://congress_data/votes/HR/HR_1151_voteNumber183.json
[2024-04-12T23:20:25.636+0000] {logging_mixin.py:188} INFO - Uploaded /opt/***/dags/data/votes/HR/HR_4366_voteNumber227.json to gs://congress_data/votes/HR/HR_4366_voteNumber227.json
[2024-04-12T23:20:26.092+0000] {logging_mixin.py:188} INFO - Uploaded /opt/***/dags/data/votes/HR/HR_1163_voteNumber210.json to gs://congress_data/votes/HR/HR_1163_voteNumber210.json
[2024-04-12T23:20:26.582+0000] {logging_mixin.py:188} INFO - Uploaded /opt/***/dags/data/votes/HR/HR_538_voteNumber121.json to gs://congress_data/votes/HR/HR_538_voteNumber121.json
[2024-04-12T23:20:27.034+0000] {logging_mixin.py:188} INFO - Uploaded /opt/***/dags/data/votes/HR/HR_815_voteNumber43.json to gs://congress_data/votes/HR/HR_815_voteNumber43.json
[2024-04-12T23:20:27.476+0000] {logging_mixin.py:188} INFO - Uploaded /opt/***/dags/data/votes/HR/HR_140_voteNumber141.json to gs://congress_data/votes/HR/HR_140_voteNumber141.json
[2024-04-12T23:20:27.934+0000] {logging_mixin.py:188} INFO - Uploaded /opt/***/dags/data/votes/HR/HR_4366_voteNumber84.json to gs://congress_data/votes/HR/HR_4366_voteNumber84.json
[2024-04-12T23:20:28.691+0000] {logging_mixin.py:188} INFO - Uploaded /opt/***/dags/data/votes/HR/HR_2796_voteNumber240.json to gs://congress_data/votes/HR/HR_2796_voteNumber240.json
[2024-04-12T23:20:29.130+0000] {logging_mixin.py:188} INFO - Uploaded /opt/***/dags/data/votes/HR/HR_1149_voteNumber189.json to gs://congress_data/votes/HR/HR_1149_voteNumber189.json
[2024-04-12T23:20:29.578+0000] {logging_mixin.py:188} INFO - Uploaded /opt/***/dags/data/votes/HR/HR_6126_voteNumber577.json to gs://congress_data/votes/HR/HR_6126_voteNumber577.json
[2024-04-12T23:20:30.003+0000] {logging_mixin.py:188} INFO - Uploaded /opt/***/dags/data/votes/HR/HR_1435_voteNumber390.json to gs://congress_data/votes/HR/HR_1435_voteNumber390.json
[2024-04-12T23:20:30.434+0000] {logging_mixin.py:188} INFO - Uploaded /opt/***/dags/data/votes/HR/HR_467_voteNumber237.json to gs://congress_data/votes/HR/HR_467_voteNumber237.json
[2024-04-12T23:20:30.858+0000] {logging_mixin.py:188} INFO - Uploaded /opt/***/dags/data/votes/HR/HR_4394_voteNumber557.json to gs://congress_data/votes/HR/HR_4394_voteNumber557.json
[2024-04-12T23:20:31.296+0000] {logging_mixin.py:188} INFO - Uploaded /opt/***/dags/data/votes/HR/HR_382_voteNumber100.json to gs://congress_data/votes/HR/HR_382_voteNumber100.json
[2024-04-12T23:20:31.821+0000] {logging_mixin.py:188} INFO - Uploaded /opt/***/dags/data/votes/HR/HR_3746_voteNumber146.json to gs://congress_data/votes/HR/HR_3746_voteNumber146.json
[2024-04-12T23:20:32.261+0000] {logging_mixin.py:188} INFO - Uploaded /opt/***/dags/data/votes/HR/HR_5692_voteNumber503.json to gs://congress_data/votes/HR/HR_5692_voteNumber503.json
[2024-04-12T23:20:32.708+0000] {logging_mixin.py:188} INFO - Uploaded /opt/***/dags/data/votes/HR/HR_2670_voteNumber342.json to gs://congress_data/votes/HR/HR_2670_voteNumber342.json
[2024-04-12T23:20:33.143+0000] {logging_mixin.py:188} INFO - Uploaded /opt/***/dags/data/votes/HR/HR_6363_voteNumber312.json to gs://congress_data/votes/HR/HR_6363_voteNumber312.json
[2024-04-12T23:20:33.914+0000] {logging_mixin.py:188} INFO - Uploaded /opt/***/dags/data/votes/HR/HR_3746_voteNumber243.json to gs://congress_data/votes/HR/HR_3746_voteNumber243.json
[2024-04-12T23:20:34.370+0000] {logging_mixin.py:188} INFO - Uploaded /opt/***/dags/data/votes/HR/HR_1023_voteNumber104.json to gs://congress_data/votes/HR/HR_1023_voteNumber104.json
[2024-04-12T23:20:34.938+0000] {logging_mixin.py:188} INFO - Uploaded /opt/***/dags/data/votes/HR/HR_288_voteNumber270.json to gs://congress_data/votes/HR/HR_288_voteNumber270.json
[2024-04-12T23:20:35.375+0000] {logging_mixin.py:188} INFO - Uploaded /opt/***/dags/data/votes/HR/HR_288_voteNumber271.json to gs://congress_data/votes/HR/HR_288_voteNumber271.json
[2024-04-12T23:20:35.870+0000] {logging_mixin.py:188} INFO - Uploaded /opt/***/dags/data/votes/HR/HR_3152_voteNumber383.json to gs://congress_data/votes/HR/HR_3152_voteNumber383.json
[2024-04-12T23:20:36.336+0000] {logging_mixin.py:188} INFO - Uploaded /opt/***/dags/data/votes/HR/HR_1_voteNumber181.json to gs://congress_data/votes/HR/HR_1_voteNumber181.json
[2024-04-12T23:20:36.769+0000] {logging_mixin.py:188} INFO - Uploaded /opt/***/dags/data/votes/HR/HR_2670_voteNumber396.json to gs://congress_data/votes/HR/HR_2670_voteNumber396.json
[2024-04-12T23:20:37.211+0000] {logging_mixin.py:188} INFO - Uploaded /opt/***/dags/data/votes/HR/HR_2670_voteNumber400.json to gs://congress_data/votes/HR/HR_2670_voteNumber400.json
[2024-04-12T23:20:37.650+0000] {logging_mixin.py:188} INFO - Uploaded /opt/***/dags/data/votes/HR/HR_4366_voteNumber379.json to gs://congress_data/votes/HR/HR_4366_voteNumber379.json
[2024-04-12T23:20:38.093+0000] {logging_mixin.py:188} INFO - Uploaded /opt/***/dags/data/votes/HR/HR_4502_voteNumber515.json to gs://congress_data/votes/HR/HR_4502_voteNumber515.json
[2024-04-12T23:20:38.541+0000] {logging_mixin.py:188} INFO - Uploaded /opt/***/dags/data/votes/HR/HR_4366_voteNumber284.json to gs://congress_data/votes/HR/HR_4366_voteNumber284.json
[2024-04-12T23:20:38.985+0000] {logging_mixin.py:188} INFO - Uploaded /opt/***/dags/data/votes/HR/HR_2670_voteNumber343.json to gs://congress_data/votes/HR/HR_2670_voteNumber343.json
[2024-04-12T23:20:39.440+0000] {logging_mixin.py:188} INFO - Uploaded /opt/***/dags/data/votes/HR/HR_4366_voteNumber380.json to gs://congress_data/votes/HR/HR_4366_voteNumber380.json
[2024-04-12T23:20:39.879+0000] {logging_mixin.py:188} INFO - Uploaded /opt/***/dags/data/votes/HR/HR_2670_voteNumber334.json to gs://congress_data/votes/HR/HR_2670_voteNumber334.json
[2024-04-12T23:20:40.330+0000] {logging_mixin.py:188} INFO - Uploaded /opt/***/dags/data/votes/HR/HR_815_voteNumber39.json to gs://congress_data/votes/HR/HR_815_voteNumber39.json
[2024-04-12T23:20:40.770+0000] {logging_mixin.py:188} INFO - Uploaded /opt/***/dags/data/votes/HR/HR_815_voteNumber332.json to gs://congress_data/votes/HR/HR_815_voteNumber332.json
[2024-04-12T23:20:41.218+0000] {logging_mixin.py:188} INFO - Uploaded /opt/***/dags/data/votes/HR/HR_1435_voteNumber391.json to gs://congress_data/votes/HR/HR_1435_voteNumber391.json
[2024-04-12T23:20:41.659+0000] {logging_mixin.py:188} INFO - Uploaded /opt/***/dags/data/votes/HR/HR_5110_voteNumber407.json to gs://congress_data/votes/HR/HR_5110_voteNumber407.json
[2024-04-12T23:20:42.138+0000] {logging_mixin.py:188} INFO - Uploaded /opt/***/dags/data/votes/HR/HR_4665_voteNumber499.json to gs://congress_data/votes/HR/HR_4665_voteNumber499.json
[2024-04-12T23:20:42.597+0000] {logging_mixin.py:188} INFO - Uploaded /opt/***/dags/data/votes/HR/HR_734_voteNumber192.json to gs://congress_data/votes/HR/HR_734_voteNumber192.json
[2024-04-12T23:20:43.041+0000] {logging_mixin.py:188} INFO - Uploaded /opt/***/dags/data/votes/HR/HR_4531_voteNumber715.json to gs://congress_data/votes/HR/HR_4531_voteNumber715.json
[2024-04-12T23:20:43.467+0000] {logging_mixin.py:188} INFO - Uploaded /opt/***/dags/data/votes/HR/HR_140_voteNumber140.json to gs://congress_data/votes/HR/HR_140_voteNumber140.json
[2024-04-12T23:20:43.903+0000] {logging_mixin.py:188} INFO - Uploaded /opt/***/dags/data/votes/HR/HR_815_voteNumber42.json to gs://congress_data/votes/HR/HR_815_voteNumber42.json
[2024-04-12T23:20:44.371+0000] {logging_mixin.py:188} INFO - Uploaded /opt/***/dags/data/votes/HR/HR_1606_voteNumber272.json to gs://congress_data/votes/HR/HR_1606_voteNumber272.json
[2024-04-12T23:20:44.848+0000] {logging_mixin.py:188} INFO - Uploaded /opt/***/dags/data/votes/HR/HR_1163_voteNumber211.json to gs://congress_data/votes/HR/HR_1163_voteNumber211.json
[2024-04-12T23:20:45.292+0000] {logging_mixin.py:188} INFO - Uploaded /opt/***/dags/data/votes/HR/HR_302_voteNumber107.json to gs://congress_data/votes/HR/HR_302_voteNumber107.json
[2024-04-12T23:20:45.777+0000] {logging_mixin.py:188} INFO - Uploaded /opt/***/dags/data/votes/HR/HR_185_voteNumber116.json to gs://congress_data/votes/HR/HR_185_voteNumber116.json
[2024-04-12T23:20:46.205+0000] {logging_mixin.py:188} INFO - Uploaded /opt/***/dags/data/votes/HR/HR_7463_voteNumber64.json to gs://congress_data/votes/HR/HR_7463_voteNumber64.json
[2024-04-12T23:20:46.632+0000] {logging_mixin.py:188} INFO - Uploaded /opt/***/dags/data/votes/SJRES/SJRES_10_voteNumber90.json to gs://congress_data/votes/SJRES/SJRES_10_voteNumber90.json
[2024-04-12T23:20:47.115+0000] {logging_mixin.py:188} INFO - Uploaded /opt/***/dags/data/votes/SJRES/SJRES_18_voteNumber130.json to gs://congress_data/votes/SJRES/SJRES_18_voteNumber130.json
[2024-04-12T23:20:47.588+0000] {logging_mixin.py:188} INFO - Uploaded /opt/***/dags/data/votes/SJRES/SJRES_24_voteNumber123.json to gs://congress_data/votes/SJRES/SJRES_24_voteNumber123.json
[2024-04-12T23:20:48.024+0000] {logging_mixin.py:188} INFO - Uploaded /opt/***/dags/data/votes/SJRES/SJRES_44_voteNumber270.json to gs://congress_data/votes/SJRES/SJRES_44_voteNumber270.json
[2024-04-12T23:20:48.472+0000] {logging_mixin.py:188} INFO - Uploaded /opt/***/dags/data/votes/SJRES/SJRES_51_voteNumber333.json to gs://congress_data/votes/SJRES/SJRES_51_voteNumber333.json
[2024-04-12T23:20:49.158+0000] {logging_mixin.py:188} INFO - Uploaded /opt/***/dags/data/votes/SJRES/SJRES_32_voteNumber260.json to gs://congress_data/votes/SJRES/SJRES_32_voteNumber260.json
[2024-04-12T23:20:49.583+0000] {logging_mixin.py:188} INFO - Uploaded /opt/***/dags/data/votes/SJRES/SJRES_43_voteNumber310.json to gs://congress_data/votes/SJRES/SJRES_43_voteNumber310.json
[2024-04-12T23:20:50.025+0000] {logging_mixin.py:188} INFO - Uploaded /opt/***/dags/data/votes/SJRES/SJRES_9_voteNumber381.json to gs://congress_data/votes/SJRES/SJRES_9_voteNumber381.json
[2024-04-12T23:20:50.471+0000] {logging_mixin.py:188} INFO - Uploaded /opt/***/dags/data/votes/SJRES/SJRES_32_voteNumber690.json to gs://congress_data/votes/SJRES/SJRES_32_voteNumber690.json
[2024-04-12T23:20:50.919+0000] {logging_mixin.py:188} INFO - Uploaded /opt/***/dags/data/votes/SJRES/SJRES_38_voteNumber61.json to gs://congress_data/votes/SJRES/SJRES_38_voteNumber61.json
[2024-04-12T23:20:51.355+0000] {logging_mixin.py:188} INFO - Uploaded /opt/***/dags/data/votes/SJRES/SJRES_38_voteNumber303.json to gs://congress_data/votes/SJRES/SJRES_38_voteNumber303.json
[2024-04-12T23:20:51.814+0000] {logging_mixin.py:188} INFO - Uploaded /opt/***/dags/data/votes/SJRES/SJRES_24_voteNumber382.json to gs://congress_data/votes/SJRES/SJRES_24_voteNumber382.json
[2024-04-12T23:20:52.403+0000] {logging_mixin.py:188} INFO - Uploaded /opt/***/dags/data/votes/SJRES/SJRES_11_voteNumber98.json to gs://congress_data/votes/SJRES/SJRES_11_voteNumber98.json
[2024-04-12T23:20:52.840+0000] {logging_mixin.py:188} INFO - Uploaded /opt/***/dags/data/votes/SJRES/SJRES_11_voteNumber167.json to gs://congress_data/votes/SJRES/SJRES_11_voteNumber167.json
[2024-04-12T23:20:53.574+0000] {logging_mixin.py:188} INFO - Uploaded /opt/***/dags/data/votes/SJRES/SJRES_32_voteNumber5.json to gs://congress_data/votes/SJRES/SJRES_32_voteNumber5.json
[2024-04-12T23:20:54.001+0000] {logging_mixin.py:188} INFO - Uploaded /opt/***/dags/data/votes/SJRES/SJRES_62_voteNumber101.json to gs://congress_data/votes/SJRES/SJRES_62_voteNumber101.json
[2024-04-12T23:20:54.453+0000] {logging_mixin.py:188} INFO - Uploaded /opt/***/dags/data/votes/SJRES/SJRES_24_voteNumber243.json to gs://congress_data/votes/SJRES/SJRES_24_voteNumber243.json
[2024-04-12T23:20:54.886+0000] {logging_mixin.py:188} INFO - Uploaded /opt/***/dags/data/votes/SJRES/SJRES_11_voteNumber232.json to gs://congress_data/votes/SJRES/SJRES_11_voteNumber232.json
[2024-04-12T23:20:55.324+0000] {logging_mixin.py:188} INFO - Uploaded /opt/***/dags/data/votes/SJRES/SJRES_60_voteNumber62.json to gs://congress_data/votes/SJRES/SJRES_60_voteNumber62.json
[2024-04-12T23:20:55.777+0000] {logging_mixin.py:188} INFO - Uploaded /opt/***/dags/data/votes/SJRES/SJRES_9_voteNumber242.json to gs://congress_data/votes/SJRES/SJRES_9_voteNumber242.json
[2024-04-12T23:20:56.236+0000] {logging_mixin.py:188} INFO - Uploaded /opt/***/dags/data/votes/SJRES/SJRES_23_voteNumber122.json to gs://congress_data/votes/SJRES/SJRES_23_voteNumber122.json
[2024-04-12T23:20:56.656+0000] {logging_mixin.py:188} INFO - Uploaded /opt/***/dags/data/votes/SJRES/SJRES_61_voteNumber121.json to gs://congress_data/votes/SJRES/SJRES_61_voteNumber121.json
[2024-04-12T23:20:57.113+0000] {logging_mixin.py:188} INFO - Uploaded /opt/***/dags/data/votes/SJRES/SJRES_9_voteNumber110.json to gs://congress_data/votes/SJRES/SJRES_9_voteNumber110.json
[2024-04-12T23:20:57.555+0000] {logging_mixin.py:188} INFO - Uploaded /opt/***/dags/data/votes/SJRES/SJRES_4_voteNumber99.json to gs://congress_data/votes/SJRES/SJRES_4_voteNumber99.json
[2024-04-12T23:20:57.987+0000] {logging_mixin.py:188} INFO - Uploaded /opt/***/dags/data/votes/SJRES/SJRES_42_voteNumber272.json to gs://congress_data/votes/SJRES/SJRES_42_voteNumber272.json
[2024-04-12T23:20:57.989+0000] {python.py:202} INFO - Done. Returned value was: None
[2024-04-12T23:20:58.022+0000] {taskinstance.py:1149} INFO - Marking task as SUCCESS. dag_id=upload_congress_data, task_id=upload_votes_to_gcs, execution_date=20240315T000000, start_date=20240412T231848, end_date=20240412T232058
[2024-04-12T23:20:58.069+0000] {local_task_job_runner.py:234} INFO - Task exited with return code 0
[2024-04-12T23:20:58.094+0000] {taskinstance.py:3312} INFO - 1 downstream tasks scheduled from follow-on schedule check
