[2024-04-25T03:59:58.707+0000] {processor.py:161} INFO - Started process (PID=31) to work on /opt/airflow/dags/upload_congress_data.py
[2024-04-25T03:59:58.715+0000] {processor.py:830} INFO - Processing file /opt/airflow/dags/upload_congress_data.py for tasks to queue
[2024-04-25T03:59:58.722+0000] {logging_mixin.py:188} INFO - [2024-04-25T03:59:58.721+0000] {dagbag.py:540} INFO - Filling up the DagBag from /opt/airflow/dags/upload_congress_data.py
[2024-04-25T03:59:58.810+0000] {logging_mixin.py:188} INFO - Bucket Name: congress_data_testproject-420401
[2024-04-25T03:59:58.853+0000] {processor.py:840} INFO - DAG(s) 'upload_congress_data' retrieved from /opt/airflow/dags/upload_congress_data.py
[2024-04-25T03:59:59.058+0000] {logging_mixin.py:188} INFO - [2024-04-25T03:59:59.058+0000] {dag.py:3047} INFO - Sync 1 DAGs
[2024-04-25T03:59:59.075+0000] {logging_mixin.py:188} INFO - [2024-04-25T03:59:59.074+0000] {dag.py:3834} INFO - Setting next_dagrun for upload_congress_data to None, run_after=None
[2024-04-25T03:59:59.103+0000] {processor.py:183} INFO - Processing /opt/airflow/dags/upload_congress_data.py took 0.404 seconds
[2024-04-25T04:00:29.225+0000] {processor.py:161} INFO - Started process (PID=39) to work on /opt/airflow/dags/upload_congress_data.py
[2024-04-25T04:00:29.227+0000] {processor.py:830} INFO - Processing file /opt/airflow/dags/upload_congress_data.py for tasks to queue
[2024-04-25T04:00:29.232+0000] {logging_mixin.py:188} INFO - [2024-04-25T04:00:29.231+0000] {dagbag.py:540} INFO - Filling up the DagBag from /opt/airflow/dags/upload_congress_data.py
[2024-04-25T04:00:29.281+0000] {logging_mixin.py:188} INFO - Bucket Name: congress_data_testproject-420401
[2024-04-25T04:00:29.293+0000] {processor.py:840} INFO - DAG(s) 'upload_congress_data' retrieved from /opt/airflow/dags/upload_congress_data.py
[2024-04-25T04:00:29.314+0000] {logging_mixin.py:188} INFO - [2024-04-25T04:00:29.314+0000] {dag.py:3047} INFO - Sync 1 DAGs
[2024-04-25T04:00:29.327+0000] {logging_mixin.py:188} INFO - [2024-04-25T04:00:29.327+0000] {dag.py:3834} INFO - Setting next_dagrun for upload_congress_data to None, run_after=None
[2024-04-25T04:00:29.335+0000] {processor.py:183} INFO - Processing /opt/airflow/dags/upload_congress_data.py took 0.121 seconds
[2024-04-25T04:00:59.875+0000] {processor.py:161} INFO - Started process (PID=53) to work on /opt/airflow/dags/upload_congress_data.py
[2024-04-25T04:00:59.877+0000] {processor.py:830} INFO - Processing file /opt/airflow/dags/upload_congress_data.py for tasks to queue
[2024-04-25T04:00:59.888+0000] {logging_mixin.py:188} INFO - [2024-04-25T04:00:59.886+0000] {dagbag.py:540} INFO - Filling up the DagBag from /opt/airflow/dags/upload_congress_data.py
[2024-04-25T04:00:59.950+0000] {logging_mixin.py:188} INFO - Bucket Name: congress_data_testproject-420401
[2024-04-25T04:00:59.961+0000] {processor.py:840} INFO - DAG(s) 'upload_congress_data' retrieved from /opt/airflow/dags/upload_congress_data.py
[2024-04-25T04:00:59.985+0000] {logging_mixin.py:188} INFO - [2024-04-25T04:00:59.985+0000] {dag.py:3047} INFO - Sync 1 DAGs
[2024-04-25T04:01:00.011+0000] {processor.py:183} INFO - Processing /opt/airflow/dags/upload_congress_data.py took 0.142 seconds
[2024-04-25T04:01:30.300+0000] {processor.py:161} INFO - Started process (PID=61) to work on /opt/airflow/dags/upload_congress_data.py
[2024-04-25T04:01:30.302+0000] {processor.py:830} INFO - Processing file /opt/airflow/dags/upload_congress_data.py for tasks to queue
[2024-04-25T04:01:30.329+0000] {logging_mixin.py:188} INFO - [2024-04-25T04:01:30.327+0000] {dagbag.py:540} INFO - Filling up the DagBag from /opt/airflow/dags/upload_congress_data.py
[2024-04-25T04:01:30.405+0000] {logging_mixin.py:188} INFO - Bucket Name: congress_data_testproject-420401
[2024-04-25T04:01:30.431+0000] {processor.py:840} INFO - DAG(s) 'upload_congress_data' retrieved from /opt/airflow/dags/upload_congress_data.py
[2024-04-25T04:01:30.474+0000] {logging_mixin.py:188} INFO - [2024-04-25T04:01:30.474+0000] {dag.py:3047} INFO - Sync 1 DAGs
[2024-04-25T04:01:30.540+0000] {processor.py:183} INFO - Processing /opt/airflow/dags/upload_congress_data.py took 0.245 seconds
[2024-04-25T04:02:00.723+0000] {processor.py:161} INFO - Started process (PID=69) to work on /opt/airflow/dags/upload_congress_data.py
[2024-04-25T04:02:00.725+0000] {processor.py:830} INFO - Processing file /opt/airflow/dags/upload_congress_data.py for tasks to queue
[2024-04-25T04:02:00.747+0000] {logging_mixin.py:188} INFO - [2024-04-25T04:02:00.746+0000] {dagbag.py:540} INFO - Filling up the DagBag from /opt/airflow/dags/upload_congress_data.py
[2024-04-25T04:02:00.786+0000] {logging_mixin.py:188} INFO - Bucket Name: congress_data_testproject-420401
[2024-04-25T04:02:00.797+0000] {processor.py:840} INFO - DAG(s) 'upload_congress_data' retrieved from /opt/airflow/dags/upload_congress_data.py
[2024-04-25T04:02:00.879+0000] {logging_mixin.py:188} INFO - [2024-04-25T04:02:00.879+0000] {dag.py:3047} INFO - Sync 1 DAGs
[2024-04-25T04:02:00.886+0000] {logging_mixin.py:188} INFO - [2024-04-25T04:02:00.886+0000] {dag.py:3069} INFO - Creating ORM DAG for upload_congress_data
[2024-04-25T04:02:00.892+0000] {logging_mixin.py:188} INFO - [2024-04-25T04:02:00.892+0000] {dag.py:3834} INFO - Setting next_dagrun for upload_congress_data to 2024-03-15 00:00:00+00:00, run_after=2024-03-15 00:00:00+00:00
[2024-04-25T04:02:00.904+0000] {processor.py:183} INFO - Processing /opt/airflow/dags/upload_congress_data.py took 0.187 seconds
[2024-04-25T04:02:31.052+0000] {processor.py:161} INFO - Started process (PID=84) to work on /opt/airflow/dags/upload_congress_data.py
[2024-04-25T04:02:31.053+0000] {processor.py:830} INFO - Processing file /opt/airflow/dags/upload_congress_data.py for tasks to queue
[2024-04-25T04:02:31.057+0000] {logging_mixin.py:188} INFO - [2024-04-25T04:02:31.057+0000] {dagbag.py:540} INFO - Filling up the DagBag from /opt/airflow/dags/upload_congress_data.py
[2024-04-25T04:02:31.124+0000] {logging_mixin.py:188} INFO - Bucket Name: congress_data_testproject-420401
[2024-04-25T04:02:31.137+0000] {processor.py:840} INFO - DAG(s) 'upload_congress_data' retrieved from /opt/airflow/dags/upload_congress_data.py
[2024-04-25T04:02:31.155+0000] {logging_mixin.py:188} INFO - [2024-04-25T04:02:31.155+0000] {dag.py:3047} INFO - Sync 1 DAGs
[2024-04-25T04:02:31.177+0000] {processor.py:183} INFO - Processing /opt/airflow/dags/upload_congress_data.py took 0.130 seconds
