[2024-04-03T04:30:11.616+0000] {processor.py:161} INFO - Started process (PID=584) to work on /opt/airflow/dags/data/BILLSTATUS-118-sjres.zip
[2024-04-03T04:30:11.617+0000] {processor.py:830} INFO - Processing file /opt/airflow/dags/data/BILLSTATUS-118-sjres.zip for tasks to queue
[2024-04-03T04:30:11.618+0000] {logging_mixin.py:188} INFO - [2024-04-03T04:30:11.618+0000] {dagbag.py:540} INFO - Filling up the DagBag from /opt/airflow/dags/data/BILLSTATUS-118-sjres.zip
[2024-04-03T04:30:11.621+0000] {processor.py:842} WARNING - No viable dags retrieved from /opt/airflow/dags/data/BILLSTATUS-118-sjres.zip
[2024-04-03T04:30:11.630+0000] {processor.py:183} INFO - Processing /opt/airflow/dags/data/BILLSTATUS-118-sjres.zip took 0.016 seconds
[2024-04-03T04:30:44.068+0000] {processor.py:161} INFO - Started process (PID=600) to work on /opt/airflow/dags/data/BILLSTATUS-118-sjres.zip
[2024-04-03T04:30:44.069+0000] {processor.py:830} INFO - Processing file /opt/airflow/dags/data/BILLSTATUS-118-sjres.zip for tasks to queue
[2024-04-03T04:30:44.070+0000] {logging_mixin.py:188} INFO - [2024-04-03T04:30:44.070+0000] {dagbag.py:540} INFO - Filling up the DagBag from /opt/airflow/dags/data/BILLSTATUS-118-sjres.zip
[2024-04-03T04:30:44.074+0000] {processor.py:842} WARNING - No viable dags retrieved from /opt/airflow/dags/data/BILLSTATUS-118-sjres.zip
[2024-04-03T04:30:44.085+0000] {processor.py:183} INFO - Processing /opt/airflow/dags/data/BILLSTATUS-118-sjres.zip took 0.020 seconds
[2024-04-03T04:31:16.067+0000] {processor.py:161} INFO - Started process (PID=616) to work on /opt/airflow/dags/data/BILLSTATUS-118-sjres.zip
[2024-04-03T04:31:16.068+0000] {processor.py:830} INFO - Processing file /opt/airflow/dags/data/BILLSTATUS-118-sjres.zip for tasks to queue
[2024-04-03T04:31:16.070+0000] {logging_mixin.py:188} INFO - [2024-04-03T04:31:16.069+0000] {dagbag.py:540} INFO - Filling up the DagBag from /opt/airflow/dags/data/BILLSTATUS-118-sjres.zip
[2024-04-03T04:31:16.072+0000] {processor.py:842} WARNING - No viable dags retrieved from /opt/airflow/dags/data/BILLSTATUS-118-sjres.zip
[2024-04-03T04:31:16.083+0000] {processor.py:183} INFO - Processing /opt/airflow/dags/data/BILLSTATUS-118-sjres.zip took 0.018 seconds
[2024-04-03T04:31:47.058+0000] {processor.py:161} INFO - Started process (PID=632) to work on /opt/airflow/dags/data/BILLSTATUS-118-sjres.zip
[2024-04-03T04:31:47.059+0000] {processor.py:830} INFO - Processing file /opt/airflow/dags/data/BILLSTATUS-118-sjres.zip for tasks to queue
[2024-04-03T04:31:47.061+0000] {logging_mixin.py:188} INFO - [2024-04-03T04:31:47.060+0000] {dagbag.py:540} INFO - Filling up the DagBag from /opt/airflow/dags/data/BILLSTATUS-118-sjres.zip
[2024-04-03T04:31:47.063+0000] {processor.py:842} WARNING - No viable dags retrieved from /opt/airflow/dags/data/BILLSTATUS-118-sjres.zip
[2024-04-03T04:31:47.073+0000] {processor.py:183} INFO - Processing /opt/airflow/dags/data/BILLSTATUS-118-sjres.zip took 0.017 seconds
[2024-04-03T04:32:17.719+0000] {processor.py:161} INFO - Started process (PID=647) to work on /opt/airflow/dags/data/BILLSTATUS-118-sjres.zip
[2024-04-03T04:32:17.720+0000] {processor.py:830} INFO - Processing file /opt/airflow/dags/data/BILLSTATUS-118-sjres.zip for tasks to queue
[2024-04-03T04:32:17.722+0000] {logging_mixin.py:188} INFO - [2024-04-03T04:32:17.722+0000] {dagbag.py:540} INFO - Filling up the DagBag from /opt/airflow/dags/data/BILLSTATUS-118-sjres.zip
[2024-04-03T04:32:17.725+0000] {processor.py:842} WARNING - No viable dags retrieved from /opt/airflow/dags/data/BILLSTATUS-118-sjres.zip
[2024-04-03T04:32:17.736+0000] {processor.py:183} INFO - Processing /opt/airflow/dags/data/BILLSTATUS-118-sjres.zip took 0.020 seconds
[2024-04-03T04:32:49.243+0000] {processor.py:161} INFO - Started process (PID=663) to work on /opt/airflow/dags/data/BILLSTATUS-118-sjres.zip
[2024-04-03T04:32:49.244+0000] {processor.py:830} INFO - Processing file /opt/airflow/dags/data/BILLSTATUS-118-sjres.zip for tasks to queue
[2024-04-03T04:32:49.245+0000] {logging_mixin.py:188} INFO - [2024-04-03T04:32:49.245+0000] {dagbag.py:540} INFO - Filling up the DagBag from /opt/airflow/dags/data/BILLSTATUS-118-sjres.zip
[2024-04-03T04:32:49.248+0000] {processor.py:842} WARNING - No viable dags retrieved from /opt/airflow/dags/data/BILLSTATUS-118-sjres.zip
[2024-04-03T04:32:49.259+0000] {processor.py:183} INFO - Processing /opt/airflow/dags/data/BILLSTATUS-118-sjres.zip took 0.018 seconds
[2024-04-03T04:33:20.863+0000] {processor.py:161} INFO - Started process (PID=679) to work on /opt/airflow/dags/data/BILLSTATUS-118-sjres.zip
[2024-04-03T04:33:20.864+0000] {processor.py:830} INFO - Processing file /opt/airflow/dags/data/BILLSTATUS-118-sjres.zip for tasks to queue
[2024-04-03T04:33:20.865+0000] {logging_mixin.py:188} INFO - [2024-04-03T04:33:20.865+0000] {dagbag.py:540} INFO - Filling up the DagBag from /opt/airflow/dags/data/BILLSTATUS-118-sjres.zip
[2024-04-03T04:33:20.867+0000] {processor.py:842} WARNING - No viable dags retrieved from /opt/airflow/dags/data/BILLSTATUS-118-sjres.zip
[2024-04-03T04:33:20.877+0000] {processor.py:183} INFO - Processing /opt/airflow/dags/data/BILLSTATUS-118-sjres.zip took 0.016 seconds
