[2024-04-03T04:30:11.455+0000] {processor.py:161} INFO - Started process (PID=580) to work on /opt/airflow/dags/data/BILLSTATUS-118-hjres.zip
[2024-04-03T04:30:11.456+0000] {processor.py:830} INFO - Processing file /opt/airflow/dags/data/BILLSTATUS-118-hjres.zip for tasks to queue
[2024-04-03T04:30:11.457+0000] {logging_mixin.py:188} INFO - [2024-04-03T04:30:11.457+0000] {dagbag.py:540} INFO - Filling up the DagBag from /opt/airflow/dags/data/BILLSTATUS-118-hjres.zip
[2024-04-03T04:30:11.460+0000] {processor.py:842} WARNING - No viable dags retrieved from /opt/airflow/dags/data/BILLSTATUS-118-hjres.zip
[2024-04-03T04:30:11.471+0000] {processor.py:183} INFO - Processing /opt/airflow/dags/data/BILLSTATUS-118-hjres.zip took 0.019 seconds
[2024-04-03T04:30:43.930+0000] {processor.py:161} INFO - Started process (PID=596) to work on /opt/airflow/dags/data/BILLSTATUS-118-hjres.zip
[2024-04-03T04:30:43.931+0000] {processor.py:830} INFO - Processing file /opt/airflow/dags/data/BILLSTATUS-118-hjres.zip for tasks to queue
[2024-04-03T04:30:43.934+0000] {logging_mixin.py:188} INFO - [2024-04-03T04:30:43.933+0000] {dagbag.py:540} INFO - Filling up the DagBag from /opt/airflow/dags/data/BILLSTATUS-118-hjres.zip
[2024-04-03T04:30:43.937+0000] {processor.py:842} WARNING - No viable dags retrieved from /opt/airflow/dags/data/BILLSTATUS-118-hjres.zip
[2024-04-03T04:30:43.949+0000] {processor.py:183} INFO - Processing /opt/airflow/dags/data/BILLSTATUS-118-hjres.zip took 0.021 seconds
[2024-04-03T04:31:15.920+0000] {processor.py:161} INFO - Started process (PID=612) to work on /opt/airflow/dags/data/BILLSTATUS-118-hjres.zip
[2024-04-03T04:31:15.921+0000] {processor.py:830} INFO - Processing file /opt/airflow/dags/data/BILLSTATUS-118-hjres.zip for tasks to queue
[2024-04-03T04:31:15.923+0000] {logging_mixin.py:188} INFO - [2024-04-03T04:31:15.922+0000] {dagbag.py:540} INFO - Filling up the DagBag from /opt/airflow/dags/data/BILLSTATUS-118-hjres.zip
[2024-04-03T04:31:15.926+0000] {processor.py:842} WARNING - No viable dags retrieved from /opt/airflow/dags/data/BILLSTATUS-118-hjres.zip
[2024-04-03T04:31:15.937+0000] {processor.py:183} INFO - Processing /opt/airflow/dags/data/BILLSTATUS-118-hjres.zip took 0.019 seconds
[2024-04-03T04:31:46.902+0000] {processor.py:161} INFO - Started process (PID=628) to work on /opt/airflow/dags/data/BILLSTATUS-118-hjres.zip
[2024-04-03T04:31:46.903+0000] {processor.py:830} INFO - Processing file /opt/airflow/dags/data/BILLSTATUS-118-hjres.zip for tasks to queue
[2024-04-03T04:31:46.905+0000] {logging_mixin.py:188} INFO - [2024-04-03T04:31:46.904+0000] {dagbag.py:540} INFO - Filling up the DagBag from /opt/airflow/dags/data/BILLSTATUS-118-hjres.zip
[2024-04-03T04:31:46.908+0000] {processor.py:842} WARNING - No viable dags retrieved from /opt/airflow/dags/data/BILLSTATUS-118-hjres.zip
[2024-04-03T04:31:46.919+0000] {processor.py:183} INFO - Processing /opt/airflow/dags/data/BILLSTATUS-118-hjres.zip took 0.019 seconds
[2024-04-03T04:32:17.589+0000] {processor.py:161} INFO - Started process (PID=643) to work on /opt/airflow/dags/data/BILLSTATUS-118-hjres.zip
[2024-04-03T04:32:17.590+0000] {processor.py:830} INFO - Processing file /opt/airflow/dags/data/BILLSTATUS-118-hjres.zip for tasks to queue
[2024-04-03T04:32:17.592+0000] {logging_mixin.py:188} INFO - [2024-04-03T04:32:17.591+0000] {dagbag.py:540} INFO - Filling up the DagBag from /opt/airflow/dags/data/BILLSTATUS-118-hjres.zip
[2024-04-03T04:32:17.595+0000] {processor.py:842} WARNING - No viable dags retrieved from /opt/airflow/dags/data/BILLSTATUS-118-hjres.zip
[2024-04-03T04:32:17.607+0000] {processor.py:183} INFO - Processing /opt/airflow/dags/data/BILLSTATUS-118-hjres.zip took 0.020 seconds
[2024-04-03T04:32:49.108+0000] {processor.py:161} INFO - Started process (PID=659) to work on /opt/airflow/dags/data/BILLSTATUS-118-hjres.zip
[2024-04-03T04:32:49.109+0000] {processor.py:830} INFO - Processing file /opt/airflow/dags/data/BILLSTATUS-118-hjres.zip for tasks to queue
[2024-04-03T04:32:49.110+0000] {logging_mixin.py:188} INFO - [2024-04-03T04:32:49.110+0000] {dagbag.py:540} INFO - Filling up the DagBag from /opt/airflow/dags/data/BILLSTATUS-118-hjres.zip
[2024-04-03T04:32:49.114+0000] {processor.py:842} WARNING - No viable dags retrieved from /opt/airflow/dags/data/BILLSTATUS-118-hjres.zip
[2024-04-03T04:32:49.125+0000] {processor.py:183} INFO - Processing /opt/airflow/dags/data/BILLSTATUS-118-hjres.zip took 0.020 seconds
[2024-04-03T04:33:20.711+0000] {processor.py:161} INFO - Started process (PID=675) to work on /opt/airflow/dags/data/BILLSTATUS-118-hjres.zip
[2024-04-03T04:33:20.712+0000] {processor.py:830} INFO - Processing file /opt/airflow/dags/data/BILLSTATUS-118-hjres.zip for tasks to queue
[2024-04-03T04:33:20.714+0000] {logging_mixin.py:188} INFO - [2024-04-03T04:33:20.713+0000] {dagbag.py:540} INFO - Filling up the DagBag from /opt/airflow/dags/data/BILLSTATUS-118-hjres.zip
[2024-04-03T04:33:20.717+0000] {processor.py:842} WARNING - No viable dags retrieved from /opt/airflow/dags/data/BILLSTATUS-118-hjres.zip
[2024-04-03T04:33:20.728+0000] {processor.py:183} INFO - Processing /opt/airflow/dags/data/BILLSTATUS-118-hjres.zip took 0.019 seconds
