[2024-04-03T04:30:11.579+0000] {processor.py:161} INFO - Started process (PID=583) to work on /opt/airflow/dags/data/BILLSTATUS-118-sconres.zip
[2024-04-03T04:30:11.580+0000] {processor.py:830} INFO - Processing file /opt/airflow/dags/data/BILLSTATUS-118-sconres.zip for tasks to queue
[2024-04-03T04:30:11.582+0000] {logging_mixin.py:188} INFO - [2024-04-03T04:30:11.582+0000] {dagbag.py:540} INFO - Filling up the DagBag from /opt/airflow/dags/data/BILLSTATUS-118-sconres.zip
[2024-04-03T04:30:11.584+0000] {processor.py:842} WARNING - No viable dags retrieved from /opt/airflow/dags/data/BILLSTATUS-118-sconres.zip
[2024-04-03T04:30:11.594+0000] {processor.py:183} INFO - Processing /opt/airflow/dags/data/BILLSTATUS-118-sconres.zip took 0.017 seconds
[2024-04-03T04:30:44.055+0000] {processor.py:161} INFO - Started process (PID=599) to work on /opt/airflow/dags/data/BILLSTATUS-118-sconres.zip
[2024-04-03T04:30:44.055+0000] {processor.py:830} INFO - Processing file /opt/airflow/dags/data/BILLSTATUS-118-sconres.zip for tasks to queue
[2024-04-03T04:30:44.057+0000] {logging_mixin.py:188} INFO - [2024-04-03T04:30:44.057+0000] {dagbag.py:540} INFO - Filling up the DagBag from /opt/airflow/dags/data/BILLSTATUS-118-sconres.zip
[2024-04-03T04:30:44.059+0000] {processor.py:842} WARNING - No viable dags retrieved from /opt/airflow/dags/data/BILLSTATUS-118-sconres.zip
[2024-04-03T04:30:44.071+0000] {processor.py:183} INFO - Processing /opt/airflow/dags/data/BILLSTATUS-118-sconres.zip took 0.018 seconds
[2024-04-03T04:31:16.034+0000] {processor.py:161} INFO - Started process (PID=615) to work on /opt/airflow/dags/data/BILLSTATUS-118-sconres.zip
[2024-04-03T04:31:16.035+0000] {processor.py:830} INFO - Processing file /opt/airflow/dags/data/BILLSTATUS-118-sconres.zip for tasks to queue
[2024-04-03T04:31:16.037+0000] {logging_mixin.py:188} INFO - [2024-04-03T04:31:16.037+0000] {dagbag.py:540} INFO - Filling up the DagBag from /opt/airflow/dags/data/BILLSTATUS-118-sconres.zip
[2024-04-03T04:31:16.039+0000] {processor.py:842} WARNING - No viable dags retrieved from /opt/airflow/dags/data/BILLSTATUS-118-sconres.zip
[2024-04-03T04:31:16.049+0000] {processor.py:183} INFO - Processing /opt/airflow/dags/data/BILLSTATUS-118-sconres.zip took 0.017 seconds
[2024-04-03T04:31:47.024+0000] {processor.py:161} INFO - Started process (PID=631) to work on /opt/airflow/dags/data/BILLSTATUS-118-sconres.zip
[2024-04-03T04:31:47.025+0000] {processor.py:830} INFO - Processing file /opt/airflow/dags/data/BILLSTATUS-118-sconres.zip for tasks to queue
[2024-04-03T04:31:47.027+0000] {logging_mixin.py:188} INFO - [2024-04-03T04:31:47.027+0000] {dagbag.py:540} INFO - Filling up the DagBag from /opt/airflow/dags/data/BILLSTATUS-118-sconres.zip
[2024-04-03T04:31:47.029+0000] {processor.py:842} WARNING - No viable dags retrieved from /opt/airflow/dags/data/BILLSTATUS-118-sconres.zip
[2024-04-03T04:31:47.040+0000] {processor.py:183} INFO - Processing /opt/airflow/dags/data/BILLSTATUS-118-sconres.zip took 0.018 seconds
[2024-04-03T04:32:17.703+0000] {processor.py:161} INFO - Started process (PID=646) to work on /opt/airflow/dags/data/BILLSTATUS-118-sconres.zip
[2024-04-03T04:32:17.703+0000] {processor.py:830} INFO - Processing file /opt/airflow/dags/data/BILLSTATUS-118-sconres.zip for tasks to queue
[2024-04-03T04:32:17.705+0000] {logging_mixin.py:188} INFO - [2024-04-03T04:32:17.705+0000] {dagbag.py:540} INFO - Filling up the DagBag from /opt/airflow/dags/data/BILLSTATUS-118-sconres.zip
[2024-04-03T04:32:17.708+0000] {processor.py:842} WARNING - No viable dags retrieved from /opt/airflow/dags/data/BILLSTATUS-118-sconres.zip
[2024-04-03T04:32:17.721+0000] {processor.py:183} INFO - Processing /opt/airflow/dags/data/BILLSTATUS-118-sconres.zip took 0.021 seconds
[2024-04-03T04:32:49.230+0000] {processor.py:161} INFO - Started process (PID=662) to work on /opt/airflow/dags/data/BILLSTATUS-118-sconres.zip
[2024-04-03T04:32:49.231+0000] {processor.py:830} INFO - Processing file /opt/airflow/dags/data/BILLSTATUS-118-sconres.zip for tasks to queue
[2024-04-03T04:32:49.233+0000] {logging_mixin.py:188} INFO - [2024-04-03T04:32:49.232+0000] {dagbag.py:540} INFO - Filling up the DagBag from /opt/airflow/dags/data/BILLSTATUS-118-sconres.zip
[2024-04-03T04:32:49.235+0000] {processor.py:842} WARNING - No viable dags retrieved from /opt/airflow/dags/data/BILLSTATUS-118-sconres.zip
[2024-04-03T04:32:49.245+0000] {processor.py:183} INFO - Processing /opt/airflow/dags/data/BILLSTATUS-118-sconres.zip took 0.017 seconds
[2024-04-03T04:33:20.830+0000] {processor.py:161} INFO - Started process (PID=678) to work on /opt/airflow/dags/data/BILLSTATUS-118-sconres.zip
[2024-04-03T04:33:20.831+0000] {processor.py:830} INFO - Processing file /opt/airflow/dags/data/BILLSTATUS-118-sconres.zip for tasks to queue
[2024-04-03T04:33:20.832+0000] {logging_mixin.py:188} INFO - [2024-04-03T04:33:20.832+0000] {dagbag.py:540} INFO - Filling up the DagBag from /opt/airflow/dags/data/BILLSTATUS-118-sconres.zip
[2024-04-03T04:33:20.834+0000] {processor.py:842} WARNING - No viable dags retrieved from /opt/airflow/dags/data/BILLSTATUS-118-sconres.zip
[2024-04-03T04:33:20.845+0000] {processor.py:183} INFO - Processing /opt/airflow/dags/data/BILLSTATUS-118-sconres.zip took 0.018 seconds
