[2024-04-25T04:00:46.794+0000] {taskinstance.py:1979} INFO - Dependencies all met for dep_context=non-requeueable deps ti=<TaskInstance: upload_congress_data.upload_bill_status_to_gcs manual__2024-04-25T04:00:42.861059+00:00 [queued]>
[2024-04-25T04:00:46.804+0000] {taskinstance.py:1979} INFO - Dependencies all met for dep_context=requeueable deps ti=<TaskInstance: upload_congress_data.upload_bill_status_to_gcs manual__2024-04-25T04:00:42.861059+00:00 [queued]>
[2024-04-25T04:00:46.804+0000] {taskinstance.py:2193} INFO - Starting attempt 1 of 1
[2024-04-25T04:00:46.825+0000] {taskinstance.py:2217} INFO - Executing <Task(PythonOperator): upload_bill_status_to_gcs> on 2024-04-25 04:00:42.861059+00:00
[2024-04-25T04:00:46.846+0000] {standard_task_runner.py:60} INFO - Started process 70 to run task
[2024-04-25T04:00:46.851+0000] {standard_task_runner.py:87} INFO - Running: ['***', 'tasks', 'run', 'upload_congress_data', 'upload_bill_status_to_gcs', 'manual__2024-04-25T04:00:42.861059+00:00', '--job-id', '20', '--raw', '--subdir', 'DAGS_FOLDER/upload_congress_data.py', '--cfg-path', '/tmp/tmpbxuam_8l']
[2024-04-25T04:00:46.855+0000] {standard_task_runner.py:88} INFO - Job 20: Subtask upload_bill_status_to_gcs
[2024-04-25T04:00:46.975+0000] {task_command.py:423} INFO - Running <TaskInstance: upload_congress_data.upload_bill_status_to_gcs manual__2024-04-25T04:00:42.861059+00:00 [running]> on host 240fae6178d5
[2024-04-25T04:00:47.135+0000] {taskinstance.py:2513} INFO - Exporting env vars: AIRFLOW_CTX_DAG_OWNER='***' AIRFLOW_CTX_DAG_ID='upload_congress_data' AIRFLOW_CTX_TASK_ID='upload_bill_status_to_gcs' AIRFLOW_CTX_EXECUTION_DATE='2024-04-25T04:00:42.861059+00:00' AIRFLOW_CTX_TRY_NUMBER='1' AIRFLOW_CTX_DAG_RUN_ID='manual__2024-04-25T04:00:42.861059+00:00'
[2024-04-25T04:00:48.242+0000] {logging_mixin.py:188} INFO - Uploaded /opt/***/dags/data/bills/hjres/BILLSTATUS-118hjres68.json to gs://congress_data_testproject-420401/bill_status/hjres/BILLSTATUS-118hjres68.json
[2024-04-25T04:00:48.560+0000] {logging_mixin.py:188} INFO - Uploaded /opt/***/dags/data/bills/hjres/BILLSTATUS-118hjres44.json to gs://congress_data_testproject-420401/bill_status/hjres/BILLSTATUS-118hjres44.json
[2024-04-25T04:00:48.860+0000] {logging_mixin.py:188} INFO - Uploaded /opt/***/dags/data/bills/hjres/BILLSTATUS-118hjres45.json to gs://congress_data_testproject-420401/bill_status/hjres/BILLSTATUS-118hjres45.json
[2024-04-25T04:00:49.153+0000] {logging_mixin.py:188} INFO - Uploaded /opt/***/dags/data/bills/hjres/BILLSTATUS-118hjres24.json to gs://congress_data_testproject-420401/bill_status/hjres/BILLSTATUS-118hjres24.json
[2024-04-25T04:00:49.474+0000] {logging_mixin.py:188} INFO - Uploaded /opt/***/dags/data/bills/hjres/BILLSTATUS-118hjres39.json to gs://congress_data_testproject-420401/bill_status/hjres/BILLSTATUS-118hjres39.json
[2024-04-25T04:00:49.789+0000] {logging_mixin.py:188} INFO - Uploaded /opt/***/dags/data/bills/hjres/BILLSTATUS-118hjres42.json to gs://congress_data_testproject-420401/bill_status/hjres/BILLSTATUS-118hjres42.json
[2024-04-25T04:00:50.128+0000] {logging_mixin.py:188} INFO - Uploaded /opt/***/dags/data/bills/hjres/BILLSTATUS-118hjres74.json to gs://congress_data_testproject-420401/bill_status/hjres/BILLSTATUS-118hjres74.json
[2024-04-25T04:00:50.483+0000] {logging_mixin.py:188} INFO - Uploaded /opt/***/dags/data/bills/hjres/BILLSTATUS-118hjres7.json to gs://congress_data_testproject-420401/bill_status/hjres/BILLSTATUS-118hjres7.json
[2024-04-25T04:00:50.795+0000] {logging_mixin.py:188} INFO - Uploaded /opt/***/dags/data/bills/hjres/BILLSTATUS-118hjres79.json to gs://congress_data_testproject-420401/bill_status/hjres/BILLSTATUS-118hjres79.json
[2024-04-25T04:00:51.138+0000] {logging_mixin.py:188} INFO - Uploaded /opt/***/dags/data/bills/hjres/BILLSTATUS-118hjres98.json to gs://congress_data_testproject-420401/bill_status/hjres/BILLSTATUS-118hjres98.json
[2024-04-25T04:00:51.433+0000] {logging_mixin.py:188} INFO - Uploaded /opt/***/dags/data/bills/hjres/BILLSTATUS-118hjres70.json to gs://congress_data_testproject-420401/bill_status/hjres/BILLSTATUS-118hjres70.json
[2024-04-25T04:00:51.746+0000] {logging_mixin.py:188} INFO - Uploaded /opt/***/dags/data/bills/hjres/BILLSTATUS-118hjres27.json to gs://congress_data_testproject-420401/bill_status/hjres/BILLSTATUS-118hjres27.json
[2024-04-25T04:00:52.088+0000] {logging_mixin.py:188} INFO - Uploaded /opt/***/dags/data/bills/hjres/BILLSTATUS-118hjres88.json to gs://congress_data_testproject-420401/bill_status/hjres/BILLSTATUS-118hjres88.json
[2024-04-25T04:00:52.457+0000] {logging_mixin.py:188} INFO - Uploaded /opt/***/dags/data/bills/hjres/BILLSTATUS-118hjres30.json to gs://congress_data_testproject-420401/bill_status/hjres/BILLSTATUS-118hjres30.json
[2024-04-25T04:00:52.764+0000] {logging_mixin.py:188} INFO - Uploaded /opt/***/dags/data/bills/hjres/BILLSTATUS-118hjres26.json to gs://congress_data_testproject-420401/bill_status/hjres/BILLSTATUS-118hjres26.json
[2024-04-25T04:00:53.068+0000] {logging_mixin.py:188} INFO - Uploaded /opt/***/dags/data/bills/hjres/BILLSTATUS-118hjres71.json to gs://congress_data_testproject-420401/bill_status/hjres/BILLSTATUS-118hjres71.json
[2024-04-25T04:00:53.372+0000] {logging_mixin.py:188} INFO - Uploaded /opt/***/dags/data/bills/hconres/BILLSTATUS-118hconres7.json to gs://congress_data_testproject-420401/bill_status/hconres/BILLSTATUS-118hconres7.json
[2024-04-25T04:00:53.683+0000] {logging_mixin.py:188} INFO - Uploaded /opt/***/dags/data/bills/hconres/BILLSTATUS-118hconres30.json to gs://congress_data_testproject-420401/bill_status/hconres/BILLSTATUS-118hconres30.json
[2024-04-25T04:00:53.992+0000] {logging_mixin.py:188} INFO - Uploaded /opt/***/dags/data/bills/hconres/BILLSTATUS-118hconres57.json to gs://congress_data_testproject-420401/bill_status/hconres/BILLSTATUS-118hconres57.json
[2024-04-25T04:00:54.316+0000] {logging_mixin.py:188} INFO - Uploaded /opt/***/dags/data/bills/hconres/BILLSTATUS-118hconres40.json to gs://congress_data_testproject-420401/bill_status/hconres/BILLSTATUS-118hconres40.json
[2024-04-25T04:00:54.628+0000] {logging_mixin.py:188} INFO - Uploaded /opt/***/dags/data/bills/hconres/BILLSTATUS-118hconres21.json to gs://congress_data_testproject-420401/bill_status/hconres/BILLSTATUS-118hconres21.json
[2024-04-25T04:00:54.940+0000] {logging_mixin.py:188} INFO - Uploaded /opt/***/dags/data/bills/hconres/BILLSTATUS-118hconres3.json to gs://congress_data_testproject-420401/bill_status/hconres/BILLSTATUS-118hconres3.json
[2024-04-25T04:00:55.263+0000] {logging_mixin.py:188} INFO - Uploaded /opt/***/dags/data/bills/hconres/BILLSTATUS-118hconres86.json to gs://congress_data_testproject-420401/bill_status/hconres/BILLSTATUS-118hconres86.json
[2024-04-25T04:00:55.557+0000] {logging_mixin.py:188} INFO - Uploaded /opt/***/dags/data/bills/hconres/BILLSTATUS-118hconres9.json to gs://congress_data_testproject-420401/bill_status/hconres/BILLSTATUS-118hconres9.json
[2024-04-25T04:00:55.867+0000] {logging_mixin.py:188} INFO - Uploaded /opt/***/dags/data/bills/hconres/BILLSTATUS-118hconres25.json to gs://congress_data_testproject-420401/bill_status/hconres/BILLSTATUS-118hconres25.json
[2024-04-25T04:00:56.223+0000] {logging_mixin.py:188} INFO - Uploaded /opt/***/dags/data/bills/s/BILLSTATUS-118s870.json to gs://congress_data_testproject-420401/bill_status/s/BILLSTATUS-118s870.json
[2024-04-25T04:00:56.509+0000] {logging_mixin.py:188} INFO - Uploaded /opt/***/dags/data/bills/s/BILLSTATUS-118s3427.json to gs://congress_data_testproject-420401/bill_status/s/BILLSTATUS-118s3427.json
[2024-04-25T04:00:56.796+0000] {logging_mixin.py:188} INFO - Uploaded /opt/***/dags/data/bills/s/BILLSTATUS-118s112.json to gs://congress_data_testproject-420401/bill_status/s/BILLSTATUS-118s112.json
[2024-04-25T04:00:57.169+0000] {logging_mixin.py:188} INFO - Uploaded /opt/***/dags/data/bills/s/BILLSTATUS-118s3250.json to gs://congress_data_testproject-420401/bill_status/s/BILLSTATUS-118s3250.json
[2024-04-25T04:00:57.485+0000] {logging_mixin.py:188} INFO - Uploaded /opt/***/dags/data/bills/s/BILLSTATUS-118s2226.json to gs://congress_data_testproject-420401/bill_status/s/BILLSTATUS-118s2226.json
[2024-04-25T04:00:57.789+0000] {logging_mixin.py:188} INFO - Uploaded /opt/***/dags/data/bills/s/BILLSTATUS-118s2051.json to gs://congress_data_testproject-420401/bill_status/s/BILLSTATUS-118s2051.json
[2024-04-25T04:00:58.116+0000] {logging_mixin.py:188} INFO - Uploaded /opt/***/dags/data/bills/s/BILLSTATUS-118s788.json to gs://congress_data_testproject-420401/bill_status/s/BILLSTATUS-118s788.json
[2024-04-25T04:00:58.451+0000] {logging_mixin.py:188} INFO - Uploaded /opt/***/dags/data/bills/s/BILLSTATUS-118s475.json to gs://congress_data_testproject-420401/bill_status/s/BILLSTATUS-118s475.json
[2024-04-25T04:00:58.814+0000] {logging_mixin.py:188} INFO - Uploaded /opt/***/dags/data/bills/s/BILLSTATUS-118s619.json to gs://congress_data_testproject-420401/bill_status/s/BILLSTATUS-118s619.json
[2024-04-25T04:00:59.123+0000] {logging_mixin.py:188} INFO - Uploaded /opt/***/dags/data/bills/s/BILLSTATUS-118s316.json to gs://congress_data_testproject-420401/bill_status/s/BILLSTATUS-118s316.json
[2024-04-25T04:00:59.451+0000] {logging_mixin.py:188} INFO - Uploaded /opt/***/dags/data/bills/s/BILLSTATUS-118s382.json to gs://congress_data_testproject-420401/bill_status/s/BILLSTATUS-118s382.json
[2024-04-25T04:00:59.737+0000] {logging_mixin.py:188} INFO - Uploaded /opt/***/dags/data/bills/s/BILLSTATUS-118s3853.json to gs://congress_data_testproject-420401/bill_status/s/BILLSTATUS-118s3853.json
[2024-04-25T04:01:00.100+0000] {logging_mixin.py:188} INFO - Uploaded /opt/***/dags/data/bills/s/BILLSTATUS-118s111.json to gs://congress_data_testproject-420401/bill_status/s/BILLSTATUS-118s111.json
[2024-04-25T04:01:00.452+0000] {logging_mixin.py:188} INFO - Uploaded /opt/***/dags/data/bills/s/BILLSTATUS-118s326.json to gs://congress_data_testproject-420401/bill_status/s/BILLSTATUS-118s326.json
[2024-04-25T04:01:00.780+0000] {logging_mixin.py:188} INFO - Uploaded /opt/***/dags/data/bills/sres/BILLSTATUS-118sres66.xml to gs://congress_data_testproject-420401/bill_status/sres/BILLSTATUS-118sres66.xml
[2024-04-25T04:01:01.098+0000] {logging_mixin.py:188} INFO - Uploaded /opt/***/dags/data/bills/sres/BILLSTATUS-118sres72.xml to gs://congress_data_testproject-420401/bill_status/sres/BILLSTATUS-118sres72.xml
[2024-04-25T04:01:01.405+0000] {logging_mixin.py:188} INFO - Uploaded /opt/***/dags/data/bills/sres/BILLSTATUS-118sres99.xml to gs://congress_data_testproject-420401/bill_status/sres/BILLSTATUS-118sres99.xml
[2024-04-25T04:01:01.703+0000] {logging_mixin.py:188} INFO - Uploaded /opt/***/dags/data/bills/sres/BILLSTATUS-118sres509.xml to gs://congress_data_testproject-420401/bill_status/sres/BILLSTATUS-118sres509.xml
[2024-04-25T04:01:02.074+0000] {logging_mixin.py:188} INFO - Uploaded /opt/***/dags/data/bills/sres/BILLSTATUS-118sres535.xml to gs://congress_data_testproject-420401/bill_status/sres/BILLSTATUS-118sres535.xml
[2024-04-25T04:01:02.414+0000] {logging_mixin.py:188} INFO - Uploaded /opt/***/dags/data/bills/sres/BILLSTATUS-118sres253.xml to gs://congress_data_testproject-420401/bill_status/sres/BILLSTATUS-118sres253.xml
[2024-04-25T04:01:02.727+0000] {logging_mixin.py:188} INFO - Uploaded /opt/***/dags/data/bills/sres/BILLSTATUS-118sres247.xml to gs://congress_data_testproject-420401/bill_status/sres/BILLSTATUS-118sres247.xml
[2024-04-25T04:01:03.072+0000] {logging_mixin.py:188} INFO - Uploaded /opt/***/dags/data/bills/sres/BILLSTATUS-118sres521.xml to gs://congress_data_testproject-420401/bill_status/sres/BILLSTATUS-118sres521.xml
[2024-04-25T04:01:03.376+0000] {logging_mixin.py:188} INFO - Uploaded /opt/***/dags/data/bills/sres/BILLSTATUS-118sres290.xml to gs://congress_data_testproject-420401/bill_status/sres/BILLSTATUS-118sres290.xml
[2024-04-25T04:01:03.714+0000] {logging_mixin.py:188} INFO - Uploaded /opt/***/dags/data/bills/sres/BILLSTATUS-118sres284.xml to gs://congress_data_testproject-420401/bill_status/sres/BILLSTATUS-118sres284.xml
[2024-04-25T04:01:04.033+0000] {logging_mixin.py:188} INFO - Uploaded /opt/***/dags/data/bills/sres/BILLSTATUS-118sres469.xml to gs://congress_data_testproject-420401/bill_status/sres/BILLSTATUS-118sres469.xml
[2024-04-25T04:01:04.349+0000] {logging_mixin.py:188} INFO - Uploaded /opt/***/dags/data/bills/sres/BILLSTATUS-118sres441.xml to gs://congress_data_testproject-420401/bill_status/sres/BILLSTATUS-118sres441.xml
[2024-04-25T04:01:04.673+0000] {logging_mixin.py:188} INFO - Uploaded /opt/***/dags/data/bills/sres/BILLSTATUS-118sres327.xml to gs://congress_data_testproject-420401/bill_status/sres/BILLSTATUS-118sres327.xml
[2024-04-25T04:01:04.987+0000] {logging_mixin.py:188} INFO - Uploaded /opt/***/dags/data/bills/sres/BILLSTATUS-118sres333.xml to gs://congress_data_testproject-420401/bill_status/sres/BILLSTATUS-118sres333.xml
[2024-04-25T04:01:05.286+0000] {logging_mixin.py:188} INFO - Uploaded /opt/***/dags/data/bills/sres/BILLSTATUS-118sres455.xml to gs://congress_data_testproject-420401/bill_status/sres/BILLSTATUS-118sres455.xml
[2024-04-25T04:01:05.641+0000] {logging_mixin.py:188} INFO - Uploaded /opt/***/dags/data/bills/sres/BILLSTATUS-118sres482.xml to gs://congress_data_testproject-420401/bill_status/sres/BILLSTATUS-118sres482.xml
[2024-04-25T04:01:05.936+0000] {logging_mixin.py:188} INFO - Uploaded /opt/***/dags/data/bills/sres/BILLSTATUS-118sres496.xml to gs://congress_data_testproject-420401/bill_status/sres/BILLSTATUS-118sres496.xml
[2024-04-25T04:01:06.261+0000] {logging_mixin.py:188} INFO - Uploaded /opt/***/dags/data/bills/sres/BILLSTATUS-118sres119.xml to gs://congress_data_testproject-420401/bill_status/sres/BILLSTATUS-118sres119.xml
[2024-04-25T04:01:06.592+0000] {logging_mixin.py:188} INFO - Uploaded /opt/***/dags/data/bills/sres/BILLSTATUS-118sres125.xml to gs://congress_data_testproject-420401/bill_status/sres/BILLSTATUS-118sres125.xml
[2024-04-25T04:01:06.925+0000] {logging_mixin.py:188} INFO - Uploaded /opt/***/dags/data/bills/sres/BILLSTATUS-118sres643.xml to gs://congress_data_testproject-420401/bill_status/sres/BILLSTATUS-118sres643.xml
[2024-04-25T04:01:07.275+0000] {logging_mixin.py:188} INFO - Uploaded /opt/***/dags/data/bills/sres/BILLSTATUS-118sres657.xml to gs://congress_data_testproject-420401/bill_status/sres/BILLSTATUS-118sres657.xml
[2024-04-25T04:01:07.571+0000] {logging_mixin.py:188} INFO - Uploaded /opt/***/dags/data/bills/sres/BILLSTATUS-118sres131.xml to gs://congress_data_testproject-420401/bill_status/sres/BILLSTATUS-118sres131.xml
[2024-04-25T04:01:07.876+0000] {logging_mixin.py:188} INFO - Uploaded /opt/***/dags/data/bills/sres/BILLSTATUS-118sres656.xml to gs://congress_data_testproject-420401/bill_status/sres/BILLSTATUS-118sres656.xml
[2024-04-25T04:01:08.177+0000] {logging_mixin.py:188} INFO - Uploaded /opt/***/dags/data/bills/sres/BILLSTATUS-118sres130.xml to gs://congress_data_testproject-420401/bill_status/sres/BILLSTATUS-118sres130.xml
[2024-04-25T04:01:08.638+0000] {logging_mixin.py:188} INFO - Uploaded /opt/***/dags/data/bills/sres/BILLSTATUS-118sres124.xml to gs://congress_data_testproject-420401/bill_status/sres/BILLSTATUS-118sres124.xml
[2024-04-25T04:01:08.948+0000] {logging_mixin.py:188} INFO - Uploaded /opt/***/dags/data/bills/sres/BILLSTATUS-118sres642.xml to gs://congress_data_testproject-420401/bill_status/sres/BILLSTATUS-118sres642.xml
[2024-04-25T04:01:09.297+0000] {logging_mixin.py:188} INFO - Uploaded /opt/***/dags/data/bills/sres/BILLSTATUS-118sres118.xml to gs://congress_data_testproject-420401/bill_status/sres/BILLSTATUS-118sres118.xml
[2024-04-25T04:01:09.618+0000] {logging_mixin.py:188} INFO - Uploaded /opt/***/dags/data/bills/sres/BILLSTATUS-118sres497.xml to gs://congress_data_testproject-420401/bill_status/sres/BILLSTATUS-118sres497.xml
[2024-04-25T04:01:09.926+0000] {logging_mixin.py:188} INFO - Uploaded /opt/***/dags/data/bills/sres/BILLSTATUS-118sres483.xml to gs://congress_data_testproject-420401/bill_status/sres/BILLSTATUS-118sres483.xml
[2024-04-25T04:01:10.291+0000] {logging_mixin.py:188} INFO - Uploaded /opt/***/dags/data/bills/sres/BILLSTATUS-118sres332.xml to gs://congress_data_testproject-420401/bill_status/sres/BILLSTATUS-118sres332.xml
[2024-04-25T04:01:10.597+0000] {logging_mixin.py:188} INFO - Uploaded /opt/***/dags/data/bills/sres/BILLSTATUS-118sres454.xml to gs://congress_data_testproject-420401/bill_status/sres/BILLSTATUS-118sres454.xml
[2024-04-25T04:01:10.893+0000] {logging_mixin.py:188} INFO - Uploaded /opt/***/dags/data/bills/sres/BILLSTATUS-118sres440.xml to gs://congress_data_testproject-420401/bill_status/sres/BILLSTATUS-118sres440.xml
[2024-04-25T04:01:11.189+0000] {logging_mixin.py:188} INFO - Uploaded /opt/***/dags/data/bills/sres/BILLSTATUS-118sres326.xml to gs://congress_data_testproject-420401/bill_status/sres/BILLSTATUS-118sres326.xml
[2024-04-25T04:01:11.486+0000] {logging_mixin.py:188} INFO - Uploaded /opt/***/dags/data/bills/sres/BILLSTATUS-118sres468.xml to gs://congress_data_testproject-420401/bill_status/sres/BILLSTATUS-118sres468.xml
[2024-04-25T04:01:11.839+0000] {logging_mixin.py:188} INFO - Uploaded /opt/***/dags/data/bills/sres/BILLSTATUS-118sres285.xml to gs://congress_data_testproject-420401/bill_status/sres/BILLSTATUS-118sres285.xml
[2024-04-25T04:01:12.145+0000] {logging_mixin.py:188} INFO - Uploaded /opt/***/dags/data/bills/sres/BILLSTATUS-118sres291.xml to gs://congress_data_testproject-420401/bill_status/sres/BILLSTATUS-118sres291.xml
[2024-04-25T04:01:12.455+0000] {logging_mixin.py:188} INFO - Uploaded /opt/***/dags/data/bills/sres/BILLSTATUS-118sres246.xml to gs://congress_data_testproject-420401/bill_status/sres/BILLSTATUS-118sres246.xml
[2024-04-25T04:01:12.781+0000] {logging_mixin.py:188} INFO - Uploaded /opt/***/dags/data/bills/sres/BILLSTATUS-118sres520.xml to gs://congress_data_testproject-420401/bill_status/sres/BILLSTATUS-118sres520.xml
[2024-04-25T04:01:13.149+0000] {logging_mixin.py:188} INFO - Uploaded /opt/***/dags/data/bills/sres/BILLSTATUS-118sres534.xml to gs://congress_data_testproject-420401/bill_status/sres/BILLSTATUS-118sres534.xml
[2024-04-25T04:01:13.438+0000] {logging_mixin.py:188} INFO - Uploaded /opt/***/dags/data/bills/sres/BILLSTATUS-118sres252.xml to gs://congress_data_testproject-420401/bill_status/sres/BILLSTATUS-118sres252.xml
[2024-04-25T04:01:13.723+0000] {logging_mixin.py:188} INFO - Uploaded /opt/***/dags/data/bills/sres/BILLSTATUS-118sres508.xml to gs://congress_data_testproject-420401/bill_status/sres/BILLSTATUS-118sres508.xml
[2024-04-25T04:01:14.017+0000] {logging_mixin.py:188} INFO - Uploaded /opt/***/dags/data/bills/sres/BILLSTATUS-118sres98.xml to gs://congress_data_testproject-420401/bill_status/sres/BILLSTATUS-118sres98.xml
[2024-04-25T04:01:14.312+0000] {logging_mixin.py:188} INFO - Uploaded /opt/***/dags/data/bills/sres/BILLSTATUS-118sres73.xml to gs://congress_data_testproject-420401/bill_status/sres/BILLSTATUS-118sres73.xml
[2024-04-25T04:01:14.625+0000] {logging_mixin.py:188} INFO - Uploaded /opt/***/dags/data/bills/sres/BILLSTATUS-118sres67.xml to gs://congress_data_testproject-420401/bill_status/sres/BILLSTATUS-118sres67.xml
[2024-04-25T04:01:14.938+0000] {logging_mixin.py:188} INFO - Uploaded /opt/***/dags/data/bills/sres/BILLSTATUS-118sres59.xml to gs://congress_data_testproject-420401/bill_status/sres/BILLSTATUS-118sres59.xml
[2024-04-25T04:01:15.250+0000] {logging_mixin.py:188} INFO - Uploaded /opt/***/dags/data/bills/sres/BILLSTATUS-118sres71.xml to gs://congress_data_testproject-420401/bill_status/sres/BILLSTATUS-118sres71.xml
[2024-04-25T04:01:15.612+0000] {logging_mixin.py:188} INFO - Uploaded /opt/***/dags/data/bills/sres/BILLSTATUS-118sres65.xml to gs://congress_data_testproject-420401/bill_status/sres/BILLSTATUS-118sres65.xml
[2024-04-25T04:01:15.891+0000] {logging_mixin.py:188} INFO - Uploaded /opt/***/dags/data/bills/sres/BILLSTATUS-118sres278.xml to gs://congress_data_testproject-420401/bill_status/sres/BILLSTATUS-118sres278.xml
[2024-04-25T04:01:16.189+0000] {logging_mixin.py:188} INFO - Uploaded /opt/***/dags/data/bills/sres/BILLSTATUS-118sres522.xml to gs://congress_data_testproject-420401/bill_status/sres/BILLSTATUS-118sres522.xml
[2024-04-25T04:01:16.529+0000] {logging_mixin.py:188} INFO - Uploaded /opt/***/dags/data/bills/sres/BILLSTATUS-118sres244.xml to gs://congress_data_testproject-420401/bill_status/sres/BILLSTATUS-118sres244.xml
[2024-04-25T04:01:16.827+0000] {logging_mixin.py:188} INFO - Uploaded /opt/***/dags/data/bills/sres/BILLSTATUS-118sres250.xml to gs://congress_data_testproject-420401/bill_status/sres/BILLSTATUS-118sres250.xml
[2024-04-25T04:01:17.126+0000] {logging_mixin.py:188} INFO - Uploaded /opt/***/dags/data/bills/sres/BILLSTATUS-118sres536.xml to gs://congress_data_testproject-420401/bill_status/sres/BILLSTATUS-118sres536.xml
[2024-04-25T04:01:17.427+0000] {logging_mixin.py:188} INFO - Uploaded /opt/***/dags/data/bills/sres/BILLSTATUS-118sres287.xml to gs://congress_data_testproject-420401/bill_status/sres/BILLSTATUS-118sres287.xml
[2024-04-25T04:01:17.718+0000] {logging_mixin.py:188} INFO - Uploaded /opt/***/dags/data/bills/sres/BILLSTATUS-118sres293.xml to gs://congress_data_testproject-420401/bill_status/sres/BILLSTATUS-118sres293.xml
[2024-04-25T04:01:17.983+0000] {logging_mixin.py:188} INFO - Uploaded /opt/***/dags/data/bills/sres/BILLSTATUS-118sres318.xml to gs://congress_data_testproject-420401/bill_status/sres/BILLSTATUS-118sres318.xml
[2024-04-25T04:01:18.277+0000] {logging_mixin.py:188} INFO - Uploaded /opt/***/dags/data/bills/sres/BILLSTATUS-118sres456.xml to gs://congress_data_testproject-420401/bill_status/sres/BILLSTATUS-118sres456.xml
[2024-04-25T04:01:18.564+0000] {logging_mixin.py:188} INFO - Uploaded /opt/***/dags/data/bills/sres/BILLSTATUS-118sres330.xml to gs://congress_data_testproject-420401/bill_status/sres/BILLSTATUS-118sres330.xml
[2024-04-25T04:01:18.883+0000] {logging_mixin.py:188} INFO - Uploaded /opt/***/dags/data/bills/sres/BILLSTATUS-118sres324.xml to gs://congress_data_testproject-420401/bill_status/sres/BILLSTATUS-118sres324.xml
[2024-04-25T04:01:19.173+0000] {logging_mixin.py:188} INFO - Uploaded /opt/***/dags/data/bills/sres/BILLSTATUS-118sres442.xml to gs://congress_data_testproject-420401/bill_status/sres/BILLSTATUS-118sres442.xml
[2024-04-25T04:01:19.458+0000] {logging_mixin.py:188} INFO - Uploaded /opt/***/dags/data/bills/sres/BILLSTATUS-118sres495.xml to gs://congress_data_testproject-420401/bill_status/sres/BILLSTATUS-118sres495.xml
[2024-04-25T04:01:19.740+0000] {logging_mixin.py:188} INFO - Uploaded /opt/***/dags/data/bills/sres/BILLSTATUS-118sres481.xml to gs://congress_data_testproject-420401/bill_status/sres/BILLSTATUS-118sres481.xml
[2024-04-25T04:01:20.091+0000] {logging_mixin.py:188} INFO - Uploaded /opt/***/dags/data/bills/sres/BILLSTATUS-118sres132.xml to gs://congress_data_testproject-420401/bill_status/sres/BILLSTATUS-118sres132.xml
[2024-04-25T04:01:20.391+0000] {logging_mixin.py:188} INFO - Uploaded /opt/***/dags/data/bills/sres/BILLSTATUS-118sres654.xml to gs://congress_data_testproject-420401/bill_status/sres/BILLSTATUS-118sres654.xml
[2024-04-25T04:01:20.689+0000] {logging_mixin.py:188} INFO - Uploaded /opt/***/dags/data/bills/sres/BILLSTATUS-118sres640.xml to gs://congress_data_testproject-420401/bill_status/sres/BILLSTATUS-118sres640.xml
[2024-04-25T04:01:20.985+0000] {logging_mixin.py:188} INFO - Uploaded /opt/***/dags/data/bills/sres/BILLSTATUS-118sres126.xml to gs://congress_data_testproject-420401/bill_status/sres/BILLSTATUS-118sres126.xml
[2024-04-25T04:01:21.362+0000] {logging_mixin.py:188} INFO - Uploaded /opt/***/dags/data/bills/sres/BILLSTATUS-118sres641.xml to gs://congress_data_testproject-420401/bill_status/sres/BILLSTATUS-118sres641.xml
[2024-04-25T04:01:21.661+0000] {logging_mixin.py:188} INFO - Uploaded /opt/***/dags/data/bills/sres/BILLSTATUS-118sres127.xml to gs://congress_data_testproject-420401/bill_status/sres/BILLSTATUS-118sres127.xml
[2024-04-25T04:01:21.962+0000] {logging_mixin.py:188} INFO - Uploaded /opt/***/dags/data/bills/sres/BILLSTATUS-118sres133.xml to gs://congress_data_testproject-420401/bill_status/sres/BILLSTATUS-118sres133.xml
[2024-04-25T04:01:22.308+0000] {logging_mixin.py:188} INFO - Uploaded /opt/***/dags/data/bills/sres/BILLSTATUS-118sres655.xml to gs://congress_data_testproject-420401/bill_status/sres/BILLSTATUS-118sres655.xml
[2024-04-25T04:01:22.648+0000] {logging_mixin.py:188} INFO - Uploaded /opt/***/dags/data/bills/sres/BILLSTATUS-118sres480.xml to gs://congress_data_testproject-420401/bill_status/sres/BILLSTATUS-118sres480.xml
[2024-04-25T04:01:22.940+0000] {logging_mixin.py:188} INFO - Uploaded /opt/***/dags/data/bills/sres/BILLSTATUS-118sres494.xml to gs://congress_data_testproject-420401/bill_status/sres/BILLSTATUS-118sres494.xml
[2024-04-25T04:01:23.217+0000] {logging_mixin.py:188} INFO - Uploaded /opt/***/dags/data/bills/sres/BILLSTATUS-118sres325.xml to gs://congress_data_testproject-420401/bill_status/sres/BILLSTATUS-118sres325.xml
[2024-04-25T04:01:23.518+0000] {logging_mixin.py:188} INFO - Uploaded /opt/***/dags/data/bills/sres/BILLSTATUS-118sres443.xml to gs://congress_data_testproject-420401/bill_status/sres/BILLSTATUS-118sres443.xml
[2024-04-25T04:01:23.840+0000] {logging_mixin.py:188} INFO - Uploaded /opt/***/dags/data/bills/sres/BILLSTATUS-118sres457.xml to gs://congress_data_testproject-420401/bill_status/sres/BILLSTATUS-118sres457.xml
[2024-04-25T04:01:24.122+0000] {logging_mixin.py:188} INFO - Uploaded /opt/***/dags/data/bills/sres/BILLSTATUS-118sres331.xml to gs://congress_data_testproject-420401/bill_status/sres/BILLSTATUS-118sres331.xml
[2024-04-25T04:01:24.424+0000] {logging_mixin.py:188} INFO - Uploaded /opt/***/dags/data/bills/sres/BILLSTATUS-118sres319.xml to gs://congress_data_testproject-420401/bill_status/sres/BILLSTATUS-118sres319.xml
[2024-04-25T04:01:24.714+0000] {logging_mixin.py:188} INFO - Uploaded /opt/***/dags/data/bills/sres/BILLSTATUS-118sres292.xml to gs://congress_data_testproject-420401/bill_status/sres/BILLSTATUS-118sres292.xml
[2024-04-25T04:01:25.008+0000] {logging_mixin.py:188} INFO - Uploaded /opt/***/dags/data/bills/sres/BILLSTATUS-118sres286.xml to gs://congress_data_testproject-420401/bill_status/sres/BILLSTATUS-118sres286.xml
[2024-04-25T04:01:25.380+0000] {logging_mixin.py:188} INFO - Uploaded /opt/***/dags/data/bills/sres/BILLSTATUS-118sres251.xml to gs://congress_data_testproject-420401/bill_status/sres/BILLSTATUS-118sres251.xml
[2024-04-25T04:01:25.688+0000] {logging_mixin.py:188} INFO - Uploaded /opt/***/dags/data/bills/sres/BILLSTATUS-118sres537.xml to gs://congress_data_testproject-420401/bill_status/sres/BILLSTATUS-118sres537.xml
[2024-04-25T04:01:26.036+0000] {logging_mixin.py:188} INFO - Uploaded /opt/***/dags/data/bills/sres/BILLSTATUS-118sres523.xml to gs://congress_data_testproject-420401/bill_status/sres/BILLSTATUS-118sres523.xml
[2024-04-25T04:01:26.379+0000] {logging_mixin.py:188} INFO - Uploaded /opt/***/dags/data/bills/sres/BILLSTATUS-118sres245.xml to gs://congress_data_testproject-420401/bill_status/sres/BILLSTATUS-118sres245.xml
[2024-04-25T04:01:26.677+0000] {logging_mixin.py:188} INFO - Uploaded /opt/***/dags/data/bills/sres/BILLSTATUS-118sres279.xml to gs://congress_data_testproject-420401/bill_status/sres/BILLSTATUS-118sres279.xml
[2024-04-25T04:01:27.004+0000] {logging_mixin.py:188} INFO - Uploaded /opt/***/dags/data/bills/sres/BILLSTATUS-118sres64.xml to gs://congress_data_testproject-420401/bill_status/sres/BILLSTATUS-118sres64.xml
[2024-04-25T04:01:27.300+0000] {logging_mixin.py:188} INFO - Uploaded /opt/***/dags/data/bills/sres/BILLSTATUS-118sres70.xml to gs://congress_data_testproject-420401/bill_status/sres/BILLSTATUS-118sres70.xml
[2024-04-25T04:01:27.591+0000] {logging_mixin.py:188} INFO - Uploaded /opt/***/dags/data/bills/sres/BILLSTATUS-118sres58.xml to gs://congress_data_testproject-420401/bill_status/sres/BILLSTATUS-118sres58.xml
[2024-04-25T04:01:27.874+0000] {logging_mixin.py:188} INFO - Uploaded /opt/***/dags/data/bills/sres/BILLSTATUS-118sres74.xml to gs://congress_data_testproject-420401/bill_status/sres/BILLSTATUS-118sres74.xml
[2024-04-25T04:01:28.234+0000] {logging_mixin.py:188} INFO - Uploaded /opt/***/dags/data/bills/sres/BILLSTATUS-118sres60.xml to gs://congress_data_testproject-420401/bill_status/sres/BILLSTATUS-118sres60.xml
[2024-04-25T04:01:28.523+0000] {logging_mixin.py:188} INFO - Uploaded /opt/***/dags/data/bills/sres/BILLSTATUS-118sres48.xml to gs://congress_data_testproject-420401/bill_status/sres/BILLSTATUS-118sres48.xml
[2024-04-25T04:01:28.820+0000] {logging_mixin.py:188} INFO - Uploaded /opt/***/dags/data/bills/sres/BILLSTATUS-118sres241.xml to gs://congress_data_testproject-420401/bill_status/sres/BILLSTATUS-118sres241.xml
[2024-04-25T04:01:29.136+0000] {logging_mixin.py:188} INFO - Uploaded /opt/***/dags/data/bills/sres/BILLSTATUS-118sres527.xml to gs://congress_data_testproject-420401/bill_status/sres/BILLSTATUS-118sres527.xml
[2024-04-25T04:01:29.429+0000] {logging_mixin.py:188} INFO - Uploaded /opt/***/dags/data/bills/sres/BILLSTATUS-118sres533.xml to gs://congress_data_testproject-420401/bill_status/sres/BILLSTATUS-118sres533.xml
[2024-04-25T04:01:29.726+0000] {logging_mixin.py:188} INFO - Uploaded /opt/***/dags/data/bills/sres/BILLSTATUS-118sres255.xml to gs://congress_data_testproject-420401/bill_status/sres/BILLSTATUS-118sres255.xml
[2024-04-25T04:01:30.033+0000] {logging_mixin.py:188} INFO - Uploaded /opt/***/dags/data/bills/sres/BILLSTATUS-118sres269.xml to gs://congress_data_testproject-420401/bill_status/sres/BILLSTATUS-118sres269.xml
[2024-04-25T04:01:30.335+0000] {logging_mixin.py:188} INFO - Uploaded /opt/***/dags/data/bills/sres/BILLSTATUS-118sres282.xml to gs://congress_data_testproject-420401/bill_status/sres/BILLSTATUS-118sres282.xml
[2024-04-25T04:01:30.659+0000] {logging_mixin.py:188} INFO - Uploaded /opt/***/dags/data/bills/sres/BILLSTATUS-118sres296.xml to gs://congress_data_testproject-420401/bill_status/sres/BILLSTATUS-118sres296.xml
[2024-04-25T04:01:31.043+0000] {logging_mixin.py:188} INFO - Uploaded /opt/***/dags/data/bills/sres/BILLSTATUS-118sres335.xml to gs://congress_data_testproject-420401/bill_status/sres/BILLSTATUS-118sres335.xml
[2024-04-25T04:01:31.393+0000] {logging_mixin.py:188} INFO - Uploaded /opt/***/dags/data/bills/sres/BILLSTATUS-118sres453.xml to gs://congress_data_testproject-420401/bill_status/sres/BILLSTATUS-118sres453.xml
[2024-04-25T04:01:31.705+0000] {logging_mixin.py:188} INFO - Uploaded /opt/***/dags/data/bills/sres/BILLSTATUS-118sres447.xml to gs://congress_data_testproject-420401/bill_status/sres/BILLSTATUS-118sres447.xml
[2024-04-25T04:01:31.995+0000] {logging_mixin.py:188} INFO - Uploaded /opt/***/dags/data/bills/sres/BILLSTATUS-118sres321.xml to gs://congress_data_testproject-420401/bill_status/sres/BILLSTATUS-118sres321.xml
[2024-04-25T04:01:32.341+0000] {logging_mixin.py:188} INFO - Uploaded /opt/***/dags/data/bills/sres/BILLSTATUS-118sres309.xml to gs://congress_data_testproject-420401/bill_status/sres/BILLSTATUS-118sres309.xml
[2024-04-25T04:01:32.655+0000] {logging_mixin.py:188} INFO - Uploaded /opt/***/dags/data/bills/sres/BILLSTATUS-118sres490.xml to gs://congress_data_testproject-420401/bill_status/sres/BILLSTATUS-118sres490.xml
[2024-04-25T04:01:32.976+0000] {logging_mixin.py:188} INFO - Uploaded /opt/***/dags/data/bills/sres/BILLSTATUS-118sres484.xml to gs://congress_data_testproject-420401/bill_status/sres/BILLSTATUS-118sres484.xml
[2024-04-25T04:01:33.272+0000] {logging_mixin.py:188} INFO - Uploaded /opt/***/dags/data/bills/sres/BILLSTATUS-118sres651.xml to gs://congress_data_testproject-420401/bill_status/sres/BILLSTATUS-118sres651.xml
[2024-04-25T04:01:33.577+0000] {logging_mixin.py:188} INFO - Uploaded /opt/***/dags/data/bills/sres/BILLSTATUS-118sres137.xml to gs://congress_data_testproject-420401/bill_status/sres/BILLSTATUS-118sres137.xml
[2024-04-25T04:01:33.882+0000] {logging_mixin.py:188} INFO - Uploaded /opt/***/dags/data/bills/sres/BILLSTATUS-118sres123.xml to gs://congress_data_testproject-420401/bill_status/sres/BILLSTATUS-118sres123.xml
[2024-04-25T04:01:34.176+0000] {logging_mixin.py:188} INFO - Uploaded /opt/***/dags/data/bills/sres/BILLSTATUS-118sres645.xml to gs://congress_data_testproject-420401/bill_status/sres/BILLSTATUS-118sres645.xml
[2024-04-25T04:01:34.492+0000] {logging_mixin.py:188} INFO - Uploaded /opt/***/dags/data/bills/sres/BILLSTATUS-118sres122.xml to gs://congress_data_testproject-420401/bill_status/sres/BILLSTATUS-118sres122.xml
[2024-04-25T04:01:34.825+0000] {logging_mixin.py:188} INFO - Uploaded /opt/***/dags/data/bills/sres/BILLSTATUS-118sres644.xml to gs://congress_data_testproject-420401/bill_status/sres/BILLSTATUS-118sres644.xml
[2024-04-25T04:01:35.178+0000] {logging_mixin.py:188} INFO - Uploaded /opt/***/dags/data/bills/sres/BILLSTATUS-118sres650.xml to gs://congress_data_testproject-420401/bill_status/sres/BILLSTATUS-118sres650.xml
[2024-04-25T04:01:35.524+0000] {logging_mixin.py:188} INFO - Uploaded /opt/***/dags/data/bills/sres/BILLSTATUS-118sres136.xml to gs://congress_data_testproject-420401/bill_status/sres/BILLSTATUS-118sres136.xml
[2024-04-25T04:01:35.802+0000] {logging_mixin.py:188} INFO - Uploaded /opt/***/dags/data/bills/sres/BILLSTATUS-118sres485.xml to gs://congress_data_testproject-420401/bill_status/sres/BILLSTATUS-118sres485.xml
[2024-04-25T04:01:36.092+0000] {logging_mixin.py:188} INFO - Uploaded /opt/***/dags/data/bills/sres/BILLSTATUS-118sres491.xml to gs://congress_data_testproject-420401/bill_status/sres/BILLSTATUS-118sres491.xml
[2024-04-25T04:01:36.404+0000] {logging_mixin.py:188} INFO - Uploaded /opt/***/dags/data/bills/sres/BILLSTATUS-118sres308.xml to gs://congress_data_testproject-420401/bill_status/sres/BILLSTATUS-118sres308.xml
[2024-04-25T04:01:36.733+0000] {logging_mixin.py:188} INFO - Uploaded /opt/***/dags/data/bills/sres/BILLSTATUS-118sres446.xml to gs://congress_data_testproject-420401/bill_status/sres/BILLSTATUS-118sres446.xml
[2024-04-25T04:01:37.032+0000] {logging_mixin.py:188} INFO - Uploaded /opt/***/dags/data/bills/sres/BILLSTATUS-118sres320.xml to gs://congress_data_testproject-420401/bill_status/sres/BILLSTATUS-118sres320.xml
[2024-04-25T04:01:37.401+0000] {logging_mixin.py:188} INFO - Uploaded /opt/***/dags/data/bills/sres/BILLSTATUS-118sres334.xml to gs://congress_data_testproject-420401/bill_status/sres/BILLSTATUS-118sres334.xml
[2024-04-25T04:01:37.706+0000] {logging_mixin.py:188} INFO - Uploaded /opt/***/dags/data/bills/sres/BILLSTATUS-118sres452.xml to gs://congress_data_testproject-420401/bill_status/sres/BILLSTATUS-118sres452.xml
[2024-04-25T04:01:38.009+0000] {logging_mixin.py:188} INFO - Uploaded /opt/***/dags/data/bills/sres/BILLSTATUS-118sres297.xml to gs://congress_data_testproject-420401/bill_status/sres/BILLSTATUS-118sres297.xml
[2024-04-25T04:01:38.292+0000] {logging_mixin.py:188} INFO - Uploaded /opt/***/dags/data/bills/sres/BILLSTATUS-118sres283.xml to gs://congress_data_testproject-420401/bill_status/sres/BILLSTATUS-118sres283.xml
[2024-04-25T04:01:38.591+0000] {logging_mixin.py:188} INFO - Uploaded /opt/***/dags/data/bills/sres/BILLSTATUS-118sres268.xml to gs://congress_data_testproject-420401/bill_status/sres/BILLSTATUS-118sres268.xml
[2024-04-25T04:01:38.894+0000] {logging_mixin.py:188} INFO - Uploaded /opt/***/dags/data/bills/sres/BILLSTATUS-118sres532.xml to gs://congress_data_testproject-420401/bill_status/sres/BILLSTATUS-118sres532.xml
[2024-04-25T04:01:39.289+0000] {logging_mixin.py:188} INFO - Uploaded /opt/***/dags/data/bills/sres/BILLSTATUS-118sres254.xml to gs://congress_data_testproject-420401/bill_status/sres/BILLSTATUS-118sres254.xml
[2024-04-25T04:01:39.604+0000] {logging_mixin.py:188} INFO - Uploaded /opt/***/dags/data/bills/sres/BILLSTATUS-118sres240.xml to gs://congress_data_testproject-420401/bill_status/sres/BILLSTATUS-118sres240.xml
[2024-04-25T04:01:39.931+0000] {logging_mixin.py:188} INFO - Uploaded /opt/***/dags/data/bills/sres/BILLSTATUS-118sres526.xml to gs://congress_data_testproject-420401/bill_status/sres/BILLSTATUS-118sres526.xml
[2024-04-25T04:01:40.229+0000] {logging_mixin.py:188} INFO - Uploaded /opt/***/dags/data/bills/sres/BILLSTATUS-118sres49.xml to gs://congress_data_testproject-420401/bill_status/sres/BILLSTATUS-118sres49.xml
[2024-04-25T04:01:40.590+0000] {logging_mixin.py:188} INFO - Uploaded /opt/***/dags/data/bills/sres/BILLSTATUS-118sres61.xml to gs://congress_data_testproject-420401/bill_status/sres/BILLSTATUS-118sres61.xml
[2024-04-25T04:01:40.907+0000] {logging_mixin.py:188} INFO - Uploaded /opt/***/dags/data/bills/sres/BILLSTATUS-118sres75.xml to gs://congress_data_testproject-420401/bill_status/sres/BILLSTATUS-118sres75.xml
[2024-04-25T04:01:41.219+0000] {logging_mixin.py:188} INFO - Uploaded /opt/***/dags/data/bills/sres/BILLSTATUS-118sres63.xml to gs://congress_data_testproject-420401/bill_status/sres/BILLSTATUS-118sres63.xml
[2024-04-25T04:01:41.516+0000] {logging_mixin.py:188} INFO - Uploaded /opt/***/dags/data/bills/sres/BILLSTATUS-118sres77.xml to gs://congress_data_testproject-420401/bill_status/sres/BILLSTATUS-118sres77.xml
[2024-04-25T04:01:41.878+0000] {logging_mixin.py:188} INFO - Uploaded /opt/***/dags/data/bills/sres/BILLSTATUS-118sres88.xml to gs://congress_data_testproject-420401/bill_status/sres/BILLSTATUS-118sres88.xml
[2024-04-25T04:01:42.183+0000] {logging_mixin.py:188} INFO - Uploaded /opt/***/dags/data/bills/sres/BILLSTATUS-118sres256.xml to gs://congress_data_testproject-420401/bill_status/sres/BILLSTATUS-118sres256.xml
[2024-04-25T04:01:42.521+0000] {logging_mixin.py:188} INFO - Uploaded /opt/***/dags/data/bills/sres/BILLSTATUS-118sres530.xml to gs://congress_data_testproject-420401/bill_status/sres/BILLSTATUS-118sres530.xml
[2024-04-25T04:01:42.542+0000] {local_task_job_runner.py:302} WARNING - State of this instance has been externally set to None. Terminating instance.
[2024-04-25T04:01:42.551+0000] {process_utils.py:131} INFO - Sending 15 to group 70. PIDs of all processes in the group: [70]
[2024-04-25T04:01:42.551+0000] {process_utils.py:86} INFO - Sending the signal 15 to group 70
[2024-04-25T04:01:42.553+0000] {taskinstance.py:2483} ERROR - Received SIGTERM. Terminating subprocesses.
[2024-04-25T04:01:42.606+0000] {taskinstance.py:2731} ERROR - Task failed with exception
Traceback (most recent call last):
  File "/home/airflow/.local/lib/python3.11/site-packages/airflow/models/taskinstance.py", line 444, in _execute_task
    result = _execute_callable(context=context, **execute_callable_kwargs)
             ^^^^^^^^^^^^^^^^^^^^^^^^^^^^^^^^^^^^^^^^^^^^^^^^^^^^^^^^^^^^^
  File "/home/airflow/.local/lib/python3.11/site-packages/airflow/models/taskinstance.py", line 414, in _execute_callable
    return execute_callable(context=context, **execute_callable_kwargs)
           ^^^^^^^^^^^^^^^^^^^^^^^^^^^^^^^^^^^^^^^^^^^^^^^^^^^^^^^^^^^^
  File "/home/airflow/.local/lib/python3.11/site-packages/airflow/operators/python.py", line 200, in execute
    return_value = self.execute_callable()
                   ^^^^^^^^^^^^^^^^^^^^^^^
  File "/home/airflow/.local/lib/python3.11/site-packages/airflow/operators/python.py", line 217, in execute_callable
    return self.python_callable(*self.op_args, **self.op_kwargs)
           ^^^^^^^^^^^^^^^^^^^^^^^^^^^^^^^^^^^^^^^^^^^^^^^^^^^^^
  File "/opt/airflow/dags/scripts/python/get_data.py", line 254, in upload_folder_to_gcs
    if blob.exists():
       ^^^^^^^^^^^^^
  File "/home/airflow/.local/lib/python3.11/site-packages/google/cloud/storage/blob.py", line 732, in exists
    client._get_resource(
  File "/home/airflow/.local/lib/python3.11/site-packages/google/cloud/storage/client.py", line 462, in _get_resource
    return self._connection.api_request(
           ^^^^^^^^^^^^^^^^^^^^^^^^^^^^^
  File "/home/airflow/.local/lib/python3.11/site-packages/google/cloud/storage/_http.py", line 78, in api_request
    return call()
           ^^^^^^
  File "/home/airflow/.local/lib/python3.11/site-packages/google/api_core/retry/retry_unary.py", line 293, in retry_wrapped_func
    return retry_target(
           ^^^^^^^^^^^^^
  File "/home/airflow/.local/lib/python3.11/site-packages/google/api_core/retry/retry_unary.py", line 153, in retry_target
    _retry_error_helper(
  File "/home/airflow/.local/lib/python3.11/site-packages/google/api_core/retry/retry_base.py", line 212, in _retry_error_helper
    raise final_exc from source_exc
  File "/home/airflow/.local/lib/python3.11/site-packages/google/api_core/retry/retry_unary.py", line 144, in retry_target
    result = target()
             ^^^^^^^^
  File "/home/airflow/.local/lib/python3.11/site-packages/google/cloud/_http/__init__.py", line 482, in api_request
    response = self._make_request(
               ^^^^^^^^^^^^^^^^^^^
  File "/home/airflow/.local/lib/python3.11/site-packages/google/cloud/_http/__init__.py", line 341, in _make_request
    return self._do_request(
           ^^^^^^^^^^^^^^^^^
  File "/home/airflow/.local/lib/python3.11/site-packages/google/cloud/_http/__init__.py", line 379, in _do_request
    return self.http.request(
           ^^^^^^^^^^^^^^^^^^
  File "/home/airflow/.local/lib/python3.11/site-packages/google/auth/transport/requests.py", line 541, in request
    response = super(AuthorizedSession, self).request(
               ^^^^^^^^^^^^^^^^^^^^^^^^^^^^^^^^^^^^^^^
  File "/home/airflow/.local/lib/python3.11/site-packages/requests/sessions.py", line 589, in request
    resp = self.send(prep, **send_kwargs)
           ^^^^^^^^^^^^^^^^^^^^^^^^^^^^^^
  File "/home/airflow/.local/lib/python3.11/site-packages/requests/sessions.py", line 703, in send
    r = adapter.send(request, **kwargs)
        ^^^^^^^^^^^^^^^^^^^^^^^^^^^^^^^
  File "/home/airflow/.local/lib/python3.11/site-packages/requests/adapters.py", line 486, in send
    resp = conn.urlopen(
           ^^^^^^^^^^^^^
  File "/home/airflow/.local/lib/python3.11/site-packages/urllib3/connectionpool.py", line 793, in urlopen
    response = self._make_request(
               ^^^^^^^^^^^^^^^^^^^
  File "/home/airflow/.local/lib/python3.11/site-packages/urllib3/connectionpool.py", line 537, in _make_request
    response = conn.getresponse()
               ^^^^^^^^^^^^^^^^^^
  File "/home/airflow/.local/lib/python3.11/site-packages/urllib3/connection.py", line 466, in getresponse
    httplib_response = super().getresponse()
                       ^^^^^^^^^^^^^^^^^^^^^
  File "/usr/local/lib/python3.11/http/client.py", line 1390, in getresponse
    response.begin()
  File "/usr/local/lib/python3.11/http/client.py", line 325, in begin
    version, status, reason = self._read_status()
                              ^^^^^^^^^^^^^^^^^^^
  File "/usr/local/lib/python3.11/http/client.py", line 286, in _read_status
    line = str(self.fp.readline(_MAXLINE + 1), "iso-8859-1")
               ^^^^^^^^^^^^^^^^^^^^^^^^^^^^^^
  File "/usr/local/lib/python3.11/socket.py", line 706, in readinto
    return self._sock.recv_into(b)
           ^^^^^^^^^^^^^^^^^^^^^^^
  File "/usr/local/lib/python3.11/ssl.py", line 1314, in recv_into
    return self.read(nbytes, buffer)
           ^^^^^^^^^^^^^^^^^^^^^^^^^
  File "/usr/local/lib/python3.11/ssl.py", line 1166, in read
    return self._sslobj.read(len, buffer)
           ^^^^^^^^^^^^^^^^^^^^^^^^^^^^^^
  File "/home/airflow/.local/lib/python3.11/site-packages/airflow/models/taskinstance.py", line 2485, in signal_handler
    raise AirflowException("Task received SIGTERM signal")
airflow.exceptions.AirflowException: Task received SIGTERM signal
[2024-04-25T04:01:42.632+0000] {taskinstance.py:1149} INFO - Marking task as FAILED. dag_id=upload_congress_data, task_id=upload_bill_status_to_gcs, execution_date=20240425T040042, start_date=20240425T040046, end_date=20240425T040142
[2024-04-25T04:01:42.679+0000] {standard_task_runner.py:107} ERROR - Failed to execute job 20 for task upload_bill_status_to_gcs ((psycopg2.errors.ForeignKeyViolation) insert or update on table "task_fail" violates foreign key constraint "task_fail_ti_fkey"
DETAIL:  Key (dag_id, task_id, run_id, map_index)=(upload_congress_data, upload_bill_status_to_gcs, manual__2024-04-25T04:00:42.861059+00:00, -1) is not present in table "task_instance".

[SQL: INSERT INTO task_fail (task_id, dag_id, run_id, map_index, start_date, end_date, duration) VALUES (%(task_id)s, %(dag_id)s, %(run_id)s, %(map_index)s, %(start_date)s, %(end_date)s, %(duration)s) RETURNING task_fail.id]
[parameters: {'task_id': 'upload_bill_status_to_gcs', 'dag_id': 'upload_congress_data', 'run_id': 'manual__2024-04-25T04:00:42.861059+00:00', 'map_index': -1, 'start_date': datetime.datetime(2024, 4, 25, 4, 0, 46, 797956, tzinfo=Timezone('UTC')), 'end_date': datetime.datetime(2024, 4, 25, 4, 1, 42, 631185, tzinfo=Timezone('UTC')), 'duration': 55}]
(Background on this error at: https://sqlalche.me/e/14/gkpj); 70)
[2024-04-25T04:01:42.729+0000] {process_utils.py:79} INFO - Process psutil.Process(pid=70, status='terminated', exitcode=1, started='04:00:46') (70) terminated with exit code 1
