[2024-04-03T03:46:46.929+0000] {taskinstance.py:1979} INFO - Dependencies all met for dep_context=non-requeueable deps ti=<TaskInstance: upload_congress_data.download_bill_statuses manual__2024-04-03T03:43:30.706487+00:00 [queued]>
[2024-04-03T03:46:46.935+0000] {taskinstance.py:1979} INFO - Dependencies all met for dep_context=requeueable deps ti=<TaskInstance: upload_congress_data.download_bill_statuses manual__2024-04-03T03:43:30.706487+00:00 [queued]>
[2024-04-03T03:46:46.935+0000] {taskinstance.py:2193} INFO - Starting attempt 2 of 4
[2024-04-03T03:46:46.942+0000] {taskinstance.py:2217} INFO - Executing <Task(BashOperator): download_bill_statuses> on 2024-04-03 03:43:30.706487+00:00
[2024-04-03T03:46:46.947+0000] {standard_task_runner.py:60} INFO - Started process 57 to run task
[2024-04-03T03:46:46.949+0000] {standard_task_runner.py:87} INFO - Running: ['***', 'tasks', 'run', 'upload_congress_data', 'download_bill_statuses', 'manual__2024-04-03T03:43:30.706487+00:00', '--job-id', '196', '--raw', '--subdir', 'DAGS_FOLDER/upload_congress_data.py', '--cfg-path', '/tmp/tmp9dp3ywuk']
[2024-04-03T03:46:46.952+0000] {standard_task_runner.py:88} INFO - Job 196: Subtask download_bill_statuses
[2024-04-03T03:46:46.989+0000] {task_command.py:423} INFO - Running <TaskInstance: upload_congress_data.download_bill_statuses manual__2024-04-03T03:43:30.706487+00:00 [running]> on host 308c9d5b795d
[2024-04-03T03:46:47.042+0000] {taskinstance.py:2513} INFO - Exporting env vars: AIRFLOW_CTX_DAG_EMAIL='***@***.com' AIRFLOW_CTX_DAG_OWNER='***' AIRFLOW_CTX_DAG_ID='upload_congress_data' AIRFLOW_CTX_TASK_ID='download_bill_statuses' AIRFLOW_CTX_EXECUTION_DATE='2024-04-03T03:43:30.706487+00:00' AIRFLOW_CTX_TRY_NUMBER='2' AIRFLOW_CTX_DAG_RUN_ID='manual__2024-04-03T03:43:30.706487+00:00'
[2024-04-03T03:46:47.044+0000] {subprocess.py:63} INFO - Tmp dir root location: /tmp
[2024-04-03T03:46:47.045+0000] {subprocess.py:75} INFO - Running command: ['/usr/bin/bash', '-c', 'wget https://www.govinfo.gov/bulkdata/BILLSTATUS/118/sres/BILLSTATUS-118-sres.zip &&                             unzip -o /path/to/download/directory/BILLSTATUS-118-sres.zip &&                             rm BILLSTATUS-118-sres.zip ||                             echo "Failed to download or unzip https://www.govinfo.gov/bulkdata/BILLSTATUS/118/sres/BILLSTATUS-118-sres.zip" && wget https://www.govinfo.gov/bulkdata/BILLSTATUS/118/hr/BILLSTATUS-118-hr.zip &&                             unzip -o /path/to/download/directory/BILLSTATUS-118-hr.zip &&                             rm BILLSTATUS-118-hr.zip ||                             echo "Failed to download or unzip https://www.govinfo.gov/bulkdata/BILLSTATUS/118/hr/BILLSTATUS-118-hr.zip" && wget https://www.govinfo.gov/bulkdata/BILLSTATUS/118/hconres/BILLSTATUS-118-hconres.zip &&                             unzip -o /path/to/download/directory/BILLSTATUS-118-hconres.zip &&                             rm BILLSTATUS-118-hconres.zip ||                             echo "Failed to download or unzip https://www.govinfo.gov/bulkdata/BILLSTATUS/118/hconres/BILLSTATUS-118-hconres.zip" && wget https://www.govinfo.gov/bulkdata/BILLSTATUS/118/hjres/BILLSTATUS-118-hjres.zip &&                             unzip -o /path/to/download/directory/BILLSTATUS-118-hjres.zip &&                             rm BILLSTATUS-118-hjres.zip ||                             echo "Failed to download or unzip https://www.govinfo.gov/bulkdata/BILLSTATUS/118/hjres/BILLSTATUS-118-hjres.zip" && wget https://www.govinfo.gov/bulkdata/BILLSTATUS/118/s/BILLSTATUS-118-s.zip &&                             unzip -o /path/to/download/directory/BILLSTATUS-118-s.zip &&                             rm BILLSTATUS-118-s.zip ||                             echo "Failed to download or unzip https://www.govinfo.gov/bulkdata/BILLSTATUS/118/s/BILLSTATUS-118-s.zip" && wget https://www.govinfo.gov/bulkdata/BILLSTATUS/118/sjres/BILLSTATUS-118-sjonres.zip &&                             unzip -o /path/to/download/directory/BILLSTATUS-118-sjonres.zip &&                             rm BILLSTATUS-118-sjonres.zip ||                             echo "Failed to download or unzip https://www.govinfo.gov/bulkdata/BILLSTATUS/118/sjres/BILLSTATUS-118-sjonres.zip" && wget https://www.govinfo.gov/bulkdata/BILLSTATUS/118/sconres/BILLSTATUS-118-sconres.zip &&                             unzip -o /path/to/download/directory/BILLSTATUS-118-sconres.zip &&                             rm BILLSTATUS-118-sconres.zip ||                             echo "Failed to download or unzip https://www.govinfo.gov/bulkdata/BILLSTATUS/118/sconres/BILLSTATUS-118-sconres.zip"']
[2024-04-03T03:46:47.053+0000] {subprocess.py:86} INFO - Output:
[2024-04-03T03:46:47.055+0000] {subprocess.py:93} INFO - /usr/bin/bash: line 1: wget: command not found
[2024-04-03T03:46:47.056+0000] {subprocess.py:93} INFO - Failed to download or unzip https://www.govinfo.gov/bulkdata/BILLSTATUS/118/sres/BILLSTATUS-118-sres.zip
[2024-04-03T03:46:47.056+0000] {subprocess.py:93} INFO - /usr/bin/bash: line 1: wget: command not found
[2024-04-03T03:46:47.056+0000] {subprocess.py:93} INFO - Failed to download or unzip https://www.govinfo.gov/bulkdata/BILLSTATUS/118/hr/BILLSTATUS-118-hr.zip
[2024-04-03T03:46:47.056+0000] {subprocess.py:93} INFO - /usr/bin/bash: line 1: wget: command not found
[2024-04-03T03:46:47.057+0000] {subprocess.py:93} INFO - Failed to download or unzip https://www.govinfo.gov/bulkdata/BILLSTATUS/118/hconres/BILLSTATUS-118-hconres.zip
[2024-04-03T03:46:47.057+0000] {subprocess.py:93} INFO - /usr/bin/bash: line 1: wget: command not found
[2024-04-03T03:46:47.057+0000] {subprocess.py:93} INFO - Failed to download or unzip https://www.govinfo.gov/bulkdata/BILLSTATUS/118/hjres/BILLSTATUS-118-hjres.zip
[2024-04-03T03:46:47.057+0000] {subprocess.py:93} INFO - /usr/bin/bash: line 1: wget: command not found
[2024-04-03T03:46:47.058+0000] {subprocess.py:93} INFO - Failed to download or unzip https://www.govinfo.gov/bulkdata/BILLSTATUS/118/s/BILLSTATUS-118-s.zip
[2024-04-03T03:46:47.058+0000] {subprocess.py:93} INFO - /usr/bin/bash: line 1: wget: command not found
[2024-04-03T03:46:47.058+0000] {subprocess.py:93} INFO - Failed to download or unzip https://www.govinfo.gov/bulkdata/BILLSTATUS/118/sjres/BILLSTATUS-118-sjonres.zip
[2024-04-03T03:46:47.058+0000] {subprocess.py:93} INFO - /usr/bin/bash: line 1: wget: command not found
[2024-04-03T03:46:47.058+0000] {subprocess.py:93} INFO - Failed to download or unzip https://www.govinfo.gov/bulkdata/BILLSTATUS/118/sconres/BILLSTATUS-118-sconres.zip
[2024-04-03T03:46:47.058+0000] {subprocess.py:97} INFO - Command exited with return code 0
[2024-04-03T03:46:47.072+0000] {taskinstance.py:1149} INFO - Marking task as SUCCESS. dag_id=upload_congress_data, task_id=download_bill_statuses, execution_date=20240403T034330, start_date=20240403T034646, end_date=20240403T034647
[2024-04-03T03:46:47.087+0000] {local_task_job_runner.py:234} INFO - Task exited with return code 0
[2024-04-03T03:46:47.101+0000] {taskinstance.py:3312} INFO - 0 downstream tasks scheduled from follow-on schedule check
