[2024-07-01T02:56:06.381+0000] {taskinstance.py:1979} INFO - Dependencies all met for dep_context=non-requeueable deps ti=<TaskInstance: upload_congress_data.get_members_data scheduled__2024-06-30T00:00:00+00:00 [queued]>
[2024-07-01T02:56:06.385+0000] {taskinstance.py:1979} INFO - Dependencies all met for dep_context=requeueable deps ti=<TaskInstance: upload_congress_data.get_members_data scheduled__2024-06-30T00:00:00+00:00 [queued]>
[2024-07-01T02:56:06.385+0000] {taskinstance.py:2193} INFO - Starting attempt 2 of 4
[2024-07-01T02:56:06.392+0000] {taskinstance.py:2217} INFO - Executing <Task(PythonOperator): get_members_data> on 2024-06-30 00:00:00+00:00
[2024-07-01T02:56:06.397+0000] {standard_task_runner.py:60} INFO - Started process 425 to run task
[2024-07-01T02:56:06.399+0000] {standard_task_runner.py:87} INFO - Running: ['***', 'tasks', 'run', 'upload_congress_data', 'get_members_data', 'scheduled__2024-06-30T00:00:00+00:00', '--job-id', '31', '--raw', '--subdir', 'DAGS_FOLDER/upload_congress_data.py', '--cfg-path', '/tmp/tmpg1on86i3']
[2024-07-01T02:56:06.402+0000] {standard_task_runner.py:88} INFO - Job 31: Subtask get_members_data
[2024-07-01T02:56:06.431+0000] {task_command.py:423} INFO - Running <TaskInstance: upload_congress_data.get_members_data scheduled__2024-06-30T00:00:00+00:00 [running]> on host 0344fe541aae
[2024-07-01T02:56:06.475+0000] {taskinstance.py:2513} INFO - Exporting env vars: AIRFLOW_CTX_DAG_EMAIL='***@***.com' AIRFLOW_CTX_DAG_OWNER='***' AIRFLOW_CTX_DAG_ID='upload_congress_data' AIRFLOW_CTX_TASK_ID='get_members_data' AIRFLOW_CTX_EXECUTION_DATE='2024-06-30T00:00:00+00:00' AIRFLOW_CTX_TRY_NUMBER='2' AIRFLOW_CTX_DAG_RUN_ID='scheduled__2024-06-30T00:00:00+00:00'
[2024-07-01T02:56:06.480+0000] {get_data.py:160} INFO - Max records passed as None
[2024-07-01T02:56:06.480+0000] {get_data.py:205} INFO - executing API call for https://api.congress.gov/v3/member?format=json&fromDateTime=2023-01-01T00:00:00Z&toDateTime=2024-06-30T00:00:00Z&offset=0&limit=250&api_key=WNue8kCDCOIlewAsULgnN8j6SqSgAZjE2sYbPsBb
[2024-07-01T02:56:09.828+0000] {get_data.py:167} INFO - About to start fetching 695 records
[2024-07-01T02:56:09.830+0000] {get_data.py:205} INFO - executing API call for https://api.congress.gov/v3/member?format=json&fromDateTime=2023-01-01T00:00:00Z&toDateTime=2024-06-30T00:00:00Z&offset=0&limit=250&api_key=WNue8kCDCOIlewAsULgnN8j6SqSgAZjE2sYbPsBb
[2024-07-01T02:56:10.535+0000] {logging_mixin.py:188} INFO - 250 of 695 member records saved
[2024-07-01T02:56:10.535+0000] {get_data.py:205} INFO - executing API call for https://api.congress.gov/v3/member?format=json&fromDateTime=2023-01-01T00:00:00Z&toDateTime=2024-06-30T00:00:00Z&offset=250&limit=250&api_key=WNue8kCDCOIlewAsULgnN8j6SqSgAZjE2sYbPsBb
[2024-07-01T02:56:13.625+0000] {logging_mixin.py:188} INFO - 500 of 695 member records saved
[2024-07-01T02:56:13.626+0000] {get_data.py:205} INFO - executing API call for https://api.congress.gov/v3/member?format=json&fromDateTime=2023-01-01T00:00:00Z&toDateTime=2024-06-30T00:00:00Z&offset=500&limit=250&api_key=WNue8kCDCOIlewAsULgnN8j6SqSgAZjE2sYbPsBb
[2024-07-01T02:56:17.666+0000] {logging_mixin.py:188} INFO - 695 of 695 member records saved
[2024-07-01T02:56:17.667+0000] {python.py:202} INFO - Done. Returned value was: None
[2024-07-01T02:56:17.674+0000] {taskinstance.py:1149} INFO - Marking task as SUCCESS. dag_id=upload_congress_data, task_id=get_members_data, execution_date=20240630T000000, start_date=20240701T025606, end_date=20240701T025617
[2024-07-01T02:56:17.737+0000] {local_task_job_runner.py:234} INFO - Task exited with return code 0
[2024-07-01T02:56:17.757+0000] {taskinstance.py:3312} INFO - 0 downstream tasks scheduled from follow-on schedule check
