[2024-05-04T00:45:11.114+0000] {processor.py:161} INFO - Started process (PID=607) to work on /opt/airflow/dags/scripts/python/get_data.py
[2024-05-04T00:45:11.115+0000] {processor.py:830} INFO - Processing file /opt/airflow/dags/scripts/python/get_data.py for tasks to queue
[2024-05-04T00:45:11.118+0000] {logging_mixin.py:188} INFO - [2024-05-04T00:45:11.118+0000] {dagbag.py:540} INFO - Filling up the DagBag from /opt/airflow/dags/scripts/python/get_data.py
[2024-05-04T00:45:11.144+0000] {processor.py:842} WARNING - No viable dags retrieved from /opt/airflow/dags/scripts/python/get_data.py
[2024-05-04T00:45:11.156+0000] {processor.py:183} INFO - Processing /opt/airflow/dags/scripts/python/get_data.py took 0.045 seconds
[2024-05-04T01:46:17.774+0000] {processor.py:161} INFO - Started process (PID=615) to work on /opt/airflow/dags/scripts/python/get_data.py
[2024-05-04T01:46:17.775+0000] {processor.py:830} INFO - Processing file /opt/airflow/dags/scripts/python/get_data.py for tasks to queue
[2024-05-04T01:46:17.778+0000] {logging_mixin.py:188} INFO - [2024-05-04T01:46:17.777+0000] {dagbag.py:540} INFO - Filling up the DagBag from /opt/airflow/dags/scripts/python/get_data.py
[2024-05-04T01:46:17.802+0000] {processor.py:842} WARNING - No viable dags retrieved from /opt/airflow/dags/scripts/python/get_data.py
[2024-05-04T01:46:17.813+0000] {processor.py:183} INFO - Processing /opt/airflow/dags/scripts/python/get_data.py took 0.042 seconds
[2024-05-04T03:05:08.708+0000] {processor.py:161} INFO - Started process (PID=623) to work on /opt/airflow/dags/scripts/python/get_data.py
[2024-05-04T03:05:08.711+0000] {processor.py:830} INFO - Processing file /opt/airflow/dags/scripts/python/get_data.py for tasks to queue
[2024-05-04T03:05:08.726+0000] {logging_mixin.py:188} INFO - [2024-05-04T03:05:08.722+0000] {dagbag.py:540} INFO - Filling up the DagBag from /opt/airflow/dags/scripts/python/get_data.py
[2024-05-04T03:05:08.843+0000] {processor.py:842} WARNING - No viable dags retrieved from /opt/airflow/dags/scripts/python/get_data.py
[2024-05-04T03:05:08.881+0000] {processor.py:183} INFO - Processing /opt/airflow/dags/scripts/python/get_data.py took 0.179 seconds
[2024-05-04T03:48:15.714+0000] {processor.py:161} INFO - Started process (PID=631) to work on /opt/airflow/dags/scripts/python/get_data.py
[2024-05-04T03:48:15.715+0000] {processor.py:830} INFO - Processing file /opt/airflow/dags/scripts/python/get_data.py for tasks to queue
[2024-05-04T03:48:15.716+0000] {logging_mixin.py:188} INFO - [2024-05-04T03:48:15.716+0000] {dagbag.py:540} INFO - Filling up the DagBag from /opt/airflow/dags/scripts/python/get_data.py
[2024-05-04T03:48:15.737+0000] {processor.py:842} WARNING - No viable dags retrieved from /opt/airflow/dags/scripts/python/get_data.py
[2024-05-04T03:48:16.023+0000] {processor.py:183} INFO - Processing /opt/airflow/dags/scripts/python/get_data.py took 0.312 seconds
[2024-05-04T05:31:36.347+0000] {processor.py:161} INFO - Started process (PID=639) to work on /opt/airflow/dags/scripts/python/get_data.py
[2024-05-04T05:31:36.352+0000] {processor.py:830} INFO - Processing file /opt/airflow/dags/scripts/python/get_data.py for tasks to queue
[2024-05-04T05:31:36.359+0000] {logging_mixin.py:188} INFO - [2024-05-04T05:31:36.358+0000] {dagbag.py:540} INFO - Filling up the DagBag from /opt/airflow/dags/scripts/python/get_data.py
[2024-05-04T05:31:36.413+0000] {processor.py:842} WARNING - No viable dags retrieved from /opt/airflow/dags/scripts/python/get_data.py
[2024-05-04T05:31:36.479+0000] {processor.py:183} INFO - Processing /opt/airflow/dags/scripts/python/get_data.py took 0.142 seconds
[2024-05-04T06:45:56.566+0000] {processor.py:161} INFO - Started process (PID=647) to work on /opt/airflow/dags/scripts/python/get_data.py
[2024-05-04T06:45:56.568+0000] {processor.py:830} INFO - Processing file /opt/airflow/dags/scripts/python/get_data.py for tasks to queue
[2024-05-04T06:45:56.572+0000] {logging_mixin.py:188} INFO - [2024-05-04T06:45:56.572+0000] {dagbag.py:540} INFO - Filling up the DagBag from /opt/airflow/dags/scripts/python/get_data.py
[2024-05-04T06:45:56.602+0000] {processor.py:842} WARNING - No viable dags retrieved from /opt/airflow/dags/scripts/python/get_data.py
[2024-05-04T06:45:56.616+0000] {processor.py:183} INFO - Processing /opt/airflow/dags/scripts/python/get_data.py took 0.054 seconds
[2024-05-04T08:21:50.914+0000] {processor.py:161} INFO - Started process (PID=655) to work on /opt/airflow/dags/scripts/python/get_data.py
[2024-05-04T08:21:50.915+0000] {processor.py:830} INFO - Processing file /opt/airflow/dags/scripts/python/get_data.py for tasks to queue
[2024-05-04T08:21:50.919+0000] {logging_mixin.py:188} INFO - [2024-05-04T08:21:50.918+0000] {dagbag.py:540} INFO - Filling up the DagBag from /opt/airflow/dags/scripts/python/get_data.py
[2024-05-04T08:21:50.949+0000] {processor.py:842} WARNING - No viable dags retrieved from /opt/airflow/dags/scripts/python/get_data.py
[2024-05-04T08:21:50.973+0000] {processor.py:183} INFO - Processing /opt/airflow/dags/scripts/python/get_data.py took 0.062 seconds
[2024-05-04T09:42:09.544+0000] {processor.py:161} INFO - Started process (PID=663) to work on /opt/airflow/dags/scripts/python/get_data.py
[2024-05-04T09:42:09.547+0000] {processor.py:830} INFO - Processing file /opt/airflow/dags/scripts/python/get_data.py for tasks to queue
[2024-05-04T09:42:09.554+0000] {logging_mixin.py:188} INFO - [2024-05-04T09:42:09.553+0000] {dagbag.py:540} INFO - Filling up the DagBag from /opt/airflow/dags/scripts/python/get_data.py
[2024-05-04T09:42:09.596+0000] {processor.py:842} WARNING - No viable dags retrieved from /opt/airflow/dags/scripts/python/get_data.py
[2024-05-04T09:42:09.624+0000] {processor.py:183} INFO - Processing /opt/airflow/dags/scripts/python/get_data.py took 0.086 seconds
[2024-05-04T11:22:35.022+0000] {processor.py:161} INFO - Started process (PID=671) to work on /opt/airflow/dags/scripts/python/get_data.py
[2024-05-04T11:22:35.025+0000] {processor.py:830} INFO - Processing file /opt/airflow/dags/scripts/python/get_data.py for tasks to queue
[2024-05-04T11:22:35.029+0000] {logging_mixin.py:188} INFO - [2024-05-04T11:22:35.029+0000] {dagbag.py:540} INFO - Filling up the DagBag from /opt/airflow/dags/scripts/python/get_data.py
[2024-05-04T11:22:35.069+0000] {processor.py:842} WARNING - No viable dags retrieved from /opt/airflow/dags/scripts/python/get_data.py
[2024-05-04T11:22:35.096+0000] {processor.py:183} INFO - Processing /opt/airflow/dags/scripts/python/get_data.py took 0.081 seconds
[2024-05-04T12:25:50.021+0000] {processor.py:161} INFO - Started process (PID=679) to work on /opt/airflow/dags/scripts/python/get_data.py
[2024-05-04T12:25:50.022+0000] {processor.py:830} INFO - Processing file /opt/airflow/dags/scripts/python/get_data.py for tasks to queue
[2024-05-04T12:25:50.026+0000] {logging_mixin.py:188} INFO - [2024-05-04T12:25:50.025+0000] {dagbag.py:540} INFO - Filling up the DagBag from /opt/airflow/dags/scripts/python/get_data.py
[2024-05-04T12:25:50.071+0000] {processor.py:842} WARNING - No viable dags retrieved from /opt/airflow/dags/scripts/python/get_data.py
[2024-05-04T12:25:50.083+0000] {processor.py:183} INFO - Processing /opt/airflow/dags/scripts/python/get_data.py took 0.066 seconds
[2024-05-04T13:36:06.758+0000] {processor.py:161} INFO - Started process (PID=687) to work on /opt/airflow/dags/scripts/python/get_data.py
[2024-05-04T13:36:06.759+0000] {processor.py:830} INFO - Processing file /opt/airflow/dags/scripts/python/get_data.py for tasks to queue
[2024-05-04T13:36:06.763+0000] {logging_mixin.py:188} INFO - [2024-05-04T13:36:06.762+0000] {dagbag.py:540} INFO - Filling up the DagBag from /opt/airflow/dags/scripts/python/get_data.py
[2024-05-04T13:36:06.799+0000] {processor.py:842} WARNING - No viable dags retrieved from /opt/airflow/dags/scripts/python/get_data.py
[2024-05-04T13:36:06.810+0000] {processor.py:183} INFO - Processing /opt/airflow/dags/scripts/python/get_data.py took 0.056 seconds
[2024-05-04T13:54:58.123+0000] {processor.py:161} INFO - Started process (PID=695) to work on /opt/airflow/dags/scripts/python/get_data.py
[2024-05-04T13:54:58.127+0000] {processor.py:830} INFO - Processing file /opt/airflow/dags/scripts/python/get_data.py for tasks to queue
[2024-05-04T13:54:58.137+0000] {logging_mixin.py:188} INFO - [2024-05-04T13:54:58.136+0000] {dagbag.py:540} INFO - Filling up the DagBag from /opt/airflow/dags/scripts/python/get_data.py
[2024-05-04T13:54:58.204+0000] {processor.py:842} WARNING - No viable dags retrieved from /opt/airflow/dags/scripts/python/get_data.py
[2024-05-04T13:54:58.245+0000] {processor.py:183} INFO - Processing /opt/airflow/dags/scripts/python/get_data.py took 0.136 seconds
[2024-05-04T14:37:09.750+0000] {processor.py:161} INFO - Started process (PID=703) to work on /opt/airflow/dags/scripts/python/get_data.py
[2024-05-04T14:37:09.751+0000] {processor.py:830} INFO - Processing file /opt/airflow/dags/scripts/python/get_data.py for tasks to queue
[2024-05-04T14:37:09.757+0000] {logging_mixin.py:188} INFO - [2024-05-04T14:37:09.756+0000] {dagbag.py:540} INFO - Filling up the DagBag from /opt/airflow/dags/scripts/python/get_data.py
[2024-05-04T14:37:09.816+0000] {processor.py:842} WARNING - No viable dags retrieved from /opt/airflow/dags/scripts/python/get_data.py
[2024-05-04T14:37:09.862+0000] {processor.py:183} INFO - Processing /opt/airflow/dags/scripts/python/get_data.py took 0.124 seconds
[2024-05-04T15:54:28.806+0000] {processor.py:161} INFO - Started process (PID=711) to work on /opt/airflow/dags/scripts/python/get_data.py
[2024-05-04T15:54:28.818+0000] {processor.py:830} INFO - Processing file /opt/airflow/dags/scripts/python/get_data.py for tasks to queue
[2024-05-04T15:54:28.876+0000] {logging_mixin.py:188} INFO - [2024-05-04T15:54:28.875+0000] {dagbag.py:540} INFO - Filling up the DagBag from /opt/airflow/dags/scripts/python/get_data.py
[2024-05-04T15:54:28.963+0000] {processor.py:842} WARNING - No viable dags retrieved from /opt/airflow/dags/scripts/python/get_data.py
[2024-05-04T15:54:29.038+0000] {processor.py:183} INFO - Processing /opt/airflow/dags/scripts/python/get_data.py took 0.241 seconds
[2024-05-04T17:30:11.063+0000] {processor.py:161} INFO - Started process (PID=719) to work on /opt/airflow/dags/scripts/python/get_data.py
[2024-05-04T17:30:11.066+0000] {processor.py:830} INFO - Processing file /opt/airflow/dags/scripts/python/get_data.py for tasks to queue
[2024-05-04T17:30:11.072+0000] {logging_mixin.py:188} INFO - [2024-05-04T17:30:11.071+0000] {dagbag.py:540} INFO - Filling up the DagBag from /opt/airflow/dags/scripts/python/get_data.py
[2024-05-04T17:30:11.125+0000] {processor.py:842} WARNING - No viable dags retrieved from /opt/airflow/dags/scripts/python/get_data.py
[2024-05-04T17:30:11.158+0000] {processor.py:183} INFO - Processing /opt/airflow/dags/scripts/python/get_data.py took 0.104 seconds
[2024-05-04T18:41:04.557+0000] {processor.py:161} INFO - Started process (PID=727) to work on /opt/airflow/dags/scripts/python/get_data.py
[2024-05-04T18:41:04.560+0000] {processor.py:830} INFO - Processing file /opt/airflow/dags/scripts/python/get_data.py for tasks to queue
[2024-05-04T18:41:04.569+0000] {logging_mixin.py:188} INFO - [2024-05-04T18:41:04.567+0000] {dagbag.py:540} INFO - Filling up the DagBag from /opt/airflow/dags/scripts/python/get_data.py
[2024-05-04T18:41:04.623+0000] {processor.py:842} WARNING - No viable dags retrieved from /opt/airflow/dags/scripts/python/get_data.py
[2024-05-04T18:41:04.655+0000] {processor.py:183} INFO - Processing /opt/airflow/dags/scripts/python/get_data.py took 0.119 seconds
[2024-05-04T19:56:13.068+0000] {processor.py:161} INFO - Started process (PID=735) to work on /opt/airflow/dags/scripts/python/get_data.py
[2024-05-04T19:56:13.069+0000] {processor.py:830} INFO - Processing file /opt/airflow/dags/scripts/python/get_data.py for tasks to queue
[2024-05-04T19:56:13.073+0000] {logging_mixin.py:188} INFO - [2024-05-04T19:56:13.072+0000] {dagbag.py:540} INFO - Filling up the DagBag from /opt/airflow/dags/scripts/python/get_data.py
[2024-05-04T19:56:13.098+0000] {processor.py:842} WARNING - No viable dags retrieved from /opt/airflow/dags/scripts/python/get_data.py
[2024-05-04T19:56:13.110+0000] {processor.py:183} INFO - Processing /opt/airflow/dags/scripts/python/get_data.py took 0.046 seconds
[2024-05-04T20:05:50.748+0000] {processor.py:161} INFO - Started process (PID=743) to work on /opt/airflow/dags/scripts/python/get_data.py
[2024-05-04T20:05:50.749+0000] {processor.py:830} INFO - Processing file /opt/airflow/dags/scripts/python/get_data.py for tasks to queue
[2024-05-04T20:05:50.754+0000] {logging_mixin.py:188} INFO - [2024-05-04T20:05:50.753+0000] {dagbag.py:540} INFO - Filling up the DagBag from /opt/airflow/dags/scripts/python/get_data.py
[2024-05-04T20:05:50.781+0000] {processor.py:842} WARNING - No viable dags retrieved from /opt/airflow/dags/scripts/python/get_data.py
[2024-05-04T20:05:50.798+0000] {processor.py:183} INFO - Processing /opt/airflow/dags/scripts/python/get_data.py took 0.054 seconds
[2024-05-04T20:38:07.556+0000] {processor.py:161} INFO - Started process (PID=751) to work on /opt/airflow/dags/scripts/python/get_data.py
[2024-05-04T20:38:07.557+0000] {processor.py:830} INFO - Processing file /opt/airflow/dags/scripts/python/get_data.py for tasks to queue
[2024-05-04T20:38:07.561+0000] {logging_mixin.py:188} INFO - [2024-05-04T20:38:07.560+0000] {dagbag.py:540} INFO - Filling up the DagBag from /opt/airflow/dags/scripts/python/get_data.py
[2024-05-04T20:38:07.586+0000] {processor.py:842} WARNING - No viable dags retrieved from /opt/airflow/dags/scripts/python/get_data.py
[2024-05-04T20:38:07.597+0000] {processor.py:183} INFO - Processing /opt/airflow/dags/scripts/python/get_data.py took 0.044 seconds
[2024-05-04T21:44:07.162+0000] {processor.py:161} INFO - Started process (PID=760) to work on /opt/airflow/dags/scripts/python/get_data.py
[2024-05-04T21:44:07.222+0000] {processor.py:830} INFO - Processing file /opt/airflow/dags/scripts/python/get_data.py for tasks to queue
[2024-05-04T21:44:07.226+0000] {logging_mixin.py:188} INFO - [2024-05-04T21:44:07.225+0000] {dagbag.py:540} INFO - Filling up the DagBag from /opt/airflow/dags/scripts/python/get_data.py
[2024-05-04T21:44:07.277+0000] {processor.py:842} WARNING - No viable dags retrieved from /opt/airflow/dags/scripts/python/get_data.py
[2024-05-04T21:44:07.309+0000] {processor.py:183} INFO - Processing /opt/airflow/dags/scripts/python/get_data.py took 0.153 seconds
[2024-05-04T22:45:04.753+0000] {processor.py:161} INFO - Started process (PID=768) to work on /opt/airflow/dags/scripts/python/get_data.py
[2024-05-04T22:45:04.754+0000] {processor.py:830} INFO - Processing file /opt/airflow/dags/scripts/python/get_data.py for tasks to queue
[2024-05-04T22:45:04.756+0000] {logging_mixin.py:188} INFO - [2024-05-04T22:45:04.755+0000] {dagbag.py:540} INFO - Filling up the DagBag from /opt/airflow/dags/scripts/python/get_data.py
[2024-05-04T22:45:04.773+0000] {processor.py:842} WARNING - No viable dags retrieved from /opt/airflow/dags/scripts/python/get_data.py
[2024-05-04T22:45:04.782+0000] {processor.py:183} INFO - Processing /opt/airflow/dags/scripts/python/get_data.py took 0.030 seconds
[2024-05-04T23:46:10.892+0000] {processor.py:161} INFO - Started process (PID=770) to work on /opt/airflow/dags/scripts/python/get_data.py
[2024-05-04T23:46:10.893+0000] {processor.py:830} INFO - Processing file /opt/airflow/dags/scripts/python/get_data.py for tasks to queue
[2024-05-04T23:46:10.897+0000] {logging_mixin.py:188} INFO - [2024-05-04T23:46:10.896+0000] {dagbag.py:540} INFO - Filling up the DagBag from /opt/airflow/dags/scripts/python/get_data.py
[2024-05-04T23:46:10.924+0000] {processor.py:842} WARNING - No viable dags retrieved from /opt/airflow/dags/scripts/python/get_data.py
[2024-05-04T23:46:10.938+0000] {processor.py:183} INFO - Processing /opt/airflow/dags/scripts/python/get_data.py took 0.050 seconds
