[2024-04-11T04:15:23.450+0000] {taskinstance.py:1979} INFO - Dependencies all met for dep_context=non-requeueable deps ti=<TaskInstance: upload_congress_data.upload_bills_to_gcs manual__2024-04-11T04:13:26.714701+00:00 [queued]>
[2024-04-11T04:15:23.456+0000] {taskinstance.py:1979} INFO - Dependencies all met for dep_context=requeueable deps ti=<TaskInstance: upload_congress_data.upload_bills_to_gcs manual__2024-04-11T04:13:26.714701+00:00 [queued]>
[2024-04-11T04:15:23.457+0000] {taskinstance.py:2193} INFO - Starting attempt 1 of 1
[2024-04-11T04:15:23.466+0000] {taskinstance.py:2217} INFO - Executing <Task(PythonOperator): upload_bills_to_gcs> on 2024-04-11 04:13:26.714701+00:00
[2024-04-11T04:15:23.473+0000] {standard_task_runner.py:60} INFO - Started process 238 to run task
[2024-04-11T04:15:23.477+0000] {standard_task_runner.py:87} INFO - Running: ['***', 'tasks', 'run', 'upload_congress_data', 'upload_bills_to_gcs', 'manual__2024-04-11T04:13:26.714701+00:00', '--job-id', '45', '--raw', '--subdir', 'DAGS_FOLDER/upload_congress_data.py', '--cfg-path', '/tmp/tmpijzxiyy9']
[2024-04-11T04:15:23.480+0000] {standard_task_runner.py:88} INFO - Job 45: Subtask upload_bills_to_gcs
[2024-04-11T04:15:23.525+0000] {task_command.py:423} INFO - Running <TaskInstance: upload_congress_data.upload_bills_to_gcs manual__2024-04-11T04:13:26.714701+00:00 [running]> on host 48a386cc3b53
[2024-04-11T04:15:23.617+0000] {taskinstance.py:2513} INFO - Exporting env vars: AIRFLOW_CTX_DAG_OWNER='***' AIRFLOW_CTX_DAG_ID='upload_congress_data' AIRFLOW_CTX_TASK_ID='upload_bills_to_gcs' AIRFLOW_CTX_EXECUTION_DATE='2024-04-11T04:13:26.714701+00:00' AIRFLOW_CTX_TRY_NUMBER='1' AIRFLOW_CTX_DAG_RUN_ID='manual__2024-04-11T04:13:26.714701+00:00'
[2024-04-11T04:15:25.135+0000] {logging_mixin.py:188} INFO - Uploaded /opt/***/dags/data/bills/hjres/BILLSTATUS-118hjres68.json to gs://congress_data/bills/hjres/BILLSTATUS-118hjres68.json
[2024-04-11T04:15:25.826+0000] {logging_mixin.py:188} INFO - Uploaded /opt/***/dags/data/bills/hjres/BILLSTATUS-118hjres44.json to gs://congress_data/bills/hjres/BILLSTATUS-118hjres44.json
[2024-04-11T04:15:26.433+0000] {logging_mixin.py:188} INFO - Uploaded /opt/***/dags/data/bills/hjres/BILLSTATUS-118hjres45.json to gs://congress_data/bills/hjres/BILLSTATUS-118hjres45.json
[2024-04-11T04:15:27.088+0000] {logging_mixin.py:188} INFO - Uploaded /opt/***/dags/data/bills/hjres/BILLSTATUS-118hjres24.json to gs://congress_data/bills/hjres/BILLSTATUS-118hjres24.json
[2024-04-11T04:15:27.752+0000] {logging_mixin.py:188} INFO - Uploaded /opt/***/dags/data/bills/hjres/BILLSTATUS-118hjres39.json to gs://congress_data/bills/hjres/BILLSTATUS-118hjres39.json
[2024-04-11T04:15:28.426+0000] {logging_mixin.py:188} INFO - Uploaded /opt/***/dags/data/bills/hjres/BILLSTATUS-118hjres42.json to gs://congress_data/bills/hjres/BILLSTATUS-118hjres42.json
[2024-04-11T04:15:29.047+0000] {logging_mixin.py:188} INFO - Uploaded /opt/***/dags/data/bills/hjres/BILLSTATUS-118hjres74.json to gs://congress_data/bills/hjres/BILLSTATUS-118hjres74.json
[2024-04-11T04:15:29.661+0000] {logging_mixin.py:188} INFO - Uploaded /opt/***/dags/data/bills/hjres/BILLSTATUS-118hjres7.json to gs://congress_data/bills/hjres/BILLSTATUS-118hjres7.json
[2024-04-11T04:15:30.285+0000] {logging_mixin.py:188} INFO - Uploaded /opt/***/dags/data/bills/hjres/BILLSTATUS-118hjres79.json to gs://congress_data/bills/hjres/BILLSTATUS-118hjres79.json
[2024-04-11T04:15:30.934+0000] {logging_mixin.py:188} INFO - Uploaded /opt/***/dags/data/bills/hjres/BILLSTATUS-118hjres98.json to gs://congress_data/bills/hjres/BILLSTATUS-118hjres98.json
[2024-04-11T04:15:31.563+0000] {logging_mixin.py:188} INFO - Uploaded /opt/***/dags/data/bills/hjres/BILLSTATUS-118hjres70.json to gs://congress_data/bills/hjres/BILLSTATUS-118hjres70.json
[2024-04-11T04:15:32.284+0000] {logging_mixin.py:188} INFO - Uploaded /opt/***/dags/data/bills/hjres/BILLSTATUS-118hjres27.json to gs://congress_data/bills/hjres/BILLSTATUS-118hjres27.json
[2024-04-11T04:15:32.894+0000] {logging_mixin.py:188} INFO - Uploaded /opt/***/dags/data/bills/hjres/BILLSTATUS-118hjres88.json to gs://congress_data/bills/hjres/BILLSTATUS-118hjres88.json
[2024-04-11T04:15:33.505+0000] {logging_mixin.py:188} INFO - Uploaded /opt/***/dags/data/bills/hjres/BILLSTATUS-118hjres30.json to gs://congress_data/bills/hjres/BILLSTATUS-118hjres30.json
[2024-04-11T04:15:34.099+0000] {logging_mixin.py:188} INFO - Uploaded /opt/***/dags/data/bills/hjres/BILLSTATUS-118hjres26.json to gs://congress_data/bills/hjres/BILLSTATUS-118hjres26.json
[2024-04-11T04:15:34.714+0000] {logging_mixin.py:188} INFO - Uploaded /opt/***/dags/data/bills/hjres/BILLSTATUS-118hjres71.json to gs://congress_data/bills/hjres/BILLSTATUS-118hjres71.json
[2024-04-11T04:15:35.338+0000] {logging_mixin.py:188} INFO - Uploaded /opt/***/dags/data/bills/hconres/BILLSTATUS-118hconres7.json to gs://congress_data/bills/hconres/BILLSTATUS-118hconres7.json
[2024-04-11T04:15:35.961+0000] {logging_mixin.py:188} INFO - Uploaded /opt/***/dags/data/bills/hconres/BILLSTATUS-118hconres30.json to gs://congress_data/bills/hconres/BILLSTATUS-118hconres30.json
[2024-04-11T04:15:36.563+0000] {logging_mixin.py:188} INFO - Uploaded /opt/***/dags/data/bills/hconres/BILLSTATUS-118hconres57.json to gs://congress_data/bills/hconres/BILLSTATUS-118hconres57.json
[2024-04-11T04:15:37.160+0000] {logging_mixin.py:188} INFO - Uploaded /opt/***/dags/data/bills/hconres/BILLSTATUS-118hconres40.json to gs://congress_data/bills/hconres/BILLSTATUS-118hconres40.json
[2024-04-11T04:15:37.800+0000] {logging_mixin.py:188} INFO - Uploaded /opt/***/dags/data/bills/hconres/BILLSTATUS-118hconres21.json to gs://congress_data/bills/hconres/BILLSTATUS-118hconres21.json
[2024-04-11T04:15:38.409+0000] {logging_mixin.py:188} INFO - Uploaded /opt/***/dags/data/bills/hconres/BILLSTATUS-118hconres3.json to gs://congress_data/bills/hconres/BILLSTATUS-118hconres3.json
[2024-04-11T04:15:39.017+0000] {logging_mixin.py:188} INFO - Uploaded /opt/***/dags/data/bills/hconres/BILLSTATUS-118hconres86.json to gs://congress_data/bills/hconres/BILLSTATUS-118hconres86.json
[2024-04-11T04:15:39.676+0000] {logging_mixin.py:188} INFO - Uploaded /opt/***/dags/data/bills/hconres/BILLSTATUS-118hconres9.json to gs://congress_data/bills/hconres/BILLSTATUS-118hconres9.json
[2024-04-11T04:15:40.289+0000] {logging_mixin.py:188} INFO - Uploaded /opt/***/dags/data/bills/hconres/BILLSTATUS-118hconres25.json to gs://congress_data/bills/hconres/BILLSTATUS-118hconres25.json
[2024-04-11T04:15:41.003+0000] {logging_mixin.py:188} INFO - Uploaded /opt/***/dags/data/bills/s/BILLSTATUS-118s870.json to gs://congress_data/bills/s/BILLSTATUS-118s870.json
[2024-04-11T04:15:41.689+0000] {logging_mixin.py:188} INFO - Uploaded /opt/***/dags/data/bills/s/BILLSTATUS-118s3427.json to gs://congress_data/bills/s/BILLSTATUS-118s3427.json
[2024-04-11T04:15:42.316+0000] {logging_mixin.py:188} INFO - Uploaded /opt/***/dags/data/bills/s/BILLSTATUS-118s112.json to gs://congress_data/bills/s/BILLSTATUS-118s112.json
[2024-04-11T04:15:43.037+0000] {logging_mixin.py:188} INFO - Uploaded /opt/***/dags/data/bills/s/BILLSTATUS-118s3250.json to gs://congress_data/bills/s/BILLSTATUS-118s3250.json
[2024-04-11T04:15:43.675+0000] {logging_mixin.py:188} INFO - Uploaded /opt/***/dags/data/bills/s/BILLSTATUS-118s2226.json to gs://congress_data/bills/s/BILLSTATUS-118s2226.json
[2024-04-11T04:15:44.364+0000] {logging_mixin.py:188} INFO - Uploaded /opt/***/dags/data/bills/s/BILLSTATUS-118s2051.json to gs://congress_data/bills/s/BILLSTATUS-118s2051.json
[2024-04-11T04:15:45.041+0000] {logging_mixin.py:188} INFO - Uploaded /opt/***/dags/data/bills/s/BILLSTATUS-118s788.json to gs://congress_data/bills/s/BILLSTATUS-118s788.json
[2024-04-11T04:15:45.715+0000] {logging_mixin.py:188} INFO - Uploaded /opt/***/dags/data/bills/s/BILLSTATUS-118s475.json to gs://congress_data/bills/s/BILLSTATUS-118s475.json
[2024-04-11T04:15:46.338+0000] {logging_mixin.py:188} INFO - Uploaded /opt/***/dags/data/bills/s/BILLSTATUS-118s619.json to gs://congress_data/bills/s/BILLSTATUS-118s619.json
[2024-04-11T04:15:46.942+0000] {logging_mixin.py:188} INFO - Uploaded /opt/***/dags/data/bills/s/BILLSTATUS-118s316.json to gs://congress_data/bills/s/BILLSTATUS-118s316.json
[2024-04-11T04:15:47.551+0000] {logging_mixin.py:188} INFO - Uploaded /opt/***/dags/data/bills/s/BILLSTATUS-118s3853.json to gs://congress_data/bills/s/BILLSTATUS-118s3853.json
[2024-04-11T04:15:48.153+0000] {logging_mixin.py:188} INFO - Uploaded /opt/***/dags/data/bills/s/BILLSTATUS-118s111.json to gs://congress_data/bills/s/BILLSTATUS-118s111.json
[2024-04-11T04:15:48.836+0000] {logging_mixin.py:188} INFO - Uploaded /opt/***/dags/data/bills/s/BILLSTATUS-118s326.json to gs://congress_data/bills/s/BILLSTATUS-118s326.json
[2024-04-11T04:15:49.497+0000] {logging_mixin.py:188} INFO - Uploaded /opt/***/dags/data/bills/sres/BILLSTATUS-118sres13.json to gs://congress_data/bills/sres/BILLSTATUS-118sres13.json
[2024-04-11T04:15:50.212+0000] {logging_mixin.py:188} INFO - Uploaded /opt/***/dags/data/bills/sres/BILLSTATUS-118sres21.json to gs://congress_data/bills/sres/BILLSTATUS-118sres21.json
[2024-04-11T04:15:50.893+0000] {logging_mixin.py:188} INFO - Uploaded /opt/***/dags/data/bills/sres/BILLSTATUS-118sres504.json to gs://congress_data/bills/sres/BILLSTATUS-118sres504.json
[2024-04-11T04:15:51.599+0000] {logging_mixin.py:188} INFO - Uploaded /opt/***/dags/data/bills/sres/BILLSTATUS-118sres417.json to gs://congress_data/bills/sres/BILLSTATUS-118sres417.json
[2024-04-11T04:15:52.194+0000] {logging_mixin.py:188} INFO - Uploaded /opt/***/dags/data/bills/hr/BILLSTATUS-118hr1339.json to gs://congress_data/bills/hr/BILLSTATUS-118hr1339.json
[2024-04-11T04:15:52.802+0000] {logging_mixin.py:188} INFO - Uploaded /opt/***/dags/data/bills/hr/BILLSTATUS-118hr2796.json to gs://congress_data/bills/hr/BILLSTATUS-118hr2796.json
[2024-04-11T04:15:53.433+0000] {logging_mixin.py:188} INFO - Uploaded /opt/***/dags/data/bills/hr/BILLSTATUS-118hr2811.json to gs://congress_data/bills/hr/BILLSTATUS-118hr2811.json
[2024-04-11T04:15:54.032+0000] {logging_mixin.py:188} INFO - Uploaded /opt/***/dags/data/bills/hr/BILLSTATUS-118hr23.json to gs://congress_data/bills/hr/BILLSTATUS-118hr23.json
[2024-04-11T04:15:54.711+0000] {logging_mixin.py:188} INFO - Uploaded /opt/***/dags/data/bills/hr/BILLSTATUS-118hr406.json to gs://congress_data/bills/hr/BILLSTATUS-118hr406.json
[2024-04-11T04:15:55.350+0000] {logging_mixin.py:188} INFO - Uploaded /opt/***/dags/data/bills/hr/BILLSTATUS-118hr4984.json to gs://congress_data/bills/hr/BILLSTATUS-118hr4984.json
[2024-04-11T04:15:56.037+0000] {logging_mixin.py:188} INFO - Uploaded /opt/***/dags/data/bills/hr/BILLSTATUS-118hr538.json to gs://congress_data/bills/hr/BILLSTATUS-118hr538.json
[2024-04-11T04:15:56.665+0000] {logging_mixin.py:188} INFO - Uploaded /opt/***/dags/data/bills/hr/BILLSTATUS-118hr3152.json to gs://congress_data/bills/hr/BILLSTATUS-118hr3152.json
[2024-04-11T04:15:57.327+0000] {logging_mixin.py:188} INFO - Uploaded /opt/***/dags/data/bills/hr/BILLSTATUS-118hr5585.json to gs://congress_data/bills/hr/BILLSTATUS-118hr5585.json
[2024-04-11T04:15:57.966+0000] {logging_mixin.py:188} INFO - Uploaded /opt/***/dags/data/bills/hr/BILLSTATUS-118hr4394.json to gs://congress_data/bills/hr/BILLSTATUS-118hr4394.json
[2024-04-11T04:15:58.600+0000] {logging_mixin.py:188} INFO - Uploaded /opt/***/dags/data/bills/hr/BILLSTATUS-118hr277.json to gs://congress_data/bills/hr/BILLSTATUS-118hr277.json
[2024-04-11T04:15:59.201+0000] {logging_mixin.py:188} INFO - Uploaded /opt/***/dags/data/bills/hr/BILLSTATUS-118hr1159.json to gs://congress_data/bills/hr/BILLSTATUS-118hr1159.json
[2024-04-11T04:15:59.821+0000] {logging_mixin.py:188} INFO - Uploaded /opt/***/dags/data/bills/hr/BILLSTATUS-118hr7520.json to gs://congress_data/bills/hr/BILLSTATUS-118hr7520.json
[2024-04-11T04:16:00.425+0000] {logging_mixin.py:188} INFO - Uploaded /opt/***/dags/data/bills/hr/BILLSTATUS-118hr3099.json to gs://congress_data/bills/hr/BILLSTATUS-118hr3099.json
[2024-04-11T04:16:01.031+0000] {logging_mixin.py:188} INFO - Uploaded /opt/***/dags/data/bills/hr/BILLSTATUS-118hr7023.json to gs://congress_data/bills/hr/BILLSTATUS-118hr7023.json
[2024-04-11T04:16:01.641+0000] {logging_mixin.py:188} INFO - Uploaded /opt/***/dags/data/bills/hr/BILLSTATUS-118hr1548.json to gs://congress_data/bills/hr/BILLSTATUS-118hr1548.json
[2024-04-11T04:16:02.272+0000] {logging_mixin.py:188} INFO - Uploaded /opt/***/dags/data/bills/hr/BILLSTATUS-118hr1163.json to gs://congress_data/bills/hr/BILLSTATUS-118hr1163.json
[2024-04-11T04:16:02.886+0000] {logging_mixin.py:188} INFO - Uploaded /opt/***/dags/data/bills/hr/BILLSTATUS-118hr6976.json to gs://congress_data/bills/hr/BILLSTATUS-118hr6976.json
[2024-04-11T04:16:03.536+0000] {logging_mixin.py:188} INFO - Uploaded /opt/***/dags/data/bills/hr/BILLSTATUS-118hr3774.json to gs://congress_data/bills/hr/BILLSTATUS-118hr3774.json
[2024-04-11T04:16:04.222+0000] {logging_mixin.py:188} INFO - Uploaded /opt/***/dags/data/bills/hr/BILLSTATUS-118hr6126.json to gs://congress_data/bills/hr/BILLSTATUS-118hr6126.json
[2024-04-11T04:16:04.833+0000] {logging_mixin.py:188} INFO - Uploaded /opt/***/dags/data/bills/hr/BILLSTATUS-118hr467.json to gs://congress_data/bills/hr/BILLSTATUS-118hr467.json
[2024-04-11T04:16:05.438+0000] {logging_mixin.py:188} INFO - Uploaded /opt/***/dags/data/bills/hr/BILLSTATUS-118hr3324.json to gs://congress_data/bills/hr/BILLSTATUS-118hr3324.json
[2024-04-11T04:16:06.067+0000] {logging_mixin.py:188} INFO - Uploaded /opt/***/dags/data/bills/hr/BILLSTATUS-118hr5862.json to gs://congress_data/bills/hr/BILLSTATUS-118hr5862.json
[2024-04-11T04:16:06.690+0000] {logging_mixin.py:188} INFO - Uploaded /opt/***/dags/data/bills/hr/BILLSTATUS-118hr1123.json to gs://congress_data/bills/hr/BILLSTATUS-118hr1123.json
[2024-04-11T04:16:07.295+0000] {logging_mixin.py:188} INFO - Uploaded /opt/***/dags/data/bills/hr/BILLSTATUS-118hr1836.json to gs://congress_data/bills/hr/BILLSTATUS-118hr1836.json
[2024-04-11T04:16:07.910+0000] {logging_mixin.py:188} INFO - Uploaded /opt/***/dags/data/bills/hr/BILLSTATUS-118hr3935.json to gs://congress_data/bills/hr/BILLSTATUS-118hr3935.json
[2024-04-11T04:16:08.525+0000] {logging_mixin.py:188} INFO - Uploaded /opt/***/dags/data/bills/hr/BILLSTATUS-118hr2670.json to gs://congress_data/bills/hr/BILLSTATUS-118hr2670.json
[2024-04-11T04:16:09.131+0000] {logging_mixin.py:188} INFO - Uploaded /opt/***/dags/data/bills/hr/BILLSTATUS-118hr2365.json to gs://congress_data/bills/hr/BILLSTATUS-118hr2365.json
[2024-04-11T04:16:09.965+0000] {logging_mixin.py:188} INFO - Uploaded /opt/***/dags/data/bills/hr/BILLSTATUS-118hr1226.json to gs://congress_data/bills/hr/BILLSTATUS-118hr1226.json
[2024-04-11T04:16:10.570+0000] {logging_mixin.py:188} INFO - Uploaded /opt/***/dags/data/bills/hr/BILLSTATUS-118hr4531.json to gs://congress_data/bills/hr/BILLSTATUS-118hr4531.json
[2024-04-11T04:16:11.207+0000] {logging_mixin.py:188} INFO - Uploaded /opt/***/dags/data/bills/hr/BILLSTATUS-118hr734.json to gs://congress_data/bills/hr/BILLSTATUS-118hr734.json
[2024-04-11T04:16:11.829+0000] {logging_mixin.py:188} INFO - Uploaded /opt/***/dags/data/bills/hr/BILLSTATUS-118hr7521.json to gs://congress_data/bills/hr/BILLSTATUS-118hr7521.json
[2024-04-11T04:16:12.460+0000] {logging_mixin.py:188} INFO - Uploaded /opt/***/dags/data/bills/hr/BILLSTATUS-118hr5.json to gs://congress_data/bills/hr/BILLSTATUS-118hr5.json
[2024-04-11T04:16:13.101+0000] {logging_mixin.py:188} INFO - Uploaded /opt/***/dags/data/bills/hr/BILLSTATUS-118hr3391.json to gs://congress_data/bills/hr/BILLSTATUS-118hr3391.json
[2024-04-11T04:16:13.715+0000] {logging_mixin.py:188} INFO - Uploaded /opt/***/dags/data/bills/hr/BILLSTATUS-118hr2754.json to gs://congress_data/bills/hr/BILLSTATUS-118hr2754.json
[2024-04-11T04:16:14.390+0000] {logging_mixin.py:188} INFO - Uploaded /opt/***/dags/data/bills/hr/BILLSTATUS-118hr485.json to gs://congress_data/bills/hr/BILLSTATUS-118hr485.json
[2024-04-11T04:16:15.007+0000] {logging_mixin.py:188} INFO - Uploaded /opt/***/dags/data/bills/hr/BILLSTATUS-118hr1752.json to gs://congress_data/bills/hr/BILLSTATUS-118hr1752.json
[2024-04-11T04:16:15.631+0000] {logging_mixin.py:188} INFO - Uploaded /opt/***/dags/data/bills/hr/BILLSTATUS-118hr1093.json to gs://congress_data/bills/hr/BILLSTATUS-118hr1093.json
[2024-04-11T04:16:16.249+0000] {logging_mixin.py:188} INFO - Uploaded /opt/***/dags/data/bills/hr/BILLSTATUS-118hr1640.json to gs://congress_data/bills/hr/BILLSTATUS-118hr1640.json
[2024-04-11T04:16:16.918+0000] {logging_mixin.py:188} INFO - Uploaded /opt/***/dags/data/bills/hr/BILLSTATUS-118hr3981.json to gs://congress_data/bills/hr/BILLSTATUS-118hr3981.json
[2024-04-11T04:16:17.505+0000] {logging_mixin.py:188} INFO - Uploaded /opt/***/dags/data/bills/hr/BILLSTATUS-118hr542.json to gs://congress_data/bills/hr/BILLSTATUS-118hr542.json
[2024-04-11T04:16:18.169+0000] {logging_mixin.py:188} INFO - Uploaded /opt/***/dags/data/bills/hr/BILLSTATUS-118hr22.json to gs://congress_data/bills/hr/BILLSTATUS-118hr22.json
[2024-04-11T04:16:18.873+0000] {logging_mixin.py:188} INFO - Uploaded /opt/***/dags/data/bills/hr/BILLSTATUS-118hr2797.json to gs://congress_data/bills/hr/BILLSTATUS-118hr2797.json
[2024-04-11T04:16:19.586+0000] {logging_mixin.py:188} INFO - Uploaded /opt/***/dags/data/bills/hr/BILLSTATUS-118hr1154.json to gs://congress_data/bills/hr/BILLSTATUS-118hr1154.json
[2024-04-11T04:16:20.185+0000] {logging_mixin.py:188} INFO - Uploaded /opt/***/dags/data/bills/hr/BILLSTATUS-118hr1338.json to gs://congress_data/bills/hr/BILLSTATUS-118hr1338.json
[2024-04-11T04:16:20.785+0000] {logging_mixin.py:188} INFO - Uploaded /opt/***/dags/data/bills/hr/BILLSTATUS-118hr2.json to gs://congress_data/bills/hr/BILLSTATUS-118hr2.json
[2024-04-11T04:16:21.412+0000] {logging_mixin.py:188} INFO - Uploaded /opt/***/dags/data/bills/hr/BILLSTATUS-118hr7463.json to gs://congress_data/bills/hr/BILLSTATUS-118hr7463.json
[2024-04-11T04:16:22.045+0000] {logging_mixin.py:188} INFO - Uploaded /opt/***/dags/data/bills/hr/BILLSTATUS-118hr676.json to gs://congress_data/bills/hr/BILLSTATUS-118hr676.json
[2024-04-11T04:16:22.789+0000] {logging_mixin.py:188} INFO - Uploaded /opt/***/dags/data/bills/hr/BILLSTATUS-118hr7176.json to gs://congress_data/bills/hr/BILLSTATUS-118hr7176.json
[2024-04-11T04:16:23.415+0000] {logging_mixin.py:188} INFO - Uploaded /opt/***/dags/data/bills/hr/BILLSTATUS-118hr1734.json to gs://congress_data/bills/hr/BILLSTATUS-118hr1734.json
[2024-04-11T04:16:24.086+0000] {logging_mixin.py:188} INFO - Uploaded /opt/***/dags/data/bills/hr/BILLSTATUS-118hr3089.json to gs://congress_data/bills/hr/BILLSTATUS-118hr3089.json
[2024-04-11T04:16:24.707+0000] {logging_mixin.py:188} INFO - Uploaded /opt/***/dags/data/bills/hr/BILLSTATUS-118hr288.json to gs://congress_data/bills/hr/BILLSTATUS-118hr288.json
[2024-04-11T04:16:25.345+0000] {logging_mixin.py:188} INFO - Uploaded /opt/***/dags/data/bills/hr/BILLSTATUS-118hr1149.json to gs://congress_data/bills/hr/BILLSTATUS-118hr1149.json
[2024-04-11T04:16:26.005+0000] {logging_mixin.py:188} INFO - Uploaded /opt/***/dags/data/bills/hr/BILLSTATUS-118hr359.json to gs://congress_data/bills/hr/BILLSTATUS-118hr359.json
[2024-04-11T04:16:26.614+0000] {logging_mixin.py:188} INFO - Uploaded /opt/***/dags/data/bills/hr/BILLSTATUS-118hr4367.json to gs://congress_data/bills/hr/BILLSTATUS-118hr4367.json
[2024-04-11T04:16:27.220+0000] {logging_mixin.py:188} INFO - Uploaded /opt/***/dags/data/bills/hr/BILLSTATUS-118hr4664.json to gs://congress_data/bills/hr/BILLSTATUS-118hr4664.json
[2024-04-11T04:16:27.826+0000] {logging_mixin.py:188} INFO - Uploaded /opt/***/dags/data/bills/hr/BILLSTATUS-118hr6679.json to gs://congress_data/bills/hr/BILLSTATUS-118hr6679.json
[2024-04-11T04:16:28.544+0000] {logging_mixin.py:188} INFO - Uploaded /opt/***/dags/data/bills/hr/BILLSTATUS-118hr5110.json to gs://congress_data/bills/hr/BILLSTATUS-118hr5110.json
[2024-04-11T04:16:29.187+0000] {logging_mixin.py:188} INFO - Uploaded /opt/***/dags/data/bills/hr/BILLSTATUS-118hr400.json to gs://congress_data/bills/hr/BILLSTATUS-118hr400.json
[2024-04-11T04:16:29.862+0000] {logging_mixin.py:188} INFO - Uploaded /opt/***/dags/data/bills/hr/BILLSTATUS-118hr139.json to gs://congress_data/bills/hr/BILLSTATUS-118hr139.json
[2024-04-11T04:16:30.464+0000] {logging_mixin.py:188} INFO - Uploaded /opt/***/dags/data/bills/hr/BILLSTATUS-118hr302.json to gs://congress_data/bills/hr/BILLSTATUS-118hr302.json
[2024-04-11T04:16:31.068+0000] {logging_mixin.py:188} INFO - Uploaded /opt/***/dags/data/bills/hr/BILLSTATUS-118hr1606.json to gs://congress_data/bills/hr/BILLSTATUS-118hr1606.json
[2024-04-11T04:16:31.661+0000] {logging_mixin.py:188} INFO - Uploaded /opt/***/dags/data/bills/hr/BILLSTATUS-118hr6655.json to gs://congress_data/bills/hr/BILLSTATUS-118hr6655.json
[2024-04-11T04:16:32.267+0000] {logging_mixin.py:188} INFO - Uploaded /opt/***/dags/data/bills/hr/BILLSTATUS-118hr1715.json to gs://congress_data/bills/hr/BILLSTATUS-118hr1715.json
[2024-04-11T04:16:32.854+0000] {logging_mixin.py:188} INFO - Uploaded /opt/***/dags/data/bills/hr/BILLSTATUS-118hr2494.json to gs://congress_data/bills/hr/BILLSTATUS-118hr2494.json
[2024-04-11T04:16:33.509+0000] {logging_mixin.py:188} INFO - Uploaded /opt/***/dags/data/bills/hr/BILLSTATUS-118hr2882.json to gs://congress_data/bills/hr/BILLSTATUS-118hr2882.json
[2024-04-11T04:16:34.110+0000] {logging_mixin.py:188} INFO - Uploaded /opt/***/dags/data/bills/hr/BILLSTATUS-118hr1607.json to gs://congress_data/bills/hr/BILLSTATUS-118hr1607.json
[2024-04-11T04:16:34.730+0000] {logging_mixin.py:188} INFO - Uploaded /opt/***/dags/data/bills/hr/BILLSTATUS-118hr753.json to gs://congress_data/bills/hr/BILLSTATUS-118hr753.json
[2024-04-11T04:16:35.380+0000] {logging_mixin.py:188} INFO - Uploaded /opt/***/dags/data/bills/hr/BILLSTATUS-118hr7511.json to gs://congress_data/bills/hr/BILLSTATUS-118hr7511.json
[2024-04-11T04:16:36.071+0000] {logging_mixin.py:188} INFO - Uploaded /opt/***/dags/data/bills/hr/BILLSTATUS-118hr7454.json to gs://congress_data/bills/hr/BILLSTATUS-118hr7454.json
[2024-04-11T04:16:36.677+0000] {logging_mixin.py:188} INFO - Uploaded /opt/***/dags/data/bills/hr/BILLSTATUS-118hr1353.json to gs://congress_data/bills/hr/BILLSTATUS-118hr1353.json
[2024-04-11T04:16:37.278+0000] {logging_mixin.py:188} INFO - Uploaded /opt/***/dags/data/bills/hr/BILLSTATUS-118hr4468.json to gs://congress_data/bills/hr/BILLSTATUS-118hr4468.json
[2024-04-11T04:16:37.923+0000] {logging_mixin.py:188} INFO - Uploaded /opt/***/dags/data/bills/hr/BILLSTATUS-118hr2379.json to gs://congress_data/bills/hr/BILLSTATUS-118hr2379.json
[2024-04-11T04:16:38.527+0000] {logging_mixin.py:188} INFO - Uploaded /opt/***/dags/data/bills/hr/BILLSTATUS-118hr1105.json to gs://congress_data/bills/hr/BILLSTATUS-118hr1105.json
[2024-04-11T04:16:39.242+0000] {logging_mixin.py:188} INFO - Uploaded /opt/***/dags/data/bills/hr/BILLSTATUS-118hr6678.json to gs://congress_data/bills/hr/BILLSTATUS-118hr6678.json
[2024-04-11T04:16:39.911+0000] {logging_mixin.py:188} INFO - Uploaded /opt/***/dags/data/bills/hr/BILLSTATUS-118hr4665.json to gs://congress_data/bills/hr/BILLSTATUS-118hr4665.json
[2024-04-11T04:16:40.516+0000] {logging_mixin.py:188} INFO - Uploaded /opt/***/dags/data/bills/hr/BILLSTATUS-118hr533.json to gs://congress_data/bills/hr/BILLSTATUS-118hr533.json
[2024-04-11T04:16:41.126+0000] {logging_mixin.py:188} INFO - Uploaded /opt/***/dags/data/bills/hr/BILLSTATUS-118hr4366.json to gs://congress_data/bills/hr/BILLSTATUS-118hr4366.json
[2024-04-11T04:16:41.724+0000] {logging_mixin.py:188} INFO - Uploaded /opt/***/dags/data/bills/hr/BILLSTATUS-118hr5961.json to gs://congress_data/bills/hr/BILLSTATUS-118hr5961.json
[2024-04-11T04:16:42.317+0000] {logging_mixin.py:188} INFO - Uploaded /opt/***/dags/data/bills/hr/BILLSTATUS-118hr1076.json to gs://congress_data/bills/hr/BILLSTATUS-118hr1076.json
[2024-04-11T04:16:42.921+0000] {logging_mixin.py:188} INFO - Uploaded /opt/***/dags/data/bills/hr/BILLSTATUS-118hr6009.json to gs://congress_data/bills/hr/BILLSTATUS-118hr6009.json
[2024-04-11T04:16:43.525+0000] {logging_mixin.py:188} INFO - Uploaded /opt/***/dags/data/bills/hr/BILLSTATUS-118hr7024.json to gs://congress_data/bills/hr/BILLSTATUS-118hr7024.json
[2024-04-11T04:16:44.133+0000] {logging_mixin.py:188} INFO - Uploaded /opt/***/dags/data/bills/hr/BILLSTATUS-118hr3821.json to gs://congress_data/bills/hr/BILLSTATUS-118hr3821.json
[2024-04-11T04:16:44.743+0000] {logging_mixin.py:188} INFO - Uploaded /opt/***/dags/data/bills/hr/BILLSTATUS-118hr3564.json to gs://congress_data/bills/hr/BILLSTATUS-118hr3564.json
[2024-04-11T04:16:45.357+0000] {logging_mixin.py:188} INFO - Uploaded /opt/***/dags/data/bills/hr/BILLSTATUS-118hr159.json to gs://congress_data/bills/hr/BILLSTATUS-118hr159.json
[2024-04-11T04:16:46.019+0000] {logging_mixin.py:188} INFO - Uploaded /opt/***/dags/data/bills/hr/BILLSTATUS-118hr4723.json to gs://congress_data/bills/hr/BILLSTATUS-118hr4723.json
[2024-04-11T04:16:46.694+0000] {logging_mixin.py:188} INFO - Uploaded /opt/***/dags/data/bills/hr/BILLSTATUS-118hr4365.json to gs://congress_data/bills/hr/BILLSTATUS-118hr4365.json
[2024-04-11T04:16:47.298+0000] {logging_mixin.py:188} INFO - Uploaded /opt/***/dags/data/bills/hr/BILLSTATUS-118hr3224.json to gs://congress_data/bills/hr/BILLSTATUS-118hr3224.json
[2024-04-11T04:16:47.886+0000] {logging_mixin.py:188} INFO - Uploaded /opt/***/dags/data/bills/hr/BILLSTATUS-118hr662.json to gs://congress_data/bills/hr/BILLSTATUS-118hr662.json
[2024-04-11T04:16:48.503+0000] {logging_mixin.py:188} INFO - Uploaded /opt/***/dags/data/bills/hr/BILLSTATUS-118hr3843.json to gs://congress_data/bills/hr/BILLSTATUS-118hr3843.json
[2024-04-11T04:16:49.137+0000] {logging_mixin.py:188} INFO - Uploaded /opt/***/dags/data/bills/hr/BILLSTATUS-118hr300.json to gs://congress_data/bills/hr/BILLSTATUS-118hr300.json
[2024-04-11T04:16:49.738+0000] {logging_mixin.py:188} INFO - Uploaded /opt/***/dags/data/bills/hr/BILLSTATUS-118hr357.json to gs://congress_data/bills/hr/BILLSTATUS-118hr357.json
[2024-04-11T04:16:50.425+0000] {logging_mixin.py:188} INFO - Uploaded /opt/***/dags/data/bills/hr/BILLSTATUS-118hr1096.json to gs://congress_data/bills/hr/BILLSTATUS-118hr1096.json
[2024-04-11T04:16:51.035+0000] {logging_mixin.py:188} INFO - Uploaded /opt/***/dags/data/bills/hr/BILLSTATUS-118hr4502.json to gs://congress_data/bills/hr/BILLSTATUS-118hr4502.json
[2024-04-11T04:16:51.762+0000] {logging_mixin.py:188} INFO - Uploaded /opt/***/dags/data/bills/hr/BILLSTATUS-118hr1147.json to gs://congress_data/bills/hr/BILLSTATUS-118hr1147.json
[2024-04-11T04:16:52.412+0000] {logging_mixin.py:188} INFO - Uploaded /opt/***/dags/data/bills/hr/BILLSTATUS-118hr5692.json to gs://congress_data/bills/hr/BILLSTATUS-118hr5692.json
[2024-04-11T04:16:53.010+0000] {logging_mixin.py:188} INFO - Uploaded /opt/***/dags/data/bills/hr/BILLSTATUS-118hr6544.json to gs://congress_data/bills/hr/BILLSTATUS-118hr6544.json
[2024-04-11T04:16:53.632+0000] {logging_mixin.py:188} INFO - Uploaded /opt/***/dags/data/bills/hr/BILLSTATUS-118hr3746.json to gs://congress_data/bills/hr/BILLSTATUS-118hr3746.json
[2024-04-11T04:16:54.233+0000] {logging_mixin.py:188} INFO - Uploaded /opt/***/dags/data/bills/hr/BILLSTATUS-118hr140.json to gs://congress_data/bills/hr/BILLSTATUS-118hr140.json
[2024-04-11T04:16:54.837+0000] {logging_mixin.py:188} INFO - Uploaded /opt/***/dags/data/bills/hr/BILLSTATUS-118hr1669.json to gs://congress_data/bills/hr/BILLSTATUS-118hr1669.json
[2024-04-11T04:16:55.438+0000] {logging_mixin.py:188} INFO - Uploaded /opt/***/dags/data/bills/hr/BILLSTATUS-118hr3091.json to gs://congress_data/bills/hr/BILLSTATUS-118hr3091.json
[2024-04-11T04:16:56.145+0000] {logging_mixin.py:188} INFO - Uploaded /opt/***/dags/data/bills/hr/BILLSTATUS-118hr382.json to gs://congress_data/bills/hr/BILLSTATUS-118hr382.json
[2024-04-11T04:16:56.749+0000] {logging_mixin.py:188} INFO - Uploaded /opt/***/dags/data/bills/hr/BILLSTATUS-118hr3838.json to gs://congress_data/bills/hr/BILLSTATUS-118hr3838.json
[2024-04-11T04:16:57.354+0000] {logging_mixin.py:188} INFO - Uploaded /opt/***/dags/data/bills/hr/BILLSTATUS-118hr5283.json to gs://congress_data/bills/hr/BILLSTATUS-118hr5283.json
[2024-04-11T04:16:57.981+0000] {logging_mixin.py:188} INFO - Uploaded /opt/***/dags/data/bills/hr/BILLSTATUS-118hr1151.json to gs://congress_data/bills/hr/BILLSTATUS-118hr1151.json
[2024-04-11T04:16:58.574+0000] {logging_mixin.py:188} INFO - Uploaded /opt/***/dags/data/bills/hr/BILLSTATUS-118hr2792.json to gs://congress_data/bills/hr/BILLSTATUS-118hr2792.json
[2024-04-11T04:16:59.220+0000] {logging_mixin.py:188} INFO - Uploaded /opt/***/dags/data/bills/hr/BILLSTATUS-118hr443.json to gs://congress_data/bills/hr/BILLSTATUS-118hr443.json
[2024-04-11T04:16:59.823+0000] {logging_mixin.py:188} INFO - Uploaded /opt/***/dags/data/bills/hr/BILLSTATUS-118hr2793.json to gs://congress_data/bills/hr/BILLSTATUS-118hr2793.json
[2024-04-11T04:17:00.542+0000] {logging_mixin.py:188} INFO - Uploaded /opt/***/dags/data/bills/hr/BILLSTATUS-118hr1107.json to gs://congress_data/bills/hr/BILLSTATUS-118hr1107.json
[2024-04-11T04:17:01.260+0000] {logging_mixin.py:188} INFO - Uploaded /opt/***/dags/data/bills/hr/BILLSTATUS-118hr26.json to gs://congress_data/bills/hr/BILLSTATUS-118hr26.json
[2024-04-11T04:17:01.867+0000] {logging_mixin.py:188} INFO - Uploaded /opt/***/dags/data/bills/hr/BILLSTATUS-118hr815.json to gs://congress_data/bills/hr/BILLSTATUS-118hr815.json
[2024-04-11T04:17:02.451+0000] {logging_mixin.py:188} INFO - Uploaded /opt/***/dags/data/bills/hr/BILLSTATUS-118hr839.json to gs://congress_data/bills/hr/BILLSTATUS-118hr839.json
[2024-04-11T04:17:03.105+0000] {logging_mixin.py:188} INFO - Uploaded /opt/***/dags/data/bills/hr/BILLSTATUS-118hr497.json to gs://congress_data/bills/hr/BILLSTATUS-118hr497.json
[2024-04-11T04:17:03.816+0000] {logging_mixin.py:188} INFO - Uploaded /opt/***/dags/data/bills/hr/BILLSTATUS-118hr4368.json to gs://congress_data/bills/hr/BILLSTATUS-118hr4368.json
[2024-04-11T04:17:04.434+0000] {logging_mixin.py:188} INFO - Uploaded /opt/***/dags/data/bills/hr/BILLSTATUS-118hr7102.json to gs://congress_data/bills/hr/BILLSTATUS-118hr7102.json
[2024-04-11T04:17:05.150+0000] {logging_mixin.py:188} INFO - Uploaded /opt/***/dags/data/bills/hr/BILLSTATUS-118hr593.json to gs://congress_data/bills/hr/BILLSTATUS-118hr593.json
[2024-04-11T04:17:05.756+0000] {logging_mixin.py:188} INFO - Uploaded /opt/***/dags/data/bills/hr/BILLSTATUS-118hr340.json to gs://congress_data/bills/hr/BILLSTATUS-118hr340.json
[2024-04-11T04:17:06.377+0000] {logging_mixin.py:188} INFO - Uploaded /opt/***/dags/data/bills/hr/BILLSTATUS-118hr788.json to gs://congress_data/bills/hr/BILLSTATUS-118hr788.json
[2024-04-11T04:17:07.138+0000] {logging_mixin.py:188} INFO - Uploaded /opt/***/dags/data/bills/hr/BILLSTATUS-118hr6363.json to gs://congress_data/bills/hr/BILLSTATUS-118hr6363.json
[2024-04-11T04:17:07.811+0000] {logging_mixin.py:188} INFO - Uploaded /opt/***/dags/data/bills/hr/BILLSTATUS-118hr1.json to gs://congress_data/bills/hr/BILLSTATUS-118hr1.json
[2024-04-11T04:17:08.419+0000] {logging_mixin.py:188} INFO - Uploaded /opt/***/dags/data/bills/hr/BILLSTATUS-118hr4470.json to gs://congress_data/bills/hr/BILLSTATUS-118hr4470.json
[2024-04-11T04:17:09.164+0000] {logging_mixin.py:188} INFO - Uploaded /opt/***/dags/data/bills/hr/BILLSTATUS-118hr663.json to gs://congress_data/bills/hr/BILLSTATUS-118hr663.json
[2024-04-11T04:17:09.862+0000] {logging_mixin.py:188} INFO - Uploaded /opt/***/dags/data/bills/hr/BILLSTATUS-118hr2766.json to gs://congress_data/bills/hr/BILLSTATUS-118hr2766.json
[2024-04-11T04:17:10.595+0000] {logging_mixin.py:188} INFO - Uploaded /opt/***/dags/data/bills/hr/BILLSTATUS-118hr589.json to gs://congress_data/bills/hr/BILLSTATUS-118hr589.json
[2024-04-11T04:17:11.195+0000] {logging_mixin.py:188} INFO - Uploaded /opt/***/dags/data/bills/hr/BILLSTATUS-118hr1023.json to gs://congress_data/bills/hr/BILLSTATUS-118hr1023.json
[2024-04-11T04:17:11.907+0000] {logging_mixin.py:188} INFO - Uploaded /opt/***/dags/data/bills/hr/BILLSTATUS-118hr4364.json to gs://congress_data/bills/hr/BILLSTATUS-118hr4364.json
[2024-04-11T04:17:12.516+0000] {logging_mixin.py:188} INFO - Uploaded /opt/***/dags/data/bills/hr/BILLSTATUS-118hr347.json to gs://congress_data/bills/hr/BILLSTATUS-118hr347.json
[2024-04-11T04:17:13.230+0000] {logging_mixin.py:188} INFO - Uploaded /opt/***/dags/data/bills/hr/BILLSTATUS-118hr886.json to gs://congress_data/bills/hr/BILLSTATUS-118hr886.json
[2024-04-11T04:17:13.978+0000] {logging_mixin.py:188} INFO - Uploaded /opt/***/dags/data/bills/hr/BILLSTATUS-118hr185.json to gs://congress_data/bills/hr/BILLSTATUS-118hr185.json
[2024-04-11T04:17:14.609+0000] {logging_mixin.py:188} INFO - Uploaded /opt/***/dags/data/bills/hr/BILLSTATUS-118hr3941.json to gs://congress_data/bills/hr/BILLSTATUS-118hr3941.json
[2024-04-11T04:17:15.294+0000] {logging_mixin.py:188} INFO - Uploaded /opt/***/dags/data/bills/hr/BILLSTATUS-118hr5856.json to gs://congress_data/bills/hr/BILLSTATUS-118hr5856.json
[2024-04-11T04:17:15.918+0000] {logging_mixin.py:188} INFO - Uploaded /opt/***/dags/data/bills/hr/BILLSTATUS-118hr21.json to gs://congress_data/bills/hr/BILLSTATUS-118hr21.json
[2024-04-11T04:17:16.530+0000] {logging_mixin.py:188} INFO - Uploaded /opt/***/dags/data/bills/hr/BILLSTATUS-118hr3202.json to gs://congress_data/bills/hr/BILLSTATUS-118hr3202.json
[2024-04-11T04:17:17.231+0000] {logging_mixin.py:188} INFO - Uploaded /opt/***/dags/data/bills/hr/BILLSTATUS-118hr6503.json to gs://congress_data/bills/hr/BILLSTATUS-118hr6503.json
[2024-04-11T04:17:17.859+0000] {logging_mixin.py:188} INFO - Uploaded /opt/***/dags/data/bills/hr/BILLSTATUS-118hr5378.json to gs://congress_data/bills/hr/BILLSTATUS-118hr5378.json
[2024-04-11T04:17:18.565+0000] {logging_mixin.py:188} INFO - Uploaded /opt/***/dags/data/bills/hr/BILLSTATUS-118hr500.json to gs://congress_data/bills/hr/BILLSTATUS-118hr500.json
[2024-04-11T04:17:19.295+0000] {logging_mixin.py:188} INFO - Uploaded /opt/***/dags/data/bills/hr/BILLSTATUS-118hr1435.json to gs://congress_data/bills/hr/BILLSTATUS-118hr1435.json
[2024-04-11T04:17:19.962+0000] {logging_mixin.py:188} INFO - Uploaded /opt/***/dags/data/bills/hr/BILLSTATUS-118hr5860.json to gs://congress_data/bills/hr/BILLSTATUS-118hr5860.json
[2024-04-11T04:17:20.613+0000] {logging_mixin.py:188} INFO - Uploaded /opt/***/dags/data/bills/hr/BILLSTATUS-118hr3799.json to gs://congress_data/bills/hr/BILLSTATUS-118hr3799.json
[2024-04-11T04:17:21.350+0000] {logging_mixin.py:188} INFO - Uploaded /opt/***/dags/data/bills/hr/BILLSTATUS-118hr2872.json to gs://congress_data/bills/hr/BILLSTATUS-118hr2872.json
[2024-04-11T04:17:22.014+0000] {logging_mixin.py:188} INFO - Uploaded /opt/***/dags/data/bills/hr/BILLSTATUS-118hr3672.json to gs://congress_data/bills/hr/BILLSTATUS-118hr3672.json
[2024-04-11T04:17:22.622+0000] {logging_mixin.py:188} INFO - Uploaded /opt/***/dags/data/bills/hr/BILLSTATUS-118hr5933.json to gs://congress_data/bills/hr/BILLSTATUS-118hr5933.json
[2024-04-11T04:17:23.226+0000] {logging_mixin.py:188} INFO - Uploaded /opt/***/dags/data/bills/hr/BILLSTATUS-118hr5525.json to gs://congress_data/bills/hr/BILLSTATUS-118hr5525.json
[2024-04-11T04:17:23.845+0000] {logging_mixin.py:188} INFO - Uploaded /opt/***/dags/data/bills/hr/BILLSTATUS-118hr4820.json to gs://congress_data/bills/hr/BILLSTATUS-118hr4820.json
[2024-04-11T04:17:24.494+0000] {logging_mixin.py:188} INFO - Uploaded /opt/***/dags/data/bills/hr/BILLSTATUS-118hr6276.json to gs://congress_data/bills/hr/BILLSTATUS-118hr6276.json
[2024-04-11T04:17:25.100+0000] {logging_mixin.py:188} INFO - Uploaded /opt/***/dags/data/bills/hr/BILLSTATUS-118hr5119.json to gs://congress_data/bills/hr/BILLSTATUS-118hr5119.json
[2024-04-11T04:17:25.756+0000] {logging_mixin.py:188} INFO - Uploaded /opt/***/dags/data/bills/hr/BILLSTATUS-118hr2799.json to gs://congress_data/bills/hr/BILLSTATUS-118hr2799.json
[2024-04-11T04:17:26.375+0000] {logging_mixin.py:188} INFO - Uploaded /opt/***/dags/data/bills/hr/BILLSTATUS-118hr5375.json to gs://congress_data/bills/hr/BILLSTATUS-118hr5375.json
[2024-04-11T04:17:26.989+0000] {logging_mixin.py:188} INFO - Uploaded /opt/***/dags/data/bills/hr/BILLSTATUS-118hr6918.json to gs://congress_data/bills/hr/BILLSTATUS-118hr6918.json
[2024-04-11T04:17:27.702+0000] {logging_mixin.py:188} INFO - Uploaded /opt/***/dags/data/bills/hr/BILLSTATUS-118hr1727.json to gs://congress_data/bills/hr/BILLSTATUS-118hr1727.json
[2024-04-11T04:17:28.311+0000] {logging_mixin.py:188} INFO - Uploaded /opt/***/dags/data/bills/hr/BILLSTATUS-118hr4821.json to gs://congress_data/bills/hr/BILLSTATUS-118hr4821.json
[2024-04-11T04:17:28.962+0000] {logging_mixin.py:188} INFO - Uploaded /opt/***/dags/data/bills/hr/BILLSTATUS-118hr1567.json to gs://congress_data/bills/hr/BILLSTATUS-118hr1567.json
[2024-04-11T04:17:29.551+0000] {logging_mixin.py:188} INFO - Uploaded /opt/***/dags/data/bills/hr/BILLSTATUS-118hr5524.json to gs://congress_data/bills/hr/BILLSTATUS-118hr5524.json
[2024-04-11T04:17:30.139+0000] {logging_mixin.py:188} INFO - Uploaded /opt/***/dags/data/bills/hr/BILLSTATUS-118hr1530.json to gs://congress_data/bills/hr/BILLSTATUS-118hr1530.json
[2024-04-11T04:17:30.751+0000] {logging_mixin.py:188} INFO - Uploaded /opt/***/dags/data/bills/hr/BILLSTATUS-118hr3848.json to gs://congress_data/bills/hr/BILLSTATUS-118hr3848.json
[2024-04-11T04:17:31.458+0000] {logging_mixin.py:188} INFO - Uploaded /opt/***/dags/data/bills/hr/BILLSTATUS-118hr1121.json to gs://congress_data/bills/hr/BILLSTATUS-118hr1121.json
[2024-04-11T04:17:32.051+0000] {logging_mixin.py:188} INFO - Uploaded /opt/***/dags/data/bills/hr/BILLSTATUS-118hr1156.json to gs://congress_data/bills/hr/BILLSTATUS-118hr1156.json
[2024-04-11T04:17:32.643+0000] {logging_mixin.py:188} INFO - Uploaded /opt/***/dags/data/bills/hr/BILLSTATUS-118hr2795.json to gs://congress_data/bills/hr/BILLSTATUS-118hr2795.json
[2024-04-11T04:17:33.248+0000] {logging_mixin.py:188} INFO - Uploaded /opt/***/dags/data/bills/hr/BILLSTATUS-118hr2812.json to gs://congress_data/bills/hr/BILLSTATUS-118hr2812.json
[2024-04-11T04:17:33.851+0000] {logging_mixin.py:188} INFO - Uploaded /opt/***/dags/data/bills/hr/BILLSTATUS-118hr6914.json to gs://congress_data/bills/hr/BILLSTATUS-118hr6914.json
[2024-04-11T04:17:34.448+0000] {logging_mixin.py:188} INFO - Uploaded /opt/***/dags/data/bills/hr/BILLSTATUS-118hr813.json to gs://congress_data/bills/hr/BILLSTATUS-118hr813.json
[2024-04-11T04:17:35.146+0000] {logging_mixin.py:188} INFO - Uploaded /opt/***/dags/data/bills/hr/BILLSTATUS-118hr1547.json to gs://congress_data/bills/hr/BILLSTATUS-118hr1547.json
[2024-04-11T04:17:35.737+0000] {logging_mixin.py:188} INFO - Uploaded /opt/***/dags/data/bills/hr/BILLSTATUS-118hr7217.json to gs://congress_data/bills/hr/BILLSTATUS-118hr7217.json
[2024-04-11T04:17:36.394+0000] {logging_mixin.py:188} INFO - Uploaded /opt/***/dags/data/bills/hr/BILLSTATUS-118hr5894.json to gs://congress_data/bills/hr/BILLSTATUS-118hr5894.json
[2024-04-11T04:17:37.026+0000] {logging_mixin.py:188} INFO - Uploaded /opt/***/dags/data/bills/hr/BILLSTATUS-118hr5528.json to gs://congress_data/bills/hr/BILLSTATUS-118hr5528.json
[2024-04-11T04:17:37.623+0000] {logging_mixin.py:188} INFO - Uploaded /opt/***/dags/data/bills/hr/BILLSTATUS-118hr1615.json to gs://congress_data/bills/hr/BILLSTATUS-118hr1615.json
[2024-04-11T04:17:38.229+0000] {logging_mixin.py:188} INFO - Uploaded /opt/***/dags/data/bills/hr/BILLSTATUS-118hr346.json to gs://congress_data/bills/hr/BILLSTATUS-118hr346.json
[2024-04-11T04:17:38.850+0000] {logging_mixin.py:188} INFO - Uploaded /opt/***/dags/data/bills/sjres/BILLSTATUS-118sjres24.json to gs://congress_data/bills/sjres/BILLSTATUS-118sjres24.json
[2024-04-11T04:17:39.464+0000] {logging_mixin.py:188} INFO - Uploaded /opt/***/dags/data/bills/sjres/BILLSTATUS-118sjres32.json to gs://congress_data/bills/sjres/BILLSTATUS-118sjres32.json
[2024-04-11T04:17:40.070+0000] {logging_mixin.py:188} INFO - Uploaded /opt/***/dags/data/bills/sjres/BILLSTATUS-118sjres44.json to gs://congress_data/bills/sjres/BILLSTATUS-118sjres44.json
[2024-04-11T04:17:40.724+0000] {logging_mixin.py:188} INFO - Uploaded /opt/***/dags/data/bills/sjres/BILLSTATUS-118sjres38.json to gs://congress_data/bills/sjres/BILLSTATUS-118sjres38.json
[2024-04-11T04:17:41.354+0000] {logging_mixin.py:188} INFO - Uploaded /opt/***/dags/data/bills/sjres/BILLSTATUS-118sjres43.json to gs://congress_data/bills/sjres/BILLSTATUS-118sjres43.json
[2024-04-11T04:17:41.957+0000] {logging_mixin.py:188} INFO - Uploaded /opt/***/dags/data/bills/sjres/BILLSTATUS-118sjres4.json to gs://congress_data/bills/sjres/BILLSTATUS-118sjres4.json
[2024-04-11T04:17:42.650+0000] {logging_mixin.py:188} INFO - Uploaded /opt/***/dags/data/bills/sjres/BILLSTATUS-118sjres18.json to gs://congress_data/bills/sjres/BILLSTATUS-118sjres18.json
[2024-04-11T04:17:43.232+0000] {logging_mixin.py:188} INFO - Uploaded /opt/***/dags/data/bills/sjres/BILLSTATUS-118sjres9.json to gs://congress_data/bills/sjres/BILLSTATUS-118sjres9.json
[2024-04-11T04:17:43.824+0000] {logging_mixin.py:188} INFO - Uploaded /opt/***/dags/data/bills/sjres/BILLSTATUS-118sjres62.json to gs://congress_data/bills/sjres/BILLSTATUS-118sjres62.json
[2024-04-11T04:17:44.428+0000] {logging_mixin.py:188} INFO - Uploaded /opt/***/dags/data/bills/sjres/BILLSTATUS-118sjres23.json to gs://congress_data/bills/sjres/BILLSTATUS-118sjres23.json
[2024-04-11T04:17:45.077+0000] {logging_mixin.py:188} INFO - Uploaded /opt/***/dags/data/bills/sjres/BILLSTATUS-118sjres42.json to gs://congress_data/bills/sjres/BILLSTATUS-118sjres42.json
[2024-04-11T04:17:45.676+0000] {logging_mixin.py:188} INFO - Uploaded /opt/***/dags/data/bills/sjres/BILLSTATUS-118sjres60.json to gs://congress_data/bills/sjres/BILLSTATUS-118sjres60.json
[2024-04-11T04:17:46.328+0000] {logging_mixin.py:188} INFO - Uploaded /opt/***/dags/data/bills/sjres/BILLSTATUS-118sjres51.json to gs://congress_data/bills/sjres/BILLSTATUS-118sjres51.json
[2024-04-11T04:17:46.986+0000] {logging_mixin.py:188} INFO - Uploaded /opt/***/dags/data/bills/sjres/BILLSTATUS-118sjres10.json to gs://congress_data/bills/sjres/BILLSTATUS-118sjres10.json
[2024-04-11T04:17:47.601+0000] {logging_mixin.py:188} INFO - Uploaded /opt/***/dags/data/bills/sjres/BILLSTATUS-118sjres11.json to gs://congress_data/bills/sjres/BILLSTATUS-118sjres11.json
[2024-04-11T04:17:47.602+0000] {python.py:202} INFO - Done. Returned value was: None
[2024-04-11T04:17:47.640+0000] {taskinstance.py:1149} INFO - Marking task as SUCCESS. dag_id=upload_congress_data, task_id=upload_bills_to_gcs, execution_date=20240411T041326, start_date=20240411T041523, end_date=20240411T041747
[2024-04-11T04:17:47.700+0000] {local_task_job_runner.py:234} INFO - Task exited with return code 0
[2024-04-11T04:17:47.736+0000] {taskinstance.py:3312} INFO - 1 downstream tasks scheduled from follow-on schedule check
