[2024-04-09T02:22:30.005+0000] {processor.py:161} INFO - Started process (PID=33) to work on /opt/airflow/dags/data/s/BILLSTATUS-118-s.zip
[2024-04-09T02:22:30.006+0000] {processor.py:830} INFO - Processing file /opt/airflow/dags/data/s/BILLSTATUS-118-s.zip for tasks to queue
[2024-04-09T02:22:30.008+0000] {logging_mixin.py:188} INFO - [2024-04-09T02:22:30.008+0000] {dagbag.py:540} INFO - Filling up the DagBag from /opt/airflow/dags/data/s/BILLSTATUS-118-s.zip
[2024-04-09T02:22:30.026+0000] {processor.py:842} WARNING - No viable dags retrieved from /opt/airflow/dags/data/s/BILLSTATUS-118-s.zip
[2024-04-09T02:22:30.040+0000] {processor.py:183} INFO - Processing /opt/airflow/dags/data/s/BILLSTATUS-118-s.zip took 0.037 seconds
[2024-04-09T02:23:00.538+0000] {processor.py:161} INFO - Started process (PID=43) to work on /opt/airflow/dags/data/s/BILLSTATUS-118-s.zip
[2024-04-09T02:23:00.538+0000] {processor.py:830} INFO - Processing file /opt/airflow/dags/data/s/BILLSTATUS-118-s.zip for tasks to queue
[2024-04-09T02:23:00.540+0000] {logging_mixin.py:188} INFO - [2024-04-09T02:23:00.540+0000] {dagbag.py:540} INFO - Filling up the DagBag from /opt/airflow/dags/data/s/BILLSTATUS-118-s.zip
[2024-04-09T02:23:00.558+0000] {processor.py:842} WARNING - No viable dags retrieved from /opt/airflow/dags/data/s/BILLSTATUS-118-s.zip
[2024-04-09T02:23:00.567+0000] {processor.py:183} INFO - Processing /opt/airflow/dags/data/s/BILLSTATUS-118-s.zip took 0.032 seconds
[2024-04-09T02:23:31.124+0000] {processor.py:161} INFO - Started process (PID=53) to work on /opt/airflow/dags/data/s/BILLSTATUS-118-s.zip
[2024-04-09T02:23:31.125+0000] {processor.py:830} INFO - Processing file /opt/airflow/dags/data/s/BILLSTATUS-118-s.zip for tasks to queue
[2024-04-09T02:23:31.126+0000] {logging_mixin.py:188} INFO - [2024-04-09T02:23:31.126+0000] {dagbag.py:540} INFO - Filling up the DagBag from /opt/airflow/dags/data/s/BILLSTATUS-118-s.zip
[2024-04-09T02:23:31.145+0000] {processor.py:842} WARNING - No viable dags retrieved from /opt/airflow/dags/data/s/BILLSTATUS-118-s.zip
[2024-04-09T02:23:31.154+0000] {processor.py:183} INFO - Processing /opt/airflow/dags/data/s/BILLSTATUS-118-s.zip took 0.032 seconds
[2024-04-09T02:24:01.759+0000] {processor.py:161} INFO - Started process (PID=63) to work on /opt/airflow/dags/data/s/BILLSTATUS-118-s.zip
[2024-04-09T02:24:01.760+0000] {processor.py:830} INFO - Processing file /opt/airflow/dags/data/s/BILLSTATUS-118-s.zip for tasks to queue
[2024-04-09T02:24:01.761+0000] {logging_mixin.py:188} INFO - [2024-04-09T02:24:01.761+0000] {dagbag.py:540} INFO - Filling up the DagBag from /opt/airflow/dags/data/s/BILLSTATUS-118-s.zip
[2024-04-09T02:24:01.776+0000] {processor.py:842} WARNING - No viable dags retrieved from /opt/airflow/dags/data/s/BILLSTATUS-118-s.zip
[2024-04-09T02:24:01.785+0000] {processor.py:183} INFO - Processing /opt/airflow/dags/data/s/BILLSTATUS-118-s.zip took 0.028 seconds
[2024-04-09T02:24:32.433+0000] {processor.py:161} INFO - Started process (PID=73) to work on /opt/airflow/dags/data/s/BILLSTATUS-118-s.zip
[2024-04-09T02:24:32.434+0000] {processor.py:830} INFO - Processing file /opt/airflow/dags/data/s/BILLSTATUS-118-s.zip for tasks to queue
[2024-04-09T02:24:32.435+0000] {logging_mixin.py:188} INFO - [2024-04-09T02:24:32.435+0000] {dagbag.py:540} INFO - Filling up the DagBag from /opt/airflow/dags/data/s/BILLSTATUS-118-s.zip
[2024-04-09T02:24:32.451+0000] {processor.py:842} WARNING - No viable dags retrieved from /opt/airflow/dags/data/s/BILLSTATUS-118-s.zip
[2024-04-09T02:24:32.459+0000] {processor.py:183} INFO - Processing /opt/airflow/dags/data/s/BILLSTATUS-118-s.zip took 0.028 seconds
[2024-04-09T02:25:03.099+0000] {processor.py:161} INFO - Started process (PID=83) to work on /opt/airflow/dags/data/s/BILLSTATUS-118-s.zip
[2024-04-09T02:25:03.099+0000] {processor.py:830} INFO - Processing file /opt/airflow/dags/data/s/BILLSTATUS-118-s.zip for tasks to queue
[2024-04-09T02:25:03.101+0000] {logging_mixin.py:188} INFO - [2024-04-09T02:25:03.100+0000] {dagbag.py:540} INFO - Filling up the DagBag from /opt/airflow/dags/data/s/BILLSTATUS-118-s.zip
[2024-04-09T02:25:03.116+0000] {processor.py:842} WARNING - No viable dags retrieved from /opt/airflow/dags/data/s/BILLSTATUS-118-s.zip
[2024-04-09T02:25:03.124+0000] {processor.py:183} INFO - Processing /opt/airflow/dags/data/s/BILLSTATUS-118-s.zip took 0.027 seconds
[2024-04-09T02:25:33.761+0000] {processor.py:161} INFO - Started process (PID=93) to work on /opt/airflow/dags/data/s/BILLSTATUS-118-s.zip
[2024-04-09T02:25:33.761+0000] {processor.py:830} INFO - Processing file /opt/airflow/dags/data/s/BILLSTATUS-118-s.zip for tasks to queue
[2024-04-09T02:25:33.763+0000] {logging_mixin.py:188} INFO - [2024-04-09T02:25:33.762+0000] {dagbag.py:540} INFO - Filling up the DagBag from /opt/airflow/dags/data/s/BILLSTATUS-118-s.zip
[2024-04-09T02:25:33.778+0000] {processor.py:842} WARNING - No viable dags retrieved from /opt/airflow/dags/data/s/BILLSTATUS-118-s.zip
[2024-04-09T02:25:33.786+0000] {processor.py:183} INFO - Processing /opt/airflow/dags/data/s/BILLSTATUS-118-s.zip took 0.028 seconds
[2024-04-09T02:26:04.435+0000] {processor.py:161} INFO - Started process (PID=103) to work on /opt/airflow/dags/data/s/BILLSTATUS-118-s.zip
[2024-04-09T02:26:04.436+0000] {processor.py:830} INFO - Processing file /opt/airflow/dags/data/s/BILLSTATUS-118-s.zip for tasks to queue
[2024-04-09T02:26:04.437+0000] {logging_mixin.py:188} INFO - [2024-04-09T02:26:04.437+0000] {dagbag.py:540} INFO - Filling up the DagBag from /opt/airflow/dags/data/s/BILLSTATUS-118-s.zip
[2024-04-09T02:26:04.453+0000] {processor.py:842} WARNING - No viable dags retrieved from /opt/airflow/dags/data/s/BILLSTATUS-118-s.zip
[2024-04-09T02:26:04.461+0000] {processor.py:183} INFO - Processing /opt/airflow/dags/data/s/BILLSTATUS-118-s.zip took 0.028 seconds
[2024-04-09T02:26:35.142+0000] {processor.py:161} INFO - Started process (PID=113) to work on /opt/airflow/dags/data/s/BILLSTATUS-118-s.zip
[2024-04-09T02:26:35.143+0000] {processor.py:830} INFO - Processing file /opt/airflow/dags/data/s/BILLSTATUS-118-s.zip for tasks to queue
[2024-04-09T02:26:35.144+0000] {logging_mixin.py:188} INFO - [2024-04-09T02:26:35.144+0000] {dagbag.py:540} INFO - Filling up the DagBag from /opt/airflow/dags/data/s/BILLSTATUS-118-s.zip
[2024-04-09T02:26:35.162+0000] {processor.py:842} WARNING - No viable dags retrieved from /opt/airflow/dags/data/s/BILLSTATUS-118-s.zip
[2024-04-09T02:26:35.172+0000] {processor.py:183} INFO - Processing /opt/airflow/dags/data/s/BILLSTATUS-118-s.zip took 0.032 seconds
[2024-04-09T02:27:05.716+0000] {processor.py:161} INFO - Started process (PID=123) to work on /opt/airflow/dags/data/s/BILLSTATUS-118-s.zip
[2024-04-09T02:27:05.716+0000] {processor.py:830} INFO - Processing file /opt/airflow/dags/data/s/BILLSTATUS-118-s.zip for tasks to queue
[2024-04-09T02:27:05.718+0000] {logging_mixin.py:188} INFO - [2024-04-09T02:27:05.717+0000] {dagbag.py:540} INFO - Filling up the DagBag from /opt/airflow/dags/data/s/BILLSTATUS-118-s.zip
[2024-04-09T02:27:05.733+0000] {processor.py:842} WARNING - No viable dags retrieved from /opt/airflow/dags/data/s/BILLSTATUS-118-s.zip
[2024-04-09T02:27:05.741+0000] {processor.py:183} INFO - Processing /opt/airflow/dags/data/s/BILLSTATUS-118-s.zip took 0.028 seconds
[2024-04-09T02:27:36.285+0000] {processor.py:161} INFO - Started process (PID=133) to work on /opt/airflow/dags/data/s/BILLSTATUS-118-s.zip
[2024-04-09T02:27:36.286+0000] {processor.py:830} INFO - Processing file /opt/airflow/dags/data/s/BILLSTATUS-118-s.zip for tasks to queue
[2024-04-09T02:27:36.287+0000] {logging_mixin.py:188} INFO - [2024-04-09T02:27:36.287+0000] {dagbag.py:540} INFO - Filling up the DagBag from /opt/airflow/dags/data/s/BILLSTATUS-118-s.zip
[2024-04-09T02:27:36.303+0000] {processor.py:842} WARNING - No viable dags retrieved from /opt/airflow/dags/data/s/BILLSTATUS-118-s.zip
[2024-04-09T02:27:36.311+0000] {processor.py:183} INFO - Processing /opt/airflow/dags/data/s/BILLSTATUS-118-s.zip took 0.028 seconds
[2024-04-09T02:28:06.972+0000] {processor.py:161} INFO - Started process (PID=143) to work on /opt/airflow/dags/data/s/BILLSTATUS-118-s.zip
[2024-04-09T02:28:06.972+0000] {processor.py:830} INFO - Processing file /opt/airflow/dags/data/s/BILLSTATUS-118-s.zip for tasks to queue
[2024-04-09T02:28:06.974+0000] {logging_mixin.py:188} INFO - [2024-04-09T02:28:06.974+0000] {dagbag.py:540} INFO - Filling up the DagBag from /opt/airflow/dags/data/s/BILLSTATUS-118-s.zip
[2024-04-09T02:28:06.989+0000] {processor.py:842} WARNING - No viable dags retrieved from /opt/airflow/dags/data/s/BILLSTATUS-118-s.zip
[2024-04-09T02:28:06.997+0000] {processor.py:183} INFO - Processing /opt/airflow/dags/data/s/BILLSTATUS-118-s.zip took 0.028 seconds
[2024-04-09T02:28:37.635+0000] {processor.py:161} INFO - Started process (PID=153) to work on /opt/airflow/dags/data/s/BILLSTATUS-118-s.zip
[2024-04-09T02:28:37.636+0000] {processor.py:830} INFO - Processing file /opt/airflow/dags/data/s/BILLSTATUS-118-s.zip for tasks to queue
[2024-04-09T02:28:37.637+0000] {logging_mixin.py:188} INFO - [2024-04-09T02:28:37.637+0000] {dagbag.py:540} INFO - Filling up the DagBag from /opt/airflow/dags/data/s/BILLSTATUS-118-s.zip
[2024-04-09T02:28:37.653+0000] {processor.py:842} WARNING - No viable dags retrieved from /opt/airflow/dags/data/s/BILLSTATUS-118-s.zip
[2024-04-09T02:28:37.661+0000] {processor.py:183} INFO - Processing /opt/airflow/dags/data/s/BILLSTATUS-118-s.zip took 0.028 seconds
[2024-04-09T02:29:08.303+0000] {processor.py:161} INFO - Started process (PID=163) to work on /opt/airflow/dags/data/s/BILLSTATUS-118-s.zip
[2024-04-09T02:29:08.304+0000] {processor.py:830} INFO - Processing file /opt/airflow/dags/data/s/BILLSTATUS-118-s.zip for tasks to queue
[2024-04-09T02:29:08.305+0000] {logging_mixin.py:188} INFO - [2024-04-09T02:29:08.305+0000] {dagbag.py:540} INFO - Filling up the DagBag from /opt/airflow/dags/data/s/BILLSTATUS-118-s.zip
[2024-04-09T02:29:08.325+0000] {processor.py:842} WARNING - No viable dags retrieved from /opt/airflow/dags/data/s/BILLSTATUS-118-s.zip
[2024-04-09T02:29:08.334+0000] {processor.py:183} INFO - Processing /opt/airflow/dags/data/s/BILLSTATUS-118-s.zip took 0.034 seconds
[2024-04-09T02:29:39.059+0000] {processor.py:161} INFO - Started process (PID=174) to work on /opt/airflow/dags/data/s/BILLSTATUS-118-s.zip
[2024-04-09T02:29:39.060+0000] {processor.py:830} INFO - Processing file /opt/airflow/dags/data/s/BILLSTATUS-118-s.zip for tasks to queue
[2024-04-09T02:29:39.062+0000] {logging_mixin.py:188} INFO - [2024-04-09T02:29:39.061+0000] {dagbag.py:540} INFO - Filling up the DagBag from /opt/airflow/dags/data/s/BILLSTATUS-118-s.zip
[2024-04-09T02:29:39.079+0000] {processor.py:842} WARNING - No viable dags retrieved from /opt/airflow/dags/data/s/BILLSTATUS-118-s.zip
[2024-04-09T02:29:39.089+0000] {processor.py:183} INFO - Processing /opt/airflow/dags/data/s/BILLSTATUS-118-s.zip took 0.032 seconds
[2024-04-09T02:30:09.744+0000] {processor.py:161} INFO - Started process (PID=184) to work on /opt/airflow/dags/data/s/BILLSTATUS-118-s.zip
[2024-04-09T02:30:09.745+0000] {processor.py:830} INFO - Processing file /opt/airflow/dags/data/s/BILLSTATUS-118-s.zip for tasks to queue
[2024-04-09T02:30:09.746+0000] {logging_mixin.py:188} INFO - [2024-04-09T02:30:09.746+0000] {dagbag.py:540} INFO - Filling up the DagBag from /opt/airflow/dags/data/s/BILLSTATUS-118-s.zip
[2024-04-09T02:30:09.767+0000] {processor.py:842} WARNING - No viable dags retrieved from /opt/airflow/dags/data/s/BILLSTATUS-118-s.zip
[2024-04-09T02:30:09.775+0000] {processor.py:183} INFO - Processing /opt/airflow/dags/data/s/BILLSTATUS-118-s.zip took 0.034 seconds
[2024-04-09T02:30:40.369+0000] {processor.py:161} INFO - Started process (PID=194) to work on /opt/airflow/dags/data/s/BILLSTATUS-118-s.zip
[2024-04-09T02:30:40.370+0000] {processor.py:830} INFO - Processing file /opt/airflow/dags/data/s/BILLSTATUS-118-s.zip for tasks to queue
[2024-04-09T02:30:40.371+0000] {logging_mixin.py:188} INFO - [2024-04-09T02:30:40.371+0000] {dagbag.py:540} INFO - Filling up the DagBag from /opt/airflow/dags/data/s/BILLSTATUS-118-s.zip
[2024-04-09T02:30:40.400+0000] {processor.py:842} WARNING - No viable dags retrieved from /opt/airflow/dags/data/s/BILLSTATUS-118-s.zip
[2024-04-09T02:30:40.412+0000] {processor.py:183} INFO - Processing /opt/airflow/dags/data/s/BILLSTATUS-118-s.zip took 0.046 seconds
[2024-04-09T02:31:11.066+0000] {processor.py:161} INFO - Started process (PID=204) to work on /opt/airflow/dags/data/s/BILLSTATUS-118-s.zip
[2024-04-09T02:31:11.066+0000] {processor.py:830} INFO - Processing file /opt/airflow/dags/data/s/BILLSTATUS-118-s.zip for tasks to queue
[2024-04-09T02:31:11.069+0000] {logging_mixin.py:188} INFO - [2024-04-09T02:31:11.069+0000] {dagbag.py:540} INFO - Filling up the DagBag from /opt/airflow/dags/data/s/BILLSTATUS-118-s.zip
[2024-04-09T02:31:11.093+0000] {processor.py:842} WARNING - No viable dags retrieved from /opt/airflow/dags/data/s/BILLSTATUS-118-s.zip
[2024-04-09T02:31:11.109+0000] {processor.py:183} INFO - Processing /opt/airflow/dags/data/s/BILLSTATUS-118-s.zip took 0.046 seconds
[2024-04-09T02:31:24.212+0000] {processor.py:161} INFO - Started process (PID=212) to work on /opt/airflow/dags/data/s/BILLSTATUS-118-s.zip
[2024-04-09T02:31:24.213+0000] {processor.py:830} INFO - Processing file /opt/airflow/dags/data/s/BILLSTATUS-118-s.zip for tasks to queue
[2024-04-09T02:31:24.216+0000] {logging_mixin.py:188} INFO - [2024-04-09T02:31:24.215+0000] {dagbag.py:540} INFO - Filling up the DagBag from /opt/airflow/dags/data/s/BILLSTATUS-118-s.zip
[2024-04-09T02:31:24.219+0000] {logging_mixin.py:188} INFO - [2024-04-09T02:31:24.219+0000] {dagbag.py:329} INFO - File /opt/airflow/dags/data/s/BILLSTATUS-118-s.zip assumed to contain no DAGs. Skipping.
[2024-04-09T02:31:24.221+0000] {processor.py:842} WARNING - No viable dags retrieved from /opt/airflow/dags/data/s/BILLSTATUS-118-s.zip
[2024-04-09T02:31:24.231+0000] {processor.py:183} INFO - Processing /opt/airflow/dags/data/s/BILLSTATUS-118-s.zip took 0.021 seconds
[2024-04-09T02:31:25.241+0000] {processor.py:161} INFO - Started process (PID=213) to work on /opt/airflow/dags/data/s/BILLSTATUS-118-s.zip
[2024-04-09T02:31:25.242+0000] {processor.py:830} INFO - Processing file /opt/airflow/dags/data/s/BILLSTATUS-118-s.zip for tasks to queue
[2024-04-09T02:31:25.245+0000] {logging_mixin.py:188} INFO - [2024-04-09T02:31:25.245+0000] {dagbag.py:540} INFO - Filling up the DagBag from /opt/airflow/dags/data/s/BILLSTATUS-118-s.zip
[2024-04-09T02:31:25.252+0000] {logging_mixin.py:188} INFO - [2024-04-09T02:31:25.252+0000] {dagbag.py:329} INFO - File /opt/airflow/dags/data/s/BILLSTATUS-118-s.zip assumed to contain no DAGs. Skipping.
[2024-04-09T02:31:25.252+0000] {processor.py:842} WARNING - No viable dags retrieved from /opt/airflow/dags/data/s/BILLSTATUS-118-s.zip
[2024-04-09T02:31:25.266+0000] {processor.py:183} INFO - Processing /opt/airflow/dags/data/s/BILLSTATUS-118-s.zip took 0.031 seconds
[2024-04-09T02:31:25.293+0000] {processor.py:161} INFO - Started process (PID=214) to work on /opt/airflow/dags/data/s/BILLSTATUS-118-s.zip
[2024-04-09T02:31:25.294+0000] {processor.py:830} INFO - Processing file /opt/airflow/dags/data/s/BILLSTATUS-118-s.zip for tasks to queue
[2024-04-09T02:31:25.295+0000] {logging_mixin.py:188} INFO - [2024-04-09T02:31:25.295+0000] {dagbag.py:540} INFO - Filling up the DagBag from /opt/airflow/dags/data/s/BILLSTATUS-118-s.zip
[2024-04-09T02:31:25.300+0000] {logging_mixin.py:188} INFO - [2024-04-09T02:31:25.300+0000] {dagbag.py:329} INFO - File /opt/airflow/dags/data/s/BILLSTATUS-118-s.zip assumed to contain no DAGs. Skipping.
[2024-04-09T02:31:25.300+0000] {processor.py:842} WARNING - No viable dags retrieved from /opt/airflow/dags/data/s/BILLSTATUS-118-s.zip
[2024-04-09T02:31:25.311+0000] {processor.py:183} INFO - Processing /opt/airflow/dags/data/s/BILLSTATUS-118-s.zip took 0.021 seconds
[2024-04-09T02:31:26.319+0000] {processor.py:161} INFO - Started process (PID=215) to work on /opt/airflow/dags/data/s/BILLSTATUS-118-s.zip
[2024-04-09T02:31:26.319+0000] {processor.py:830} INFO - Processing file /opt/airflow/dags/data/s/BILLSTATUS-118-s.zip for tasks to queue
[2024-04-09T02:31:26.321+0000] {logging_mixin.py:188} INFO - [2024-04-09T02:31:26.321+0000] {dagbag.py:540} INFO - Filling up the DagBag from /opt/airflow/dags/data/s/BILLSTATUS-118-s.zip
[2024-04-09T02:31:26.329+0000] {logging_mixin.py:188} INFO - [2024-04-09T02:31:26.329+0000] {dagbag.py:329} INFO - File /opt/airflow/dags/data/s/BILLSTATUS-118-s.zip assumed to contain no DAGs. Skipping.
[2024-04-09T02:31:26.329+0000] {processor.py:842} WARNING - No viable dags retrieved from /opt/airflow/dags/data/s/BILLSTATUS-118-s.zip
[2024-04-09T02:31:26.339+0000] {processor.py:183} INFO - Processing /opt/airflow/dags/data/s/BILLSTATUS-118-s.zip took 0.023 seconds
[2024-04-09T02:31:27.358+0000] {processor.py:161} INFO - Started process (PID=216) to work on /opt/airflow/dags/data/s/BILLSTATUS-118-s.zip
[2024-04-09T02:31:27.359+0000] {processor.py:830} INFO - Processing file /opt/airflow/dags/data/s/BILLSTATUS-118-s.zip for tasks to queue
[2024-04-09T02:31:27.361+0000] {logging_mixin.py:188} INFO - [2024-04-09T02:31:27.361+0000] {dagbag.py:540} INFO - Filling up the DagBag from /opt/airflow/dags/data/s/BILLSTATUS-118-s.zip
[2024-04-09T02:31:27.373+0000] {logging_mixin.py:188} INFO - [2024-04-09T02:31:27.373+0000] {dagbag.py:329} INFO - File /opt/airflow/dags/data/s/BILLSTATUS-118-s.zip assumed to contain no DAGs. Skipping.
[2024-04-09T02:31:27.374+0000] {processor.py:842} WARNING - No viable dags retrieved from /opt/airflow/dags/data/s/BILLSTATUS-118-s.zip
[2024-04-09T02:31:27.387+0000] {processor.py:183} INFO - Processing /opt/airflow/dags/data/s/BILLSTATUS-118-s.zip took 0.032 seconds
[2024-04-09T02:31:28.388+0000] {processor.py:161} INFO - Started process (PID=217) to work on /opt/airflow/dags/data/s/BILLSTATUS-118-s.zip
[2024-04-09T02:31:28.389+0000] {processor.py:830} INFO - Processing file /opt/airflow/dags/data/s/BILLSTATUS-118-s.zip for tasks to queue
[2024-04-09T02:31:28.391+0000] {logging_mixin.py:188} INFO - [2024-04-09T02:31:28.391+0000] {dagbag.py:540} INFO - Filling up the DagBag from /opt/airflow/dags/data/s/BILLSTATUS-118-s.zip
[2024-04-09T02:31:28.411+0000] {logging_mixin.py:188} INFO - [2024-04-09T02:31:28.411+0000] {dagbag.py:329} INFO - File /opt/airflow/dags/data/s/BILLSTATUS-118-s.zip assumed to contain no DAGs. Skipping.
[2024-04-09T02:31:28.412+0000] {processor.py:842} WARNING - No viable dags retrieved from /opt/airflow/dags/data/s/BILLSTATUS-118-s.zip
[2024-04-09T02:31:28.431+0000] {processor.py:183} INFO - Processing /opt/airflow/dags/data/s/BILLSTATUS-118-s.zip took 0.047 seconds
[2024-04-09T02:31:29.426+0000] {processor.py:161} INFO - Started process (PID=218) to work on /opt/airflow/dags/data/s/BILLSTATUS-118-s.zip
[2024-04-09T02:31:29.427+0000] {processor.py:830} INFO - Processing file /opt/airflow/dags/data/s/BILLSTATUS-118-s.zip for tasks to queue
[2024-04-09T02:31:29.430+0000] {logging_mixin.py:188} INFO - [2024-04-09T02:31:29.429+0000] {dagbag.py:540} INFO - Filling up the DagBag from /opt/airflow/dags/data/s/BILLSTATUS-118-s.zip
[2024-04-09T02:31:29.446+0000] {logging_mixin.py:188} INFO - [2024-04-09T02:31:29.446+0000] {dagbag.py:329} INFO - File /opt/airflow/dags/data/s/BILLSTATUS-118-s.zip assumed to contain no DAGs. Skipping.
[2024-04-09T02:31:29.447+0000] {processor.py:842} WARNING - No viable dags retrieved from /opt/airflow/dags/data/s/BILLSTATUS-118-s.zip
[2024-04-09T02:31:29.458+0000] {processor.py:183} INFO - Processing /opt/airflow/dags/data/s/BILLSTATUS-118-s.zip took 0.036 seconds
[2024-04-09T02:31:30.476+0000] {processor.py:161} INFO - Started process (PID=219) to work on /opt/airflow/dags/data/s/BILLSTATUS-118-s.zip
[2024-04-09T02:31:30.477+0000] {processor.py:830} INFO - Processing file /opt/airflow/dags/data/s/BILLSTATUS-118-s.zip for tasks to queue
[2024-04-09T02:31:30.479+0000] {logging_mixin.py:188} INFO - [2024-04-09T02:31:30.479+0000] {dagbag.py:540} INFO - Filling up the DagBag from /opt/airflow/dags/data/s/BILLSTATUS-118-s.zip
[2024-04-09T02:31:30.500+0000] {logging_mixin.py:188} INFO - [2024-04-09T02:31:30.500+0000] {dagbag.py:329} INFO - File /opt/airflow/dags/data/s/BILLSTATUS-118-s.zip assumed to contain no DAGs. Skipping.
[2024-04-09T02:31:30.501+0000] {processor.py:842} WARNING - No viable dags retrieved from /opt/airflow/dags/data/s/BILLSTATUS-118-s.zip
[2024-04-09T02:31:30.522+0000] {processor.py:183} INFO - Processing /opt/airflow/dags/data/s/BILLSTATUS-118-s.zip took 0.049 seconds
[2024-04-09T02:31:31.501+0000] {processor.py:161} INFO - Started process (PID=220) to work on /opt/airflow/dags/data/s/BILLSTATUS-118-s.zip
[2024-04-09T02:31:31.502+0000] {processor.py:830} INFO - Processing file /opt/airflow/dags/data/s/BILLSTATUS-118-s.zip for tasks to queue
[2024-04-09T02:31:31.504+0000] {logging_mixin.py:188} INFO - [2024-04-09T02:31:31.504+0000] {dagbag.py:540} INFO - Filling up the DagBag from /opt/airflow/dags/data/s/BILLSTATUS-118-s.zip
[2024-04-09T02:31:31.526+0000] {logging_mixin.py:188} INFO - [2024-04-09T02:31:31.526+0000] {dagbag.py:329} INFO - File /opt/airflow/dags/data/s/BILLSTATUS-118-s.zip assumed to contain no DAGs. Skipping.
[2024-04-09T02:31:31.526+0000] {processor.py:842} WARNING - No viable dags retrieved from /opt/airflow/dags/data/s/BILLSTATUS-118-s.zip
[2024-04-09T02:31:31.539+0000] {processor.py:183} INFO - Processing /opt/airflow/dags/data/s/BILLSTATUS-118-s.zip took 0.041 seconds
[2024-04-09T02:31:32.582+0000] {processor.py:161} INFO - Started process (PID=221) to work on /opt/airflow/dags/data/s/BILLSTATUS-118-s.zip
[2024-04-09T02:31:32.584+0000] {processor.py:830} INFO - Processing file /opt/airflow/dags/data/s/BILLSTATUS-118-s.zip for tasks to queue
[2024-04-09T02:31:32.586+0000] {logging_mixin.py:188} INFO - [2024-04-09T02:31:32.586+0000] {dagbag.py:540} INFO - Filling up the DagBag from /opt/airflow/dags/data/s/BILLSTATUS-118-s.zip
[2024-04-09T02:31:32.615+0000] {logging_mixin.py:188} INFO - [2024-04-09T02:31:32.615+0000] {dagbag.py:329} INFO - File /opt/airflow/dags/data/s/BILLSTATUS-118-s.zip assumed to contain no DAGs. Skipping.
[2024-04-09T02:31:32.615+0000] {processor.py:842} WARNING - No viable dags retrieved from /opt/airflow/dags/data/s/BILLSTATUS-118-s.zip
[2024-04-09T02:31:32.626+0000] {processor.py:183} INFO - Processing /opt/airflow/dags/data/s/BILLSTATUS-118-s.zip took 0.046 seconds
[2024-04-09T02:31:33.622+0000] {processor.py:161} INFO - Started process (PID=222) to work on /opt/airflow/dags/data/s/BILLSTATUS-118-s.zip
[2024-04-09T02:31:33.623+0000] {processor.py:830} INFO - Processing file /opt/airflow/dags/data/s/BILLSTATUS-118-s.zip for tasks to queue
[2024-04-09T02:31:33.625+0000] {logging_mixin.py:188} INFO - [2024-04-09T02:31:33.625+0000] {dagbag.py:540} INFO - Filling up the DagBag from /opt/airflow/dags/data/s/BILLSTATUS-118-s.zip
[2024-04-09T02:31:33.648+0000] {logging_mixin.py:188} INFO - [2024-04-09T02:31:33.648+0000] {dagbag.py:329} INFO - File /opt/airflow/dags/data/s/BILLSTATUS-118-s.zip assumed to contain no DAGs. Skipping.
[2024-04-09T02:31:33.649+0000] {processor.py:842} WARNING - No viable dags retrieved from /opt/airflow/dags/data/s/BILLSTATUS-118-s.zip
[2024-04-09T02:31:33.660+0000] {processor.py:183} INFO - Processing /opt/airflow/dags/data/s/BILLSTATUS-118-s.zip took 0.040 seconds
