[2024-03-28T03:19:11.281+0000] {processor.py:161} INFO - Started process (PID=34) to work on /opt/airflow/dags/upload_historical_congress_data.py
[2024-03-28T03:19:11.288+0000] {processor.py:830} INFO - Processing file /opt/airflow/dags/upload_historical_congress_data.py for tasks to queue
[2024-03-28T03:19:11.298+0000] {logging_mixin.py:188} INFO - [2024-03-28T03:19:11.298+0000] {dagbag.py:540} INFO - Filling up the DagBag from /opt/airflow/dags/upload_historical_congress_data.py
[2024-03-28T03:19:11.475+0000] {processor.py:840} INFO - DAG(s) 'upload_historical_congress_data' retrieved from /opt/airflow/dags/upload_historical_congress_data.py
[2024-03-28T03:19:11.694+0000] {logging_mixin.py:188} INFO - [2024-03-28T03:19:11.694+0000] {dag.py:3047} INFO - Sync 1 DAGs
[2024-03-28T03:19:11.775+0000] {processor.py:183} INFO - Processing /opt/airflow/dags/upload_historical_congress_data.py took 0.511 seconds
[2024-03-28T03:19:42.344+0000] {processor.py:161} INFO - Started process (PID=41) to work on /opt/airflow/dags/upload_historical_congress_data.py
[2024-03-28T03:19:42.347+0000] {processor.py:830} INFO - Processing file /opt/airflow/dags/upload_historical_congress_data.py for tasks to queue
[2024-03-28T03:19:42.351+0000] {logging_mixin.py:188} INFO - [2024-03-28T03:19:42.350+0000] {dagbag.py:540} INFO - Filling up the DagBag from /opt/airflow/dags/upload_historical_congress_data.py
[2024-03-28T03:19:42.421+0000] {processor.py:840} INFO - DAG(s) 'upload_historical_congress_data' retrieved from /opt/airflow/dags/upload_historical_congress_data.py
[2024-03-28T03:19:42.450+0000] {logging_mixin.py:188} INFO - [2024-03-28T03:19:42.450+0000] {dag.py:3047} INFO - Sync 1 DAGs
[2024-03-28T03:19:42.482+0000] {processor.py:183} INFO - Processing /opt/airflow/dags/upload_historical_congress_data.py took 0.148 seconds
[2024-03-28T03:20:12.697+0000] {processor.py:161} INFO - Started process (PID=52) to work on /opt/airflow/dags/upload_historical_congress_data.py
[2024-03-28T03:20:12.699+0000] {processor.py:830} INFO - Processing file /opt/airflow/dags/upload_historical_congress_data.py for tasks to queue
[2024-03-28T03:20:12.704+0000] {logging_mixin.py:188} INFO - [2024-03-28T03:20:12.703+0000] {dagbag.py:540} INFO - Filling up the DagBag from /opt/airflow/dags/upload_historical_congress_data.py
[2024-03-28T03:20:12.769+0000] {processor.py:840} INFO - DAG(s) 'upload_historical_congress_data' retrieved from /opt/airflow/dags/upload_historical_congress_data.py
[2024-03-28T03:20:12.793+0000] {logging_mixin.py:188} INFO - [2024-03-28T03:20:12.793+0000] {dag.py:3047} INFO - Sync 1 DAGs
[2024-03-28T03:20:12.821+0000] {processor.py:183} INFO - Processing /opt/airflow/dags/upload_historical_congress_data.py took 0.128 seconds
[2024-03-28T03:20:43.442+0000] {processor.py:161} INFO - Started process (PID=59) to work on /opt/airflow/dags/upload_historical_congress_data.py
[2024-03-28T03:20:43.444+0000] {processor.py:830} INFO - Processing file /opt/airflow/dags/upload_historical_congress_data.py for tasks to queue
[2024-03-28T03:20:43.451+0000] {logging_mixin.py:188} INFO - [2024-03-28T03:20:43.451+0000] {dagbag.py:540} INFO - Filling up the DagBag from /opt/airflow/dags/upload_historical_congress_data.py
[2024-03-28T03:20:43.528+0000] {processor.py:840} INFO - DAG(s) 'upload_historical_congress_data' retrieved from /opt/airflow/dags/upload_historical_congress_data.py
[2024-03-28T03:20:43.554+0000] {logging_mixin.py:188} INFO - [2024-03-28T03:20:43.553+0000] {dag.py:3047} INFO - Sync 1 DAGs
[2024-03-28T03:20:43.634+0000] {processor.py:183} INFO - Processing /opt/airflow/dags/upload_historical_congress_data.py took 0.196 seconds
[2024-03-28T03:21:13.817+0000] {processor.py:161} INFO - Started process (PID=66) to work on /opt/airflow/dags/upload_historical_congress_data.py
[2024-03-28T03:21:13.820+0000] {processor.py:830} INFO - Processing file /opt/airflow/dags/upload_historical_congress_data.py for tasks to queue
[2024-03-28T03:21:13.824+0000] {logging_mixin.py:188} INFO - [2024-03-28T03:21:13.823+0000] {dagbag.py:540} INFO - Filling up the DagBag from /opt/airflow/dags/upload_historical_congress_data.py
[2024-03-28T03:21:13.882+0000] {processor.py:840} INFO - DAG(s) 'upload_historical_congress_data' retrieved from /opt/airflow/dags/upload_historical_congress_data.py
[2024-03-28T03:21:13.915+0000] {logging_mixin.py:188} INFO - [2024-03-28T03:21:13.914+0000] {dag.py:3047} INFO - Sync 1 DAGs
[2024-03-28T03:21:13.948+0000] {processor.py:183} INFO - Processing /opt/airflow/dags/upload_historical_congress_data.py took 0.135 seconds
[2024-03-28T03:21:44.429+0000] {processor.py:161} INFO - Started process (PID=73) to work on /opt/airflow/dags/upload_historical_congress_data.py
[2024-03-28T03:21:44.431+0000] {processor.py:830} INFO - Processing file /opt/airflow/dags/upload_historical_congress_data.py for tasks to queue
[2024-03-28T03:21:44.435+0000] {logging_mixin.py:188} INFO - [2024-03-28T03:21:44.435+0000] {dagbag.py:540} INFO - Filling up the DagBag from /opt/airflow/dags/upload_historical_congress_data.py
[2024-03-28T03:21:44.491+0000] {processor.py:840} INFO - DAG(s) 'upload_historical_congress_data' retrieved from /opt/airflow/dags/upload_historical_congress_data.py
[2024-03-28T03:21:44.515+0000] {logging_mixin.py:188} INFO - [2024-03-28T03:21:44.515+0000] {dag.py:3047} INFO - Sync 1 DAGs
[2024-03-28T03:21:44.544+0000] {processor.py:183} INFO - Processing /opt/airflow/dags/upload_historical_congress_data.py took 0.120 seconds
[2024-03-28T03:21:54.561+0000] {processor.py:161} INFO - Started process (PID=74) to work on /opt/airflow/dags/upload_historical_congress_data.py
[2024-03-28T03:21:54.563+0000] {processor.py:830} INFO - Processing file /opt/airflow/dags/upload_historical_congress_data.py for tasks to queue
[2024-03-28T03:21:54.565+0000] {logging_mixin.py:188} INFO - [2024-03-28T03:21:54.565+0000] {dagbag.py:540} INFO - Filling up the DagBag from /opt/airflow/dags/upload_historical_congress_data.py
[2024-03-28T03:21:54.620+0000] {processor.py:840} INFO - DAG(s) 'upload_historical_congress_data' retrieved from /opt/airflow/dags/upload_historical_congress_data.py
[2024-03-28T03:21:54.702+0000] {logging_mixin.py:188} INFO - [2024-03-28T03:21:54.701+0000] {dag.py:3047} INFO - Sync 1 DAGs
[2024-03-28T03:21:54.737+0000] {processor.py:183} INFO - Processing /opt/airflow/dags/upload_historical_congress_data.py took 0.179 seconds
[2024-03-28T03:22:25.337+0000] {processor.py:161} INFO - Started process (PID=81) to work on /opt/airflow/dags/upload_historical_congress_data.py
[2024-03-28T03:22:25.340+0000] {processor.py:830} INFO - Processing file /opt/airflow/dags/upload_historical_congress_data.py for tasks to queue
[2024-03-28T03:22:25.344+0000] {logging_mixin.py:188} INFO - [2024-03-28T03:22:25.343+0000] {dagbag.py:540} INFO - Filling up the DagBag from /opt/airflow/dags/upload_historical_congress_data.py
[2024-03-28T03:22:25.421+0000] {processor.py:840} INFO - DAG(s) 'upload_historical_congress_data' retrieved from /opt/airflow/dags/upload_historical_congress_data.py
[2024-03-28T03:22:25.448+0000] {logging_mixin.py:188} INFO - [2024-03-28T03:22:25.447+0000] {dag.py:3047} INFO - Sync 1 DAGs
[2024-03-28T03:22:25.481+0000] {processor.py:183} INFO - Processing /opt/airflow/dags/upload_historical_congress_data.py took 0.148 seconds
[2024-03-28T03:22:55.721+0000] {processor.py:161} INFO - Started process (PID=88) to work on /opt/airflow/dags/upload_historical_congress_data.py
[2024-03-28T03:22:55.723+0000] {processor.py:830} INFO - Processing file /opt/airflow/dags/upload_historical_congress_data.py for tasks to queue
[2024-03-28T03:22:55.727+0000] {logging_mixin.py:188} INFO - [2024-03-28T03:22:55.726+0000] {dagbag.py:540} INFO - Filling up the DagBag from /opt/airflow/dags/upload_historical_congress_data.py
[2024-03-28T03:22:55.798+0000] {processor.py:840} INFO - DAG(s) 'upload_historical_congress_data' retrieved from /opt/airflow/dags/upload_historical_congress_data.py
[2024-03-28T03:22:55.823+0000] {logging_mixin.py:188} INFO - [2024-03-28T03:22:55.823+0000] {dag.py:3047} INFO - Sync 1 DAGs
[2024-03-28T03:22:55.864+0000] {processor.py:183} INFO - Processing /opt/airflow/dags/upload_historical_congress_data.py took 0.147 seconds
[2024-03-28T03:23:26.327+0000] {processor.py:161} INFO - Started process (PID=95) to work on /opt/airflow/dags/upload_historical_congress_data.py
[2024-03-28T03:23:26.333+0000] {processor.py:830} INFO - Processing file /opt/airflow/dags/upload_historical_congress_data.py for tasks to queue
[2024-03-28T03:23:26.344+0000] {logging_mixin.py:188} INFO - [2024-03-28T03:23:26.343+0000] {dagbag.py:540} INFO - Filling up the DagBag from /opt/airflow/dags/upload_historical_congress_data.py
[2024-03-28T03:23:26.431+0000] {processor.py:840} INFO - DAG(s) 'upload_historical_congress_data' retrieved from /opt/airflow/dags/upload_historical_congress_data.py
[2024-03-28T03:23:26.462+0000] {logging_mixin.py:188} INFO - [2024-03-28T03:23:26.461+0000] {dag.py:3047} INFO - Sync 1 DAGs
[2024-03-28T03:23:26.491+0000] {processor.py:183} INFO - Processing /opt/airflow/dags/upload_historical_congress_data.py took 0.176 seconds
[2024-03-28T03:23:56.666+0000] {processor.py:161} INFO - Started process (PID=105) to work on /opt/airflow/dags/upload_historical_congress_data.py
[2024-03-28T03:23:56.669+0000] {processor.py:830} INFO - Processing file /opt/airflow/dags/upload_historical_congress_data.py for tasks to queue
[2024-03-28T03:23:56.676+0000] {logging_mixin.py:188} INFO - [2024-03-28T03:23:56.675+0000] {dagbag.py:540} INFO - Filling up the DagBag from /opt/airflow/dags/upload_historical_congress_data.py
[2024-03-28T03:23:56.739+0000] {processor.py:840} INFO - DAG(s) 'upload_historical_congress_data' retrieved from /opt/airflow/dags/upload_historical_congress_data.py
[2024-03-28T03:23:56.772+0000] {logging_mixin.py:188} INFO - [2024-03-28T03:23:56.772+0000] {dag.py:3047} INFO - Sync 1 DAGs
[2024-03-28T03:23:56.810+0000] {processor.py:183} INFO - Processing /opt/airflow/dags/upload_historical_congress_data.py took 0.150 seconds
[2024-03-28T03:24:27.129+0000] {processor.py:161} INFO - Started process (PID=112) to work on /opt/airflow/dags/upload_historical_congress_data.py
[2024-03-28T03:24:27.133+0000] {processor.py:830} INFO - Processing file /opt/airflow/dags/upload_historical_congress_data.py for tasks to queue
[2024-03-28T03:24:27.138+0000] {logging_mixin.py:188} INFO - [2024-03-28T03:24:27.137+0000] {dagbag.py:540} INFO - Filling up the DagBag from /opt/airflow/dags/upload_historical_congress_data.py
[2024-03-28T03:24:27.207+0000] {processor.py:840} INFO - DAG(s) 'upload_historical_congress_data' retrieved from /opt/airflow/dags/upload_historical_congress_data.py
[2024-03-28T03:24:27.238+0000] {logging_mixin.py:188} INFO - [2024-03-28T03:24:27.238+0000] {dag.py:3047} INFO - Sync 1 DAGs
[2024-03-28T03:24:27.271+0000] {processor.py:183} INFO - Processing /opt/airflow/dags/upload_historical_congress_data.py took 0.149 seconds
[2024-03-28T03:24:57.536+0000] {processor.py:161} INFO - Started process (PID=123) to work on /opt/airflow/dags/upload_historical_congress_data.py
[2024-03-28T03:24:57.539+0000] {processor.py:830} INFO - Processing file /opt/airflow/dags/upload_historical_congress_data.py for tasks to queue
[2024-03-28T03:24:57.544+0000] {logging_mixin.py:188} INFO - [2024-03-28T03:24:57.543+0000] {dagbag.py:540} INFO - Filling up the DagBag from /opt/airflow/dags/upload_historical_congress_data.py
[2024-03-28T03:24:57.619+0000] {processor.py:840} INFO - DAG(s) 'upload_historical_congress_data' retrieved from /opt/airflow/dags/upload_historical_congress_data.py
[2024-03-28T03:24:57.643+0000] {logging_mixin.py:188} INFO - [2024-03-28T03:24:57.642+0000] {dag.py:3047} INFO - Sync 1 DAGs
[2024-03-28T03:24:57.670+0000] {processor.py:183} INFO - Processing /opt/airflow/dags/upload_historical_congress_data.py took 0.138 seconds
[2024-03-28T03:25:28.194+0000] {processor.py:161} INFO - Started process (PID=130) to work on /opt/airflow/dags/upload_historical_congress_data.py
[2024-03-28T03:25:28.197+0000] {processor.py:830} INFO - Processing file /opt/airflow/dags/upload_historical_congress_data.py for tasks to queue
[2024-03-28T03:25:28.213+0000] {logging_mixin.py:188} INFO - [2024-03-28T03:25:28.209+0000] {dagbag.py:540} INFO - Filling up the DagBag from /opt/airflow/dags/upload_historical_congress_data.py
[2024-03-28T03:25:28.281+0000] {processor.py:840} INFO - DAG(s) 'upload_historical_congress_data' retrieved from /opt/airflow/dags/upload_historical_congress_data.py
[2024-03-28T03:25:28.313+0000] {logging_mixin.py:188} INFO - [2024-03-28T03:25:28.313+0000] {dag.py:3047} INFO - Sync 1 DAGs
[2024-03-28T03:25:28.343+0000] {processor.py:183} INFO - Processing /opt/airflow/dags/upload_historical_congress_data.py took 0.155 seconds
[2024-03-28T03:25:58.510+0000] {processor.py:161} INFO - Started process (PID=141) to work on /opt/airflow/dags/upload_historical_congress_data.py
[2024-03-28T03:25:58.513+0000] {processor.py:830} INFO - Processing file /opt/airflow/dags/upload_historical_congress_data.py for tasks to queue
[2024-03-28T03:25:58.518+0000] {logging_mixin.py:188} INFO - [2024-03-28T03:25:58.517+0000] {dagbag.py:540} INFO - Filling up the DagBag from /opt/airflow/dags/upload_historical_congress_data.py
[2024-03-28T03:25:58.607+0000] {processor.py:840} INFO - DAG(s) 'upload_historical_congress_data' retrieved from /opt/airflow/dags/upload_historical_congress_data.py
[2024-03-28T03:25:58.641+0000] {logging_mixin.py:188} INFO - [2024-03-28T03:25:58.640+0000] {dag.py:3047} INFO - Sync 1 DAGs
[2024-03-28T03:25:58.667+0000] {processor.py:183} INFO - Processing /opt/airflow/dags/upload_historical_congress_data.py took 0.163 seconds
[2024-03-28T03:26:29.194+0000] {processor.py:161} INFO - Started process (PID=148) to work on /opt/airflow/dags/upload_historical_congress_data.py
[2024-03-28T03:26:29.196+0000] {processor.py:830} INFO - Processing file /opt/airflow/dags/upload_historical_congress_data.py for tasks to queue
[2024-03-28T03:26:29.209+0000] {logging_mixin.py:188} INFO - [2024-03-28T03:26:29.207+0000] {dagbag.py:540} INFO - Filling up the DagBag from /opt/airflow/dags/upload_historical_congress_data.py
[2024-03-28T03:26:29.353+0000] {processor.py:840} INFO - DAG(s) 'upload_historical_congress_data' retrieved from /opt/airflow/dags/upload_historical_congress_data.py
[2024-03-28T03:26:29.399+0000] {logging_mixin.py:188} INFO - [2024-03-28T03:26:29.399+0000] {dag.py:3047} INFO - Sync 1 DAGs
[2024-03-28T03:26:29.433+0000] {processor.py:183} INFO - Processing /opt/airflow/dags/upload_historical_congress_data.py took 0.244 seconds
[2024-03-28T03:26:59.665+0000] {processor.py:161} INFO - Started process (PID=160) to work on /opt/airflow/dags/upload_historical_congress_data.py
[2024-03-28T03:26:59.668+0000] {processor.py:830} INFO - Processing file /opt/airflow/dags/upload_historical_congress_data.py for tasks to queue
[2024-03-28T03:26:59.672+0000] {logging_mixin.py:188} INFO - [2024-03-28T03:26:59.671+0000] {dagbag.py:540} INFO - Filling up the DagBag from /opt/airflow/dags/upload_historical_congress_data.py
[2024-03-28T03:26:59.725+0000] {processor.py:840} INFO - DAG(s) 'upload_historical_congress_data' retrieved from /opt/airflow/dags/upload_historical_congress_data.py
[2024-03-28T03:26:59.749+0000] {logging_mixin.py:188} INFO - [2024-03-28T03:26:59.749+0000] {dag.py:3047} INFO - Sync 1 DAGs
[2024-03-28T03:26:59.777+0000] {processor.py:183} INFO - Processing /opt/airflow/dags/upload_historical_congress_data.py took 0.116 seconds
[2024-03-28T03:27:30.178+0000] {processor.py:161} INFO - Started process (PID=166) to work on /opt/airflow/dags/upload_historical_congress_data.py
[2024-03-28T03:27:30.182+0000] {processor.py:830} INFO - Processing file /opt/airflow/dags/upload_historical_congress_data.py for tasks to queue
[2024-03-28T03:27:30.188+0000] {logging_mixin.py:188} INFO - [2024-03-28T03:27:30.187+0000] {dagbag.py:540} INFO - Filling up the DagBag from /opt/airflow/dags/upload_historical_congress_data.py
[2024-03-28T03:27:30.252+0000] {processor.py:840} INFO - DAG(s) 'upload_historical_congress_data' retrieved from /opt/airflow/dags/upload_historical_congress_data.py
[2024-03-28T03:27:30.296+0000] {logging_mixin.py:188} INFO - [2024-03-28T03:27:30.296+0000] {dag.py:3047} INFO - Sync 1 DAGs
[2024-03-28T03:27:30.327+0000] {processor.py:183} INFO - Processing /opt/airflow/dags/upload_historical_congress_data.py took 0.156 seconds
[2024-03-28T03:28:00.558+0000] {processor.py:161} INFO - Started process (PID=173) to work on /opt/airflow/dags/upload_historical_congress_data.py
[2024-03-28T03:28:00.561+0000] {processor.py:830} INFO - Processing file /opt/airflow/dags/upload_historical_congress_data.py for tasks to queue
[2024-03-28T03:28:00.568+0000] {logging_mixin.py:188} INFO - [2024-03-28T03:28:00.565+0000] {dagbag.py:540} INFO - Filling up the DagBag from /opt/airflow/dags/upload_historical_congress_data.py
[2024-03-28T03:28:00.647+0000] {processor.py:840} INFO - DAG(s) 'upload_historical_congress_data' retrieved from /opt/airflow/dags/upload_historical_congress_data.py
[2024-03-28T03:28:00.672+0000] {logging_mixin.py:188} INFO - [2024-03-28T03:28:00.671+0000] {dag.py:3047} INFO - Sync 1 DAGs
[2024-03-28T03:28:00.723+0000] {processor.py:183} INFO - Processing /opt/airflow/dags/upload_historical_congress_data.py took 0.171 seconds
[2024-03-28T03:28:31.104+0000] {processor.py:161} INFO - Started process (PID=180) to work on /opt/airflow/dags/upload_historical_congress_data.py
[2024-03-28T03:28:31.111+0000] {processor.py:830} INFO - Processing file /opt/airflow/dags/upload_historical_congress_data.py for tasks to queue
[2024-03-28T03:28:31.136+0000] {logging_mixin.py:188} INFO - [2024-03-28T03:28:31.135+0000] {dagbag.py:540} INFO - Filling up the DagBag from /opt/airflow/dags/upload_historical_congress_data.py
[2024-03-28T03:28:31.221+0000] {processor.py:840} INFO - DAG(s) 'upload_historical_congress_data' retrieved from /opt/airflow/dags/upload_historical_congress_data.py
[2024-03-28T03:28:31.254+0000] {logging_mixin.py:188} INFO - [2024-03-28T03:28:31.254+0000] {dag.py:3047} INFO - Sync 1 DAGs
[2024-03-28T03:28:31.287+0000] {processor.py:183} INFO - Processing /opt/airflow/dags/upload_historical_congress_data.py took 0.188 seconds
[2024-03-28T03:29:01.598+0000] {processor.py:161} INFO - Started process (PID=187) to work on /opt/airflow/dags/upload_historical_congress_data.py
[2024-03-28T03:29:01.602+0000] {processor.py:830} INFO - Processing file /opt/airflow/dags/upload_historical_congress_data.py for tasks to queue
[2024-03-28T03:29:01.614+0000] {logging_mixin.py:188} INFO - [2024-03-28T03:29:01.610+0000] {dagbag.py:540} INFO - Filling up the DagBag from /opt/airflow/dags/upload_historical_congress_data.py
[2024-03-28T03:29:01.690+0000] {processor.py:840} INFO - DAG(s) 'upload_historical_congress_data' retrieved from /opt/airflow/dags/upload_historical_congress_data.py
[2024-03-28T03:29:01.727+0000] {logging_mixin.py:188} INFO - [2024-03-28T03:29:01.726+0000] {dag.py:3047} INFO - Sync 1 DAGs
[2024-03-28T03:29:01.769+0000] {processor.py:183} INFO - Processing /opt/airflow/dags/upload_historical_congress_data.py took 0.177 seconds
[2024-03-28T03:29:32.203+0000] {processor.py:161} INFO - Started process (PID=194) to work on /opt/airflow/dags/upload_historical_congress_data.py
[2024-03-28T03:29:32.206+0000] {processor.py:830} INFO - Processing file /opt/airflow/dags/upload_historical_congress_data.py for tasks to queue
[2024-03-28T03:29:32.210+0000] {logging_mixin.py:188} INFO - [2024-03-28T03:29:32.210+0000] {dagbag.py:540} INFO - Filling up the DagBag from /opt/airflow/dags/upload_historical_congress_data.py
[2024-03-28T03:29:32.283+0000] {processor.py:840} INFO - DAG(s) 'upload_historical_congress_data' retrieved from /opt/airflow/dags/upload_historical_congress_data.py
[2024-03-28T03:29:32.315+0000] {logging_mixin.py:188} INFO - [2024-03-28T03:29:32.315+0000] {dag.py:3047} INFO - Sync 1 DAGs
[2024-03-28T03:29:32.343+0000] {processor.py:183} INFO - Processing /opt/airflow/dags/upload_historical_congress_data.py took 0.145 seconds
[2024-03-28T03:30:02.669+0000] {processor.py:161} INFO - Started process (PID=201) to work on /opt/airflow/dags/upload_historical_congress_data.py
[2024-03-28T03:30:02.671+0000] {processor.py:830} INFO - Processing file /opt/airflow/dags/upload_historical_congress_data.py for tasks to queue
[2024-03-28T03:30:02.675+0000] {logging_mixin.py:188} INFO - [2024-03-28T03:30:02.674+0000] {dagbag.py:540} INFO - Filling up the DagBag from /opt/airflow/dags/upload_historical_congress_data.py
[2024-03-28T03:30:02.762+0000] {processor.py:840} INFO - DAG(s) 'upload_historical_congress_data' retrieved from /opt/airflow/dags/upload_historical_congress_data.py
[2024-03-28T03:30:02.792+0000] {logging_mixin.py:188} INFO - [2024-03-28T03:30:02.792+0000] {dag.py:3047} INFO - Sync 1 DAGs
[2024-03-28T03:30:02.829+0000] {processor.py:183} INFO - Processing /opt/airflow/dags/upload_historical_congress_data.py took 0.165 seconds
[2024-03-28T03:30:33.215+0000] {processor.py:161} INFO - Started process (PID=208) to work on /opt/airflow/dags/upload_historical_congress_data.py
[2024-03-28T03:30:33.218+0000] {processor.py:830} INFO - Processing file /opt/airflow/dags/upload_historical_congress_data.py for tasks to queue
[2024-03-28T03:30:33.221+0000] {logging_mixin.py:188} INFO - [2024-03-28T03:30:33.220+0000] {dagbag.py:540} INFO - Filling up the DagBag from /opt/airflow/dags/upload_historical_congress_data.py
[2024-03-28T03:30:33.274+0000] {processor.py:840} INFO - DAG(s) 'upload_historical_congress_data' retrieved from /opt/airflow/dags/upload_historical_congress_data.py
[2024-03-28T03:30:33.313+0000] {logging_mixin.py:188} INFO - [2024-03-28T03:30:33.313+0000] {dag.py:3047} INFO - Sync 1 DAGs
[2024-03-28T03:30:33.341+0000] {processor.py:183} INFO - Processing /opt/airflow/dags/upload_historical_congress_data.py took 0.131 seconds
[2024-03-28T03:31:03.641+0000] {processor.py:161} INFO - Started process (PID=215) to work on /opt/airflow/dags/upload_historical_congress_data.py
[2024-03-28T03:31:03.643+0000] {processor.py:830} INFO - Processing file /opt/airflow/dags/upload_historical_congress_data.py for tasks to queue
[2024-03-28T03:31:03.647+0000] {logging_mixin.py:188} INFO - [2024-03-28T03:31:03.646+0000] {dagbag.py:540} INFO - Filling up the DagBag from /opt/airflow/dags/upload_historical_congress_data.py
[2024-03-28T03:31:03.722+0000] {processor.py:840} INFO - DAG(s) 'upload_historical_congress_data' retrieved from /opt/airflow/dags/upload_historical_congress_data.py
[2024-03-28T03:31:03.768+0000] {logging_mixin.py:188} INFO - [2024-03-28T03:31:03.768+0000] {dag.py:3047} INFO - Sync 1 DAGs
[2024-03-28T03:31:03.803+0000] {processor.py:183} INFO - Processing /opt/airflow/dags/upload_historical_congress_data.py took 0.166 seconds
[2024-03-28T03:31:34.170+0000] {processor.py:161} INFO - Started process (PID=222) to work on /opt/airflow/dags/upload_historical_congress_data.py
[2024-03-28T03:31:34.174+0000] {processor.py:830} INFO - Processing file /opt/airflow/dags/upload_historical_congress_data.py for tasks to queue
[2024-03-28T03:31:34.185+0000] {logging_mixin.py:188} INFO - [2024-03-28T03:31:34.183+0000] {dagbag.py:540} INFO - Filling up the DagBag from /opt/airflow/dags/upload_historical_congress_data.py
[2024-03-28T03:31:34.244+0000] {processor.py:840} INFO - DAG(s) 'upload_historical_congress_data' retrieved from /opt/airflow/dags/upload_historical_congress_data.py
[2024-03-28T03:31:34.275+0000] {logging_mixin.py:188} INFO - [2024-03-28T03:31:34.275+0000] {dag.py:3047} INFO - Sync 1 DAGs
[2024-03-28T03:31:34.320+0000] {processor.py:183} INFO - Processing /opt/airflow/dags/upload_historical_congress_data.py took 0.160 seconds
[2024-03-28T03:32:04.553+0000] {processor.py:161} INFO - Started process (PID=229) to work on /opt/airflow/dags/upload_historical_congress_data.py
[2024-03-28T03:32:04.555+0000] {processor.py:830} INFO - Processing file /opt/airflow/dags/upload_historical_congress_data.py for tasks to queue
[2024-03-28T03:32:04.559+0000] {logging_mixin.py:188} INFO - [2024-03-28T03:32:04.559+0000] {dagbag.py:540} INFO - Filling up the DagBag from /opt/airflow/dags/upload_historical_congress_data.py
[2024-03-28T03:32:04.612+0000] {processor.py:840} INFO - DAG(s) 'upload_historical_congress_data' retrieved from /opt/airflow/dags/upload_historical_congress_data.py
[2024-03-28T03:32:04.656+0000] {logging_mixin.py:188} INFO - [2024-03-28T03:32:04.655+0000] {dag.py:3047} INFO - Sync 1 DAGs
[2024-03-28T03:32:04.687+0000] {processor.py:183} INFO - Processing /opt/airflow/dags/upload_historical_congress_data.py took 0.140 seconds
[2024-03-28T03:32:35.256+0000] {processor.py:161} INFO - Started process (PID=236) to work on /opt/airflow/dags/upload_historical_congress_data.py
[2024-03-28T03:32:35.258+0000] {processor.py:830} INFO - Processing file /opt/airflow/dags/upload_historical_congress_data.py for tasks to queue
[2024-03-28T03:32:35.262+0000] {logging_mixin.py:188} INFO - [2024-03-28T03:32:35.261+0000] {dagbag.py:540} INFO - Filling up the DagBag from /opt/airflow/dags/upload_historical_congress_data.py
[2024-03-28T03:32:35.334+0000] {processor.py:840} INFO - DAG(s) 'upload_historical_congress_data' retrieved from /opt/airflow/dags/upload_historical_congress_data.py
[2024-03-28T03:32:35.361+0000] {logging_mixin.py:188} INFO - [2024-03-28T03:32:35.360+0000] {dag.py:3047} INFO - Sync 1 DAGs
[2024-03-28T03:32:35.389+0000] {processor.py:183} INFO - Processing /opt/airflow/dags/upload_historical_congress_data.py took 0.137 seconds
[2024-03-28T03:33:05.674+0000] {processor.py:161} INFO - Started process (PID=243) to work on /opt/airflow/dags/upload_historical_congress_data.py
[2024-03-28T03:33:05.676+0000] {processor.py:830} INFO - Processing file /opt/airflow/dags/upload_historical_congress_data.py for tasks to queue
[2024-03-28T03:33:05.687+0000] {logging_mixin.py:188} INFO - [2024-03-28T03:33:05.684+0000] {dagbag.py:540} INFO - Filling up the DagBag from /opt/airflow/dags/upload_historical_congress_data.py
[2024-03-28T03:33:05.766+0000] {processor.py:840} INFO - DAG(s) 'upload_historical_congress_data' retrieved from /opt/airflow/dags/upload_historical_congress_data.py
[2024-03-28T03:33:05.828+0000] {logging_mixin.py:188} INFO - [2024-03-28T03:33:05.828+0000] {dag.py:3047} INFO - Sync 1 DAGs
[2024-03-28T03:33:05.857+0000] {processor.py:183} INFO - Processing /opt/airflow/dags/upload_historical_congress_data.py took 0.188 seconds
[2024-03-28T03:33:36.354+0000] {processor.py:161} INFO - Started process (PID=250) to work on /opt/airflow/dags/upload_historical_congress_data.py
[2024-03-28T03:33:36.357+0000] {processor.py:830} INFO - Processing file /opt/airflow/dags/upload_historical_congress_data.py for tasks to queue
[2024-03-28T03:33:36.361+0000] {logging_mixin.py:188} INFO - [2024-03-28T03:33:36.360+0000] {dagbag.py:540} INFO - Filling up the DagBag from /opt/airflow/dags/upload_historical_congress_data.py
[2024-03-28T03:33:36.430+0000] {processor.py:840} INFO - DAG(s) 'upload_historical_congress_data' retrieved from /opt/airflow/dags/upload_historical_congress_data.py
[2024-03-28T03:33:36.458+0000] {logging_mixin.py:188} INFO - [2024-03-28T03:33:36.458+0000] {dag.py:3047} INFO - Sync 1 DAGs
[2024-03-28T03:33:36.487+0000] {processor.py:183} INFO - Processing /opt/airflow/dags/upload_historical_congress_data.py took 0.139 seconds
[2024-03-28T03:34:06.711+0000] {processor.py:161} INFO - Started process (PID=257) to work on /opt/airflow/dags/upload_historical_congress_data.py
[2024-03-28T03:34:06.713+0000] {processor.py:830} INFO - Processing file /opt/airflow/dags/upload_historical_congress_data.py for tasks to queue
[2024-03-28T03:34:06.716+0000] {logging_mixin.py:188} INFO - [2024-03-28T03:34:06.716+0000] {dagbag.py:540} INFO - Filling up the DagBag from /opt/airflow/dags/upload_historical_congress_data.py
[2024-03-28T03:34:06.768+0000] {processor.py:840} INFO - DAG(s) 'upload_historical_congress_data' retrieved from /opt/airflow/dags/upload_historical_congress_data.py
[2024-03-28T03:34:06.792+0000] {logging_mixin.py:188} INFO - [2024-03-28T03:34:06.791+0000] {dag.py:3047} INFO - Sync 1 DAGs
[2024-03-28T03:34:06.818+0000] {processor.py:183} INFO - Processing /opt/airflow/dags/upload_historical_congress_data.py took 0.112 seconds
[2024-03-28T03:34:19.071+0000] {processor.py:161} INFO - Started process (PID=258) to work on /opt/airflow/dags/upload_historical_congress_data.py
[2024-03-28T03:34:19.074+0000] {processor.py:830} INFO - Processing file /opt/airflow/dags/upload_historical_congress_data.py for tasks to queue
[2024-03-28T03:34:19.079+0000] {logging_mixin.py:188} INFO - [2024-03-28T03:34:19.079+0000] {dagbag.py:540} INFO - Filling up the DagBag from /opt/airflow/dags/upload_historical_congress_data.py
[2024-03-28T03:34:19.176+0000] {processor.py:840} INFO - DAG(s) 'upload_historical_congress_data' retrieved from /opt/airflow/dags/upload_historical_congress_data.py
[2024-03-28T03:34:19.271+0000] {logging_mixin.py:188} INFO - [2024-03-28T03:34:19.270+0000] {dag.py:3047} INFO - Sync 1 DAGs
[2024-03-28T03:34:19.365+0000] {processor.py:183} INFO - Processing /opt/airflow/dags/upload_historical_congress_data.py took 0.298 seconds
[2024-03-28T03:34:49.730+0000] {processor.py:161} INFO - Started process (PID=265) to work on /opt/airflow/dags/upload_historical_congress_data.py
[2024-03-28T03:34:49.733+0000] {processor.py:830} INFO - Processing file /opt/airflow/dags/upload_historical_congress_data.py for tasks to queue
[2024-03-28T03:34:49.737+0000] {logging_mixin.py:188} INFO - [2024-03-28T03:34:49.736+0000] {dagbag.py:540} INFO - Filling up the DagBag from /opt/airflow/dags/upload_historical_congress_data.py
[2024-03-28T03:34:49.798+0000] {processor.py:840} INFO - DAG(s) 'upload_historical_congress_data' retrieved from /opt/airflow/dags/upload_historical_congress_data.py
[2024-03-28T03:34:49.828+0000] {logging_mixin.py:188} INFO - [2024-03-28T03:34:49.828+0000] {dag.py:3047} INFO - Sync 1 DAGs
[2024-03-28T03:34:49.857+0000] {processor.py:183} INFO - Processing /opt/airflow/dags/upload_historical_congress_data.py took 0.133 seconds
[2024-03-28T03:35:20.154+0000] {processor.py:161} INFO - Started process (PID=272) to work on /opt/airflow/dags/upload_historical_congress_data.py
[2024-03-28T03:35:20.157+0000] {processor.py:830} INFO - Processing file /opt/airflow/dags/upload_historical_congress_data.py for tasks to queue
[2024-03-28T03:35:20.160+0000] {logging_mixin.py:188} INFO - [2024-03-28T03:35:20.160+0000] {dagbag.py:540} INFO - Filling up the DagBag from /opt/airflow/dags/upload_historical_congress_data.py
[2024-03-28T03:35:20.240+0000] {processor.py:840} INFO - DAG(s) 'upload_historical_congress_data' retrieved from /opt/airflow/dags/upload_historical_congress_data.py
[2024-03-28T03:35:20.273+0000] {logging_mixin.py:188} INFO - [2024-03-28T03:35:20.272+0000] {dag.py:3047} INFO - Sync 1 DAGs
[2024-03-28T03:35:20.305+0000] {processor.py:183} INFO - Processing /opt/airflow/dags/upload_historical_congress_data.py took 0.156 seconds
[2024-03-28T03:35:50.549+0000] {processor.py:161} INFO - Started process (PID=279) to work on /opt/airflow/dags/upload_historical_congress_data.py
[2024-03-28T03:35:50.554+0000] {processor.py:830} INFO - Processing file /opt/airflow/dags/upload_historical_congress_data.py for tasks to queue
[2024-03-28T03:35:50.559+0000] {logging_mixin.py:188} INFO - [2024-03-28T03:35:50.558+0000] {dagbag.py:540} INFO - Filling up the DagBag from /opt/airflow/dags/upload_historical_congress_data.py
[2024-03-28T03:35:50.617+0000] {processor.py:840} INFO - DAG(s) 'upload_historical_congress_data' retrieved from /opt/airflow/dags/upload_historical_congress_data.py
[2024-03-28T03:35:50.643+0000] {logging_mixin.py:188} INFO - [2024-03-28T03:35:50.643+0000] {dag.py:3047} INFO - Sync 1 DAGs
[2024-03-28T03:35:50.690+0000] {processor.py:183} INFO - Processing /opt/airflow/dags/upload_historical_congress_data.py took 0.159 seconds
[2024-03-28T03:36:17.903+0000] {processor.py:161} INFO - Started process (PID=286) to work on /opt/airflow/dags/upload_historical_congress_data.py
[2024-03-28T03:36:17.905+0000] {processor.py:830} INFO - Processing file /opt/airflow/dags/upload_historical_congress_data.py for tasks to queue
[2024-03-28T03:36:17.911+0000] {logging_mixin.py:188} INFO - [2024-03-28T03:36:17.908+0000] {dagbag.py:540} INFO - Filling up the DagBag from /opt/airflow/dags/upload_historical_congress_data.py
[2024-03-28T03:36:18.000+0000] {processor.py:840} INFO - DAG(s) 'upload_historical_congress_data' retrieved from /opt/airflow/dags/upload_historical_congress_data.py
[2024-03-28T03:36:18.087+0000] {logging_mixin.py:188} INFO - [2024-03-28T03:36:18.087+0000] {dag.py:3047} INFO - Sync 1 DAGs
[2024-03-28T03:36:18.130+0000] {processor.py:183} INFO - Processing /opt/airflow/dags/upload_historical_congress_data.py took 0.231 seconds
[2024-03-28T03:36:20.029+0000] {processor.py:161} INFO - Started process (PID=287) to work on /opt/airflow/dags/upload_historical_congress_data.py
[2024-03-28T03:36:20.034+0000] {processor.py:830} INFO - Processing file /opt/airflow/dags/upload_historical_congress_data.py for tasks to queue
[2024-03-28T03:36:20.037+0000] {logging_mixin.py:188} INFO - [2024-03-28T03:36:20.037+0000] {dagbag.py:540} INFO - Filling up the DagBag from /opt/airflow/dags/upload_historical_congress_data.py
[2024-03-28T03:36:20.091+0000] {processor.py:840} INFO - DAG(s) 'upload_historical_congress_data' retrieved from /opt/airflow/dags/upload_historical_congress_data.py
[2024-03-28T03:36:20.103+0000] {logging_mixin.py:188} INFO - [2024-03-28T03:36:20.103+0000] {dag.py:3047} INFO - Sync 1 DAGs
[2024-03-28T03:36:20.133+0000] {processor.py:183} INFO - Processing /opt/airflow/dags/upload_historical_congress_data.py took 0.110 seconds
[2024-03-28T03:36:50.501+0000] {processor.py:161} INFO - Started process (PID=294) to work on /opt/airflow/dags/upload_historical_congress_data.py
[2024-03-28T03:36:50.504+0000] {processor.py:830} INFO - Processing file /opt/airflow/dags/upload_historical_congress_data.py for tasks to queue
[2024-03-28T03:36:50.508+0000] {logging_mixin.py:188} INFO - [2024-03-28T03:36:50.507+0000] {dagbag.py:540} INFO - Filling up the DagBag from /opt/airflow/dags/upload_historical_congress_data.py
[2024-03-28T03:36:50.592+0000] {processor.py:840} INFO - DAG(s) 'upload_historical_congress_data' retrieved from /opt/airflow/dags/upload_historical_congress_data.py
[2024-03-28T03:36:50.619+0000] {logging_mixin.py:188} INFO - [2024-03-28T03:36:50.619+0000] {dag.py:3047} INFO - Sync 1 DAGs
[2024-03-28T03:36:50.645+0000] {processor.py:183} INFO - Processing /opt/airflow/dags/upload_historical_congress_data.py took 0.148 seconds
[2024-03-28T03:37:20.809+0000] {processor.py:161} INFO - Started process (PID=301) to work on /opt/airflow/dags/upload_historical_congress_data.py
[2024-03-28T03:37:20.816+0000] {processor.py:830} INFO - Processing file /opt/airflow/dags/upload_historical_congress_data.py for tasks to queue
[2024-03-28T03:37:20.820+0000] {logging_mixin.py:188} INFO - [2024-03-28T03:37:20.820+0000] {dagbag.py:540} INFO - Filling up the DagBag from /opt/airflow/dags/upload_historical_congress_data.py
[2024-03-28T03:37:20.878+0000] {processor.py:840} INFO - DAG(s) 'upload_historical_congress_data' retrieved from /opt/airflow/dags/upload_historical_congress_data.py
[2024-03-28T03:37:20.904+0000] {logging_mixin.py:188} INFO - [2024-03-28T03:37:20.904+0000] {dag.py:3047} INFO - Sync 1 DAGs
[2024-03-28T03:37:20.932+0000] {processor.py:183} INFO - Processing /opt/airflow/dags/upload_historical_congress_data.py took 0.137 seconds
[2024-03-28T03:37:51.264+0000] {processor.py:161} INFO - Started process (PID=307) to work on /opt/airflow/dags/upload_historical_congress_data.py
[2024-03-28T03:37:51.267+0000] {processor.py:830} INFO - Processing file /opt/airflow/dags/upload_historical_congress_data.py for tasks to queue
[2024-03-28T03:37:51.271+0000] {logging_mixin.py:188} INFO - [2024-03-28T03:37:51.271+0000] {dagbag.py:540} INFO - Filling up the DagBag from /opt/airflow/dags/upload_historical_congress_data.py
[2024-03-28T03:37:51.326+0000] {processor.py:840} INFO - DAG(s) 'upload_historical_congress_data' retrieved from /opt/airflow/dags/upload_historical_congress_data.py
[2024-03-28T03:37:51.348+0000] {logging_mixin.py:188} INFO - [2024-03-28T03:37:51.348+0000] {dag.py:3047} INFO - Sync 1 DAGs
[2024-03-28T03:37:51.375+0000] {processor.py:183} INFO - Processing /opt/airflow/dags/upload_historical_congress_data.py took 0.115 seconds
[2024-03-28T03:39:10.937+0000] {processor.py:161} INFO - Started process (PID=35) to work on /opt/airflow/dags/upload_historical_congress_data.py
[2024-03-28T03:39:10.941+0000] {processor.py:830} INFO - Processing file /opt/airflow/dags/upload_historical_congress_data.py for tasks to queue
[2024-03-28T03:39:10.946+0000] {logging_mixin.py:188} INFO - [2024-03-28T03:39:10.946+0000] {dagbag.py:540} INFO - Filling up the DagBag from /opt/airflow/dags/upload_historical_congress_data.py
[2024-03-28T03:39:11.044+0000] {processor.py:840} INFO - DAG(s) 'upload_historical_congress_data' retrieved from /opt/airflow/dags/upload_historical_congress_data.py
[2024-03-28T03:39:11.165+0000] {logging_mixin.py:188} INFO - [2024-03-28T03:39:11.164+0000] {dag.py:3047} INFO - Sync 1 DAGs
[2024-03-28T03:39:11.179+0000] {logging_mixin.py:188} INFO - [2024-03-28T03:39:11.179+0000] {dag.py:3069} INFO - Creating ORM DAG for upload_historical_congress_data
[2024-03-28T03:39:11.191+0000] {logging_mixin.py:188} INFO - [2024-03-28T03:39:11.191+0000] {dag.py:3834} INFO - Setting next_dagrun for upload_historical_congress_data to 2024-03-15 00:00:00+00:00, run_after=2024-03-15 00:00:00+00:00
[2024-03-28T03:39:11.210+0000] {processor.py:183} INFO - Processing /opt/airflow/dags/upload_historical_congress_data.py took 0.277 seconds
[2024-03-28T03:39:41.306+0000] {processor.py:161} INFO - Started process (PID=46) to work on /opt/airflow/dags/upload_historical_congress_data.py
[2024-03-28T03:39:41.308+0000] {processor.py:830} INFO - Processing file /opt/airflow/dags/upload_historical_congress_data.py for tasks to queue
[2024-03-28T03:39:41.313+0000] {logging_mixin.py:188} INFO - [2024-03-28T03:39:41.312+0000] {dagbag.py:540} INFO - Filling up the DagBag from /opt/airflow/dags/upload_historical_congress_data.py
[2024-03-28T03:39:41.397+0000] {processor.py:840} INFO - DAG(s) 'upload_historical_congress_data' retrieved from /opt/airflow/dags/upload_historical_congress_data.py
[2024-03-28T03:39:41.425+0000] {logging_mixin.py:188} INFO - [2024-03-28T03:39:41.425+0000] {dag.py:3047} INFO - Sync 1 DAGs
[2024-03-28T03:39:41.471+0000] {processor.py:183} INFO - Processing /opt/airflow/dags/upload_historical_congress_data.py took 0.170 seconds
[2024-03-28T03:40:11.724+0000] {processor.py:161} INFO - Started process (PID=53) to work on /opt/airflow/dags/upload_historical_congress_data.py
[2024-03-28T03:40:11.727+0000] {processor.py:830} INFO - Processing file /opt/airflow/dags/upload_historical_congress_data.py for tasks to queue
[2024-03-28T03:40:11.731+0000] {logging_mixin.py:188} INFO - [2024-03-28T03:40:11.731+0000] {dagbag.py:540} INFO - Filling up the DagBag from /opt/airflow/dags/upload_historical_congress_data.py
[2024-03-28T03:40:11.798+0000] {processor.py:840} INFO - DAG(s) 'upload_historical_congress_data' retrieved from /opt/airflow/dags/upload_historical_congress_data.py
[2024-03-28T03:40:11.824+0000] {logging_mixin.py:188} INFO - [2024-03-28T03:40:11.823+0000] {dag.py:3047} INFO - Sync 1 DAGs
[2024-03-28T03:40:11.855+0000] {processor.py:183} INFO - Processing /opt/airflow/dags/upload_historical_congress_data.py took 0.135 seconds
[2024-03-28T03:40:42.400+0000] {processor.py:161} INFO - Started process (PID=60) to work on /opt/airflow/dags/upload_historical_congress_data.py
[2024-03-28T03:40:42.403+0000] {processor.py:830} INFO - Processing file /opt/airflow/dags/upload_historical_congress_data.py for tasks to queue
[2024-03-28T03:40:42.407+0000] {logging_mixin.py:188} INFO - [2024-03-28T03:40:42.406+0000] {dagbag.py:540} INFO - Filling up the DagBag from /opt/airflow/dags/upload_historical_congress_data.py
[2024-03-28T03:40:42.474+0000] {processor.py:840} INFO - DAG(s) 'upload_historical_congress_data' retrieved from /opt/airflow/dags/upload_historical_congress_data.py
[2024-03-28T03:40:42.497+0000] {logging_mixin.py:188} INFO - [2024-03-28T03:40:42.497+0000] {dag.py:3047} INFO - Sync 1 DAGs
[2024-03-28T03:40:42.524+0000] {processor.py:183} INFO - Processing /opt/airflow/dags/upload_historical_congress_data.py took 0.128 seconds
[2024-03-28T03:41:12.752+0000] {processor.py:161} INFO - Started process (PID=67) to work on /opt/airflow/dags/upload_historical_congress_data.py
[2024-03-28T03:41:12.754+0000] {processor.py:830} INFO - Processing file /opt/airflow/dags/upload_historical_congress_data.py for tasks to queue
[2024-03-28T03:41:12.760+0000] {logging_mixin.py:188} INFO - [2024-03-28T03:41:12.760+0000] {dagbag.py:540} INFO - Filling up the DagBag from /opt/airflow/dags/upload_historical_congress_data.py
[2024-03-28T03:41:12.809+0000] {processor.py:840} INFO - DAG(s) 'upload_historical_congress_data' retrieved from /opt/airflow/dags/upload_historical_congress_data.py
[2024-03-28T03:41:12.830+0000] {logging_mixin.py:188} INFO - [2024-03-28T03:41:12.830+0000] {dag.py:3047} INFO - Sync 1 DAGs
[2024-03-28T03:41:12.865+0000] {processor.py:183} INFO - Processing /opt/airflow/dags/upload_historical_congress_data.py took 0.117 seconds
[2024-03-28T03:41:43.308+0000] {processor.py:161} INFO - Started process (PID=74) to work on /opt/airflow/dags/upload_historical_congress_data.py
[2024-03-28T03:41:43.310+0000] {processor.py:830} INFO - Processing file /opt/airflow/dags/upload_historical_congress_data.py for tasks to queue
[2024-03-28T03:41:43.314+0000] {logging_mixin.py:188} INFO - [2024-03-28T03:41:43.314+0000] {dagbag.py:540} INFO - Filling up the DagBag from /opt/airflow/dags/upload_historical_congress_data.py
[2024-03-28T03:41:43.401+0000] {processor.py:840} INFO - DAG(s) 'upload_historical_congress_data' retrieved from /opt/airflow/dags/upload_historical_congress_data.py
[2024-03-28T03:41:43.437+0000] {logging_mixin.py:188} INFO - [2024-03-28T03:41:43.436+0000] {dag.py:3047} INFO - Sync 1 DAGs
[2024-03-28T03:41:43.475+0000] {processor.py:183} INFO - Processing /opt/airflow/dags/upload_historical_congress_data.py took 0.171 seconds
[2024-03-28T03:42:13.617+0000] {processor.py:161} INFO - Started process (PID=81) to work on /opt/airflow/dags/upload_historical_congress_data.py
[2024-03-28T03:42:13.620+0000] {processor.py:830} INFO - Processing file /opt/airflow/dags/upload_historical_congress_data.py for tasks to queue
[2024-03-28T03:42:13.624+0000] {logging_mixin.py:188} INFO - [2024-03-28T03:42:13.624+0000] {dagbag.py:540} INFO - Filling up the DagBag from /opt/airflow/dags/upload_historical_congress_data.py
[2024-03-28T03:42:13.707+0000] {processor.py:840} INFO - DAG(s) 'upload_historical_congress_data' retrieved from /opt/airflow/dags/upload_historical_congress_data.py
[2024-03-28T03:42:13.731+0000] {logging_mixin.py:188} INFO - [2024-03-28T03:42:13.731+0000] {dag.py:3047} INFO - Sync 1 DAGs
[2024-03-28T03:42:13.758+0000] {processor.py:183} INFO - Processing /opt/airflow/dags/upload_historical_congress_data.py took 0.147 seconds
[2024-03-28T03:42:44.279+0000] {processor.py:161} INFO - Started process (PID=88) to work on /opt/airflow/dags/upload_historical_congress_data.py
[2024-03-28T03:42:44.282+0000] {processor.py:830} INFO - Processing file /opt/airflow/dags/upload_historical_congress_data.py for tasks to queue
[2024-03-28T03:42:44.293+0000] {logging_mixin.py:188} INFO - [2024-03-28T03:42:44.292+0000] {dagbag.py:540} INFO - Filling up the DagBag from /opt/airflow/dags/upload_historical_congress_data.py
[2024-03-28T03:42:44.384+0000] {processor.py:840} INFO - DAG(s) 'upload_historical_congress_data' retrieved from /opt/airflow/dags/upload_historical_congress_data.py
[2024-03-28T03:42:44.419+0000] {logging_mixin.py:188} INFO - [2024-03-28T03:42:44.418+0000] {dag.py:3047} INFO - Sync 1 DAGs
[2024-03-28T03:42:44.537+0000] {processor.py:183} INFO - Processing /opt/airflow/dags/upload_historical_congress_data.py took 0.264 seconds
[2024-03-28T03:43:14.833+0000] {processor.py:161} INFO - Started process (PID=95) to work on /opt/airflow/dags/upload_historical_congress_data.py
[2024-03-28T03:43:14.837+0000] {processor.py:830} INFO - Processing file /opt/airflow/dags/upload_historical_congress_data.py for tasks to queue
[2024-03-28T03:43:14.842+0000] {logging_mixin.py:188} INFO - [2024-03-28T03:43:14.842+0000] {dagbag.py:540} INFO - Filling up the DagBag from /opt/airflow/dags/upload_historical_congress_data.py
[2024-03-28T03:43:14.918+0000] {processor.py:840} INFO - DAG(s) 'upload_historical_congress_data' retrieved from /opt/airflow/dags/upload_historical_congress_data.py
[2024-03-28T03:43:14.947+0000] {logging_mixin.py:188} INFO - [2024-03-28T03:43:14.947+0000] {dag.py:3047} INFO - Sync 1 DAGs
[2024-03-28T03:43:14.983+0000] {processor.py:183} INFO - Processing /opt/airflow/dags/upload_historical_congress_data.py took 0.166 seconds
[2024-03-28T03:43:45.254+0000] {processor.py:161} INFO - Started process (PID=102) to work on /opt/airflow/dags/upload_historical_congress_data.py
[2024-03-28T03:43:45.256+0000] {processor.py:830} INFO - Processing file /opt/airflow/dags/upload_historical_congress_data.py for tasks to queue
[2024-03-28T03:43:45.259+0000] {logging_mixin.py:188} INFO - [2024-03-28T03:43:45.259+0000] {dagbag.py:540} INFO - Filling up the DagBag from /opt/airflow/dags/upload_historical_congress_data.py
[2024-03-28T03:43:45.318+0000] {processor.py:840} INFO - DAG(s) 'upload_historical_congress_data' retrieved from /opt/airflow/dags/upload_historical_congress_data.py
[2024-03-28T03:43:45.344+0000] {logging_mixin.py:188} INFO - [2024-03-28T03:43:45.344+0000] {dag.py:3047} INFO - Sync 1 DAGs
[2024-03-28T03:43:45.372+0000] {processor.py:183} INFO - Processing /opt/airflow/dags/upload_historical_congress_data.py took 0.122 seconds
[2024-03-28T03:44:15.621+0000] {processor.py:161} INFO - Started process (PID=109) to work on /opt/airflow/dags/upload_historical_congress_data.py
[2024-03-28T03:44:15.624+0000] {processor.py:830} INFO - Processing file /opt/airflow/dags/upload_historical_congress_data.py for tasks to queue
[2024-03-28T03:44:15.627+0000] {logging_mixin.py:188} INFO - [2024-03-28T03:44:15.626+0000] {dagbag.py:540} INFO - Filling up the DagBag from /opt/airflow/dags/upload_historical_congress_data.py
[2024-03-28T03:44:15.682+0000] {processor.py:840} INFO - DAG(s) 'upload_historical_congress_data' retrieved from /opt/airflow/dags/upload_historical_congress_data.py
[2024-03-28T03:44:15.708+0000] {logging_mixin.py:188} INFO - [2024-03-28T03:44:15.708+0000] {dag.py:3047} INFO - Sync 1 DAGs
[2024-03-28T03:44:15.753+0000] {processor.py:183} INFO - Processing /opt/airflow/dags/upload_historical_congress_data.py took 0.136 seconds
[2024-03-28T03:44:45.943+0000] {processor.py:161} INFO - Started process (PID=116) to work on /opt/airflow/dags/upload_historical_congress_data.py
[2024-03-28T03:44:45.945+0000] {processor.py:830} INFO - Processing file /opt/airflow/dags/upload_historical_congress_data.py for tasks to queue
[2024-03-28T03:44:45.949+0000] {logging_mixin.py:188} INFO - [2024-03-28T03:44:45.949+0000] {dagbag.py:540} INFO - Filling up the DagBag from /opt/airflow/dags/upload_historical_congress_data.py
[2024-03-28T03:44:46.008+0000] {processor.py:840} INFO - DAG(s) 'upload_historical_congress_data' retrieved from /opt/airflow/dags/upload_historical_congress_data.py
[2024-03-28T03:44:46.035+0000] {logging_mixin.py:188} INFO - [2024-03-28T03:44:46.035+0000] {dag.py:3047} INFO - Sync 1 DAGs
[2024-03-28T03:44:46.065+0000] {processor.py:183} INFO - Processing /opt/airflow/dags/upload_historical_congress_data.py took 0.128 seconds
[2024-03-28T03:45:16.312+0000] {processor.py:161} INFO - Started process (PID=124) to work on /opt/airflow/dags/upload_historical_congress_data.py
[2024-03-28T03:45:16.314+0000] {processor.py:830} INFO - Processing file /opt/airflow/dags/upload_historical_congress_data.py for tasks to queue
[2024-03-28T03:45:16.318+0000] {logging_mixin.py:188} INFO - [2024-03-28T03:45:16.318+0000] {dagbag.py:540} INFO - Filling up the DagBag from /opt/airflow/dags/upload_historical_congress_data.py
[2024-03-28T03:45:16.401+0000] {processor.py:840} INFO - DAG(s) 'upload_historical_congress_data' retrieved from /opt/airflow/dags/upload_historical_congress_data.py
[2024-03-28T03:45:16.440+0000] {logging_mixin.py:188} INFO - [2024-03-28T03:45:16.439+0000] {dag.py:3047} INFO - Sync 1 DAGs
[2024-03-28T03:45:16.471+0000] {processor.py:183} INFO - Processing /opt/airflow/dags/upload_historical_congress_data.py took 0.164 seconds
[2024-03-28T03:45:46.654+0000] {processor.py:161} INFO - Started process (PID=131) to work on /opt/airflow/dags/upload_historical_congress_data.py
[2024-03-28T03:45:46.658+0000] {processor.py:830} INFO - Processing file /opt/airflow/dags/upload_historical_congress_data.py for tasks to queue
[2024-03-28T03:45:46.674+0000] {logging_mixin.py:188} INFO - [2024-03-28T03:45:46.673+0000] {dagbag.py:540} INFO - Filling up the DagBag from /opt/airflow/dags/upload_historical_congress_data.py
[2024-03-28T03:45:46.728+0000] {processor.py:840} INFO - DAG(s) 'upload_historical_congress_data' retrieved from /opt/airflow/dags/upload_historical_congress_data.py
[2024-03-28T03:45:46.754+0000] {logging_mixin.py:188} INFO - [2024-03-28T03:45:46.754+0000] {dag.py:3047} INFO - Sync 1 DAGs
[2024-03-28T03:45:46.802+0000] {processor.py:183} INFO - Processing /opt/airflow/dags/upload_historical_congress_data.py took 0.153 seconds
[2024-03-28T03:46:16.980+0000] {processor.py:161} INFO - Started process (PID=137) to work on /opt/airflow/dags/upload_historical_congress_data.py
[2024-03-28T03:46:16.983+0000] {processor.py:830} INFO - Processing file /opt/airflow/dags/upload_historical_congress_data.py for tasks to queue
[2024-03-28T03:46:16.986+0000] {logging_mixin.py:188} INFO - [2024-03-28T03:46:16.986+0000] {dagbag.py:540} INFO - Filling up the DagBag from /opt/airflow/dags/upload_historical_congress_data.py
[2024-03-28T03:46:17.044+0000] {processor.py:840} INFO - DAG(s) 'upload_historical_congress_data' retrieved from /opt/airflow/dags/upload_historical_congress_data.py
[2024-03-28T03:46:17.070+0000] {logging_mixin.py:188} INFO - [2024-03-28T03:46:17.069+0000] {dag.py:3047} INFO - Sync 1 DAGs
[2024-03-28T03:46:17.098+0000] {processor.py:183} INFO - Processing /opt/airflow/dags/upload_historical_congress_data.py took 0.123 seconds
[2024-03-28T03:46:47.420+0000] {processor.py:161} INFO - Started process (PID=144) to work on /opt/airflow/dags/upload_historical_congress_data.py
[2024-03-28T03:46:47.423+0000] {processor.py:830} INFO - Processing file /opt/airflow/dags/upload_historical_congress_data.py for tasks to queue
[2024-03-28T03:46:47.426+0000] {logging_mixin.py:188} INFO - [2024-03-28T03:46:47.426+0000] {dagbag.py:540} INFO - Filling up the DagBag from /opt/airflow/dags/upload_historical_congress_data.py
[2024-03-28T03:46:47.485+0000] {processor.py:840} INFO - DAG(s) 'upload_historical_congress_data' retrieved from /opt/airflow/dags/upload_historical_congress_data.py
[2024-03-28T03:46:47.508+0000] {logging_mixin.py:188} INFO - [2024-03-28T03:46:47.508+0000] {dag.py:3047} INFO - Sync 1 DAGs
[2024-03-28T03:46:47.545+0000] {processor.py:183} INFO - Processing /opt/airflow/dags/upload_historical_congress_data.py took 0.129 seconds
[2024-03-28T03:47:17.767+0000] {processor.py:161} INFO - Started process (PID=151) to work on /opt/airflow/dags/upload_historical_congress_data.py
[2024-03-28T03:47:17.770+0000] {processor.py:830} INFO - Processing file /opt/airflow/dags/upload_historical_congress_data.py for tasks to queue
[2024-03-28T03:47:17.774+0000] {logging_mixin.py:188} INFO - [2024-03-28T03:47:17.773+0000] {dagbag.py:540} INFO - Filling up the DagBag from /opt/airflow/dags/upload_historical_congress_data.py
[2024-03-28T03:47:17.833+0000] {processor.py:840} INFO - DAG(s) 'upload_historical_congress_data' retrieved from /opt/airflow/dags/upload_historical_congress_data.py
[2024-03-28T03:47:17.859+0000] {logging_mixin.py:188} INFO - [2024-03-28T03:47:17.858+0000] {dag.py:3047} INFO - Sync 1 DAGs
[2024-03-28T03:47:17.905+0000] {processor.py:183} INFO - Processing /opt/airflow/dags/upload_historical_congress_data.py took 0.142 seconds
[2024-03-28T03:47:48.313+0000] {processor.py:161} INFO - Started process (PID=158) to work on /opt/airflow/dags/upload_historical_congress_data.py
[2024-03-28T03:47:48.315+0000] {processor.py:830} INFO - Processing file /opt/airflow/dags/upload_historical_congress_data.py for tasks to queue
[2024-03-28T03:47:48.319+0000] {logging_mixin.py:188} INFO - [2024-03-28T03:47:48.318+0000] {dagbag.py:540} INFO - Filling up the DagBag from /opt/airflow/dags/upload_historical_congress_data.py
[2024-03-28T03:47:48.396+0000] {processor.py:840} INFO - DAG(s) 'upload_historical_congress_data' retrieved from /opt/airflow/dags/upload_historical_congress_data.py
[2024-03-28T03:47:48.426+0000] {logging_mixin.py:188} INFO - [2024-03-28T03:47:48.425+0000] {dag.py:3047} INFO - Sync 1 DAGs
[2024-03-28T03:47:48.455+0000] {processor.py:183} INFO - Processing /opt/airflow/dags/upload_historical_congress_data.py took 0.147 seconds
[2024-03-28T03:48:18.678+0000] {processor.py:161} INFO - Started process (PID=165) to work on /opt/airflow/dags/upload_historical_congress_data.py
[2024-03-28T03:48:18.681+0000] {processor.py:830} INFO - Processing file /opt/airflow/dags/upload_historical_congress_data.py for tasks to queue
[2024-03-28T03:48:18.686+0000] {logging_mixin.py:188} INFO - [2024-03-28T03:48:18.685+0000] {dagbag.py:540} INFO - Filling up the DagBag from /opt/airflow/dags/upload_historical_congress_data.py
[2024-03-28T03:48:18.746+0000] {processor.py:840} INFO - DAG(s) 'upload_historical_congress_data' retrieved from /opt/airflow/dags/upload_historical_congress_data.py
[2024-03-28T03:48:18.780+0000] {logging_mixin.py:188} INFO - [2024-03-28T03:48:18.780+0000] {dag.py:3047} INFO - Sync 1 DAGs
[2024-03-28T03:48:18.810+0000] {processor.py:183} INFO - Processing /opt/airflow/dags/upload_historical_congress_data.py took 0.138 seconds
[2024-03-28T03:48:49.343+0000] {processor.py:161} INFO - Started process (PID=171) to work on /opt/airflow/dags/upload_historical_congress_data.py
[2024-03-28T03:48:49.345+0000] {processor.py:830} INFO - Processing file /opt/airflow/dags/upload_historical_congress_data.py for tasks to queue
[2024-03-28T03:48:49.349+0000] {logging_mixin.py:188} INFO - [2024-03-28T03:48:49.348+0000] {dagbag.py:540} INFO - Filling up the DagBag from /opt/airflow/dags/upload_historical_congress_data.py
[2024-03-28T03:48:49.407+0000] {processor.py:840} INFO - DAG(s) 'upload_historical_congress_data' retrieved from /opt/airflow/dags/upload_historical_congress_data.py
[2024-03-28T03:48:49.432+0000] {logging_mixin.py:188} INFO - [2024-03-28T03:48:49.432+0000] {dag.py:3047} INFO - Sync 1 DAGs
[2024-03-28T03:48:49.466+0000] {processor.py:183} INFO - Processing /opt/airflow/dags/upload_historical_congress_data.py took 0.127 seconds
[2024-03-28T03:49:19.687+0000] {processor.py:161} INFO - Started process (PID=178) to work on /opt/airflow/dags/upload_historical_congress_data.py
[2024-03-28T03:49:19.689+0000] {processor.py:830} INFO - Processing file /opt/airflow/dags/upload_historical_congress_data.py for tasks to queue
[2024-03-28T03:49:19.693+0000] {logging_mixin.py:188} INFO - [2024-03-28T03:49:19.693+0000] {dagbag.py:540} INFO - Filling up the DagBag from /opt/airflow/dags/upload_historical_congress_data.py
[2024-03-28T03:49:19.780+0000] {processor.py:840} INFO - DAG(s) 'upload_historical_congress_data' retrieved from /opt/airflow/dags/upload_historical_congress_data.py
[2024-03-28T03:49:19.805+0000] {logging_mixin.py:188} INFO - [2024-03-28T03:49:19.805+0000] {dag.py:3047} INFO - Sync 1 DAGs
[2024-03-28T03:49:19.834+0000] {processor.py:183} INFO - Processing /opt/airflow/dags/upload_historical_congress_data.py took 0.152 seconds
[2024-03-28T03:49:50.402+0000] {processor.py:161} INFO - Started process (PID=185) to work on /opt/airflow/dags/upload_historical_congress_data.py
[2024-03-28T03:49:50.405+0000] {processor.py:830} INFO - Processing file /opt/airflow/dags/upload_historical_congress_data.py for tasks to queue
[2024-03-28T03:49:50.409+0000] {logging_mixin.py:188} INFO - [2024-03-28T03:49:50.409+0000] {dagbag.py:540} INFO - Filling up the DagBag from /opt/airflow/dags/upload_historical_congress_data.py
[2024-03-28T03:49:50.477+0000] {processor.py:840} INFO - DAG(s) 'upload_historical_congress_data' retrieved from /opt/airflow/dags/upload_historical_congress_data.py
[2024-03-28T03:49:50.501+0000] {logging_mixin.py:188} INFO - [2024-03-28T03:49:50.501+0000] {dag.py:3047} INFO - Sync 1 DAGs
[2024-03-28T03:49:50.528+0000] {processor.py:183} INFO - Processing /opt/airflow/dags/upload_historical_congress_data.py took 0.131 seconds
[2024-03-28T03:50:20.665+0000] {processor.py:161} INFO - Started process (PID=192) to work on /opt/airflow/dags/upload_historical_congress_data.py
[2024-03-28T03:50:20.668+0000] {processor.py:830} INFO - Processing file /opt/airflow/dags/upload_historical_congress_data.py for tasks to queue
[2024-03-28T03:50:20.672+0000] {logging_mixin.py:188} INFO - [2024-03-28T03:50:20.671+0000] {dagbag.py:540} INFO - Filling up the DagBag from /opt/airflow/dags/upload_historical_congress_data.py
[2024-03-28T03:50:20.752+0000] {processor.py:840} INFO - DAG(s) 'upload_historical_congress_data' retrieved from /opt/airflow/dags/upload_historical_congress_data.py
[2024-03-28T03:50:20.778+0000] {logging_mixin.py:188} INFO - [2024-03-28T03:50:20.777+0000] {dag.py:3047} INFO - Sync 1 DAGs
[2024-03-28T03:50:20.804+0000] {processor.py:183} INFO - Processing /opt/airflow/dags/upload_historical_congress_data.py took 0.143 seconds
[2024-03-28T03:50:51.406+0000] {processor.py:161} INFO - Started process (PID=199) to work on /opt/airflow/dags/upload_historical_congress_data.py
[2024-03-28T03:50:51.411+0000] {processor.py:830} INFO - Processing file /opt/airflow/dags/upload_historical_congress_data.py for tasks to queue
[2024-03-28T03:50:51.415+0000] {logging_mixin.py:188} INFO - [2024-03-28T03:50:51.414+0000] {dagbag.py:540} INFO - Filling up the DagBag from /opt/airflow/dags/upload_historical_congress_data.py
[2024-03-28T03:50:51.503+0000] {processor.py:840} INFO - DAG(s) 'upload_historical_congress_data' retrieved from /opt/airflow/dags/upload_historical_congress_data.py
[2024-03-28T03:50:51.528+0000] {logging_mixin.py:188} INFO - [2024-03-28T03:50:51.527+0000] {dag.py:3047} INFO - Sync 1 DAGs
[2024-03-28T03:50:51.556+0000] {processor.py:183} INFO - Processing /opt/airflow/dags/upload_historical_congress_data.py took 0.154 seconds
[2024-03-28T03:51:21.767+0000] {processor.py:161} INFO - Started process (PID=206) to work on /opt/airflow/dags/upload_historical_congress_data.py
[2024-03-28T03:51:21.769+0000] {processor.py:830} INFO - Processing file /opt/airflow/dags/upload_historical_congress_data.py for tasks to queue
[2024-03-28T03:51:21.773+0000] {logging_mixin.py:188} INFO - [2024-03-28T03:51:21.772+0000] {dagbag.py:540} INFO - Filling up the DagBag from /opt/airflow/dags/upload_historical_congress_data.py
[2024-03-28T03:51:21.844+0000] {processor.py:840} INFO - DAG(s) 'upload_historical_congress_data' retrieved from /opt/airflow/dags/upload_historical_congress_data.py
[2024-03-28T03:51:21.868+0000] {logging_mixin.py:188} INFO - [2024-03-28T03:51:21.868+0000] {dag.py:3047} INFO - Sync 1 DAGs
[2024-03-28T03:51:21.893+0000] {processor.py:183} INFO - Processing /opt/airflow/dags/upload_historical_congress_data.py took 0.130 seconds
[2024-03-28T03:51:52.384+0000] {processor.py:161} INFO - Started process (PID=213) to work on /opt/airflow/dags/upload_historical_congress_data.py
[2024-03-28T03:51:52.386+0000] {processor.py:830} INFO - Processing file /opt/airflow/dags/upload_historical_congress_data.py for tasks to queue
[2024-03-28T03:51:52.390+0000] {logging_mixin.py:188} INFO - [2024-03-28T03:51:52.389+0000] {dagbag.py:540} INFO - Filling up the DagBag from /opt/airflow/dags/upload_historical_congress_data.py
[2024-03-28T03:51:52.604+0000] {processor.py:840} INFO - DAG(s) 'upload_historical_congress_data' retrieved from /opt/airflow/dags/upload_historical_congress_data.py
[2024-03-28T03:51:52.643+0000] {logging_mixin.py:188} INFO - [2024-03-28T03:51:52.642+0000] {dag.py:3047} INFO - Sync 1 DAGs
[2024-03-28T03:51:52.693+0000] {processor.py:183} INFO - Processing /opt/airflow/dags/upload_historical_congress_data.py took 0.314 seconds
[2024-03-28T03:52:10.876+0000] {processor.py:161} INFO - Started process (PID=220) to work on /opt/airflow/dags/upload_historical_congress_data.py
[2024-03-28T03:52:10.881+0000] {processor.py:830} INFO - Processing file /opt/airflow/dags/upload_historical_congress_data.py for tasks to queue
[2024-03-28T03:52:10.896+0000] {logging_mixin.py:188} INFO - [2024-03-28T03:52:10.896+0000] {dagbag.py:540} INFO - Filling up the DagBag from /opt/airflow/dags/upload_historical_congress_data.py
[2024-03-28T03:52:10.961+0000] {processor.py:840} INFO - DAG(s) 'upload_historical_congress_data' retrieved from /opt/airflow/dags/upload_historical_congress_data.py
[2024-03-28T03:52:11.078+0000] {logging_mixin.py:188} INFO - [2024-03-28T03:52:11.078+0000] {dag.py:3047} INFO - Sync 1 DAGs
[2024-03-28T03:52:11.113+0000] {processor.py:183} INFO - Processing /opt/airflow/dags/upload_historical_congress_data.py took 0.241 seconds
[2024-03-28T03:52:41.476+0000] {processor.py:161} INFO - Started process (PID=227) to work on /opt/airflow/dags/upload_historical_congress_data.py
[2024-03-28T03:52:41.487+0000] {processor.py:830} INFO - Processing file /opt/airflow/dags/upload_historical_congress_data.py for tasks to queue
[2024-03-28T03:52:41.492+0000] {logging_mixin.py:188} INFO - [2024-03-28T03:52:41.491+0000] {dagbag.py:540} INFO - Filling up the DagBag from /opt/airflow/dags/upload_historical_congress_data.py
[2024-03-28T03:52:41.560+0000] {processor.py:840} INFO - DAG(s) 'upload_historical_congress_data' retrieved from /opt/airflow/dags/upload_historical_congress_data.py
[2024-03-28T03:52:41.605+0000] {logging_mixin.py:188} INFO - [2024-03-28T03:52:41.605+0000] {dag.py:3047} INFO - Sync 1 DAGs
[2024-03-28T03:52:41.636+0000] {processor.py:183} INFO - Processing /opt/airflow/dags/upload_historical_congress_data.py took 0.175 seconds
[2024-03-28T03:53:11.930+0000] {processor.py:161} INFO - Started process (PID=234) to work on /opt/airflow/dags/upload_historical_congress_data.py
[2024-03-28T03:53:11.933+0000] {processor.py:830} INFO - Processing file /opt/airflow/dags/upload_historical_congress_data.py for tasks to queue
[2024-03-28T03:53:11.937+0000] {logging_mixin.py:188} INFO - [2024-03-28T03:53:11.936+0000] {dagbag.py:540} INFO - Filling up the DagBag from /opt/airflow/dags/upload_historical_congress_data.py
[2024-03-28T03:53:11.993+0000] {processor.py:840} INFO - DAG(s) 'upload_historical_congress_data' retrieved from /opt/airflow/dags/upload_historical_congress_data.py
[2024-03-28T03:53:12.021+0000] {logging_mixin.py:188} INFO - [2024-03-28T03:53:12.021+0000] {dag.py:3047} INFO - Sync 1 DAGs
[2024-03-28T03:53:12.049+0000] {processor.py:183} INFO - Processing /opt/airflow/dags/upload_historical_congress_data.py took 0.131 seconds
[2024-03-28T03:53:42.272+0000] {processor.py:161} INFO - Started process (PID=240) to work on /opt/airflow/dags/upload_historical_congress_data.py
[2024-03-28T03:53:42.275+0000] {processor.py:830} INFO - Processing file /opt/airflow/dags/upload_historical_congress_data.py for tasks to queue
[2024-03-28T03:53:42.279+0000] {logging_mixin.py:188} INFO - [2024-03-28T03:53:42.278+0000] {dagbag.py:540} INFO - Filling up the DagBag from /opt/airflow/dags/upload_historical_congress_data.py
[2024-03-28T03:53:42.335+0000] {processor.py:840} INFO - DAG(s) 'upload_historical_congress_data' retrieved from /opt/airflow/dags/upload_historical_congress_data.py
[2024-03-28T03:53:42.374+0000] {logging_mixin.py:188} INFO - [2024-03-28T03:53:42.374+0000] {dag.py:3047} INFO - Sync 1 DAGs
[2024-03-28T03:53:42.410+0000] {processor.py:183} INFO - Processing /opt/airflow/dags/upload_historical_congress_data.py took 0.142 seconds
[2024-03-28T03:54:12.660+0000] {processor.py:161} INFO - Started process (PID=256) to work on /opt/airflow/dags/upload_historical_congress_data.py
[2024-03-28T03:54:12.666+0000] {processor.py:830} INFO - Processing file /opt/airflow/dags/upload_historical_congress_data.py for tasks to queue
[2024-03-28T03:54:12.675+0000] {logging_mixin.py:188} INFO - [2024-03-28T03:54:12.675+0000] {dagbag.py:540} INFO - Filling up the DagBag from /opt/airflow/dags/upload_historical_congress_data.py
[2024-03-28T03:54:12.742+0000] {processor.py:840} INFO - DAG(s) 'upload_historical_congress_data' retrieved from /opt/airflow/dags/upload_historical_congress_data.py
[2024-03-28T03:54:12.765+0000] {logging_mixin.py:188} INFO - [2024-03-28T03:54:12.765+0000] {dag.py:3047} INFO - Sync 1 DAGs
[2024-03-28T03:54:12.806+0000] {processor.py:183} INFO - Processing /opt/airflow/dags/upload_historical_congress_data.py took 0.156 seconds
[2024-03-28T03:54:43.458+0000] {processor.py:161} INFO - Started process (PID=263) to work on /opt/airflow/dags/upload_historical_congress_data.py
[2024-03-28T03:54:43.462+0000] {processor.py:830} INFO - Processing file /opt/airflow/dags/upload_historical_congress_data.py for tasks to queue
[2024-03-28T03:54:43.466+0000] {logging_mixin.py:188} INFO - [2024-03-28T03:54:43.466+0000] {dagbag.py:540} INFO - Filling up the DagBag from /opt/airflow/dags/upload_historical_congress_data.py
[2024-03-28T03:54:43.541+0000] {processor.py:840} INFO - DAG(s) 'upload_historical_congress_data' retrieved from /opt/airflow/dags/upload_historical_congress_data.py
[2024-03-28T03:54:43.569+0000] {logging_mixin.py:188} INFO - [2024-03-28T03:54:43.568+0000] {dag.py:3047} INFO - Sync 1 DAGs
[2024-03-28T03:54:43.599+0000] {processor.py:183} INFO - Processing /opt/airflow/dags/upload_historical_congress_data.py took 0.145 seconds
[2024-03-28T03:55:13.776+0000] {processor.py:161} INFO - Started process (PID=274) to work on /opt/airflow/dags/upload_historical_congress_data.py
[2024-03-28T03:55:13.791+0000] {processor.py:830} INFO - Processing file /opt/airflow/dags/upload_historical_congress_data.py for tasks to queue
[2024-03-28T03:55:13.806+0000] {logging_mixin.py:188} INFO - [2024-03-28T03:55:13.805+0000] {dagbag.py:540} INFO - Filling up the DagBag from /opt/airflow/dags/upload_historical_congress_data.py
[2024-03-28T03:55:13.867+0000] {processor.py:840} INFO - DAG(s) 'upload_historical_congress_data' retrieved from /opt/airflow/dags/upload_historical_congress_data.py
[2024-03-28T03:55:13.891+0000] {logging_mixin.py:188} INFO - [2024-03-28T03:55:13.891+0000] {dag.py:3047} INFO - Sync 1 DAGs
[2024-03-28T03:55:13.919+0000] {processor.py:183} INFO - Processing /opt/airflow/dags/upload_historical_congress_data.py took 0.148 seconds
[2024-03-28T03:55:44.327+0000] {processor.py:161} INFO - Started process (PID=281) to work on /opt/airflow/dags/upload_historical_congress_data.py
[2024-03-28T03:55:44.330+0000] {processor.py:830} INFO - Processing file /opt/airflow/dags/upload_historical_congress_data.py for tasks to queue
[2024-03-28T03:55:44.335+0000] {logging_mixin.py:188} INFO - [2024-03-28T03:55:44.334+0000] {dagbag.py:540} INFO - Filling up the DagBag from /opt/airflow/dags/upload_historical_congress_data.py
[2024-03-28T03:55:44.514+0000] {processor.py:840} INFO - DAG(s) 'upload_historical_congress_data' retrieved from /opt/airflow/dags/upload_historical_congress_data.py
[2024-03-28T03:55:44.601+0000] {logging_mixin.py:188} INFO - [2024-03-28T03:55:44.601+0000] {dag.py:3047} INFO - Sync 1 DAGs
[2024-03-28T03:55:44.610+0000] {logging_mixin.py:188} INFO - [2024-03-28T03:55:44.610+0000] {dag.py:3069} INFO - Creating ORM DAG for upload_historical_congress_data
[2024-03-28T03:55:44.618+0000] {logging_mixin.py:188} INFO - [2024-03-28T03:55:44.618+0000] {dag.py:3834} INFO - Setting next_dagrun for upload_historical_congress_data to 2024-03-15 00:00:00+00:00, run_after=2024-03-15 00:00:00+00:00
[2024-03-28T03:55:44.641+0000] {processor.py:183} INFO - Processing /opt/airflow/dags/upload_historical_congress_data.py took 0.318 seconds
[2024-03-28T03:56:32.764+0000] {processor.py:161} INFO - Started process (PID=34) to work on /opt/airflow/dags/upload_historical_congress_data.py
[2024-03-28T03:56:32.780+0000] {processor.py:830} INFO - Processing file /opt/airflow/dags/upload_historical_congress_data.py for tasks to queue
[2024-03-28T03:56:32.788+0000] {logging_mixin.py:188} INFO - [2024-03-28T03:56:32.787+0000] {dagbag.py:540} INFO - Filling up the DagBag from /opt/airflow/dags/upload_historical_congress_data.py
[2024-03-28T03:56:32.922+0000] {processor.py:840} INFO - DAG(s) 'upload_historical_congress_data' retrieved from /opt/airflow/dags/upload_historical_congress_data.py
[2024-03-28T03:56:33.087+0000] {logging_mixin.py:188} INFO - [2024-03-28T03:56:33.086+0000] {dag.py:3047} INFO - Sync 1 DAGs
[2024-03-28T03:56:33.106+0000] {logging_mixin.py:188} INFO - [2024-03-28T03:56:33.106+0000] {dag.py:3834} INFO - Setting next_dagrun for upload_historical_congress_data to 2024-03-15 00:00:00+00:00, run_after=2024-03-15 00:00:00+00:00
[2024-03-28T03:56:33.143+0000] {processor.py:183} INFO - Processing /opt/airflow/dags/upload_historical_congress_data.py took 0.405 seconds
[2024-03-28T03:57:03.489+0000] {processor.py:161} INFO - Started process (PID=45) to work on /opt/airflow/dags/upload_historical_congress_data.py
[2024-03-28T03:57:03.492+0000] {processor.py:830} INFO - Processing file /opt/airflow/dags/upload_historical_congress_data.py for tasks to queue
[2024-03-28T03:57:03.497+0000] {logging_mixin.py:188} INFO - [2024-03-28T03:57:03.496+0000] {dagbag.py:540} INFO - Filling up the DagBag from /opt/airflow/dags/upload_historical_congress_data.py
[2024-03-28T03:57:03.565+0000] {processor.py:840} INFO - DAG(s) 'upload_historical_congress_data' retrieved from /opt/airflow/dags/upload_historical_congress_data.py
[2024-03-28T03:57:03.601+0000] {logging_mixin.py:188} INFO - [2024-03-28T03:57:03.601+0000] {dag.py:3047} INFO - Sync 1 DAGs
[2024-03-28T03:57:03.638+0000] {processor.py:183} INFO - Processing /opt/airflow/dags/upload_historical_congress_data.py took 0.155 seconds
[2024-03-28T03:57:34.234+0000] {processor.py:161} INFO - Started process (PID=52) to work on /opt/airflow/dags/upload_historical_congress_data.py
[2024-03-28T03:57:34.238+0000] {processor.py:830} INFO - Processing file /opt/airflow/dags/upload_historical_congress_data.py for tasks to queue
[2024-03-28T03:57:34.249+0000] {logging_mixin.py:188} INFO - [2024-03-28T03:57:34.247+0000] {dagbag.py:540} INFO - Filling up the DagBag from /opt/airflow/dags/upload_historical_congress_data.py
[2024-03-28T03:57:34.505+0000] {processor.py:840} INFO - DAG(s) 'upload_historical_congress_data' retrieved from /opt/airflow/dags/upload_historical_congress_data.py
[2024-03-28T03:57:34.560+0000] {logging_mixin.py:188} INFO - [2024-03-28T03:57:34.560+0000] {dag.py:3047} INFO - Sync 1 DAGs
[2024-03-28T03:57:34.625+0000] {processor.py:183} INFO - Processing /opt/airflow/dags/upload_historical_congress_data.py took 0.401 seconds
[2024-03-28T03:58:04.888+0000] {processor.py:161} INFO - Started process (PID=67) to work on /opt/airflow/dags/upload_historical_congress_data.py
[2024-03-28T03:58:04.892+0000] {processor.py:830} INFO - Processing file /opt/airflow/dags/upload_historical_congress_data.py for tasks to queue
[2024-03-28T03:58:04.898+0000] {logging_mixin.py:188} INFO - [2024-03-28T03:58:04.897+0000] {dagbag.py:540} INFO - Filling up the DagBag from /opt/airflow/dags/upload_historical_congress_data.py
[2024-03-28T03:58:04.961+0000] {processor.py:840} INFO - DAG(s) 'upload_historical_congress_data' retrieved from /opt/airflow/dags/upload_historical_congress_data.py
[2024-03-28T03:58:04.999+0000] {logging_mixin.py:188} INFO - [2024-03-28T03:58:04.998+0000] {dag.py:3047} INFO - Sync 1 DAGs
[2024-03-28T03:58:05.028+0000] {processor.py:183} INFO - Processing /opt/airflow/dags/upload_historical_congress_data.py took 0.146 seconds
[2024-03-28T03:58:35.227+0000] {processor.py:161} INFO - Started process (PID=74) to work on /opt/airflow/dags/upload_historical_congress_data.py
[2024-03-28T03:58:35.231+0000] {processor.py:830} INFO - Processing file /opt/airflow/dags/upload_historical_congress_data.py for tasks to queue
[2024-03-28T03:58:35.235+0000] {logging_mixin.py:188} INFO - [2024-03-28T03:58:35.234+0000] {dagbag.py:540} INFO - Filling up the DagBag from /opt/airflow/dags/upload_historical_congress_data.py
[2024-03-28T03:58:35.324+0000] {processor.py:840} INFO - DAG(s) 'upload_historical_congress_data' retrieved from /opt/airflow/dags/upload_historical_congress_data.py
[2024-03-28T03:58:35.350+0000] {logging_mixin.py:188} INFO - [2024-03-28T03:58:35.350+0000] {dag.py:3047} INFO - Sync 1 DAGs
[2024-03-28T03:58:35.377+0000] {processor.py:183} INFO - Processing /opt/airflow/dags/upload_historical_congress_data.py took 0.156 seconds
[2024-03-28T03:58:44.518+0000] {processor.py:161} INFO - Started process (PID=75) to work on /opt/airflow/dags/upload_historical_congress_data.py
[2024-03-28T03:58:44.521+0000] {processor.py:830} INFO - Processing file /opt/airflow/dags/upload_historical_congress_data.py for tasks to queue
[2024-03-28T03:58:44.528+0000] {logging_mixin.py:188} INFO - [2024-03-28T03:58:44.527+0000] {dagbag.py:540} INFO - Filling up the DagBag from /opt/airflow/dags/upload_historical_congress_data.py
[2024-03-28T03:58:44.633+0000] {processor.py:840} INFO - DAG(s) 'upload_historical_congress_data' retrieved from /opt/airflow/dags/upload_historical_congress_data.py
[2024-03-28T03:58:44.736+0000] {logging_mixin.py:188} INFO - [2024-03-28T03:58:44.735+0000] {dag.py:3047} INFO - Sync 1 DAGs
[2024-03-28T03:58:44.776+0000] {processor.py:183} INFO - Processing /opt/airflow/dags/upload_historical_congress_data.py took 0.265 seconds
[2024-03-28T03:58:47.584+0000] {processor.py:161} INFO - Started process (PID=76) to work on /opt/airflow/dags/upload_historical_congress_data.py
[2024-03-28T03:58:47.587+0000] {processor.py:830} INFO - Processing file /opt/airflow/dags/upload_historical_congress_data.py for tasks to queue
[2024-03-28T03:58:47.591+0000] {logging_mixin.py:188} INFO - [2024-03-28T03:58:47.591+0000] {dagbag.py:540} INFO - Filling up the DagBag from /opt/airflow/dags/upload_historical_congress_data.py
[2024-03-28T03:58:47.654+0000] {processor.py:840} INFO - DAG(s) 'upload_historical_congress_data' retrieved from /opt/airflow/dags/upload_historical_congress_data.py
[2024-03-28T03:58:47.668+0000] {logging_mixin.py:188} INFO - [2024-03-28T03:58:47.668+0000] {dag.py:3047} INFO - Sync 1 DAGs
[2024-03-28T03:58:47.706+0000] {processor.py:183} INFO - Processing /opt/airflow/dags/upload_historical_congress_data.py took 0.127 seconds
[2024-03-28T03:59:17.924+0000] {processor.py:161} INFO - Started process (PID=87) to work on /opt/airflow/dags/upload_historical_congress_data.py
[2024-03-28T03:59:17.927+0000] {processor.py:830} INFO - Processing file /opt/airflow/dags/upload_historical_congress_data.py for tasks to queue
[2024-03-28T03:59:17.931+0000] {logging_mixin.py:188} INFO - [2024-03-28T03:59:17.931+0000] {dagbag.py:540} INFO - Filling up the DagBag from /opt/airflow/dags/upload_historical_congress_data.py
[2024-03-28T03:59:18.012+0000] {processor.py:840} INFO - DAG(s) 'upload_historical_congress_data' retrieved from /opt/airflow/dags/upload_historical_congress_data.py
[2024-03-28T03:59:18.044+0000] {logging_mixin.py:188} INFO - [2024-03-28T03:59:18.044+0000] {dag.py:3047} INFO - Sync 1 DAGs
[2024-03-28T03:59:18.076+0000] {processor.py:183} INFO - Processing /opt/airflow/dags/upload_historical_congress_data.py took 0.157 seconds
[2024-03-28T03:59:48.313+0000] {processor.py:161} INFO - Started process (PID=94) to work on /opt/airflow/dags/upload_historical_congress_data.py
[2024-03-28T03:59:48.316+0000] {processor.py:830} INFO - Processing file /opt/airflow/dags/upload_historical_congress_data.py for tasks to queue
[2024-03-28T03:59:48.321+0000] {logging_mixin.py:188} INFO - [2024-03-28T03:59:48.320+0000] {dagbag.py:540} INFO - Filling up the DagBag from /opt/airflow/dags/upload_historical_congress_data.py
[2024-03-28T03:59:48.378+0000] {processor.py:840} INFO - DAG(s) 'upload_historical_congress_data' retrieved from /opt/airflow/dags/upload_historical_congress_data.py
[2024-03-28T03:59:48.422+0000] {logging_mixin.py:188} INFO - [2024-03-28T03:59:48.422+0000] {dag.py:3047} INFO - Sync 1 DAGs
[2024-03-28T03:59:48.450+0000] {processor.py:183} INFO - Processing /opt/airflow/dags/upload_historical_congress_data.py took 0.143 seconds
[2024-03-28T04:00:18.694+0000] {processor.py:161} INFO - Started process (PID=105) to work on /opt/airflow/dags/upload_historical_congress_data.py
[2024-03-28T04:00:18.697+0000] {processor.py:830} INFO - Processing file /opt/airflow/dags/upload_historical_congress_data.py for tasks to queue
[2024-03-28T04:00:18.705+0000] {logging_mixin.py:188} INFO - [2024-03-28T04:00:18.702+0000] {dagbag.py:540} INFO - Filling up the DagBag from /opt/airflow/dags/upload_historical_congress_data.py
[2024-03-28T04:00:18.768+0000] {processor.py:840} INFO - DAG(s) 'upload_historical_congress_data' retrieved from /opt/airflow/dags/upload_historical_congress_data.py
[2024-03-28T04:00:18.793+0000] {logging_mixin.py:188} INFO - [2024-03-28T04:00:18.792+0000] {dag.py:3047} INFO - Sync 1 DAGs
[2024-03-28T04:00:18.808+0000] {logging_mixin.py:188} INFO - [2024-03-28T04:00:18.808+0000] {dag.py:3834} INFO - Setting next_dagrun for upload_historical_congress_data to None, run_after=None
[2024-03-28T04:00:18.821+0000] {processor.py:183} INFO - Processing /opt/airflow/dags/upload_historical_congress_data.py took 0.132 seconds
[2024-03-28T04:00:46.581+0000] {processor.py:161} INFO - Started process (PID=112) to work on /opt/airflow/dags/upload_historical_congress_data.py
[2024-03-28T04:00:46.584+0000] {processor.py:830} INFO - Processing file /opt/airflow/dags/upload_historical_congress_data.py for tasks to queue
[2024-03-28T04:00:46.588+0000] {logging_mixin.py:188} INFO - [2024-03-28T04:00:46.588+0000] {dagbag.py:540} INFO - Filling up the DagBag from /opt/airflow/dags/upload_historical_congress_data.py
[2024-03-28T04:00:46.672+0000] {processor.py:840} INFO - DAG(s) 'upload_historical_congress_data' retrieved from /opt/airflow/dags/upload_historical_congress_data.py
[2024-03-28T04:00:46.723+0000] {logging_mixin.py:188} INFO - [2024-03-28T04:00:46.723+0000] {dag.py:3047} INFO - Sync 1 DAGs
[2024-03-28T04:00:46.750+0000] {logging_mixin.py:188} INFO - [2024-03-28T04:00:46.750+0000] {dag.py:3834} INFO - Setting next_dagrun for upload_historical_congress_data to None, run_after=None
[2024-03-28T04:00:46.786+0000] {processor.py:183} INFO - Processing /opt/airflow/dags/upload_historical_congress_data.py took 0.211 seconds
[2024-03-28T04:01:17.072+0000] {processor.py:161} INFO - Started process (PID=119) to work on /opt/airflow/dags/upload_historical_congress_data.py
[2024-03-28T04:01:17.075+0000] {processor.py:830} INFO - Processing file /opt/airflow/dags/upload_historical_congress_data.py for tasks to queue
[2024-03-28T04:01:17.080+0000] {logging_mixin.py:188} INFO - [2024-03-28T04:01:17.080+0000] {dagbag.py:540} INFO - Filling up the DagBag from /opt/airflow/dags/upload_historical_congress_data.py
[2024-03-28T04:01:17.178+0000] {processor.py:840} INFO - DAG(s) 'upload_historical_congress_data' retrieved from /opt/airflow/dags/upload_historical_congress_data.py
[2024-03-28T04:01:17.257+0000] {logging_mixin.py:188} INFO - [2024-03-28T04:01:17.257+0000] {dag.py:3047} INFO - Sync 1 DAGs
[2024-03-28T04:01:17.285+0000] {logging_mixin.py:188} INFO - [2024-03-28T04:01:17.285+0000] {dag.py:3834} INFO - Setting next_dagrun for upload_historical_congress_data to None, run_after=None
[2024-03-28T04:01:17.304+0000] {processor.py:183} INFO - Processing /opt/airflow/dags/upload_historical_congress_data.py took 0.239 seconds
[2024-03-28T04:01:47.505+0000] {processor.py:161} INFO - Started process (PID=126) to work on /opt/airflow/dags/upload_historical_congress_data.py
[2024-03-28T04:01:47.508+0000] {processor.py:830} INFO - Processing file /opt/airflow/dags/upload_historical_congress_data.py for tasks to queue
[2024-03-28T04:01:47.511+0000] {logging_mixin.py:188} INFO - [2024-03-28T04:01:47.511+0000] {dagbag.py:540} INFO - Filling up the DagBag from /opt/airflow/dags/upload_historical_congress_data.py
[2024-03-28T04:01:47.611+0000] {processor.py:840} INFO - DAG(s) 'upload_historical_congress_data' retrieved from /opt/airflow/dags/upload_historical_congress_data.py
[2024-03-28T04:01:47.650+0000] {logging_mixin.py:188} INFO - [2024-03-28T04:01:47.650+0000] {dag.py:3047} INFO - Sync 1 DAGs
[2024-03-28T04:01:47.668+0000] {logging_mixin.py:188} INFO - [2024-03-28T04:01:47.667+0000] {dag.py:3834} INFO - Setting next_dagrun for upload_historical_congress_data to None, run_after=None
[2024-03-28T04:01:47.680+0000] {processor.py:183} INFO - Processing /opt/airflow/dags/upload_historical_congress_data.py took 0.180 seconds
[2024-03-28T04:02:17.860+0000] {processor.py:161} INFO - Started process (PID=137) to work on /opt/airflow/dags/upload_historical_congress_data.py
[2024-03-28T04:02:17.864+0000] {processor.py:830} INFO - Processing file /opt/airflow/dags/upload_historical_congress_data.py for tasks to queue
[2024-03-28T04:02:17.870+0000] {logging_mixin.py:188} INFO - [2024-03-28T04:02:17.869+0000] {dagbag.py:540} INFO - Filling up the DagBag from /opt/airflow/dags/upload_historical_congress_data.py
[2024-03-28T04:02:17.918+0000] {processor.py:840} INFO - DAG(s) 'upload_historical_congress_data' retrieved from /opt/airflow/dags/upload_historical_congress_data.py
[2024-03-28T04:02:17.953+0000] {logging_mixin.py:188} INFO - [2024-03-28T04:02:17.953+0000] {dag.py:3047} INFO - Sync 1 DAGs
[2024-03-28T04:02:17.968+0000] {logging_mixin.py:188} INFO - [2024-03-28T04:02:17.968+0000] {dag.py:3834} INFO - Setting next_dagrun for upload_historical_congress_data to None, run_after=None
[2024-03-28T04:02:17.980+0000] {processor.py:183} INFO - Processing /opt/airflow/dags/upload_historical_congress_data.py took 0.124 seconds
[2024-03-28T04:02:48.524+0000] {processor.py:161} INFO - Started process (PID=144) to work on /opt/airflow/dags/upload_historical_congress_data.py
[2024-03-28T04:02:48.526+0000] {processor.py:830} INFO - Processing file /opt/airflow/dags/upload_historical_congress_data.py for tasks to queue
[2024-03-28T04:02:48.529+0000] {logging_mixin.py:188} INFO - [2024-03-28T04:02:48.529+0000] {dagbag.py:540} INFO - Filling up the DagBag from /opt/airflow/dags/upload_historical_congress_data.py
[2024-03-28T04:02:48.603+0000] {processor.py:840} INFO - DAG(s) 'upload_historical_congress_data' retrieved from /opt/airflow/dags/upload_historical_congress_data.py
[2024-03-28T04:02:48.632+0000] {logging_mixin.py:188} INFO - [2024-03-28T04:02:48.632+0000] {dag.py:3047} INFO - Sync 1 DAGs
[2024-03-28T04:02:48.660+0000] {processor.py:183} INFO - Processing /opt/airflow/dags/upload_historical_congress_data.py took 0.140 seconds
[2024-03-28T04:03:18.864+0000] {processor.py:161} INFO - Started process (PID=150) to work on /opt/airflow/dags/upload_historical_congress_data.py
[2024-03-28T04:03:18.866+0000] {processor.py:830} INFO - Processing file /opt/airflow/dags/upload_historical_congress_data.py for tasks to queue
[2024-03-28T04:03:18.869+0000] {logging_mixin.py:188} INFO - [2024-03-28T04:03:18.869+0000] {dagbag.py:540} INFO - Filling up the DagBag from /opt/airflow/dags/upload_historical_congress_data.py
[2024-03-28T04:03:18.918+0000] {processor.py:840} INFO - DAG(s) 'upload_historical_congress_data' retrieved from /opt/airflow/dags/upload_historical_congress_data.py
[2024-03-28T04:03:18.944+0000] {logging_mixin.py:188} INFO - [2024-03-28T04:03:18.943+0000] {dag.py:3047} INFO - Sync 1 DAGs
[2024-03-28T04:03:18.981+0000] {processor.py:183} INFO - Processing /opt/airflow/dags/upload_historical_congress_data.py took 0.121 seconds
[2024-03-28T04:03:49.415+0000] {processor.py:161} INFO - Started process (PID=157) to work on /opt/airflow/dags/upload_historical_congress_data.py
[2024-03-28T04:03:49.418+0000] {processor.py:830} INFO - Processing file /opt/airflow/dags/upload_historical_congress_data.py for tasks to queue
[2024-03-28T04:03:49.422+0000] {logging_mixin.py:188} INFO - [2024-03-28T04:03:49.422+0000] {dagbag.py:540} INFO - Filling up the DagBag from /opt/airflow/dags/upload_historical_congress_data.py
[2024-03-28T04:03:49.494+0000] {processor.py:840} INFO - DAG(s) 'upload_historical_congress_data' retrieved from /opt/airflow/dags/upload_historical_congress_data.py
[2024-03-28T04:03:49.573+0000] {logging_mixin.py:188} INFO - [2024-03-28T04:03:49.573+0000] {dag.py:3047} INFO - Sync 1 DAGs
[2024-03-28T04:03:49.583+0000] {logging_mixin.py:188} INFO - [2024-03-28T04:03:49.583+0000] {dag.py:3069} INFO - Creating ORM DAG for upload_historical_congress_data
[2024-03-28T04:03:49.592+0000] {logging_mixin.py:188} INFO - [2024-03-28T04:03:49.591+0000] {dag.py:3834} INFO - Setting next_dagrun for upload_historical_congress_data to 2024-03-15 00:00:00+00:00, run_after=2024-03-15 00:00:00+00:00
[2024-03-28T04:03:49.607+0000] {processor.py:183} INFO - Processing /opt/airflow/dags/upload_historical_congress_data.py took 0.196 seconds
[2024-03-28T04:04:19.842+0000] {processor.py:161} INFO - Started process (PID=163) to work on /opt/airflow/dags/upload_historical_congress_data.py
[2024-03-28T04:04:19.851+0000] {processor.py:830} INFO - Processing file /opt/airflow/dags/upload_historical_congress_data.py for tasks to queue
[2024-03-28T04:04:19.861+0000] {logging_mixin.py:188} INFO - [2024-03-28T04:04:19.860+0000] {dagbag.py:540} INFO - Filling up the DagBag from /opt/airflow/dags/upload_historical_congress_data.py
[2024-03-28T04:04:19.978+0000] {processor.py:840} INFO - DAG(s) 'upload_historical_congress_data' retrieved from /opt/airflow/dags/upload_historical_congress_data.py
[2024-03-28T04:04:20.029+0000] {logging_mixin.py:188} INFO - [2024-03-28T04:04:20.029+0000] {dag.py:3047} INFO - Sync 1 DAGs
[2024-03-28T04:04:20.053+0000] {logging_mixin.py:188} INFO - [2024-03-28T04:04:20.053+0000] {dag.py:3834} INFO - Setting next_dagrun for upload_historical_congress_data to 2024-03-15 00:00:00+00:00, run_after=2024-03-15 00:00:00+00:00
[2024-03-28T04:04:20.091+0000] {processor.py:183} INFO - Processing /opt/airflow/dags/upload_historical_congress_data.py took 0.256 seconds
[2024-03-28T04:06:41.946+0000] {processor.py:161} INFO - Started process (PID=35) to work on /opt/airflow/dags/upload_historical_congress_data.py
[2024-03-28T04:06:41.954+0000] {processor.py:830} INFO - Processing file /opt/airflow/dags/upload_historical_congress_data.py for tasks to queue
[2024-03-28T04:06:41.964+0000] {logging_mixin.py:188} INFO - [2024-03-28T04:06:41.963+0000] {dagbag.py:540} INFO - Filling up the DagBag from /opt/airflow/dags/upload_historical_congress_data.py
[2024-03-28T04:06:42.055+0000] {processor.py:840} INFO - DAG(s) 'upload_historical_congress_data' retrieved from /opt/airflow/dags/upload_historical_congress_data.py
[2024-03-28T04:06:42.152+0000] {logging_mixin.py:188} INFO - [2024-03-28T04:06:42.152+0000] {dag.py:3047} INFO - Sync 1 DAGs
[2024-03-28T04:06:42.171+0000] {logging_mixin.py:188} INFO - [2024-03-28T04:06:42.171+0000] {dag.py:3834} INFO - Setting next_dagrun for upload_historical_congress_data to 2024-03-15 00:00:00+00:00, run_after=2024-03-15 00:00:00+00:00
[2024-03-28T04:06:42.216+0000] {processor.py:183} INFO - Processing /opt/airflow/dags/upload_historical_congress_data.py took 0.276 seconds
[2024-03-28T04:07:12.535+0000] {processor.py:161} INFO - Started process (PID=46) to work on /opt/airflow/dags/upload_historical_congress_data.py
[2024-03-28T04:07:12.538+0000] {processor.py:830} INFO - Processing file /opt/airflow/dags/upload_historical_congress_data.py for tasks to queue
[2024-03-28T04:07:12.542+0000] {logging_mixin.py:188} INFO - [2024-03-28T04:07:12.541+0000] {dagbag.py:540} INFO - Filling up the DagBag from /opt/airflow/dags/upload_historical_congress_data.py
[2024-03-28T04:07:12.613+0000] {processor.py:840} INFO - DAG(s) 'upload_historical_congress_data' retrieved from /opt/airflow/dags/upload_historical_congress_data.py
[2024-03-28T04:07:12.640+0000] {logging_mixin.py:188} INFO - [2024-03-28T04:07:12.640+0000] {dag.py:3047} INFO - Sync 1 DAGs
[2024-03-28T04:07:12.668+0000] {processor.py:183} INFO - Processing /opt/airflow/dags/upload_historical_congress_data.py took 0.138 seconds
[2024-03-28T04:07:42.807+0000] {processor.py:161} INFO - Started process (PID=53) to work on /opt/airflow/dags/upload_historical_congress_data.py
[2024-03-28T04:07:42.809+0000] {processor.py:830} INFO - Processing file /opt/airflow/dags/upload_historical_congress_data.py for tasks to queue
[2024-03-28T04:07:42.812+0000] {logging_mixin.py:188} INFO - [2024-03-28T04:07:42.812+0000] {dagbag.py:540} INFO - Filling up the DagBag from /opt/airflow/dags/upload_historical_congress_data.py
[2024-03-28T04:07:42.861+0000] {processor.py:840} INFO - DAG(s) 'upload_historical_congress_data' retrieved from /opt/airflow/dags/upload_historical_congress_data.py
[2024-03-28T04:07:42.886+0000] {logging_mixin.py:188} INFO - [2024-03-28T04:07:42.885+0000] {dag.py:3047} INFO - Sync 1 DAGs
[2024-03-28T04:07:42.916+0000] {processor.py:183} INFO - Processing /opt/airflow/dags/upload_historical_congress_data.py took 0.112 seconds
[2024-03-28T04:08:13.063+0000] {processor.py:161} INFO - Started process (PID=68) to work on /opt/airflow/dags/upload_historical_congress_data.py
[2024-03-28T04:08:13.066+0000] {processor.py:830} INFO - Processing file /opt/airflow/dags/upload_historical_congress_data.py for tasks to queue
[2024-03-28T04:08:13.069+0000] {logging_mixin.py:188} INFO - [2024-03-28T04:08:13.069+0000] {dagbag.py:540} INFO - Filling up the DagBag from /opt/airflow/dags/upload_historical_congress_data.py
[2024-03-28T04:08:13.144+0000] {processor.py:840} INFO - DAG(s) 'upload_historical_congress_data' retrieved from /opt/airflow/dags/upload_historical_congress_data.py
[2024-03-28T04:08:13.170+0000] {logging_mixin.py:188} INFO - [2024-03-28T04:08:13.170+0000] {dag.py:3047} INFO - Sync 1 DAGs
[2024-03-28T04:08:13.195+0000] {processor.py:183} INFO - Processing /opt/airflow/dags/upload_historical_congress_data.py took 0.137 seconds
[2024-03-28T04:08:43.438+0000] {processor.py:161} INFO - Started process (PID=74) to work on /opt/airflow/dags/upload_historical_congress_data.py
[2024-03-28T04:08:43.440+0000] {processor.py:830} INFO - Processing file /opt/airflow/dags/upload_historical_congress_data.py for tasks to queue
[2024-03-28T04:08:43.445+0000] {logging_mixin.py:188} INFO - [2024-03-28T04:08:43.444+0000] {dagbag.py:540} INFO - Filling up the DagBag from /opt/airflow/dags/upload_historical_congress_data.py
[2024-03-28T04:08:43.516+0000] {processor.py:840} INFO - DAG(s) 'upload_historical_congress_data' retrieved from /opt/airflow/dags/upload_historical_congress_data.py
[2024-03-28T04:08:43.541+0000] {logging_mixin.py:188} INFO - [2024-03-28T04:08:43.541+0000] {dag.py:3047} INFO - Sync 1 DAGs
[2024-03-28T04:08:43.566+0000] {processor.py:183} INFO - Processing /opt/airflow/dags/upload_historical_congress_data.py took 0.132 seconds
[2024-03-28T04:09:13.780+0000] {processor.py:161} INFO - Started process (PID=81) to work on /opt/airflow/dags/upload_historical_congress_data.py
[2024-03-28T04:09:13.784+0000] {processor.py:830} INFO - Processing file /opt/airflow/dags/upload_historical_congress_data.py for tasks to queue
[2024-03-28T04:09:13.788+0000] {logging_mixin.py:188} INFO - [2024-03-28T04:09:13.787+0000] {dagbag.py:540} INFO - Filling up the DagBag from /opt/airflow/dags/upload_historical_congress_data.py
[2024-03-28T04:09:13.833+0000] {processor.py:840} INFO - DAG(s) 'upload_historical_congress_data' retrieved from /opt/airflow/dags/upload_historical_congress_data.py
[2024-03-28T04:09:13.854+0000] {logging_mixin.py:188} INFO - [2024-03-28T04:09:13.853+0000] {dag.py:3047} INFO - Sync 1 DAGs
[2024-03-28T04:09:13.877+0000] {processor.py:183} INFO - Processing /opt/airflow/dags/upload_historical_congress_data.py took 0.102 seconds
