[2024-05-17T01:03:45.918+0000] {processor.py:161} INFO - Started process (PID=8666) to work on /opt/airflow/dags/upload_congress_data.py
[2024-05-17T01:03:45.920+0000] {processor.py:830} INFO - Processing file /opt/airflow/dags/upload_congress_data.py for tasks to queue
[2024-05-17T01:03:45.930+0000] {logging_mixin.py:188} INFO - [2024-05-17T01:03:45.929+0000] {dagbag.py:540} INFO - Filling up the DagBag from /opt/airflow/dags/upload_congress_data.py
[2024-05-17T01:03:45.993+0000] {logging_mixin.py:188} INFO - Bucket Name: congress_data_testproject-420401
[2024-05-17T01:03:46.011+0000] {processor.py:840} INFO - DAG(s) 'upload_congress_data' retrieved from /opt/airflow/dags/upload_congress_data.py
[2024-05-17T01:03:46.074+0000] {logging_mixin.py:188} INFO - [2024-05-17T01:03:46.074+0000] {dag.py:3047} INFO - Sync 1 DAGs
[2024-05-17T01:03:46.099+0000] {logging_mixin.py:188} INFO - [2024-05-17T01:03:46.098+0000] {dag.py:3834} INFO - Setting next_dagrun for upload_congress_data to None, run_after=None
[2024-05-17T01:03:46.116+0000] {processor.py:183} INFO - Processing /opt/airflow/dags/upload_congress_data.py took 0.209 seconds
[2024-05-17T02:13:05.200+0000] {processor.py:161} INFO - Started process (PID=8674) to work on /opt/airflow/dags/upload_congress_data.py
[2024-05-17T02:13:05.203+0000] {processor.py:830} INFO - Processing file /opt/airflow/dags/upload_congress_data.py for tasks to queue
[2024-05-17T02:13:05.212+0000] {logging_mixin.py:188} INFO - [2024-05-17T02:13:05.210+0000] {dagbag.py:540} INFO - Filling up the DagBag from /opt/airflow/dags/upload_congress_data.py
[2024-05-17T02:13:05.286+0000] {logging_mixin.py:188} INFO - Bucket Name: congress_data_testproject-420401
[2024-05-17T02:13:05.304+0000] {processor.py:840} INFO - DAG(s) 'upload_congress_data' retrieved from /opt/airflow/dags/upload_congress_data.py
[2024-05-17T02:13:05.343+0000] {logging_mixin.py:188} INFO - [2024-05-17T02:13:05.343+0000] {dag.py:3047} INFO - Sync 1 DAGs
[2024-05-17T02:13:05.370+0000] {logging_mixin.py:188} INFO - [2024-05-17T02:13:05.370+0000] {dag.py:3834} INFO - Setting next_dagrun for upload_congress_data to None, run_after=None
[2024-05-17T02:13:05.403+0000] {processor.py:183} INFO - Processing /opt/airflow/dags/upload_congress_data.py took 0.212 seconds
[2024-05-17T03:30:19.885+0000] {processor.py:161} INFO - Started process (PID=8682) to work on /opt/airflow/dags/upload_congress_data.py
[2024-05-17T03:30:19.886+0000] {processor.py:830} INFO - Processing file /opt/airflow/dags/upload_congress_data.py for tasks to queue
[2024-05-17T03:30:19.888+0000] {logging_mixin.py:188} INFO - [2024-05-17T03:30:19.888+0000] {dagbag.py:540} INFO - Filling up the DagBag from /opt/airflow/dags/upload_congress_data.py
[2024-05-17T03:30:19.924+0000] {logging_mixin.py:188} INFO - Bucket Name: congress_data_testproject-420401
[2024-05-17T03:30:19.942+0000] {processor.py:840} INFO - DAG(s) 'upload_congress_data' retrieved from /opt/airflow/dags/upload_congress_data.py
[2024-05-17T03:30:19.962+0000] {logging_mixin.py:188} INFO - [2024-05-17T03:30:19.962+0000] {dag.py:3047} INFO - Sync 1 DAGs
[2024-05-17T03:30:19.975+0000] {logging_mixin.py:188} INFO - [2024-05-17T03:30:19.975+0000] {dag.py:3834} INFO - Setting next_dagrun for upload_congress_data to None, run_after=None
[2024-05-17T03:30:19.983+0000] {processor.py:183} INFO - Processing /opt/airflow/dags/upload_congress_data.py took 0.101 seconds
[2024-05-17T04:49:01.835+0000] {processor.py:161} INFO - Started process (PID=8690) to work on /opt/airflow/dags/upload_congress_data.py
[2024-05-17T04:49:01.839+0000] {processor.py:830} INFO - Processing file /opt/airflow/dags/upload_congress_data.py for tasks to queue
[2024-05-17T04:49:01.844+0000] {logging_mixin.py:188} INFO - [2024-05-17T04:49:01.843+0000] {dagbag.py:540} INFO - Filling up the DagBag from /opt/airflow/dags/upload_congress_data.py
[2024-05-17T04:49:01.914+0000] {logging_mixin.py:188} INFO - Bucket Name: congress_data_testproject-420401
[2024-05-17T04:49:01.932+0000] {processor.py:840} INFO - DAG(s) 'upload_congress_data' retrieved from /opt/airflow/dags/upload_congress_data.py
[2024-05-17T04:49:01.974+0000] {logging_mixin.py:188} INFO - [2024-05-17T04:49:01.974+0000] {dag.py:3047} INFO - Sync 1 DAGs
[2024-05-17T04:49:02.015+0000] {logging_mixin.py:188} INFO - [2024-05-17T04:49:02.014+0000] {dag.py:3834} INFO - Setting next_dagrun for upload_congress_data to None, run_after=None
[2024-05-17T04:49:02.062+0000] {processor.py:183} INFO - Processing /opt/airflow/dags/upload_congress_data.py took 0.238 seconds
[2024-05-17T06:04:40.377+0000] {processor.py:161} INFO - Started process (PID=8698) to work on /opt/airflow/dags/upload_congress_data.py
[2024-05-17T06:04:40.378+0000] {processor.py:830} INFO - Processing file /opt/airflow/dags/upload_congress_data.py for tasks to queue
[2024-05-17T06:04:40.381+0000] {logging_mixin.py:188} INFO - [2024-05-17T06:04:40.381+0000] {dagbag.py:540} INFO - Filling up the DagBag from /opt/airflow/dags/upload_congress_data.py
[2024-05-17T06:04:40.438+0000] {logging_mixin.py:188} INFO - Bucket Name: congress_data_testproject-420401
[2024-05-17T06:04:40.451+0000] {processor.py:840} INFO - DAG(s) 'upload_congress_data' retrieved from /opt/airflow/dags/upload_congress_data.py
[2024-05-17T06:04:40.485+0000] {logging_mixin.py:188} INFO - [2024-05-17T06:04:40.484+0000] {dag.py:3047} INFO - Sync 1 DAGs
[2024-05-17T06:04:40.499+0000] {logging_mixin.py:188} INFO - [2024-05-17T06:04:40.499+0000] {dag.py:3834} INFO - Setting next_dagrun for upload_congress_data to None, run_after=None
[2024-05-17T06:04:40.509+0000] {processor.py:183} INFO - Processing /opt/airflow/dags/upload_congress_data.py took 0.136 seconds
[2024-05-17T06:57:00.769+0000] {processor.py:161} INFO - Started process (PID=8706) to work on /opt/airflow/dags/upload_congress_data.py
[2024-05-17T06:57:00.772+0000] {processor.py:830} INFO - Processing file /opt/airflow/dags/upload_congress_data.py for tasks to queue
[2024-05-17T06:57:00.780+0000] {logging_mixin.py:188} INFO - [2024-05-17T06:57:00.779+0000] {dagbag.py:540} INFO - Filling up the DagBag from /opt/airflow/dags/upload_congress_data.py
[2024-05-17T06:57:00.887+0000] {logging_mixin.py:188} INFO - Bucket Name: congress_data_testproject-420401
[2024-05-17T06:57:00.904+0000] {processor.py:840} INFO - DAG(s) 'upload_congress_data' retrieved from /opt/airflow/dags/upload_congress_data.py
[2024-05-17T06:57:00.962+0000] {logging_mixin.py:188} INFO - [2024-05-17T06:57:00.962+0000] {dag.py:3047} INFO - Sync 1 DAGs
[2024-05-17T06:57:01.009+0000] {logging_mixin.py:188} INFO - [2024-05-17T06:57:01.009+0000] {dag.py:3834} INFO - Setting next_dagrun for upload_congress_data to None, run_after=None
[2024-05-17T06:57:01.048+0000] {processor.py:183} INFO - Processing /opt/airflow/dags/upload_congress_data.py took 0.291 seconds
[2024-05-17T08:05:51.181+0000] {processor.py:161} INFO - Started process (PID=8714) to work on /opt/airflow/dags/upload_congress_data.py
[2024-05-17T08:05:51.182+0000] {processor.py:830} INFO - Processing file /opt/airflow/dags/upload_congress_data.py for tasks to queue
[2024-05-17T08:05:51.184+0000] {logging_mixin.py:188} INFO - [2024-05-17T08:05:51.184+0000] {dagbag.py:540} INFO - Filling up the DagBag from /opt/airflow/dags/upload_congress_data.py
[2024-05-17T08:05:51.222+0000] {logging_mixin.py:188} INFO - Bucket Name: congress_data_testproject-420401
[2024-05-17T08:05:51.241+0000] {processor.py:840} INFO - DAG(s) 'upload_congress_data' retrieved from /opt/airflow/dags/upload_congress_data.py
[2024-05-17T08:05:51.260+0000] {logging_mixin.py:188} INFO - [2024-05-17T08:05:51.260+0000] {dag.py:3047} INFO - Sync 1 DAGs
[2024-05-17T08:05:51.283+0000] {logging_mixin.py:188} INFO - [2024-05-17T08:05:51.282+0000] {dag.py:3834} INFO - Setting next_dagrun for upload_congress_data to None, run_after=None
[2024-05-17T08:05:51.307+0000] {processor.py:183} INFO - Processing /opt/airflow/dags/upload_congress_data.py took 0.130 seconds
[2024-05-17T09:26:01.110+0000] {processor.py:161} INFO - Started process (PID=8722) to work on /opt/airflow/dags/upload_congress_data.py
[2024-05-17T09:26:01.112+0000] {processor.py:830} INFO - Processing file /opt/airflow/dags/upload_congress_data.py for tasks to queue
[2024-05-17T09:26:01.117+0000] {logging_mixin.py:188} INFO - [2024-05-17T09:26:01.116+0000] {dagbag.py:540} INFO - Filling up the DagBag from /opt/airflow/dags/upload_congress_data.py
[2024-05-17T09:26:01.153+0000] {logging_mixin.py:188} INFO - Bucket Name: congress_data_testproject-420401
[2024-05-17T09:26:01.166+0000] {processor.py:840} INFO - DAG(s) 'upload_congress_data' retrieved from /opt/airflow/dags/upload_congress_data.py
[2024-05-17T09:26:01.188+0000] {logging_mixin.py:188} INFO - [2024-05-17T09:26:01.188+0000] {dag.py:3047} INFO - Sync 1 DAGs
[2024-05-17T09:26:01.202+0000] {logging_mixin.py:188} INFO - [2024-05-17T09:26:01.201+0000] {dag.py:3834} INFO - Setting next_dagrun for upload_congress_data to None, run_after=None
[2024-05-17T09:26:01.212+0000] {processor.py:183} INFO - Processing /opt/airflow/dags/upload_congress_data.py took 0.110 seconds
[2024-05-17T11:06:44.598+0000] {processor.py:161} INFO - Started process (PID=8730) to work on /opt/airflow/dags/upload_congress_data.py
[2024-05-17T11:06:44.601+0000] {processor.py:830} INFO - Processing file /opt/airflow/dags/upload_congress_data.py for tasks to queue
[2024-05-17T11:06:44.609+0000] {logging_mixin.py:188} INFO - [2024-05-17T11:06:44.608+0000] {dagbag.py:540} INFO - Filling up the DagBag from /opt/airflow/dags/upload_congress_data.py
[2024-05-17T11:06:44.687+0000] {logging_mixin.py:188} INFO - Bucket Name: congress_data_testproject-420401
[2024-05-17T11:06:44.704+0000] {processor.py:840} INFO - DAG(s) 'upload_congress_data' retrieved from /opt/airflow/dags/upload_congress_data.py
[2024-05-17T11:06:44.756+0000] {logging_mixin.py:188} INFO - [2024-05-17T11:06:44.755+0000] {dag.py:3047} INFO - Sync 1 DAGs
[2024-05-17T11:06:44.803+0000] {logging_mixin.py:188} INFO - [2024-05-17T11:06:44.802+0000] {dag.py:3834} INFO - Setting next_dagrun for upload_congress_data to None, run_after=None
[2024-05-17T11:06:44.830+0000] {processor.py:183} INFO - Processing /opt/airflow/dags/upload_congress_data.py took 0.243 seconds
[2024-05-17T12:28:54.303+0000] {processor.py:161} INFO - Started process (PID=8738) to work on /opt/airflow/dags/upload_congress_data.py
[2024-05-17T12:28:54.305+0000] {processor.py:830} INFO - Processing file /opt/airflow/dags/upload_congress_data.py for tasks to queue
[2024-05-17T12:28:54.312+0000] {logging_mixin.py:188} INFO - [2024-05-17T12:28:54.311+0000] {dagbag.py:540} INFO - Filling up the DagBag from /opt/airflow/dags/upload_congress_data.py
[2024-05-17T12:28:54.376+0000] {logging_mixin.py:188} INFO - Bucket Name: congress_data_testproject-420401
[2024-05-17T12:28:54.390+0000] {processor.py:840} INFO - DAG(s) 'upload_congress_data' retrieved from /opt/airflow/dags/upload_congress_data.py
[2024-05-17T12:28:54.445+0000] {logging_mixin.py:188} INFO - [2024-05-17T12:28:54.445+0000] {dag.py:3047} INFO - Sync 1 DAGs
[2024-05-17T12:28:54.482+0000] {logging_mixin.py:188} INFO - [2024-05-17T12:28:54.481+0000] {dag.py:3834} INFO - Setting next_dagrun for upload_congress_data to None, run_after=None
[2024-05-17T12:28:54.510+0000] {processor.py:183} INFO - Processing /opt/airflow/dags/upload_congress_data.py took 0.217 seconds
[2024-05-17T14:03:41.199+0000] {processor.py:161} INFO - Started process (PID=8746) to work on /opt/airflow/dags/upload_congress_data.py
[2024-05-17T14:03:41.202+0000] {processor.py:830} INFO - Processing file /opt/airflow/dags/upload_congress_data.py for tasks to queue
[2024-05-17T14:03:41.210+0000] {logging_mixin.py:188} INFO - [2024-05-17T14:03:41.208+0000] {dagbag.py:540} INFO - Filling up the DagBag from /opt/airflow/dags/upload_congress_data.py
[2024-05-17T14:03:41.271+0000] {logging_mixin.py:188} INFO - Bucket Name: congress_data_testproject-420401
[2024-05-17T14:03:41.286+0000] {processor.py:840} INFO - DAG(s) 'upload_congress_data' retrieved from /opt/airflow/dags/upload_congress_data.py
[2024-05-17T14:03:41.329+0000] {logging_mixin.py:188} INFO - [2024-05-17T14:03:41.329+0000] {dag.py:3047} INFO - Sync 1 DAGs
[2024-05-17T14:03:41.362+0000] {logging_mixin.py:188} INFO - [2024-05-17T14:03:41.362+0000] {dag.py:3834} INFO - Setting next_dagrun for upload_congress_data to None, run_after=None
[2024-05-17T14:03:41.390+0000] {processor.py:183} INFO - Processing /opt/airflow/dags/upload_congress_data.py took 0.201 seconds
[2024-05-17T15:01:32.921+0000] {processor.py:161} INFO - Started process (PID=8754) to work on /opt/airflow/dags/upload_congress_data.py
[2024-05-17T15:01:32.924+0000] {processor.py:830} INFO - Processing file /opt/airflow/dags/upload_congress_data.py for tasks to queue
[2024-05-17T15:01:32.930+0000] {logging_mixin.py:188} INFO - [2024-05-17T15:01:32.929+0000] {dagbag.py:540} INFO - Filling up the DagBag from /opt/airflow/dags/upload_congress_data.py
[2024-05-17T15:01:33.001+0000] {logging_mixin.py:188} INFO - Bucket Name: congress_data_testproject-420401
[2024-05-17T15:01:33.017+0000] {processor.py:840} INFO - DAG(s) 'upload_congress_data' retrieved from /opt/airflow/dags/upload_congress_data.py
[2024-05-17T15:01:33.053+0000] {logging_mixin.py:188} INFO - [2024-05-17T15:01:33.052+0000] {dag.py:3047} INFO - Sync 1 DAGs
[2024-05-17T15:01:33.074+0000] {logging_mixin.py:188} INFO - [2024-05-17T15:01:33.074+0000] {dag.py:3834} INFO - Setting next_dagrun for upload_congress_data to None, run_after=None
[2024-05-17T15:01:33.083+0000] {processor.py:183} INFO - Processing /opt/airflow/dags/upload_congress_data.py took 0.173 seconds
[2024-05-17T16:19:27.789+0000] {processor.py:161} INFO - Started process (PID=8762) to work on /opt/airflow/dags/upload_congress_data.py
[2024-05-17T16:19:27.793+0000] {processor.py:830} INFO - Processing file /opt/airflow/dags/upload_congress_data.py for tasks to queue
[2024-05-17T16:19:27.799+0000] {logging_mixin.py:188} INFO - [2024-05-17T16:19:27.798+0000] {dagbag.py:540} INFO - Filling up the DagBag from /opt/airflow/dags/upload_congress_data.py
[2024-05-17T16:19:27.879+0000] {logging_mixin.py:188} INFO - Bucket Name: congress_data_testproject-420401
[2024-05-17T16:19:27.895+0000] {processor.py:840} INFO - DAG(s) 'upload_congress_data' retrieved from /opt/airflow/dags/upload_congress_data.py
[2024-05-17T16:19:27.939+0000] {logging_mixin.py:188} INFO - [2024-05-17T16:19:27.939+0000] {dag.py:3047} INFO - Sync 1 DAGs
[2024-05-17T16:19:27.967+0000] {logging_mixin.py:188} INFO - [2024-05-17T16:19:27.967+0000] {dag.py:3834} INFO - Setting next_dagrun for upload_congress_data to None, run_after=None
[2024-05-17T16:19:28.005+0000] {processor.py:183} INFO - Processing /opt/airflow/dags/upload_congress_data.py took 0.237 seconds
[2024-05-17T17:37:38.322+0000] {processor.py:161} INFO - Started process (PID=8764) to work on /opt/airflow/dags/upload_congress_data.py
[2024-05-17T17:37:38.324+0000] {processor.py:830} INFO - Processing file /opt/airflow/dags/upload_congress_data.py for tasks to queue
[2024-05-17T17:37:38.331+0000] {logging_mixin.py:188} INFO - [2024-05-17T17:37:38.331+0000] {dagbag.py:540} INFO - Filling up the DagBag from /opt/airflow/dags/upload_congress_data.py
[2024-05-17T17:37:38.370+0000] {logging_mixin.py:188} INFO - Bucket Name: congress_data_testproject-420401
[2024-05-17T17:37:38.379+0000] {processor.py:840} INFO - DAG(s) 'upload_congress_data' retrieved from /opt/airflow/dags/upload_congress_data.py
[2024-05-17T17:37:38.396+0000] {logging_mixin.py:188} INFO - [2024-05-17T17:37:38.396+0000] {dag.py:3047} INFO - Sync 1 DAGs
[2024-05-17T17:37:38.407+0000] {logging_mixin.py:188} INFO - [2024-05-17T17:37:38.407+0000] {dag.py:3834} INFO - Setting next_dagrun for upload_congress_data to None, run_after=None
[2024-05-17T17:37:38.416+0000] {processor.py:183} INFO - Processing /opt/airflow/dags/upload_congress_data.py took 0.098 seconds
[2024-05-17T18:53:09.983+0000] {processor.py:161} INFO - Started process (PID=8778) to work on /opt/airflow/dags/upload_congress_data.py
[2024-05-17T18:53:09.984+0000] {processor.py:830} INFO - Processing file /opt/airflow/dags/upload_congress_data.py for tasks to queue
[2024-05-17T18:53:09.987+0000] {logging_mixin.py:188} INFO - [2024-05-17T18:53:09.987+0000] {dagbag.py:540} INFO - Filling up the DagBag from /opt/airflow/dags/upload_congress_data.py
[2024-05-17T18:53:10.027+0000] {logging_mixin.py:188} INFO - Bucket Name: congress_data_testproject-420401
[2024-05-17T18:53:10.035+0000] {processor.py:840} INFO - DAG(s) 'upload_congress_data' retrieved from /opt/airflow/dags/upload_congress_data.py
[2024-05-17T18:53:10.053+0000] {logging_mixin.py:188} INFO - [2024-05-17T18:53:10.052+0000] {dag.py:3047} INFO - Sync 1 DAGs
[2024-05-17T18:53:10.067+0000] {logging_mixin.py:188} INFO - [2024-05-17T18:53:10.067+0000] {dag.py:3834} INFO - Setting next_dagrun for upload_congress_data to None, run_after=None
[2024-05-17T18:53:10.077+0000] {processor.py:183} INFO - Processing /opt/airflow/dags/upload_congress_data.py took 0.097 seconds
[2024-05-17T20:06:00.737+0000] {processor.py:161} INFO - Started process (PID=8780) to work on /opt/airflow/dags/upload_congress_data.py
[2024-05-17T20:06:00.738+0000] {processor.py:830} INFO - Processing file /opt/airflow/dags/upload_congress_data.py for tasks to queue
[2024-05-17T20:06:00.741+0000] {logging_mixin.py:188} INFO - [2024-05-17T20:06:00.741+0000] {dagbag.py:540} INFO - Filling up the DagBag from /opt/airflow/dags/upload_congress_data.py
[2024-05-17T20:06:00.793+0000] {logging_mixin.py:188} INFO - Bucket Name: congress_data_testproject-420401
[2024-05-17T20:06:00.803+0000] {processor.py:840} INFO - DAG(s) 'upload_congress_data' retrieved from /opt/airflow/dags/upload_congress_data.py
[2024-05-17T20:06:00.822+0000] {logging_mixin.py:188} INFO - [2024-05-17T20:06:00.822+0000] {dag.py:3047} INFO - Sync 1 DAGs
[2024-05-17T20:06:00.845+0000] {logging_mixin.py:188} INFO - [2024-05-17T20:06:00.845+0000] {dag.py:3834} INFO - Setting next_dagrun for upload_congress_data to None, run_after=None
[2024-05-17T20:06:00.856+0000] {processor.py:183} INFO - Processing /opt/airflow/dags/upload_congress_data.py took 0.123 seconds
[2024-05-17T21:06:58.395+0000] {processor.py:161} INFO - Started process (PID=8787) to work on /opt/airflow/dags/upload_congress_data.py
[2024-05-17T21:06:58.398+0000] {processor.py:830} INFO - Processing file /opt/airflow/dags/upload_congress_data.py for tasks to queue
[2024-05-17T21:06:58.410+0000] {logging_mixin.py:188} INFO - [2024-05-17T21:06:58.408+0000] {dagbag.py:540} INFO - Filling up the DagBag from /opt/airflow/dags/upload_congress_data.py
[2024-05-17T21:06:58.494+0000] {logging_mixin.py:188} INFO - Bucket Name: congress_data_testproject-420401
[2024-05-17T21:06:58.511+0000] {processor.py:840} INFO - DAG(s) 'upload_congress_data' retrieved from /opt/airflow/dags/upload_congress_data.py
[2024-05-17T21:06:58.592+0000] {logging_mixin.py:188} INFO - [2024-05-17T21:06:58.588+0000] {dag.py:3047} INFO - Sync 1 DAGs
[2024-05-17T21:06:58.627+0000] {logging_mixin.py:188} INFO - [2024-05-17T21:06:58.627+0000] {dag.py:3834} INFO - Setting next_dagrun for upload_congress_data to None, run_after=None
[2024-05-17T21:06:58.639+0000] {processor.py:183} INFO - Processing /opt/airflow/dags/upload_congress_data.py took 0.253 seconds
[2024-05-17T21:54:36.261+0000] {processor.py:161} INFO - Started process (PID=8800) to work on /opt/airflow/dags/upload_congress_data.py
[2024-05-17T21:54:36.276+0000] {processor.py:830} INFO - Processing file /opt/airflow/dags/upload_congress_data.py for tasks to queue
[2024-05-17T21:54:36.302+0000] {logging_mixin.py:188} INFO - [2024-05-17T21:54:36.299+0000] {dagbag.py:540} INFO - Filling up the DagBag from /opt/airflow/dags/upload_congress_data.py
[2024-05-17T21:54:36.505+0000] {logging_mixin.py:188} INFO - Bucket Name: congress_data_testproject-420401
[2024-05-17T21:54:36.529+0000] {processor.py:840} INFO - DAG(s) 'upload_congress_data' retrieved from /opt/airflow/dags/upload_congress_data.py
[2024-05-17T21:54:36.552+0000] {logging_mixin.py:188} INFO - [2024-05-17T21:54:36.551+0000] {dag.py:3047} INFO - Sync 1 DAGs
[2024-05-17T21:54:36.565+0000] {logging_mixin.py:188} INFO - [2024-05-17T21:54:36.565+0000] {dag.py:3834} INFO - Setting next_dagrun for upload_congress_data to None, run_after=None
[2024-05-17T21:54:36.575+0000] {processor.py:183} INFO - Processing /opt/airflow/dags/upload_congress_data.py took 0.321 seconds
[2024-05-17T22:07:59.915+0000] {processor.py:161} INFO - Started process (PID=8802) to work on /opt/airflow/dags/upload_congress_data.py
[2024-05-17T22:07:59.919+0000] {processor.py:830} INFO - Processing file /opt/airflow/dags/upload_congress_data.py for tasks to queue
[2024-05-17T22:07:59.927+0000] {logging_mixin.py:188} INFO - [2024-05-17T22:07:59.926+0000] {dagbag.py:540} INFO - Filling up the DagBag from /opt/airflow/dags/upload_congress_data.py
[2024-05-17T22:08:00.010+0000] {logging_mixin.py:188} INFO - Bucket Name: congress_data_testproject-420401
[2024-05-17T22:08:00.038+0000] {processor.py:840} INFO - DAG(s) 'upload_congress_data' retrieved from /opt/airflow/dags/upload_congress_data.py
[2024-05-17T22:08:00.078+0000] {logging_mixin.py:188} INFO - [2024-05-17T22:08:00.078+0000] {dag.py:3047} INFO - Sync 1 DAGs
[2024-05-17T22:08:00.116+0000] {logging_mixin.py:188} INFO - [2024-05-17T22:08:00.115+0000] {dag.py:3834} INFO - Setting next_dagrun for upload_congress_data to None, run_after=None
[2024-05-17T22:08:00.141+0000] {processor.py:183} INFO - Processing /opt/airflow/dags/upload_congress_data.py took 0.238 seconds
[2024-05-17T22:26:32.954+0000] {processor.py:161} INFO - Started process (PID=8816) to work on /opt/airflow/dags/upload_congress_data.py
[2024-05-17T22:26:32.955+0000] {processor.py:830} INFO - Processing file /opt/airflow/dags/upload_congress_data.py for tasks to queue
[2024-05-17T22:26:32.958+0000] {logging_mixin.py:188} INFO - [2024-05-17T22:26:32.958+0000] {dagbag.py:540} INFO - Filling up the DagBag from /opt/airflow/dags/upload_congress_data.py
[2024-05-17T22:26:33.000+0000] {logging_mixin.py:188} INFO - Bucket Name: congress_data_testproject-420401
[2024-05-17T22:26:33.010+0000] {processor.py:840} INFO - DAG(s) 'upload_congress_data' retrieved from /opt/airflow/dags/upload_congress_data.py
[2024-05-17T22:26:33.030+0000] {logging_mixin.py:188} INFO - [2024-05-17T22:26:33.030+0000] {dag.py:3047} INFO - Sync 1 DAGs
[2024-05-17T22:26:33.044+0000] {logging_mixin.py:188} INFO - [2024-05-17T22:26:33.044+0000] {dag.py:3834} INFO - Setting next_dagrun for upload_congress_data to None, run_after=None
[2024-05-17T22:26:33.055+0000] {processor.py:183} INFO - Processing /opt/airflow/dags/upload_congress_data.py took 0.105 seconds
[2024-05-17T22:59:15.590+0000] {processor.py:161} INFO - Started process (PID=8818) to work on /opt/airflow/dags/upload_congress_data.py
[2024-05-17T22:59:15.595+0000] {processor.py:830} INFO - Processing file /opt/airflow/dags/upload_congress_data.py for tasks to queue
[2024-05-17T22:59:15.600+0000] {logging_mixin.py:188} INFO - [2024-05-17T22:59:15.600+0000] {dagbag.py:540} INFO - Filling up the DagBag from /opt/airflow/dags/upload_congress_data.py
[2024-05-17T22:59:15.635+0000] {logging_mixin.py:188} INFO - Bucket Name: congress_data_testproject-420401
[2024-05-17T22:59:15.644+0000] {processor.py:840} INFO - DAG(s) 'upload_congress_data' retrieved from /opt/airflow/dags/upload_congress_data.py
[2024-05-17T22:59:15.672+0000] {logging_mixin.py:188} INFO - [2024-05-17T22:59:15.672+0000] {dag.py:3047} INFO - Sync 1 DAGs
[2024-05-17T22:59:15.686+0000] {logging_mixin.py:188} INFO - [2024-05-17T22:59:15.686+0000] {dag.py:3834} INFO - Setting next_dagrun for upload_congress_data to None, run_after=None
[2024-05-17T22:59:15.695+0000] {processor.py:183} INFO - Processing /opt/airflow/dags/upload_congress_data.py took 0.119 seconds
[2024-05-17T23:09:03.442+0000] {processor.py:161} INFO - Started process (PID=8826) to work on /opt/airflow/dags/upload_congress_data.py
[2024-05-17T23:09:03.443+0000] {processor.py:830} INFO - Processing file /opt/airflow/dags/upload_congress_data.py for tasks to queue
[2024-05-17T23:09:03.445+0000] {logging_mixin.py:188} INFO - [2024-05-17T23:09:03.445+0000] {dagbag.py:540} INFO - Filling up the DagBag from /opt/airflow/dags/upload_congress_data.py
[2024-05-17T23:09:03.478+0000] {logging_mixin.py:188} INFO - Bucket Name: congress_data_testproject-420401
[2024-05-17T23:09:03.488+0000] {processor.py:840} INFO - DAG(s) 'upload_congress_data' retrieved from /opt/airflow/dags/upload_congress_data.py
[2024-05-17T23:09:03.505+0000] {logging_mixin.py:188} INFO - [2024-05-17T23:09:03.505+0000] {dag.py:3047} INFO - Sync 1 DAGs
[2024-05-17T23:09:03.527+0000] {logging_mixin.py:188} INFO - [2024-05-17T23:09:03.527+0000] {dag.py:3834} INFO - Setting next_dagrun for upload_congress_data to None, run_after=None
[2024-05-17T23:09:03.536+0000] {processor.py:183} INFO - Processing /opt/airflow/dags/upload_congress_data.py took 0.098 seconds
[2024-05-17T23:28:11.054+0000] {processor.py:161} INFO - Started process (PID=8834) to work on /opt/airflow/dags/upload_congress_data.py
[2024-05-17T23:28:11.055+0000] {processor.py:830} INFO - Processing file /opt/airflow/dags/upload_congress_data.py for tasks to queue
[2024-05-17T23:28:11.061+0000] {logging_mixin.py:188} INFO - [2024-05-17T23:28:11.060+0000] {dagbag.py:540} INFO - Filling up the DagBag from /opt/airflow/dags/upload_congress_data.py
[2024-05-17T23:28:11.113+0000] {logging_mixin.py:188} INFO - Bucket Name: congress_data_testproject-420401
[2024-05-17T23:28:11.124+0000] {processor.py:840} INFO - DAG(s) 'upload_congress_data' retrieved from /opt/airflow/dags/upload_congress_data.py
[2024-05-17T23:28:11.142+0000] {logging_mixin.py:188} INFO - [2024-05-17T23:28:11.142+0000] {dag.py:3047} INFO - Sync 1 DAGs
[2024-05-17T23:28:11.165+0000] {logging_mixin.py:188} INFO - [2024-05-17T23:28:11.165+0000] {dag.py:3834} INFO - Setting next_dagrun for upload_congress_data to None, run_after=None
[2024-05-17T23:28:11.174+0000] {processor.py:183} INFO - Processing /opt/airflow/dags/upload_congress_data.py took 0.127 seconds
[2024-05-17T23:46:09.245+0000] {processor.py:161} INFO - Started process (PID=8842) to work on /opt/airflow/dags/upload_congress_data.py
[2024-05-17T23:46:09.247+0000] {processor.py:830} INFO - Processing file /opt/airflow/dags/upload_congress_data.py for tasks to queue
[2024-05-17T23:46:09.265+0000] {logging_mixin.py:188} INFO - [2024-05-17T23:46:09.264+0000] {dagbag.py:540} INFO - Filling up the DagBag from /opt/airflow/dags/upload_congress_data.py
[2024-05-17T23:46:09.359+0000] {logging_mixin.py:188} INFO - Bucket Name: congress_data_testproject-420401
[2024-05-17T23:46:09.389+0000] {processor.py:840} INFO - DAG(s) 'upload_congress_data' retrieved from /opt/airflow/dags/upload_congress_data.py
[2024-05-17T23:46:09.452+0000] {logging_mixin.py:188} INFO - [2024-05-17T23:46:09.451+0000] {dag.py:3047} INFO - Sync 1 DAGs
[2024-05-17T23:46:09.494+0000] {logging_mixin.py:188} INFO - [2024-05-17T23:46:09.494+0000] {dag.py:3834} INFO - Setting next_dagrun for upload_congress_data to None, run_after=None
[2024-05-17T23:46:09.521+0000] {processor.py:183} INFO - Processing /opt/airflow/dags/upload_congress_data.py took 0.293 seconds
