[2024-04-09T02:49:21.902+0000] {taskinstance.py:1979} INFO - Dependencies all met for dep_context=non-requeueable deps ti=<TaskInstance: upload_congress_data.bq_create_bills_Congress_partitioned_table_task manual__2024-04-09T02:43:09.973472+00:00 [queued]>
[2024-04-09T02:49:21.906+0000] {taskinstance.py:1979} INFO - Dependencies all met for dep_context=requeueable deps ti=<TaskInstance: upload_congress_data.bq_create_bills_Congress_partitioned_table_task manual__2024-04-09T02:43:09.973472+00:00 [queued]>
[2024-04-09T02:49:21.907+0000] {taskinstance.py:2193} INFO - Starting attempt 1 of 3
[2024-04-09T02:49:21.913+0000] {taskinstance.py:2217} INFO - Executing <Task(BigQueryInsertJobOperator): bq_create_bills_Congress_partitioned_table_task> on 2024-04-09 02:43:09.973472+00:00
[2024-04-09T02:49:21.917+0000] {standard_task_runner.py:60} INFO - Started process 566 to run task
[2024-04-09T02:49:21.919+0000] {standard_task_runner.py:87} INFO - Running: ['***', 'tasks', 'run', 'upload_congress_data', 'bq_create_bills_Congress_partitioned_table_task', 'manual__2024-04-09T02:43:09.973472+00:00', '--job-id', '21', '--raw', '--subdir', 'DAGS_FOLDER/upload_congress_data.py', '--cfg-path', '/tmp/tmp_p3btg51']
[2024-04-09T02:49:21.921+0000] {standard_task_runner.py:88} INFO - Job 21: Subtask bq_create_bills_Congress_partitioned_table_task
[2024-04-09T02:49:21.948+0000] {task_command.py:423} INFO - Running <TaskInstance: upload_congress_data.bq_create_bills_Congress_partitioned_table_task manual__2024-04-09T02:43:09.973472+00:00 [running]> on host 895231e7bebc
[2024-04-09T02:49:21.985+0000] {taskinstance.py:2513} INFO - Exporting env vars: AIRFLOW_CTX_DAG_EMAIL='***@***.com' AIRFLOW_CTX_DAG_OWNER='***' AIRFLOW_CTX_DAG_ID='upload_congress_data' AIRFLOW_CTX_TASK_ID='bq_create_bills_Congress_partitioned_table_task' AIRFLOW_CTX_EXECUTION_DATE='2024-04-09T02:43:09.973472+00:00' AIRFLOW_CTX_TRY_NUMBER='1' AIRFLOW_CTX_DAG_RUN_ID='manual__2024-04-09T02:43:09.973472+00:00'
[2024-04-09T02:49:21.986+0000] {crypto.py:82} WARNING - empty cryptography key - values will not be stored encrypted.
[2024-04-09T02:49:21.986+0000] {connection.py:269} WARNING - Connection schemes (type: google_cloud_platform) shall not contain '_' according to RFC3986.
[2024-04-09T02:49:21.987+0000] {base.py:83} INFO - Using connection ID 'google_cloud_default' for task execution.
[2024-04-09T02:49:22.028+0000] {bigquery.py:2811} INFO - Executing: {'query': {'query': 'CREATE OR REPLACE TABLE Congress.bill_status         PARTITION BY latestActionDate_formatted         AS         SELECT *, DATE(billStatus.bill.latestAction.actionDate) latestActionDate_formatted         FROM Congress.bill_status_external_table;', 'useLegacySql': False}}'
[2024-04-09T02:49:22.029+0000] {bigquery.py:1613} INFO - Inserting job ***_upload_congress_data_bq_create_bills_Congress_partitioned_table_task_2024_04_09T02_43_09_973472_00_00_b0e84e3080eb8f7e9e83aae5dbb601a2
[2024-04-09T02:49:24.294+0000] {taskinstance.py:2731} ERROR - Task failed with exception
Traceback (most recent call last):
  File "/home/airflow/.local/lib/python3.11/site-packages/airflow/models/taskinstance.py", line 444, in _execute_task
    result = _execute_callable(context=context, **execute_callable_kwargs)
             ^^^^^^^^^^^^^^^^^^^^^^^^^^^^^^^^^^^^^^^^^^^^^^^^^^^^^^^^^^^^^
  File "/home/airflow/.local/lib/python3.11/site-packages/airflow/models/taskinstance.py", line 414, in _execute_callable
    return execute_callable(context=context, **execute_callable_kwargs)
           ^^^^^^^^^^^^^^^^^^^^^^^^^^^^^^^^^^^^^^^^^^^^^^^^^^^^^^^^^^^^
  File "/home/airflow/.local/lib/python3.11/site-packages/airflow/providers/google/cloud/operators/bigquery.py", line 2870, in execute
    job.result(timeout=self.result_timeout, retry=self.result_retry)
  File "/home/airflow/.local/lib/python3.11/site-packages/google/cloud/bigquery/job/query.py", line 1595, in result
    do_get_result()
  File "/home/airflow/.local/lib/python3.11/site-packages/google/cloud/bigquery/job/query.py", line 1584, in do_get_result
    super(QueryJob, self).result(retry=retry, timeout=timeout)
  File "/home/airflow/.local/lib/python3.11/site-packages/google/cloud/bigquery/job/base.py", line 971, in result
    return super(_AsyncJob, self).result(timeout=timeout, **kwargs)
           ^^^^^^^^^^^^^^^^^^^^^^^^^^^^^^^^^^^^^^^^^^^^^^^^^^^^^^^^
  File "/home/airflow/.local/lib/python3.11/site-packages/google/api_core/future/polling.py", line 261, in result
    raise self._exception
google.api_core.exceptions.BadRequest: 400 Error while reading table: Congress.bill_status_external_table, error message: JSON parsing error in row starting at position 0: No such field: billStatus.bill.committees.item.subcommittees. File: gs://congress_data/bills/hjres/BILLSTATUS-118hjres27.json; reason: invalid, location: gs://congress_data/bills/hjres/BILLSTATUS-118hjres27.json, message: Error while reading table: Congress.bill_status_external_table, error message: JSON parsing error in row starting at position 0: No such field: billStatus.bill.committees.item.subcommittees. File: gs://congress_data/bills/hjres/BILLSTATUS-118hjres27.json; reason: invalid, message: Error while reading table: Congress.bill_status_external_table, error message: JSON processing encountered too many errors, giving up. Rows: 24; errors: 1; max bad: 0; error percent: 0

Location: US
Job ID: airflow_upload_congress_data_bq_create_bills_Congress_partitioned_table_task_2024_04_09T02_43_09_973472_00_00_b0e84e3080eb8f7e9e83aae5dbb601a2

[2024-04-09T02:49:24.308+0000] {taskinstance.py:1149} INFO - Marking task as UP_FOR_RETRY. dag_id=upload_congress_data, task_id=bq_create_bills_Congress_partitioned_table_task, execution_date=20240409T024309, start_date=20240409T024921, end_date=20240409T024924
[2024-04-09T02:49:24.320+0000] {standard_task_runner.py:107} ERROR - Failed to execute job 21 for task bq_create_bills_Congress_partitioned_table_task (400 Error while reading table: Congress.bill_status_external_table, error message: JSON parsing error in row starting at position 0: No such field: billStatus.bill.committees.item.subcommittees. File: gs://congress_data/bills/hjres/BILLSTATUS-118hjres27.json; reason: invalid, location: gs://congress_data/bills/hjres/BILLSTATUS-118hjres27.json, message: Error while reading table: Congress.bill_status_external_table, error message: JSON parsing error in row starting at position 0: No such field: billStatus.bill.committees.item.subcommittees. File: gs://congress_data/bills/hjres/BILLSTATUS-118hjres27.json; reason: invalid, message: Error while reading table: Congress.bill_status_external_table, error message: JSON processing encountered too many errors, giving up. Rows: 24; errors: 1; max bad: 0; error percent: 0

Location: US
Job ID: airflow_upload_congress_data_bq_create_bills_Congress_partitioned_table_task_2024_04_09T02_43_09_973472_00_00_b0e84e3080eb8f7e9e83aae5dbb601a2
; 566)
[2024-04-09T02:49:24.366+0000] {local_task_job_runner.py:234} INFO - Task exited with return code 1
[2024-04-09T02:49:24.381+0000] {taskinstance.py:3312} INFO - 0 downstream tasks scheduled from follow-on schedule check
