[2024-04-09T02:51:28.431+0000] {taskinstance.py:1979} INFO - Dependencies all met for dep_context=non-requeueable deps ti=<TaskInstance: upload_congress_data.bq_create_bills_Congress_partitioned_table_task manual__2024-04-09T02:43:09.973472+00:00 [queued]>
[2024-04-09T02:51:28.437+0000] {taskinstance.py:1979} INFO - Dependencies all met for dep_context=requeueable deps ti=<TaskInstance: upload_congress_data.bq_create_bills_Congress_partitioned_table_task manual__2024-04-09T02:43:09.973472+00:00 [queued]>
[2024-04-09T02:51:28.437+0000] {taskinstance.py:2193} INFO - Starting attempt 3 of 3
[2024-04-09T02:51:28.446+0000] {taskinstance.py:2217} INFO - Executing <Task(BigQueryInsertJobOperator): bq_create_bills_Congress_partitioned_table_task> on 2024-04-09 02:43:09.973472+00:00
[2024-04-09T02:51:28.451+0000] {standard_task_runner.py:60} INFO - Started process 606 to run task
[2024-04-09T02:51:28.455+0000] {standard_task_runner.py:87} INFO - Running: ['***', 'tasks', 'run', 'upload_congress_data', 'bq_create_bills_Congress_partitioned_table_task', 'manual__2024-04-09T02:43:09.973472+00:00', '--job-id', '23', '--raw', '--subdir', 'DAGS_FOLDER/upload_congress_data.py', '--cfg-path', '/tmp/tmp69ty22jd']
[2024-04-09T02:51:28.458+0000] {standard_task_runner.py:88} INFO - Job 23: Subtask bq_create_bills_Congress_partitioned_table_task
[2024-04-09T02:51:28.495+0000] {task_command.py:423} INFO - Running <TaskInstance: upload_congress_data.bq_create_bills_Congress_partitioned_table_task manual__2024-04-09T02:43:09.973472+00:00 [running]> on host 895231e7bebc
[2024-04-09T02:51:28.542+0000] {taskinstance.py:2513} INFO - Exporting env vars: AIRFLOW_CTX_DAG_EMAIL='***@***.com' AIRFLOW_CTX_DAG_OWNER='***' AIRFLOW_CTX_DAG_ID='upload_congress_data' AIRFLOW_CTX_TASK_ID='bq_create_bills_Congress_partitioned_table_task' AIRFLOW_CTX_EXECUTION_DATE='2024-04-09T02:43:09.973472+00:00' AIRFLOW_CTX_TRY_NUMBER='3' AIRFLOW_CTX_DAG_RUN_ID='manual__2024-04-09T02:43:09.973472+00:00'
[2024-04-09T02:51:28.544+0000] {crypto.py:82} WARNING - empty cryptography key - values will not be stored encrypted.
[2024-04-09T02:51:28.545+0000] {connection.py:269} WARNING - Connection schemes (type: google_cloud_platform) shall not contain '_' according to RFC3986.
[2024-04-09T02:51:28.546+0000] {base.py:83} INFO - Using connection ID 'google_cloud_default' for task execution.
[2024-04-09T02:51:28.588+0000] {bigquery.py:2811} INFO - Executing: {'query': {'query': 'CREATE OR REPLACE TABLE Congress.bill_status         PARTITION BY latestActionDate_formatted         AS         SELECT *, DATE(billStatus.bill.latestAction.actionDate) latestActionDate_formatted         FROM Congress.bill_status_external_table;', 'useLegacySql': False}}'
[2024-04-09T02:51:28.589+0000] {bigquery.py:1613} INFO - Inserting job ***_upload_congress_data_bq_create_bills_Congress_partitioned_table_task_2024_04_09T02_43_09_973472_00_00_0b436c489b4606c061a196ef9d751cf4
[2024-04-09T02:51:30.547+0000] {taskinstance.py:2731} ERROR - Task failed with exception
Traceback (most recent call last):
  File "/home/airflow/.local/lib/python3.11/site-packages/airflow/models/taskinstance.py", line 444, in _execute_task
    result = _execute_callable(context=context, **execute_callable_kwargs)
             ^^^^^^^^^^^^^^^^^^^^^^^^^^^^^^^^^^^^^^^^^^^^^^^^^^^^^^^^^^^^^
  File "/home/airflow/.local/lib/python3.11/site-packages/airflow/models/taskinstance.py", line 414, in _execute_callable
    return execute_callable(context=context, **execute_callable_kwargs)
           ^^^^^^^^^^^^^^^^^^^^^^^^^^^^^^^^^^^^^^^^^^^^^^^^^^^^^^^^^^^^
  File "/home/airflow/.local/lib/python3.11/site-packages/airflow/providers/google/cloud/operators/bigquery.py", line 2870, in execute
    job.result(timeout=self.result_timeout, retry=self.result_retry)
  File "/home/airflow/.local/lib/python3.11/site-packages/google/cloud/bigquery/job/query.py", line 1595, in result
    do_get_result()
  File "/home/airflow/.local/lib/python3.11/site-packages/google/cloud/bigquery/job/query.py", line 1584, in do_get_result
    super(QueryJob, self).result(retry=retry, timeout=timeout)
  File "/home/airflow/.local/lib/python3.11/site-packages/google/cloud/bigquery/job/base.py", line 971, in result
    return super(_AsyncJob, self).result(timeout=timeout, **kwargs)
           ^^^^^^^^^^^^^^^^^^^^^^^^^^^^^^^^^^^^^^^^^^^^^^^^^^^^^^^^
  File "/home/airflow/.local/lib/python3.11/site-packages/google/api_core/future/polling.py", line 261, in result
    raise self._exception
google.api_core.exceptions.BadRequest: 400 Error while reading table: Congress.bill_status_external_table, error message: JSON parsing error in row starting at position 0: No such field: billStatus.bill.committees.item.subcommittees. File: gs://congress_data/bills/hr/BILLSTATUS-118hr467.json; reason: invalid, location: gs://congress_data/bills/hr/BILLSTATUS-118hr467.json, message: Error while reading table: Congress.bill_status_external_table, error message: JSON parsing error in row starting at position 0: No such field: billStatus.bill.committees.item.subcommittees. File: gs://congress_data/bills/hr/BILLSTATUS-118hr467.json; reason: invalid, message: Error while reading table: Congress.bill_status_external_table, error message: JSON processing encountered too many errors, giving up. Rows: 25; errors: 1; max bad: 0; error percent: 0; reason: invalid, message: Error while reading table: Congress.bill_status_external_table, error message: JSON processing encountered too many errors, giving up. Rows: 26; errors: 1; max bad: 0; error percent: 0; reason: invalid, location: gs://congress_data/bills/hr/BILLSTATUS-118hr3981.json, message: Error while reading table: Congress.bill_status_external_table, error message: JSON parsing error in row starting at position 0: No such field: billStatus.bill.committees.item.subcommittees. File: gs://congress_data/bills/hr/BILLSTATUS-118hr3981.json; reason: invalid, message: Error while reading table: Congress.bill_status_external_table, error message: JSON processing encountered too many errors, giving up. Rows: 27; errors: 2; max bad: 0; error percent: 0; reason: invalid, message: Error while reading table: Congress.bill_status_external_table, error message: JSON processing encountered too many errors, giving up. Rows: 28; errors: 2; max bad: 0; error percent: 0; reason: invalid, message: Error while reading table: Congress.bill_status_external_table, error message: JSON processing encountered too many errors, giving up. Rows: 29; errors: 2; max bad: 0; error percent: 0; reason: invalid, location: gs://congress_data/bills/hr/BILLSTATUS-118hr753.json, message: Error while reading table: Congress.bill_status_external_table, error message: JSON parsing error in row starting at position 0: No such field: billStatus.bill.committees.item.subcommittees. File: gs://congress_data/bills/hr/BILLSTATUS-118hr753.json; reason: invalid, message: Error while reading table: Congress.bill_status_external_table, error message: JSON processing encountered too many errors, giving up. Rows: 30; errors: 3; max bad: 0; error percent: 0; reason: invalid, location: gs://congress_data/bills/hjres/BILLSTATUS-118hjres27.json, message: Error while reading table: Congress.bill_status_external_table, error message: JSON parsing error in row starting at position 0: No such field: billStatus.bill.committees.item.subcommittees. File: gs://congress_data/bills/hjres/BILLSTATUS-118hjres27.json; reason: invalid, message: Error while reading table: Congress.bill_status_external_table, error message: JSON processing encountered too many errors, giving up. Rows: 31; errors: 4; max bad: 0; error percent: 0

Location: US
Job ID: airflow_upload_congress_data_bq_create_bills_Congress_partitioned_table_task_2024_04_09T02_43_09_973472_00_00_0b436c489b4606c061a196ef9d751cf4

[2024-04-09T02:51:30.570+0000] {taskinstance.py:1149} INFO - Marking task as FAILED. dag_id=upload_congress_data, task_id=bq_create_bills_Congress_partitioned_table_task, execution_date=20240409T024309, start_date=20240409T025128, end_date=20240409T025130
[2024-04-09T02:51:30.585+0000] {standard_task_runner.py:107} ERROR - Failed to execute job 23 for task bq_create_bills_Congress_partitioned_table_task (400 Error while reading table: Congress.bill_status_external_table, error message: JSON parsing error in row starting at position 0: No such field: billStatus.bill.committees.item.subcommittees. File: gs://congress_data/bills/hr/BILLSTATUS-118hr467.json; reason: invalid, location: gs://congress_data/bills/hr/BILLSTATUS-118hr467.json, message: Error while reading table: Congress.bill_status_external_table, error message: JSON parsing error in row starting at position 0: No such field: billStatus.bill.committees.item.subcommittees. File: gs://congress_data/bills/hr/BILLSTATUS-118hr467.json; reason: invalid, message: Error while reading table: Congress.bill_status_external_table, error message: JSON processing encountered too many errors, giving up. Rows: 25; errors: 1; max bad: 0; error percent: 0; reason: invalid, message: Error while reading table: Congress.bill_status_external_table, error message: JSON processing encountered too many errors, giving up. Rows: 26; errors: 1; max bad: 0; error percent: 0; reason: invalid, location: gs://congress_data/bills/hr/BILLSTATUS-118hr3981.json, message: Error while reading table: Congress.bill_status_external_table, error message: JSON parsing error in row starting at position 0: No such field: billStatus.bill.committees.item.subcommittees. File: gs://congress_data/bills/hr/BILLSTATUS-118hr3981.json; reason: invalid, message: Error while reading table: Congress.bill_status_external_table, error message: JSON processing encountered too many errors, giving up. Rows: 27; errors: 2; max bad: 0; error percent: 0; reason: invalid, message: Error while reading table: Congress.bill_status_external_table, error message: JSON processing encountered too many errors, giving up. Rows: 28; errors: 2; max bad: 0; error percent: 0; reason: invalid, message: Error while reading table: Congress.bill_status_external_table, error message: JSON processing encountered too many errors, giving up. Rows: 29; errors: 2; max bad: 0; error percent: 0; reason: invalid, location: gs://congress_data/bills/hr/BILLSTATUS-118hr753.json, message: Error while reading table: Congress.bill_status_external_table, error message: JSON parsing error in row starting at position 0: No such field: billStatus.bill.committees.item.subcommittees. File: gs://congress_data/bills/hr/BILLSTATUS-118hr753.json; reason: invalid, message: Error while reading table: Congress.bill_status_external_table, error message: JSON processing encountered too many errors, giving up. Rows: 30; errors: 3; max bad: 0; error percent: 0; reason: invalid, location: gs://congress_data/bills/hjres/BILLSTATUS-118hjres27.json, message: Error while reading table: Congress.bill_status_external_table, error message: JSON parsing error in row starting at position 0: No such field: billStatus.bill.committees.item.subcommittees. File: gs://congress_data/bills/hjres/BILLSTATUS-118hjres27.json; reason: invalid, message: Error while reading table: Congress.bill_status_external_table, error message: JSON processing encountered too many errors, giving up. Rows: 31; errors: 4; max bad: 0; error percent: 0

Location: US
Job ID: airflow_upload_congress_data_bq_create_bills_Congress_partitioned_table_task_2024_04_09T02_43_09_973472_00_00_0b436c489b4606c061a196ef9d751cf4
; 606)
[2024-04-09T02:51:30.614+0000] {local_task_job_runner.py:234} INFO - Task exited with return code 1
[2024-04-09T02:51:30.629+0000] {taskinstance.py:3312} INFO - 0 downstream tasks scheduled from follow-on schedule check
