[2024-05-07T00:23:39.489+0000] {processor.py:161} INFO - Started process (PID=1188) to work on /opt/airflow/dags/upload_congress_data.py
[2024-05-07T00:23:39.490+0000] {processor.py:830} INFO - Processing file /opt/airflow/dags/upload_congress_data.py for tasks to queue
[2024-05-07T00:23:39.493+0000] {logging_mixin.py:188} INFO - [2024-05-07T00:23:39.492+0000] {dagbag.py:540} INFO - Filling up the DagBag from /opt/airflow/dags/upload_congress_data.py
[2024-05-07T00:23:39.527+0000] {logging_mixin.py:188} INFO - Bucket Name: congress_data_testproject-420401
[2024-05-07T00:23:39.541+0000] {processor.py:840} INFO - DAG(s) 'upload_congress_data' retrieved from /opt/airflow/dags/upload_congress_data.py
[2024-05-07T00:23:39.587+0000] {logging_mixin.py:188} INFO - [2024-05-07T00:23:39.587+0000] {dag.py:3047} INFO - Sync 1 DAGs
[2024-05-07T00:23:39.628+0000] {logging_mixin.py:188} INFO - [2024-05-07T00:23:39.628+0000] {dag.py:3834} INFO - Setting next_dagrun for upload_congress_data to None, run_after=None
[2024-05-07T00:23:39.662+0000] {processor.py:183} INFO - Processing /opt/airflow/dags/upload_congress_data.py took 0.176 seconds
[2024-05-07T01:24:43.021+0000] {processor.py:161} INFO - Started process (PID=1196) to work on /opt/airflow/dags/upload_congress_data.py
[2024-05-07T01:24:43.024+0000] {processor.py:830} INFO - Processing file /opt/airflow/dags/upload_congress_data.py for tasks to queue
[2024-05-07T01:24:43.028+0000] {logging_mixin.py:188} INFO - [2024-05-07T01:24:43.027+0000] {dagbag.py:540} INFO - Filling up the DagBag from /opt/airflow/dags/upload_congress_data.py
[2024-05-07T01:24:43.092+0000] {logging_mixin.py:188} INFO - Bucket Name: congress_data_testproject-420401
[2024-05-07T01:24:43.126+0000] {processor.py:840} INFO - DAG(s) 'upload_congress_data' retrieved from /opt/airflow/dags/upload_congress_data.py
[2024-05-07T01:24:43.171+0000] {logging_mixin.py:188} INFO - [2024-05-07T01:24:43.171+0000] {dag.py:3047} INFO - Sync 1 DAGs
[2024-05-07T01:24:43.210+0000] {logging_mixin.py:188} INFO - [2024-05-07T01:24:43.209+0000] {dag.py:3834} INFO - Setting next_dagrun for upload_congress_data to None, run_after=None
[2024-05-07T01:24:43.246+0000] {processor.py:183} INFO - Processing /opt/airflow/dags/upload_congress_data.py took 0.231 seconds
[2024-05-07T02:42:47.593+0000] {processor.py:161} INFO - Started process (PID=1204) to work on /opt/airflow/dags/upload_congress_data.py
[2024-05-07T02:42:47.595+0000] {processor.py:830} INFO - Processing file /opt/airflow/dags/upload_congress_data.py for tasks to queue
[2024-05-07T02:42:47.600+0000] {logging_mixin.py:188} INFO - [2024-05-07T02:42:47.599+0000] {dagbag.py:540} INFO - Filling up the DagBag from /opt/airflow/dags/upload_congress_data.py
[2024-05-07T02:42:47.691+0000] {logging_mixin.py:188} INFO - Bucket Name: congress_data_testproject-420401
[2024-05-07T02:42:47.725+0000] {processor.py:840} INFO - DAG(s) 'upload_congress_data' retrieved from /opt/airflow/dags/upload_congress_data.py
[2024-05-07T02:42:47.781+0000] {logging_mixin.py:188} INFO - [2024-05-07T02:42:47.781+0000] {dag.py:3047} INFO - Sync 1 DAGs
[2024-05-07T02:42:47.810+0000] {logging_mixin.py:188} INFO - [2024-05-07T02:42:47.810+0000] {dag.py:3834} INFO - Setting next_dagrun for upload_congress_data to None, run_after=None
[2024-05-07T02:42:47.842+0000] {processor.py:183} INFO - Processing /opt/airflow/dags/upload_congress_data.py took 0.261 seconds
[2024-05-07T03:14:43.992+0000] {processor.py:161} INFO - Started process (PID=1212) to work on /opt/airflow/dags/upload_congress_data.py
[2024-05-07T03:14:43.994+0000] {processor.py:830} INFO - Processing file /opt/airflow/dags/upload_congress_data.py for tasks to queue
[2024-05-07T03:14:44.001+0000] {logging_mixin.py:188} INFO - [2024-05-07T03:14:44.000+0000] {dagbag.py:540} INFO - Filling up the DagBag from /opt/airflow/dags/upload_congress_data.py
[2024-05-07T03:14:44.065+0000] {logging_mixin.py:188} INFO - Bucket Name: congress_data_testproject-420401
[2024-05-07T03:14:44.111+0000] {processor.py:840} INFO - DAG(s) 'upload_congress_data' retrieved from /opt/airflow/dags/upload_congress_data.py
[2024-05-07T03:14:44.156+0000] {logging_mixin.py:188} INFO - [2024-05-07T03:14:44.156+0000] {dag.py:3047} INFO - Sync 1 DAGs
[2024-05-07T03:14:44.183+0000] {logging_mixin.py:188} INFO - [2024-05-07T03:14:44.182+0000] {dag.py:3834} INFO - Setting next_dagrun for upload_congress_data to None, run_after=None
[2024-05-07T03:14:44.212+0000] {processor.py:183} INFO - Processing /opt/airflow/dags/upload_congress_data.py took 0.227 seconds
[2024-05-07T03:15:14.477+0000] {processor.py:161} INFO - Started process (PID=1220) to work on /opt/airflow/dags/upload_congress_data.py
[2024-05-07T03:15:14.478+0000] {processor.py:830} INFO - Processing file /opt/airflow/dags/upload_congress_data.py for tasks to queue
[2024-05-07T03:15:14.482+0000] {logging_mixin.py:188} INFO - [2024-05-07T03:15:14.481+0000] {dagbag.py:540} INFO - Filling up the DagBag from /opt/airflow/dags/upload_congress_data.py
[2024-05-07T03:15:14.515+0000] {logging_mixin.py:188} INFO - Bucket Name: congress_data_testproject-420401
[2024-05-07T03:15:14.525+0000] {processor.py:840} INFO - DAG(s) 'upload_congress_data' retrieved from /opt/airflow/dags/upload_congress_data.py
[2024-05-07T03:15:14.543+0000] {logging_mixin.py:188} INFO - [2024-05-07T03:15:14.543+0000] {dag.py:3047} INFO - Sync 1 DAGs
[2024-05-07T03:15:14.558+0000] {logging_mixin.py:188} INFO - [2024-05-07T03:15:14.558+0000] {dag.py:3834} INFO - Setting next_dagrun for upload_congress_data to None, run_after=None
[2024-05-07T03:15:14.568+0000] {processor.py:183} INFO - Processing /opt/airflow/dags/upload_congress_data.py took 0.095 seconds
[2024-05-07T03:15:44.891+0000] {processor.py:161} INFO - Started process (PID=1228) to work on /opt/airflow/dags/upload_congress_data.py
[2024-05-07T03:15:44.892+0000] {processor.py:830} INFO - Processing file /opt/airflow/dags/upload_congress_data.py for tasks to queue
[2024-05-07T03:15:44.895+0000] {logging_mixin.py:188} INFO - [2024-05-07T03:15:44.894+0000] {dagbag.py:540} INFO - Filling up the DagBag from /opt/airflow/dags/upload_congress_data.py
[2024-05-07T03:15:44.929+0000] {logging_mixin.py:188} INFO - Bucket Name: congress_data_testproject-420401
[2024-05-07T03:15:44.940+0000] {processor.py:840} INFO - DAG(s) 'upload_congress_data' retrieved from /opt/airflow/dags/upload_congress_data.py
[2024-05-07T03:15:44.964+0000] {logging_mixin.py:188} INFO - [2024-05-07T03:15:44.964+0000] {dag.py:3047} INFO - Sync 1 DAGs
[2024-05-07T03:15:44.980+0000] {logging_mixin.py:188} INFO - [2024-05-07T03:15:44.980+0000] {dag.py:3834} INFO - Setting next_dagrun for upload_congress_data to None, run_after=None
[2024-05-07T03:15:44.995+0000] {processor.py:183} INFO - Processing /opt/airflow/dags/upload_congress_data.py took 0.107 seconds
[2024-05-07T03:16:15.335+0000] {processor.py:161} INFO - Started process (PID=1236) to work on /opt/airflow/dags/upload_congress_data.py
[2024-05-07T03:16:15.336+0000] {processor.py:830} INFO - Processing file /opt/airflow/dags/upload_congress_data.py for tasks to queue
[2024-05-07T03:16:15.337+0000] {logging_mixin.py:188} INFO - [2024-05-07T03:16:15.337+0000] {dagbag.py:540} INFO - Filling up the DagBag from /opt/airflow/dags/upload_congress_data.py
[2024-05-07T03:16:15.384+0000] {logging_mixin.py:188} INFO - Bucket Name: congress_data_testproject-420401
[2024-05-07T03:16:15.395+0000] {processor.py:840} INFO - DAG(s) 'upload_congress_data' retrieved from /opt/airflow/dags/upload_congress_data.py
[2024-05-07T03:16:15.415+0000] {logging_mixin.py:188} INFO - [2024-05-07T03:16:15.415+0000] {dag.py:3047} INFO - Sync 1 DAGs
[2024-05-07T03:16:15.429+0000] {logging_mixin.py:188} INFO - [2024-05-07T03:16:15.429+0000] {dag.py:3834} INFO - Setting next_dagrun for upload_congress_data to None, run_after=None
[2024-05-07T03:16:15.440+0000] {processor.py:183} INFO - Processing /opt/airflow/dags/upload_congress_data.py took 0.108 seconds
[2024-05-07T03:16:45.805+0000] {processor.py:161} INFO - Started process (PID=1244) to work on /opt/airflow/dags/upload_congress_data.py
[2024-05-07T03:16:45.806+0000] {processor.py:830} INFO - Processing file /opt/airflow/dags/upload_congress_data.py for tasks to queue
[2024-05-07T03:16:45.809+0000] {logging_mixin.py:188} INFO - [2024-05-07T03:16:45.808+0000] {dagbag.py:540} INFO - Filling up the DagBag from /opt/airflow/dags/upload_congress_data.py
[2024-05-07T03:16:45.842+0000] {logging_mixin.py:188} INFO - Bucket Name: congress_data_testproject-420401
[2024-05-07T03:16:45.856+0000] {processor.py:840} INFO - DAG(s) 'upload_congress_data' retrieved from /opt/airflow/dags/upload_congress_data.py
[2024-05-07T03:16:45.880+0000] {logging_mixin.py:188} INFO - [2024-05-07T03:16:45.880+0000] {dag.py:3047} INFO - Sync 1 DAGs
[2024-05-07T03:16:45.894+0000] {logging_mixin.py:188} INFO - [2024-05-07T03:16:45.894+0000] {dag.py:3834} INFO - Setting next_dagrun for upload_congress_data to None, run_after=None
[2024-05-07T03:16:45.905+0000] {processor.py:183} INFO - Processing /opt/airflow/dags/upload_congress_data.py took 0.105 seconds
[2024-05-07T03:17:16.242+0000] {processor.py:161} INFO - Started process (PID=1252) to work on /opt/airflow/dags/upload_congress_data.py
[2024-05-07T03:17:16.243+0000] {processor.py:830} INFO - Processing file /opt/airflow/dags/upload_congress_data.py for tasks to queue
[2024-05-07T03:17:16.244+0000] {logging_mixin.py:188} INFO - [2024-05-07T03:17:16.244+0000] {dagbag.py:540} INFO - Filling up the DagBag from /opt/airflow/dags/upload_congress_data.py
[2024-05-07T03:17:16.277+0000] {logging_mixin.py:188} INFO - Bucket Name: congress_data_testproject-420401
[2024-05-07T03:17:16.291+0000] {processor.py:840} INFO - DAG(s) 'upload_congress_data' retrieved from /opt/airflow/dags/upload_congress_data.py
[2024-05-07T03:17:16.314+0000] {logging_mixin.py:188} INFO - [2024-05-07T03:17:16.314+0000] {dag.py:3047} INFO - Sync 1 DAGs
[2024-05-07T03:17:16.329+0000] {logging_mixin.py:188} INFO - [2024-05-07T03:17:16.328+0000] {dag.py:3834} INFO - Setting next_dagrun for upload_congress_data to None, run_after=None
[2024-05-07T03:17:16.338+0000] {processor.py:183} INFO - Processing /opt/airflow/dags/upload_congress_data.py took 0.100 seconds
[2024-05-07T03:17:46.709+0000] {processor.py:161} INFO - Started process (PID=1260) to work on /opt/airflow/dags/upload_congress_data.py
[2024-05-07T03:17:46.710+0000] {processor.py:830} INFO - Processing file /opt/airflow/dags/upload_congress_data.py for tasks to queue
[2024-05-07T03:17:46.711+0000] {logging_mixin.py:188} INFO - [2024-05-07T03:17:46.711+0000] {dagbag.py:540} INFO - Filling up the DagBag from /opt/airflow/dags/upload_congress_data.py
[2024-05-07T03:17:46.741+0000] {logging_mixin.py:188} INFO - Bucket Name: congress_data_testproject-420401
[2024-05-07T03:17:46.757+0000] {processor.py:840} INFO - DAG(s) 'upload_congress_data' retrieved from /opt/airflow/dags/upload_congress_data.py
[2024-05-07T03:17:46.782+0000] {logging_mixin.py:188} INFO - [2024-05-07T03:17:46.781+0000] {dag.py:3047} INFO - Sync 1 DAGs
[2024-05-07T03:17:46.797+0000] {logging_mixin.py:188} INFO - [2024-05-07T03:17:46.797+0000] {dag.py:3834} INFO - Setting next_dagrun for upload_congress_data to None, run_after=None
[2024-05-07T03:17:46.806+0000] {processor.py:183} INFO - Processing /opt/airflow/dags/upload_congress_data.py took 0.100 seconds
[2024-05-07T03:18:17.074+0000] {processor.py:161} INFO - Started process (PID=1268) to work on /opt/airflow/dags/upload_congress_data.py
[2024-05-07T03:18:17.075+0000] {processor.py:830} INFO - Processing file /opt/airflow/dags/upload_congress_data.py for tasks to queue
[2024-05-07T03:18:17.079+0000] {logging_mixin.py:188} INFO - [2024-05-07T03:18:17.078+0000] {dagbag.py:540} INFO - Filling up the DagBag from /opt/airflow/dags/upload_congress_data.py
[2024-05-07T03:18:17.121+0000] {logging_mixin.py:188} INFO - Bucket Name: congress_data_testproject-420401
[2024-05-07T03:18:17.149+0000] {processor.py:840} INFO - DAG(s) 'upload_congress_data' retrieved from /opt/airflow/dags/upload_congress_data.py
[2024-05-07T03:18:17.183+0000] {logging_mixin.py:188} INFO - [2024-05-07T03:18:17.182+0000] {dag.py:3047} INFO - Sync 1 DAGs
[2024-05-07T03:18:17.206+0000] {logging_mixin.py:188} INFO - [2024-05-07T03:18:17.206+0000] {dag.py:3834} INFO - Setting next_dagrun for upload_congress_data to None, run_after=None
[2024-05-07T03:18:17.226+0000] {processor.py:183} INFO - Processing /opt/airflow/dags/upload_congress_data.py took 0.157 seconds
[2024-05-07T03:18:47.564+0000] {processor.py:161} INFO - Started process (PID=1276) to work on /opt/airflow/dags/upload_congress_data.py
[2024-05-07T03:18:47.565+0000] {processor.py:830} INFO - Processing file /opt/airflow/dags/upload_congress_data.py for tasks to queue
[2024-05-07T03:18:47.568+0000] {logging_mixin.py:188} INFO - [2024-05-07T03:18:47.568+0000] {dagbag.py:540} INFO - Filling up the DagBag from /opt/airflow/dags/upload_congress_data.py
[2024-05-07T03:18:47.642+0000] {logging_mixin.py:188} INFO - Bucket Name: congress_data_testproject-420401
[2024-05-07T03:18:47.656+0000] {processor.py:840} INFO - DAG(s) 'upload_congress_data' retrieved from /opt/airflow/dags/upload_congress_data.py
[2024-05-07T03:18:47.692+0000] {logging_mixin.py:188} INFO - [2024-05-07T03:18:47.692+0000] {dag.py:3047} INFO - Sync 1 DAGs
[2024-05-07T03:18:47.713+0000] {logging_mixin.py:188} INFO - [2024-05-07T03:18:47.713+0000] {dag.py:3834} INFO - Setting next_dagrun for upload_congress_data to None, run_after=None
[2024-05-07T03:18:47.725+0000] {processor.py:183} INFO - Processing /opt/airflow/dags/upload_congress_data.py took 0.167 seconds
[2024-05-07T03:19:18.070+0000] {processor.py:161} INFO - Started process (PID=1284) to work on /opt/airflow/dags/upload_congress_data.py
[2024-05-07T03:19:18.072+0000] {processor.py:830} INFO - Processing file /opt/airflow/dags/upload_congress_data.py for tasks to queue
[2024-05-07T03:19:18.074+0000] {logging_mixin.py:188} INFO - [2024-05-07T03:19:18.074+0000] {dagbag.py:540} INFO - Filling up the DagBag from /opt/airflow/dags/upload_congress_data.py
[2024-05-07T03:19:18.119+0000] {logging_mixin.py:188} INFO - Bucket Name: congress_data_testproject-420401
[2024-05-07T03:19:18.131+0000] {processor.py:840} INFO - DAG(s) 'upload_congress_data' retrieved from /opt/airflow/dags/upload_congress_data.py
[2024-05-07T03:19:18.150+0000] {logging_mixin.py:188} INFO - [2024-05-07T03:19:18.149+0000] {dag.py:3047} INFO - Sync 1 DAGs
[2024-05-07T03:19:18.162+0000] {logging_mixin.py:188} INFO - [2024-05-07T03:19:18.162+0000] {dag.py:3834} INFO - Setting next_dagrun for upload_congress_data to None, run_after=None
[2024-05-07T03:19:18.172+0000] {processor.py:183} INFO - Processing /opt/airflow/dags/upload_congress_data.py took 0.106 seconds
[2024-05-07T03:19:48.943+0000] {processor.py:161} INFO - Started process (PID=1291) to work on /opt/airflow/dags/upload_congress_data.py
[2024-05-07T03:19:48.944+0000] {processor.py:830} INFO - Processing file /opt/airflow/dags/upload_congress_data.py for tasks to queue
[2024-05-07T03:19:48.947+0000] {logging_mixin.py:188} INFO - [2024-05-07T03:19:48.947+0000] {dagbag.py:540} INFO - Filling up the DagBag from /opt/airflow/dags/upload_congress_data.py
[2024-05-07T03:19:48.982+0000] {logging_mixin.py:188} INFO - Bucket Name: congress_data_testproject-420401
[2024-05-07T03:19:48.993+0000] {processor.py:840} INFO - DAG(s) 'upload_congress_data' retrieved from /opt/airflow/dags/upload_congress_data.py
[2024-05-07T03:19:49.018+0000] {logging_mixin.py:188} INFO - [2024-05-07T03:19:49.018+0000] {dag.py:3047} INFO - Sync 1 DAGs
[2024-05-07T03:19:49.033+0000] {logging_mixin.py:188} INFO - [2024-05-07T03:19:49.033+0000] {dag.py:3834} INFO - Setting next_dagrun for upload_congress_data to None, run_after=None
[2024-05-07T03:19:49.042+0000] {processor.py:183} INFO - Processing /opt/airflow/dags/upload_congress_data.py took 0.104 seconds
[2024-05-07T03:20:19.371+0000] {processor.py:161} INFO - Started process (PID=1299) to work on /opt/airflow/dags/upload_congress_data.py
[2024-05-07T03:20:19.373+0000] {processor.py:830} INFO - Processing file /opt/airflow/dags/upload_congress_data.py for tasks to queue
[2024-05-07T03:20:19.375+0000] {logging_mixin.py:188} INFO - [2024-05-07T03:20:19.375+0000] {dagbag.py:540} INFO - Filling up the DagBag from /opt/airflow/dags/upload_congress_data.py
[2024-05-07T03:20:19.437+0000] {logging_mixin.py:188} INFO - Bucket Name: congress_data_testproject-420401
[2024-05-07T03:20:19.449+0000] {processor.py:840} INFO - DAG(s) 'upload_congress_data' retrieved from /opt/airflow/dags/upload_congress_data.py
[2024-05-07T03:20:19.468+0000] {logging_mixin.py:188} INFO - [2024-05-07T03:20:19.468+0000] {dag.py:3047} INFO - Sync 1 DAGs
[2024-05-07T03:20:19.483+0000] {logging_mixin.py:188} INFO - [2024-05-07T03:20:19.482+0000] {dag.py:3834} INFO - Setting next_dagrun for upload_congress_data to None, run_after=None
[2024-05-07T03:20:19.491+0000] {processor.py:183} INFO - Processing /opt/airflow/dags/upload_congress_data.py took 0.124 seconds
[2024-05-07T03:20:49.781+0000] {processor.py:161} INFO - Started process (PID=1307) to work on /opt/airflow/dags/upload_congress_data.py
[2024-05-07T03:20:49.782+0000] {processor.py:830} INFO - Processing file /opt/airflow/dags/upload_congress_data.py for tasks to queue
[2024-05-07T03:20:49.784+0000] {logging_mixin.py:188} INFO - [2024-05-07T03:20:49.784+0000] {dagbag.py:540} INFO - Filling up the DagBag from /opt/airflow/dags/upload_congress_data.py
[2024-05-07T03:20:49.842+0000] {logging_mixin.py:188} INFO - Bucket Name: congress_data_testproject-420401
[2024-05-07T03:20:49.853+0000] {processor.py:840} INFO - DAG(s) 'upload_congress_data' retrieved from /opt/airflow/dags/upload_congress_data.py
[2024-05-07T03:20:49.873+0000] {logging_mixin.py:188} INFO - [2024-05-07T03:20:49.872+0000] {dag.py:3047} INFO - Sync 1 DAGs
[2024-05-07T03:20:49.888+0000] {logging_mixin.py:188} INFO - [2024-05-07T03:20:49.888+0000] {dag.py:3834} INFO - Setting next_dagrun for upload_congress_data to None, run_after=None
[2024-05-07T03:20:49.898+0000] {processor.py:183} INFO - Processing /opt/airflow/dags/upload_congress_data.py took 0.122 seconds
[2024-05-07T03:21:20.215+0000] {processor.py:161} INFO - Started process (PID=1315) to work on /opt/airflow/dags/upload_congress_data.py
[2024-05-07T03:21:20.219+0000] {processor.py:830} INFO - Processing file /opt/airflow/dags/upload_congress_data.py for tasks to queue
[2024-05-07T03:21:20.223+0000] {logging_mixin.py:188} INFO - [2024-05-07T03:21:20.222+0000] {dagbag.py:540} INFO - Filling up the DagBag from /opt/airflow/dags/upload_congress_data.py
[2024-05-07T03:21:20.264+0000] {logging_mixin.py:188} INFO - Bucket Name: congress_data_testproject-420401
[2024-05-07T03:21:20.284+0000] {processor.py:840} INFO - DAG(s) 'upload_congress_data' retrieved from /opt/airflow/dags/upload_congress_data.py
[2024-05-07T03:21:20.304+0000] {logging_mixin.py:188} INFO - [2024-05-07T03:21:20.304+0000] {dag.py:3047} INFO - Sync 1 DAGs
[2024-05-07T03:21:20.318+0000] {logging_mixin.py:188} INFO - [2024-05-07T03:21:20.318+0000] {dag.py:3834} INFO - Setting next_dagrun for upload_congress_data to None, run_after=None
[2024-05-07T03:21:20.327+0000] {processor.py:183} INFO - Processing /opt/airflow/dags/upload_congress_data.py took 0.124 seconds
[2024-05-07T03:21:50.646+0000] {processor.py:161} INFO - Started process (PID=1329) to work on /opt/airflow/dags/upload_congress_data.py
[2024-05-07T03:21:50.648+0000] {processor.py:830} INFO - Processing file /opt/airflow/dags/upload_congress_data.py for tasks to queue
[2024-05-07T03:21:50.649+0000] {logging_mixin.py:188} INFO - [2024-05-07T03:21:50.649+0000] {dagbag.py:540} INFO - Filling up the DagBag from /opt/airflow/dags/upload_congress_data.py
[2024-05-07T03:21:50.678+0000] {logging_mixin.py:188} INFO - Bucket Name: congress_data_testproject-420401
[2024-05-07T03:21:50.687+0000] {processor.py:840} INFO - DAG(s) 'upload_congress_data' retrieved from /opt/airflow/dags/upload_congress_data.py
[2024-05-07T03:21:50.705+0000] {logging_mixin.py:188} INFO - [2024-05-07T03:21:50.705+0000] {dag.py:3047} INFO - Sync 1 DAGs
[2024-05-07T03:21:50.720+0000] {logging_mixin.py:188} INFO - [2024-05-07T03:21:50.720+0000] {dag.py:3834} INFO - Setting next_dagrun for upload_congress_data to None, run_after=None
[2024-05-07T03:21:50.730+0000] {processor.py:183} INFO - Processing /opt/airflow/dags/upload_congress_data.py took 0.088 seconds
[2024-05-07T03:22:21.004+0000] {processor.py:161} INFO - Started process (PID=1337) to work on /opt/airflow/dags/upload_congress_data.py
[2024-05-07T03:22:21.005+0000] {processor.py:830} INFO - Processing file /opt/airflow/dags/upload_congress_data.py for tasks to queue
[2024-05-07T03:22:21.014+0000] {logging_mixin.py:188} INFO - [2024-05-07T03:22:21.012+0000] {dagbag.py:540} INFO - Filling up the DagBag from /opt/airflow/dags/upload_congress_data.py
[2024-05-07T03:22:21.051+0000] {logging_mixin.py:188} INFO - Bucket Name: congress_data_testproject-420401
[2024-05-07T03:22:21.063+0000] {processor.py:840} INFO - DAG(s) 'upload_congress_data' retrieved from /opt/airflow/dags/upload_congress_data.py
[2024-05-07T03:22:21.081+0000] {logging_mixin.py:188} INFO - [2024-05-07T03:22:21.080+0000] {dag.py:3047} INFO - Sync 1 DAGs
[2024-05-07T03:22:21.103+0000] {logging_mixin.py:188} INFO - [2024-05-07T03:22:21.103+0000] {dag.py:3834} INFO - Setting next_dagrun for upload_congress_data to None, run_after=None
[2024-05-07T03:22:21.113+0000] {processor.py:183} INFO - Processing /opt/airflow/dags/upload_congress_data.py took 0.115 seconds
[2024-05-07T03:22:51.698+0000] {processor.py:161} INFO - Started process (PID=1345) to work on /opt/airflow/dags/upload_congress_data.py
[2024-05-07T03:22:51.700+0000] {processor.py:830} INFO - Processing file /opt/airflow/dags/upload_congress_data.py for tasks to queue
[2024-05-07T03:22:51.709+0000] {logging_mixin.py:188} INFO - [2024-05-07T03:22:51.707+0000] {dagbag.py:540} INFO - Filling up the DagBag from /opt/airflow/dags/upload_congress_data.py
[2024-05-07T03:22:51.757+0000] {logging_mixin.py:188} INFO - Bucket Name: congress_data_testproject-420401
[2024-05-07T03:22:51.770+0000] {processor.py:840} INFO - DAG(s) 'upload_congress_data' retrieved from /opt/airflow/dags/upload_congress_data.py
[2024-05-07T03:22:51.792+0000] {logging_mixin.py:188} INFO - [2024-05-07T03:22:51.792+0000] {dag.py:3047} INFO - Sync 1 DAGs
[2024-05-07T03:22:51.807+0000] {logging_mixin.py:188} INFO - [2024-05-07T03:22:51.806+0000] {dag.py:3834} INFO - Setting next_dagrun for upload_congress_data to None, run_after=None
[2024-05-07T03:22:51.834+0000] {processor.py:183} INFO - Processing /opt/airflow/dags/upload_congress_data.py took 0.143 seconds
[2024-05-07T03:23:22.159+0000] {processor.py:161} INFO - Started process (PID=1353) to work on /opt/airflow/dags/upload_congress_data.py
[2024-05-07T03:23:22.161+0000] {processor.py:830} INFO - Processing file /opt/airflow/dags/upload_congress_data.py for tasks to queue
[2024-05-07T03:23:22.163+0000] {logging_mixin.py:188} INFO - [2024-05-07T03:23:22.163+0000] {dagbag.py:540} INFO - Filling up the DagBag from /opt/airflow/dags/upload_congress_data.py
[2024-05-07T03:23:22.204+0000] {logging_mixin.py:188} INFO - Bucket Name: congress_data_testproject-420401
[2024-05-07T03:23:22.222+0000] {processor.py:840} INFO - DAG(s) 'upload_congress_data' retrieved from /opt/airflow/dags/upload_congress_data.py
[2024-05-07T03:23:22.240+0000] {logging_mixin.py:188} INFO - [2024-05-07T03:23:22.240+0000] {dag.py:3047} INFO - Sync 1 DAGs
[2024-05-07T03:23:22.255+0000] {logging_mixin.py:188} INFO - [2024-05-07T03:23:22.255+0000] {dag.py:3834} INFO - Setting next_dagrun for upload_congress_data to None, run_after=None
[2024-05-07T03:23:22.264+0000] {processor.py:183} INFO - Processing /opt/airflow/dags/upload_congress_data.py took 0.108 seconds
[2024-05-07T03:23:52.608+0000] {processor.py:161} INFO - Started process (PID=1361) to work on /opt/airflow/dags/upload_congress_data.py
[2024-05-07T03:23:52.609+0000] {processor.py:830} INFO - Processing file /opt/airflow/dags/upload_congress_data.py for tasks to queue
[2024-05-07T03:23:52.611+0000] {logging_mixin.py:188} INFO - [2024-05-07T03:23:52.611+0000] {dagbag.py:540} INFO - Filling up the DagBag from /opt/airflow/dags/upload_congress_data.py
[2024-05-07T03:23:52.667+0000] {logging_mixin.py:188} INFO - Bucket Name: congress_data_testproject-420401
[2024-05-07T03:23:52.678+0000] {processor.py:840} INFO - DAG(s) 'upload_congress_data' retrieved from /opt/airflow/dags/upload_congress_data.py
[2024-05-07T03:23:52.697+0000] {logging_mixin.py:188} INFO - [2024-05-07T03:23:52.697+0000] {dag.py:3047} INFO - Sync 1 DAGs
[2024-05-07T03:23:52.710+0000] {logging_mixin.py:188} INFO - [2024-05-07T03:23:52.710+0000] {dag.py:3834} INFO - Setting next_dagrun for upload_congress_data to None, run_after=None
[2024-05-07T03:23:52.720+0000] {processor.py:183} INFO - Processing /opt/airflow/dags/upload_congress_data.py took 0.115 seconds
[2024-05-07T03:24:23.078+0000] {processor.py:161} INFO - Started process (PID=1369) to work on /opt/airflow/dags/upload_congress_data.py
[2024-05-07T03:24:23.079+0000] {processor.py:830} INFO - Processing file /opt/airflow/dags/upload_congress_data.py for tasks to queue
[2024-05-07T03:24:23.083+0000] {logging_mixin.py:188} INFO - [2024-05-07T03:24:23.083+0000] {dagbag.py:540} INFO - Filling up the DagBag from /opt/airflow/dags/upload_congress_data.py
[2024-05-07T03:24:23.122+0000] {logging_mixin.py:188} INFO - Bucket Name: congress_data_testproject-420401
[2024-05-07T03:24:23.133+0000] {processor.py:840} INFO - DAG(s) 'upload_congress_data' retrieved from /opt/airflow/dags/upload_congress_data.py
[2024-05-07T03:24:23.163+0000] {logging_mixin.py:188} INFO - [2024-05-07T03:24:23.163+0000] {dag.py:3047} INFO - Sync 1 DAGs
[2024-05-07T03:24:23.181+0000] {logging_mixin.py:188} INFO - [2024-05-07T03:24:23.181+0000] {dag.py:3834} INFO - Setting next_dagrun for upload_congress_data to None, run_after=None
[2024-05-07T03:24:23.193+0000] {processor.py:183} INFO - Processing /opt/airflow/dags/upload_congress_data.py took 0.124 seconds
[2024-05-07T03:24:53.682+0000] {processor.py:161} INFO - Started process (PID=1377) to work on /opt/airflow/dags/upload_congress_data.py
[2024-05-07T03:24:53.683+0000] {processor.py:830} INFO - Processing file /opt/airflow/dags/upload_congress_data.py for tasks to queue
[2024-05-07T03:24:53.686+0000] {logging_mixin.py:188} INFO - [2024-05-07T03:24:53.685+0000] {dagbag.py:540} INFO - Filling up the DagBag from /opt/airflow/dags/upload_congress_data.py
[2024-05-07T03:24:53.732+0000] {logging_mixin.py:188} INFO - Bucket Name: congress_data_testproject-420401
[2024-05-07T03:24:53.744+0000] {processor.py:840} INFO - DAG(s) 'upload_congress_data' retrieved from /opt/airflow/dags/upload_congress_data.py
[2024-05-07T03:24:53.763+0000] {logging_mixin.py:188} INFO - [2024-05-07T03:24:53.763+0000] {dag.py:3047} INFO - Sync 1 DAGs
[2024-05-07T03:24:53.777+0000] {logging_mixin.py:188} INFO - [2024-05-07T03:24:53.777+0000] {dag.py:3834} INFO - Setting next_dagrun for upload_congress_data to None, run_after=None
[2024-05-07T03:24:53.786+0000] {processor.py:183} INFO - Processing /opt/airflow/dags/upload_congress_data.py took 0.107 seconds
[2024-05-07T03:25:24.120+0000] {processor.py:161} INFO - Started process (PID=1385) to work on /opt/airflow/dags/upload_congress_data.py
[2024-05-07T03:25:24.121+0000] {processor.py:830} INFO - Processing file /opt/airflow/dags/upload_congress_data.py for tasks to queue
[2024-05-07T03:25:24.124+0000] {logging_mixin.py:188} INFO - [2024-05-07T03:25:24.123+0000] {dagbag.py:540} INFO - Filling up the DagBag from /opt/airflow/dags/upload_congress_data.py
[2024-05-07T03:25:24.161+0000] {logging_mixin.py:188} INFO - Bucket Name: congress_data_testproject-420401
[2024-05-07T03:25:24.198+0000] {processor.py:840} INFO - DAG(s) 'upload_congress_data' retrieved from /opt/airflow/dags/upload_congress_data.py
[2024-05-07T03:25:24.223+0000] {logging_mixin.py:188} INFO - [2024-05-07T03:25:24.223+0000] {dag.py:3047} INFO - Sync 1 DAGs
[2024-05-07T03:25:24.239+0000] {logging_mixin.py:188} INFO - [2024-05-07T03:25:24.238+0000] {dag.py:3834} INFO - Setting next_dagrun for upload_congress_data to None, run_after=None
[2024-05-07T03:25:24.249+0000] {processor.py:183} INFO - Processing /opt/airflow/dags/upload_congress_data.py took 0.133 seconds
[2024-05-07T03:25:54.546+0000] {processor.py:161} INFO - Started process (PID=1393) to work on /opt/airflow/dags/upload_congress_data.py
[2024-05-07T03:25:54.547+0000] {processor.py:830} INFO - Processing file /opt/airflow/dags/upload_congress_data.py for tasks to queue
[2024-05-07T03:25:54.549+0000] {logging_mixin.py:188} INFO - [2024-05-07T03:25:54.549+0000] {dagbag.py:540} INFO - Filling up the DagBag from /opt/airflow/dags/upload_congress_data.py
[2024-05-07T03:25:54.583+0000] {logging_mixin.py:188} INFO - Bucket Name: congress_data_testproject-420401
[2024-05-07T03:25:54.594+0000] {processor.py:840} INFO - DAG(s) 'upload_congress_data' retrieved from /opt/airflow/dags/upload_congress_data.py
[2024-05-07T03:25:54.612+0000] {logging_mixin.py:188} INFO - [2024-05-07T03:25:54.612+0000] {dag.py:3047} INFO - Sync 1 DAGs
[2024-05-07T03:25:54.628+0000] {logging_mixin.py:188} INFO - [2024-05-07T03:25:54.627+0000] {dag.py:3834} INFO - Setting next_dagrun for upload_congress_data to None, run_after=None
[2024-05-07T03:25:54.637+0000] {processor.py:183} INFO - Processing /opt/airflow/dags/upload_congress_data.py took 0.093 seconds
[2024-05-07T03:26:24.967+0000] {processor.py:161} INFO - Started process (PID=1401) to work on /opt/airflow/dags/upload_congress_data.py
[2024-05-07T03:26:24.968+0000] {processor.py:830} INFO - Processing file /opt/airflow/dags/upload_congress_data.py for tasks to queue
[2024-05-07T03:26:24.969+0000] {logging_mixin.py:188} INFO - [2024-05-07T03:26:24.969+0000] {dagbag.py:540} INFO - Filling up the DagBag from /opt/airflow/dags/upload_congress_data.py
[2024-05-07T03:26:25.005+0000] {logging_mixin.py:188} INFO - Bucket Name: congress_data_testproject-420401
[2024-05-07T03:26:25.048+0000] {processor.py:840} INFO - DAG(s) 'upload_congress_data' retrieved from /opt/airflow/dags/upload_congress_data.py
[2024-05-07T03:26:25.075+0000] {logging_mixin.py:188} INFO - [2024-05-07T03:26:25.074+0000] {dag.py:3047} INFO - Sync 1 DAGs
[2024-05-07T03:26:25.091+0000] {logging_mixin.py:188} INFO - [2024-05-07T03:26:25.091+0000] {dag.py:3834} INFO - Setting next_dagrun for upload_congress_data to None, run_after=None
[2024-05-07T03:26:25.101+0000] {processor.py:183} INFO - Processing /opt/airflow/dags/upload_congress_data.py took 0.138 seconds
[2024-05-07T03:26:55.428+0000] {processor.py:161} INFO - Started process (PID=1409) to work on /opt/airflow/dags/upload_congress_data.py
[2024-05-07T03:26:55.429+0000] {processor.py:830} INFO - Processing file /opt/airflow/dags/upload_congress_data.py for tasks to queue
[2024-05-07T03:26:55.431+0000] {logging_mixin.py:188} INFO - [2024-05-07T03:26:55.430+0000] {dagbag.py:540} INFO - Filling up the DagBag from /opt/airflow/dags/upload_congress_data.py
[2024-05-07T03:26:55.470+0000] {logging_mixin.py:188} INFO - Bucket Name: congress_data_testproject-420401
[2024-05-07T03:26:55.507+0000] {processor.py:840} INFO - DAG(s) 'upload_congress_data' retrieved from /opt/airflow/dags/upload_congress_data.py
[2024-05-07T03:26:55.536+0000] {logging_mixin.py:188} INFO - [2024-05-07T03:26:55.536+0000] {dag.py:3047} INFO - Sync 1 DAGs
[2024-05-07T03:26:55.563+0000] {logging_mixin.py:188} INFO - [2024-05-07T03:26:55.563+0000] {dag.py:3834} INFO - Setting next_dagrun for upload_congress_data to None, run_after=None
[2024-05-07T03:26:55.575+0000] {processor.py:183} INFO - Processing /opt/airflow/dags/upload_congress_data.py took 0.151 seconds
[2024-05-07T03:27:25.859+0000] {processor.py:161} INFO - Started process (PID=1417) to work on /opt/airflow/dags/upload_congress_data.py
[2024-05-07T03:27:25.860+0000] {processor.py:830} INFO - Processing file /opt/airflow/dags/upload_congress_data.py for tasks to queue
[2024-05-07T03:27:25.861+0000] {logging_mixin.py:188} INFO - [2024-05-07T03:27:25.861+0000] {dagbag.py:540} INFO - Filling up the DagBag from /opt/airflow/dags/upload_congress_data.py
[2024-05-07T03:27:25.896+0000] {logging_mixin.py:188} INFO - Bucket Name: congress_data_testproject-420401
[2024-05-07T03:27:25.923+0000] {processor.py:840} INFO - DAG(s) 'upload_congress_data' retrieved from /opt/airflow/dags/upload_congress_data.py
[2024-05-07T03:27:25.957+0000] {logging_mixin.py:188} INFO - [2024-05-07T03:27:25.957+0000] {dag.py:3047} INFO - Sync 1 DAGs
[2024-05-07T03:27:25.970+0000] {logging_mixin.py:188} INFO - [2024-05-07T03:27:25.970+0000] {dag.py:3834} INFO - Setting next_dagrun for upload_congress_data to None, run_after=None
[2024-05-07T03:27:25.980+0000] {processor.py:183} INFO - Processing /opt/airflow/dags/upload_congress_data.py took 0.125 seconds
[2024-05-07T03:27:56.278+0000] {processor.py:161} INFO - Started process (PID=1425) to work on /opt/airflow/dags/upload_congress_data.py
[2024-05-07T03:27:56.279+0000] {processor.py:830} INFO - Processing file /opt/airflow/dags/upload_congress_data.py for tasks to queue
[2024-05-07T03:27:56.281+0000] {logging_mixin.py:188} INFO - [2024-05-07T03:27:56.281+0000] {dagbag.py:540} INFO - Filling up the DagBag from /opt/airflow/dags/upload_congress_data.py
[2024-05-07T03:27:56.312+0000] {logging_mixin.py:188} INFO - Bucket Name: congress_data_testproject-420401
[2024-05-07T03:27:56.324+0000] {processor.py:840} INFO - DAG(s) 'upload_congress_data' retrieved from /opt/airflow/dags/upload_congress_data.py
[2024-05-07T03:27:56.347+0000] {logging_mixin.py:188} INFO - [2024-05-07T03:27:56.347+0000] {dag.py:3047} INFO - Sync 1 DAGs
[2024-05-07T03:27:56.368+0000] {logging_mixin.py:188} INFO - [2024-05-07T03:27:56.367+0000] {dag.py:3834} INFO - Setting next_dagrun for upload_congress_data to None, run_after=None
[2024-05-07T03:27:56.378+0000] {processor.py:183} INFO - Processing /opt/airflow/dags/upload_congress_data.py took 0.102 seconds
[2024-05-07T03:28:26.697+0000] {processor.py:161} INFO - Started process (PID=1433) to work on /opt/airflow/dags/upload_congress_data.py
[2024-05-07T03:28:26.698+0000] {processor.py:830} INFO - Processing file /opt/airflow/dags/upload_congress_data.py for tasks to queue
[2024-05-07T03:28:26.700+0000] {logging_mixin.py:188} INFO - [2024-05-07T03:28:26.700+0000] {dagbag.py:540} INFO - Filling up the DagBag from /opt/airflow/dags/upload_congress_data.py
[2024-05-07T03:28:26.742+0000] {logging_mixin.py:188} INFO - Bucket Name: congress_data_testproject-420401
[2024-05-07T03:28:26.750+0000] {processor.py:840} INFO - DAG(s) 'upload_congress_data' retrieved from /opt/airflow/dags/upload_congress_data.py
[2024-05-07T03:28:26.770+0000] {logging_mixin.py:188} INFO - [2024-05-07T03:28:26.769+0000] {dag.py:3047} INFO - Sync 1 DAGs
[2024-05-07T03:28:26.785+0000] {logging_mixin.py:188} INFO - [2024-05-07T03:28:26.785+0000] {dag.py:3834} INFO - Setting next_dagrun for upload_congress_data to None, run_after=None
[2024-05-07T03:28:26.799+0000] {processor.py:183} INFO - Processing /opt/airflow/dags/upload_congress_data.py took 0.105 seconds
[2024-05-07T03:28:57.073+0000] {processor.py:161} INFO - Started process (PID=1441) to work on /opt/airflow/dags/upload_congress_data.py
[2024-05-07T03:28:57.074+0000] {processor.py:830} INFO - Processing file /opt/airflow/dags/upload_congress_data.py for tasks to queue
[2024-05-07T03:28:57.077+0000] {logging_mixin.py:188} INFO - [2024-05-07T03:28:57.076+0000] {dagbag.py:540} INFO - Filling up the DagBag from /opt/airflow/dags/upload_congress_data.py
[2024-05-07T03:28:57.112+0000] {logging_mixin.py:188} INFO - Bucket Name: congress_data_testproject-420401
[2024-05-07T03:28:57.124+0000] {processor.py:840} INFO - DAG(s) 'upload_congress_data' retrieved from /opt/airflow/dags/upload_congress_data.py
[2024-05-07T03:28:57.144+0000] {logging_mixin.py:188} INFO - [2024-05-07T03:28:57.144+0000] {dag.py:3047} INFO - Sync 1 DAGs
[2024-05-07T03:28:57.159+0000] {logging_mixin.py:188} INFO - [2024-05-07T03:28:57.159+0000] {dag.py:3834} INFO - Setting next_dagrun for upload_congress_data to None, run_after=None
[2024-05-07T03:28:57.170+0000] {processor.py:183} INFO - Processing /opt/airflow/dags/upload_congress_data.py took 0.104 seconds
[2024-05-07T03:29:27.463+0000] {processor.py:161} INFO - Started process (PID=1449) to work on /opt/airflow/dags/upload_congress_data.py
[2024-05-07T03:29:27.464+0000] {processor.py:830} INFO - Processing file /opt/airflow/dags/upload_congress_data.py for tasks to queue
[2024-05-07T03:29:27.466+0000] {logging_mixin.py:188} INFO - [2024-05-07T03:29:27.466+0000] {dagbag.py:540} INFO - Filling up the DagBag from /opt/airflow/dags/upload_congress_data.py
[2024-05-07T03:29:27.496+0000] {logging_mixin.py:188} INFO - Bucket Name: congress_data_testproject-420401
[2024-05-07T03:29:27.510+0000] {processor.py:840} INFO - DAG(s) 'upload_congress_data' retrieved from /opt/airflow/dags/upload_congress_data.py
[2024-05-07T03:29:27.538+0000] {logging_mixin.py:188} INFO - [2024-05-07T03:29:27.538+0000] {dag.py:3047} INFO - Sync 1 DAGs
[2024-05-07T03:29:27.554+0000] {logging_mixin.py:188} INFO - [2024-05-07T03:29:27.554+0000] {dag.py:3834} INFO - Setting next_dagrun for upload_congress_data to None, run_after=None
[2024-05-07T03:29:27.563+0000] {processor.py:183} INFO - Processing /opt/airflow/dags/upload_congress_data.py took 0.104 seconds
[2024-05-07T03:29:58.070+0000] {processor.py:161} INFO - Started process (PID=1457) to work on /opt/airflow/dags/upload_congress_data.py
[2024-05-07T03:29:58.071+0000] {processor.py:830} INFO - Processing file /opt/airflow/dags/upload_congress_data.py for tasks to queue
[2024-05-07T03:29:58.074+0000] {logging_mixin.py:188} INFO - [2024-05-07T03:29:58.073+0000] {dagbag.py:540} INFO - Filling up the DagBag from /opt/airflow/dags/upload_congress_data.py
[2024-05-07T03:29:58.108+0000] {logging_mixin.py:188} INFO - Bucket Name: congress_data_testproject-420401
[2024-05-07T03:29:58.121+0000] {processor.py:840} INFO - DAG(s) 'upload_congress_data' retrieved from /opt/airflow/dags/upload_congress_data.py
[2024-05-07T03:29:58.140+0000] {logging_mixin.py:188} INFO - [2024-05-07T03:29:58.140+0000] {dag.py:3047} INFO - Sync 1 DAGs
[2024-05-07T03:29:58.156+0000] {logging_mixin.py:188} INFO - [2024-05-07T03:29:58.156+0000] {dag.py:3834} INFO - Setting next_dagrun for upload_congress_data to None, run_after=None
[2024-05-07T03:29:58.165+0000] {processor.py:183} INFO - Processing /opt/airflow/dags/upload_congress_data.py took 0.100 seconds
[2024-05-07T03:30:28.471+0000] {processor.py:161} INFO - Started process (PID=1465) to work on /opt/airflow/dags/upload_congress_data.py
[2024-05-07T03:30:28.473+0000] {processor.py:830} INFO - Processing file /opt/airflow/dags/upload_congress_data.py for tasks to queue
[2024-05-07T03:30:28.477+0000] {logging_mixin.py:188} INFO - [2024-05-07T03:30:28.476+0000] {dagbag.py:540} INFO - Filling up the DagBag from /opt/airflow/dags/upload_congress_data.py
[2024-05-07T03:30:28.511+0000] {logging_mixin.py:188} INFO - Bucket Name: congress_data_testproject-420401
[2024-05-07T03:30:28.520+0000] {processor.py:840} INFO - DAG(s) 'upload_congress_data' retrieved from /opt/airflow/dags/upload_congress_data.py
[2024-05-07T03:30:28.537+0000] {logging_mixin.py:188} INFO - [2024-05-07T03:30:28.537+0000] {dag.py:3047} INFO - Sync 1 DAGs
[2024-05-07T03:30:28.562+0000] {logging_mixin.py:188} INFO - [2024-05-07T03:30:28.562+0000] {dag.py:3834} INFO - Setting next_dagrun for upload_congress_data to None, run_after=None
[2024-05-07T03:30:28.571+0000] {processor.py:183} INFO - Processing /opt/airflow/dags/upload_congress_data.py took 0.105 seconds
[2024-05-07T03:30:58.900+0000] {processor.py:161} INFO - Started process (PID=1473) to work on /opt/airflow/dags/upload_congress_data.py
[2024-05-07T03:30:58.903+0000] {processor.py:830} INFO - Processing file /opt/airflow/dags/upload_congress_data.py for tasks to queue
[2024-05-07T03:30:58.906+0000] {logging_mixin.py:188} INFO - [2024-05-07T03:30:58.906+0000] {dagbag.py:540} INFO - Filling up the DagBag from /opt/airflow/dags/upload_congress_data.py
[2024-05-07T03:30:58.962+0000] {logging_mixin.py:188} INFO - Bucket Name: congress_data_testproject-420401
[2024-05-07T03:30:58.973+0000] {processor.py:840} INFO - DAG(s) 'upload_congress_data' retrieved from /opt/airflow/dags/upload_congress_data.py
[2024-05-07T03:30:59.001+0000] {logging_mixin.py:188} INFO - [2024-05-07T03:30:59.001+0000] {dag.py:3047} INFO - Sync 1 DAGs
[2024-05-07T03:30:59.017+0000] {logging_mixin.py:188} INFO - [2024-05-07T03:30:59.017+0000] {dag.py:3834} INFO - Setting next_dagrun for upload_congress_data to None, run_after=None
[2024-05-07T03:30:59.035+0000] {processor.py:183} INFO - Processing /opt/airflow/dags/upload_congress_data.py took 0.140 seconds
[2024-05-07T03:31:29.392+0000] {processor.py:161} INFO - Started process (PID=1481) to work on /opt/airflow/dags/upload_congress_data.py
[2024-05-07T03:31:29.395+0000] {processor.py:830} INFO - Processing file /opt/airflow/dags/upload_congress_data.py for tasks to queue
[2024-05-07T03:31:29.399+0000] {logging_mixin.py:188} INFO - [2024-05-07T03:31:29.398+0000] {dagbag.py:540} INFO - Filling up the DagBag from /opt/airflow/dags/upload_congress_data.py
[2024-05-07T03:31:29.445+0000] {logging_mixin.py:188} INFO - Bucket Name: congress_data_testproject-420401
[2024-05-07T03:31:29.458+0000] {processor.py:840} INFO - DAG(s) 'upload_congress_data' retrieved from /opt/airflow/dags/upload_congress_data.py
[2024-05-07T03:31:29.481+0000] {logging_mixin.py:188} INFO - [2024-05-07T03:31:29.481+0000] {dag.py:3047} INFO - Sync 1 DAGs
[2024-05-07T03:31:29.496+0000] {logging_mixin.py:188} INFO - [2024-05-07T03:31:29.496+0000] {dag.py:3834} INFO - Setting next_dagrun for upload_congress_data to None, run_after=None
[2024-05-07T03:31:29.506+0000] {processor.py:183} INFO - Processing /opt/airflow/dags/upload_congress_data.py took 0.120 seconds
[2024-05-07T03:31:59.795+0000] {processor.py:161} INFO - Started process (PID=1489) to work on /opt/airflow/dags/upload_congress_data.py
[2024-05-07T03:31:59.797+0000] {processor.py:830} INFO - Processing file /opt/airflow/dags/upload_congress_data.py for tasks to queue
[2024-05-07T03:31:59.800+0000] {logging_mixin.py:188} INFO - [2024-05-07T03:31:59.799+0000] {dagbag.py:540} INFO - Filling up the DagBag from /opt/airflow/dags/upload_congress_data.py
[2024-05-07T03:31:59.846+0000] {logging_mixin.py:188} INFO - Bucket Name: congress_data_testproject-420401
[2024-05-07T03:31:59.863+0000] {processor.py:840} INFO - DAG(s) 'upload_congress_data' retrieved from /opt/airflow/dags/upload_congress_data.py
[2024-05-07T03:31:59.890+0000] {logging_mixin.py:188} INFO - [2024-05-07T03:31:59.889+0000] {dag.py:3047} INFO - Sync 1 DAGs
[2024-05-07T03:31:59.905+0000] {logging_mixin.py:188} INFO - [2024-05-07T03:31:59.904+0000] {dag.py:3834} INFO - Setting next_dagrun for upload_congress_data to None, run_after=None
[2024-05-07T03:31:59.914+0000] {processor.py:183} INFO - Processing /opt/airflow/dags/upload_congress_data.py took 0.124 seconds
[2024-05-07T03:32:30.252+0000] {processor.py:161} INFO - Started process (PID=1497) to work on /opt/airflow/dags/upload_congress_data.py
[2024-05-07T03:32:30.254+0000] {processor.py:830} INFO - Processing file /opt/airflow/dags/upload_congress_data.py for tasks to queue
[2024-05-07T03:32:30.260+0000] {logging_mixin.py:188} INFO - [2024-05-07T03:32:30.258+0000] {dagbag.py:540} INFO - Filling up the DagBag from /opt/airflow/dags/upload_congress_data.py
[2024-05-07T03:32:30.315+0000] {logging_mixin.py:188} INFO - Bucket Name: congress_data_testproject-420401
[2024-05-07T03:32:30.329+0000] {processor.py:840} INFO - DAG(s) 'upload_congress_data' retrieved from /opt/airflow/dags/upload_congress_data.py
[2024-05-07T03:32:30.349+0000] {logging_mixin.py:188} INFO - [2024-05-07T03:32:30.349+0000] {dag.py:3047} INFO - Sync 1 DAGs
[2024-05-07T03:32:30.364+0000] {logging_mixin.py:188} INFO - [2024-05-07T03:32:30.364+0000] {dag.py:3834} INFO - Setting next_dagrun for upload_congress_data to None, run_after=None
[2024-05-07T03:32:30.376+0000] {processor.py:183} INFO - Processing /opt/airflow/dags/upload_congress_data.py took 0.129 seconds
[2024-05-07T03:33:00.713+0000] {processor.py:161} INFO - Started process (PID=1505) to work on /opt/airflow/dags/upload_congress_data.py
[2024-05-07T03:33:00.715+0000] {processor.py:830} INFO - Processing file /opt/airflow/dags/upload_congress_data.py for tasks to queue
[2024-05-07T03:33:00.718+0000] {logging_mixin.py:188} INFO - [2024-05-07T03:33:00.717+0000] {dagbag.py:540} INFO - Filling up the DagBag from /opt/airflow/dags/upload_congress_data.py
[2024-05-07T03:33:00.768+0000] {logging_mixin.py:188} INFO - Bucket Name: congress_data_testproject-420401
[2024-05-07T03:33:00.781+0000] {processor.py:840} INFO - DAG(s) 'upload_congress_data' retrieved from /opt/airflow/dags/upload_congress_data.py
[2024-05-07T03:33:00.810+0000] {logging_mixin.py:188} INFO - [2024-05-07T03:33:00.810+0000] {dag.py:3047} INFO - Sync 1 DAGs
[2024-05-07T03:33:00.825+0000] {logging_mixin.py:188} INFO - [2024-05-07T03:33:00.825+0000] {dag.py:3834} INFO - Setting next_dagrun for upload_congress_data to None, run_after=None
[2024-05-07T03:33:00.835+0000] {processor.py:183} INFO - Processing /opt/airflow/dags/upload_congress_data.py took 0.125 seconds
[2024-05-07T03:33:31.181+0000] {processor.py:161} INFO - Started process (PID=1513) to work on /opt/airflow/dags/upload_congress_data.py
[2024-05-07T03:33:31.185+0000] {processor.py:830} INFO - Processing file /opt/airflow/dags/upload_congress_data.py for tasks to queue
[2024-05-07T03:33:31.189+0000] {logging_mixin.py:188} INFO - [2024-05-07T03:33:31.188+0000] {dagbag.py:540} INFO - Filling up the DagBag from /opt/airflow/dags/upload_congress_data.py
[2024-05-07T03:33:31.245+0000] {logging_mixin.py:188} INFO - Bucket Name: congress_data_testproject-420401
[2024-05-07T03:33:31.258+0000] {processor.py:840} INFO - DAG(s) 'upload_congress_data' retrieved from /opt/airflow/dags/upload_congress_data.py
[2024-05-07T03:33:31.277+0000] {logging_mixin.py:188} INFO - [2024-05-07T03:33:31.277+0000] {dag.py:3047} INFO - Sync 1 DAGs
[2024-05-07T03:33:31.314+0000] {logging_mixin.py:188} INFO - [2024-05-07T03:33:31.313+0000] {dag.py:3834} INFO - Setting next_dagrun for upload_congress_data to None, run_after=None
[2024-05-07T03:33:31.324+0000] {processor.py:183} INFO - Processing /opt/airflow/dags/upload_congress_data.py took 0.147 seconds
[2024-05-07T03:34:01.679+0000] {processor.py:161} INFO - Started process (PID=1521) to work on /opt/airflow/dags/upload_congress_data.py
[2024-05-07T03:34:01.681+0000] {processor.py:830} INFO - Processing file /opt/airflow/dags/upload_congress_data.py for tasks to queue
[2024-05-07T03:34:01.684+0000] {logging_mixin.py:188} INFO - [2024-05-07T03:34:01.684+0000] {dagbag.py:540} INFO - Filling up the DagBag from /opt/airflow/dags/upload_congress_data.py
[2024-05-07T03:34:01.733+0000] {logging_mixin.py:188} INFO - Bucket Name: congress_data_testproject-420401
[2024-05-07T03:34:01.745+0000] {processor.py:840} INFO - DAG(s) 'upload_congress_data' retrieved from /opt/airflow/dags/upload_congress_data.py
[2024-05-07T03:34:01.770+0000] {logging_mixin.py:188} INFO - [2024-05-07T03:34:01.769+0000] {dag.py:3047} INFO - Sync 1 DAGs
[2024-05-07T03:34:01.785+0000] {logging_mixin.py:188} INFO - [2024-05-07T03:34:01.785+0000] {dag.py:3834} INFO - Setting next_dagrun for upload_congress_data to None, run_after=None
[2024-05-07T03:34:01.796+0000] {processor.py:183} INFO - Processing /opt/airflow/dags/upload_congress_data.py took 0.121 seconds
[2024-05-07T03:34:32.099+0000] {processor.py:161} INFO - Started process (PID=1529) to work on /opt/airflow/dags/upload_congress_data.py
[2024-05-07T03:34:32.102+0000] {processor.py:830} INFO - Processing file /opt/airflow/dags/upload_congress_data.py for tasks to queue
[2024-05-07T03:34:32.107+0000] {logging_mixin.py:188} INFO - [2024-05-07T03:34:32.106+0000] {dagbag.py:540} INFO - Filling up the DagBag from /opt/airflow/dags/upload_congress_data.py
[2024-05-07T03:34:32.153+0000] {logging_mixin.py:188} INFO - Bucket Name: congress_data_testproject-420401
[2024-05-07T03:34:32.165+0000] {processor.py:840} INFO - DAG(s) 'upload_congress_data' retrieved from /opt/airflow/dags/upload_congress_data.py
[2024-05-07T03:34:32.184+0000] {logging_mixin.py:188} INFO - [2024-05-07T03:34:32.184+0000] {dag.py:3047} INFO - Sync 1 DAGs
[2024-05-07T03:34:32.219+0000] {logging_mixin.py:188} INFO - [2024-05-07T03:34:32.219+0000] {dag.py:3834} INFO - Setting next_dagrun for upload_congress_data to None, run_after=None
[2024-05-07T03:34:32.494+0000] {processor.py:183} INFO - Processing /opt/airflow/dags/upload_congress_data.py took 0.405 seconds
[2024-05-07T03:35:02.663+0000] {processor.py:161} INFO - Started process (PID=1537) to work on /opt/airflow/dags/upload_congress_data.py
[2024-05-07T03:35:02.665+0000] {processor.py:830} INFO - Processing file /opt/airflow/dags/upload_congress_data.py for tasks to queue
[2024-05-07T03:35:02.668+0000] {logging_mixin.py:188} INFO - [2024-05-07T03:35:02.667+0000] {dagbag.py:540} INFO - Filling up the DagBag from /opt/airflow/dags/upload_congress_data.py
[2024-05-07T03:35:02.699+0000] {logging_mixin.py:188} INFO - Bucket Name: congress_data_testproject-420401
[2024-05-07T03:35:02.709+0000] {processor.py:840} INFO - DAG(s) 'upload_congress_data' retrieved from /opt/airflow/dags/upload_congress_data.py
[2024-05-07T03:35:02.727+0000] {logging_mixin.py:188} INFO - [2024-05-07T03:35:02.727+0000] {dag.py:3047} INFO - Sync 1 DAGs
[2024-05-07T03:35:02.741+0000] {logging_mixin.py:188} INFO - [2024-05-07T03:35:02.741+0000] {dag.py:3834} INFO - Setting next_dagrun for upload_congress_data to None, run_after=None
[2024-05-07T03:35:02.750+0000] {processor.py:183} INFO - Processing /opt/airflow/dags/upload_congress_data.py took 0.092 seconds
[2024-05-07T03:35:33.070+0000] {processor.py:161} INFO - Started process (PID=1545) to work on /opt/airflow/dags/upload_congress_data.py
[2024-05-07T03:35:33.073+0000] {processor.py:830} INFO - Processing file /opt/airflow/dags/upload_congress_data.py for tasks to queue
[2024-05-07T03:35:33.075+0000] {logging_mixin.py:188} INFO - [2024-05-07T03:35:33.075+0000] {dagbag.py:540} INFO - Filling up the DagBag from /opt/airflow/dags/upload_congress_data.py
[2024-05-07T03:35:33.133+0000] {logging_mixin.py:188} INFO - Bucket Name: congress_data_testproject-420401
[2024-05-07T03:35:33.149+0000] {processor.py:840} INFO - DAG(s) 'upload_congress_data' retrieved from /opt/airflow/dags/upload_congress_data.py
[2024-05-07T03:35:33.197+0000] {logging_mixin.py:188} INFO - [2024-05-07T03:35:33.197+0000] {dag.py:3047} INFO - Sync 1 DAGs
[2024-05-07T03:35:33.557+0000] {logging_mixin.py:188} INFO - [2024-05-07T03:35:33.557+0000] {dag.py:3834} INFO - Setting next_dagrun for upload_congress_data to None, run_after=None
[2024-05-07T03:35:33.573+0000] {processor.py:183} INFO - Processing /opt/airflow/dags/upload_congress_data.py took 0.507 seconds
[2024-05-07T03:36:04.520+0000] {processor.py:161} INFO - Started process (PID=1553) to work on /opt/airflow/dags/upload_congress_data.py
[2024-05-07T03:36:04.522+0000] {processor.py:830} INFO - Processing file /opt/airflow/dags/upload_congress_data.py for tasks to queue
[2024-05-07T03:36:04.524+0000] {logging_mixin.py:188} INFO - [2024-05-07T03:36:04.524+0000] {dagbag.py:540} INFO - Filling up the DagBag from /opt/airflow/dags/upload_congress_data.py
[2024-05-07T03:36:04.572+0000] {logging_mixin.py:188} INFO - Bucket Name: congress_data_testproject-420401
[2024-05-07T03:36:04.585+0000] {processor.py:840} INFO - DAG(s) 'upload_congress_data' retrieved from /opt/airflow/dags/upload_congress_data.py
[2024-05-07T03:36:04.607+0000] {logging_mixin.py:188} INFO - [2024-05-07T03:36:04.607+0000] {dag.py:3047} INFO - Sync 1 DAGs
[2024-05-07T03:36:04.620+0000] {logging_mixin.py:188} INFO - [2024-05-07T03:36:04.620+0000] {dag.py:3834} INFO - Setting next_dagrun for upload_congress_data to None, run_after=None
[2024-05-07T03:36:04.632+0000] {processor.py:183} INFO - Processing /opt/airflow/dags/upload_congress_data.py took 0.115 seconds
[2024-05-07T03:36:34.993+0000] {processor.py:161} INFO - Started process (PID=1561) to work on /opt/airflow/dags/upload_congress_data.py
[2024-05-07T03:36:34.996+0000] {processor.py:830} INFO - Processing file /opt/airflow/dags/upload_congress_data.py for tasks to queue
[2024-05-07T03:36:34.999+0000] {logging_mixin.py:188} INFO - [2024-05-07T03:36:34.998+0000] {dagbag.py:540} INFO - Filling up the DagBag from /opt/airflow/dags/upload_congress_data.py
[2024-05-07T03:36:35.037+0000] {logging_mixin.py:188} INFO - Bucket Name: congress_data_testproject-420401
[2024-05-07T03:36:35.047+0000] {processor.py:840} INFO - DAG(s) 'upload_congress_data' retrieved from /opt/airflow/dags/upload_congress_data.py
[2024-05-07T03:36:35.066+0000] {logging_mixin.py:188} INFO - [2024-05-07T03:36:35.066+0000] {dag.py:3047} INFO - Sync 1 DAGs
[2024-05-07T03:36:35.325+0000] {logging_mixin.py:188} INFO - [2024-05-07T03:36:35.325+0000] {dag.py:3834} INFO - Setting next_dagrun for upload_congress_data to None, run_after=None
[2024-05-07T03:36:35.334+0000] {processor.py:183} INFO - Processing /opt/airflow/dags/upload_congress_data.py took 0.346 seconds
[2024-05-07T03:37:05.420+0000] {processor.py:161} INFO - Started process (PID=1569) to work on /opt/airflow/dags/upload_congress_data.py
[2024-05-07T03:37:05.423+0000] {processor.py:830} INFO - Processing file /opt/airflow/dags/upload_congress_data.py for tasks to queue
[2024-05-07T03:37:05.426+0000] {logging_mixin.py:188} INFO - [2024-05-07T03:37:05.426+0000] {dagbag.py:540} INFO - Filling up the DagBag from /opt/airflow/dags/upload_congress_data.py
[2024-05-07T03:37:05.467+0000] {logging_mixin.py:188} INFO - Bucket Name: congress_data_testproject-420401
[2024-05-07T03:37:05.479+0000] {processor.py:840} INFO - DAG(s) 'upload_congress_data' retrieved from /opt/airflow/dags/upload_congress_data.py
[2024-05-07T03:37:05.500+0000] {logging_mixin.py:188} INFO - [2024-05-07T03:37:05.500+0000] {dag.py:3047} INFO - Sync 1 DAGs
[2024-05-07T03:37:05.515+0000] {logging_mixin.py:188} INFO - [2024-05-07T03:37:05.515+0000] {dag.py:3834} INFO - Setting next_dagrun for upload_congress_data to None, run_after=None
[2024-05-07T03:37:05.526+0000] {processor.py:183} INFO - Processing /opt/airflow/dags/upload_congress_data.py took 0.111 seconds
[2024-05-07T03:37:35.864+0000] {processor.py:161} INFO - Started process (PID=1577) to work on /opt/airflow/dags/upload_congress_data.py
[2024-05-07T03:37:35.865+0000] {processor.py:830} INFO - Processing file /opt/airflow/dags/upload_congress_data.py for tasks to queue
[2024-05-07T03:37:35.867+0000] {logging_mixin.py:188} INFO - [2024-05-07T03:37:35.866+0000] {dagbag.py:540} INFO - Filling up the DagBag from /opt/airflow/dags/upload_congress_data.py
[2024-05-07T03:37:35.898+0000] {logging_mixin.py:188} INFO - Bucket Name: congress_data_testproject-420401
[2024-05-07T03:37:35.909+0000] {processor.py:840} INFO - DAG(s) 'upload_congress_data' retrieved from /opt/airflow/dags/upload_congress_data.py
[2024-05-07T03:37:35.931+0000] {logging_mixin.py:188} INFO - [2024-05-07T03:37:35.931+0000] {dag.py:3047} INFO - Sync 1 DAGs
[2024-05-07T03:37:36.513+0000] {logging_mixin.py:188} INFO - [2024-05-07T03:37:36.512+0000] {dag.py:3834} INFO - Setting next_dagrun for upload_congress_data to None, run_after=None
[2024-05-07T03:37:36.531+0000] {processor.py:183} INFO - Processing /opt/airflow/dags/upload_congress_data.py took 0.670 seconds
[2024-05-07T04:24:46.270+0000] {processor.py:161} INFO - Started process (PID=1579) to work on /opt/airflow/dags/upload_congress_data.py
[2024-05-07T04:24:46.273+0000] {processor.py:830} INFO - Processing file /opt/airflow/dags/upload_congress_data.py for tasks to queue
[2024-05-07T04:24:46.282+0000] {logging_mixin.py:188} INFO - [2024-05-07T04:24:46.281+0000] {dagbag.py:540} INFO - Filling up the DagBag from /opt/airflow/dags/upload_congress_data.py
[2024-05-07T04:24:46.385+0000] {logging_mixin.py:188} INFO - Bucket Name: congress_data_testproject-420401
[2024-05-07T04:24:46.789+0000] {processor.py:840} INFO - DAG(s) 'upload_congress_data' retrieved from /opt/airflow/dags/upload_congress_data.py
[2024-05-07T04:24:46.804+0000] {logging_mixin.py:188} INFO - [2024-05-07T04:24:46.804+0000] {dag.py:3047} INFO - Sync 1 DAGs
[2024-05-07T04:24:46.819+0000] {logging_mixin.py:188} INFO - [2024-05-07T04:24:46.819+0000] {dag.py:3834} INFO - Setting next_dagrun for upload_congress_data to None, run_after=None
[2024-05-07T04:24:46.829+0000] {processor.py:183} INFO - Processing /opt/airflow/dags/upload_congress_data.py took 0.567 seconds
[2024-05-07T05:38:29.607+0000] {processor.py:161} INFO - Started process (PID=1587) to work on /opt/airflow/dags/upload_congress_data.py
[2024-05-07T05:38:29.610+0000] {processor.py:830} INFO - Processing file /opt/airflow/dags/upload_congress_data.py for tasks to queue
[2024-05-07T05:38:29.616+0000] {logging_mixin.py:188} INFO - [2024-05-07T05:38:29.615+0000] {dagbag.py:540} INFO - Filling up the DagBag from /opt/airflow/dags/upload_congress_data.py
[2024-05-07T05:38:29.688+0000] {logging_mixin.py:188} INFO - Bucket Name: congress_data_testproject-420401
[2024-05-07T05:38:29.711+0000] {processor.py:840} INFO - DAG(s) 'upload_congress_data' retrieved from /opt/airflow/dags/upload_congress_data.py
[2024-05-07T05:38:29.749+0000] {logging_mixin.py:188} INFO - [2024-05-07T05:38:29.749+0000] {dag.py:3047} INFO - Sync 1 DAGs
[2024-05-07T05:38:29.782+0000] {logging_mixin.py:188} INFO - [2024-05-07T05:38:29.782+0000] {dag.py:3834} INFO - Setting next_dagrun for upload_congress_data to None, run_after=None
[2024-05-07T05:38:29.813+0000] {processor.py:183} INFO - Processing /opt/airflow/dags/upload_congress_data.py took 0.217 seconds
[2024-05-07T06:25:41.928+0000] {processor.py:161} INFO - Started process (PID=1595) to work on /opt/airflow/dags/upload_congress_data.py
[2024-05-07T06:25:41.929+0000] {processor.py:830} INFO - Processing file /opt/airflow/dags/upload_congress_data.py for tasks to queue
[2024-05-07T06:25:41.931+0000] {logging_mixin.py:188} INFO - [2024-05-07T06:25:41.931+0000] {dagbag.py:540} INFO - Filling up the DagBag from /opt/airflow/dags/upload_congress_data.py
[2024-05-07T06:25:41.958+0000] {logging_mixin.py:188} INFO - Bucket Name: congress_data_testproject-420401
[2024-05-07T06:25:41.973+0000] {processor.py:840} INFO - DAG(s) 'upload_congress_data' retrieved from /opt/airflow/dags/upload_congress_data.py
[2024-05-07T06:25:41.997+0000] {logging_mixin.py:188} INFO - [2024-05-07T06:25:41.997+0000] {dag.py:3047} INFO - Sync 1 DAGs
[2024-05-07T06:25:42.012+0000] {logging_mixin.py:188} INFO - [2024-05-07T06:25:42.012+0000] {dag.py:3834} INFO - Setting next_dagrun for upload_congress_data to None, run_after=None
[2024-05-07T06:25:42.023+0000] {processor.py:183} INFO - Processing /opt/airflow/dags/upload_congress_data.py took 0.100 seconds
[2024-05-07T07:38:57.476+0000] {processor.py:161} INFO - Started process (PID=1603) to work on /opt/airflow/dags/upload_congress_data.py
[2024-05-07T07:38:57.477+0000] {processor.py:830} INFO - Processing file /opt/airflow/dags/upload_congress_data.py for tasks to queue
[2024-05-07T07:38:57.479+0000] {logging_mixin.py:188} INFO - [2024-05-07T07:38:57.478+0000] {dagbag.py:540} INFO - Filling up the DagBag from /opt/airflow/dags/upload_congress_data.py
[2024-05-07T07:38:57.502+0000] {logging_mixin.py:188} INFO - Bucket Name: congress_data_testproject-420401
[2024-05-07T07:38:57.511+0000] {processor.py:840} INFO - DAG(s) 'upload_congress_data' retrieved from /opt/airflow/dags/upload_congress_data.py
[2024-05-07T07:38:57.528+0000] {logging_mixin.py:188} INFO - [2024-05-07T07:38:57.528+0000] {dag.py:3047} INFO - Sync 1 DAGs
[2024-05-07T07:38:57.539+0000] {logging_mixin.py:188} INFO - [2024-05-07T07:38:57.539+0000] {dag.py:3834} INFO - Setting next_dagrun for upload_congress_data to None, run_after=None
[2024-05-07T07:38:57.548+0000] {processor.py:183} INFO - Processing /opt/airflow/dags/upload_congress_data.py took 0.075 seconds
[2024-05-07T08:41:27.445+0000] {processor.py:161} INFO - Started process (PID=1611) to work on /opt/airflow/dags/upload_congress_data.py
[2024-05-07T08:41:27.449+0000] {processor.py:830} INFO - Processing file /opt/airflow/dags/upload_congress_data.py for tasks to queue
[2024-05-07T08:41:27.457+0000] {logging_mixin.py:188} INFO - [2024-05-07T08:41:27.456+0000] {dagbag.py:540} INFO - Filling up the DagBag from /opt/airflow/dags/upload_congress_data.py
[2024-05-07T08:41:27.513+0000] {logging_mixin.py:188} INFO - Bucket Name: congress_data_testproject-420401
[2024-05-07T08:41:27.540+0000] {processor.py:840} INFO - DAG(s) 'upload_congress_data' retrieved from /opt/airflow/dags/upload_congress_data.py
[2024-05-07T08:41:27.601+0000] {logging_mixin.py:188} INFO - [2024-05-07T08:41:27.601+0000] {dag.py:3047} INFO - Sync 1 DAGs
[2024-05-07T08:41:27.634+0000] {logging_mixin.py:188} INFO - [2024-05-07T08:41:27.633+0000] {dag.py:3834} INFO - Setting next_dagrun for upload_congress_data to None, run_after=None
[2024-05-07T08:41:27.649+0000] {processor.py:183} INFO - Processing /opt/airflow/dags/upload_congress_data.py took 0.213 seconds
[2024-05-07T09:46:55.047+0000] {processor.py:161} INFO - Started process (PID=1619) to work on /opt/airflow/dags/upload_congress_data.py
[2024-05-07T09:46:55.048+0000] {processor.py:830} INFO - Processing file /opt/airflow/dags/upload_congress_data.py for tasks to queue
[2024-05-07T09:46:55.050+0000] {logging_mixin.py:188} INFO - [2024-05-07T09:46:55.049+0000] {dagbag.py:540} INFO - Filling up the DagBag from /opt/airflow/dags/upload_congress_data.py
[2024-05-07T09:46:55.074+0000] {logging_mixin.py:188} INFO - Bucket Name: congress_data_testproject-420401
[2024-05-07T09:46:55.089+0000] {processor.py:840} INFO - DAG(s) 'upload_congress_data' retrieved from /opt/airflow/dags/upload_congress_data.py
[2024-05-07T09:46:55.123+0000] {logging_mixin.py:188} INFO - [2024-05-07T09:46:55.123+0000] {dag.py:3047} INFO - Sync 1 DAGs
[2024-05-07T09:46:55.152+0000] {logging_mixin.py:188} INFO - [2024-05-07T09:46:55.151+0000] {dag.py:3834} INFO - Setting next_dagrun for upload_congress_data to None, run_after=None
[2024-05-07T09:46:55.177+0000] {processor.py:183} INFO - Processing /opt/airflow/dags/upload_congress_data.py took 0.133 seconds
[2024-05-07T11:09:16.990+0000] {processor.py:161} INFO - Started process (PID=1627) to work on /opt/airflow/dags/upload_congress_data.py
[2024-05-07T11:09:16.991+0000] {processor.py:830} INFO - Processing file /opt/airflow/dags/upload_congress_data.py for tasks to queue
[2024-05-07T11:09:16.992+0000] {logging_mixin.py:188} INFO - [2024-05-07T11:09:16.992+0000] {dagbag.py:540} INFO - Filling up the DagBag from /opt/airflow/dags/upload_congress_data.py
[2024-05-07T11:09:17.019+0000] {logging_mixin.py:188} INFO - Bucket Name: congress_data_testproject-420401
[2024-05-07T11:09:17.029+0000] {processor.py:840} INFO - DAG(s) 'upload_congress_data' retrieved from /opt/airflow/dags/upload_congress_data.py
[2024-05-07T11:09:17.045+0000] {logging_mixin.py:188} INFO - [2024-05-07T11:09:17.045+0000] {dag.py:3047} INFO - Sync 1 DAGs
[2024-05-07T11:09:17.060+0000] {logging_mixin.py:188} INFO - [2024-05-07T11:09:17.060+0000] {dag.py:3834} INFO - Setting next_dagrun for upload_congress_data to None, run_after=None
[2024-05-07T11:09:17.071+0000] {processor.py:183} INFO - Processing /opt/airflow/dags/upload_congress_data.py took 0.084 seconds
[2024-05-07T12:47:03.936+0000] {processor.py:161} INFO - Started process (PID=1635) to work on /opt/airflow/dags/upload_congress_data.py
[2024-05-07T12:47:03.937+0000] {processor.py:830} INFO - Processing file /opt/airflow/dags/upload_congress_data.py for tasks to queue
[2024-05-07T12:47:03.939+0000] {logging_mixin.py:188} INFO - [2024-05-07T12:47:03.938+0000] {dagbag.py:540} INFO - Filling up the DagBag from /opt/airflow/dags/upload_congress_data.py
[2024-05-07T12:47:03.964+0000] {logging_mixin.py:188} INFO - Bucket Name: congress_data_testproject-420401
[2024-05-07T12:47:03.972+0000] {processor.py:840} INFO - DAG(s) 'upload_congress_data' retrieved from /opt/airflow/dags/upload_congress_data.py
[2024-05-07T12:47:03.988+0000] {logging_mixin.py:188} INFO - [2024-05-07T12:47:03.988+0000] {dag.py:3047} INFO - Sync 1 DAGs
[2024-05-07T12:47:04.000+0000] {logging_mixin.py:188} INFO - [2024-05-07T12:47:04.000+0000] {dag.py:3834} INFO - Setting next_dagrun for upload_congress_data to None, run_after=None
[2024-05-07T12:47:04.009+0000] {processor.py:183} INFO - Processing /opt/airflow/dags/upload_congress_data.py took 0.076 seconds
[2024-05-07T13:34:51.390+0000] {processor.py:161} INFO - Started process (PID=1643) to work on /opt/airflow/dags/upload_congress_data.py
[2024-05-07T13:34:51.392+0000] {processor.py:830} INFO - Processing file /opt/airflow/dags/upload_congress_data.py for tasks to queue
[2024-05-07T13:34:51.393+0000] {logging_mixin.py:188} INFO - [2024-05-07T13:34:51.393+0000] {dagbag.py:540} INFO - Filling up the DagBag from /opt/airflow/dags/upload_congress_data.py
[2024-05-07T13:34:51.421+0000] {logging_mixin.py:188} INFO - Bucket Name: congress_data_testproject-420401
[2024-05-07T13:34:51.432+0000] {processor.py:840} INFO - DAG(s) 'upload_congress_data' retrieved from /opt/airflow/dags/upload_congress_data.py
[2024-05-07T13:34:51.449+0000] {logging_mixin.py:188} INFO - [2024-05-07T13:34:51.449+0000] {dag.py:3047} INFO - Sync 1 DAGs
[2024-05-07T13:34:51.463+0000] {logging_mixin.py:188} INFO - [2024-05-07T13:34:51.463+0000] {dag.py:3834} INFO - Setting next_dagrun for upload_congress_data to None, run_after=None
[2024-05-07T13:34:51.473+0000] {processor.py:183} INFO - Processing /opt/airflow/dags/upload_congress_data.py took 0.086 seconds
[2024-05-07T15:02:01.844+0000] {processor.py:161} INFO - Started process (PID=1651) to work on /opt/airflow/dags/upload_congress_data.py
[2024-05-07T15:02:01.846+0000] {processor.py:830} INFO - Processing file /opt/airflow/dags/upload_congress_data.py for tasks to queue
[2024-05-07T15:02:01.851+0000] {logging_mixin.py:188} INFO - [2024-05-07T15:02:01.850+0000] {dagbag.py:540} INFO - Filling up the DagBag from /opt/airflow/dags/upload_congress_data.py
[2024-05-07T15:02:01.975+0000] {logging_mixin.py:188} INFO - Bucket Name: congress_data_testproject-420401
[2024-05-07T15:02:01.991+0000] {processor.py:840} INFO - DAG(s) 'upload_congress_data' retrieved from /opt/airflow/dags/upload_congress_data.py
[2024-05-07T15:02:02.035+0000] {logging_mixin.py:188} INFO - [2024-05-07T15:02:02.035+0000] {dag.py:3047} INFO - Sync 1 DAGs
[2024-05-07T15:02:02.069+0000] {logging_mixin.py:188} INFO - [2024-05-07T15:02:02.069+0000] {dag.py:3834} INFO - Setting next_dagrun for upload_congress_data to None, run_after=None
[2024-05-07T15:02:02.095+0000] {processor.py:183} INFO - Processing /opt/airflow/dags/upload_congress_data.py took 0.256 seconds
[2024-05-07T16:03:01.273+0000] {processor.py:161} INFO - Started process (PID=1659) to work on /opt/airflow/dags/upload_congress_data.py
[2024-05-07T16:03:01.277+0000] {processor.py:830} INFO - Processing file /opt/airflow/dags/upload_congress_data.py for tasks to queue
[2024-05-07T16:03:01.285+0000] {logging_mixin.py:188} INFO - [2024-05-07T16:03:01.284+0000] {dagbag.py:540} INFO - Filling up the DagBag from /opt/airflow/dags/upload_congress_data.py
[2024-05-07T16:03:01.354+0000] {logging_mixin.py:188} INFO - Bucket Name: congress_data_testproject-420401
[2024-05-07T16:03:01.374+0000] {processor.py:840} INFO - DAG(s) 'upload_congress_data' retrieved from /opt/airflow/dags/upload_congress_data.py
[2024-05-07T16:03:01.460+0000] {logging_mixin.py:188} INFO - [2024-05-07T16:03:01.460+0000] {dag.py:3047} INFO - Sync 1 DAGs
[2024-05-07T16:03:01.487+0000] {logging_mixin.py:188} INFO - [2024-05-07T16:03:01.487+0000] {dag.py:3834} INFO - Setting next_dagrun for upload_congress_data to None, run_after=None
[2024-05-07T16:03:01.498+0000] {processor.py:183} INFO - Processing /opt/airflow/dags/upload_congress_data.py took 0.253 seconds
[2024-05-07T17:04:06.521+0000] {processor.py:161} INFO - Started process (PID=1667) to work on /opt/airflow/dags/upload_congress_data.py
[2024-05-07T17:04:06.525+0000] {processor.py:830} INFO - Processing file /opt/airflow/dags/upload_congress_data.py for tasks to queue
[2024-05-07T17:04:06.535+0000] {logging_mixin.py:188} INFO - [2024-05-07T17:04:06.534+0000] {dagbag.py:540} INFO - Filling up the DagBag from /opt/airflow/dags/upload_congress_data.py
[2024-05-07T17:04:06.607+0000] {logging_mixin.py:188} INFO - Bucket Name: congress_data_testproject-420401
[2024-05-07T17:04:06.622+0000] {processor.py:840} INFO - DAG(s) 'upload_congress_data' retrieved from /opt/airflow/dags/upload_congress_data.py
[2024-05-07T17:04:06.662+0000] {logging_mixin.py:188} INFO - [2024-05-07T17:04:06.662+0000] {dag.py:3047} INFO - Sync 1 DAGs
[2024-05-07T17:04:06.701+0000] {logging_mixin.py:188} INFO - [2024-05-07T17:04:06.701+0000] {dag.py:3834} INFO - Setting next_dagrun for upload_congress_data to None, run_after=None
[2024-05-07T17:04:06.727+0000] {processor.py:183} INFO - Processing /opt/airflow/dags/upload_congress_data.py took 0.213 seconds
[2024-05-07T18:21:32.238+0000] {processor.py:161} INFO - Started process (PID=1675) to work on /opt/airflow/dags/upload_congress_data.py
[2024-05-07T18:21:32.239+0000] {processor.py:830} INFO - Processing file /opt/airflow/dags/upload_congress_data.py for tasks to queue
[2024-05-07T18:21:32.240+0000] {logging_mixin.py:188} INFO - [2024-05-07T18:21:32.240+0000] {dagbag.py:540} INFO - Filling up the DagBag from /opt/airflow/dags/upload_congress_data.py
[2024-05-07T18:21:32.263+0000] {logging_mixin.py:188} INFO - Bucket Name: congress_data_testproject-420401
[2024-05-07T18:21:32.281+0000] {processor.py:840} INFO - DAG(s) 'upload_congress_data' retrieved from /opt/airflow/dags/upload_congress_data.py
[2024-05-07T18:21:32.298+0000] {logging_mixin.py:188} INFO - [2024-05-07T18:21:32.298+0000] {dag.py:3047} INFO - Sync 1 DAGs
[2024-05-07T18:21:32.311+0000] {logging_mixin.py:188} INFO - [2024-05-07T18:21:32.311+0000] {dag.py:3834} INFO - Setting next_dagrun for upload_congress_data to None, run_after=None
[2024-05-07T18:21:32.319+0000] {processor.py:183} INFO - Processing /opt/airflow/dags/upload_congress_data.py took 0.083 seconds
[2024-05-07T19:58:15.855+0000] {processor.py:161} INFO - Started process (PID=1683) to work on /opt/airflow/dags/upload_congress_data.py
[2024-05-07T19:58:15.856+0000] {processor.py:830} INFO - Processing file /opt/airflow/dags/upload_congress_data.py for tasks to queue
[2024-05-07T19:58:15.869+0000] {logging_mixin.py:188} INFO - [2024-05-07T19:58:15.865+0000] {dagbag.py:540} INFO - Filling up the DagBag from /opt/airflow/dags/upload_congress_data.py
[2024-05-07T19:58:15.934+0000] {logging_mixin.py:188} INFO - Bucket Name: congress_data_testproject-420401
[2024-05-07T19:58:15.944+0000] {processor.py:840} INFO - DAG(s) 'upload_congress_data' retrieved from /opt/airflow/dags/upload_congress_data.py
[2024-05-07T19:58:15.963+0000] {logging_mixin.py:188} INFO - [2024-05-07T19:58:15.963+0000] {dag.py:3047} INFO - Sync 1 DAGs
[2024-05-07T19:58:16.004+0000] {logging_mixin.py:188} INFO - [2024-05-07T19:58:16.003+0000] {dag.py:3834} INFO - Setting next_dagrun for upload_congress_data to None, run_after=None
[2024-05-07T19:58:16.041+0000] {processor.py:183} INFO - Processing /opt/airflow/dags/upload_congress_data.py took 0.191 seconds
[2024-05-07T20:38:43.026+0000] {processor.py:161} INFO - Started process (PID=1691) to work on /opt/airflow/dags/upload_congress_data.py
[2024-05-07T20:38:43.027+0000] {processor.py:830} INFO - Processing file /opt/airflow/dags/upload_congress_data.py for tasks to queue
[2024-05-07T20:38:43.029+0000] {logging_mixin.py:188} INFO - [2024-05-07T20:38:43.029+0000] {dagbag.py:540} INFO - Filling up the DagBag from /opt/airflow/dags/upload_congress_data.py
[2024-05-07T20:38:43.054+0000] {logging_mixin.py:188} INFO - Bucket Name: congress_data_testproject-420401
[2024-05-07T20:38:43.071+0000] {processor.py:840} INFO - DAG(s) 'upload_congress_data' retrieved from /opt/airflow/dags/upload_congress_data.py
[2024-05-07T20:38:43.092+0000] {logging_mixin.py:188} INFO - [2024-05-07T20:38:43.092+0000] {dag.py:3047} INFO - Sync 1 DAGs
[2024-05-07T20:38:43.104+0000] {logging_mixin.py:188} INFO - [2024-05-07T20:38:43.104+0000] {dag.py:3834} INFO - Setting next_dagrun for upload_congress_data to None, run_after=None
[2024-05-07T20:38:43.115+0000] {processor.py:183} INFO - Processing /opt/airflow/dags/upload_congress_data.py took 0.091 seconds
[2024-05-07T22:09:01.606+0000] {processor.py:161} INFO - Started process (PID=1699) to work on /opt/airflow/dags/upload_congress_data.py
[2024-05-07T22:09:01.607+0000] {processor.py:830} INFO - Processing file /opt/airflow/dags/upload_congress_data.py for tasks to queue
[2024-05-07T22:09:01.609+0000] {logging_mixin.py:188} INFO - [2024-05-07T22:09:01.608+0000] {dagbag.py:540} INFO - Filling up the DagBag from /opt/airflow/dags/upload_congress_data.py
[2024-05-07T22:09:01.653+0000] {logging_mixin.py:188} INFO - Bucket Name: congress_data_testproject-420401
[2024-05-07T22:09:01.666+0000] {processor.py:840} INFO - DAG(s) 'upload_congress_data' retrieved from /opt/airflow/dags/upload_congress_data.py
[2024-05-07T22:09:01.686+0000] {logging_mixin.py:188} INFO - [2024-05-07T22:09:01.686+0000] {dag.py:3047} INFO - Sync 1 DAGs
[2024-05-07T22:09:01.701+0000] {logging_mixin.py:188} INFO - [2024-05-07T22:09:01.701+0000] {dag.py:3834} INFO - Setting next_dagrun for upload_congress_data to None, run_after=None
[2024-05-07T22:09:01.715+0000] {processor.py:183} INFO - Processing /opt/airflow/dags/upload_congress_data.py took 0.112 seconds
[2024-05-07T23:10:06.434+0000] {processor.py:161} INFO - Started process (PID=1707) to work on /opt/airflow/dags/upload_congress_data.py
[2024-05-07T23:10:06.435+0000] {processor.py:830} INFO - Processing file /opt/airflow/dags/upload_congress_data.py for tasks to queue
[2024-05-07T23:10:06.436+0000] {logging_mixin.py:188} INFO - [2024-05-07T23:10:06.436+0000] {dagbag.py:540} INFO - Filling up the DagBag from /opt/airflow/dags/upload_congress_data.py
[2024-05-07T23:10:06.460+0000] {logging_mixin.py:188} INFO - Bucket Name: congress_data_testproject-420401
[2024-05-07T23:10:06.466+0000] {processor.py:840} INFO - DAG(s) 'upload_congress_data' retrieved from /opt/airflow/dags/upload_congress_data.py
[2024-05-07T23:10:06.480+0000] {logging_mixin.py:188} INFO - [2024-05-07T23:10:06.480+0000] {dag.py:3047} INFO - Sync 1 DAGs
[2024-05-07T23:10:06.490+0000] {logging_mixin.py:188} INFO - [2024-05-07T23:10:06.490+0000] {dag.py:3834} INFO - Setting next_dagrun for upload_congress_data to None, run_after=None
[2024-05-07T23:10:06.499+0000] {processor.py:183} INFO - Processing /opt/airflow/dags/upload_congress_data.py took 0.068 seconds
