[2024-05-03T03:17:53.288+0000] {processor.py:161} INFO - Started process (PID=30) to work on /opt/airflow/dags/scripts/python/get_data.py
[2024-05-03T03:17:53.291+0000] {processor.py:830} INFO - Processing file /opt/airflow/dags/scripts/python/get_data.py for tasks to queue
[2024-05-03T03:17:53.297+0000] {logging_mixin.py:188} INFO - [2024-05-03T03:17:53.296+0000] {dagbag.py:540} INFO - Filling up the DagBag from /opt/airflow/dags/scripts/python/get_data.py
[2024-05-03T03:17:54.680+0000] {processor.py:842} WARNING - No viable dags retrieved from /opt/airflow/dags/scripts/python/get_data.py
[2024-05-03T03:17:54.699+0000] {processor.py:183} INFO - Processing /opt/airflow/dags/scripts/python/get_data.py took 1.416 seconds
[2024-05-03T03:18:25.613+0000] {processor.py:161} INFO - Started process (PID=44) to work on /opt/airflow/dags/scripts/python/get_data.py
[2024-05-03T03:18:25.614+0000] {processor.py:830} INFO - Processing file /opt/airflow/dags/scripts/python/get_data.py for tasks to queue
[2024-05-03T03:18:25.617+0000] {logging_mixin.py:188} INFO - [2024-05-03T03:18:25.617+0000] {dagbag.py:540} INFO - Filling up the DagBag from /opt/airflow/dags/scripts/python/get_data.py
[2024-05-03T03:18:25.651+0000] {processor.py:842} WARNING - No viable dags retrieved from /opt/airflow/dags/scripts/python/get_data.py
[2024-05-03T03:18:25.662+0000] {processor.py:183} INFO - Processing /opt/airflow/dags/scripts/python/get_data.py took 0.062 seconds
[2024-05-03T03:18:55.906+0000] {processor.py:161} INFO - Started process (PID=52) to work on /opt/airflow/dags/scripts/python/get_data.py
[2024-05-03T03:18:55.908+0000] {processor.py:830} INFO - Processing file /opt/airflow/dags/scripts/python/get_data.py for tasks to queue
[2024-05-03T03:18:55.910+0000] {logging_mixin.py:188} INFO - [2024-05-03T03:18:55.910+0000] {dagbag.py:540} INFO - Filling up the DagBag from /opt/airflow/dags/scripts/python/get_data.py
[2024-05-03T03:18:55.948+0000] {processor.py:842} WARNING - No viable dags retrieved from /opt/airflow/dags/scripts/python/get_data.py
[2024-05-03T03:18:55.965+0000] {processor.py:183} INFO - Processing /opt/airflow/dags/scripts/python/get_data.py took 0.063 seconds
[2024-05-03T03:19:26.238+0000] {processor.py:161} INFO - Started process (PID=60) to work on /opt/airflow/dags/scripts/python/get_data.py
[2024-05-03T03:19:26.241+0000] {processor.py:830} INFO - Processing file /opt/airflow/dags/scripts/python/get_data.py for tasks to queue
[2024-05-03T03:19:26.245+0000] {logging_mixin.py:188} INFO - [2024-05-03T03:19:26.244+0000] {dagbag.py:540} INFO - Filling up the DagBag from /opt/airflow/dags/scripts/python/get_data.py
[2024-05-03T03:19:26.282+0000] {processor.py:842} WARNING - No viable dags retrieved from /opt/airflow/dags/scripts/python/get_data.py
[2024-05-03T03:19:26.299+0000] {processor.py:183} INFO - Processing /opt/airflow/dags/scripts/python/get_data.py took 0.066 seconds
[2024-05-03T03:19:56.569+0000] {processor.py:161} INFO - Started process (PID=68) to work on /opt/airflow/dags/scripts/python/get_data.py
[2024-05-03T03:19:56.572+0000] {processor.py:830} INFO - Processing file /opt/airflow/dags/scripts/python/get_data.py for tasks to queue
[2024-05-03T03:19:56.576+0000] {logging_mixin.py:188} INFO - [2024-05-03T03:19:56.576+0000] {dagbag.py:540} INFO - Filling up the DagBag from /opt/airflow/dags/scripts/python/get_data.py
[2024-05-03T03:19:56.615+0000] {processor.py:842} WARNING - No viable dags retrieved from /opt/airflow/dags/scripts/python/get_data.py
[2024-05-03T03:19:56.633+0000] {processor.py:183} INFO - Processing /opt/airflow/dags/scripts/python/get_data.py took 0.069 seconds
[2024-05-03T03:20:26.952+0000] {processor.py:161} INFO - Started process (PID=81) to work on /opt/airflow/dags/scripts/python/get_data.py
[2024-05-03T03:20:26.953+0000] {processor.py:830} INFO - Processing file /opt/airflow/dags/scripts/python/get_data.py for tasks to queue
[2024-05-03T03:20:26.958+0000] {logging_mixin.py:188} INFO - [2024-05-03T03:20:26.957+0000] {dagbag.py:540} INFO - Filling up the DagBag from /opt/airflow/dags/scripts/python/get_data.py
[2024-05-03T03:20:27.008+0000] {processor.py:842} WARNING - No viable dags retrieved from /opt/airflow/dags/scripts/python/get_data.py
[2024-05-03T03:20:27.028+0000] {processor.py:183} INFO - Processing /opt/airflow/dags/scripts/python/get_data.py took 0.084 seconds
[2024-05-03T03:20:57.364+0000] {processor.py:161} INFO - Started process (PID=89) to work on /opt/airflow/dags/scripts/python/get_data.py
[2024-05-03T03:20:57.367+0000] {processor.py:830} INFO - Processing file /opt/airflow/dags/scripts/python/get_data.py for tasks to queue
[2024-05-03T03:20:57.404+0000] {logging_mixin.py:188} INFO - [2024-05-03T03:20:57.403+0000] {dagbag.py:540} INFO - Filling up the DagBag from /opt/airflow/dags/scripts/python/get_data.py
[2024-05-03T03:20:57.472+0000] {processor.py:842} WARNING - No viable dags retrieved from /opt/airflow/dags/scripts/python/get_data.py
[2024-05-03T03:20:57.507+0000] {processor.py:183} INFO - Processing /opt/airflow/dags/scripts/python/get_data.py took 0.153 seconds
[2024-05-03T03:21:28.146+0000] {processor.py:161} INFO - Started process (PID=97) to work on /opt/airflow/dags/scripts/python/get_data.py
[2024-05-03T03:21:28.150+0000] {processor.py:830} INFO - Processing file /opt/airflow/dags/scripts/python/get_data.py for tasks to queue
[2024-05-03T03:21:28.169+0000] {logging_mixin.py:188} INFO - [2024-05-03T03:21:28.157+0000] {dagbag.py:540} INFO - Filling up the DagBag from /opt/airflow/dags/scripts/python/get_data.py
[2024-05-03T03:21:28.273+0000] {processor.py:842} WARNING - No viable dags retrieved from /opt/airflow/dags/scripts/python/get_data.py
[2024-05-03T03:21:28.318+0000] {processor.py:183} INFO - Processing /opt/airflow/dags/scripts/python/get_data.py took 0.201 seconds
[2024-05-03T03:21:58.614+0000] {processor.py:161} INFO - Started process (PID=105) to work on /opt/airflow/dags/scripts/python/get_data.py
[2024-05-03T03:21:58.615+0000] {processor.py:830} INFO - Processing file /opt/airflow/dags/scripts/python/get_data.py for tasks to queue
[2024-05-03T03:21:58.618+0000] {logging_mixin.py:188} INFO - [2024-05-03T03:21:58.618+0000] {dagbag.py:540} INFO - Filling up the DagBag from /opt/airflow/dags/scripts/python/get_data.py
[2024-05-03T03:21:58.662+0000] {processor.py:842} WARNING - No viable dags retrieved from /opt/airflow/dags/scripts/python/get_data.py
[2024-05-03T03:21:58.683+0000] {processor.py:183} INFO - Processing /opt/airflow/dags/scripts/python/get_data.py took 0.074 seconds
[2024-05-03T03:22:28.997+0000] {processor.py:161} INFO - Started process (PID=113) to work on /opt/airflow/dags/scripts/python/get_data.py
[2024-05-03T03:22:28.998+0000] {processor.py:830} INFO - Processing file /opt/airflow/dags/scripts/python/get_data.py for tasks to queue
[2024-05-03T03:22:29.004+0000] {logging_mixin.py:188} INFO - [2024-05-03T03:22:29.003+0000] {dagbag.py:540} INFO - Filling up the DagBag from /opt/airflow/dags/scripts/python/get_data.py
[2024-05-03T03:22:29.038+0000] {processor.py:842} WARNING - No viable dags retrieved from /opt/airflow/dags/scripts/python/get_data.py
[2024-05-03T03:22:29.061+0000] {processor.py:183} INFO - Processing /opt/airflow/dags/scripts/python/get_data.py took 0.072 seconds
[2024-05-03T03:22:59.530+0000] {processor.py:161} INFO - Started process (PID=121) to work on /opt/airflow/dags/scripts/python/get_data.py
[2024-05-03T03:22:59.531+0000] {processor.py:830} INFO - Processing file /opt/airflow/dags/scripts/python/get_data.py for tasks to queue
[2024-05-03T03:22:59.534+0000] {logging_mixin.py:188} INFO - [2024-05-03T03:22:59.533+0000] {dagbag.py:540} INFO - Filling up the DagBag from /opt/airflow/dags/scripts/python/get_data.py
[2024-05-03T03:22:59.584+0000] {processor.py:842} WARNING - No viable dags retrieved from /opt/airflow/dags/scripts/python/get_data.py
[2024-05-03T03:22:59.600+0000] {processor.py:183} INFO - Processing /opt/airflow/dags/scripts/python/get_data.py took 0.076 seconds
[2024-05-03T03:23:29.972+0000] {processor.py:161} INFO - Started process (PID=129) to work on /opt/airflow/dags/scripts/python/get_data.py
[2024-05-03T03:23:29.974+0000] {processor.py:830} INFO - Processing file /opt/airflow/dags/scripts/python/get_data.py for tasks to queue
[2024-05-03T03:23:29.978+0000] {logging_mixin.py:188} INFO - [2024-05-03T03:23:29.977+0000] {dagbag.py:540} INFO - Filling up the DagBag from /opt/airflow/dags/scripts/python/get_data.py
[2024-05-03T03:23:30.027+0000] {processor.py:842} WARNING - No viable dags retrieved from /opt/airflow/dags/scripts/python/get_data.py
[2024-05-03T03:23:30.041+0000] {processor.py:183} INFO - Processing /opt/airflow/dags/scripts/python/get_data.py took 0.079 seconds
[2024-05-03T03:24:00.382+0000] {processor.py:161} INFO - Started process (PID=137) to work on /opt/airflow/dags/scripts/python/get_data.py
[2024-05-03T03:24:00.385+0000] {processor.py:830} INFO - Processing file /opt/airflow/dags/scripts/python/get_data.py for tasks to queue
[2024-05-03T03:24:00.389+0000] {logging_mixin.py:188} INFO - [2024-05-03T03:24:00.389+0000] {dagbag.py:540} INFO - Filling up the DagBag from /opt/airflow/dags/scripts/python/get_data.py
[2024-05-03T03:24:00.442+0000] {processor.py:842} WARNING - No viable dags retrieved from /opt/airflow/dags/scripts/python/get_data.py
[2024-05-03T03:24:00.458+0000] {processor.py:183} INFO - Processing /opt/airflow/dags/scripts/python/get_data.py took 0.082 seconds
[2024-05-03T03:24:30.809+0000] {processor.py:161} INFO - Started process (PID=145) to work on /opt/airflow/dags/scripts/python/get_data.py
[2024-05-03T03:24:30.810+0000] {processor.py:830} INFO - Processing file /opt/airflow/dags/scripts/python/get_data.py for tasks to queue
[2024-05-03T03:24:30.814+0000] {logging_mixin.py:188} INFO - [2024-05-03T03:24:30.813+0000] {dagbag.py:540} INFO - Filling up the DagBag from /opt/airflow/dags/scripts/python/get_data.py
[2024-05-03T03:24:30.857+0000] {processor.py:842} WARNING - No viable dags retrieved from /opt/airflow/dags/scripts/python/get_data.py
[2024-05-03T03:24:30.875+0000] {processor.py:183} INFO - Processing /opt/airflow/dags/scripts/python/get_data.py took 0.072 seconds
[2024-05-03T03:25:01.160+0000] {processor.py:161} INFO - Started process (PID=153) to work on /opt/airflow/dags/scripts/python/get_data.py
[2024-05-03T03:25:01.161+0000] {processor.py:830} INFO - Processing file /opt/airflow/dags/scripts/python/get_data.py for tasks to queue
[2024-05-03T03:25:01.169+0000] {logging_mixin.py:188} INFO - [2024-05-03T03:25:01.168+0000] {dagbag.py:540} INFO - Filling up the DagBag from /opt/airflow/dags/scripts/python/get_data.py
[2024-05-03T03:25:01.207+0000] {processor.py:842} WARNING - No viable dags retrieved from /opt/airflow/dags/scripts/python/get_data.py
[2024-05-03T03:25:01.221+0000] {processor.py:183} INFO - Processing /opt/airflow/dags/scripts/python/get_data.py took 0.066 seconds
[2024-05-03T03:25:31.503+0000] {processor.py:161} INFO - Started process (PID=161) to work on /opt/airflow/dags/scripts/python/get_data.py
[2024-05-03T03:25:31.504+0000] {processor.py:830} INFO - Processing file /opt/airflow/dags/scripts/python/get_data.py for tasks to queue
[2024-05-03T03:25:31.506+0000] {logging_mixin.py:188} INFO - [2024-05-03T03:25:31.506+0000] {dagbag.py:540} INFO - Filling up the DagBag from /opt/airflow/dags/scripts/python/get_data.py
[2024-05-03T03:25:31.537+0000] {processor.py:842} WARNING - No viable dags retrieved from /opt/airflow/dags/scripts/python/get_data.py
[2024-05-03T03:25:31.549+0000] {processor.py:183} INFO - Processing /opt/airflow/dags/scripts/python/get_data.py took 0.051 seconds
[2024-05-03T03:26:01.834+0000] {processor.py:161} INFO - Started process (PID=169) to work on /opt/airflow/dags/scripts/python/get_data.py
[2024-05-03T03:26:01.835+0000] {processor.py:830} INFO - Processing file /opt/airflow/dags/scripts/python/get_data.py for tasks to queue
[2024-05-03T03:26:01.838+0000] {logging_mixin.py:188} INFO - [2024-05-03T03:26:01.838+0000] {dagbag.py:540} INFO - Filling up the DagBag from /opt/airflow/dags/scripts/python/get_data.py
[2024-05-03T03:26:01.876+0000] {processor.py:842} WARNING - No viable dags retrieved from /opt/airflow/dags/scripts/python/get_data.py
[2024-05-03T03:26:01.894+0000] {processor.py:183} INFO - Processing /opt/airflow/dags/scripts/python/get_data.py took 0.064 seconds
[2024-05-03T03:26:32.197+0000] {processor.py:161} INFO - Started process (PID=177) to work on /opt/airflow/dags/scripts/python/get_data.py
[2024-05-03T03:26:32.198+0000] {processor.py:830} INFO - Processing file /opt/airflow/dags/scripts/python/get_data.py for tasks to queue
[2024-05-03T03:26:32.201+0000] {logging_mixin.py:188} INFO - [2024-05-03T03:26:32.201+0000] {dagbag.py:540} INFO - Filling up the DagBag from /opt/airflow/dags/scripts/python/get_data.py
[2024-05-03T03:26:32.234+0000] {processor.py:842} WARNING - No viable dags retrieved from /opt/airflow/dags/scripts/python/get_data.py
[2024-05-03T03:26:32.247+0000] {processor.py:183} INFO - Processing /opt/airflow/dags/scripts/python/get_data.py took 0.057 seconds
[2024-05-03T03:27:02.573+0000] {processor.py:161} INFO - Started process (PID=185) to work on /opt/airflow/dags/scripts/python/get_data.py
[2024-05-03T03:27:02.575+0000] {processor.py:830} INFO - Processing file /opt/airflow/dags/scripts/python/get_data.py for tasks to queue
[2024-05-03T03:27:02.578+0000] {logging_mixin.py:188} INFO - [2024-05-03T03:27:02.578+0000] {dagbag.py:540} INFO - Filling up the DagBag from /opt/airflow/dags/scripts/python/get_data.py
[2024-05-03T03:27:02.619+0000] {processor.py:842} WARNING - No viable dags retrieved from /opt/airflow/dags/scripts/python/get_data.py
[2024-05-03T03:27:02.642+0000] {processor.py:183} INFO - Processing /opt/airflow/dags/scripts/python/get_data.py took 0.075 seconds
[2024-05-03T03:27:32.924+0000] {processor.py:161} INFO - Started process (PID=193) to work on /opt/airflow/dags/scripts/python/get_data.py
[2024-05-03T03:27:32.926+0000] {processor.py:830} INFO - Processing file /opt/airflow/dags/scripts/python/get_data.py for tasks to queue
[2024-05-03T03:27:32.932+0000] {logging_mixin.py:188} INFO - [2024-05-03T03:27:32.931+0000] {dagbag.py:540} INFO - Filling up the DagBag from /opt/airflow/dags/scripts/python/get_data.py
[2024-05-03T03:27:32.987+0000] {processor.py:842} WARNING - No viable dags retrieved from /opt/airflow/dags/scripts/python/get_data.py
[2024-05-03T03:27:33.002+0000] {processor.py:183} INFO - Processing /opt/airflow/dags/scripts/python/get_data.py took 0.084 seconds
[2024-05-03T03:28:03.266+0000] {processor.py:161} INFO - Started process (PID=201) to work on /opt/airflow/dags/scripts/python/get_data.py
[2024-05-03T03:28:03.266+0000] {processor.py:830} INFO - Processing file /opt/airflow/dags/scripts/python/get_data.py for tasks to queue
[2024-05-03T03:28:03.268+0000] {logging_mixin.py:188} INFO - [2024-05-03T03:28:03.268+0000] {dagbag.py:540} INFO - Filling up the DagBag from /opt/airflow/dags/scripts/python/get_data.py
[2024-05-03T03:28:03.291+0000] {processor.py:842} WARNING - No viable dags retrieved from /opt/airflow/dags/scripts/python/get_data.py
[2024-05-03T03:28:03.304+0000] {processor.py:183} INFO - Processing /opt/airflow/dags/scripts/python/get_data.py took 0.041 seconds
[2024-05-03T03:28:33.624+0000] {processor.py:161} INFO - Started process (PID=209) to work on /opt/airflow/dags/scripts/python/get_data.py
[2024-05-03T03:28:33.627+0000] {processor.py:830} INFO - Processing file /opt/airflow/dags/scripts/python/get_data.py for tasks to queue
[2024-05-03T03:28:33.635+0000] {logging_mixin.py:188} INFO - [2024-05-03T03:28:33.634+0000] {dagbag.py:540} INFO - Filling up the DagBag from /opt/airflow/dags/scripts/python/get_data.py
[2024-05-03T03:28:33.677+0000] {processor.py:842} WARNING - No viable dags retrieved from /opt/airflow/dags/scripts/python/get_data.py
[2024-05-03T03:28:33.693+0000] {processor.py:183} INFO - Processing /opt/airflow/dags/scripts/python/get_data.py took 0.077 seconds
[2024-05-03T03:29:03.997+0000] {processor.py:161} INFO - Started process (PID=217) to work on /opt/airflow/dags/scripts/python/get_data.py
[2024-05-03T03:29:03.999+0000] {processor.py:830} INFO - Processing file /opt/airflow/dags/scripts/python/get_data.py for tasks to queue
[2024-05-03T03:29:04.004+0000] {logging_mixin.py:188} INFO - [2024-05-03T03:29:04.003+0000] {dagbag.py:540} INFO - Filling up the DagBag from /opt/airflow/dags/scripts/python/get_data.py
[2024-05-03T03:29:04.038+0000] {processor.py:842} WARNING - No viable dags retrieved from /opt/airflow/dags/scripts/python/get_data.py
[2024-05-03T03:29:04.050+0000] {processor.py:183} INFO - Processing /opt/airflow/dags/scripts/python/get_data.py took 0.061 seconds
[2024-05-03T03:29:34.433+0000] {processor.py:161} INFO - Started process (PID=225) to work on /opt/airflow/dags/scripts/python/get_data.py
[2024-05-03T03:29:34.434+0000] {processor.py:830} INFO - Processing file /opt/airflow/dags/scripts/python/get_data.py for tasks to queue
[2024-05-03T03:29:34.445+0000] {logging_mixin.py:188} INFO - [2024-05-03T03:29:34.444+0000] {dagbag.py:540} INFO - Filling up the DagBag from /opt/airflow/dags/scripts/python/get_data.py
[2024-05-03T03:29:34.482+0000] {processor.py:842} WARNING - No viable dags retrieved from /opt/airflow/dags/scripts/python/get_data.py
[2024-05-03T03:29:34.495+0000] {processor.py:183} INFO - Processing /opt/airflow/dags/scripts/python/get_data.py took 0.075 seconds
[2024-05-03T03:30:04.984+0000] {processor.py:161} INFO - Started process (PID=233) to work on /opt/airflow/dags/scripts/python/get_data.py
[2024-05-03T03:30:04.985+0000] {processor.py:830} INFO - Processing file /opt/airflow/dags/scripts/python/get_data.py for tasks to queue
[2024-05-03T03:30:04.991+0000] {logging_mixin.py:188} INFO - [2024-05-03T03:30:04.990+0000] {dagbag.py:540} INFO - Filling up the DagBag from /opt/airflow/dags/scripts/python/get_data.py
[2024-05-03T03:30:05.048+0000] {processor.py:842} WARNING - No viable dags retrieved from /opt/airflow/dags/scripts/python/get_data.py
[2024-05-03T03:30:05.081+0000] {processor.py:183} INFO - Processing /opt/airflow/dags/scripts/python/get_data.py took 0.102 seconds
[2024-05-03T03:30:35.536+0000] {processor.py:161} INFO - Started process (PID=241) to work on /opt/airflow/dags/scripts/python/get_data.py
[2024-05-03T03:30:35.539+0000] {processor.py:830} INFO - Processing file /opt/airflow/dags/scripts/python/get_data.py for tasks to queue
[2024-05-03T03:30:35.543+0000] {logging_mixin.py:188} INFO - [2024-05-03T03:30:35.543+0000] {dagbag.py:540} INFO - Filling up the DagBag from /opt/airflow/dags/scripts/python/get_data.py
[2024-05-03T03:30:35.580+0000] {processor.py:842} WARNING - No viable dags retrieved from /opt/airflow/dags/scripts/python/get_data.py
[2024-05-03T03:30:35.593+0000] {processor.py:183} INFO - Processing /opt/airflow/dags/scripts/python/get_data.py took 0.069 seconds
[2024-05-03T03:31:05.940+0000] {processor.py:161} INFO - Started process (PID=249) to work on /opt/airflow/dags/scripts/python/get_data.py
[2024-05-03T03:31:05.942+0000] {processor.py:830} INFO - Processing file /opt/airflow/dags/scripts/python/get_data.py for tasks to queue
[2024-05-03T03:31:05.958+0000] {logging_mixin.py:188} INFO - [2024-05-03T03:31:05.955+0000] {dagbag.py:540} INFO - Filling up the DagBag from /opt/airflow/dags/scripts/python/get_data.py
[2024-05-03T03:31:05.997+0000] {processor.py:842} WARNING - No viable dags retrieved from /opt/airflow/dags/scripts/python/get_data.py
[2024-05-03T03:31:06.018+0000] {processor.py:183} INFO - Processing /opt/airflow/dags/scripts/python/get_data.py took 0.089 seconds
[2024-05-03T03:31:36.318+0000] {processor.py:161} INFO - Started process (PID=257) to work on /opt/airflow/dags/scripts/python/get_data.py
[2024-05-03T03:31:36.319+0000] {processor.py:830} INFO - Processing file /opt/airflow/dags/scripts/python/get_data.py for tasks to queue
[2024-05-03T03:31:36.323+0000] {logging_mixin.py:188} INFO - [2024-05-03T03:31:36.322+0000] {dagbag.py:540} INFO - Filling up the DagBag from /opt/airflow/dags/scripts/python/get_data.py
[2024-05-03T03:31:36.351+0000] {processor.py:842} WARNING - No viable dags retrieved from /opt/airflow/dags/scripts/python/get_data.py
[2024-05-03T03:31:36.362+0000] {processor.py:183} INFO - Processing /opt/airflow/dags/scripts/python/get_data.py took 0.048 seconds
[2024-05-03T03:32:06.686+0000] {processor.py:161} INFO - Started process (PID=265) to work on /opt/airflow/dags/scripts/python/get_data.py
[2024-05-03T03:32:06.687+0000] {processor.py:830} INFO - Processing file /opt/airflow/dags/scripts/python/get_data.py for tasks to queue
[2024-05-03T03:32:06.693+0000] {logging_mixin.py:188} INFO - [2024-05-03T03:32:06.692+0000] {dagbag.py:540} INFO - Filling up the DagBag from /opt/airflow/dags/scripts/python/get_data.py
[2024-05-03T03:32:06.730+0000] {processor.py:842} WARNING - No viable dags retrieved from /opt/airflow/dags/scripts/python/get_data.py
[2024-05-03T03:32:06.743+0000] {processor.py:183} INFO - Processing /opt/airflow/dags/scripts/python/get_data.py took 0.063 seconds
[2024-05-03T03:32:37.349+0000] {processor.py:161} INFO - Started process (PID=273) to work on /opt/airflow/dags/scripts/python/get_data.py
[2024-05-03T03:32:37.351+0000] {processor.py:830} INFO - Processing file /opt/airflow/dags/scripts/python/get_data.py for tasks to queue
[2024-05-03T03:32:37.360+0000] {logging_mixin.py:188} INFO - [2024-05-03T03:32:37.359+0000] {dagbag.py:540} INFO - Filling up the DagBag from /opt/airflow/dags/scripts/python/get_data.py
[2024-05-03T03:32:37.562+0000] {processor.py:842} WARNING - No viable dags retrieved from /opt/airflow/dags/scripts/python/get_data.py
[2024-05-03T03:32:37.606+0000] {processor.py:183} INFO - Processing /opt/airflow/dags/scripts/python/get_data.py took 0.267 seconds
[2024-05-03T03:33:07.862+0000] {processor.py:161} INFO - Started process (PID=281) to work on /opt/airflow/dags/scripts/python/get_data.py
[2024-05-03T03:33:07.864+0000] {processor.py:830} INFO - Processing file /opt/airflow/dags/scripts/python/get_data.py for tasks to queue
[2024-05-03T03:33:07.873+0000] {logging_mixin.py:188} INFO - [2024-05-03T03:33:07.871+0000] {dagbag.py:540} INFO - Filling up the DagBag from /opt/airflow/dags/scripts/python/get_data.py
[2024-05-03T03:33:07.996+0000] {processor.py:842} WARNING - No viable dags retrieved from /opt/airflow/dags/scripts/python/get_data.py
[2024-05-03T03:33:08.064+0000] {processor.py:183} INFO - Processing /opt/airflow/dags/scripts/python/get_data.py took 0.210 seconds
[2024-05-03T03:33:38.445+0000] {processor.py:161} INFO - Started process (PID=289) to work on /opt/airflow/dags/scripts/python/get_data.py
[2024-05-03T03:33:38.445+0000] {processor.py:830} INFO - Processing file /opt/airflow/dags/scripts/python/get_data.py for tasks to queue
[2024-05-03T03:33:38.449+0000] {logging_mixin.py:188} INFO - [2024-05-03T03:33:38.449+0000] {dagbag.py:540} INFO - Filling up the DagBag from /opt/airflow/dags/scripts/python/get_data.py
[2024-05-03T03:33:38.507+0000] {processor.py:842} WARNING - No viable dags retrieved from /opt/airflow/dags/scripts/python/get_data.py
[2024-05-03T03:33:38.522+0000] {processor.py:183} INFO - Processing /opt/airflow/dags/scripts/python/get_data.py took 0.082 seconds
[2024-05-03T03:34:08.883+0000] {processor.py:161} INFO - Started process (PID=297) to work on /opt/airflow/dags/scripts/python/get_data.py
[2024-05-03T03:34:08.884+0000] {processor.py:830} INFO - Processing file /opt/airflow/dags/scripts/python/get_data.py for tasks to queue
[2024-05-03T03:34:08.889+0000] {logging_mixin.py:188} INFO - [2024-05-03T03:34:08.888+0000] {dagbag.py:540} INFO - Filling up the DagBag from /opt/airflow/dags/scripts/python/get_data.py
[2024-05-03T03:34:08.955+0000] {processor.py:842} WARNING - No viable dags retrieved from /opt/airflow/dags/scripts/python/get_data.py
[2024-05-03T03:34:08.974+0000] {processor.py:183} INFO - Processing /opt/airflow/dags/scripts/python/get_data.py took 0.098 seconds
[2024-05-03T03:34:39.282+0000] {processor.py:161} INFO - Started process (PID=304) to work on /opt/airflow/dags/scripts/python/get_data.py
[2024-05-03T03:34:39.283+0000] {processor.py:830} INFO - Processing file /opt/airflow/dags/scripts/python/get_data.py for tasks to queue
[2024-05-03T03:34:39.287+0000] {logging_mixin.py:188} INFO - [2024-05-03T03:34:39.287+0000] {dagbag.py:540} INFO - Filling up the DagBag from /opt/airflow/dags/scripts/python/get_data.py
[2024-05-03T03:34:39.325+0000] {processor.py:842} WARNING - No viable dags retrieved from /opt/airflow/dags/scripts/python/get_data.py
[2024-05-03T03:34:39.338+0000] {processor.py:183} INFO - Processing /opt/airflow/dags/scripts/python/get_data.py took 0.062 seconds
[2024-05-03T03:35:09.649+0000] {processor.py:161} INFO - Started process (PID=312) to work on /opt/airflow/dags/scripts/python/get_data.py
[2024-05-03T03:35:09.650+0000] {processor.py:830} INFO - Processing file /opt/airflow/dags/scripts/python/get_data.py for tasks to queue
[2024-05-03T03:35:09.652+0000] {logging_mixin.py:188} INFO - [2024-05-03T03:35:09.652+0000] {dagbag.py:540} INFO - Filling up the DagBag from /opt/airflow/dags/scripts/python/get_data.py
[2024-05-03T03:35:09.680+0000] {processor.py:842} WARNING - No viable dags retrieved from /opt/airflow/dags/scripts/python/get_data.py
[2024-05-03T03:35:09.695+0000] {processor.py:183} INFO - Processing /opt/airflow/dags/scripts/python/get_data.py took 0.049 seconds
[2024-05-03T03:35:40.015+0000] {processor.py:161} INFO - Started process (PID=320) to work on /opt/airflow/dags/scripts/python/get_data.py
[2024-05-03T03:35:40.018+0000] {processor.py:830} INFO - Processing file /opt/airflow/dags/scripts/python/get_data.py for tasks to queue
[2024-05-03T03:35:40.022+0000] {logging_mixin.py:188} INFO - [2024-05-03T03:35:40.021+0000] {dagbag.py:540} INFO - Filling up the DagBag from /opt/airflow/dags/scripts/python/get_data.py
[2024-05-03T03:35:40.054+0000] {processor.py:842} WARNING - No viable dags retrieved from /opt/airflow/dags/scripts/python/get_data.py
[2024-05-03T03:35:40.067+0000] {processor.py:183} INFO - Processing /opt/airflow/dags/scripts/python/get_data.py took 0.059 seconds
[2024-05-03T03:36:10.411+0000] {processor.py:161} INFO - Started process (PID=329) to work on /opt/airflow/dags/scripts/python/get_data.py
[2024-05-03T03:36:10.413+0000] {processor.py:830} INFO - Processing file /opt/airflow/dags/scripts/python/get_data.py for tasks to queue
[2024-05-03T03:36:10.418+0000] {logging_mixin.py:188} INFO - [2024-05-03T03:36:10.417+0000] {dagbag.py:540} INFO - Filling up the DagBag from /opt/airflow/dags/scripts/python/get_data.py
[2024-05-03T03:36:10.455+0000] {processor.py:842} WARNING - No viable dags retrieved from /opt/airflow/dags/scripts/python/get_data.py
[2024-05-03T03:36:10.469+0000] {processor.py:183} INFO - Processing /opt/airflow/dags/scripts/python/get_data.py took 0.065 seconds
[2024-05-03T03:36:40.766+0000] {processor.py:161} INFO - Started process (PID=337) to work on /opt/airflow/dags/scripts/python/get_data.py
[2024-05-03T03:36:40.767+0000] {processor.py:830} INFO - Processing file /opt/airflow/dags/scripts/python/get_data.py for tasks to queue
[2024-05-03T03:36:40.772+0000] {logging_mixin.py:188} INFO - [2024-05-03T03:36:40.771+0000] {dagbag.py:540} INFO - Filling up the DagBag from /opt/airflow/dags/scripts/python/get_data.py
[2024-05-03T03:36:40.809+0000] {processor.py:842} WARNING - No viable dags retrieved from /opt/airflow/dags/scripts/python/get_data.py
[2024-05-03T03:36:40.823+0000] {processor.py:183} INFO - Processing /opt/airflow/dags/scripts/python/get_data.py took 0.065 seconds
[2024-05-03T03:37:11.190+0000] {processor.py:161} INFO - Started process (PID=345) to work on /opt/airflow/dags/scripts/python/get_data.py
[2024-05-03T03:37:11.192+0000] {processor.py:830} INFO - Processing file /opt/airflow/dags/scripts/python/get_data.py for tasks to queue
[2024-05-03T03:37:11.200+0000] {logging_mixin.py:188} INFO - [2024-05-03T03:37:11.199+0000] {dagbag.py:540} INFO - Filling up the DagBag from /opt/airflow/dags/scripts/python/get_data.py
[2024-05-03T03:37:11.235+0000] {processor.py:842} WARNING - No viable dags retrieved from /opt/airflow/dags/scripts/python/get_data.py
[2024-05-03T03:37:11.248+0000] {processor.py:183} INFO - Processing /opt/airflow/dags/scripts/python/get_data.py took 0.065 seconds
[2024-05-03T03:37:41.674+0000] {processor.py:161} INFO - Started process (PID=353) to work on /opt/airflow/dags/scripts/python/get_data.py
[2024-05-03T03:37:41.676+0000] {processor.py:830} INFO - Processing file /opt/airflow/dags/scripts/python/get_data.py for tasks to queue
[2024-05-03T03:37:41.682+0000] {logging_mixin.py:188} INFO - [2024-05-03T03:37:41.681+0000] {dagbag.py:540} INFO - Filling up the DagBag from /opt/airflow/dags/scripts/python/get_data.py
[2024-05-03T03:37:41.725+0000] {processor.py:842} WARNING - No viable dags retrieved from /opt/airflow/dags/scripts/python/get_data.py
[2024-05-03T03:37:41.740+0000] {processor.py:183} INFO - Processing /opt/airflow/dags/scripts/python/get_data.py took 0.071 seconds
[2024-05-03T03:38:12.289+0000] {processor.py:161} INFO - Started process (PID=360) to work on /opt/airflow/dags/scripts/python/get_data.py
[2024-05-03T03:38:12.291+0000] {processor.py:830} INFO - Processing file /opt/airflow/dags/scripts/python/get_data.py for tasks to queue
[2024-05-03T03:38:12.297+0000] {logging_mixin.py:188} INFO - [2024-05-03T03:38:12.297+0000] {dagbag.py:540} INFO - Filling up the DagBag from /opt/airflow/dags/scripts/python/get_data.py
[2024-05-03T03:38:12.338+0000] {processor.py:842} WARNING - No viable dags retrieved from /opt/airflow/dags/scripts/python/get_data.py
[2024-05-03T03:38:12.351+0000] {processor.py:183} INFO - Processing /opt/airflow/dags/scripts/python/get_data.py took 0.067 seconds
[2024-05-03T03:38:42.713+0000] {processor.py:161} INFO - Started process (PID=368) to work on /opt/airflow/dags/scripts/python/get_data.py
[2024-05-03T03:38:42.714+0000] {processor.py:830} INFO - Processing file /opt/airflow/dags/scripts/python/get_data.py for tasks to queue
[2024-05-03T03:38:42.719+0000] {logging_mixin.py:188} INFO - [2024-05-03T03:38:42.719+0000] {dagbag.py:540} INFO - Filling up the DagBag from /opt/airflow/dags/scripts/python/get_data.py
[2024-05-03T03:38:42.758+0000] {processor.py:842} WARNING - No viable dags retrieved from /opt/airflow/dags/scripts/python/get_data.py
[2024-05-03T03:38:42.800+0000] {processor.py:183} INFO - Processing /opt/airflow/dags/scripts/python/get_data.py took 0.097 seconds
[2024-05-03T03:39:13.096+0000] {processor.py:161} INFO - Started process (PID=376) to work on /opt/airflow/dags/scripts/python/get_data.py
[2024-05-03T03:39:13.097+0000] {processor.py:830} INFO - Processing file /opt/airflow/dags/scripts/python/get_data.py for tasks to queue
[2024-05-03T03:39:13.100+0000] {logging_mixin.py:188} INFO - [2024-05-03T03:39:13.100+0000] {dagbag.py:540} INFO - Filling up the DagBag from /opt/airflow/dags/scripts/python/get_data.py
[2024-05-03T03:39:13.134+0000] {processor.py:842} WARNING - No viable dags retrieved from /opt/airflow/dags/scripts/python/get_data.py
[2024-05-03T03:39:13.146+0000] {processor.py:183} INFO - Processing /opt/airflow/dags/scripts/python/get_data.py took 0.056 seconds
[2024-05-03T03:39:43.402+0000] {processor.py:161} INFO - Started process (PID=384) to work on /opt/airflow/dags/scripts/python/get_data.py
[2024-05-03T03:39:43.404+0000] {processor.py:830} INFO - Processing file /opt/airflow/dags/scripts/python/get_data.py for tasks to queue
[2024-05-03T03:39:43.410+0000] {logging_mixin.py:188} INFO - [2024-05-03T03:39:43.409+0000] {dagbag.py:540} INFO - Filling up the DagBag from /opt/airflow/dags/scripts/python/get_data.py
[2024-05-03T03:39:43.450+0000] {processor.py:842} WARNING - No viable dags retrieved from /opt/airflow/dags/scripts/python/get_data.py
[2024-05-03T03:39:43.462+0000] {processor.py:183} INFO - Processing /opt/airflow/dags/scripts/python/get_data.py took 0.065 seconds
[2024-05-03T03:40:14.011+0000] {processor.py:161} INFO - Started process (PID=392) to work on /opt/airflow/dags/scripts/python/get_data.py
[2024-05-03T03:40:14.013+0000] {processor.py:830} INFO - Processing file /opt/airflow/dags/scripts/python/get_data.py for tasks to queue
[2024-05-03T03:40:14.021+0000] {logging_mixin.py:188} INFO - [2024-05-03T03:40:14.020+0000] {dagbag.py:540} INFO - Filling up the DagBag from /opt/airflow/dags/scripts/python/get_data.py
[2024-05-03T03:40:14.169+0000] {processor.py:842} WARNING - No viable dags retrieved from /opt/airflow/dags/scripts/python/get_data.py
[2024-05-03T03:40:14.214+0000] {processor.py:183} INFO - Processing /opt/airflow/dags/scripts/python/get_data.py took 0.213 seconds
[2024-05-03T03:40:44.280+0000] {processor.py:161} INFO - Started process (PID=406) to work on /opt/airflow/dags/scripts/python/get_data.py
[2024-05-03T03:40:44.281+0000] {processor.py:830} INFO - Processing file /opt/airflow/dags/scripts/python/get_data.py for tasks to queue
[2024-05-03T03:40:44.282+0000] {logging_mixin.py:188} INFO - [2024-05-03T03:40:44.282+0000] {dagbag.py:540} INFO - Filling up the DagBag from /opt/airflow/dags/scripts/python/get_data.py
[2024-05-03T03:40:44.302+0000] {processor.py:842} WARNING - No viable dags retrieved from /opt/airflow/dags/scripts/python/get_data.py
[2024-05-03T03:40:44.311+0000] {processor.py:183} INFO - Processing /opt/airflow/dags/scripts/python/get_data.py took 0.034 seconds
[2024-05-03T03:41:14.639+0000] {processor.py:161} INFO - Started process (PID=413) to work on /opt/airflow/dags/scripts/python/get_data.py
[2024-05-03T03:41:14.641+0000] {processor.py:830} INFO - Processing file /opt/airflow/dags/scripts/python/get_data.py for tasks to queue
[2024-05-03T03:41:14.649+0000] {logging_mixin.py:188} INFO - [2024-05-03T03:41:14.648+0000] {dagbag.py:540} INFO - Filling up the DagBag from /opt/airflow/dags/scripts/python/get_data.py
[2024-05-03T03:41:14.687+0000] {processor.py:842} WARNING - No viable dags retrieved from /opt/airflow/dags/scripts/python/get_data.py
[2024-05-03T03:41:14.699+0000] {processor.py:183} INFO - Processing /opt/airflow/dags/scripts/python/get_data.py took 0.068 seconds
[2024-05-03T03:41:45.031+0000] {processor.py:161} INFO - Started process (PID=421) to work on /opt/airflow/dags/scripts/python/get_data.py
[2024-05-03T03:41:45.032+0000] {processor.py:830} INFO - Processing file /opt/airflow/dags/scripts/python/get_data.py for tasks to queue
[2024-05-03T03:41:45.037+0000] {logging_mixin.py:188} INFO - [2024-05-03T03:41:45.037+0000] {dagbag.py:540} INFO - Filling up the DagBag from /opt/airflow/dags/scripts/python/get_data.py
[2024-05-03T03:41:45.076+0000] {processor.py:842} WARNING - No viable dags retrieved from /opt/airflow/dags/scripts/python/get_data.py
[2024-05-03T03:41:45.087+0000] {processor.py:183} INFO - Processing /opt/airflow/dags/scripts/python/get_data.py took 0.063 seconds
[2024-05-03T03:42:15.397+0000] {processor.py:161} INFO - Started process (PID=429) to work on /opt/airflow/dags/scripts/python/get_data.py
[2024-05-03T03:42:15.398+0000] {processor.py:830} INFO - Processing file /opt/airflow/dags/scripts/python/get_data.py for tasks to queue
[2024-05-03T03:42:15.403+0000] {logging_mixin.py:188} INFO - [2024-05-03T03:42:15.403+0000] {dagbag.py:540} INFO - Filling up the DagBag from /opt/airflow/dags/scripts/python/get_data.py
[2024-05-03T03:42:15.443+0000] {processor.py:842} WARNING - No viable dags retrieved from /opt/airflow/dags/scripts/python/get_data.py
[2024-05-03T03:42:15.453+0000] {processor.py:183} INFO - Processing /opt/airflow/dags/scripts/python/get_data.py took 0.065 seconds
[2024-05-03T03:42:45.769+0000] {processor.py:161} INFO - Started process (PID=437) to work on /opt/airflow/dags/scripts/python/get_data.py
[2024-05-03T03:42:45.770+0000] {processor.py:830} INFO - Processing file /opt/airflow/dags/scripts/python/get_data.py for tasks to queue
[2024-05-03T03:42:45.775+0000] {logging_mixin.py:188} INFO - [2024-05-03T03:42:45.774+0000] {dagbag.py:540} INFO - Filling up the DagBag from /opt/airflow/dags/scripts/python/get_data.py
[2024-05-03T03:42:45.828+0000] {processor.py:842} WARNING - No viable dags retrieved from /opt/airflow/dags/scripts/python/get_data.py
[2024-05-03T03:42:45.840+0000] {processor.py:183} INFO - Processing /opt/airflow/dags/scripts/python/get_data.py took 0.077 seconds
[2024-05-03T03:43:16.316+0000] {processor.py:161} INFO - Started process (PID=445) to work on /opt/airflow/dags/scripts/python/get_data.py
[2024-05-03T03:43:16.318+0000] {processor.py:830} INFO - Processing file /opt/airflow/dags/scripts/python/get_data.py for tasks to queue
[2024-05-03T03:43:16.324+0000] {logging_mixin.py:188} INFO - [2024-05-03T03:43:16.323+0000] {dagbag.py:540} INFO - Filling up the DagBag from /opt/airflow/dags/scripts/python/get_data.py
[2024-05-03T03:43:16.361+0000] {processor.py:842} WARNING - No viable dags retrieved from /opt/airflow/dags/scripts/python/get_data.py
[2024-05-03T03:43:16.374+0000] {processor.py:183} INFO - Processing /opt/airflow/dags/scripts/python/get_data.py took 0.064 seconds
[2024-05-03T03:43:46.692+0000] {processor.py:161} INFO - Started process (PID=453) to work on /opt/airflow/dags/scripts/python/get_data.py
[2024-05-03T03:43:46.693+0000] {processor.py:830} INFO - Processing file /opt/airflow/dags/scripts/python/get_data.py for tasks to queue
[2024-05-03T03:43:46.698+0000] {logging_mixin.py:188} INFO - [2024-05-03T03:43:46.697+0000] {dagbag.py:540} INFO - Filling up the DagBag from /opt/airflow/dags/scripts/python/get_data.py
[2024-05-03T03:43:46.747+0000] {processor.py:842} WARNING - No viable dags retrieved from /opt/airflow/dags/scripts/python/get_data.py
[2024-05-03T03:43:46.760+0000] {processor.py:183} INFO - Processing /opt/airflow/dags/scripts/python/get_data.py took 0.075 seconds
[2024-05-03T03:44:17.130+0000] {processor.py:161} INFO - Started process (PID=461) to work on /opt/airflow/dags/scripts/python/get_data.py
[2024-05-03T03:44:17.132+0000] {processor.py:830} INFO - Processing file /opt/airflow/dags/scripts/python/get_data.py for tasks to queue
[2024-05-03T03:44:17.137+0000] {logging_mixin.py:188} INFO - [2024-05-03T03:44:17.136+0000] {dagbag.py:540} INFO - Filling up the DagBag from /opt/airflow/dags/scripts/python/get_data.py
[2024-05-03T03:44:17.175+0000] {processor.py:842} WARNING - No viable dags retrieved from /opt/airflow/dags/scripts/python/get_data.py
[2024-05-03T03:44:17.191+0000] {processor.py:183} INFO - Processing /opt/airflow/dags/scripts/python/get_data.py took 0.068 seconds
[2024-05-03T03:44:47.673+0000] {processor.py:161} INFO - Started process (PID=469) to work on /opt/airflow/dags/scripts/python/get_data.py
[2024-05-03T03:44:47.675+0000] {processor.py:830} INFO - Processing file /opt/airflow/dags/scripts/python/get_data.py for tasks to queue
[2024-05-03T03:44:47.679+0000] {logging_mixin.py:188} INFO - [2024-05-03T03:44:47.679+0000] {dagbag.py:540} INFO - Filling up the DagBag from /opt/airflow/dags/scripts/python/get_data.py
[2024-05-03T03:44:47.716+0000] {processor.py:842} WARNING - No viable dags retrieved from /opt/airflow/dags/scripts/python/get_data.py
[2024-05-03T03:44:47.727+0000] {processor.py:183} INFO - Processing /opt/airflow/dags/scripts/python/get_data.py took 0.060 seconds
[2024-05-03T04:17:59.391+0000] {processor.py:161} INFO - Started process (PID=470) to work on /opt/airflow/dags/scripts/python/get_data.py
[2024-05-03T04:17:59.400+0000] {processor.py:830} INFO - Processing file /opt/airflow/dags/scripts/python/get_data.py for tasks to queue
[2024-05-03T04:17:59.407+0000] {logging_mixin.py:188} INFO - [2024-05-03T04:17:59.406+0000] {dagbag.py:540} INFO - Filling up the DagBag from /opt/airflow/dags/scripts/python/get_data.py
[2024-05-03T04:17:59.457+0000] {processor.py:842} WARNING - No viable dags retrieved from /opt/airflow/dags/scripts/python/get_data.py
[2024-05-03T04:17:59.491+0000] {processor.py:183} INFO - Processing /opt/airflow/dags/scripts/python/get_data.py took 0.107 seconds
[2024-05-03T05:35:29.336+0000] {processor.py:161} INFO - Started process (PID=479) to work on /opt/airflow/dags/scripts/python/get_data.py
[2024-05-03T05:35:29.341+0000] {processor.py:830} INFO - Processing file /opt/airflow/dags/scripts/python/get_data.py for tasks to queue
[2024-05-03T05:35:29.349+0000] {logging_mixin.py:188} INFO - [2024-05-03T05:35:29.347+0000] {dagbag.py:540} INFO - Filling up the DagBag from /opt/airflow/dags/scripts/python/get_data.py
[2024-05-03T05:35:29.412+0000] {processor.py:842} WARNING - No viable dags retrieved from /opt/airflow/dags/scripts/python/get_data.py
[2024-05-03T05:35:29.446+0000] {processor.py:183} INFO - Processing /opt/airflow/dags/scripts/python/get_data.py took 0.119 seconds
[2024-05-03T06:51:27.550+0000] {processor.py:161} INFO - Started process (PID=487) to work on /opt/airflow/dags/scripts/python/get_data.py
[2024-05-03T06:51:27.552+0000] {processor.py:830} INFO - Processing file /opt/airflow/dags/scripts/python/get_data.py for tasks to queue
[2024-05-03T06:51:27.557+0000] {logging_mixin.py:188} INFO - [2024-05-03T06:51:27.556+0000] {dagbag.py:540} INFO - Filling up the DagBag from /opt/airflow/dags/scripts/python/get_data.py
[2024-05-03T06:51:27.599+0000] {processor.py:842} WARNING - No viable dags retrieved from /opt/airflow/dags/scripts/python/get_data.py
[2024-05-03T06:51:27.613+0000] {processor.py:183} INFO - Processing /opt/airflow/dags/scripts/python/get_data.py took 0.068 seconds
[2024-05-03T08:31:15.141+0000] {processor.py:161} INFO - Started process (PID=495) to work on /opt/airflow/dags/scripts/python/get_data.py
[2024-05-03T08:31:15.143+0000] {processor.py:830} INFO - Processing file /opt/airflow/dags/scripts/python/get_data.py for tasks to queue
[2024-05-03T08:31:15.152+0000] {logging_mixin.py:188} INFO - [2024-05-03T08:31:15.150+0000] {dagbag.py:540} INFO - Filling up the DagBag from /opt/airflow/dags/scripts/python/get_data.py
[2024-05-03T08:31:15.204+0000] {processor.py:842} WARNING - No viable dags retrieved from /opt/airflow/dags/scripts/python/get_data.py
[2024-05-03T08:31:15.235+0000] {processor.py:183} INFO - Processing /opt/airflow/dags/scripts/python/get_data.py took 0.104 seconds
[2024-05-03T10:00:27.824+0000] {processor.py:161} INFO - Started process (PID=503) to work on /opt/airflow/dags/scripts/python/get_data.py
[2024-05-03T10:00:27.826+0000] {processor.py:830} INFO - Processing file /opt/airflow/dags/scripts/python/get_data.py for tasks to queue
[2024-05-03T10:00:27.844+0000] {logging_mixin.py:188} INFO - [2024-05-03T10:00:27.840+0000] {dagbag.py:540} INFO - Filling up the DagBag from /opt/airflow/dags/scripts/python/get_data.py
[2024-05-03T10:00:27.880+0000] {processor.py:842} WARNING - No viable dags retrieved from /opt/airflow/dags/scripts/python/get_data.py
[2024-05-03T10:00:27.894+0000] {processor.py:183} INFO - Processing /opt/airflow/dags/scripts/python/get_data.py took 0.076 seconds
[2024-05-03T11:42:08.124+0000] {processor.py:161} INFO - Started process (PID=511) to work on /opt/airflow/dags/scripts/python/get_data.py
[2024-05-03T11:42:08.125+0000] {processor.py:830} INFO - Processing file /opt/airflow/dags/scripts/python/get_data.py for tasks to queue
[2024-05-03T11:42:08.128+0000] {logging_mixin.py:188} INFO - [2024-05-03T11:42:08.128+0000] {dagbag.py:540} INFO - Filling up the DagBag from /opt/airflow/dags/scripts/python/get_data.py
[2024-05-03T11:42:08.156+0000] {processor.py:842} WARNING - No viable dags retrieved from /opt/airflow/dags/scripts/python/get_data.py
[2024-05-03T11:42:08.167+0000] {processor.py:183} INFO - Processing /opt/airflow/dags/scripts/python/get_data.py took 0.047 seconds
[2024-05-03T13:02:23.835+0000] {processor.py:161} INFO - Started process (PID=519) to work on /opt/airflow/dags/scripts/python/get_data.py
[2024-05-03T13:02:23.836+0000] {processor.py:830} INFO - Processing file /opt/airflow/dags/scripts/python/get_data.py for tasks to queue
[2024-05-03T13:02:23.838+0000] {logging_mixin.py:188} INFO - [2024-05-03T13:02:23.837+0000] {dagbag.py:540} INFO - Filling up the DagBag from /opt/airflow/dags/scripts/python/get_data.py
[2024-05-03T13:02:23.857+0000] {processor.py:842} WARNING - No viable dags retrieved from /opt/airflow/dags/scripts/python/get_data.py
[2024-05-03T13:02:23.866+0000] {processor.py:183} INFO - Processing /opt/airflow/dags/scripts/python/get_data.py took 0.033 seconds
[2024-05-03T14:08:51.022+0000] {processor.py:161} INFO - Started process (PID=527) to work on /opt/airflow/dags/scripts/python/get_data.py
[2024-05-03T14:08:51.025+0000] {processor.py:830} INFO - Processing file /opt/airflow/dags/scripts/python/get_data.py for tasks to queue
[2024-05-03T14:08:51.049+0000] {logging_mixin.py:188} INFO - [2024-05-03T14:08:51.048+0000] {dagbag.py:540} INFO - Filling up the DagBag from /opt/airflow/dags/scripts/python/get_data.py
[2024-05-03T14:08:51.125+0000] {processor.py:842} WARNING - No viable dags retrieved from /opt/airflow/dags/scripts/python/get_data.py
[2024-05-03T14:08:51.178+0000] {processor.py:183} INFO - Processing /opt/airflow/dags/scripts/python/get_data.py took 0.165 seconds
[2024-05-03T15:33:41.594+0000] {processor.py:161} INFO - Started process (PID=535) to work on /opt/airflow/dags/scripts/python/get_data.py
[2024-05-03T15:33:41.595+0000] {processor.py:830} INFO - Processing file /opt/airflow/dags/scripts/python/get_data.py for tasks to queue
[2024-05-03T15:33:41.598+0000] {logging_mixin.py:188} INFO - [2024-05-03T15:33:41.597+0000] {dagbag.py:540} INFO - Filling up the DagBag from /opt/airflow/dags/scripts/python/get_data.py
[2024-05-03T15:33:41.630+0000] {processor.py:842} WARNING - No viable dags retrieved from /opt/airflow/dags/scripts/python/get_data.py
[2024-05-03T15:33:41.640+0000] {processor.py:183} INFO - Processing /opt/airflow/dags/scripts/python/get_data.py took 0.050 seconds
[2024-05-03T16:37:09.526+0000] {processor.py:161} INFO - Started process (PID=543) to work on /opt/airflow/dags/scripts/python/get_data.py
[2024-05-03T16:37:09.529+0000] {processor.py:830} INFO - Processing file /opt/airflow/dags/scripts/python/get_data.py for tasks to queue
[2024-05-03T16:37:09.535+0000] {logging_mixin.py:188} INFO - [2024-05-03T16:37:09.534+0000] {dagbag.py:540} INFO - Filling up the DagBag from /opt/airflow/dags/scripts/python/get_data.py
[2024-05-03T16:37:09.589+0000] {processor.py:842} WARNING - No viable dags retrieved from /opt/airflow/dags/scripts/python/get_data.py
[2024-05-03T16:37:09.630+0000] {processor.py:183} INFO - Processing /opt/airflow/dags/scripts/python/get_data.py took 0.112 seconds
[2024-05-03T17:54:36.914+0000] {processor.py:161} INFO - Started process (PID=551) to work on /opt/airflow/dags/scripts/python/get_data.py
[2024-05-03T17:54:36.915+0000] {processor.py:830} INFO - Processing file /opt/airflow/dags/scripts/python/get_data.py for tasks to queue
[2024-05-03T17:54:36.918+0000] {logging_mixin.py:188} INFO - [2024-05-03T17:54:36.917+0000] {dagbag.py:540} INFO - Filling up the DagBag from /opt/airflow/dags/scripts/python/get_data.py
[2024-05-03T17:54:36.943+0000] {processor.py:842} WARNING - No viable dags retrieved from /opt/airflow/dags/scripts/python/get_data.py
[2024-05-03T17:54:36.954+0000] {processor.py:183} INFO - Processing /opt/airflow/dags/scripts/python/get_data.py took 0.045 seconds
[2024-05-03T19:11:33.997+0000] {processor.py:161} INFO - Started process (PID=559) to work on /opt/airflow/dags/scripts/python/get_data.py
[2024-05-03T19:11:33.998+0000] {processor.py:830} INFO - Processing file /opt/airflow/dags/scripts/python/get_data.py for tasks to queue
[2024-05-03T19:11:34.001+0000] {logging_mixin.py:188} INFO - [2024-05-03T19:11:34.001+0000] {dagbag.py:540} INFO - Filling up the DagBag from /opt/airflow/dags/scripts/python/get_data.py
[2024-05-03T19:11:34.026+0000] {processor.py:842} WARNING - No viable dags retrieved from /opt/airflow/dags/scripts/python/get_data.py
[2024-05-03T19:11:34.036+0000] {processor.py:183} INFO - Processing /opt/airflow/dags/scripts/python/get_data.py took 0.043 seconds
[2024-05-03T20:23:39.950+0000] {processor.py:161} INFO - Started process (PID=567) to work on /opt/airflow/dags/scripts/python/get_data.py
[2024-05-03T20:23:39.952+0000] {processor.py:830} INFO - Processing file /opt/airflow/dags/scripts/python/get_data.py for tasks to queue
[2024-05-03T20:23:39.961+0000] {logging_mixin.py:188} INFO - [2024-05-03T20:23:39.958+0000] {dagbag.py:540} INFO - Filling up the DagBag from /opt/airflow/dags/scripts/python/get_data.py
[2024-05-03T20:23:39.996+0000] {processor.py:842} WARNING - No viable dags retrieved from /opt/airflow/dags/scripts/python/get_data.py
[2024-05-03T20:23:40.031+0000] {processor.py:183} INFO - Processing /opt/airflow/dags/scripts/python/get_data.py took 0.085 seconds
[2024-05-03T20:41:28.421+0000] {processor.py:161} INFO - Started process (PID=575) to work on /opt/airflow/dags/scripts/python/get_data.py
[2024-05-03T20:41:28.425+0000] {processor.py:830} INFO - Processing file /opt/airflow/dags/scripts/python/get_data.py for tasks to queue
[2024-05-03T20:41:28.436+0000] {logging_mixin.py:188} INFO - [2024-05-03T20:41:28.436+0000] {dagbag.py:540} INFO - Filling up the DagBag from /opt/airflow/dags/scripts/python/get_data.py
[2024-05-03T20:41:28.496+0000] {processor.py:842} WARNING - No viable dags retrieved from /opt/airflow/dags/scripts/python/get_data.py
[2024-05-03T20:41:28.533+0000] {processor.py:183} INFO - Processing /opt/airflow/dags/scripts/python/get_data.py took 0.128 seconds
[2024-05-03T21:29:00.440+0000] {processor.py:161} INFO - Started process (PID=583) to work on /opt/airflow/dags/scripts/python/get_data.py
[2024-05-03T21:29:00.441+0000] {processor.py:830} INFO - Processing file /opt/airflow/dags/scripts/python/get_data.py for tasks to queue
[2024-05-03T21:29:00.444+0000] {logging_mixin.py:188} INFO - [2024-05-03T21:29:00.443+0000] {dagbag.py:540} INFO - Filling up the DagBag from /opt/airflow/dags/scripts/python/get_data.py
[2024-05-03T21:29:00.470+0000] {processor.py:842} WARNING - No viable dags retrieved from /opt/airflow/dags/scripts/python/get_data.py
[2024-05-03T21:29:00.482+0000] {processor.py:183} INFO - Processing /opt/airflow/dags/scripts/python/get_data.py took 0.046 seconds
[2024-05-03T22:43:06.686+0000] {processor.py:161} INFO - Started process (PID=591) to work on /opt/airflow/dags/scripts/python/get_data.py
[2024-05-03T22:43:06.687+0000] {processor.py:830} INFO - Processing file /opt/airflow/dags/scripts/python/get_data.py for tasks to queue
[2024-05-03T22:43:06.689+0000] {logging_mixin.py:188} INFO - [2024-05-03T22:43:06.689+0000] {dagbag.py:540} INFO - Filling up the DagBag from /opt/airflow/dags/scripts/python/get_data.py
[2024-05-03T22:43:06.713+0000] {processor.py:842} WARNING - No viable dags retrieved from /opt/airflow/dags/scripts/python/get_data.py
[2024-05-03T22:43:06.724+0000] {processor.py:183} INFO - Processing /opt/airflow/dags/scripts/python/get_data.py took 0.041 seconds
[2024-05-03T23:32:49.114+0000] {processor.py:161} INFO - Started process (PID=599) to work on /opt/airflow/dags/scripts/python/get_data.py
[2024-05-03T23:32:49.117+0000] {processor.py:830} INFO - Processing file /opt/airflow/dags/scripts/python/get_data.py for tasks to queue
[2024-05-03T23:32:49.125+0000] {logging_mixin.py:188} INFO - [2024-05-03T23:32:49.123+0000] {dagbag.py:540} INFO - Filling up the DagBag from /opt/airflow/dags/scripts/python/get_data.py
[2024-05-03T23:32:49.176+0000] {processor.py:842} WARNING - No viable dags retrieved from /opt/airflow/dags/scripts/python/get_data.py
[2024-05-03T23:32:49.208+0000] {processor.py:183} INFO - Processing /opt/airflow/dags/scripts/python/get_data.py took 0.104 seconds
