[2024-06-12T04:09:18.011+0000] {taskinstance.py:1979} INFO - Dependencies all met for dep_context=non-requeueable deps ti=<TaskInstance: upload_congress_data.upload_votes_to_gcs manual__2024-06-12T04:04:03.467149+00:00 [queued]>
[2024-06-12T04:09:18.015+0000] {taskinstance.py:1979} INFO - Dependencies all met for dep_context=requeueable deps ti=<TaskInstance: upload_congress_data.upload_votes_to_gcs manual__2024-06-12T04:04:03.467149+00:00 [queued]>
[2024-06-12T04:09:18.015+0000] {taskinstance.py:2193} INFO - Starting attempt 1 of 1
[2024-06-12T04:09:18.022+0000] {taskinstance.py:2217} INFO - Executing <Task(PythonOperator): upload_votes_to_gcs> on 2024-06-12 04:04:03.467149+00:00
[2024-06-12T04:09:18.030+0000] {standard_task_runner.py:60} INFO - Started process 224 to run task
[2024-06-12T04:09:18.033+0000] {standard_task_runner.py:87} INFO - Running: ['***', 'tasks', 'run', 'upload_congress_data', 'upload_votes_to_gcs', 'manual__2024-06-12T04:04:03.467149+00:00', '--job-id', '48', '--raw', '--subdir', 'DAGS_FOLDER/upload_congress_data.py', '--cfg-path', '/tmp/tmp1w2werd3']
[2024-06-12T04:09:18.036+0000] {standard_task_runner.py:88} INFO - Job 48: Subtask upload_votes_to_gcs
[2024-06-12T04:09:18.066+0000] {task_command.py:423} INFO - Running <TaskInstance: upload_congress_data.upload_votes_to_gcs manual__2024-06-12T04:04:03.467149+00:00 [running]> on host 57ce92a431c8
[2024-06-12T04:09:18.109+0000] {taskinstance.py:2513} INFO - Exporting env vars: AIRFLOW_CTX_DAG_OWNER='***' AIRFLOW_CTX_DAG_ID='upload_congress_data' AIRFLOW_CTX_TASK_ID='upload_votes_to_gcs' AIRFLOW_CTX_EXECUTION_DATE='2024-06-12T04:04:03.467149+00:00' AIRFLOW_CTX_TRY_NUMBER='1' AIRFLOW_CTX_DAG_RUN_ID='manual__2024-06-12T04:04:03.467149+00:00'
[2024-06-12T04:09:19.722+0000] {logging_mixin.py:188} INFO - Uploaded /opt/***/dags/data/votes/HJRES/votes_hjresbill_status_0.json to gs://congress_data_testproject-420401/votes/HJRES/votes_hjresbill_status_0.json
[2024-06-12T04:09:20.337+0000] {logging_mixin.py:188} INFO - Uploaded /opt/***/dags/data/votes/SCONRES/votes_sconresbill_status_0.json to gs://congress_data_testproject-420401/votes/SCONRES/votes_sconresbill_status_0.json
[2024-06-12T04:09:20.965+0000] {logging_mixin.py:188} INFO - Uploaded /opt/***/dags/data/votes/HCONRES/votes_hconresbill_status_0.json to gs://congress_data_testproject-420401/votes/HCONRES/votes_hconresbill_status_0.json
[2024-06-12T04:09:21.617+0000] {logging_mixin.py:188} INFO - Uploaded /opt/***/dags/data/votes/S/votes_sbill_status_3.json to gs://congress_data_testproject-420401/votes/S/votes_sbill_status_3.json
[2024-06-12T04:09:22.256+0000] {logging_mixin.py:188} INFO - Uploaded /opt/***/dags/data/votes/S/votes_sbill_status_13.json to gs://congress_data_testproject-420401/votes/S/votes_sbill_status_13.json
[2024-06-12T04:09:22.821+0000] {logging_mixin.py:188} INFO - Uploaded /opt/***/dags/data/votes/S/votes_sbill_status_12.json to gs://congress_data_testproject-420401/votes/S/votes_sbill_status_12.json
[2024-06-12T04:09:23.508+0000] {logging_mixin.py:188} INFO - Uploaded /opt/***/dags/data/votes/S/votes_sbill_status_2.json to gs://congress_data_testproject-420401/votes/S/votes_sbill_status_2.json
[2024-06-12T04:09:24.091+0000] {logging_mixin.py:188} INFO - Uploaded /opt/***/dags/data/votes/S/votes_sbill_status_9.json to gs://congress_data_testproject-420401/votes/S/votes_sbill_status_9.json
[2024-06-12T04:09:24.654+0000] {logging_mixin.py:188} INFO - Uploaded /opt/***/dags/data/votes/S/votes_sbill_status_5.json to gs://congress_data_testproject-420401/votes/S/votes_sbill_status_5.json
[2024-06-12T04:09:25.291+0000] {logging_mixin.py:188} INFO - Uploaded /opt/***/dags/data/votes/S/votes_sbill_status_15.json to gs://congress_data_testproject-420401/votes/S/votes_sbill_status_15.json
[2024-06-12T04:09:25.928+0000] {logging_mixin.py:188} INFO - Uploaded /opt/***/dags/data/votes/S/votes_sbill_status_14.json to gs://congress_data_testproject-420401/votes/S/votes_sbill_status_14.json
[2024-06-12T04:09:26.569+0000] {logging_mixin.py:188} INFO - Uploaded /opt/***/dags/data/votes/S/votes_sbill_status_4.json to gs://congress_data_testproject-420401/votes/S/votes_sbill_status_4.json
[2024-06-12T04:09:27.271+0000] {logging_mixin.py:188} INFO - Uploaded /opt/***/dags/data/votes/S/votes_sbill_status_8.json to gs://congress_data_testproject-420401/votes/S/votes_sbill_status_8.json
[2024-06-12T04:09:27.835+0000] {logging_mixin.py:188} INFO - Uploaded /opt/***/dags/data/votes/S/votes_sbill_status_17.json to gs://congress_data_testproject-420401/votes/S/votes_sbill_status_17.json
[2024-06-12T04:09:28.562+0000] {logging_mixin.py:188} INFO - Uploaded /opt/***/dags/data/votes/S/votes_sbill_status_7.json to gs://congress_data_testproject-420401/votes/S/votes_sbill_status_7.json
[2024-06-12T04:09:29.166+0000] {logging_mixin.py:188} INFO - Uploaded /opt/***/dags/data/votes/S/votes_sbill_status_6.json to gs://congress_data_testproject-420401/votes/S/votes_sbill_status_6.json
[2024-06-12T04:09:29.742+0000] {logging_mixin.py:188} INFO - Uploaded /opt/***/dags/data/votes/S/votes_sbill_status_16.json to gs://congress_data_testproject-420401/votes/S/votes_sbill_status_16.json
[2024-06-12T04:09:30.348+0000] {logging_mixin.py:188} INFO - Uploaded /opt/***/dags/data/votes/S/votes_sbill_status_11.json to gs://congress_data_testproject-420401/votes/S/votes_sbill_status_11.json
[2024-06-12T04:09:30.906+0000] {logging_mixin.py:188} INFO - Uploaded /opt/***/dags/data/votes/S/votes_sbill_status_1.json to gs://congress_data_testproject-420401/votes/S/votes_sbill_status_1.json
[2024-06-12T04:09:31.510+0000] {logging_mixin.py:188} INFO - Uploaded /opt/***/dags/data/votes/S/votes_sbill_status_0.json to gs://congress_data_testproject-420401/votes/S/votes_sbill_status_0.json
[2024-06-12T04:09:32.067+0000] {logging_mixin.py:188} INFO - Uploaded /opt/***/dags/data/votes/S/votes_sbill_status_10.json to gs://congress_data_testproject-420401/votes/S/votes_sbill_status_10.json
[2024-06-12T04:09:32.746+0000] {logging_mixin.py:188} INFO - Uploaded /opt/***/dags/data/votes/SRES/votes_sresbill_status_2.json to gs://congress_data_testproject-420401/votes/SRES/votes_sresbill_status_2.json
[2024-06-12T04:09:33.338+0000] {logging_mixin.py:188} INFO - Uploaded /opt/***/dags/data/votes/SRES/votes_sresbill_status_1.json to gs://congress_data_testproject-420401/votes/SRES/votes_sresbill_status_1.json
[2024-06-12T04:09:33.934+0000] {logging_mixin.py:188} INFO - Uploaded /opt/***/dags/data/votes/SRES/votes_sresbill_status_0.json to gs://congress_data_testproject-420401/votes/SRES/votes_sresbill_status_0.json
[2024-06-12T04:09:34.593+0000] {logging_mixin.py:188} INFO - Uploaded /opt/***/dags/data/votes/HR/votes_hrbill_status_9.json to gs://congress_data_testproject-420401/votes/HR/votes_hrbill_status_9.json
[2024-06-12T04:09:35.284+0000] {logging_mixin.py:188} INFO - Uploaded /opt/***/dags/data/votes/HR/votes_hrbill_status_25.json to gs://congress_data_testproject-420401/votes/HR/votes_hrbill_status_25.json
[2024-06-12T04:09:35.886+0000] {logging_mixin.py:188} INFO - Uploaded /opt/***/dags/data/votes/HR/votes_hrbill_status_33.json to gs://congress_data_testproject-420401/votes/HR/votes_hrbill_status_33.json
[2024-06-12T04:09:36.623+0000] {logging_mixin.py:188} INFO - Uploaded /opt/***/dags/data/votes/HR/votes_hrbill_status_13.json to gs://congress_data_testproject-420401/votes/HR/votes_hrbill_status_13.json
[2024-06-12T04:09:37.294+0000] {logging_mixin.py:188} INFO - Uploaded /opt/***/dags/data/votes/HR/votes_hrbill_status_5.json to gs://congress_data_testproject-420401/votes/HR/votes_hrbill_status_5.json
[2024-06-12T04:09:37.960+0000] {logging_mixin.py:188} INFO - Uploaded /opt/***/dags/data/votes/HR/votes_hrbill_status_29.json to gs://congress_data_testproject-420401/votes/HR/votes_hrbill_status_29.json
[2024-06-12T04:09:38.633+0000] {logging_mixin.py:188} INFO - Uploaded /opt/***/dags/data/votes/HR/votes_hrbill_status_28.json to gs://congress_data_testproject-420401/votes/HR/votes_hrbill_status_28.json
[2024-06-12T04:09:39.304+0000] {logging_mixin.py:188} INFO - Uploaded /opt/***/dags/data/votes/HR/votes_hrbill_status_4.json to gs://congress_data_testproject-420401/votes/HR/votes_hrbill_status_4.json
[2024-06-12T04:09:39.918+0000] {logging_mixin.py:188} INFO - Uploaded /opt/***/dags/data/votes/HR/votes_hrbill_status_12.json to gs://congress_data_testproject-420401/votes/HR/votes_hrbill_status_12.json
[2024-06-12T04:09:40.544+0000] {logging_mixin.py:188} INFO - Uploaded /opt/***/dags/data/votes/HR/votes_hrbill_status_32.json to gs://congress_data_testproject-420401/votes/HR/votes_hrbill_status_32.json
[2024-06-12T04:09:41.251+0000] {logging_mixin.py:188} INFO - Uploaded /opt/***/dags/data/votes/HR/votes_hrbill_status_24.json to gs://congress_data_testproject-420401/votes/HR/votes_hrbill_status_24.json
[2024-06-12T04:09:41.874+0000] {logging_mixin.py:188} INFO - Uploaded /opt/***/dags/data/votes/HR/votes_hrbill_status_8.json to gs://congress_data_testproject-420401/votes/HR/votes_hrbill_status_8.json
[2024-06-12T04:09:42.581+0000] {logging_mixin.py:188} INFO - Uploaded /opt/***/dags/data/votes/HR/votes_hrbill_status_15.json to gs://congress_data_testproject-420401/votes/HR/votes_hrbill_status_15.json
[2024-06-12T04:09:43.265+0000] {logging_mixin.py:188} INFO - Uploaded /opt/***/dags/data/votes/HR/votes_hrbill_status_3.json to gs://congress_data_testproject-420401/votes/HR/votes_hrbill_status_3.json
[2024-06-12T04:09:43.902+0000] {logging_mixin.py:188} INFO - Uploaded /opt/***/dags/data/votes/HR/votes_hrbill_status_19.json to gs://congress_data_testproject-420401/votes/HR/votes_hrbill_status_19.json
[2024-06-12T04:09:44.515+0000] {logging_mixin.py:188} INFO - Uploaded /opt/***/dags/data/votes/HR/votes_hrbill_status_23.json to gs://congress_data_testproject-420401/votes/HR/votes_hrbill_status_23.json
[2024-06-12T04:09:45.145+0000] {logging_mixin.py:188} INFO - Uploaded /opt/***/dags/data/votes/HR/votes_hrbill_status_34.json to gs://congress_data_testproject-420401/votes/HR/votes_hrbill_status_34.json
[2024-06-12T04:09:45.808+0000] {logging_mixin.py:188} INFO - Uploaded /opt/***/dags/data/votes/HR/votes_hrbill_status_22.json to gs://congress_data_testproject-420401/votes/HR/votes_hrbill_status_22.json
[2024-06-12T04:09:46.423+0000] {logging_mixin.py:188} INFO - Uploaded /opt/***/dags/data/votes/HR/votes_hrbill_status_18.json to gs://congress_data_testproject-420401/votes/HR/votes_hrbill_status_18.json
[2024-06-12T04:09:47.118+0000] {logging_mixin.py:188} INFO - Uploaded /opt/***/dags/data/votes/HR/votes_hrbill_status_2.json to gs://congress_data_testproject-420401/votes/HR/votes_hrbill_status_2.json
[2024-06-12T04:09:47.876+0000] {logging_mixin.py:188} INFO - Uploaded /opt/***/dags/data/votes/HR/votes_hrbill_status_14.json to gs://congress_data_testproject-420401/votes/HR/votes_hrbill_status_14.json
[2024-06-12T04:09:48.595+0000] {logging_mixin.py:188} INFO - Uploaded /opt/***/dags/data/votes/HR/votes_hrbill_status_1.json to gs://congress_data_testproject-420401/votes/HR/votes_hrbill_status_1.json
[2024-06-12T04:09:49.221+0000] {logging_mixin.py:188} INFO - Uploaded /opt/***/dags/data/votes/HR/votes_hrbill_status_17.json to gs://congress_data_testproject-420401/votes/HR/votes_hrbill_status_17.json
[2024-06-12T04:09:49.913+0000] {logging_mixin.py:188} INFO - Uploaded /opt/***/dags/data/votes/HR/votes_hrbill_status_21.json to gs://congress_data_testproject-420401/votes/HR/votes_hrbill_status_21.json
[2024-06-12T04:09:50.601+0000] {logging_mixin.py:188} INFO - Uploaded /opt/***/dags/data/votes/HR/votes_hrbill_status_20.json to gs://congress_data_testproject-420401/votes/HR/votes_hrbill_status_20.json
[2024-06-12T04:09:51.297+0000] {logging_mixin.py:188} INFO - Uploaded /opt/***/dags/data/votes/HR/votes_hrbill_status_16.json to gs://congress_data_testproject-420401/votes/HR/votes_hrbill_status_16.json
[2024-06-12T04:09:51.887+0000] {logging_mixin.py:188} INFO - Uploaded /opt/***/dags/data/votes/HR/votes_hrbill_status_0.json to gs://congress_data_testproject-420401/votes/HR/votes_hrbill_status_0.json
[2024-06-12T04:09:52.602+0000] {logging_mixin.py:188} INFO - Uploaded /opt/***/dags/data/votes/HR/votes_hrbill_status_31.json to gs://congress_data_testproject-420401/votes/HR/votes_hrbill_status_31.json
[2024-06-12T04:09:53.260+0000] {logging_mixin.py:188} INFO - Uploaded /opt/***/dags/data/votes/HR/votes_hrbill_status_27.json to gs://congress_data_testproject-420401/votes/HR/votes_hrbill_status_27.json
[2024-06-12T04:09:53.921+0000] {logging_mixin.py:188} INFO - Uploaded /opt/***/dags/data/votes/HR/votes_hrbill_status_7.json to gs://congress_data_testproject-420401/votes/HR/votes_hrbill_status_7.json
[2024-06-12T04:09:54.600+0000] {logging_mixin.py:188} INFO - Uploaded /opt/***/dags/data/votes/HR/votes_hrbill_status_11.json to gs://congress_data_testproject-420401/votes/HR/votes_hrbill_status_11.json
[2024-06-12T04:09:55.273+0000] {logging_mixin.py:188} INFO - Uploaded /opt/***/dags/data/votes/HR/votes_hrbill_status_10.json to gs://congress_data_testproject-420401/votes/HR/votes_hrbill_status_10.json
[2024-06-12T04:09:55.917+0000] {logging_mixin.py:188} INFO - Uploaded /opt/***/dags/data/votes/HR/votes_hrbill_status_6.json to gs://congress_data_testproject-420401/votes/HR/votes_hrbill_status_6.json
[2024-06-12T04:09:56.482+0000] {logging_mixin.py:188} INFO - Uploaded /opt/***/dags/data/votes/HR/votes_hrbill_status_26.json to gs://congress_data_testproject-420401/votes/HR/votes_hrbill_status_26.json
[2024-06-12T04:09:57.094+0000] {logging_mixin.py:188} INFO - Uploaded /opt/***/dags/data/votes/HR/votes_hrbill_status_30.json to gs://congress_data_testproject-420401/votes/HR/votes_hrbill_status_30.json
[2024-06-12T04:09:57.798+0000] {logging_mixin.py:188} INFO - Uploaded /opt/***/dags/data/votes/SJRES/votes_sjresbill_status_0.json to gs://congress_data_testproject-420401/votes/SJRES/votes_sjresbill_status_0.json
[2024-06-12T04:09:57.799+0000] {python.py:202} INFO - Done. Returned value was: None
[2024-06-12T04:09:57.822+0000] {taskinstance.py:1149} INFO - Marking task as SUCCESS. dag_id=upload_congress_data, task_id=upload_votes_to_gcs, execution_date=20240612T040403, start_date=20240612T040918, end_date=20240612T040957
[2024-06-12T04:09:57.877+0000] {local_task_job_runner.py:234} INFO - Task exited with return code 0
[2024-06-12T04:09:57.905+0000] {taskinstance.py:3312} INFO - 1 downstream tasks scheduled from follow-on schedule check
