[2024-04-06T21:34:41.267+0000] {processor.py:161} INFO - Started process (PID=397) to work on /opt/airflow/dags/data/BILLSTATUS-118-hconres.zip
[2024-04-06T21:34:41.268+0000] {processor.py:830} INFO - Processing file /opt/airflow/dags/data/BILLSTATUS-118-hconres.zip for tasks to queue
[2024-04-06T21:34:41.271+0000] {logging_mixin.py:188} INFO - [2024-04-06T21:34:41.270+0000] {dagbag.py:540} INFO - Filling up the DagBag from /opt/airflow/dags/data/BILLSTATUS-118-hconres.zip
[2024-04-06T21:34:41.273+0000] {processor.py:842} WARNING - No viable dags retrieved from /opt/airflow/dags/data/BILLSTATUS-118-hconres.zip
[2024-04-06T21:34:41.285+0000] {processor.py:183} INFO - Processing /opt/airflow/dags/data/BILLSTATUS-118-hconres.zip took 0.020 seconds
[2024-04-06T21:35:12.703+0000] {processor.py:161} INFO - Started process (PID=413) to work on /opt/airflow/dags/data/BILLSTATUS-118-hconres.zip
[2024-04-06T21:35:12.704+0000] {processor.py:830} INFO - Processing file /opt/airflow/dags/data/BILLSTATUS-118-hconres.zip for tasks to queue
[2024-04-06T21:35:12.705+0000] {logging_mixin.py:188} INFO - [2024-04-06T21:35:12.705+0000] {dagbag.py:540} INFO - Filling up the DagBag from /opt/airflow/dags/data/BILLSTATUS-118-hconres.zip
[2024-04-06T21:35:12.708+0000] {processor.py:842} WARNING - No viable dags retrieved from /opt/airflow/dags/data/BILLSTATUS-118-hconres.zip
[2024-04-06T21:35:12.717+0000] {processor.py:183} INFO - Processing /opt/airflow/dags/data/BILLSTATUS-118-hconres.zip took 0.017 seconds
[2024-04-06T21:35:44.256+0000] {processor.py:161} INFO - Started process (PID=429) to work on /opt/airflow/dags/data/BILLSTATUS-118-hconres.zip
[2024-04-06T21:35:44.256+0000] {processor.py:830} INFO - Processing file /opt/airflow/dags/data/BILLSTATUS-118-hconres.zip for tasks to queue
[2024-04-06T21:35:44.258+0000] {logging_mixin.py:188} INFO - [2024-04-06T21:35:44.258+0000] {dagbag.py:540} INFO - Filling up the DagBag from /opt/airflow/dags/data/BILLSTATUS-118-hconres.zip
[2024-04-06T21:35:44.261+0000] {processor.py:842} WARNING - No viable dags retrieved from /opt/airflow/dags/data/BILLSTATUS-118-hconres.zip
[2024-04-06T21:35:44.271+0000] {processor.py:183} INFO - Processing /opt/airflow/dags/data/BILLSTATUS-118-hconres.zip took 0.018 seconds
[2024-04-06T21:37:39.519+0000] {processor.py:161} INFO - Started process (PID=35) to work on /opt/airflow/dags/data/BILLSTATUS-118-hconres.zip
[2024-04-06T21:37:39.521+0000] {processor.py:830} INFO - Processing file /opt/airflow/dags/data/BILLSTATUS-118-hconres.zip for tasks to queue
[2024-04-06T21:37:39.526+0000] {logging_mixin.py:188} INFO - [2024-04-06T21:37:39.525+0000] {dagbag.py:540} INFO - Filling up the DagBag from /opt/airflow/dags/data/BILLSTATUS-118-hconres.zip
[2024-04-06T21:37:39.534+0000] {processor.py:842} WARNING - No viable dags retrieved from /opt/airflow/dags/data/BILLSTATUS-118-hconres.zip
[2024-04-06T21:37:39.548+0000] {processor.py:183} INFO - Processing /opt/airflow/dags/data/BILLSTATUS-118-hconres.zip took 0.032 seconds
[2024-04-06T21:38:11.017+0000] {processor.py:161} INFO - Started process (PID=51) to work on /opt/airflow/dags/data/BILLSTATUS-118-hconres.zip
[2024-04-06T21:38:11.017+0000] {processor.py:830} INFO - Processing file /opt/airflow/dags/data/BILLSTATUS-118-hconres.zip for tasks to queue
[2024-04-06T21:38:11.019+0000] {logging_mixin.py:188} INFO - [2024-04-06T21:38:11.019+0000] {dagbag.py:540} INFO - Filling up the DagBag from /opt/airflow/dags/data/BILLSTATUS-118-hconres.zip
[2024-04-06T21:38:11.022+0000] {processor.py:842} WARNING - No viable dags retrieved from /opt/airflow/dags/data/BILLSTATUS-118-hconres.zip
[2024-04-06T21:38:11.031+0000] {processor.py:183} INFO - Processing /opt/airflow/dags/data/BILLSTATUS-118-hconres.zip took 0.017 seconds
[2024-04-06T21:38:41.929+0000] {processor.py:161} INFO - Started process (PID=76) to work on /opt/airflow/dags/data/BILLSTATUS-118-hconres.zip
[2024-04-06T21:38:41.930+0000] {processor.py:830} INFO - Processing file /opt/airflow/dags/data/BILLSTATUS-118-hconres.zip for tasks to queue
[2024-04-06T21:38:41.932+0000] {logging_mixin.py:188} INFO - [2024-04-06T21:38:41.931+0000] {dagbag.py:540} INFO - Filling up the DagBag from /opt/airflow/dags/data/BILLSTATUS-118-hconres.zip
[2024-04-06T21:38:41.934+0000] {processor.py:842} WARNING - No viable dags retrieved from /opt/airflow/dags/data/BILLSTATUS-118-hconres.zip
[2024-04-06T21:38:41.943+0000] {processor.py:183} INFO - Processing /opt/airflow/dags/data/BILLSTATUS-118-hconres.zip took 0.016 seconds
[2024-04-06T21:39:13.371+0000] {processor.py:161} INFO - Started process (PID=92) to work on /opt/airflow/dags/data/BILLSTATUS-118-hconres.zip
[2024-04-06T21:39:13.371+0000] {processor.py:830} INFO - Processing file /opt/airflow/dags/data/BILLSTATUS-118-hconres.zip for tasks to queue
[2024-04-06T21:39:13.373+0000] {logging_mixin.py:188} INFO - [2024-04-06T21:39:13.373+0000] {dagbag.py:540} INFO - Filling up the DagBag from /opt/airflow/dags/data/BILLSTATUS-118-hconres.zip
[2024-04-06T21:39:13.375+0000] {processor.py:842} WARNING - No viable dags retrieved from /opt/airflow/dags/data/BILLSTATUS-118-hconres.zip
[2024-04-06T21:39:13.385+0000] {processor.py:183} INFO - Processing /opt/airflow/dags/data/BILLSTATUS-118-hconres.zip took 0.016 seconds
[2024-04-06T21:39:45.488+0000] {processor.py:161} INFO - Started process (PID=114) to work on /opt/airflow/dags/data/BILLSTATUS-118-hconres.zip
[2024-04-06T21:39:45.488+0000] {processor.py:830} INFO - Processing file /opt/airflow/dags/data/BILLSTATUS-118-hconres.zip for tasks to queue
[2024-04-06T21:39:45.490+0000] {logging_mixin.py:188} INFO - [2024-04-06T21:39:45.490+0000] {dagbag.py:540} INFO - Filling up the DagBag from /opt/airflow/dags/data/BILLSTATUS-118-hconres.zip
[2024-04-06T21:39:45.493+0000] {processor.py:842} WARNING - No viable dags retrieved from /opt/airflow/dags/data/BILLSTATUS-118-hconres.zip
[2024-04-06T21:39:45.503+0000] {processor.py:183} INFO - Processing /opt/airflow/dags/data/BILLSTATUS-118-hconres.zip took 0.018 seconds
[2024-04-06T21:40:16.687+0000] {processor.py:161} INFO - Started process (PID=133) to work on /opt/airflow/dags/data/BILLSTATUS-118-hconres.zip
[2024-04-06T21:40:16.688+0000] {processor.py:830} INFO - Processing file /opt/airflow/dags/data/BILLSTATUS-118-hconres.zip for tasks to queue
[2024-04-06T21:40:16.689+0000] {logging_mixin.py:188} INFO - [2024-04-06T21:40:16.689+0000] {dagbag.py:540} INFO - Filling up the DagBag from /opt/airflow/dags/data/BILLSTATUS-118-hconres.zip
[2024-04-06T21:40:16.692+0000] {processor.py:842} WARNING - No viable dags retrieved from /opt/airflow/dags/data/BILLSTATUS-118-hconres.zip
[2024-04-06T21:40:16.702+0000] {processor.py:183} INFO - Processing /opt/airflow/dags/data/BILLSTATUS-118-hconres.zip took 0.018 seconds
[2024-04-06T21:40:48.209+0000] {processor.py:161} INFO - Started process (PID=149) to work on /opt/airflow/dags/data/BILLSTATUS-118-hconres.zip
[2024-04-06T21:40:48.210+0000] {processor.py:830} INFO - Processing file /opt/airflow/dags/data/BILLSTATUS-118-hconres.zip for tasks to queue
[2024-04-06T21:40:48.212+0000] {logging_mixin.py:188} INFO - [2024-04-06T21:40:48.212+0000] {dagbag.py:540} INFO - Filling up the DagBag from /opt/airflow/dags/data/BILLSTATUS-118-hconres.zip
[2024-04-06T21:40:48.214+0000] {processor.py:842} WARNING - No viable dags retrieved from /opt/airflow/dags/data/BILLSTATUS-118-hconres.zip
[2024-04-06T21:40:48.223+0000] {processor.py:183} INFO - Processing /opt/airflow/dags/data/BILLSTATUS-118-hconres.zip took 0.016 seconds
[2024-04-06T21:41:19.708+0000] {processor.py:161} INFO - Started process (PID=165) to work on /opt/airflow/dags/data/BILLSTATUS-118-hconres.zip
[2024-04-06T21:41:19.708+0000] {processor.py:830} INFO - Processing file /opt/airflow/dags/data/BILLSTATUS-118-hconres.zip for tasks to queue
[2024-04-06T21:41:19.710+0000] {logging_mixin.py:188} INFO - [2024-04-06T21:41:19.710+0000] {dagbag.py:540} INFO - Filling up the DagBag from /opt/airflow/dags/data/BILLSTATUS-118-hconres.zip
[2024-04-06T21:41:19.712+0000] {processor.py:842} WARNING - No viable dags retrieved from /opt/airflow/dags/data/BILLSTATUS-118-hconres.zip
[2024-04-06T21:41:19.721+0000] {processor.py:183} INFO - Processing /opt/airflow/dags/data/BILLSTATUS-118-hconres.zip took 0.016 seconds
[2024-04-06T21:41:51.280+0000] {processor.py:161} INFO - Started process (PID=181) to work on /opt/airflow/dags/data/BILLSTATUS-118-hconres.zip
[2024-04-06T21:41:51.281+0000] {processor.py:830} INFO - Processing file /opt/airflow/dags/data/BILLSTATUS-118-hconres.zip for tasks to queue
[2024-04-06T21:41:51.283+0000] {logging_mixin.py:188} INFO - [2024-04-06T21:41:51.282+0000] {dagbag.py:540} INFO - Filling up the DagBag from /opt/airflow/dags/data/BILLSTATUS-118-hconres.zip
[2024-04-06T21:41:51.286+0000] {processor.py:842} WARNING - No viable dags retrieved from /opt/airflow/dags/data/BILLSTATUS-118-hconres.zip
[2024-04-06T21:41:51.297+0000] {processor.py:183} INFO - Processing /opt/airflow/dags/data/BILLSTATUS-118-hconres.zip took 0.020 seconds
[2024-04-06T21:42:22.763+0000] {processor.py:161} INFO - Started process (PID=197) to work on /opt/airflow/dags/data/BILLSTATUS-118-hconres.zip
[2024-04-06T21:42:22.764+0000] {processor.py:830} INFO - Processing file /opt/airflow/dags/data/BILLSTATUS-118-hconres.zip for tasks to queue
[2024-04-06T21:42:22.765+0000] {logging_mixin.py:188} INFO - [2024-04-06T21:42:22.765+0000] {dagbag.py:540} INFO - Filling up the DagBag from /opt/airflow/dags/data/BILLSTATUS-118-hconres.zip
[2024-04-06T21:42:22.768+0000] {processor.py:842} WARNING - No viable dags retrieved from /opt/airflow/dags/data/BILLSTATUS-118-hconres.zip
[2024-04-06T21:42:22.776+0000] {processor.py:183} INFO - Processing /opt/airflow/dags/data/BILLSTATUS-118-hconres.zip took 0.015 seconds
[2024-04-06T21:42:54.122+0000] {processor.py:161} INFO - Started process (PID=213) to work on /opt/airflow/dags/data/BILLSTATUS-118-hconres.zip
[2024-04-06T21:42:54.123+0000] {processor.py:830} INFO - Processing file /opt/airflow/dags/data/BILLSTATUS-118-hconres.zip for tasks to queue
[2024-04-06T21:42:54.124+0000] {logging_mixin.py:188} INFO - [2024-04-06T21:42:54.124+0000] {dagbag.py:540} INFO - Filling up the DagBag from /opt/airflow/dags/data/BILLSTATUS-118-hconres.zip
[2024-04-06T21:42:54.127+0000] {processor.py:842} WARNING - No viable dags retrieved from /opt/airflow/dags/data/BILLSTATUS-118-hconres.zip
[2024-04-06T21:42:54.135+0000] {processor.py:183} INFO - Processing /opt/airflow/dags/data/BILLSTATUS-118-hconres.zip took 0.016 seconds
[2024-04-06T21:43:25.665+0000] {processor.py:161} INFO - Started process (PID=229) to work on /opt/airflow/dags/data/BILLSTATUS-118-hconres.zip
[2024-04-06T21:43:25.666+0000] {processor.py:830} INFO - Processing file /opt/airflow/dags/data/BILLSTATUS-118-hconres.zip for tasks to queue
[2024-04-06T21:43:25.667+0000] {logging_mixin.py:188} INFO - [2024-04-06T21:43:25.667+0000] {dagbag.py:540} INFO - Filling up the DagBag from /opt/airflow/dags/data/BILLSTATUS-118-hconres.zip
[2024-04-06T21:43:25.670+0000] {processor.py:842} WARNING - No viable dags retrieved from /opt/airflow/dags/data/BILLSTATUS-118-hconres.zip
[2024-04-06T21:43:25.679+0000] {processor.py:183} INFO - Processing /opt/airflow/dags/data/BILLSTATUS-118-hconres.zip took 0.017 seconds
[2024-04-06T21:43:57.213+0000] {processor.py:161} INFO - Started process (PID=246) to work on /opt/airflow/dags/data/BILLSTATUS-118-hconres.zip
[2024-04-06T21:43:57.214+0000] {processor.py:830} INFO - Processing file /opt/airflow/dags/data/BILLSTATUS-118-hconres.zip for tasks to queue
[2024-04-06T21:43:57.216+0000] {logging_mixin.py:188} INFO - [2024-04-06T21:43:57.215+0000] {dagbag.py:540} INFO - Filling up the DagBag from /opt/airflow/dags/data/BILLSTATUS-118-hconres.zip
[2024-04-06T21:43:57.220+0000] {processor.py:842} WARNING - No viable dags retrieved from /opt/airflow/dags/data/BILLSTATUS-118-hconres.zip
[2024-04-06T21:43:57.235+0000] {processor.py:183} INFO - Processing /opt/airflow/dags/data/BILLSTATUS-118-hconres.zip took 0.024 seconds
[2024-04-06T21:44:28.647+0000] {processor.py:161} INFO - Started process (PID=268) to work on /opt/airflow/dags/data/BILLSTATUS-118-hconres.zip
[2024-04-06T21:44:28.648+0000] {processor.py:830} INFO - Processing file /opt/airflow/dags/data/BILLSTATUS-118-hconres.zip for tasks to queue
[2024-04-06T21:44:28.650+0000] {logging_mixin.py:188} INFO - [2024-04-06T21:44:28.649+0000] {dagbag.py:540} INFO - Filling up the DagBag from /opt/airflow/dags/data/BILLSTATUS-118-hconres.zip
[2024-04-06T21:44:28.653+0000] {processor.py:842} WARNING - No viable dags retrieved from /opt/airflow/dags/data/BILLSTATUS-118-hconres.zip
[2024-04-06T21:44:28.662+0000] {processor.py:183} INFO - Processing /opt/airflow/dags/data/BILLSTATUS-118-hconres.zip took 0.017 seconds
[2024-04-06T21:45:00.306+0000] {processor.py:161} INFO - Started process (PID=284) to work on /opt/airflow/dags/data/BILLSTATUS-118-hconres.zip
[2024-04-06T21:45:00.306+0000] {processor.py:830} INFO - Processing file /opt/airflow/dags/data/BILLSTATUS-118-hconres.zip for tasks to queue
[2024-04-06T21:45:00.308+0000] {logging_mixin.py:188} INFO - [2024-04-06T21:45:00.308+0000] {dagbag.py:540} INFO - Filling up the DagBag from /opt/airflow/dags/data/BILLSTATUS-118-hconres.zip
[2024-04-06T21:45:00.311+0000] {processor.py:842} WARNING - No viable dags retrieved from /opt/airflow/dags/data/BILLSTATUS-118-hconres.zip
[2024-04-06T21:45:00.322+0000] {processor.py:183} INFO - Processing /opt/airflow/dags/data/BILLSTATUS-118-hconres.zip took 0.018 seconds
[2024-04-06T21:45:31.764+0000] {processor.py:161} INFO - Started process (PID=300) to work on /opt/airflow/dags/data/BILLSTATUS-118-hconres.zip
[2024-04-06T21:45:31.764+0000] {processor.py:830} INFO - Processing file /opt/airflow/dags/data/BILLSTATUS-118-hconres.zip for tasks to queue
[2024-04-06T21:45:31.766+0000] {logging_mixin.py:188} INFO - [2024-04-06T21:45:31.766+0000] {dagbag.py:540} INFO - Filling up the DagBag from /opt/airflow/dags/data/BILLSTATUS-118-hconres.zip
[2024-04-06T21:45:31.769+0000] {processor.py:842} WARNING - No viable dags retrieved from /opt/airflow/dags/data/BILLSTATUS-118-hconres.zip
[2024-04-06T21:45:31.779+0000] {processor.py:183} INFO - Processing /opt/airflow/dags/data/BILLSTATUS-118-hconres.zip took 0.018 seconds
[2024-04-06T21:46:03.140+0000] {processor.py:161} INFO - Started process (PID=316) to work on /opt/airflow/dags/data/BILLSTATUS-118-hconres.zip
[2024-04-06T21:46:03.140+0000] {processor.py:830} INFO - Processing file /opt/airflow/dags/data/BILLSTATUS-118-hconres.zip for tasks to queue
[2024-04-06T21:46:03.142+0000] {logging_mixin.py:188} INFO - [2024-04-06T21:46:03.142+0000] {dagbag.py:540} INFO - Filling up the DagBag from /opt/airflow/dags/data/BILLSTATUS-118-hconres.zip
[2024-04-06T21:46:03.144+0000] {processor.py:842} WARNING - No viable dags retrieved from /opt/airflow/dags/data/BILLSTATUS-118-hconres.zip
[2024-04-06T21:46:03.154+0000] {processor.py:183} INFO - Processing /opt/airflow/dags/data/BILLSTATUS-118-hconres.zip took 0.017 seconds
[2024-04-06T21:46:34.503+0000] {processor.py:161} INFO - Started process (PID=332) to work on /opt/airflow/dags/data/BILLSTATUS-118-hconres.zip
[2024-04-06T21:46:34.504+0000] {processor.py:830} INFO - Processing file /opt/airflow/dags/data/BILLSTATUS-118-hconres.zip for tasks to queue
[2024-04-06T21:46:34.506+0000] {logging_mixin.py:188} INFO - [2024-04-06T21:46:34.506+0000] {dagbag.py:540} INFO - Filling up the DagBag from /opt/airflow/dags/data/BILLSTATUS-118-hconres.zip
[2024-04-06T21:46:34.509+0000] {processor.py:842} WARNING - No viable dags retrieved from /opt/airflow/dags/data/BILLSTATUS-118-hconres.zip
[2024-04-06T21:46:34.520+0000] {processor.py:183} INFO - Processing /opt/airflow/dags/data/BILLSTATUS-118-hconres.zip took 0.019 seconds
[2024-04-06T21:47:05.876+0000] {processor.py:161} INFO - Started process (PID=348) to work on /opt/airflow/dags/data/BILLSTATUS-118-hconres.zip
[2024-04-06T21:47:05.876+0000] {processor.py:830} INFO - Processing file /opt/airflow/dags/data/BILLSTATUS-118-hconres.zip for tasks to queue
[2024-04-06T21:47:05.878+0000] {logging_mixin.py:188} INFO - [2024-04-06T21:47:05.878+0000] {dagbag.py:540} INFO - Filling up the DagBag from /opt/airflow/dags/data/BILLSTATUS-118-hconres.zip
[2024-04-06T21:47:05.880+0000] {processor.py:842} WARNING - No viable dags retrieved from /opt/airflow/dags/data/BILLSTATUS-118-hconres.zip
[2024-04-06T21:47:05.889+0000] {processor.py:183} INFO - Processing /opt/airflow/dags/data/BILLSTATUS-118-hconres.zip took 0.016 seconds
[2024-04-06T21:47:37.045+0000] {processor.py:161} INFO - Started process (PID=364) to work on /opt/airflow/dags/data/BILLSTATUS-118-hconres.zip
[2024-04-06T21:47:37.046+0000] {processor.py:830} INFO - Processing file /opt/airflow/dags/data/BILLSTATUS-118-hconres.zip for tasks to queue
[2024-04-06T21:47:37.047+0000] {logging_mixin.py:188} INFO - [2024-04-06T21:47:37.047+0000] {dagbag.py:540} INFO - Filling up the DagBag from /opt/airflow/dags/data/BILLSTATUS-118-hconres.zip
[2024-04-06T21:47:37.050+0000] {processor.py:842} WARNING - No viable dags retrieved from /opt/airflow/dags/data/BILLSTATUS-118-hconres.zip
[2024-04-06T21:47:37.059+0000] {processor.py:183} INFO - Processing /opt/airflow/dags/data/BILLSTATUS-118-hconres.zip took 0.017 seconds
[2024-04-06T21:48:08.540+0000] {processor.py:161} INFO - Started process (PID=381) to work on /opt/airflow/dags/data/BILLSTATUS-118-hconres.zip
[2024-04-06T21:48:08.541+0000] {processor.py:830} INFO - Processing file /opt/airflow/dags/data/BILLSTATUS-118-hconres.zip for tasks to queue
[2024-04-06T21:48:08.542+0000] {logging_mixin.py:188} INFO - [2024-04-06T21:48:08.542+0000] {dagbag.py:540} INFO - Filling up the DagBag from /opt/airflow/dags/data/BILLSTATUS-118-hconres.zip
[2024-04-06T21:48:08.545+0000] {processor.py:842} WARNING - No viable dags retrieved from /opt/airflow/dags/data/BILLSTATUS-118-hconres.zip
[2024-04-06T21:48:08.554+0000] {processor.py:183} INFO - Processing /opt/airflow/dags/data/BILLSTATUS-118-hconres.zip took 0.017 seconds
[2024-04-06T21:48:39.995+0000] {processor.py:161} INFO - Started process (PID=397) to work on /opt/airflow/dags/data/BILLSTATUS-118-hconres.zip
[2024-04-06T21:48:39.996+0000] {processor.py:830} INFO - Processing file /opt/airflow/dags/data/BILLSTATUS-118-hconres.zip for tasks to queue
[2024-04-06T21:48:39.998+0000] {logging_mixin.py:188} INFO - [2024-04-06T21:48:39.998+0000] {dagbag.py:540} INFO - Filling up the DagBag from /opt/airflow/dags/data/BILLSTATUS-118-hconres.zip
[2024-04-06T21:48:40.001+0000] {processor.py:842} WARNING - No viable dags retrieved from /opt/airflow/dags/data/BILLSTATUS-118-hconres.zip
[2024-04-06T21:48:40.010+0000] {processor.py:183} INFO - Processing /opt/airflow/dags/data/BILLSTATUS-118-hconres.zip took 0.017 seconds
[2024-04-06T21:50:26.684+0000] {processor.py:161} INFO - Started process (PID=35) to work on /opt/airflow/dags/data/BILLSTATUS-118-hconres.zip
[2024-04-06T21:50:26.685+0000] {processor.py:830} INFO - Processing file /opt/airflow/dags/data/BILLSTATUS-118-hconres.zip for tasks to queue
[2024-04-06T21:50:26.687+0000] {logging_mixin.py:188} INFO - [2024-04-06T21:50:26.687+0000] {dagbag.py:540} INFO - Filling up the DagBag from /opt/airflow/dags/data/BILLSTATUS-118-hconres.zip
[2024-04-06T21:50:26.690+0000] {processor.py:842} WARNING - No viable dags retrieved from /opt/airflow/dags/data/BILLSTATUS-118-hconres.zip
[2024-04-06T21:50:26.701+0000] {processor.py:183} INFO - Processing /opt/airflow/dags/data/BILLSTATUS-118-hconres.zip took 0.019 seconds
[2024-04-06T21:50:58.331+0000] {processor.py:161} INFO - Started process (PID=51) to work on /opt/airflow/dags/data/BILLSTATUS-118-hconres.zip
[2024-04-06T21:50:58.332+0000] {processor.py:830} INFO - Processing file /opt/airflow/dags/data/BILLSTATUS-118-hconres.zip for tasks to queue
[2024-04-06T21:50:58.333+0000] {logging_mixin.py:188} INFO - [2024-04-06T21:50:58.333+0000] {dagbag.py:540} INFO - Filling up the DagBag from /opt/airflow/dags/data/BILLSTATUS-118-hconres.zip
[2024-04-06T21:50:58.336+0000] {processor.py:842} WARNING - No viable dags retrieved from /opt/airflow/dags/data/BILLSTATUS-118-hconres.zip
[2024-04-06T21:50:58.346+0000] {processor.py:183} INFO - Processing /opt/airflow/dags/data/BILLSTATUS-118-hconres.zip took 0.017 seconds
[2024-04-06T21:51:29.698+0000] {processor.py:161} INFO - Started process (PID=67) to work on /opt/airflow/dags/data/BILLSTATUS-118-hconres.zip
[2024-04-06T21:51:29.699+0000] {processor.py:830} INFO - Processing file /opt/airflow/dags/data/BILLSTATUS-118-hconres.zip for tasks to queue
[2024-04-06T21:51:29.701+0000] {logging_mixin.py:188} INFO - [2024-04-06T21:51:29.701+0000] {dagbag.py:540} INFO - Filling up the DagBag from /opt/airflow/dags/data/BILLSTATUS-118-hconres.zip
[2024-04-06T21:51:29.704+0000] {processor.py:842} WARNING - No viable dags retrieved from /opt/airflow/dags/data/BILLSTATUS-118-hconres.zip
[2024-04-06T21:51:29.718+0000] {processor.py:183} INFO - Processing /opt/airflow/dags/data/BILLSTATUS-118-hconres.zip took 0.022 seconds
[2024-04-06T21:52:01.107+0000] {processor.py:161} INFO - Started process (PID=83) to work on /opt/airflow/dags/data/BILLSTATUS-118-hconres.zip
[2024-04-06T21:52:01.107+0000] {processor.py:830} INFO - Processing file /opt/airflow/dags/data/BILLSTATUS-118-hconres.zip for tasks to queue
[2024-04-06T21:52:01.109+0000] {logging_mixin.py:188} INFO - [2024-04-06T21:52:01.109+0000] {dagbag.py:540} INFO - Filling up the DagBag from /opt/airflow/dags/data/BILLSTATUS-118-hconres.zip
[2024-04-06T21:52:01.111+0000] {processor.py:842} WARNING - No viable dags retrieved from /opt/airflow/dags/data/BILLSTATUS-118-hconres.zip
[2024-04-06T21:52:01.121+0000] {processor.py:183} INFO - Processing /opt/airflow/dags/data/BILLSTATUS-118-hconres.zip took 0.017 seconds
[2024-04-06T21:52:32.712+0000] {processor.py:161} INFO - Started process (PID=99) to work on /opt/airflow/dags/data/BILLSTATUS-118-hconres.zip
[2024-04-06T21:52:32.713+0000] {processor.py:830} INFO - Processing file /opt/airflow/dags/data/BILLSTATUS-118-hconres.zip for tasks to queue
[2024-04-06T21:52:32.715+0000] {logging_mixin.py:188} INFO - [2024-04-06T21:52:32.715+0000] {dagbag.py:540} INFO - Filling up the DagBag from /opt/airflow/dags/data/BILLSTATUS-118-hconres.zip
[2024-04-06T21:52:32.717+0000] {processor.py:842} WARNING - No viable dags retrieved from /opt/airflow/dags/data/BILLSTATUS-118-hconres.zip
[2024-04-06T21:52:32.729+0000] {processor.py:183} INFO - Processing /opt/airflow/dags/data/BILLSTATUS-118-hconres.zip took 0.019 seconds
[2024-04-06T21:53:04.333+0000] {processor.py:161} INFO - Started process (PID=115) to work on /opt/airflow/dags/data/BILLSTATUS-118-hconres.zip
[2024-04-06T21:53:04.334+0000] {processor.py:830} INFO - Processing file /opt/airflow/dags/data/BILLSTATUS-118-hconres.zip for tasks to queue
[2024-04-06T21:53:04.335+0000] {logging_mixin.py:188} INFO - [2024-04-06T21:53:04.335+0000] {dagbag.py:540} INFO - Filling up the DagBag from /opt/airflow/dags/data/BILLSTATUS-118-hconres.zip
[2024-04-06T21:53:04.338+0000] {processor.py:842} WARNING - No viable dags retrieved from /opt/airflow/dags/data/BILLSTATUS-118-hconres.zip
[2024-04-06T21:53:04.348+0000] {processor.py:183} INFO - Processing /opt/airflow/dags/data/BILLSTATUS-118-hconres.zip took 0.017 seconds
[2024-04-06T21:53:35.805+0000] {processor.py:161} INFO - Started process (PID=132) to work on /opt/airflow/dags/data/BILLSTATUS-118-hconres.zip
[2024-04-06T21:53:35.807+0000] {processor.py:830} INFO - Processing file /opt/airflow/dags/data/BILLSTATUS-118-hconres.zip for tasks to queue
[2024-04-06T21:53:35.810+0000] {logging_mixin.py:188} INFO - [2024-04-06T21:53:35.809+0000] {dagbag.py:540} INFO - Filling up the DagBag from /opt/airflow/dags/data/BILLSTATUS-118-hconres.zip
[2024-04-06T21:53:35.814+0000] {processor.py:842} WARNING - No viable dags retrieved from /opt/airflow/dags/data/BILLSTATUS-118-hconres.zip
[2024-04-06T21:53:35.830+0000] {processor.py:183} INFO - Processing /opt/airflow/dags/data/BILLSTATUS-118-hconres.zip took 0.028 seconds
[2024-04-06T21:54:07.274+0000] {processor.py:161} INFO - Started process (PID=148) to work on /opt/airflow/dags/data/BILLSTATUS-118-hconres.zip
[2024-04-06T21:54:07.275+0000] {processor.py:830} INFO - Processing file /opt/airflow/dags/data/BILLSTATUS-118-hconres.zip for tasks to queue
[2024-04-06T21:54:07.277+0000] {logging_mixin.py:188} INFO - [2024-04-06T21:54:07.277+0000] {dagbag.py:540} INFO - Filling up the DagBag from /opt/airflow/dags/data/BILLSTATUS-118-hconres.zip
[2024-04-06T21:54:07.284+0000] {processor.py:842} WARNING - No viable dags retrieved from /opt/airflow/dags/data/BILLSTATUS-118-hconres.zip
[2024-04-06T21:54:07.297+0000] {processor.py:183} INFO - Processing /opt/airflow/dags/data/BILLSTATUS-118-hconres.zip took 0.026 seconds
[2024-04-06T21:54:38.711+0000] {processor.py:161} INFO - Started process (PID=164) to work on /opt/airflow/dags/data/BILLSTATUS-118-hconres.zip
[2024-04-06T21:54:38.712+0000] {processor.py:830} INFO - Processing file /opt/airflow/dags/data/BILLSTATUS-118-hconres.zip for tasks to queue
[2024-04-06T21:54:38.713+0000] {logging_mixin.py:188} INFO - [2024-04-06T21:54:38.713+0000] {dagbag.py:540} INFO - Filling up the DagBag from /opt/airflow/dags/data/BILLSTATUS-118-hconres.zip
[2024-04-06T21:54:38.716+0000] {processor.py:842} WARNING - No viable dags retrieved from /opt/airflow/dags/data/BILLSTATUS-118-hconres.zip
[2024-04-06T21:54:38.729+0000] {processor.py:183} INFO - Processing /opt/airflow/dags/data/BILLSTATUS-118-hconres.zip took 0.020 seconds
[2024-04-06T21:55:48.954+0000] {processor.py:161} INFO - Started process (PID=35) to work on /opt/airflow/dags/data/BILLSTATUS-118-hconres.zip
[2024-04-06T21:55:48.955+0000] {processor.py:830} INFO - Processing file /opt/airflow/dags/data/BILLSTATUS-118-hconres.zip for tasks to queue
[2024-04-06T21:55:48.959+0000] {logging_mixin.py:188} INFO - [2024-04-06T21:55:48.958+0000] {dagbag.py:540} INFO - Filling up the DagBag from /opt/airflow/dags/data/BILLSTATUS-118-hconres.zip
[2024-04-06T21:55:48.964+0000] {processor.py:842} WARNING - No viable dags retrieved from /opt/airflow/dags/data/BILLSTATUS-118-hconres.zip
[2024-04-06T21:55:48.980+0000] {processor.py:183} INFO - Processing /opt/airflow/dags/data/BILLSTATUS-118-hconres.zip took 0.031 seconds
[2024-04-06T21:56:20.080+0000] {processor.py:161} INFO - Started process (PID=51) to work on /opt/airflow/dags/data/BILLSTATUS-118-hconres.zip
[2024-04-06T21:56:20.081+0000] {processor.py:830} INFO - Processing file /opt/airflow/dags/data/BILLSTATUS-118-hconres.zip for tasks to queue
[2024-04-06T21:56:20.083+0000] {logging_mixin.py:188} INFO - [2024-04-06T21:56:20.082+0000] {dagbag.py:540} INFO - Filling up the DagBag from /opt/airflow/dags/data/BILLSTATUS-118-hconres.zip
[2024-04-06T21:56:20.086+0000] {processor.py:842} WARNING - No viable dags retrieved from /opt/airflow/dags/data/BILLSTATUS-118-hconres.zip
[2024-04-06T21:56:20.098+0000] {processor.py:183} INFO - Processing /opt/airflow/dags/data/BILLSTATUS-118-hconres.zip took 0.020 seconds
[2024-04-06T21:56:51.523+0000] {processor.py:161} INFO - Started process (PID=67) to work on /opt/airflow/dags/data/BILLSTATUS-118-hconres.zip
[2024-04-06T21:56:51.524+0000] {processor.py:830} INFO - Processing file /opt/airflow/dags/data/BILLSTATUS-118-hconres.zip for tasks to queue
[2024-04-06T21:56:51.526+0000] {logging_mixin.py:188} INFO - [2024-04-06T21:56:51.525+0000] {dagbag.py:540} INFO - Filling up the DagBag from /opt/airflow/dags/data/BILLSTATUS-118-hconres.zip
[2024-04-06T21:56:51.528+0000] {processor.py:842} WARNING - No viable dags retrieved from /opt/airflow/dags/data/BILLSTATUS-118-hconres.zip
[2024-04-06T21:56:51.539+0000] {processor.py:183} INFO - Processing /opt/airflow/dags/data/BILLSTATUS-118-hconres.zip took 0.018 seconds
[2024-04-06T21:57:22.979+0000] {processor.py:161} INFO - Started process (PID=83) to work on /opt/airflow/dags/data/BILLSTATUS-118-hconres.zip
[2024-04-06T21:57:22.980+0000] {processor.py:830} INFO - Processing file /opt/airflow/dags/data/BILLSTATUS-118-hconres.zip for tasks to queue
[2024-04-06T21:57:22.981+0000] {logging_mixin.py:188} INFO - [2024-04-06T21:57:22.981+0000] {dagbag.py:540} INFO - Filling up the DagBag from /opt/airflow/dags/data/BILLSTATUS-118-hconres.zip
[2024-04-06T21:57:22.984+0000] {processor.py:842} WARNING - No viable dags retrieved from /opt/airflow/dags/data/BILLSTATUS-118-hconres.zip
[2024-04-06T21:57:22.994+0000] {processor.py:183} INFO - Processing /opt/airflow/dags/data/BILLSTATUS-118-hconres.zip took 0.017 seconds
[2024-04-06T21:57:54.368+0000] {processor.py:161} INFO - Started process (PID=99) to work on /opt/airflow/dags/data/BILLSTATUS-118-hconres.zip
[2024-04-06T21:57:54.370+0000] {processor.py:830} INFO - Processing file /opt/airflow/dags/data/BILLSTATUS-118-hconres.zip for tasks to queue
[2024-04-06T21:57:54.372+0000] {logging_mixin.py:188} INFO - [2024-04-06T21:57:54.372+0000] {dagbag.py:540} INFO - Filling up the DagBag from /opt/airflow/dags/data/BILLSTATUS-118-hconres.zip
[2024-04-06T21:57:54.375+0000] {processor.py:842} WARNING - No viable dags retrieved from /opt/airflow/dags/data/BILLSTATUS-118-hconres.zip
[2024-04-06T21:57:54.387+0000] {processor.py:183} INFO - Processing /opt/airflow/dags/data/BILLSTATUS-118-hconres.zip took 0.023 seconds
[2024-04-06T21:58:25.161+0000] {processor.py:161} INFO - Started process (PID=115) to work on /opt/airflow/dags/data/BILLSTATUS-118-hconres.zip
[2024-04-06T21:58:25.162+0000] {processor.py:830} INFO - Processing file /opt/airflow/dags/data/BILLSTATUS-118-hconres.zip for tasks to queue
[2024-04-06T21:58:25.163+0000] {logging_mixin.py:188} INFO - [2024-04-06T21:58:25.163+0000] {dagbag.py:540} INFO - Filling up the DagBag from /opt/airflow/dags/data/BILLSTATUS-118-hconres.zip
[2024-04-06T21:58:25.166+0000] {processor.py:842} WARNING - No viable dags retrieved from /opt/airflow/dags/data/BILLSTATUS-118-hconres.zip
[2024-04-06T21:58:25.176+0000] {processor.py:183} INFO - Processing /opt/airflow/dags/data/BILLSTATUS-118-hconres.zip took 0.017 seconds
[2024-04-06T21:58:56.526+0000] {processor.py:161} INFO - Started process (PID=131) to work on /opt/airflow/dags/data/BILLSTATUS-118-hconres.zip
[2024-04-06T21:58:56.527+0000] {processor.py:830} INFO - Processing file /opt/airflow/dags/data/BILLSTATUS-118-hconres.zip for tasks to queue
[2024-04-06T21:58:56.528+0000] {logging_mixin.py:188} INFO - [2024-04-06T21:58:56.528+0000] {dagbag.py:540} INFO - Filling up the DagBag from /opt/airflow/dags/data/BILLSTATUS-118-hconres.zip
[2024-04-06T21:58:56.531+0000] {processor.py:842} WARNING - No viable dags retrieved from /opt/airflow/dags/data/BILLSTATUS-118-hconres.zip
[2024-04-06T21:58:56.539+0000] {processor.py:183} INFO - Processing /opt/airflow/dags/data/BILLSTATUS-118-hconres.zip took 0.016 seconds
[2024-04-06T21:59:27.912+0000] {processor.py:161} INFO - Started process (PID=147) to work on /opt/airflow/dags/data/BILLSTATUS-118-hconres.zip
[2024-04-06T21:59:27.913+0000] {processor.py:830} INFO - Processing file /opt/airflow/dags/data/BILLSTATUS-118-hconres.zip for tasks to queue
[2024-04-06T21:59:27.915+0000] {logging_mixin.py:188} INFO - [2024-04-06T21:59:27.915+0000] {dagbag.py:540} INFO - Filling up the DagBag from /opt/airflow/dags/data/BILLSTATUS-118-hconres.zip
[2024-04-06T21:59:27.917+0000] {processor.py:842} WARNING - No viable dags retrieved from /opt/airflow/dags/data/BILLSTATUS-118-hconres.zip
[2024-04-06T21:59:27.928+0000] {processor.py:183} INFO - Processing /opt/airflow/dags/data/BILLSTATUS-118-hconres.zip took 0.018 seconds
[2024-04-06T21:59:59.369+0000] {processor.py:161} INFO - Started process (PID=163) to work on /opt/airflow/dags/data/BILLSTATUS-118-hconres.zip
[2024-04-06T21:59:59.370+0000] {processor.py:830} INFO - Processing file /opt/airflow/dags/data/BILLSTATUS-118-hconres.zip for tasks to queue
[2024-04-06T21:59:59.371+0000] {logging_mixin.py:188} INFO - [2024-04-06T21:59:59.371+0000] {dagbag.py:540} INFO - Filling up the DagBag from /opt/airflow/dags/data/BILLSTATUS-118-hconres.zip
[2024-04-06T21:59:59.374+0000] {processor.py:842} WARNING - No viable dags retrieved from /opt/airflow/dags/data/BILLSTATUS-118-hconres.zip
[2024-04-06T21:59:59.383+0000] {processor.py:183} INFO - Processing /opt/airflow/dags/data/BILLSTATUS-118-hconres.zip took 0.016 seconds
[2024-04-06T22:00:30.700+0000] {processor.py:161} INFO - Started process (PID=179) to work on /opt/airflow/dags/data/BILLSTATUS-118-hconres.zip
[2024-04-06T22:00:30.701+0000] {processor.py:830} INFO - Processing file /opt/airflow/dags/data/BILLSTATUS-118-hconres.zip for tasks to queue
[2024-04-06T22:00:30.702+0000] {logging_mixin.py:188} INFO - [2024-04-06T22:00:30.702+0000] {dagbag.py:540} INFO - Filling up the DagBag from /opt/airflow/dags/data/BILLSTATUS-118-hconres.zip
[2024-04-06T22:00:30.705+0000] {processor.py:842} WARNING - No viable dags retrieved from /opt/airflow/dags/data/BILLSTATUS-118-hconres.zip
[2024-04-06T22:00:30.713+0000] {processor.py:183} INFO - Processing /opt/airflow/dags/data/BILLSTATUS-118-hconres.zip took 0.016 seconds
[2024-04-06T22:01:01.694+0000] {processor.py:161} INFO - Started process (PID=201) to work on /opt/airflow/dags/data/BILLSTATUS-118-hconres.zip
[2024-04-06T22:01:01.696+0000] {processor.py:830} INFO - Processing file /opt/airflow/dags/data/BILLSTATUS-118-hconres.zip for tasks to queue
[2024-04-06T22:01:01.697+0000] {logging_mixin.py:188} INFO - [2024-04-06T22:01:01.697+0000] {dagbag.py:540} INFO - Filling up the DagBag from /opt/airflow/dags/data/BILLSTATUS-118-hconres.zip
[2024-04-06T22:01:01.700+0000] {processor.py:842} WARNING - No viable dags retrieved from /opt/airflow/dags/data/BILLSTATUS-118-hconres.zip
[2024-04-06T22:01:01.710+0000] {processor.py:183} INFO - Processing /opt/airflow/dags/data/BILLSTATUS-118-hconres.zip took 0.018 seconds
[2024-04-06T22:01:32.621+0000] {processor.py:161} INFO - Started process (PID=224) to work on /opt/airflow/dags/data/BILLSTATUS-118-hconres.zip
[2024-04-06T22:01:32.622+0000] {processor.py:830} INFO - Processing file /opt/airflow/dags/data/BILLSTATUS-118-hconres.zip for tasks to queue
[2024-04-06T22:01:32.624+0000] {logging_mixin.py:188} INFO - [2024-04-06T22:01:32.624+0000] {dagbag.py:540} INFO - Filling up the DagBag from /opt/airflow/dags/data/BILLSTATUS-118-hconres.zip
[2024-04-06T22:01:32.627+0000] {processor.py:842} WARNING - No viable dags retrieved from /opt/airflow/dags/data/BILLSTATUS-118-hconres.zip
[2024-04-06T22:01:32.638+0000] {processor.py:183} INFO - Processing /opt/airflow/dags/data/BILLSTATUS-118-hconres.zip took 0.019 seconds
[2024-04-06T22:02:04.239+0000] {processor.py:161} INFO - Started process (PID=247) to work on /opt/airflow/dags/data/BILLSTATUS-118-hconres.zip
[2024-04-06T22:02:04.240+0000] {processor.py:830} INFO - Processing file /opt/airflow/dags/data/BILLSTATUS-118-hconres.zip for tasks to queue
[2024-04-06T22:02:04.242+0000] {logging_mixin.py:188} INFO - [2024-04-06T22:02:04.241+0000] {dagbag.py:540} INFO - Filling up the DagBag from /opt/airflow/dags/data/BILLSTATUS-118-hconres.zip
[2024-04-06T22:02:04.244+0000] {processor.py:842} WARNING - No viable dags retrieved from /opt/airflow/dags/data/BILLSTATUS-118-hconres.zip
[2024-04-06T22:02:04.254+0000] {processor.py:183} INFO - Processing /opt/airflow/dags/data/BILLSTATUS-118-hconres.zip took 0.017 seconds
[2024-04-06T22:02:35.684+0000] {processor.py:161} INFO - Started process (PID=270) to work on /opt/airflow/dags/data/BILLSTATUS-118-hconres.zip
[2024-04-06T22:02:35.686+0000] {processor.py:830} INFO - Processing file /opt/airflow/dags/data/BILLSTATUS-118-hconres.zip for tasks to queue
[2024-04-06T22:02:35.688+0000] {logging_mixin.py:188} INFO - [2024-04-06T22:02:35.687+0000] {dagbag.py:540} INFO - Filling up the DagBag from /opt/airflow/dags/data/BILLSTATUS-118-hconres.zip
[2024-04-06T22:02:35.691+0000] {processor.py:842} WARNING - No viable dags retrieved from /opt/airflow/dags/data/BILLSTATUS-118-hconres.zip
[2024-04-06T22:02:35.702+0000] {processor.py:183} INFO - Processing /opt/airflow/dags/data/BILLSTATUS-118-hconres.zip took 0.020 seconds
[2024-04-06T22:03:07.109+0000] {processor.py:161} INFO - Started process (PID=293) to work on /opt/airflow/dags/data/BILLSTATUS-118-hconres.zip
[2024-04-06T22:03:07.109+0000] {processor.py:830} INFO - Processing file /opt/airflow/dags/data/BILLSTATUS-118-hconres.zip for tasks to queue
[2024-04-06T22:03:07.111+0000] {logging_mixin.py:188} INFO - [2024-04-06T22:03:07.111+0000] {dagbag.py:540} INFO - Filling up the DagBag from /opt/airflow/dags/data/BILLSTATUS-118-hconres.zip
[2024-04-06T22:03:07.114+0000] {processor.py:842} WARNING - No viable dags retrieved from /opt/airflow/dags/data/BILLSTATUS-118-hconres.zip
[2024-04-06T22:03:07.122+0000] {processor.py:183} INFO - Processing /opt/airflow/dags/data/BILLSTATUS-118-hconres.zip took 0.016 seconds
[2024-04-06T22:03:38.503+0000] {processor.py:161} INFO - Started process (PID=321) to work on /opt/airflow/dags/data/BILLSTATUS-118-hconres.zip
[2024-04-06T22:03:38.504+0000] {processor.py:830} INFO - Processing file /opt/airflow/dags/data/BILLSTATUS-118-hconres.zip for tasks to queue
[2024-04-06T22:03:38.506+0000] {logging_mixin.py:188} INFO - [2024-04-06T22:03:38.505+0000] {dagbag.py:540} INFO - Filling up the DagBag from /opt/airflow/dags/data/BILLSTATUS-118-hconres.zip
[2024-04-06T22:03:38.508+0000] {processor.py:842} WARNING - No viable dags retrieved from /opt/airflow/dags/data/BILLSTATUS-118-hconres.zip
[2024-04-06T22:03:38.517+0000] {processor.py:183} INFO - Processing /opt/airflow/dags/data/BILLSTATUS-118-hconres.zip took 0.016 seconds
[2024-04-06T22:04:09.921+0000] {processor.py:161} INFO - Started process (PID=344) to work on /opt/airflow/dags/data/BILLSTATUS-118-hconres.zip
[2024-04-06T22:04:09.922+0000] {processor.py:830} INFO - Processing file /opt/airflow/dags/data/BILLSTATUS-118-hconres.zip for tasks to queue
[2024-04-06T22:04:09.924+0000] {logging_mixin.py:188} INFO - [2024-04-06T22:04:09.924+0000] {dagbag.py:540} INFO - Filling up the DagBag from /opt/airflow/dags/data/BILLSTATUS-118-hconres.zip
[2024-04-06T22:04:09.927+0000] {processor.py:842} WARNING - No viable dags retrieved from /opt/airflow/dags/data/BILLSTATUS-118-hconres.zip
[2024-04-06T22:04:09.938+0000] {processor.py:183} INFO - Processing /opt/airflow/dags/data/BILLSTATUS-118-hconres.zip took 0.020 seconds
[2024-04-06T22:04:40.813+0000] {processor.py:161} INFO - Started process (PID=366) to work on /opt/airflow/dags/data/BILLSTATUS-118-hconres.zip
[2024-04-06T22:04:40.814+0000] {processor.py:830} INFO - Processing file /opt/airflow/dags/data/BILLSTATUS-118-hconres.zip for tasks to queue
[2024-04-06T22:04:40.816+0000] {logging_mixin.py:188} INFO - [2024-04-06T22:04:40.815+0000] {dagbag.py:540} INFO - Filling up the DagBag from /opt/airflow/dags/data/BILLSTATUS-118-hconres.zip
[2024-04-06T22:04:40.819+0000] {processor.py:842} WARNING - No viable dags retrieved from /opt/airflow/dags/data/BILLSTATUS-118-hconres.zip
[2024-04-06T22:04:40.829+0000] {processor.py:183} INFO - Processing /opt/airflow/dags/data/BILLSTATUS-118-hconres.zip took 0.020 seconds
[2024-04-06T22:05:11.407+0000] {processor.py:161} INFO - Started process (PID=389) to work on /opt/airflow/dags/data/BILLSTATUS-118-hconres.zip
[2024-04-06T22:05:11.408+0000] {processor.py:830} INFO - Processing file /opt/airflow/dags/data/BILLSTATUS-118-hconres.zip for tasks to queue
[2024-04-06T22:05:11.410+0000] {logging_mixin.py:188} INFO - [2024-04-06T22:05:11.409+0000] {dagbag.py:540} INFO - Filling up the DagBag from /opt/airflow/dags/data/BILLSTATUS-118-hconres.zip
[2024-04-06T22:05:11.412+0000] {processor.py:842} WARNING - No viable dags retrieved from /opt/airflow/dags/data/BILLSTATUS-118-hconres.zip
[2024-04-06T22:05:11.421+0000] {processor.py:183} INFO - Processing /opt/airflow/dags/data/BILLSTATUS-118-hconres.zip took 0.017 seconds
[2024-04-06T22:05:43.068+0000] {processor.py:161} INFO - Started process (PID=412) to work on /opt/airflow/dags/data/BILLSTATUS-118-hconres.zip
[2024-04-06T22:05:43.069+0000] {processor.py:830} INFO - Processing file /opt/airflow/dags/data/BILLSTATUS-118-hconres.zip for tasks to queue
[2024-04-06T22:05:43.070+0000] {logging_mixin.py:188} INFO - [2024-04-06T22:05:43.070+0000] {dagbag.py:540} INFO - Filling up the DagBag from /opt/airflow/dags/data/BILLSTATUS-118-hconres.zip
[2024-04-06T22:05:43.073+0000] {processor.py:842} WARNING - No viable dags retrieved from /opt/airflow/dags/data/BILLSTATUS-118-hconres.zip
[2024-04-06T22:05:43.096+0000] {processor.py:183} INFO - Processing /opt/airflow/dags/data/BILLSTATUS-118-hconres.zip took 0.031 seconds
[2024-04-06T22:06:14.259+0000] {processor.py:161} INFO - Started process (PID=436) to work on /opt/airflow/dags/data/BILLSTATUS-118-hconres.zip
[2024-04-06T22:06:14.260+0000] {processor.py:830} INFO - Processing file /opt/airflow/dags/data/BILLSTATUS-118-hconres.zip for tasks to queue
[2024-04-06T22:06:14.262+0000] {logging_mixin.py:188} INFO - [2024-04-06T22:06:14.262+0000] {dagbag.py:540} INFO - Filling up the DagBag from /opt/airflow/dags/data/BILLSTATUS-118-hconres.zip
[2024-04-06T22:06:14.265+0000] {processor.py:842} WARNING - No viable dags retrieved from /opt/airflow/dags/data/BILLSTATUS-118-hconres.zip
[2024-04-06T22:06:14.274+0000] {processor.py:183} INFO - Processing /opt/airflow/dags/data/BILLSTATUS-118-hconres.zip took 0.017 seconds
[2024-04-06T22:07:28.940+0000] {processor.py:161} INFO - Started process (PID=39) to work on /opt/airflow/dags/data/BILLSTATUS-118-hconres.zip
[2024-04-06T22:07:28.941+0000] {processor.py:830} INFO - Processing file /opt/airflow/dags/data/BILLSTATUS-118-hconres.zip for tasks to queue
[2024-04-06T22:07:28.943+0000] {logging_mixin.py:188} INFO - [2024-04-06T22:07:28.943+0000] {dagbag.py:540} INFO - Filling up the DagBag from /opt/airflow/dags/data/BILLSTATUS-118-hconres.zip
[2024-04-06T22:07:28.946+0000] {processor.py:842} WARNING - No viable dags retrieved from /opt/airflow/dags/data/BILLSTATUS-118-hconres.zip
[2024-04-06T22:07:28.959+0000] {processor.py:183} INFO - Processing /opt/airflow/dags/data/BILLSTATUS-118-hconres.zip took 0.022 seconds
[2024-04-06T22:07:59.876+0000] {processor.py:161} INFO - Started process (PID=73) to work on /opt/airflow/dags/data/BILLSTATUS-118-hconres.zip
[2024-04-06T22:07:59.877+0000] {processor.py:830} INFO - Processing file /opt/airflow/dags/data/BILLSTATUS-118-hconres.zip for tasks to queue
[2024-04-06T22:07:59.877+0000] {logging_mixin.py:188} INFO - [2024-04-06T22:07:59.877+0000] {dagbag.py:540} INFO - Filling up the DagBag from /opt/airflow/dags/data/BILLSTATUS-118-hconres.zip
[2024-04-06T22:07:59.880+0000] {processor.py:842} WARNING - No viable dags retrieved from /opt/airflow/dags/data/BILLSTATUS-118-hconres.zip
[2024-04-06T22:07:59.889+0000] {processor.py:183} INFO - Processing /opt/airflow/dags/data/BILLSTATUS-118-hconres.zip took 0.015 seconds
[2024-04-06T22:08:31.393+0000] {processor.py:161} INFO - Started process (PID=118) to work on /opt/airflow/dags/data/BILLSTATUS-118-hconres.zip
[2024-04-06T22:08:31.395+0000] {processor.py:830} INFO - Processing file /opt/airflow/dags/data/BILLSTATUS-118-hconres.zip for tasks to queue
[2024-04-06T22:08:31.397+0000] {logging_mixin.py:188} INFO - [2024-04-06T22:08:31.397+0000] {dagbag.py:540} INFO - Filling up the DagBag from /opt/airflow/dags/data/BILLSTATUS-118-hconres.zip
[2024-04-06T22:08:31.404+0000] {processor.py:842} WARNING - No viable dags retrieved from /opt/airflow/dags/data/BILLSTATUS-118-hconres.zip
[2024-04-06T22:08:31.423+0000] {processor.py:183} INFO - Processing /opt/airflow/dags/data/BILLSTATUS-118-hconres.zip took 0.032 seconds
[2024-04-06T22:09:02.666+0000] {processor.py:161} INFO - Started process (PID=152) to work on /opt/airflow/dags/data/BILLSTATUS-118-hconres.zip
[2024-04-06T22:09:02.669+0000] {processor.py:830} INFO - Processing file /opt/airflow/dags/data/BILLSTATUS-118-hconres.zip for tasks to queue
[2024-04-06T22:09:02.670+0000] {logging_mixin.py:188} INFO - [2024-04-06T22:09:02.670+0000] {dagbag.py:540} INFO - Filling up the DagBag from /opt/airflow/dags/data/BILLSTATUS-118-hconres.zip
[2024-04-06T22:09:02.678+0000] {processor.py:842} WARNING - No viable dags retrieved from /opt/airflow/dags/data/BILLSTATUS-118-hconres.zip
[2024-04-06T22:09:02.695+0000] {processor.py:183} INFO - Processing /opt/airflow/dags/data/BILLSTATUS-118-hconres.zip took 0.032 seconds
[2024-04-06T22:09:34.234+0000] {processor.py:161} INFO - Started process (PID=174) to work on /opt/airflow/dags/data/BILLSTATUS-118-hconres.zip
[2024-04-06T22:09:34.235+0000] {processor.py:830} INFO - Processing file /opt/airflow/dags/data/BILLSTATUS-118-hconres.zip for tasks to queue
[2024-04-06T22:09:34.236+0000] {logging_mixin.py:188} INFO - [2024-04-06T22:09:34.236+0000] {dagbag.py:540} INFO - Filling up the DagBag from /opt/airflow/dags/data/BILLSTATUS-118-hconres.zip
[2024-04-06T22:09:34.238+0000] {processor.py:842} WARNING - No viable dags retrieved from /opt/airflow/dags/data/BILLSTATUS-118-hconres.zip
[2024-04-06T22:09:34.250+0000] {processor.py:183} INFO - Processing /opt/airflow/dags/data/BILLSTATUS-118-hconres.zip took 0.018 seconds
[2024-04-06T22:10:05.627+0000] {processor.py:161} INFO - Started process (PID=195) to work on /opt/airflow/dags/data/BILLSTATUS-118-hconres.zip
[2024-04-06T22:10:05.628+0000] {processor.py:830} INFO - Processing file /opt/airflow/dags/data/BILLSTATUS-118-hconres.zip for tasks to queue
[2024-04-06T22:10:05.628+0000] {logging_mixin.py:188} INFO - [2024-04-06T22:10:05.628+0000] {dagbag.py:540} INFO - Filling up the DagBag from /opt/airflow/dags/data/BILLSTATUS-118-hconres.zip
[2024-04-06T22:10:05.631+0000] {processor.py:842} WARNING - No viable dags retrieved from /opt/airflow/dags/data/BILLSTATUS-118-hconres.zip
[2024-04-06T22:10:05.641+0000] {processor.py:183} INFO - Processing /opt/airflow/dags/data/BILLSTATUS-118-hconres.zip took 0.016 seconds
[2024-04-06T22:10:37.075+0000] {processor.py:161} INFO - Started process (PID=217) to work on /opt/airflow/dags/data/BILLSTATUS-118-hconres.zip
[2024-04-06T22:10:37.076+0000] {processor.py:830} INFO - Processing file /opt/airflow/dags/data/BILLSTATUS-118-hconres.zip for tasks to queue
[2024-04-06T22:10:37.077+0000] {logging_mixin.py:188} INFO - [2024-04-06T22:10:37.076+0000] {dagbag.py:540} INFO - Filling up the DagBag from /opt/airflow/dags/data/BILLSTATUS-118-hconres.zip
[2024-04-06T22:10:37.079+0000] {processor.py:842} WARNING - No viable dags retrieved from /opt/airflow/dags/data/BILLSTATUS-118-hconres.zip
[2024-04-06T22:10:37.089+0000] {processor.py:183} INFO - Processing /opt/airflow/dags/data/BILLSTATUS-118-hconres.zip took 0.017 seconds
