[2024-04-06T21:34:41.338+0000] {processor.py:161} INFO - Started process (PID=399) to work on /opt/airflow/dags/data/BILLSTATUS-118-sres.zip
[2024-04-06T21:34:41.339+0000] {processor.py:830} INFO - Processing file /opt/airflow/dags/data/BILLSTATUS-118-sres.zip for tasks to queue
[2024-04-06T21:34:41.341+0000] {logging_mixin.py:188} INFO - [2024-04-06T21:34:41.340+0000] {dagbag.py:540} INFO - Filling up the DagBag from /opt/airflow/dags/data/BILLSTATUS-118-sres.zip
[2024-04-06T21:34:41.346+0000] {processor.py:842} WARNING - No viable dags retrieved from /opt/airflow/dags/data/BILLSTATUS-118-sres.zip
[2024-04-06T21:34:41.355+0000] {processor.py:183} INFO - Processing /opt/airflow/dags/data/BILLSTATUS-118-sres.zip took 0.019 seconds
[2024-04-06T21:35:12.769+0000] {processor.py:161} INFO - Started process (PID=415) to work on /opt/airflow/dags/data/BILLSTATUS-118-sres.zip
[2024-04-06T21:35:12.769+0000] {processor.py:830} INFO - Processing file /opt/airflow/dags/data/BILLSTATUS-118-sres.zip for tasks to queue
[2024-04-06T21:35:12.771+0000] {logging_mixin.py:188} INFO - [2024-04-06T21:35:12.770+0000] {dagbag.py:540} INFO - Filling up the DagBag from /opt/airflow/dags/data/BILLSTATUS-118-sres.zip
[2024-04-06T21:35:12.776+0000] {processor.py:842} WARNING - No viable dags retrieved from /opt/airflow/dags/data/BILLSTATUS-118-sres.zip
[2024-04-06T21:35:12.786+0000] {processor.py:183} INFO - Processing /opt/airflow/dags/data/BILLSTATUS-118-sres.zip took 0.019 seconds
[2024-04-06T21:35:44.328+0000] {processor.py:161} INFO - Started process (PID=431) to work on /opt/airflow/dags/data/BILLSTATUS-118-sres.zip
[2024-04-06T21:35:44.329+0000] {processor.py:830} INFO - Processing file /opt/airflow/dags/data/BILLSTATUS-118-sres.zip for tasks to queue
[2024-04-06T21:35:44.330+0000] {logging_mixin.py:188} INFO - [2024-04-06T21:35:44.330+0000] {dagbag.py:540} INFO - Filling up the DagBag from /opt/airflow/dags/data/BILLSTATUS-118-sres.zip
[2024-04-06T21:35:44.335+0000] {processor.py:842} WARNING - No viable dags retrieved from /opt/airflow/dags/data/BILLSTATUS-118-sres.zip
[2024-04-06T21:35:44.346+0000] {processor.py:183} INFO - Processing /opt/airflow/dags/data/BILLSTATUS-118-sres.zip took 0.021 seconds
[2024-04-06T21:37:39.602+0000] {processor.py:161} INFO - Started process (PID=37) to work on /opt/airflow/dags/data/BILLSTATUS-118-sres.zip
[2024-04-06T21:37:39.602+0000] {processor.py:830} INFO - Processing file /opt/airflow/dags/data/BILLSTATUS-118-sres.zip for tasks to queue
[2024-04-06T21:37:39.604+0000] {logging_mixin.py:188} INFO - [2024-04-06T21:37:39.604+0000] {dagbag.py:540} INFO - Filling up the DagBag from /opt/airflow/dags/data/BILLSTATUS-118-sres.zip
[2024-04-06T21:37:39.609+0000] {processor.py:842} WARNING - No viable dags retrieved from /opt/airflow/dags/data/BILLSTATUS-118-sres.zip
[2024-04-06T21:37:39.618+0000] {processor.py:183} INFO - Processing /opt/airflow/dags/data/BILLSTATUS-118-sres.zip took 0.019 seconds
[2024-04-06T21:38:11.087+0000] {processor.py:161} INFO - Started process (PID=53) to work on /opt/airflow/dags/data/BILLSTATUS-118-sres.zip
[2024-04-06T21:38:11.087+0000] {processor.py:830} INFO - Processing file /opt/airflow/dags/data/BILLSTATUS-118-sres.zip for tasks to queue
[2024-04-06T21:38:11.089+0000] {logging_mixin.py:188} INFO - [2024-04-06T21:38:11.089+0000] {dagbag.py:540} INFO - Filling up the DagBag from /opt/airflow/dags/data/BILLSTATUS-118-sres.zip
[2024-04-06T21:38:11.094+0000] {processor.py:842} WARNING - No viable dags retrieved from /opt/airflow/dags/data/BILLSTATUS-118-sres.zip
[2024-04-06T21:38:11.103+0000] {processor.py:183} INFO - Processing /opt/airflow/dags/data/BILLSTATUS-118-sres.zip took 0.019 seconds
[2024-04-06T21:38:42.008+0000] {processor.py:161} INFO - Started process (PID=78) to work on /opt/airflow/dags/data/BILLSTATUS-118-sres.zip
[2024-04-06T21:38:42.009+0000] {processor.py:830} INFO - Processing file /opt/airflow/dags/data/BILLSTATUS-118-sres.zip for tasks to queue
[2024-04-06T21:38:42.010+0000] {logging_mixin.py:188} INFO - [2024-04-06T21:38:42.010+0000] {dagbag.py:540} INFO - Filling up the DagBag from /opt/airflow/dags/data/BILLSTATUS-118-sres.zip
[2024-04-06T21:38:42.015+0000] {processor.py:842} WARNING - No viable dags retrieved from /opt/airflow/dags/data/BILLSTATUS-118-sres.zip
[2024-04-06T21:38:42.024+0000] {processor.py:183} INFO - Processing /opt/airflow/dags/data/BILLSTATUS-118-sres.zip took 0.018 seconds
[2024-04-06T21:39:13.435+0000] {processor.py:161} INFO - Started process (PID=94) to work on /opt/airflow/dags/data/BILLSTATUS-118-sres.zip
[2024-04-06T21:39:13.436+0000] {processor.py:830} INFO - Processing file /opt/airflow/dags/data/BILLSTATUS-118-sres.zip for tasks to queue
[2024-04-06T21:39:13.437+0000] {logging_mixin.py:188} INFO - [2024-04-06T21:39:13.437+0000] {dagbag.py:540} INFO - Filling up the DagBag from /opt/airflow/dags/data/BILLSTATUS-118-sres.zip
[2024-04-06T21:39:13.443+0000] {processor.py:842} WARNING - No viable dags retrieved from /opt/airflow/dags/data/BILLSTATUS-118-sres.zip
[2024-04-06T21:39:13.452+0000] {processor.py:183} INFO - Processing /opt/airflow/dags/data/BILLSTATUS-118-sres.zip took 0.019 seconds
[2024-04-06T21:39:45.556+0000] {processor.py:161} INFO - Started process (PID=116) to work on /opt/airflow/dags/data/BILLSTATUS-118-sres.zip
[2024-04-06T21:39:45.557+0000] {processor.py:830} INFO - Processing file /opt/airflow/dags/data/BILLSTATUS-118-sres.zip for tasks to queue
[2024-04-06T21:39:45.558+0000] {logging_mixin.py:188} INFO - [2024-04-06T21:39:45.558+0000] {dagbag.py:540} INFO - Filling up the DagBag from /opt/airflow/dags/data/BILLSTATUS-118-sres.zip
[2024-04-06T21:39:45.563+0000] {processor.py:842} WARNING - No viable dags retrieved from /opt/airflow/dags/data/BILLSTATUS-118-sres.zip
[2024-04-06T21:39:45.572+0000] {processor.py:183} INFO - Processing /opt/airflow/dags/data/BILLSTATUS-118-sres.zip took 0.018 seconds
[2024-04-06T21:40:16.799+0000] {processor.py:161} INFO - Started process (PID=135) to work on /opt/airflow/dags/data/BILLSTATUS-118-sres.zip
[2024-04-06T21:40:16.800+0000] {processor.py:830} INFO - Processing file /opt/airflow/dags/data/BILLSTATUS-118-sres.zip for tasks to queue
[2024-04-06T21:40:16.803+0000] {logging_mixin.py:188} INFO - [2024-04-06T21:40:16.802+0000] {dagbag.py:540} INFO - Filling up the DagBag from /opt/airflow/dags/data/BILLSTATUS-118-sres.zip
[2024-04-06T21:40:16.813+0000] {processor.py:842} WARNING - No viable dags retrieved from /opt/airflow/dags/data/BILLSTATUS-118-sres.zip
[2024-04-06T21:40:16.828+0000] {processor.py:183} INFO - Processing /opt/airflow/dags/data/BILLSTATUS-118-sres.zip took 0.033 seconds
[2024-04-06T21:40:48.309+0000] {processor.py:161} INFO - Started process (PID=151) to work on /opt/airflow/dags/data/BILLSTATUS-118-sres.zip
[2024-04-06T21:40:48.310+0000] {processor.py:830} INFO - Processing file /opt/airflow/dags/data/BILLSTATUS-118-sres.zip for tasks to queue
[2024-04-06T21:40:48.311+0000] {logging_mixin.py:188} INFO - [2024-04-06T21:40:48.311+0000] {dagbag.py:540} INFO - Filling up the DagBag from /opt/airflow/dags/data/BILLSTATUS-118-sres.zip
[2024-04-06T21:40:48.316+0000] {processor.py:842} WARNING - No viable dags retrieved from /opt/airflow/dags/data/BILLSTATUS-118-sres.zip
[2024-04-06T21:40:48.326+0000] {processor.py:183} INFO - Processing /opt/airflow/dags/data/BILLSTATUS-118-sres.zip took 0.020 seconds
[2024-04-06T21:41:19.807+0000] {processor.py:161} INFO - Started process (PID=167) to work on /opt/airflow/dags/data/BILLSTATUS-118-sres.zip
[2024-04-06T21:41:19.808+0000] {processor.py:830} INFO - Processing file /opt/airflow/dags/data/BILLSTATUS-118-sres.zip for tasks to queue
[2024-04-06T21:41:19.809+0000] {logging_mixin.py:188} INFO - [2024-04-06T21:41:19.809+0000] {dagbag.py:540} INFO - Filling up the DagBag from /opt/airflow/dags/data/BILLSTATUS-118-sres.zip
[2024-04-06T21:41:19.815+0000] {processor.py:842} WARNING - No viable dags retrieved from /opt/airflow/dags/data/BILLSTATUS-118-sres.zip
[2024-04-06T21:41:19.825+0000] {processor.py:183} INFO - Processing /opt/airflow/dags/data/BILLSTATUS-118-sres.zip took 0.020 seconds
[2024-04-06T21:41:51.382+0000] {processor.py:161} INFO - Started process (PID=183) to work on /opt/airflow/dags/data/BILLSTATUS-118-sres.zip
[2024-04-06T21:41:51.383+0000] {processor.py:830} INFO - Processing file /opt/airflow/dags/data/BILLSTATUS-118-sres.zip for tasks to queue
[2024-04-06T21:41:51.385+0000] {logging_mixin.py:188} INFO - [2024-04-06T21:41:51.384+0000] {dagbag.py:540} INFO - Filling up the DagBag from /opt/airflow/dags/data/BILLSTATUS-118-sres.zip
[2024-04-06T21:41:51.390+0000] {processor.py:842} WARNING - No viable dags retrieved from /opt/airflow/dags/data/BILLSTATUS-118-sres.zip
[2024-04-06T21:41:51.400+0000] {processor.py:183} INFO - Processing /opt/airflow/dags/data/BILLSTATUS-118-sres.zip took 0.020 seconds
[2024-04-06T21:42:22.860+0000] {processor.py:161} INFO - Started process (PID=199) to work on /opt/airflow/dags/data/BILLSTATUS-118-sres.zip
[2024-04-06T21:42:22.860+0000] {processor.py:830} INFO - Processing file /opt/airflow/dags/data/BILLSTATUS-118-sres.zip for tasks to queue
[2024-04-06T21:42:22.862+0000] {logging_mixin.py:188} INFO - [2024-04-06T21:42:22.862+0000] {dagbag.py:540} INFO - Filling up the DagBag from /opt/airflow/dags/data/BILLSTATUS-118-sres.zip
[2024-04-06T21:42:22.867+0000] {processor.py:842} WARNING - No viable dags retrieved from /opt/airflow/dags/data/BILLSTATUS-118-sres.zip
[2024-04-06T21:42:22.877+0000] {processor.py:183} INFO - Processing /opt/airflow/dags/data/BILLSTATUS-118-sres.zip took 0.019 seconds
[2024-04-06T21:42:54.223+0000] {processor.py:161} INFO - Started process (PID=215) to work on /opt/airflow/dags/data/BILLSTATUS-118-sres.zip
[2024-04-06T21:42:54.224+0000] {processor.py:830} INFO - Processing file /opt/airflow/dags/data/BILLSTATUS-118-sres.zip for tasks to queue
[2024-04-06T21:42:54.225+0000] {logging_mixin.py:188} INFO - [2024-04-06T21:42:54.225+0000] {dagbag.py:540} INFO - Filling up the DagBag from /opt/airflow/dags/data/BILLSTATUS-118-sres.zip
[2024-04-06T21:42:54.232+0000] {processor.py:842} WARNING - No viable dags retrieved from /opt/airflow/dags/data/BILLSTATUS-118-sres.zip
[2024-04-06T21:42:54.243+0000] {processor.py:183} INFO - Processing /opt/airflow/dags/data/BILLSTATUS-118-sres.zip took 0.022 seconds
[2024-04-06T21:43:25.763+0000] {processor.py:161} INFO - Started process (PID=231) to work on /opt/airflow/dags/data/BILLSTATUS-118-sres.zip
[2024-04-06T21:43:25.764+0000] {processor.py:830} INFO - Processing file /opt/airflow/dags/data/BILLSTATUS-118-sres.zip for tasks to queue
[2024-04-06T21:43:25.766+0000] {logging_mixin.py:188} INFO - [2024-04-06T21:43:25.765+0000] {dagbag.py:540} INFO - Filling up the DagBag from /opt/airflow/dags/data/BILLSTATUS-118-sres.zip
[2024-04-06T21:43:25.772+0000] {processor.py:842} WARNING - No viable dags retrieved from /opt/airflow/dags/data/BILLSTATUS-118-sres.zip
[2024-04-06T21:43:25.782+0000] {processor.py:183} INFO - Processing /opt/airflow/dags/data/BILLSTATUS-118-sres.zip took 0.021 seconds
[2024-04-06T21:43:57.310+0000] {processor.py:161} INFO - Started process (PID=254) to work on /opt/airflow/dags/data/BILLSTATUS-118-sres.zip
[2024-04-06T21:43:57.310+0000] {processor.py:830} INFO - Processing file /opt/airflow/dags/data/BILLSTATUS-118-sres.zip for tasks to queue
[2024-04-06T21:43:57.312+0000] {logging_mixin.py:188} INFO - [2024-04-06T21:43:57.312+0000] {dagbag.py:540} INFO - Filling up the DagBag from /opt/airflow/dags/data/BILLSTATUS-118-sres.zip
[2024-04-06T21:43:57.317+0000] {processor.py:842} WARNING - No viable dags retrieved from /opt/airflow/dags/data/BILLSTATUS-118-sres.zip
[2024-04-06T21:43:57.328+0000] {processor.py:183} INFO - Processing /opt/airflow/dags/data/BILLSTATUS-118-sres.zip took 0.020 seconds
[2024-04-06T21:44:28.716+0000] {processor.py:161} INFO - Started process (PID=270) to work on /opt/airflow/dags/data/BILLSTATUS-118-sres.zip
[2024-04-06T21:44:28.717+0000] {processor.py:830} INFO - Processing file /opt/airflow/dags/data/BILLSTATUS-118-sres.zip for tasks to queue
[2024-04-06T21:44:28.718+0000] {logging_mixin.py:188} INFO - [2024-04-06T21:44:28.718+0000] {dagbag.py:540} INFO - Filling up the DagBag from /opt/airflow/dags/data/BILLSTATUS-118-sres.zip
[2024-04-06T21:44:28.723+0000] {processor.py:842} WARNING - No viable dags retrieved from /opt/airflow/dags/data/BILLSTATUS-118-sres.zip
[2024-04-06T21:44:28.733+0000] {processor.py:183} INFO - Processing /opt/airflow/dags/data/BILLSTATUS-118-sres.zip took 0.019 seconds
[2024-04-06T21:45:00.374+0000] {processor.py:161} INFO - Started process (PID=286) to work on /opt/airflow/dags/data/BILLSTATUS-118-sres.zip
[2024-04-06T21:45:00.375+0000] {processor.py:830} INFO - Processing file /opt/airflow/dags/data/BILLSTATUS-118-sres.zip for tasks to queue
[2024-04-06T21:45:00.376+0000] {logging_mixin.py:188} INFO - [2024-04-06T21:45:00.376+0000] {dagbag.py:540} INFO - Filling up the DagBag from /opt/airflow/dags/data/BILLSTATUS-118-sres.zip
[2024-04-06T21:45:00.381+0000] {processor.py:842} WARNING - No viable dags retrieved from /opt/airflow/dags/data/BILLSTATUS-118-sres.zip
[2024-04-06T21:45:00.389+0000] {processor.py:183} INFO - Processing /opt/airflow/dags/data/BILLSTATUS-118-sres.zip took 0.018 seconds
[2024-04-06T21:45:31.830+0000] {processor.py:161} INFO - Started process (PID=302) to work on /opt/airflow/dags/data/BILLSTATUS-118-sres.zip
[2024-04-06T21:45:31.830+0000] {processor.py:830} INFO - Processing file /opt/airflow/dags/data/BILLSTATUS-118-sres.zip for tasks to queue
[2024-04-06T21:45:31.832+0000] {logging_mixin.py:188} INFO - [2024-04-06T21:45:31.832+0000] {dagbag.py:540} INFO - Filling up the DagBag from /opt/airflow/dags/data/BILLSTATUS-118-sres.zip
[2024-04-06T21:45:31.837+0000] {processor.py:842} WARNING - No viable dags retrieved from /opt/airflow/dags/data/BILLSTATUS-118-sres.zip
[2024-04-06T21:45:31.847+0000] {processor.py:183} INFO - Processing /opt/airflow/dags/data/BILLSTATUS-118-sres.zip took 0.019 seconds
[2024-04-06T21:46:03.205+0000] {processor.py:161} INFO - Started process (PID=318) to work on /opt/airflow/dags/data/BILLSTATUS-118-sres.zip
[2024-04-06T21:46:03.205+0000] {processor.py:830} INFO - Processing file /opt/airflow/dags/data/BILLSTATUS-118-sres.zip for tasks to queue
[2024-04-06T21:46:03.207+0000] {logging_mixin.py:188} INFO - [2024-04-06T21:46:03.206+0000] {dagbag.py:540} INFO - Filling up the DagBag from /opt/airflow/dags/data/BILLSTATUS-118-sres.zip
[2024-04-06T21:46:03.211+0000] {processor.py:842} WARNING - No viable dags retrieved from /opt/airflow/dags/data/BILLSTATUS-118-sres.zip
[2024-04-06T21:46:03.220+0000] {processor.py:183} INFO - Processing /opt/airflow/dags/data/BILLSTATUS-118-sres.zip took 0.018 seconds
[2024-04-06T21:46:34.573+0000] {processor.py:161} INFO - Started process (PID=334) to work on /opt/airflow/dags/data/BILLSTATUS-118-sres.zip
[2024-04-06T21:46:34.574+0000] {processor.py:830} INFO - Processing file /opt/airflow/dags/data/BILLSTATUS-118-sres.zip for tasks to queue
[2024-04-06T21:46:34.575+0000] {logging_mixin.py:188} INFO - [2024-04-06T21:46:34.575+0000] {dagbag.py:540} INFO - Filling up the DagBag from /opt/airflow/dags/data/BILLSTATUS-118-sres.zip
[2024-04-06T21:46:34.580+0000] {processor.py:842} WARNING - No viable dags retrieved from /opt/airflow/dags/data/BILLSTATUS-118-sres.zip
[2024-04-06T21:46:34.589+0000] {processor.py:183} INFO - Processing /opt/airflow/dags/data/BILLSTATUS-118-sres.zip took 0.019 seconds
[2024-04-06T21:47:05.974+0000] {processor.py:161} INFO - Started process (PID=350) to work on /opt/airflow/dags/data/BILLSTATUS-118-sres.zip
[2024-04-06T21:47:05.975+0000] {processor.py:830} INFO - Processing file /opt/airflow/dags/data/BILLSTATUS-118-sres.zip for tasks to queue
[2024-04-06T21:47:05.977+0000] {logging_mixin.py:188} INFO - [2024-04-06T21:47:05.977+0000] {dagbag.py:540} INFO - Filling up the DagBag from /opt/airflow/dags/data/BILLSTATUS-118-sres.zip
[2024-04-06T21:47:05.982+0000] {processor.py:842} WARNING - No viable dags retrieved from /opt/airflow/dags/data/BILLSTATUS-118-sres.zip
[2024-04-06T21:47:05.992+0000] {processor.py:183} INFO - Processing /opt/airflow/dags/data/BILLSTATUS-118-sres.zip took 0.020 seconds
[2024-04-06T21:47:37.143+0000] {processor.py:161} INFO - Started process (PID=366) to work on /opt/airflow/dags/data/BILLSTATUS-118-sres.zip
[2024-04-06T21:47:37.144+0000] {processor.py:830} INFO - Processing file /opt/airflow/dags/data/BILLSTATUS-118-sres.zip for tasks to queue
[2024-04-06T21:47:37.145+0000] {logging_mixin.py:188} INFO - [2024-04-06T21:47:37.145+0000] {dagbag.py:540} INFO - Filling up the DagBag from /opt/airflow/dags/data/BILLSTATUS-118-sres.zip
[2024-04-06T21:47:37.150+0000] {processor.py:842} WARNING - No viable dags retrieved from /opt/airflow/dags/data/BILLSTATUS-118-sres.zip
[2024-04-06T21:47:37.160+0000] {processor.py:183} INFO - Processing /opt/airflow/dags/data/BILLSTATUS-118-sres.zip took 0.020 seconds
[2024-04-06T21:48:08.638+0000] {processor.py:161} INFO - Started process (PID=383) to work on /opt/airflow/dags/data/BILLSTATUS-118-sres.zip
[2024-04-06T21:48:08.639+0000] {processor.py:830} INFO - Processing file /opt/airflow/dags/data/BILLSTATUS-118-sres.zip for tasks to queue
[2024-04-06T21:48:08.641+0000] {logging_mixin.py:188} INFO - [2024-04-06T21:48:08.640+0000] {dagbag.py:540} INFO - Filling up the DagBag from /opt/airflow/dags/data/BILLSTATUS-118-sres.zip
[2024-04-06T21:48:08.646+0000] {processor.py:842} WARNING - No viable dags retrieved from /opt/airflow/dags/data/BILLSTATUS-118-sres.zip
[2024-04-06T21:48:08.656+0000] {processor.py:183} INFO - Processing /opt/airflow/dags/data/BILLSTATUS-118-sres.zip took 0.020 seconds
[2024-04-06T21:48:40.097+0000] {processor.py:161} INFO - Started process (PID=399) to work on /opt/airflow/dags/data/BILLSTATUS-118-sres.zip
[2024-04-06T21:48:40.098+0000] {processor.py:830} INFO - Processing file /opt/airflow/dags/data/BILLSTATUS-118-sres.zip for tasks to queue
[2024-04-06T21:48:40.100+0000] {logging_mixin.py:188} INFO - [2024-04-06T21:48:40.099+0000] {dagbag.py:540} INFO - Filling up the DagBag from /opt/airflow/dags/data/BILLSTATUS-118-sres.zip
[2024-04-06T21:48:40.106+0000] {processor.py:842} WARNING - No viable dags retrieved from /opt/airflow/dags/data/BILLSTATUS-118-sres.zip
[2024-04-06T21:48:40.119+0000] {processor.py:183} INFO - Processing /opt/airflow/dags/data/BILLSTATUS-118-sres.zip took 0.025 seconds
[2024-04-06T21:50:26.813+0000] {processor.py:161} INFO - Started process (PID=37) to work on /opt/airflow/dags/data/BILLSTATUS-118-sres.zip
[2024-04-06T21:50:26.814+0000] {processor.py:830} INFO - Processing file /opt/airflow/dags/data/BILLSTATUS-118-sres.zip for tasks to queue
[2024-04-06T21:50:26.819+0000] {logging_mixin.py:188} INFO - [2024-04-06T21:50:26.818+0000] {dagbag.py:540} INFO - Filling up the DagBag from /opt/airflow/dags/data/BILLSTATUS-118-sres.zip
[2024-04-06T21:50:26.828+0000] {processor.py:842} WARNING - No viable dags retrieved from /opt/airflow/dags/data/BILLSTATUS-118-sres.zip
[2024-04-06T21:50:26.840+0000] {processor.py:183} INFO - Processing /opt/airflow/dags/data/BILLSTATUS-118-sres.zip took 0.035 seconds
[2024-04-06T21:50:58.429+0000] {processor.py:161} INFO - Started process (PID=53) to work on /opt/airflow/dags/data/BILLSTATUS-118-sres.zip
[2024-04-06T21:50:58.429+0000] {processor.py:830} INFO - Processing file /opt/airflow/dags/data/BILLSTATUS-118-sres.zip for tasks to queue
[2024-04-06T21:50:58.431+0000] {logging_mixin.py:188} INFO - [2024-04-06T21:50:58.431+0000] {dagbag.py:540} INFO - Filling up the DagBag from /opt/airflow/dags/data/BILLSTATUS-118-sres.zip
[2024-04-06T21:50:58.436+0000] {processor.py:842} WARNING - No viable dags retrieved from /opt/airflow/dags/data/BILLSTATUS-118-sres.zip
[2024-04-06T21:50:58.446+0000] {processor.py:183} INFO - Processing /opt/airflow/dags/data/BILLSTATUS-118-sres.zip took 0.020 seconds
[2024-04-06T21:51:29.801+0000] {processor.py:161} INFO - Started process (PID=69) to work on /opt/airflow/dags/data/BILLSTATUS-118-sres.zip
[2024-04-06T21:51:29.802+0000] {processor.py:830} INFO - Processing file /opt/airflow/dags/data/BILLSTATUS-118-sres.zip for tasks to queue
[2024-04-06T21:51:29.804+0000] {logging_mixin.py:188} INFO - [2024-04-06T21:51:29.803+0000] {dagbag.py:540} INFO - Filling up the DagBag from /opt/airflow/dags/data/BILLSTATUS-118-sres.zip
[2024-04-06T21:51:29.809+0000] {processor.py:842} WARNING - No viable dags retrieved from /opt/airflow/dags/data/BILLSTATUS-118-sres.zip
[2024-04-06T21:51:29.819+0000] {processor.py:183} INFO - Processing /opt/airflow/dags/data/BILLSTATUS-118-sres.zip took 0.020 seconds
[2024-04-06T21:52:01.208+0000] {processor.py:161} INFO - Started process (PID=85) to work on /opt/airflow/dags/data/BILLSTATUS-118-sres.zip
[2024-04-06T21:52:01.209+0000] {processor.py:830} INFO - Processing file /opt/airflow/dags/data/BILLSTATUS-118-sres.zip for tasks to queue
[2024-04-06T21:52:01.212+0000] {logging_mixin.py:188} INFO - [2024-04-06T21:52:01.212+0000] {dagbag.py:540} INFO - Filling up the DagBag from /opt/airflow/dags/data/BILLSTATUS-118-sres.zip
[2024-04-06T21:52:01.220+0000] {processor.py:842} WARNING - No viable dags retrieved from /opt/airflow/dags/data/BILLSTATUS-118-sres.zip
[2024-04-06T21:52:01.230+0000] {processor.py:183} INFO - Processing /opt/airflow/dags/data/BILLSTATUS-118-sres.zip took 0.024 seconds
[2024-04-06T21:52:32.826+0000] {processor.py:161} INFO - Started process (PID=101) to work on /opt/airflow/dags/data/BILLSTATUS-118-sres.zip
[2024-04-06T21:52:32.827+0000] {processor.py:830} INFO - Processing file /opt/airflow/dags/data/BILLSTATUS-118-sres.zip for tasks to queue
[2024-04-06T21:52:32.829+0000] {logging_mixin.py:188} INFO - [2024-04-06T21:52:32.829+0000] {dagbag.py:540} INFO - Filling up the DagBag from /opt/airflow/dags/data/BILLSTATUS-118-sres.zip
[2024-04-06T21:52:32.833+0000] {processor.py:842} WARNING - No viable dags retrieved from /opt/airflow/dags/data/BILLSTATUS-118-sres.zip
[2024-04-06T21:52:32.844+0000] {processor.py:183} INFO - Processing /opt/airflow/dags/data/BILLSTATUS-118-sres.zip took 0.019 seconds
[2024-04-06T21:53:04.447+0000] {processor.py:161} INFO - Started process (PID=117) to work on /opt/airflow/dags/data/BILLSTATUS-118-sres.zip
[2024-04-06T21:53:04.448+0000] {processor.py:830} INFO - Processing file /opt/airflow/dags/data/BILLSTATUS-118-sres.zip for tasks to queue
[2024-04-06T21:53:04.450+0000] {logging_mixin.py:188} INFO - [2024-04-06T21:53:04.449+0000] {dagbag.py:540} INFO - Filling up the DagBag from /opt/airflow/dags/data/BILLSTATUS-118-sres.zip
[2024-04-06T21:53:04.455+0000] {processor.py:842} WARNING - No viable dags retrieved from /opt/airflow/dags/data/BILLSTATUS-118-sres.zip
[2024-04-06T21:53:04.466+0000] {processor.py:183} INFO - Processing /opt/airflow/dags/data/BILLSTATUS-118-sres.zip took 0.022 seconds
[2024-04-06T21:53:35.931+0000] {processor.py:161} INFO - Started process (PID=134) to work on /opt/airflow/dags/data/BILLSTATUS-118-sres.zip
[2024-04-06T21:53:35.931+0000] {processor.py:830} INFO - Processing file /opt/airflow/dags/data/BILLSTATUS-118-sres.zip for tasks to queue
[2024-04-06T21:53:35.933+0000] {logging_mixin.py:188} INFO - [2024-04-06T21:53:35.933+0000] {dagbag.py:540} INFO - Filling up the DagBag from /opt/airflow/dags/data/BILLSTATUS-118-sres.zip
[2024-04-06T21:53:35.939+0000] {processor.py:842} WARNING - No viable dags retrieved from /opt/airflow/dags/data/BILLSTATUS-118-sres.zip
[2024-04-06T21:53:35.949+0000] {processor.py:183} INFO - Processing /opt/airflow/dags/data/BILLSTATUS-118-sres.zip took 0.021 seconds
[2024-04-06T21:54:07.363+0000] {processor.py:161} INFO - Started process (PID=150) to work on /opt/airflow/dags/data/BILLSTATUS-118-sres.zip
[2024-04-06T21:54:07.364+0000] {processor.py:830} INFO - Processing file /opt/airflow/dags/data/BILLSTATUS-118-sres.zip for tasks to queue
[2024-04-06T21:54:07.365+0000] {logging_mixin.py:188} INFO - [2024-04-06T21:54:07.365+0000] {dagbag.py:540} INFO - Filling up the DagBag from /opt/airflow/dags/data/BILLSTATUS-118-sres.zip
[2024-04-06T21:54:07.370+0000] {processor.py:842} WARNING - No viable dags retrieved from /opt/airflow/dags/data/BILLSTATUS-118-sres.zip
[2024-04-06T21:54:07.381+0000] {processor.py:183} INFO - Processing /opt/airflow/dags/data/BILLSTATUS-118-sres.zip took 0.020 seconds
[2024-04-06T21:54:38.841+0000] {processor.py:161} INFO - Started process (PID=166) to work on /opt/airflow/dags/data/BILLSTATUS-118-sres.zip
[2024-04-06T21:54:38.842+0000] {processor.py:830} INFO - Processing file /opt/airflow/dags/data/BILLSTATUS-118-sres.zip for tasks to queue
[2024-04-06T21:54:38.843+0000] {logging_mixin.py:188} INFO - [2024-04-06T21:54:38.843+0000] {dagbag.py:540} INFO - Filling up the DagBag from /opt/airflow/dags/data/BILLSTATUS-118-sres.zip
[2024-04-06T21:54:38.849+0000] {processor.py:842} WARNING - No viable dags retrieved from /opt/airflow/dags/data/BILLSTATUS-118-sres.zip
[2024-04-06T21:54:38.859+0000] {processor.py:183} INFO - Processing /opt/airflow/dags/data/BILLSTATUS-118-sres.zip took 0.021 seconds
[2024-04-06T21:55:49.061+0000] {processor.py:161} INFO - Started process (PID=37) to work on /opt/airflow/dags/data/BILLSTATUS-118-sres.zip
[2024-04-06T21:55:49.062+0000] {processor.py:830} INFO - Processing file /opt/airflow/dags/data/BILLSTATUS-118-sres.zip for tasks to queue
[2024-04-06T21:55:49.064+0000] {logging_mixin.py:188} INFO - [2024-04-06T21:55:49.064+0000] {dagbag.py:540} INFO - Filling up the DagBag from /opt/airflow/dags/data/BILLSTATUS-118-sres.zip
[2024-04-06T21:55:49.070+0000] {processor.py:842} WARNING - No viable dags retrieved from /opt/airflow/dags/data/BILLSTATUS-118-sres.zip
[2024-04-06T21:55:49.084+0000] {processor.py:183} INFO - Processing /opt/airflow/dags/data/BILLSTATUS-118-sres.zip took 0.026 seconds
[2024-04-06T21:56:20.149+0000] {processor.py:161} INFO - Started process (PID=53) to work on /opt/airflow/dags/data/BILLSTATUS-118-sres.zip
[2024-04-06T21:56:20.149+0000] {processor.py:830} INFO - Processing file /opt/airflow/dags/data/BILLSTATUS-118-sres.zip for tasks to queue
[2024-04-06T21:56:20.151+0000] {logging_mixin.py:188} INFO - [2024-04-06T21:56:20.151+0000] {dagbag.py:540} INFO - Filling up the DagBag from /opt/airflow/dags/data/BILLSTATUS-118-sres.zip
[2024-04-06T21:56:20.156+0000] {processor.py:842} WARNING - No viable dags retrieved from /opt/airflow/dags/data/BILLSTATUS-118-sres.zip
[2024-04-06T21:56:20.165+0000] {processor.py:183} INFO - Processing /opt/airflow/dags/data/BILLSTATUS-118-sres.zip took 0.018 seconds
[2024-04-06T21:56:51.590+0000] {processor.py:161} INFO - Started process (PID=69) to work on /opt/airflow/dags/data/BILLSTATUS-118-sres.zip
[2024-04-06T21:56:51.590+0000] {processor.py:830} INFO - Processing file /opt/airflow/dags/data/BILLSTATUS-118-sres.zip for tasks to queue
[2024-04-06T21:56:51.592+0000] {logging_mixin.py:188} INFO - [2024-04-06T21:56:51.591+0000] {dagbag.py:540} INFO - Filling up the DagBag from /opt/airflow/dags/data/BILLSTATUS-118-sres.zip
[2024-04-06T21:56:51.596+0000] {processor.py:842} WARNING - No viable dags retrieved from /opt/airflow/dags/data/BILLSTATUS-118-sres.zip
[2024-04-06T21:56:51.606+0000] {processor.py:183} INFO - Processing /opt/airflow/dags/data/BILLSTATUS-118-sres.zip took 0.018 seconds
[2024-04-06T21:57:23.045+0000] {processor.py:161} INFO - Started process (PID=85) to work on /opt/airflow/dags/data/BILLSTATUS-118-sres.zip
[2024-04-06T21:57:23.046+0000] {processor.py:830} INFO - Processing file /opt/airflow/dags/data/BILLSTATUS-118-sres.zip for tasks to queue
[2024-04-06T21:57:23.047+0000] {logging_mixin.py:188} INFO - [2024-04-06T21:57:23.047+0000] {dagbag.py:540} INFO - Filling up the DagBag from /opt/airflow/dags/data/BILLSTATUS-118-sres.zip
[2024-04-06T21:57:23.052+0000] {processor.py:842} WARNING - No viable dags retrieved from /opt/airflow/dags/data/BILLSTATUS-118-sres.zip
[2024-04-06T21:57:23.061+0000] {processor.py:183} INFO - Processing /opt/airflow/dags/data/BILLSTATUS-118-sres.zip took 0.018 seconds
[2024-04-06T21:57:54.483+0000] {processor.py:161} INFO - Started process (PID=101) to work on /opt/airflow/dags/data/BILLSTATUS-118-sres.zip
[2024-04-06T21:57:54.484+0000] {processor.py:830} INFO - Processing file /opt/airflow/dags/data/BILLSTATUS-118-sres.zip for tasks to queue
[2024-04-06T21:57:54.486+0000] {logging_mixin.py:188} INFO - [2024-04-06T21:57:54.486+0000] {dagbag.py:540} INFO - Filling up the DagBag from /opt/airflow/dags/data/BILLSTATUS-118-sres.zip
[2024-04-06T21:57:54.491+0000] {processor.py:842} WARNING - No viable dags retrieved from /opt/airflow/dags/data/BILLSTATUS-118-sres.zip
[2024-04-06T21:57:54.503+0000] {processor.py:183} INFO - Processing /opt/airflow/dags/data/BILLSTATUS-118-sres.zip took 0.022 seconds
[2024-04-06T21:58:25.239+0000] {processor.py:161} INFO - Started process (PID=117) to work on /opt/airflow/dags/data/BILLSTATUS-118-sres.zip
[2024-04-06T21:58:25.240+0000] {processor.py:830} INFO - Processing file /opt/airflow/dags/data/BILLSTATUS-118-sres.zip for tasks to queue
[2024-04-06T21:58:25.241+0000] {logging_mixin.py:188} INFO - [2024-04-06T21:58:25.241+0000] {dagbag.py:540} INFO - Filling up the DagBag from /opt/airflow/dags/data/BILLSTATUS-118-sres.zip
[2024-04-06T21:58:25.246+0000] {processor.py:842} WARNING - No viable dags retrieved from /opt/airflow/dags/data/BILLSTATUS-118-sres.zip
[2024-04-06T21:58:25.255+0000] {processor.py:183} INFO - Processing /opt/airflow/dags/data/BILLSTATUS-118-sres.zip took 0.018 seconds
[2024-04-06T21:58:56.630+0000] {processor.py:161} INFO - Started process (PID=133) to work on /opt/airflow/dags/data/BILLSTATUS-118-sres.zip
[2024-04-06T21:58:56.631+0000] {processor.py:830} INFO - Processing file /opt/airflow/dags/data/BILLSTATUS-118-sres.zip for tasks to queue
[2024-04-06T21:58:56.632+0000] {logging_mixin.py:188} INFO - [2024-04-06T21:58:56.632+0000] {dagbag.py:540} INFO - Filling up the DagBag from /opt/airflow/dags/data/BILLSTATUS-118-sres.zip
[2024-04-06T21:58:56.638+0000] {processor.py:842} WARNING - No viable dags retrieved from /opt/airflow/dags/data/BILLSTATUS-118-sres.zip
[2024-04-06T21:58:56.648+0000] {processor.py:183} INFO - Processing /opt/airflow/dags/data/BILLSTATUS-118-sres.zip took 0.020 seconds
[2024-04-06T21:59:28.015+0000] {processor.py:161} INFO - Started process (PID=149) to work on /opt/airflow/dags/data/BILLSTATUS-118-sres.zip
[2024-04-06T21:59:28.017+0000] {processor.py:830} INFO - Processing file /opt/airflow/dags/data/BILLSTATUS-118-sres.zip for tasks to queue
[2024-04-06T21:59:28.019+0000] {logging_mixin.py:188} INFO - [2024-04-06T21:59:28.019+0000] {dagbag.py:540} INFO - Filling up the DagBag from /opt/airflow/dags/data/BILLSTATUS-118-sres.zip
[2024-04-06T21:59:28.025+0000] {processor.py:842} WARNING - No viable dags retrieved from /opt/airflow/dags/data/BILLSTATUS-118-sres.zip
[2024-04-06T21:59:28.040+0000] {processor.py:183} INFO - Processing /opt/airflow/dags/data/BILLSTATUS-118-sres.zip took 0.027 seconds
[2024-04-06T21:59:59.451+0000] {processor.py:161} INFO - Started process (PID=165) to work on /opt/airflow/dags/data/BILLSTATUS-118-sres.zip
[2024-04-06T21:59:59.452+0000] {processor.py:830} INFO - Processing file /opt/airflow/dags/data/BILLSTATUS-118-sres.zip for tasks to queue
[2024-04-06T21:59:59.454+0000] {logging_mixin.py:188} INFO - [2024-04-06T21:59:59.453+0000] {dagbag.py:540} INFO - Filling up the DagBag from /opt/airflow/dags/data/BILLSTATUS-118-sres.zip
[2024-04-06T21:59:59.459+0000] {processor.py:842} WARNING - No viable dags retrieved from /opt/airflow/dags/data/BILLSTATUS-118-sres.zip
[2024-04-06T21:59:59.468+0000] {processor.py:183} INFO - Processing /opt/airflow/dags/data/BILLSTATUS-118-sres.zip took 0.019 seconds
[2024-04-06T22:00:30.798+0000] {processor.py:161} INFO - Started process (PID=181) to work on /opt/airflow/dags/data/BILLSTATUS-118-sres.zip
[2024-04-06T22:00:30.799+0000] {processor.py:830} INFO - Processing file /opt/airflow/dags/data/BILLSTATUS-118-sres.zip for tasks to queue
[2024-04-06T22:00:30.801+0000] {logging_mixin.py:188} INFO - [2024-04-06T22:00:30.800+0000] {dagbag.py:540} INFO - Filling up the DagBag from /opt/airflow/dags/data/BILLSTATUS-118-sres.zip
[2024-04-06T22:00:30.806+0000] {processor.py:842} WARNING - No viable dags retrieved from /opt/airflow/dags/data/BILLSTATUS-118-sres.zip
[2024-04-06T22:00:30.815+0000] {processor.py:183} INFO - Processing /opt/airflow/dags/data/BILLSTATUS-118-sres.zip took 0.020 seconds
[2024-04-06T22:01:01.793+0000] {processor.py:161} INFO - Started process (PID=203) to work on /opt/airflow/dags/data/BILLSTATUS-118-sres.zip
[2024-04-06T22:01:01.793+0000] {processor.py:830} INFO - Processing file /opt/airflow/dags/data/BILLSTATUS-118-sres.zip for tasks to queue
[2024-04-06T22:01:01.795+0000] {logging_mixin.py:188} INFO - [2024-04-06T22:01:01.795+0000] {dagbag.py:540} INFO - Filling up the DagBag from /opt/airflow/dags/data/BILLSTATUS-118-sres.zip
[2024-04-06T22:01:01.800+0000] {processor.py:842} WARNING - No viable dags retrieved from /opt/airflow/dags/data/BILLSTATUS-118-sres.zip
[2024-04-06T22:01:01.810+0000] {processor.py:183} INFO - Processing /opt/airflow/dags/data/BILLSTATUS-118-sres.zip took 0.019 seconds
[2024-04-06T22:01:32.750+0000] {processor.py:161} INFO - Started process (PID=226) to work on /opt/airflow/dags/data/BILLSTATUS-118-sres.zip
[2024-04-06T22:01:32.752+0000] {processor.py:830} INFO - Processing file /opt/airflow/dags/data/BILLSTATUS-118-sres.zip for tasks to queue
[2024-04-06T22:01:32.754+0000] {logging_mixin.py:188} INFO - [2024-04-06T22:01:32.754+0000] {dagbag.py:540} INFO - Filling up the DagBag from /opt/airflow/dags/data/BILLSTATUS-118-sres.zip
[2024-04-06T22:01:32.760+0000] {processor.py:842} WARNING - No viable dags retrieved from /opt/airflow/dags/data/BILLSTATUS-118-sres.zip
[2024-04-06T22:01:32.773+0000] {processor.py:183} INFO - Processing /opt/airflow/dags/data/BILLSTATUS-118-sres.zip took 0.028 seconds
[2024-04-06T22:02:04.343+0000] {processor.py:161} INFO - Started process (PID=249) to work on /opt/airflow/dags/data/BILLSTATUS-118-sres.zip
[2024-04-06T22:02:04.344+0000] {processor.py:830} INFO - Processing file /opt/airflow/dags/data/BILLSTATUS-118-sres.zip for tasks to queue
[2024-04-06T22:02:04.345+0000] {logging_mixin.py:188} INFO - [2024-04-06T22:02:04.345+0000] {dagbag.py:540} INFO - Filling up the DagBag from /opt/airflow/dags/data/BILLSTATUS-118-sres.zip
[2024-04-06T22:02:04.351+0000] {processor.py:842} WARNING - No viable dags retrieved from /opt/airflow/dags/data/BILLSTATUS-118-sres.zip
[2024-04-06T22:02:04.360+0000] {processor.py:183} INFO - Processing /opt/airflow/dags/data/BILLSTATUS-118-sres.zip took 0.020 seconds
[2024-04-06T22:02:35.785+0000] {processor.py:161} INFO - Started process (PID=272) to work on /opt/airflow/dags/data/BILLSTATUS-118-sres.zip
[2024-04-06T22:02:35.785+0000] {processor.py:830} INFO - Processing file /opt/airflow/dags/data/BILLSTATUS-118-sres.zip for tasks to queue
[2024-04-06T22:02:35.787+0000] {logging_mixin.py:188} INFO - [2024-04-06T22:02:35.787+0000] {dagbag.py:540} INFO - Filling up the DagBag from /opt/airflow/dags/data/BILLSTATUS-118-sres.zip
[2024-04-06T22:02:35.792+0000] {processor.py:842} WARNING - No viable dags retrieved from /opt/airflow/dags/data/BILLSTATUS-118-sres.zip
[2024-04-06T22:02:35.802+0000] {processor.py:183} INFO - Processing /opt/airflow/dags/data/BILLSTATUS-118-sres.zip took 0.019 seconds
[2024-04-06T22:03:07.207+0000] {processor.py:161} INFO - Started process (PID=295) to work on /opt/airflow/dags/data/BILLSTATUS-118-sres.zip
[2024-04-06T22:03:07.208+0000] {processor.py:830} INFO - Processing file /opt/airflow/dags/data/BILLSTATUS-118-sres.zip for tasks to queue
[2024-04-06T22:03:07.210+0000] {logging_mixin.py:188} INFO - [2024-04-06T22:03:07.210+0000] {dagbag.py:540} INFO - Filling up the DagBag from /opt/airflow/dags/data/BILLSTATUS-118-sres.zip
[2024-04-06T22:03:07.215+0000] {processor.py:842} WARNING - No viable dags retrieved from /opt/airflow/dags/data/BILLSTATUS-118-sres.zip
[2024-04-06T22:03:07.224+0000] {processor.py:183} INFO - Processing /opt/airflow/dags/data/BILLSTATUS-118-sres.zip took 0.019 seconds
[2024-04-06T22:03:38.601+0000] {processor.py:161} INFO - Started process (PID=323) to work on /opt/airflow/dags/data/BILLSTATUS-118-sres.zip
[2024-04-06T22:03:38.602+0000] {processor.py:830} INFO - Processing file /opt/airflow/dags/data/BILLSTATUS-118-sres.zip for tasks to queue
[2024-04-06T22:03:38.603+0000] {logging_mixin.py:188} INFO - [2024-04-06T22:03:38.603+0000] {dagbag.py:540} INFO - Filling up the DagBag from /opt/airflow/dags/data/BILLSTATUS-118-sres.zip
[2024-04-06T22:03:38.608+0000] {processor.py:842} WARNING - No viable dags retrieved from /opt/airflow/dags/data/BILLSTATUS-118-sres.zip
[2024-04-06T22:03:38.618+0000] {processor.py:183} INFO - Processing /opt/airflow/dags/data/BILLSTATUS-118-sres.zip took 0.020 seconds
[2024-04-06T22:04:10.039+0000] {processor.py:161} INFO - Started process (PID=346) to work on /opt/airflow/dags/data/BILLSTATUS-118-sres.zip
[2024-04-06T22:04:10.040+0000] {processor.py:830} INFO - Processing file /opt/airflow/dags/data/BILLSTATUS-118-sres.zip for tasks to queue
[2024-04-06T22:04:10.041+0000] {logging_mixin.py:188} INFO - [2024-04-06T22:04:10.041+0000] {dagbag.py:540} INFO - Filling up the DagBag from /opt/airflow/dags/data/BILLSTATUS-118-sres.zip
[2024-04-06T22:04:10.046+0000] {processor.py:842} WARNING - No viable dags retrieved from /opt/airflow/dags/data/BILLSTATUS-118-sres.zip
[2024-04-06T22:04:10.057+0000] {processor.py:183} INFO - Processing /opt/airflow/dags/data/BILLSTATUS-118-sres.zip took 0.020 seconds
[2024-04-06T22:04:40.923+0000] {processor.py:161} INFO - Started process (PID=368) to work on /opt/airflow/dags/data/BILLSTATUS-118-sres.zip
[2024-04-06T22:04:40.924+0000] {processor.py:830} INFO - Processing file /opt/airflow/dags/data/BILLSTATUS-118-sres.zip for tasks to queue
[2024-04-06T22:04:40.926+0000] {logging_mixin.py:188} INFO - [2024-04-06T22:04:40.926+0000] {dagbag.py:540} INFO - Filling up the DagBag from /opt/airflow/dags/data/BILLSTATUS-118-sres.zip
[2024-04-06T22:04:40.933+0000] {processor.py:842} WARNING - No viable dags retrieved from /opt/airflow/dags/data/BILLSTATUS-118-sres.zip
[2024-04-06T22:04:40.944+0000] {processor.py:183} INFO - Processing /opt/airflow/dags/data/BILLSTATUS-118-sres.zip took 0.024 seconds
[2024-04-06T22:05:11.484+0000] {processor.py:161} INFO - Started process (PID=391) to work on /opt/airflow/dags/data/BILLSTATUS-118-sres.zip
[2024-04-06T22:05:11.485+0000] {processor.py:830} INFO - Processing file /opt/airflow/dags/data/BILLSTATUS-118-sres.zip for tasks to queue
[2024-04-06T22:05:11.487+0000] {logging_mixin.py:188} INFO - [2024-04-06T22:05:11.487+0000] {dagbag.py:540} INFO - Filling up the DagBag from /opt/airflow/dags/data/BILLSTATUS-118-sres.zip
[2024-04-06T22:05:11.492+0000] {processor.py:842} WARNING - No viable dags retrieved from /opt/airflow/dags/data/BILLSTATUS-118-sres.zip
[2024-04-06T22:05:11.501+0000] {processor.py:183} INFO - Processing /opt/airflow/dags/data/BILLSTATUS-118-sres.zip took 0.019 seconds
[2024-04-06T22:05:43.187+0000] {processor.py:161} INFO - Started process (PID=414) to work on /opt/airflow/dags/data/BILLSTATUS-118-sres.zip
[2024-04-06T22:05:43.188+0000] {processor.py:830} INFO - Processing file /opt/airflow/dags/data/BILLSTATUS-118-sres.zip for tasks to queue
[2024-04-06T22:05:43.189+0000] {logging_mixin.py:188} INFO - [2024-04-06T22:05:43.189+0000] {dagbag.py:540} INFO - Filling up the DagBag from /opt/airflow/dags/data/BILLSTATUS-118-sres.zip
[2024-04-06T22:05:43.195+0000] {processor.py:842} WARNING - No viable dags retrieved from /opt/airflow/dags/data/BILLSTATUS-118-sres.zip
[2024-04-06T22:05:43.205+0000] {processor.py:183} INFO - Processing /opt/airflow/dags/data/BILLSTATUS-118-sres.zip took 0.021 seconds
[2024-04-06T22:06:14.338+0000] {processor.py:161} INFO - Started process (PID=438) to work on /opt/airflow/dags/data/BILLSTATUS-118-sres.zip
[2024-04-06T22:06:14.338+0000] {processor.py:830} INFO - Processing file /opt/airflow/dags/data/BILLSTATUS-118-sres.zip for tasks to queue
[2024-04-06T22:06:14.340+0000] {logging_mixin.py:188} INFO - [2024-04-06T22:06:14.340+0000] {dagbag.py:540} INFO - Filling up the DagBag from /opt/airflow/dags/data/BILLSTATUS-118-sres.zip
[2024-04-06T22:06:14.344+0000] {processor.py:842} WARNING - No viable dags retrieved from /opt/airflow/dags/data/BILLSTATUS-118-sres.zip
[2024-04-06T22:06:14.354+0000] {processor.py:183} INFO - Processing /opt/airflow/dags/data/BILLSTATUS-118-sres.zip took 0.018 seconds
[2024-04-06T22:07:29.070+0000] {processor.py:161} INFO - Started process (PID=42) to work on /opt/airflow/dags/data/BILLSTATUS-118-sres.zip
[2024-04-06T22:07:29.071+0000] {processor.py:830} INFO - Processing file /opt/airflow/dags/data/BILLSTATUS-118-sres.zip for tasks to queue
[2024-04-06T22:07:29.073+0000] {logging_mixin.py:188} INFO - [2024-04-06T22:07:29.073+0000] {dagbag.py:540} INFO - Filling up the DagBag from /opt/airflow/dags/data/BILLSTATUS-118-sres.zip
[2024-04-06T22:07:29.079+0000] {processor.py:842} WARNING - No viable dags retrieved from /opt/airflow/dags/data/BILLSTATUS-118-sres.zip
[2024-04-06T22:07:29.090+0000] {processor.py:183} INFO - Processing /opt/airflow/dags/data/BILLSTATUS-118-sres.zip took 0.022 seconds
[2024-04-06T22:07:59.977+0000] {processor.py:161} INFO - Started process (PID=76) to work on /opt/airflow/dags/data/BILLSTATUS-118-sres.zip
[2024-04-06T22:07:59.978+0000] {processor.py:830} INFO - Processing file /opt/airflow/dags/data/BILLSTATUS-118-sres.zip for tasks to queue
[2024-04-06T22:07:59.978+0000] {logging_mixin.py:188} INFO - [2024-04-06T22:07:59.978+0000] {dagbag.py:540} INFO - Filling up the DagBag from /opt/airflow/dags/data/BILLSTATUS-118-sres.zip
[2024-04-06T22:07:59.983+0000] {processor.py:842} WARNING - No viable dags retrieved from /opt/airflow/dags/data/BILLSTATUS-118-sres.zip
[2024-04-06T22:07:59.993+0000] {processor.py:183} INFO - Processing /opt/airflow/dags/data/BILLSTATUS-118-sres.zip took 0.018 seconds
[2024-04-06T22:08:31.546+0000] {processor.py:161} INFO - Started process (PID=121) to work on /opt/airflow/dags/data/BILLSTATUS-118-sres.zip
[2024-04-06T22:08:31.548+0000] {processor.py:830} INFO - Processing file /opt/airflow/dags/data/BILLSTATUS-118-sres.zip for tasks to queue
[2024-04-06T22:08:31.549+0000] {logging_mixin.py:188} INFO - [2024-04-06T22:08:31.549+0000] {dagbag.py:540} INFO - Filling up the DagBag from /opt/airflow/dags/data/BILLSTATUS-118-sres.zip
[2024-04-06T22:08:31.559+0000] {processor.py:842} WARNING - No viable dags retrieved from /opt/airflow/dags/data/BILLSTATUS-118-sres.zip
[2024-04-06T22:08:31.579+0000] {processor.py:183} INFO - Processing /opt/airflow/dags/data/BILLSTATUS-118-sres.zip took 0.037 seconds
[2024-04-06T22:09:02.845+0000] {processor.py:161} INFO - Started process (PID=155) to work on /opt/airflow/dags/data/BILLSTATUS-118-sres.zip
[2024-04-06T22:09:02.846+0000] {processor.py:830} INFO - Processing file /opt/airflow/dags/data/BILLSTATUS-118-sres.zip for tasks to queue
[2024-04-06T22:09:02.847+0000] {logging_mixin.py:188} INFO - [2024-04-06T22:09:02.847+0000] {dagbag.py:540} INFO - Filling up the DagBag from /opt/airflow/dags/data/BILLSTATUS-118-sres.zip
[2024-04-06T22:09:02.859+0000] {processor.py:842} WARNING - No viable dags retrieved from /opt/airflow/dags/data/BILLSTATUS-118-sres.zip
[2024-04-06T22:09:02.876+0000] {processor.py:183} INFO - Processing /opt/airflow/dags/data/BILLSTATUS-118-sres.zip took 0.034 seconds
[2024-04-06T22:09:34.336+0000] {processor.py:161} INFO - Started process (PID=176) to work on /opt/airflow/dags/data/BILLSTATUS-118-sres.zip
[2024-04-06T22:09:34.336+0000] {processor.py:830} INFO - Processing file /opt/airflow/dags/data/BILLSTATUS-118-sres.zip for tasks to queue
[2024-04-06T22:09:34.337+0000] {logging_mixin.py:188} INFO - [2024-04-06T22:09:34.337+0000] {dagbag.py:540} INFO - Filling up the DagBag from /opt/airflow/dags/data/BILLSTATUS-118-sres.zip
[2024-04-06T22:09:34.342+0000] {processor.py:842} WARNING - No viable dags retrieved from /opt/airflow/dags/data/BILLSTATUS-118-sres.zip
[2024-04-06T22:09:34.352+0000] {processor.py:183} INFO - Processing /opt/airflow/dags/data/BILLSTATUS-118-sres.zip took 0.019 seconds
[2024-04-06T22:10:05.723+0000] {processor.py:161} INFO - Started process (PID=197) to work on /opt/airflow/dags/data/BILLSTATUS-118-sres.zip
[2024-04-06T22:10:05.724+0000] {processor.py:830} INFO - Processing file /opt/airflow/dags/data/BILLSTATUS-118-sres.zip for tasks to queue
[2024-04-06T22:10:05.724+0000] {logging_mixin.py:188} INFO - [2024-04-06T22:10:05.724+0000] {dagbag.py:540} INFO - Filling up the DagBag from /opt/airflow/dags/data/BILLSTATUS-118-sres.zip
[2024-04-06T22:10:05.729+0000] {processor.py:842} WARNING - No viable dags retrieved from /opt/airflow/dags/data/BILLSTATUS-118-sres.zip
[2024-04-06T22:10:05.739+0000] {processor.py:183} INFO - Processing /opt/airflow/dags/data/BILLSTATUS-118-sres.zip took 0.019 seconds
[2024-04-06T22:10:37.164+0000] {processor.py:161} INFO - Started process (PID=219) to work on /opt/airflow/dags/data/BILLSTATUS-118-sres.zip
[2024-04-06T22:10:37.165+0000] {processor.py:830} INFO - Processing file /opt/airflow/dags/data/BILLSTATUS-118-sres.zip for tasks to queue
[2024-04-06T22:10:37.166+0000] {logging_mixin.py:188} INFO - [2024-04-06T22:10:37.165+0000] {dagbag.py:540} INFO - Filling up the DagBag from /opt/airflow/dags/data/BILLSTATUS-118-sres.zip
[2024-04-06T22:10:37.170+0000] {processor.py:842} WARNING - No viable dags retrieved from /opt/airflow/dags/data/BILLSTATUS-118-sres.zip
[2024-04-06T22:10:37.181+0000] {processor.py:183} INFO - Processing /opt/airflow/dags/data/BILLSTATUS-118-sres.zip took 0.019 seconds
