[2024-04-06T21:34:41.376+0000] {processor.py:161} INFO - Started process (PID=400) to work on /opt/airflow/dags/data/BILLSTATUS-118-sconres.zip
[2024-04-06T21:34:41.377+0000] {processor.py:830} INFO - Processing file /opt/airflow/dags/data/BILLSTATUS-118-sconres.zip for tasks to queue
[2024-04-06T21:34:41.378+0000] {logging_mixin.py:188} INFO - [2024-04-06T21:34:41.378+0000] {dagbag.py:540} INFO - Filling up the DagBag from /opt/airflow/dags/data/BILLSTATUS-118-sconres.zip
[2024-04-06T21:34:41.380+0000] {processor.py:842} WARNING - No viable dags retrieved from /opt/airflow/dags/data/BILLSTATUS-118-sconres.zip
[2024-04-06T21:34:41.389+0000] {processor.py:183} INFO - Processing /opt/airflow/dags/data/BILLSTATUS-118-sconres.zip took 0.015 seconds
[2024-04-06T21:35:12.811+0000] {processor.py:161} INFO - Started process (PID=416) to work on /opt/airflow/dags/data/BILLSTATUS-118-sconres.zip
[2024-04-06T21:35:12.812+0000] {processor.py:830} INFO - Processing file /opt/airflow/dags/data/BILLSTATUS-118-sconres.zip for tasks to queue
[2024-04-06T21:35:12.814+0000] {logging_mixin.py:188} INFO - [2024-04-06T21:35:12.813+0000] {dagbag.py:540} INFO - Filling up the DagBag from /opt/airflow/dags/data/BILLSTATUS-118-sconres.zip
[2024-04-06T21:35:12.821+0000] {processor.py:842} WARNING - No viable dags retrieved from /opt/airflow/dags/data/BILLSTATUS-118-sconres.zip
[2024-04-06T21:35:12.835+0000] {processor.py:183} INFO - Processing /opt/airflow/dags/data/BILLSTATUS-118-sconres.zip took 0.028 seconds
[2024-04-06T21:35:44.370+0000] {processor.py:161} INFO - Started process (PID=432) to work on /opt/airflow/dags/data/BILLSTATUS-118-sconres.zip
[2024-04-06T21:35:44.371+0000] {processor.py:830} INFO - Processing file /opt/airflow/dags/data/BILLSTATUS-118-sconres.zip for tasks to queue
[2024-04-06T21:35:44.373+0000] {logging_mixin.py:188} INFO - [2024-04-06T21:35:44.372+0000] {dagbag.py:540} INFO - Filling up the DagBag from /opt/airflow/dags/data/BILLSTATUS-118-sconres.zip
[2024-04-06T21:35:44.375+0000] {processor.py:842} WARNING - No viable dags retrieved from /opt/airflow/dags/data/BILLSTATUS-118-sconres.zip
[2024-04-06T21:35:44.385+0000] {processor.py:183} INFO - Processing /opt/airflow/dags/data/BILLSTATUS-118-sconres.zip took 0.017 seconds
[2024-04-06T21:37:39.638+0000] {processor.py:161} INFO - Started process (PID=38) to work on /opt/airflow/dags/data/BILLSTATUS-118-sconres.zip
[2024-04-06T21:37:39.640+0000] {processor.py:830} INFO - Processing file /opt/airflow/dags/data/BILLSTATUS-118-sconres.zip for tasks to queue
[2024-04-06T21:37:39.642+0000] {logging_mixin.py:188} INFO - [2024-04-06T21:37:39.642+0000] {dagbag.py:540} INFO - Filling up the DagBag from /opt/airflow/dags/data/BILLSTATUS-118-sconres.zip
[2024-04-06T21:37:39.645+0000] {processor.py:842} WARNING - No viable dags retrieved from /opt/airflow/dags/data/BILLSTATUS-118-sconres.zip
[2024-04-06T21:37:39.657+0000] {processor.py:183} INFO - Processing /opt/airflow/dags/data/BILLSTATUS-118-sconres.zip took 0.021 seconds
[2024-04-06T21:38:11.123+0000] {processor.py:161} INFO - Started process (PID=54) to work on /opt/airflow/dags/data/BILLSTATUS-118-sconres.zip
[2024-04-06T21:38:11.124+0000] {processor.py:830} INFO - Processing file /opt/airflow/dags/data/BILLSTATUS-118-sconres.zip for tasks to queue
[2024-04-06T21:38:11.126+0000] {logging_mixin.py:188} INFO - [2024-04-06T21:38:11.126+0000] {dagbag.py:540} INFO - Filling up the DagBag from /opt/airflow/dags/data/BILLSTATUS-118-sconres.zip
[2024-04-06T21:38:11.128+0000] {processor.py:842} WARNING - No viable dags retrieved from /opt/airflow/dags/data/BILLSTATUS-118-sconres.zip
[2024-04-06T21:38:11.139+0000] {processor.py:183} INFO - Processing /opt/airflow/dags/data/BILLSTATUS-118-sconres.zip took 0.018 seconds
[2024-04-06T21:38:42.044+0000] {processor.py:161} INFO - Started process (PID=79) to work on /opt/airflow/dags/data/BILLSTATUS-118-sconres.zip
[2024-04-06T21:38:42.045+0000] {processor.py:830} INFO - Processing file /opt/airflow/dags/data/BILLSTATUS-118-sconres.zip for tasks to queue
[2024-04-06T21:38:42.046+0000] {logging_mixin.py:188} INFO - [2024-04-06T21:38:42.046+0000] {dagbag.py:540} INFO - Filling up the DagBag from /opt/airflow/dags/data/BILLSTATUS-118-sconres.zip
[2024-04-06T21:38:42.049+0000] {processor.py:842} WARNING - No viable dags retrieved from /opt/airflow/dags/data/BILLSTATUS-118-sconres.zip
[2024-04-06T21:38:42.058+0000] {processor.py:183} INFO - Processing /opt/airflow/dags/data/BILLSTATUS-118-sconres.zip took 0.017 seconds
[2024-04-06T21:39:13.471+0000] {processor.py:161} INFO - Started process (PID=95) to work on /opt/airflow/dags/data/BILLSTATUS-118-sconres.zip
[2024-04-06T21:39:13.472+0000] {processor.py:830} INFO - Processing file /opt/airflow/dags/data/BILLSTATUS-118-sconres.zip for tasks to queue
[2024-04-06T21:39:13.474+0000] {logging_mixin.py:188} INFO - [2024-04-06T21:39:13.474+0000] {dagbag.py:540} INFO - Filling up the DagBag from /opt/airflow/dags/data/BILLSTATUS-118-sconres.zip
[2024-04-06T21:39:13.476+0000] {processor.py:842} WARNING - No viable dags retrieved from /opt/airflow/dags/data/BILLSTATUS-118-sconres.zip
[2024-04-06T21:39:13.488+0000] {processor.py:183} INFO - Processing /opt/airflow/dags/data/BILLSTATUS-118-sconres.zip took 0.019 seconds
[2024-04-06T21:39:45.594+0000] {processor.py:161} INFO - Started process (PID=117) to work on /opt/airflow/dags/data/BILLSTATUS-118-sconres.zip
[2024-04-06T21:39:45.595+0000] {processor.py:830} INFO - Processing file /opt/airflow/dags/data/BILLSTATUS-118-sconres.zip for tasks to queue
[2024-04-06T21:39:45.597+0000] {logging_mixin.py:188} INFO - [2024-04-06T21:39:45.597+0000] {dagbag.py:540} INFO - Filling up the DagBag from /opt/airflow/dags/data/BILLSTATUS-118-sconres.zip
[2024-04-06T21:39:45.599+0000] {processor.py:842} WARNING - No viable dags retrieved from /opt/airflow/dags/data/BILLSTATUS-118-sconres.zip
[2024-04-06T21:39:45.615+0000] {processor.py:183} INFO - Processing /opt/airflow/dags/data/BILLSTATUS-118-sconres.zip took 0.024 seconds
[2024-04-06T21:40:16.816+0000] {processor.py:161} INFO - Started process (PID=136) to work on /opt/airflow/dags/data/BILLSTATUS-118-sconres.zip
[2024-04-06T21:40:16.818+0000] {processor.py:830} INFO - Processing file /opt/airflow/dags/data/BILLSTATUS-118-sconres.zip for tasks to queue
[2024-04-06T21:40:16.821+0000] {logging_mixin.py:188} INFO - [2024-04-06T21:40:16.821+0000] {dagbag.py:540} INFO - Filling up the DagBag from /opt/airflow/dags/data/BILLSTATUS-118-sconres.zip
[2024-04-06T21:40:16.823+0000] {processor.py:842} WARNING - No viable dags retrieved from /opt/airflow/dags/data/BILLSTATUS-118-sconres.zip
[2024-04-06T21:40:16.834+0000] {processor.py:183} INFO - Processing /opt/airflow/dags/data/BILLSTATUS-118-sconres.zip took 0.022 seconds
[2024-04-06T21:40:48.318+0000] {processor.py:161} INFO - Started process (PID=152) to work on /opt/airflow/dags/data/BILLSTATUS-118-sconres.zip
[2024-04-06T21:40:48.318+0000] {processor.py:830} INFO - Processing file /opt/airflow/dags/data/BILLSTATUS-118-sconres.zip for tasks to queue
[2024-04-06T21:40:48.320+0000] {logging_mixin.py:188} INFO - [2024-04-06T21:40:48.320+0000] {dagbag.py:540} INFO - Filling up the DagBag from /opt/airflow/dags/data/BILLSTATUS-118-sconres.zip
[2024-04-06T21:40:48.322+0000] {processor.py:842} WARNING - No viable dags retrieved from /opt/airflow/dags/data/BILLSTATUS-118-sconres.zip
[2024-04-06T21:40:48.332+0000] {processor.py:183} INFO - Processing /opt/airflow/dags/data/BILLSTATUS-118-sconres.zip took 0.017 seconds
[2024-04-06T21:41:19.816+0000] {processor.py:161} INFO - Started process (PID=168) to work on /opt/airflow/dags/data/BILLSTATUS-118-sconres.zip
[2024-04-06T21:41:19.816+0000] {processor.py:830} INFO - Processing file /opt/airflow/dags/data/BILLSTATUS-118-sconres.zip for tasks to queue
[2024-04-06T21:41:19.818+0000] {logging_mixin.py:188} INFO - [2024-04-06T21:41:19.818+0000] {dagbag.py:540} INFO - Filling up the DagBag from /opt/airflow/dags/data/BILLSTATUS-118-sconres.zip
[2024-04-06T21:41:19.820+0000] {processor.py:842} WARNING - No viable dags retrieved from /opt/airflow/dags/data/BILLSTATUS-118-sconres.zip
[2024-04-06T21:41:19.830+0000] {processor.py:183} INFO - Processing /opt/airflow/dags/data/BILLSTATUS-118-sconres.zip took 0.017 seconds
[2024-04-06T21:41:51.390+0000] {processor.py:161} INFO - Started process (PID=184) to work on /opt/airflow/dags/data/BILLSTATUS-118-sconres.zip
[2024-04-06T21:41:51.391+0000] {processor.py:830} INFO - Processing file /opt/airflow/dags/data/BILLSTATUS-118-sconres.zip for tasks to queue
[2024-04-06T21:41:51.393+0000] {logging_mixin.py:188} INFO - [2024-04-06T21:41:51.393+0000] {dagbag.py:540} INFO - Filling up the DagBag from /opt/airflow/dags/data/BILLSTATUS-118-sconres.zip
[2024-04-06T21:41:51.395+0000] {processor.py:842} WARNING - No viable dags retrieved from /opt/airflow/dags/data/BILLSTATUS-118-sconres.zip
[2024-04-06T21:41:51.405+0000] {processor.py:183} INFO - Processing /opt/airflow/dags/data/BILLSTATUS-118-sconres.zip took 0.017 seconds
[2024-04-06T21:42:22.868+0000] {processor.py:161} INFO - Started process (PID=200) to work on /opt/airflow/dags/data/BILLSTATUS-118-sconres.zip
[2024-04-06T21:42:22.869+0000] {processor.py:830} INFO - Processing file /opt/airflow/dags/data/BILLSTATUS-118-sconres.zip for tasks to queue
[2024-04-06T21:42:22.870+0000] {logging_mixin.py:188} INFO - [2024-04-06T21:42:22.870+0000] {dagbag.py:540} INFO - Filling up the DagBag from /opt/airflow/dags/data/BILLSTATUS-118-sconres.zip
[2024-04-06T21:42:22.872+0000] {processor.py:842} WARNING - No viable dags retrieved from /opt/airflow/dags/data/BILLSTATUS-118-sconres.zip
[2024-04-06T21:42:22.882+0000] {processor.py:183} INFO - Processing /opt/airflow/dags/data/BILLSTATUS-118-sconres.zip took 0.016 seconds
[2024-04-06T21:42:54.236+0000] {processor.py:161} INFO - Started process (PID=216) to work on /opt/airflow/dags/data/BILLSTATUS-118-sconres.zip
[2024-04-06T21:42:54.237+0000] {processor.py:830} INFO - Processing file /opt/airflow/dags/data/BILLSTATUS-118-sconres.zip for tasks to queue
[2024-04-06T21:42:54.238+0000] {logging_mixin.py:188} INFO - [2024-04-06T21:42:54.238+0000] {dagbag.py:540} INFO - Filling up the DagBag from /opt/airflow/dags/data/BILLSTATUS-118-sconres.zip
[2024-04-06T21:42:54.240+0000] {processor.py:842} WARNING - No viable dags retrieved from /opt/airflow/dags/data/BILLSTATUS-118-sconres.zip
[2024-04-06T21:42:54.250+0000] {processor.py:183} INFO - Processing /opt/airflow/dags/data/BILLSTATUS-118-sconres.zip took 0.017 seconds
[2024-04-06T21:43:25.773+0000] {processor.py:161} INFO - Started process (PID=232) to work on /opt/airflow/dags/data/BILLSTATUS-118-sconres.zip
[2024-04-06T21:43:25.773+0000] {processor.py:830} INFO - Processing file /opt/airflow/dags/data/BILLSTATUS-118-sconres.zip for tasks to queue
[2024-04-06T21:43:25.775+0000] {logging_mixin.py:188} INFO - [2024-04-06T21:43:25.775+0000] {dagbag.py:540} INFO - Filling up the DagBag from /opt/airflow/dags/data/BILLSTATUS-118-sconres.zip
[2024-04-06T21:43:25.777+0000] {processor.py:842} WARNING - No viable dags retrieved from /opt/airflow/dags/data/BILLSTATUS-118-sconres.zip
[2024-04-06T21:43:25.787+0000] {processor.py:183} INFO - Processing /opt/airflow/dags/data/BILLSTATUS-118-sconres.zip took 0.017 seconds
[2024-04-06T21:43:57.350+0000] {processor.py:161} INFO - Started process (PID=255) to work on /opt/airflow/dags/data/BILLSTATUS-118-sconres.zip
[2024-04-06T21:43:57.351+0000] {processor.py:830} INFO - Processing file /opt/airflow/dags/data/BILLSTATUS-118-sconres.zip for tasks to queue
[2024-04-06T21:43:57.352+0000] {logging_mixin.py:188} INFO - [2024-04-06T21:43:57.352+0000] {dagbag.py:540} INFO - Filling up the DagBag from /opt/airflow/dags/data/BILLSTATUS-118-sconres.zip
[2024-04-06T21:43:57.354+0000] {processor.py:842} WARNING - No viable dags retrieved from /opt/airflow/dags/data/BILLSTATUS-118-sconres.zip
[2024-04-06T21:43:57.364+0000] {processor.py:183} INFO - Processing /opt/airflow/dags/data/BILLSTATUS-118-sconres.zip took 0.017 seconds
[2024-04-06T21:44:28.753+0000] {processor.py:161} INFO - Started process (PID=271) to work on /opt/airflow/dags/data/BILLSTATUS-118-sconres.zip
[2024-04-06T21:44:28.754+0000] {processor.py:830} INFO - Processing file /opt/airflow/dags/data/BILLSTATUS-118-sconres.zip for tasks to queue
[2024-04-06T21:44:28.756+0000] {logging_mixin.py:188} INFO - [2024-04-06T21:44:28.755+0000] {dagbag.py:540} INFO - Filling up the DagBag from /opt/airflow/dags/data/BILLSTATUS-118-sconres.zip
[2024-04-06T21:44:28.759+0000] {processor.py:842} WARNING - No viable dags retrieved from /opt/airflow/dags/data/BILLSTATUS-118-sconres.zip
[2024-04-06T21:44:28.770+0000] {processor.py:183} INFO - Processing /opt/airflow/dags/data/BILLSTATUS-118-sconres.zip took 0.020 seconds
[2024-04-06T21:45:00.409+0000] {processor.py:161} INFO - Started process (PID=287) to work on /opt/airflow/dags/data/BILLSTATUS-118-sconres.zip
[2024-04-06T21:45:00.410+0000] {processor.py:830} INFO - Processing file /opt/airflow/dags/data/BILLSTATUS-118-sconres.zip for tasks to queue
[2024-04-06T21:45:00.412+0000] {logging_mixin.py:188} INFO - [2024-04-06T21:45:00.411+0000] {dagbag.py:540} INFO - Filling up the DagBag from /opt/airflow/dags/data/BILLSTATUS-118-sconres.zip
[2024-04-06T21:45:00.414+0000] {processor.py:842} WARNING - No viable dags retrieved from /opt/airflow/dags/data/BILLSTATUS-118-sconres.zip
[2024-04-06T21:45:00.425+0000] {processor.py:183} INFO - Processing /opt/airflow/dags/data/BILLSTATUS-118-sconres.zip took 0.018 seconds
[2024-04-06T21:45:31.867+0000] {processor.py:161} INFO - Started process (PID=303) to work on /opt/airflow/dags/data/BILLSTATUS-118-sconres.zip
[2024-04-06T21:45:31.868+0000] {processor.py:830} INFO - Processing file /opt/airflow/dags/data/BILLSTATUS-118-sconres.zip for tasks to queue
[2024-04-06T21:45:31.870+0000] {logging_mixin.py:188} INFO - [2024-04-06T21:45:31.869+0000] {dagbag.py:540} INFO - Filling up the DagBag from /opt/airflow/dags/data/BILLSTATUS-118-sconres.zip
[2024-04-06T21:45:31.872+0000] {processor.py:842} WARNING - No viable dags retrieved from /opt/airflow/dags/data/BILLSTATUS-118-sconres.zip
[2024-04-06T21:45:31.883+0000] {processor.py:183} INFO - Processing /opt/airflow/dags/data/BILLSTATUS-118-sconres.zip took 0.019 seconds
[2024-04-06T21:46:03.239+0000] {processor.py:161} INFO - Started process (PID=319) to work on /opt/airflow/dags/data/BILLSTATUS-118-sconres.zip
[2024-04-06T21:46:03.240+0000] {processor.py:830} INFO - Processing file /opt/airflow/dags/data/BILLSTATUS-118-sconres.zip for tasks to queue
[2024-04-06T21:46:03.241+0000] {logging_mixin.py:188} INFO - [2024-04-06T21:46:03.241+0000] {dagbag.py:540} INFO - Filling up the DagBag from /opt/airflow/dags/data/BILLSTATUS-118-sconres.zip
[2024-04-06T21:46:03.243+0000] {processor.py:842} WARNING - No viable dags retrieved from /opt/airflow/dags/data/BILLSTATUS-118-sconres.zip
[2024-04-06T21:46:03.253+0000] {processor.py:183} INFO - Processing /opt/airflow/dags/data/BILLSTATUS-118-sconres.zip took 0.017 seconds
[2024-04-06T21:46:34.610+0000] {processor.py:161} INFO - Started process (PID=335) to work on /opt/airflow/dags/data/BILLSTATUS-118-sconres.zip
[2024-04-06T21:46:34.611+0000] {processor.py:830} INFO - Processing file /opt/airflow/dags/data/BILLSTATUS-118-sconres.zip for tasks to queue
[2024-04-06T21:46:34.612+0000] {logging_mixin.py:188} INFO - [2024-04-06T21:46:34.612+0000] {dagbag.py:540} INFO - Filling up the DagBag from /opt/airflow/dags/data/BILLSTATUS-118-sconres.zip
[2024-04-06T21:46:34.615+0000] {processor.py:842} WARNING - No viable dags retrieved from /opt/airflow/dags/data/BILLSTATUS-118-sconres.zip
[2024-04-06T21:46:34.625+0000] {processor.py:183} INFO - Processing /opt/airflow/dags/data/BILLSTATUS-118-sconres.zip took 0.018 seconds
[2024-04-06T21:47:05.983+0000] {processor.py:161} INFO - Started process (PID=351) to work on /opt/airflow/dags/data/BILLSTATUS-118-sconres.zip
[2024-04-06T21:47:05.984+0000] {processor.py:830} INFO - Processing file /opt/airflow/dags/data/BILLSTATUS-118-sconres.zip for tasks to queue
[2024-04-06T21:47:05.986+0000] {logging_mixin.py:188} INFO - [2024-04-06T21:47:05.985+0000] {dagbag.py:540} INFO - Filling up the DagBag from /opt/airflow/dags/data/BILLSTATUS-118-sconres.zip
[2024-04-06T21:47:05.987+0000] {processor.py:842} WARNING - No viable dags retrieved from /opt/airflow/dags/data/BILLSTATUS-118-sconres.zip
[2024-04-06T21:47:05.997+0000] {processor.py:183} INFO - Processing /opt/airflow/dags/data/BILLSTATUS-118-sconres.zip took 0.016 seconds
[2024-04-06T21:47:37.152+0000] {processor.py:161} INFO - Started process (PID=367) to work on /opt/airflow/dags/data/BILLSTATUS-118-sconres.zip
[2024-04-06T21:47:37.152+0000] {processor.py:830} INFO - Processing file /opt/airflow/dags/data/BILLSTATUS-118-sconres.zip for tasks to queue
[2024-04-06T21:47:37.154+0000] {logging_mixin.py:188} INFO - [2024-04-06T21:47:37.154+0000] {dagbag.py:540} INFO - Filling up the DagBag from /opt/airflow/dags/data/BILLSTATUS-118-sconres.zip
[2024-04-06T21:47:37.156+0000] {processor.py:842} WARNING - No viable dags retrieved from /opt/airflow/dags/data/BILLSTATUS-118-sconres.zip
[2024-04-06T21:47:37.166+0000] {processor.py:183} INFO - Processing /opt/airflow/dags/data/BILLSTATUS-118-sconres.zip took 0.017 seconds
[2024-04-06T21:48:08.647+0000] {processor.py:161} INFO - Started process (PID=384) to work on /opt/airflow/dags/data/BILLSTATUS-118-sconres.zip
[2024-04-06T21:48:08.648+0000] {processor.py:830} INFO - Processing file /opt/airflow/dags/data/BILLSTATUS-118-sconres.zip for tasks to queue
[2024-04-06T21:48:08.649+0000] {logging_mixin.py:188} INFO - [2024-04-06T21:48:08.649+0000] {dagbag.py:540} INFO - Filling up the DagBag from /opt/airflow/dags/data/BILLSTATUS-118-sconres.zip
[2024-04-06T21:48:08.651+0000] {processor.py:842} WARNING - No viable dags retrieved from /opt/airflow/dags/data/BILLSTATUS-118-sconres.zip
[2024-04-06T21:48:08.661+0000] {processor.py:183} INFO - Processing /opt/airflow/dags/data/BILLSTATUS-118-sconres.zip took 0.016 seconds
[2024-04-06T21:48:40.108+0000] {processor.py:161} INFO - Started process (PID=400) to work on /opt/airflow/dags/data/BILLSTATUS-118-sconres.zip
[2024-04-06T21:48:40.110+0000] {processor.py:830} INFO - Processing file /opt/airflow/dags/data/BILLSTATUS-118-sconres.zip for tasks to queue
[2024-04-06T21:48:40.112+0000] {logging_mixin.py:188} INFO - [2024-04-06T21:48:40.111+0000] {dagbag.py:540} INFO - Filling up the DagBag from /opt/airflow/dags/data/BILLSTATUS-118-sconres.zip
[2024-04-06T21:48:40.114+0000] {processor.py:842} WARNING - No viable dags retrieved from /opt/airflow/dags/data/BILLSTATUS-118-sconres.zip
[2024-04-06T21:48:40.129+0000] {processor.py:183} INFO - Processing /opt/airflow/dags/data/BILLSTATUS-118-sconres.zip took 0.025 seconds
[2024-04-06T21:50:26.865+0000] {processor.py:161} INFO - Started process (PID=38) to work on /opt/airflow/dags/data/BILLSTATUS-118-sconres.zip
[2024-04-06T21:50:26.866+0000] {processor.py:830} INFO - Processing file /opt/airflow/dags/data/BILLSTATUS-118-sconres.zip for tasks to queue
[2024-04-06T21:50:26.869+0000] {logging_mixin.py:188} INFO - [2024-04-06T21:50:26.868+0000] {dagbag.py:540} INFO - Filling up the DagBag from /opt/airflow/dags/data/BILLSTATUS-118-sconres.zip
[2024-04-06T21:50:26.873+0000] {processor.py:842} WARNING - No viable dags retrieved from /opt/airflow/dags/data/BILLSTATUS-118-sconres.zip
[2024-04-06T21:50:26.892+0000] {processor.py:183} INFO - Processing /opt/airflow/dags/data/BILLSTATUS-118-sconres.zip took 0.030 seconds
[2024-04-06T21:50:58.437+0000] {processor.py:161} INFO - Started process (PID=54) to work on /opt/airflow/dags/data/BILLSTATUS-118-sconres.zip
[2024-04-06T21:50:58.438+0000] {processor.py:830} INFO - Processing file /opt/airflow/dags/data/BILLSTATUS-118-sconres.zip for tasks to queue
[2024-04-06T21:50:58.440+0000] {logging_mixin.py:188} INFO - [2024-04-06T21:50:58.439+0000] {dagbag.py:540} INFO - Filling up the DagBag from /opt/airflow/dags/data/BILLSTATUS-118-sconres.zip
[2024-04-06T21:50:58.443+0000] {processor.py:842} WARNING - No viable dags retrieved from /opt/airflow/dags/data/BILLSTATUS-118-sconres.zip
[2024-04-06T21:50:58.453+0000] {processor.py:183} INFO - Processing /opt/airflow/dags/data/BILLSTATUS-118-sconres.zip took 0.018 seconds
[2024-04-06T21:51:29.810+0000] {processor.py:161} INFO - Started process (PID=70) to work on /opt/airflow/dags/data/BILLSTATUS-118-sconres.zip
[2024-04-06T21:51:29.811+0000] {processor.py:830} INFO - Processing file /opt/airflow/dags/data/BILLSTATUS-118-sconres.zip for tasks to queue
[2024-04-06T21:51:29.812+0000] {logging_mixin.py:188} INFO - [2024-04-06T21:51:29.812+0000] {dagbag.py:540} INFO - Filling up the DagBag from /opt/airflow/dags/data/BILLSTATUS-118-sconres.zip
[2024-04-06T21:51:29.814+0000] {processor.py:842} WARNING - No viable dags retrieved from /opt/airflow/dags/data/BILLSTATUS-118-sconres.zip
[2024-04-06T21:51:29.824+0000] {processor.py:183} INFO - Processing /opt/airflow/dags/data/BILLSTATUS-118-sconres.zip took 0.016 seconds
[2024-04-06T21:52:01.220+0000] {processor.py:161} INFO - Started process (PID=86) to work on /opt/airflow/dags/data/BILLSTATUS-118-sconres.zip
[2024-04-06T21:52:01.221+0000] {processor.py:830} INFO - Processing file /opt/airflow/dags/data/BILLSTATUS-118-sconres.zip for tasks to queue
[2024-04-06T21:52:01.222+0000] {logging_mixin.py:188} INFO - [2024-04-06T21:52:01.222+0000] {dagbag.py:540} INFO - Filling up the DagBag from /opt/airflow/dags/data/BILLSTATUS-118-sconres.zip
[2024-04-06T21:52:01.224+0000] {processor.py:842} WARNING - No viable dags retrieved from /opt/airflow/dags/data/BILLSTATUS-118-sconres.zip
[2024-04-06T21:52:01.234+0000] {processor.py:183} INFO - Processing /opt/airflow/dags/data/BILLSTATUS-118-sconres.zip took 0.017 seconds
[2024-04-06T21:52:32.844+0000] {processor.py:161} INFO - Started process (PID=102) to work on /opt/airflow/dags/data/BILLSTATUS-118-sconres.zip
[2024-04-06T21:52:32.844+0000] {processor.py:830} INFO - Processing file /opt/airflow/dags/data/BILLSTATUS-118-sconres.zip for tasks to queue
[2024-04-06T21:52:32.846+0000] {logging_mixin.py:188} INFO - [2024-04-06T21:52:32.846+0000] {dagbag.py:540} INFO - Filling up the DagBag from /opt/airflow/dags/data/BILLSTATUS-118-sconres.zip
[2024-04-06T21:52:32.848+0000] {processor.py:842} WARNING - No viable dags retrieved from /opt/airflow/dags/data/BILLSTATUS-118-sconres.zip
[2024-04-06T21:52:32.858+0000] {processor.py:183} INFO - Processing /opt/airflow/dags/data/BILLSTATUS-118-sconres.zip took 0.017 seconds
[2024-04-06T21:53:04.458+0000] {processor.py:161} INFO - Started process (PID=118) to work on /opt/airflow/dags/data/BILLSTATUS-118-sconres.zip
[2024-04-06T21:53:04.459+0000] {processor.py:830} INFO - Processing file /opt/airflow/dags/data/BILLSTATUS-118-sconres.zip for tasks to queue
[2024-04-06T21:53:04.461+0000] {logging_mixin.py:188} INFO - [2024-04-06T21:53:04.460+0000] {dagbag.py:540} INFO - Filling up the DagBag from /opt/airflow/dags/data/BILLSTATUS-118-sconres.zip
[2024-04-06T21:53:04.463+0000] {processor.py:842} WARNING - No viable dags retrieved from /opt/airflow/dags/data/BILLSTATUS-118-sconres.zip
[2024-04-06T21:53:04.475+0000] {processor.py:183} INFO - Processing /opt/airflow/dags/data/BILLSTATUS-118-sconres.zip took 0.020 seconds
[2024-04-06T21:53:35.942+0000] {processor.py:161} INFO - Started process (PID=135) to work on /opt/airflow/dags/data/BILLSTATUS-118-sconres.zip
[2024-04-06T21:53:35.943+0000] {processor.py:830} INFO - Processing file /opt/airflow/dags/data/BILLSTATUS-118-sconres.zip for tasks to queue
[2024-04-06T21:53:35.944+0000] {logging_mixin.py:188} INFO - [2024-04-06T21:53:35.944+0000] {dagbag.py:540} INFO - Filling up the DagBag from /opt/airflow/dags/data/BILLSTATUS-118-sconres.zip
[2024-04-06T21:53:35.946+0000] {processor.py:842} WARNING - No viable dags retrieved from /opt/airflow/dags/data/BILLSTATUS-118-sconres.zip
[2024-04-06T21:53:35.956+0000] {processor.py:183} INFO - Processing /opt/airflow/dags/data/BILLSTATUS-118-sconres.zip took 0.018 seconds
[2024-04-06T21:54:07.400+0000] {processor.py:161} INFO - Started process (PID=151) to work on /opt/airflow/dags/data/BILLSTATUS-118-sconres.zip
[2024-04-06T21:54:07.401+0000] {processor.py:830} INFO - Processing file /opt/airflow/dags/data/BILLSTATUS-118-sconres.zip for tasks to queue
[2024-04-06T21:54:07.402+0000] {logging_mixin.py:188} INFO - [2024-04-06T21:54:07.402+0000] {dagbag.py:540} INFO - Filling up the DagBag from /opt/airflow/dags/data/BILLSTATUS-118-sconres.zip
[2024-04-06T21:54:07.405+0000] {processor.py:842} WARNING - No viable dags retrieved from /opt/airflow/dags/data/BILLSTATUS-118-sconres.zip
[2024-04-06T21:54:07.414+0000] {processor.py:183} INFO - Processing /opt/airflow/dags/data/BILLSTATUS-118-sconres.zip took 0.017 seconds
[2024-04-06T21:54:38.850+0000] {processor.py:161} INFO - Started process (PID=167) to work on /opt/airflow/dags/data/BILLSTATUS-118-sconres.zip
[2024-04-06T21:54:38.850+0000] {processor.py:830} INFO - Processing file /opt/airflow/dags/data/BILLSTATUS-118-sconres.zip for tasks to queue
[2024-04-06T21:54:38.852+0000] {logging_mixin.py:188} INFO - [2024-04-06T21:54:38.852+0000] {dagbag.py:540} INFO - Filling up the DagBag from /opt/airflow/dags/data/BILLSTATUS-118-sconres.zip
[2024-04-06T21:54:38.854+0000] {processor.py:842} WARNING - No viable dags retrieved from /opt/airflow/dags/data/BILLSTATUS-118-sconres.zip
[2024-04-06T21:54:38.864+0000] {processor.py:183} INFO - Processing /opt/airflow/dags/data/BILLSTATUS-118-sconres.zip took 0.017 seconds
[2024-04-06T21:55:49.106+0000] {processor.py:161} INFO - Started process (PID=38) to work on /opt/airflow/dags/data/BILLSTATUS-118-sconres.zip
[2024-04-06T21:55:49.107+0000] {processor.py:830} INFO - Processing file /opt/airflow/dags/data/BILLSTATUS-118-sconres.zip for tasks to queue
[2024-04-06T21:55:49.109+0000] {logging_mixin.py:188} INFO - [2024-04-06T21:55:49.109+0000] {dagbag.py:540} INFO - Filling up the DagBag from /opt/airflow/dags/data/BILLSTATUS-118-sconres.zip
[2024-04-06T21:55:49.112+0000] {processor.py:842} WARNING - No viable dags retrieved from /opt/airflow/dags/data/BILLSTATUS-118-sconres.zip
[2024-04-06T21:55:49.124+0000] {processor.py:183} INFO - Processing /opt/airflow/dags/data/BILLSTATUS-118-sconres.zip took 0.021 seconds
[2024-04-06T21:56:20.184+0000] {processor.py:161} INFO - Started process (PID=54) to work on /opt/airflow/dags/data/BILLSTATUS-118-sconres.zip
[2024-04-06T21:56:20.185+0000] {processor.py:830} INFO - Processing file /opt/airflow/dags/data/BILLSTATUS-118-sconres.zip for tasks to queue
[2024-04-06T21:56:20.187+0000] {logging_mixin.py:188} INFO - [2024-04-06T21:56:20.187+0000] {dagbag.py:540} INFO - Filling up the DagBag from /opt/airflow/dags/data/BILLSTATUS-118-sconres.zip
[2024-04-06T21:56:20.189+0000] {processor.py:842} WARNING - No viable dags retrieved from /opt/airflow/dags/data/BILLSTATUS-118-sconres.zip
[2024-04-06T21:56:20.198+0000] {processor.py:183} INFO - Processing /opt/airflow/dags/data/BILLSTATUS-118-sconres.zip took 0.016 seconds
[2024-04-06T21:56:51.625+0000] {processor.py:161} INFO - Started process (PID=70) to work on /opt/airflow/dags/data/BILLSTATUS-118-sconres.zip
[2024-04-06T21:56:51.625+0000] {processor.py:830} INFO - Processing file /opt/airflow/dags/data/BILLSTATUS-118-sconres.zip for tasks to queue
[2024-04-06T21:56:51.627+0000] {logging_mixin.py:188} INFO - [2024-04-06T21:56:51.627+0000] {dagbag.py:540} INFO - Filling up the DagBag from /opt/airflow/dags/data/BILLSTATUS-118-sconres.zip
[2024-04-06T21:56:51.629+0000] {processor.py:842} WARNING - No viable dags retrieved from /opt/airflow/dags/data/BILLSTATUS-118-sconres.zip
[2024-04-06T21:56:51.638+0000] {processor.py:183} INFO - Processing /opt/airflow/dags/data/BILLSTATUS-118-sconres.zip took 0.016 seconds
[2024-04-06T21:57:23.080+0000] {processor.py:161} INFO - Started process (PID=86) to work on /opt/airflow/dags/data/BILLSTATUS-118-sconres.zip
[2024-04-06T21:57:23.081+0000] {processor.py:830} INFO - Processing file /opt/airflow/dags/data/BILLSTATUS-118-sconres.zip for tasks to queue
[2024-04-06T21:57:23.082+0000] {logging_mixin.py:188} INFO - [2024-04-06T21:57:23.082+0000] {dagbag.py:540} INFO - Filling up the DagBag from /opt/airflow/dags/data/BILLSTATUS-118-sconres.zip
[2024-04-06T21:57:23.084+0000] {processor.py:842} WARNING - No viable dags retrieved from /opt/airflow/dags/data/BILLSTATUS-118-sconres.zip
[2024-04-06T21:57:23.094+0000] {processor.py:183} INFO - Processing /opt/airflow/dags/data/BILLSTATUS-118-sconres.zip took 0.016 seconds
[2024-04-06T21:57:54.521+0000] {processor.py:161} INFO - Started process (PID=102) to work on /opt/airflow/dags/data/BILLSTATUS-118-sconres.zip
[2024-04-06T21:57:54.521+0000] {processor.py:830} INFO - Processing file /opt/airflow/dags/data/BILLSTATUS-118-sconres.zip for tasks to queue
[2024-04-06T21:57:54.523+0000] {logging_mixin.py:188} INFO - [2024-04-06T21:57:54.523+0000] {dagbag.py:540} INFO - Filling up the DagBag from /opt/airflow/dags/data/BILLSTATUS-118-sconres.zip
[2024-04-06T21:57:54.524+0000] {processor.py:842} WARNING - No viable dags retrieved from /opt/airflow/dags/data/BILLSTATUS-118-sconres.zip
[2024-04-06T21:57:54.533+0000] {processor.py:183} INFO - Processing /opt/airflow/dags/data/BILLSTATUS-118-sconres.zip took 0.016 seconds
[2024-04-06T21:58:25.275+0000] {processor.py:161} INFO - Started process (PID=118) to work on /opt/airflow/dags/data/BILLSTATUS-118-sconres.zip
[2024-04-06T21:58:25.276+0000] {processor.py:830} INFO - Processing file /opt/airflow/dags/data/BILLSTATUS-118-sconres.zip for tasks to queue
[2024-04-06T21:58:25.277+0000] {logging_mixin.py:188} INFO - [2024-04-06T21:58:25.277+0000] {dagbag.py:540} INFO - Filling up the DagBag from /opt/airflow/dags/data/BILLSTATUS-118-sconres.zip
[2024-04-06T21:58:25.279+0000] {processor.py:842} WARNING - No viable dags retrieved from /opt/airflow/dags/data/BILLSTATUS-118-sconres.zip
[2024-04-06T21:58:25.289+0000] {processor.py:183} INFO - Processing /opt/airflow/dags/data/BILLSTATUS-118-sconres.zip took 0.017 seconds
[2024-04-06T21:58:56.639+0000] {processor.py:161} INFO - Started process (PID=134) to work on /opt/airflow/dags/data/BILLSTATUS-118-sconres.zip
[2024-04-06T21:58:56.640+0000] {processor.py:830} INFO - Processing file /opt/airflow/dags/data/BILLSTATUS-118-sconres.zip for tasks to queue
[2024-04-06T21:58:56.641+0000] {logging_mixin.py:188} INFO - [2024-04-06T21:58:56.641+0000] {dagbag.py:540} INFO - Filling up the DagBag from /opt/airflow/dags/data/BILLSTATUS-118-sconres.zip
[2024-04-06T21:58:56.643+0000] {processor.py:842} WARNING - No viable dags retrieved from /opt/airflow/dags/data/BILLSTATUS-118-sconres.zip
[2024-04-06T21:58:56.654+0000] {processor.py:183} INFO - Processing /opt/airflow/dags/data/BILLSTATUS-118-sconres.zip took 0.017 seconds
[2024-04-06T21:59:28.026+0000] {processor.py:161} INFO - Started process (PID=150) to work on /opt/airflow/dags/data/BILLSTATUS-118-sconres.zip
[2024-04-06T21:59:28.027+0000] {processor.py:830} INFO - Processing file /opt/airflow/dags/data/BILLSTATUS-118-sconres.zip for tasks to queue
[2024-04-06T21:59:28.030+0000] {logging_mixin.py:188} INFO - [2024-04-06T21:59:28.029+0000] {dagbag.py:540} INFO - Filling up the DagBag from /opt/airflow/dags/data/BILLSTATUS-118-sconres.zip
[2024-04-06T21:59:28.032+0000] {processor.py:842} WARNING - No viable dags retrieved from /opt/airflow/dags/data/BILLSTATUS-118-sconres.zip
[2024-04-06T21:59:28.055+0000] {processor.py:183} INFO - Processing /opt/airflow/dags/data/BILLSTATUS-118-sconres.zip took 0.032 seconds
[2024-04-06T21:59:59.488+0000] {processor.py:161} INFO - Started process (PID=166) to work on /opt/airflow/dags/data/BILLSTATUS-118-sconres.zip
[2024-04-06T21:59:59.489+0000] {processor.py:830} INFO - Processing file /opt/airflow/dags/data/BILLSTATUS-118-sconres.zip for tasks to queue
[2024-04-06T21:59:59.491+0000] {logging_mixin.py:188} INFO - [2024-04-06T21:59:59.490+0000] {dagbag.py:540} INFO - Filling up the DagBag from /opt/airflow/dags/data/BILLSTATUS-118-sconres.zip
[2024-04-06T21:59:59.493+0000] {processor.py:842} WARNING - No viable dags retrieved from /opt/airflow/dags/data/BILLSTATUS-118-sconres.zip
[2024-04-06T21:59:59.502+0000] {processor.py:183} INFO - Processing /opt/airflow/dags/data/BILLSTATUS-118-sconres.zip took 0.016 seconds
[2024-04-06T22:00:30.807+0000] {processor.py:161} INFO - Started process (PID=182) to work on /opt/airflow/dags/data/BILLSTATUS-118-sconres.zip
[2024-04-06T22:00:30.808+0000] {processor.py:830} INFO - Processing file /opt/airflow/dags/data/BILLSTATUS-118-sconres.zip for tasks to queue
[2024-04-06T22:00:30.809+0000] {logging_mixin.py:188} INFO - [2024-04-06T22:00:30.809+0000] {dagbag.py:540} INFO - Filling up the DagBag from /opt/airflow/dags/data/BILLSTATUS-118-sconres.zip
[2024-04-06T22:00:30.812+0000] {processor.py:842} WARNING - No viable dags retrieved from /opt/airflow/dags/data/BILLSTATUS-118-sconres.zip
[2024-04-06T22:00:30.822+0000] {processor.py:183} INFO - Processing /opt/airflow/dags/data/BILLSTATUS-118-sconres.zip took 0.018 seconds
[2024-04-06T22:01:01.801+0000] {processor.py:161} INFO - Started process (PID=204) to work on /opt/airflow/dags/data/BILLSTATUS-118-sconres.zip
[2024-04-06T22:01:01.803+0000] {processor.py:830} INFO - Processing file /opt/airflow/dags/data/BILLSTATUS-118-sconres.zip for tasks to queue
[2024-04-06T22:01:01.804+0000] {logging_mixin.py:188} INFO - [2024-04-06T22:01:01.804+0000] {dagbag.py:540} INFO - Filling up the DagBag from /opt/airflow/dags/data/BILLSTATUS-118-sconres.zip
[2024-04-06T22:01:01.806+0000] {processor.py:842} WARNING - No viable dags retrieved from /opt/airflow/dags/data/BILLSTATUS-118-sconres.zip
[2024-04-06T22:01:01.816+0000] {processor.py:183} INFO - Processing /opt/airflow/dags/data/BILLSTATUS-118-sconres.zip took 0.017 seconds
[2024-04-06T22:01:32.795+0000] {processor.py:161} INFO - Started process (PID=227) to work on /opt/airflow/dags/data/BILLSTATUS-118-sconres.zip
[2024-04-06T22:01:32.796+0000] {processor.py:830} INFO - Processing file /opt/airflow/dags/data/BILLSTATUS-118-sconres.zip for tasks to queue
[2024-04-06T22:01:32.798+0000] {logging_mixin.py:188} INFO - [2024-04-06T22:01:32.798+0000] {dagbag.py:540} INFO - Filling up the DagBag from /opt/airflow/dags/data/BILLSTATUS-118-sconres.zip
[2024-04-06T22:01:32.800+0000] {processor.py:842} WARNING - No viable dags retrieved from /opt/airflow/dags/data/BILLSTATUS-118-sconres.zip
[2024-04-06T22:01:32.808+0000] {processor.py:183} INFO - Processing /opt/airflow/dags/data/BILLSTATUS-118-sconres.zip took 0.015 seconds
[2024-04-06T22:02:04.352+0000] {processor.py:161} INFO - Started process (PID=250) to work on /opt/airflow/dags/data/BILLSTATUS-118-sconres.zip
[2024-04-06T22:02:04.353+0000] {processor.py:830} INFO - Processing file /opt/airflow/dags/data/BILLSTATUS-118-sconres.zip for tasks to queue
[2024-04-06T22:02:04.355+0000] {logging_mixin.py:188} INFO - [2024-04-06T22:02:04.355+0000] {dagbag.py:540} INFO - Filling up the DagBag from /opt/airflow/dags/data/BILLSTATUS-118-sconres.zip
[2024-04-06T22:02:04.357+0000] {processor.py:842} WARNING - No viable dags retrieved from /opt/airflow/dags/data/BILLSTATUS-118-sconres.zip
[2024-04-06T22:02:04.366+0000] {processor.py:183} INFO - Processing /opt/airflow/dags/data/BILLSTATUS-118-sconres.zip took 0.017 seconds
[2024-04-06T22:02:35.793+0000] {processor.py:161} INFO - Started process (PID=273) to work on /opt/airflow/dags/data/BILLSTATUS-118-sconres.zip
[2024-04-06T22:02:35.794+0000] {processor.py:830} INFO - Processing file /opt/airflow/dags/data/BILLSTATUS-118-sconres.zip for tasks to queue
[2024-04-06T22:02:35.796+0000] {logging_mixin.py:188} INFO - [2024-04-06T22:02:35.796+0000] {dagbag.py:540} INFO - Filling up the DagBag from /opt/airflow/dags/data/BILLSTATUS-118-sconres.zip
[2024-04-06T22:02:35.798+0000] {processor.py:842} WARNING - No viable dags retrieved from /opt/airflow/dags/data/BILLSTATUS-118-sconres.zip
[2024-04-06T22:02:35.807+0000] {processor.py:183} INFO - Processing /opt/airflow/dags/data/BILLSTATUS-118-sconres.zip took 0.016 seconds
[2024-04-06T22:03:07.216+0000] {processor.py:161} INFO - Started process (PID=296) to work on /opt/airflow/dags/data/BILLSTATUS-118-sconres.zip
[2024-04-06T22:03:07.217+0000] {processor.py:830} INFO - Processing file /opt/airflow/dags/data/BILLSTATUS-118-sconres.zip for tasks to queue
[2024-04-06T22:03:07.219+0000] {logging_mixin.py:188} INFO - [2024-04-06T22:03:07.218+0000] {dagbag.py:540} INFO - Filling up the DagBag from /opt/airflow/dags/data/BILLSTATUS-118-sconres.zip
[2024-04-06T22:03:07.221+0000] {processor.py:842} WARNING - No viable dags retrieved from /opt/airflow/dags/data/BILLSTATUS-118-sconres.zip
[2024-04-06T22:03:07.230+0000] {processor.py:183} INFO - Processing /opt/airflow/dags/data/BILLSTATUS-118-sconres.zip took 0.017 seconds
[2024-04-06T22:03:38.610+0000] {processor.py:161} INFO - Started process (PID=324) to work on /opt/airflow/dags/data/BILLSTATUS-118-sconres.zip
[2024-04-06T22:03:38.611+0000] {processor.py:830} INFO - Processing file /opt/airflow/dags/data/BILLSTATUS-118-sconres.zip for tasks to queue
[2024-04-06T22:03:38.612+0000] {logging_mixin.py:188} INFO - [2024-04-06T22:03:38.612+0000] {dagbag.py:540} INFO - Filling up the DagBag from /opt/airflow/dags/data/BILLSTATUS-118-sconres.zip
[2024-04-06T22:03:38.614+0000] {processor.py:842} WARNING - No viable dags retrieved from /opt/airflow/dags/data/BILLSTATUS-118-sconres.zip
[2024-04-06T22:03:38.624+0000] {processor.py:183} INFO - Processing /opt/airflow/dags/data/BILLSTATUS-118-sconres.zip took 0.017 seconds
[2024-04-06T22:04:10.077+0000] {processor.py:161} INFO - Started process (PID=347) to work on /opt/airflow/dags/data/BILLSTATUS-118-sconres.zip
[2024-04-06T22:04:10.078+0000] {processor.py:830} INFO - Processing file /opt/airflow/dags/data/BILLSTATUS-118-sconres.zip for tasks to queue
[2024-04-06T22:04:10.079+0000] {logging_mixin.py:188} INFO - [2024-04-06T22:04:10.079+0000] {dagbag.py:540} INFO - Filling up the DagBag from /opt/airflow/dags/data/BILLSTATUS-118-sconres.zip
[2024-04-06T22:04:10.081+0000] {processor.py:842} WARNING - No viable dags retrieved from /opt/airflow/dags/data/BILLSTATUS-118-sconres.zip
[2024-04-06T22:04:10.090+0000] {processor.py:183} INFO - Processing /opt/airflow/dags/data/BILLSTATUS-118-sconres.zip took 0.016 seconds
[2024-04-06T22:04:40.932+0000] {processor.py:161} INFO - Started process (PID=369) to work on /opt/airflow/dags/data/BILLSTATUS-118-sconres.zip
[2024-04-06T22:04:40.934+0000] {processor.py:830} INFO - Processing file /opt/airflow/dags/data/BILLSTATUS-118-sconres.zip for tasks to queue
[2024-04-06T22:04:40.935+0000] {logging_mixin.py:188} INFO - [2024-04-06T22:04:40.935+0000] {dagbag.py:540} INFO - Filling up the DagBag from /opt/airflow/dags/data/BILLSTATUS-118-sconres.zip
[2024-04-06T22:04:40.938+0000] {processor.py:842} WARNING - No viable dags retrieved from /opt/airflow/dags/data/BILLSTATUS-118-sconres.zip
[2024-04-06T22:04:40.948+0000] {processor.py:183} INFO - Processing /opt/airflow/dags/data/BILLSTATUS-118-sconres.zip took 0.018 seconds
[2024-04-06T22:05:11.520+0000] {processor.py:161} INFO - Started process (PID=392) to work on /opt/airflow/dags/data/BILLSTATUS-118-sconres.zip
[2024-04-06T22:05:11.521+0000] {processor.py:830} INFO - Processing file /opt/airflow/dags/data/BILLSTATUS-118-sconres.zip for tasks to queue
[2024-04-06T22:05:11.522+0000] {logging_mixin.py:188} INFO - [2024-04-06T22:05:11.522+0000] {dagbag.py:540} INFO - Filling up the DagBag from /opt/airflow/dags/data/BILLSTATUS-118-sconres.zip
[2024-04-06T22:05:11.524+0000] {processor.py:842} WARNING - No viable dags retrieved from /opt/airflow/dags/data/BILLSTATUS-118-sconres.zip
[2024-04-06T22:05:11.534+0000] {processor.py:183} INFO - Processing /opt/airflow/dags/data/BILLSTATUS-118-sconres.zip took 0.017 seconds
[2024-04-06T22:05:43.196+0000] {processor.py:161} INFO - Started process (PID=415) to work on /opt/airflow/dags/data/BILLSTATUS-118-sconres.zip
[2024-04-06T22:05:43.198+0000] {processor.py:830} INFO - Processing file /opt/airflow/dags/data/BILLSTATUS-118-sconres.zip for tasks to queue
[2024-04-06T22:05:43.199+0000] {logging_mixin.py:188} INFO - [2024-04-06T22:05:43.199+0000] {dagbag.py:540} INFO - Filling up the DagBag from /opt/airflow/dags/data/BILLSTATUS-118-sconres.zip
[2024-04-06T22:05:43.201+0000] {processor.py:842} WARNING - No viable dags retrieved from /opt/airflow/dags/data/BILLSTATUS-118-sconres.zip
[2024-04-06T22:05:43.212+0000] {processor.py:183} INFO - Processing /opt/airflow/dags/data/BILLSTATUS-118-sconres.zip took 0.018 seconds
[2024-04-06T22:06:14.373+0000] {processor.py:161} INFO - Started process (PID=439) to work on /opt/airflow/dags/data/BILLSTATUS-118-sconres.zip
[2024-04-06T22:06:14.374+0000] {processor.py:830} INFO - Processing file /opt/airflow/dags/data/BILLSTATUS-118-sconres.zip for tasks to queue
[2024-04-06T22:06:14.376+0000] {logging_mixin.py:188} INFO - [2024-04-06T22:06:14.376+0000] {dagbag.py:540} INFO - Filling up the DagBag from /opt/airflow/dags/data/BILLSTATUS-118-sconres.zip
[2024-04-06T22:06:14.378+0000] {processor.py:842} WARNING - No viable dags retrieved from /opt/airflow/dags/data/BILLSTATUS-118-sconres.zip
[2024-04-06T22:06:14.387+0000] {processor.py:183} INFO - Processing /opt/airflow/dags/data/BILLSTATUS-118-sconres.zip took 0.017 seconds
[2024-04-06T22:07:29.153+0000] {processor.py:161} INFO - Started process (PID=44) to work on /opt/airflow/dags/data/BILLSTATUS-118-sconres.zip
[2024-04-06T22:07:29.155+0000] {processor.py:830} INFO - Processing file /opt/airflow/dags/data/BILLSTATUS-118-sconres.zip for tasks to queue
[2024-04-06T22:07:29.156+0000] {logging_mixin.py:188} INFO - [2024-04-06T22:07:29.156+0000] {dagbag.py:540} INFO - Filling up the DagBag from /opt/airflow/dags/data/BILLSTATUS-118-sconres.zip
[2024-04-06T22:07:29.160+0000] {processor.py:842} WARNING - No viable dags retrieved from /opt/airflow/dags/data/BILLSTATUS-118-sconres.zip
[2024-04-06T22:07:29.198+0000] {processor.py:183} INFO - Processing /opt/airflow/dags/data/BILLSTATUS-118-sconres.zip took 0.048 seconds
[2024-04-06T22:07:59.985+0000] {processor.py:161} INFO - Started process (PID=77) to work on /opt/airflow/dags/data/BILLSTATUS-118-sconres.zip
[2024-04-06T22:07:59.986+0000] {processor.py:830} INFO - Processing file /opt/airflow/dags/data/BILLSTATUS-118-sconres.zip for tasks to queue
[2024-04-06T22:07:59.987+0000] {logging_mixin.py:188} INFO - [2024-04-06T22:07:59.986+0000] {dagbag.py:540} INFO - Filling up the DagBag from /opt/airflow/dags/data/BILLSTATUS-118-sconres.zip
[2024-04-06T22:07:59.988+0000] {processor.py:842} WARNING - No viable dags retrieved from /opt/airflow/dags/data/BILLSTATUS-118-sconres.zip
[2024-04-06T22:07:59.998+0000] {processor.py:183} INFO - Processing /opt/airflow/dags/data/BILLSTATUS-118-sconres.zip took 0.015 seconds
[2024-04-06T22:08:31.561+0000] {processor.py:161} INFO - Started process (PID=122) to work on /opt/airflow/dags/data/BILLSTATUS-118-sconres.zip
[2024-04-06T22:08:31.564+0000] {processor.py:830} INFO - Processing file /opt/airflow/dags/data/BILLSTATUS-118-sconres.zip for tasks to queue
[2024-04-06T22:08:31.566+0000] {logging_mixin.py:188} INFO - [2024-04-06T22:08:31.565+0000] {dagbag.py:540} INFO - Filling up the DagBag from /opt/airflow/dags/data/BILLSTATUS-118-sconres.zip
[2024-04-06T22:08:31.575+0000] {processor.py:842} WARNING - No viable dags retrieved from /opt/airflow/dags/data/BILLSTATUS-118-sconres.zip
[2024-04-06T22:08:31.597+0000] {processor.py:183} INFO - Processing /opt/airflow/dags/data/BILLSTATUS-118-sconres.zip took 0.038 seconds
[2024-04-06T22:09:02.861+0000] {processor.py:161} INFO - Started process (PID=156) to work on /opt/airflow/dags/data/BILLSTATUS-118-sconres.zip
[2024-04-06T22:09:02.863+0000] {processor.py:830} INFO - Processing file /opt/airflow/dags/data/BILLSTATUS-118-sconres.zip for tasks to queue
[2024-04-06T22:09:02.865+0000] {logging_mixin.py:188} INFO - [2024-04-06T22:09:02.865+0000] {dagbag.py:540} INFO - Filling up the DagBag from /opt/airflow/dags/data/BILLSTATUS-118-sconres.zip
[2024-04-06T22:09:02.872+0000] {processor.py:842} WARNING - No viable dags retrieved from /opt/airflow/dags/data/BILLSTATUS-118-sconres.zip
[2024-04-06T22:09:02.893+0000] {processor.py:183} INFO - Processing /opt/airflow/dags/data/BILLSTATUS-118-sconres.zip took 0.035 seconds
[2024-04-06T22:09:34.345+0000] {processor.py:161} INFO - Started process (PID=177) to work on /opt/airflow/dags/data/BILLSTATUS-118-sconres.zip
[2024-04-06T22:09:34.346+0000] {processor.py:830} INFO - Processing file /opt/airflow/dags/data/BILLSTATUS-118-sconres.zip for tasks to queue
[2024-04-06T22:09:34.347+0000] {logging_mixin.py:188} INFO - [2024-04-06T22:09:34.347+0000] {dagbag.py:540} INFO - Filling up the DagBag from /opt/airflow/dags/data/BILLSTATUS-118-sconres.zip
[2024-04-06T22:09:34.349+0000] {processor.py:842} WARNING - No viable dags retrieved from /opt/airflow/dags/data/BILLSTATUS-118-sconres.zip
[2024-04-06T22:09:34.359+0000] {processor.py:183} INFO - Processing /opt/airflow/dags/data/BILLSTATUS-118-sconres.zip took 0.017 seconds
[2024-04-06T22:10:05.731+0000] {processor.py:161} INFO - Started process (PID=198) to work on /opt/airflow/dags/data/BILLSTATUS-118-sconres.zip
[2024-04-06T22:10:05.732+0000] {processor.py:830} INFO - Processing file /opt/airflow/dags/data/BILLSTATUS-118-sconres.zip for tasks to queue
[2024-04-06T22:10:05.733+0000] {logging_mixin.py:188} INFO - [2024-04-06T22:10:05.733+0000] {dagbag.py:540} INFO - Filling up the DagBag from /opt/airflow/dags/data/BILLSTATUS-118-sconres.zip
[2024-04-06T22:10:05.735+0000] {processor.py:842} WARNING - No viable dags retrieved from /opt/airflow/dags/data/BILLSTATUS-118-sconres.zip
[2024-04-06T22:10:05.744+0000] {processor.py:183} INFO - Processing /opt/airflow/dags/data/BILLSTATUS-118-sconres.zip took 0.015 seconds
[2024-04-06T22:10:37.201+0000] {processor.py:161} INFO - Started process (PID=220) to work on /opt/airflow/dags/data/BILLSTATUS-118-sconres.zip
[2024-04-06T22:10:37.202+0000] {processor.py:830} INFO - Processing file /opt/airflow/dags/data/BILLSTATUS-118-sconres.zip for tasks to queue
[2024-04-06T22:10:37.203+0000] {logging_mixin.py:188} INFO - [2024-04-06T22:10:37.203+0000] {dagbag.py:540} INFO - Filling up the DagBag from /opt/airflow/dags/data/BILLSTATUS-118-sconres.zip
[2024-04-06T22:10:37.205+0000] {processor.py:842} WARNING - No viable dags retrieved from /opt/airflow/dags/data/BILLSTATUS-118-sconres.zip
[2024-04-06T22:10:37.214+0000] {processor.py:183} INFO - Processing /opt/airflow/dags/data/BILLSTATUS-118-sconres.zip took 0.016 seconds
[2024-04-06T22:11:07.737+0000] {processor.py:161} INFO - Started process (PID=237) to work on /opt/airflow/dags/data/BILLSTATUS-118-sconres.zip
[2024-04-06T22:11:07.740+0000] {processor.py:830} INFO - Processing file /opt/airflow/dags/data/BILLSTATUS-118-sconres.zip for tasks to queue
[2024-04-06T22:11:07.742+0000] {logging_mixin.py:188} INFO - [2024-04-06T22:11:07.741+0000] {dagbag.py:540} INFO - Filling up the DagBag from /opt/airflow/dags/data/BILLSTATUS-118-sconres.zip
[2024-04-06T22:11:07.748+0000] {processor.py:842} WARNING - No viable dags retrieved from /opt/airflow/dags/data/BILLSTATUS-118-sconres.zip
[2024-04-06T22:11:07.771+0000] {processor.py:183} INFO - Processing /opt/airflow/dags/data/BILLSTATUS-118-sconres.zip took 0.037 seconds
