[2024-04-09T02:46:59.828+0000] {taskinstance.py:1979} INFO - Dependencies all met for dep_context=non-requeueable deps ti=<TaskInstance: upload_congress_data.upload_bills_to_gcs manual__2024-04-09T02:43:09.973472+00:00 [queued]>
[2024-04-09T02:46:59.832+0000] {taskinstance.py:1979} INFO - Dependencies all met for dep_context=requeueable deps ti=<TaskInstance: upload_congress_data.upload_bills_to_gcs manual__2024-04-09T02:43:09.973472+00:00 [queued]>
[2024-04-09T02:46:59.832+0000] {taskinstance.py:2193} INFO - Starting attempt 1 of 1
[2024-04-09T02:46:59.838+0000] {taskinstance.py:2217} INFO - Executing <Task(PythonOperator): upload_bills_to_gcs> on 2024-04-09 02:43:09.973472+00:00
[2024-04-09T02:46:59.842+0000] {standard_task_runner.py:60} INFO - Started process 532 to run task
[2024-04-09T02:46:59.845+0000] {standard_task_runner.py:87} INFO - Running: ['***', 'tasks', 'run', 'upload_congress_data', 'upload_bills_to_gcs', 'manual__2024-04-09T02:43:09.973472+00:00', '--job-id', '19', '--raw', '--subdir', 'DAGS_FOLDER/upload_congress_data.py', '--cfg-path', '/tmp/tmpr6xw63fc']
[2024-04-09T02:46:59.847+0000] {standard_task_runner.py:88} INFO - Job 19: Subtask upload_bills_to_gcs
[2024-04-09T02:46:59.877+0000] {task_command.py:423} INFO - Running <TaskInstance: upload_congress_data.upload_bills_to_gcs manual__2024-04-09T02:43:09.973472+00:00 [running]> on host 895231e7bebc
[2024-04-09T02:46:59.919+0000] {taskinstance.py:2513} INFO - Exporting env vars: AIRFLOW_CTX_DAG_OWNER='***' AIRFLOW_CTX_DAG_ID='upload_congress_data' AIRFLOW_CTX_TASK_ID='upload_bills_to_gcs' AIRFLOW_CTX_EXECUTION_DATE='2024-04-09T02:43:09.973472+00:00' AIRFLOW_CTX_TRY_NUMBER='1' AIRFLOW_CTX_DAG_RUN_ID='manual__2024-04-09T02:43:09.973472+00:00'
[2024-04-09T02:47:01.133+0000] {logging_mixin.py:188} INFO - Uploaded /opt/***/dags/data/hjres/BILLSTATUS-118hjres68.json to gs://congress_data/bills/hjres/BILLSTATUS-118hjres68.json
[2024-04-09T02:47:01.780+0000] {logging_mixin.py:188} INFO - Uploaded /opt/***/dags/data/hjres/BILLSTATUS-118hjres44.json to gs://congress_data/bills/hjres/BILLSTATUS-118hjres44.json
[2024-04-09T02:47:02.372+0000] {logging_mixin.py:188} INFO - Uploaded /opt/***/dags/data/hjres/BILLSTATUS-118hjres45.json to gs://congress_data/bills/hjres/BILLSTATUS-118hjres45.json
[2024-04-09T02:47:03.090+0000] {logging_mixin.py:188} INFO - Uploaded /opt/***/dags/data/hjres/BILLSTATUS-118hjres24.json to gs://congress_data/bills/hjres/BILLSTATUS-118hjres24.json
[2024-04-09T02:47:03.673+0000] {logging_mixin.py:188} INFO - Uploaded /opt/***/dags/data/hjres/BILLSTATUS-118hjres39.json to gs://congress_data/bills/hjres/BILLSTATUS-118hjres39.json
[2024-04-09T02:47:04.264+0000] {logging_mixin.py:188} INFO - Uploaded /opt/***/dags/data/hjres/BILLSTATUS-118hjres42.json to gs://congress_data/bills/hjres/BILLSTATUS-118hjres42.json
[2024-04-09T02:47:04.863+0000] {logging_mixin.py:188} INFO - Uploaded /opt/***/dags/data/hjres/BILLSTATUS-118hjres74.json to gs://congress_data/bills/hjres/BILLSTATUS-118hjres74.json
[2024-04-09T02:47:05.451+0000] {logging_mixin.py:188} INFO - Uploaded /opt/***/dags/data/hjres/BILLSTATUS-118hjres7.json to gs://congress_data/bills/hjres/BILLSTATUS-118hjres7.json
[2024-04-09T02:47:06.136+0000] {logging_mixin.py:188} INFO - Uploaded /opt/***/dags/data/hjres/BILLSTATUS-118hjres79.json to gs://congress_data/bills/hjres/BILLSTATUS-118hjres79.json
[2024-04-09T02:47:06.742+0000] {logging_mixin.py:188} INFO - Uploaded /opt/***/dags/data/hjres/BILLSTATUS-118hjres98.json to gs://congress_data/bills/hjres/BILLSTATUS-118hjres98.json
[2024-04-09T02:47:07.337+0000] {logging_mixin.py:188} INFO - Uploaded /opt/***/dags/data/hjres/BILLSTATUS-118hjres70.json to gs://congress_data/bills/hjres/BILLSTATUS-118hjres70.json
[2024-04-09T02:47:07.946+0000] {logging_mixin.py:188} INFO - Uploaded /opt/***/dags/data/hjres/BILLSTATUS-118hjres27.json to gs://congress_data/bills/hjres/BILLSTATUS-118hjres27.json
[2024-04-09T02:47:08.595+0000] {logging_mixin.py:188} INFO - Uploaded /opt/***/dags/data/hjres/BILLSTATUS-118hjres88.json to gs://congress_data/bills/hjres/BILLSTATUS-118hjres88.json
[2024-04-09T02:47:09.238+0000] {logging_mixin.py:188} INFO - Uploaded /opt/***/dags/data/hjres/BILLSTATUS-118hjres30.json to gs://congress_data/bills/hjres/BILLSTATUS-118hjres30.json
[2024-04-09T02:47:09.826+0000] {logging_mixin.py:188} INFO - Uploaded /opt/***/dags/data/hjres/BILLSTATUS-118hjres26.json to gs://congress_data/bills/hjres/BILLSTATUS-118hjres26.json
[2024-04-09T02:47:10.412+0000] {logging_mixin.py:188} INFO - Uploaded /opt/***/dags/data/hjres/BILLSTATUS-118hjres71.json to gs://congress_data/bills/hjres/BILLSTATUS-118hjres71.json
[2024-04-09T02:47:11.041+0000] {logging_mixin.py:188} INFO - Uploaded /opt/***/dags/data/hconres/BILLSTATUS-118hconres7.json to gs://congress_data/bills/hconres/BILLSTATUS-118hconres7.json
[2024-04-09T02:47:11.648+0000] {logging_mixin.py:188} INFO - Uploaded /opt/***/dags/data/hconres/BILLSTATUS-118hconres30.json to gs://congress_data/bills/hconres/BILLSTATUS-118hconres30.json
[2024-04-09T02:47:12.278+0000] {logging_mixin.py:188} INFO - Uploaded /opt/***/dags/data/hconres/BILLSTATUS-118hconres57.json to gs://congress_data/bills/hconres/BILLSTATUS-118hconres57.json
[2024-04-09T02:47:12.869+0000] {logging_mixin.py:188} INFO - Uploaded /opt/***/dags/data/hconres/BILLSTATUS-118hconres40.json to gs://congress_data/bills/hconres/BILLSTATUS-118hconres40.json
[2024-04-09T02:47:13.500+0000] {logging_mixin.py:188} INFO - Uploaded /opt/***/dags/data/hconres/BILLSTATUS-118hconres21.json to gs://congress_data/bills/hconres/BILLSTATUS-118hconres21.json
[2024-04-09T02:47:14.140+0000] {logging_mixin.py:188} INFO - Uploaded /opt/***/dags/data/hconres/BILLSTATUS-118hconres3.json to gs://congress_data/bills/hconres/BILLSTATUS-118hconres3.json
[2024-04-09T02:47:14.759+0000] {logging_mixin.py:188} INFO - Uploaded /opt/***/dags/data/hconres/BILLSTATUS-118hconres86.json to gs://congress_data/bills/hconres/BILLSTATUS-118hconres86.json
[2024-04-09T02:47:15.384+0000] {logging_mixin.py:188} INFO - Uploaded /opt/***/dags/data/hconres/BILLSTATUS-118hconres9.json to gs://congress_data/bills/hconres/BILLSTATUS-118hconres9.json
[2024-04-09T02:47:16.053+0000] {logging_mixin.py:188} INFO - Uploaded /opt/***/dags/data/hconres/BILLSTATUS-118hconres25.json to gs://congress_data/bills/hconres/BILLSTATUS-118hconres25.json
[2024-04-09T02:47:16.682+0000] {logging_mixin.py:188} INFO - Uploaded /opt/***/dags/data/s/BILLSTATUS-118s870.json to gs://congress_data/bills/s/BILLSTATUS-118s870.json
[2024-04-09T02:47:17.314+0000] {logging_mixin.py:188} INFO - Uploaded /opt/***/dags/data/s/BILLSTATUS-118s3427.json to gs://congress_data/bills/s/BILLSTATUS-118s3427.json
[2024-04-09T02:47:18.014+0000] {logging_mixin.py:188} INFO - Uploaded /opt/***/dags/data/s/BILLSTATUS-118s112.json to gs://congress_data/bills/s/BILLSTATUS-118s112.json
[2024-04-09T02:47:18.736+0000] {logging_mixin.py:188} INFO - Uploaded /opt/***/dags/data/s/BILLSTATUS-118s3250.json to gs://congress_data/bills/s/BILLSTATUS-118s3250.json
[2024-04-09T02:47:19.427+0000] {logging_mixin.py:188} INFO - Uploaded /opt/***/dags/data/s/BILLSTATUS-118s2226.json to gs://congress_data/bills/s/BILLSTATUS-118s2226.json
[2024-04-09T02:47:20.007+0000] {logging_mixin.py:188} INFO - Uploaded /opt/***/dags/data/s/BILLSTATUS-118s788.json to gs://congress_data/bills/s/BILLSTATUS-118s788.json
[2024-04-09T02:47:20.667+0000] {logging_mixin.py:188} INFO - Uploaded /opt/***/dags/data/s/BILLSTATUS-118s475.json to gs://congress_data/bills/s/BILLSTATUS-118s475.json
[2024-04-09T02:47:21.256+0000] {logging_mixin.py:188} INFO - Uploaded /opt/***/dags/data/s/BILLSTATUS-118s619.json to gs://congress_data/bills/s/BILLSTATUS-118s619.json
[2024-04-09T02:47:21.860+0000] {logging_mixin.py:188} INFO - Uploaded /opt/***/dags/data/s/BILLSTATUS-118s316.json to gs://congress_data/bills/s/BILLSTATUS-118s316.json
[2024-04-09T02:47:22.515+0000] {logging_mixin.py:188} INFO - Uploaded /opt/***/dags/data/s/BILLSTATUS-118s3853.json to gs://congress_data/bills/s/BILLSTATUS-118s3853.json
[2024-04-09T02:47:23.107+0000] {logging_mixin.py:188} INFO - Uploaded /opt/***/dags/data/s/BILLSTATUS-118s111.json to gs://congress_data/bills/s/BILLSTATUS-118s111.json
[2024-04-09T02:47:23.738+0000] {logging_mixin.py:188} INFO - Uploaded /opt/***/dags/data/s/BILLSTATUS-118s326.json to gs://congress_data/bills/s/BILLSTATUS-118s326.json
[2024-04-09T02:47:24.306+0000] {logging_mixin.py:188} INFO - Uploaded /opt/***/dags/data/sres/BILLSTATUS-118sres13.json to gs://congress_data/bills/sres/BILLSTATUS-118sres13.json
[2024-04-09T02:47:24.970+0000] {logging_mixin.py:188} INFO - Uploaded /opt/***/dags/data/sres/BILLSTATUS-118sres21.json to gs://congress_data/bills/sres/BILLSTATUS-118sres21.json
[2024-04-09T02:47:25.598+0000] {logging_mixin.py:188} INFO - Uploaded /opt/***/dags/data/sres/BILLSTATUS-118sres504.json to gs://congress_data/bills/sres/BILLSTATUS-118sres504.json
[2024-04-09T02:47:26.296+0000] {logging_mixin.py:188} INFO - Uploaded /opt/***/dags/data/sres/BILLSTATUS-118sres417.json to gs://congress_data/bills/sres/BILLSTATUS-118sres417.json
[2024-04-09T02:47:26.924+0000] {logging_mixin.py:188} INFO - Uploaded /opt/***/dags/data/hr/BILLSTATUS-118hr1339.json to gs://congress_data/bills/hr/BILLSTATUS-118hr1339.json
[2024-04-09T02:47:27.512+0000] {logging_mixin.py:188} INFO - Uploaded /opt/***/dags/data/hr/BILLSTATUS-118hr2796.json to gs://congress_data/bills/hr/BILLSTATUS-118hr2796.json
[2024-04-09T02:47:28.096+0000] {logging_mixin.py:188} INFO - Uploaded /opt/***/dags/data/hr/BILLSTATUS-118hr2811.json to gs://congress_data/bills/hr/BILLSTATUS-118hr2811.json
[2024-04-09T02:47:28.752+0000] {logging_mixin.py:188} INFO - Uploaded /opt/***/dags/data/hr/BILLSTATUS-118hr23.json to gs://congress_data/bills/hr/BILLSTATUS-118hr23.json
[2024-04-09T02:47:29.367+0000] {logging_mixin.py:188} INFO - Uploaded /opt/***/dags/data/hr/BILLSTATUS-118hr406.json to gs://congress_data/bills/hr/BILLSTATUS-118hr406.json
[2024-04-09T02:47:29.953+0000] {logging_mixin.py:188} INFO - Uploaded /opt/***/dags/data/hr/BILLSTATUS-118hr4984.json to gs://congress_data/bills/hr/BILLSTATUS-118hr4984.json
[2024-04-09T02:47:30.594+0000] {logging_mixin.py:188} INFO - Uploaded /opt/***/dags/data/hr/BILLSTATUS-118hr538.json to gs://congress_data/bills/hr/BILLSTATUS-118hr538.json
[2024-04-09T02:47:31.226+0000] {logging_mixin.py:188} INFO - Uploaded /opt/***/dags/data/hr/BILLSTATUS-118hr3152.json to gs://congress_data/bills/hr/BILLSTATUS-118hr3152.json
[2024-04-09T02:47:31.824+0000] {logging_mixin.py:188} INFO - Uploaded /opt/***/dags/data/hr/BILLSTATUS-118hr5585.json to gs://congress_data/bills/hr/BILLSTATUS-118hr5585.json
[2024-04-09T02:47:32.466+0000] {logging_mixin.py:188} INFO - Uploaded /opt/***/dags/data/hr/BILLSTATUS-118hr4394.json to gs://congress_data/bills/hr/BILLSTATUS-118hr4394.json
[2024-04-09T02:47:33.063+0000] {logging_mixin.py:188} INFO - Uploaded /opt/***/dags/data/hr/BILLSTATUS-118hr277.json to gs://congress_data/bills/hr/BILLSTATUS-118hr277.json
[2024-04-09T02:47:33.675+0000] {logging_mixin.py:188} INFO - Uploaded /opt/***/dags/data/hr/BILLSTATUS-118hr1159.json to gs://congress_data/bills/hr/BILLSTATUS-118hr1159.json
[2024-04-09T02:47:34.298+0000] {logging_mixin.py:188} INFO - Uploaded /opt/***/dags/data/hr/BILLSTATUS-118hr7520.json to gs://congress_data/bills/hr/BILLSTATUS-118hr7520.json
[2024-04-09T02:47:35.054+0000] {logging_mixin.py:188} INFO - Uploaded /opt/***/dags/data/hr/BILLSTATUS-118hr3099.json to gs://congress_data/bills/hr/BILLSTATUS-118hr3099.json
[2024-04-09T02:47:35.670+0000] {logging_mixin.py:188} INFO - Uploaded /opt/***/dags/data/hr/BILLSTATUS-118hr7023.json to gs://congress_data/bills/hr/BILLSTATUS-118hr7023.json
[2024-04-09T02:47:36.330+0000] {logging_mixin.py:188} INFO - Uploaded /opt/***/dags/data/hr/BILLSTATUS-118hr1548.json to gs://congress_data/bills/hr/BILLSTATUS-118hr1548.json
[2024-04-09T02:47:36.944+0000] {logging_mixin.py:188} INFO - Uploaded /opt/***/dags/data/hr/BILLSTATUS-118hr1163.json to gs://congress_data/bills/hr/BILLSTATUS-118hr1163.json
[2024-04-09T02:47:37.555+0000] {logging_mixin.py:188} INFO - Uploaded /opt/***/dags/data/hr/BILLSTATUS-118hr6976.json to gs://congress_data/bills/hr/BILLSTATUS-118hr6976.json
[2024-04-09T02:47:38.144+0000] {logging_mixin.py:188} INFO - Uploaded /opt/***/dags/data/hr/BILLSTATUS-118hr3774.json to gs://congress_data/bills/hr/BILLSTATUS-118hr3774.json
[2024-04-09T02:47:38.808+0000] {logging_mixin.py:188} INFO - Uploaded /opt/***/dags/data/hr/BILLSTATUS-118hr6126.json to gs://congress_data/bills/hr/BILLSTATUS-118hr6126.json
[2024-04-09T02:47:39.397+0000] {logging_mixin.py:188} INFO - Uploaded /opt/***/dags/data/hr/BILLSTATUS-118hr467.json to gs://congress_data/bills/hr/BILLSTATUS-118hr467.json
[2024-04-09T02:47:39.983+0000] {logging_mixin.py:188} INFO - Uploaded /opt/***/dags/data/hr/BILLSTATUS-118hr3324.json to gs://congress_data/bills/hr/BILLSTATUS-118hr3324.json
[2024-04-09T02:47:40.648+0000] {logging_mixin.py:188} INFO - Uploaded /opt/***/dags/data/hr/BILLSTATUS-118hr5862.json to gs://congress_data/bills/hr/BILLSTATUS-118hr5862.json
[2024-04-09T02:47:41.371+0000] {logging_mixin.py:188} INFO - Uploaded /opt/***/dags/data/hr/BILLSTATUS-118hr1123.json to gs://congress_data/bills/hr/BILLSTATUS-118hr1123.json
[2024-04-09T02:47:41.934+0000] {logging_mixin.py:188} INFO - Uploaded /opt/***/dags/data/hr/BILLSTATUS-118hr1836.json to gs://congress_data/bills/hr/BILLSTATUS-118hr1836.json
[2024-04-09T02:47:42.590+0000] {logging_mixin.py:188} INFO - Uploaded /opt/***/dags/data/hr/BILLSTATUS-118hr3935.json to gs://congress_data/bills/hr/BILLSTATUS-118hr3935.json
[2024-04-09T02:47:43.212+0000] {logging_mixin.py:188} INFO - Uploaded /opt/***/dags/data/hr/BILLSTATUS-118hr2670.json to gs://congress_data/bills/hr/BILLSTATUS-118hr2670.json
[2024-04-09T02:47:43.925+0000] {logging_mixin.py:188} INFO - Uploaded /opt/***/dags/data/hr/BILLSTATUS-118hr2365.json to gs://congress_data/bills/hr/BILLSTATUS-118hr2365.json
[2024-04-09T02:47:44.633+0000] {logging_mixin.py:188} INFO - Uploaded /opt/***/dags/data/hr/BILLSTATUS-118hr1226.json to gs://congress_data/bills/hr/BILLSTATUS-118hr1226.json
[2024-04-09T02:47:45.248+0000] {logging_mixin.py:188} INFO - Uploaded /opt/***/dags/data/hr/BILLSTATUS-118hr4531.json to gs://congress_data/bills/hr/BILLSTATUS-118hr4531.json
[2024-04-09T02:47:45.868+0000] {logging_mixin.py:188} INFO - Uploaded /opt/***/dags/data/hr/BILLSTATUS-118hr734.json to gs://congress_data/bills/hr/BILLSTATUS-118hr734.json
[2024-04-09T02:47:46.482+0000] {logging_mixin.py:188} INFO - Uploaded /opt/***/dags/data/hr/BILLSTATUS-118hr7521.json to gs://congress_data/bills/hr/BILLSTATUS-118hr7521.json
[2024-04-09T02:47:47.090+0000] {logging_mixin.py:188} INFO - Uploaded /opt/***/dags/data/hr/BILLSTATUS-118hr5.json to gs://congress_data/bills/hr/BILLSTATUS-118hr5.json
[2024-04-09T02:47:47.678+0000] {logging_mixin.py:188} INFO - Uploaded /opt/***/dags/data/hr/BILLSTATUS-118hr3391.json to gs://congress_data/bills/hr/BILLSTATUS-118hr3391.json
[2024-04-09T02:47:48.320+0000] {logging_mixin.py:188} INFO - Uploaded /opt/***/dags/data/hr/BILLSTATUS-118hr2754.json to gs://congress_data/bills/hr/BILLSTATUS-118hr2754.json
[2024-04-09T02:47:49.020+0000] {logging_mixin.py:188} INFO - Uploaded /opt/***/dags/data/hr/BILLSTATUS-118hr485.json to gs://congress_data/bills/hr/BILLSTATUS-118hr485.json
[2024-04-09T02:47:49.600+0000] {logging_mixin.py:188} INFO - Uploaded /opt/***/dags/data/hr/BILLSTATUS-118hr1752.json to gs://congress_data/bills/hr/BILLSTATUS-118hr1752.json
[2024-04-09T02:47:50.260+0000] {logging_mixin.py:188} INFO - Uploaded /opt/***/dags/data/hr/BILLSTATUS-118hr1093.json to gs://congress_data/bills/hr/BILLSTATUS-118hr1093.json
[2024-04-09T02:47:50.884+0000] {logging_mixin.py:188} INFO - Uploaded /opt/***/dags/data/hr/BILLSTATUS-118hr1640.json to gs://congress_data/bills/hr/BILLSTATUS-118hr1640.json
[2024-04-09T02:47:51.500+0000] {logging_mixin.py:188} INFO - Uploaded /opt/***/dags/data/hr/BILLSTATUS-118hr3981.json to gs://congress_data/bills/hr/BILLSTATUS-118hr3981.json
[2024-04-09T02:47:52.117+0000] {logging_mixin.py:188} INFO - Uploaded /opt/***/dags/data/hr/BILLSTATUS-118hr542.json to gs://congress_data/bills/hr/BILLSTATUS-118hr542.json
[2024-04-09T02:47:52.710+0000] {logging_mixin.py:188} INFO - Uploaded /opt/***/dags/data/hr/BILLSTATUS-118hr22.json to gs://congress_data/bills/hr/BILLSTATUS-118hr22.json
[2024-04-09T02:47:53.344+0000] {logging_mixin.py:188} INFO - Uploaded /opt/***/dags/data/hr/BILLSTATUS-118hr2797.json to gs://congress_data/bills/hr/BILLSTATUS-118hr2797.json
[2024-04-09T02:47:54.059+0000] {logging_mixin.py:188} INFO - Uploaded /opt/***/dags/data/hr/BILLSTATUS-118hr1154.json to gs://congress_data/bills/hr/BILLSTATUS-118hr1154.json
[2024-04-09T02:47:54.662+0000] {logging_mixin.py:188} INFO - Uploaded /opt/***/dags/data/hr/BILLSTATUS-118hr1338.json to gs://congress_data/bills/hr/BILLSTATUS-118hr1338.json
[2024-04-09T02:47:55.264+0000] {logging_mixin.py:188} INFO - Uploaded /opt/***/dags/data/hr/BILLSTATUS-118hr2.json to gs://congress_data/bills/hr/BILLSTATUS-118hr2.json
[2024-04-09T02:47:55.909+0000] {logging_mixin.py:188} INFO - Uploaded /opt/***/dags/data/hr/BILLSTATUS-118hr7463.json to gs://congress_data/bills/hr/BILLSTATUS-118hr7463.json
[2024-04-09T02:47:56.494+0000] {logging_mixin.py:188} INFO - Uploaded /opt/***/dags/data/hr/BILLSTATUS-118hr676.json to gs://congress_data/bills/hr/BILLSTATUS-118hr676.json
[2024-04-09T02:47:57.086+0000] {logging_mixin.py:188} INFO - Uploaded /opt/***/dags/data/hr/BILLSTATUS-118hr7176.json to gs://congress_data/bills/hr/BILLSTATUS-118hr7176.json
[2024-04-09T02:47:57.704+0000] {logging_mixin.py:188} INFO - Uploaded /opt/***/dags/data/hr/BILLSTATUS-118hr1734.json to gs://congress_data/bills/hr/BILLSTATUS-118hr1734.json
[2024-04-09T02:47:58.364+0000] {logging_mixin.py:188} INFO - Uploaded /opt/***/dags/data/hr/BILLSTATUS-118hr3089.json to gs://congress_data/bills/hr/BILLSTATUS-118hr3089.json
[2024-04-09T02:47:58.958+0000] {logging_mixin.py:188} INFO - Uploaded /opt/***/dags/data/hr/BILLSTATUS-118hr288.json to gs://congress_data/bills/hr/BILLSTATUS-118hr288.json
[2024-04-09T02:47:59.556+0000] {logging_mixin.py:188} INFO - Uploaded /opt/***/dags/data/hr/BILLSTATUS-118hr1149.json to gs://congress_data/bills/hr/BILLSTATUS-118hr1149.json
[2024-04-09T02:48:00.189+0000] {logging_mixin.py:188} INFO - Uploaded /opt/***/dags/data/hr/BILLSTATUS-118hr359.json to gs://congress_data/bills/hr/BILLSTATUS-118hr359.json
[2024-04-09T02:48:00.832+0000] {logging_mixin.py:188} INFO - Uploaded /opt/***/dags/data/hr/BILLSTATUS-118hr4367.json to gs://congress_data/bills/hr/BILLSTATUS-118hr4367.json
[2024-04-09T02:48:01.572+0000] {logging_mixin.py:188} INFO - Uploaded /opt/***/dags/data/hr/BILLSTATUS-118hr4664.json to gs://congress_data/bills/hr/BILLSTATUS-118hr4664.json
[2024-04-09T02:48:02.168+0000] {logging_mixin.py:188} INFO - Uploaded /opt/***/dags/data/hr/BILLSTATUS-118hr6679.json to gs://congress_data/bills/hr/BILLSTATUS-118hr6679.json
[2024-04-09T02:48:02.769+0000] {logging_mixin.py:188} INFO - Uploaded /opt/***/dags/data/hr/BILLSTATUS-118hr5110.json to gs://congress_data/bills/hr/BILLSTATUS-118hr5110.json
[2024-04-09T02:48:03.384+0000] {logging_mixin.py:188} INFO - Uploaded /opt/***/dags/data/hr/BILLSTATUS-118hr400.json to gs://congress_data/bills/hr/BILLSTATUS-118hr400.json
[2024-04-09T02:48:03.977+0000] {logging_mixin.py:188} INFO - Uploaded /opt/***/dags/data/hr/BILLSTATUS-118hr139.json to gs://congress_data/bills/hr/BILLSTATUS-118hr139.json
[2024-04-09T02:48:04.549+0000] {logging_mixin.py:188} INFO - Uploaded /opt/***/dags/data/hr/BILLSTATUS-118hr302.json to gs://congress_data/bills/hr/BILLSTATUS-118hr302.json
[2024-04-09T02:48:05.214+0000] {logging_mixin.py:188} INFO - Uploaded /opt/***/dags/data/hr/BILLSTATUS-118hr1606.json to gs://congress_data/bills/hr/BILLSTATUS-118hr1606.json
[2024-04-09T02:48:05.826+0000] {logging_mixin.py:188} INFO - Uploaded /opt/***/dags/data/hr/BILLSTATUS-118hr1715.json to gs://congress_data/bills/hr/BILLSTATUS-118hr1715.json
[2024-04-09T02:48:06.437+0000] {logging_mixin.py:188} INFO - Uploaded /opt/***/dags/data/hr/BILLSTATUS-118hr2494.json to gs://congress_data/bills/hr/BILLSTATUS-118hr2494.json
[2024-04-09T02:48:07.076+0000] {logging_mixin.py:188} INFO - Uploaded /opt/***/dags/data/hr/BILLSTATUS-118hr2882.json to gs://congress_data/bills/hr/BILLSTATUS-118hr2882.json
[2024-04-09T02:48:07.657+0000] {logging_mixin.py:188} INFO - Uploaded /opt/***/dags/data/hr/BILLSTATUS-118hr1607.json to gs://congress_data/bills/hr/BILLSTATUS-118hr1607.json
[2024-04-09T02:48:08.244+0000] {logging_mixin.py:188} INFO - Uploaded /opt/***/dags/data/hr/BILLSTATUS-118hr753.json to gs://congress_data/bills/hr/BILLSTATUS-118hr753.json
[2024-04-09T02:48:08.832+0000] {logging_mixin.py:188} INFO - Uploaded /opt/***/dags/data/hr/BILLSTATUS-118hr7511.json to gs://congress_data/bills/hr/BILLSTATUS-118hr7511.json
[2024-04-09T02:48:09.515+0000] {logging_mixin.py:188} INFO - Uploaded /opt/***/dags/data/hr/BILLSTATUS-118hr7454.json to gs://congress_data/bills/hr/BILLSTATUS-118hr7454.json
[2024-04-09T02:48:10.105+0000] {logging_mixin.py:188} INFO - Uploaded /opt/***/dags/data/hr/BILLSTATUS-118hr1353.json to gs://congress_data/bills/hr/BILLSTATUS-118hr1353.json
[2024-04-09T02:48:10.700+0000] {logging_mixin.py:188} INFO - Uploaded /opt/***/dags/data/hr/BILLSTATUS-118hr4468.json to gs://congress_data/bills/hr/BILLSTATUS-118hr4468.json
[2024-04-09T02:48:11.288+0000] {logging_mixin.py:188} INFO - Uploaded /opt/***/dags/data/hr/BILLSTATUS-118hr2379.json to gs://congress_data/bills/hr/BILLSTATUS-118hr2379.json
[2024-04-09T02:48:12.036+0000] {logging_mixin.py:188} INFO - Uploaded /opt/***/dags/data/hr/BILLSTATUS-118hr1105.json to gs://congress_data/bills/hr/BILLSTATUS-118hr1105.json
[2024-04-09T02:48:12.661+0000] {logging_mixin.py:188} INFO - Uploaded /opt/***/dags/data/hr/BILLSTATUS-118hr6678.json to gs://congress_data/bills/hr/BILLSTATUS-118hr6678.json
[2024-04-09T02:48:13.309+0000] {logging_mixin.py:188} INFO - Uploaded /opt/***/dags/data/hr/BILLSTATUS-118hr4665.json to gs://congress_data/bills/hr/BILLSTATUS-118hr4665.json
[2024-04-09T02:48:14.052+0000] {logging_mixin.py:188} INFO - Uploaded /opt/***/dags/data/hr/BILLSTATUS-118hr533.json to gs://congress_data/bills/hr/BILLSTATUS-118hr533.json
[2024-04-09T02:48:14.690+0000] {logging_mixin.py:188} INFO - Uploaded /opt/***/dags/data/hr/BILLSTATUS-118hr4366.json to gs://congress_data/bills/hr/BILLSTATUS-118hr4366.json
[2024-04-09T02:48:15.279+0000] {logging_mixin.py:188} INFO - Uploaded /opt/***/dags/data/hr/BILLSTATUS-118hr5961.json to gs://congress_data/bills/hr/BILLSTATUS-118hr5961.json
[2024-04-09T02:48:15.960+0000] {logging_mixin.py:188} INFO - Uploaded /opt/***/dags/data/hr/BILLSTATUS-118hr1076.json to gs://congress_data/bills/hr/BILLSTATUS-118hr1076.json
[2024-04-09T02:48:16.543+0000] {logging_mixin.py:188} INFO - Uploaded /opt/***/dags/data/hr/BILLSTATUS-118hr6009.json to gs://congress_data/bills/hr/BILLSTATUS-118hr6009.json
[2024-04-09T02:48:17.196+0000] {logging_mixin.py:188} INFO - Uploaded /opt/***/dags/data/hr/BILLSTATUS-118hr7024.json to gs://congress_data/bills/hr/BILLSTATUS-118hr7024.json
[2024-04-09T02:48:17.794+0000] {logging_mixin.py:188} INFO - Uploaded /opt/***/dags/data/hr/BILLSTATUS-118hr3821.json to gs://congress_data/bills/hr/BILLSTATUS-118hr3821.json
[2024-04-09T02:48:18.418+0000] {logging_mixin.py:188} INFO - Uploaded /opt/***/dags/data/hr/BILLSTATUS-118hr3564.json to gs://congress_data/bills/hr/BILLSTATUS-118hr3564.json
[2024-04-09T02:48:19.028+0000] {logging_mixin.py:188} INFO - Uploaded /opt/***/dags/data/hr/BILLSTATUS-118hr159.json to gs://congress_data/bills/hr/BILLSTATUS-118hr159.json
[2024-04-09T02:48:19.655+0000] {logging_mixin.py:188} INFO - Uploaded /opt/***/dags/data/hr/BILLSTATUS-118hr4723.json to gs://congress_data/bills/hr/BILLSTATUS-118hr4723.json
[2024-04-09T02:48:20.262+0000] {logging_mixin.py:188} INFO - Uploaded /opt/***/dags/data/hr/BILLSTATUS-118hr4365.json to gs://congress_data/bills/hr/BILLSTATUS-118hr4365.json
[2024-04-09T02:48:20.866+0000] {logging_mixin.py:188} INFO - Uploaded /opt/***/dags/data/hr/BILLSTATUS-118hr3224.json to gs://congress_data/bills/hr/BILLSTATUS-118hr3224.json
[2024-04-09T02:48:21.449+0000] {logging_mixin.py:188} INFO - Uploaded /opt/***/dags/data/hr/BILLSTATUS-118hr662.json to gs://congress_data/bills/hr/BILLSTATUS-118hr662.json
[2024-04-09T02:48:22.014+0000] {logging_mixin.py:188} INFO - Uploaded /opt/***/dags/data/hr/BILLSTATUS-118hr3843.json to gs://congress_data/bills/hr/BILLSTATUS-118hr3843.json
[2024-04-09T02:48:22.594+0000] {logging_mixin.py:188} INFO - Uploaded /opt/***/dags/data/hr/BILLSTATUS-118hr300.json to gs://congress_data/bills/hr/BILLSTATUS-118hr300.json
[2024-04-09T02:48:23.225+0000] {logging_mixin.py:188} INFO - Uploaded /opt/***/dags/data/hr/BILLSTATUS-118hr357.json to gs://congress_data/bills/hr/BILLSTATUS-118hr357.json
[2024-04-09T02:48:23.850+0000] {logging_mixin.py:188} INFO - Uploaded /opt/***/dags/data/hr/BILLSTATUS-118hr1096.json to gs://congress_data/bills/hr/BILLSTATUS-118hr1096.json
[2024-04-09T02:48:24.495+0000] {logging_mixin.py:188} INFO - Uploaded /opt/***/dags/data/hr/BILLSTATUS-118hr4502.json to gs://congress_data/bills/hr/BILLSTATUS-118hr4502.json
[2024-04-09T02:48:25.138+0000] {logging_mixin.py:188} INFO - Uploaded /opt/***/dags/data/hr/BILLSTATUS-118hr1147.json to gs://congress_data/bills/hr/BILLSTATUS-118hr1147.json
[2024-04-09T02:48:25.736+0000] {logging_mixin.py:188} INFO - Uploaded /opt/***/dags/data/hr/BILLSTATUS-118hr5692.json to gs://congress_data/bills/hr/BILLSTATUS-118hr5692.json
[2024-04-09T02:48:26.303+0000] {logging_mixin.py:188} INFO - Uploaded /opt/***/dags/data/hr/BILLSTATUS-118hr6544.json to gs://congress_data/bills/hr/BILLSTATUS-118hr6544.json
[2024-04-09T02:48:26.940+0000] {logging_mixin.py:188} INFO - Uploaded /opt/***/dags/data/hr/BILLSTATUS-118hr3746.json to gs://congress_data/bills/hr/BILLSTATUS-118hr3746.json
[2024-04-09T02:48:27.526+0000] {logging_mixin.py:188} INFO - Uploaded /opt/***/dags/data/hr/BILLSTATUS-118hr140.json to gs://congress_data/bills/hr/BILLSTATUS-118hr140.json
[2024-04-09T02:48:28.155+0000] {logging_mixin.py:188} INFO - Uploaded /opt/***/dags/data/hr/BILLSTATUS-118hr1669.json to gs://congress_data/bills/hr/BILLSTATUS-118hr1669.json
[2024-04-09T02:48:28.765+0000] {logging_mixin.py:188} INFO - Uploaded /opt/***/dags/data/hr/BILLSTATUS-118hr3091.json to gs://congress_data/bills/hr/BILLSTATUS-118hr3091.json
[2024-04-09T02:48:29.500+0000] {logging_mixin.py:188} INFO - Uploaded /opt/***/dags/data/hr/BILLSTATUS-118hr382.json to gs://congress_data/bills/hr/BILLSTATUS-118hr382.json
[2024-04-09T02:48:30.168+0000] {logging_mixin.py:188} INFO - Uploaded /opt/***/dags/data/hr/BILLSTATUS-118hr3838.json to gs://congress_data/bills/hr/BILLSTATUS-118hr3838.json
[2024-04-09T02:48:30.752+0000] {logging_mixin.py:188} INFO - Uploaded /opt/***/dags/data/hr/BILLSTATUS-118hr5283.json to gs://congress_data/bills/hr/BILLSTATUS-118hr5283.json
[2024-04-09T02:48:31.334+0000] {logging_mixin.py:188} INFO - Uploaded /opt/***/dags/data/hr/BILLSTATUS-118hr1151.json to gs://congress_data/bills/hr/BILLSTATUS-118hr1151.json
[2024-04-09T02:48:31.908+0000] {logging_mixin.py:188} INFO - Uploaded /opt/***/dags/data/hr/BILLSTATUS-118hr2792.json to gs://congress_data/bills/hr/BILLSTATUS-118hr2792.json
[2024-04-09T02:48:32.557+0000] {logging_mixin.py:188} INFO - Uploaded /opt/***/dags/data/hr/BILLSTATUS-118hr443.json to gs://congress_data/bills/hr/BILLSTATUS-118hr443.json
[2024-04-09T02:48:33.145+0000] {logging_mixin.py:188} INFO - Uploaded /opt/***/dags/data/hr/BILLSTATUS-118hr2793.json to gs://congress_data/bills/hr/BILLSTATUS-118hr2793.json
[2024-04-09T02:48:33.772+0000] {logging_mixin.py:188} INFO - Uploaded /opt/***/dags/data/hr/BILLSTATUS-118hr1107.json to gs://congress_data/bills/hr/BILLSTATUS-118hr1107.json
[2024-04-09T02:48:34.413+0000] {logging_mixin.py:188} INFO - Uploaded /opt/***/dags/data/hr/BILLSTATUS-118hr26.json to gs://congress_data/bills/hr/BILLSTATUS-118hr26.json
[2024-04-09T02:48:35.141+0000] {logging_mixin.py:188} INFO - Uploaded /opt/***/dags/data/hr/BILLSTATUS-118hr815.json to gs://congress_data/bills/hr/BILLSTATUS-118hr815.json
[2024-04-09T02:48:35.827+0000] {logging_mixin.py:188} INFO - Uploaded /opt/***/dags/data/hr/BILLSTATUS-118hr839.json to gs://congress_data/bills/hr/BILLSTATUS-118hr839.json
[2024-04-09T02:48:36.448+0000] {logging_mixin.py:188} INFO - Uploaded /opt/***/dags/data/hr/BILLSTATUS-118hr497.json to gs://congress_data/bills/hr/BILLSTATUS-118hr497.json
[2024-04-09T02:48:37.044+0000] {logging_mixin.py:188} INFO - Uploaded /opt/***/dags/data/hr/BILLSTATUS-118hr4368.json to gs://congress_data/bills/hr/BILLSTATUS-118hr4368.json
[2024-04-09T02:48:37.624+0000] {logging_mixin.py:188} INFO - Uploaded /opt/***/dags/data/hr/BILLSTATUS-118hr7102.json to gs://congress_data/bills/hr/BILLSTATUS-118hr7102.json
[2024-04-09T02:48:38.202+0000] {logging_mixin.py:188} INFO - Uploaded /opt/***/dags/data/hr/BILLSTATUS-118hr593.json to gs://congress_data/bills/hr/BILLSTATUS-118hr593.json
[2024-04-09T02:48:38.895+0000] {logging_mixin.py:188} INFO - Uploaded /opt/***/dags/data/hr/BILLSTATUS-118hr340.json to gs://congress_data/bills/hr/BILLSTATUS-118hr340.json
[2024-04-09T02:48:39.598+0000] {logging_mixin.py:188} INFO - Uploaded /opt/***/dags/data/hr/BILLSTATUS-118hr788.json to gs://congress_data/bills/hr/BILLSTATUS-118hr788.json
[2024-04-09T02:48:40.235+0000] {logging_mixin.py:188} INFO - Uploaded /opt/***/dags/data/hr/BILLSTATUS-118hr6363.json to gs://congress_data/bills/hr/BILLSTATUS-118hr6363.json
[2024-04-09T02:48:40.842+0000] {logging_mixin.py:188} INFO - Uploaded /opt/***/dags/data/hr/BILLSTATUS-118hr1.json to gs://congress_data/bills/hr/BILLSTATUS-118hr1.json
[2024-04-09T02:48:41.429+0000] {logging_mixin.py:188} INFO - Uploaded /opt/***/dags/data/hr/BILLSTATUS-118hr4470.json to gs://congress_data/bills/hr/BILLSTATUS-118hr4470.json
[2024-04-09T02:48:42.072+0000] {logging_mixin.py:188} INFO - Uploaded /opt/***/dags/data/hr/BILLSTATUS-118hr663.json to gs://congress_data/bills/hr/BILLSTATUS-118hr663.json
[2024-04-09T02:48:42.716+0000] {logging_mixin.py:188} INFO - Uploaded /opt/***/dags/data/hr/BILLSTATUS-118hr2766.json to gs://congress_data/bills/hr/BILLSTATUS-118hr2766.json
[2024-04-09T02:48:43.405+0000] {logging_mixin.py:188} INFO - Uploaded /opt/***/dags/data/hr/BILLSTATUS-118hr589.json to gs://congress_data/bills/hr/BILLSTATUS-118hr589.json
[2024-04-09T02:48:43.976+0000] {logging_mixin.py:188} INFO - Uploaded /opt/***/dags/data/hr/BILLSTATUS-118hr1023.json to gs://congress_data/bills/hr/BILLSTATUS-118hr1023.json
[2024-04-09T02:48:44.633+0000] {logging_mixin.py:188} INFO - Uploaded /opt/***/dags/data/hr/BILLSTATUS-118hr4364.json to gs://congress_data/bills/hr/BILLSTATUS-118hr4364.json
[2024-04-09T02:48:45.352+0000] {logging_mixin.py:188} INFO - Uploaded /opt/***/dags/data/hr/BILLSTATUS-118hr347.json to gs://congress_data/bills/hr/BILLSTATUS-118hr347.json
[2024-04-09T02:48:45.958+0000] {logging_mixin.py:188} INFO - Uploaded /opt/***/dags/data/hr/BILLSTATUS-118hr886.json to gs://congress_data/bills/hr/BILLSTATUS-118hr886.json
[2024-04-09T02:48:46.613+0000] {logging_mixin.py:188} INFO - Uploaded /opt/***/dags/data/hr/BILLSTATUS-118hr185.json to gs://congress_data/bills/hr/BILLSTATUS-118hr185.json
[2024-04-09T02:48:47.211+0000] {logging_mixin.py:188} INFO - Uploaded /opt/***/dags/data/hr/BILLSTATUS-118hr3941.json to gs://congress_data/bills/hr/BILLSTATUS-118hr3941.json
[2024-04-09T02:48:47.824+0000] {logging_mixin.py:188} INFO - Uploaded /opt/***/dags/data/hr/BILLSTATUS-118hr5856.json to gs://congress_data/bills/hr/BILLSTATUS-118hr5856.json
[2024-04-09T02:48:48.530+0000] {logging_mixin.py:188} INFO - Uploaded /opt/***/dags/data/hr/BILLSTATUS-118hr21.json to gs://congress_data/bills/hr/BILLSTATUS-118hr21.json
[2024-04-09T02:48:49.118+0000] {logging_mixin.py:188} INFO - Uploaded /opt/***/dags/data/hr/BILLSTATUS-118hr3202.json to gs://congress_data/bills/hr/BILLSTATUS-118hr3202.json
[2024-04-09T02:48:49.708+0000] {logging_mixin.py:188} INFO - Uploaded /opt/***/dags/data/hr/BILLSTATUS-118hr6503.json to gs://congress_data/bills/hr/BILLSTATUS-118hr6503.json
[2024-04-09T02:48:50.362+0000] {logging_mixin.py:188} INFO - Uploaded /opt/***/dags/data/hr/BILLSTATUS-118hr5378.json to gs://congress_data/bills/hr/BILLSTATUS-118hr5378.json
[2024-04-09T02:48:50.949+0000] {logging_mixin.py:188} INFO - Uploaded /opt/***/dags/data/hr/BILLSTATUS-118hr500.json to gs://congress_data/bills/hr/BILLSTATUS-118hr500.json
[2024-04-09T02:48:51.531+0000] {logging_mixin.py:188} INFO - Uploaded /opt/***/dags/data/hr/BILLSTATUS-118hr1435.json to gs://congress_data/bills/hr/BILLSTATUS-118hr1435.json
[2024-04-09T02:48:52.123+0000] {logging_mixin.py:188} INFO - Uploaded /opt/***/dags/data/hr/BILLSTATUS-118hr5860.json to gs://congress_data/bills/hr/BILLSTATUS-118hr5860.json
[2024-04-09T02:48:52.715+0000] {logging_mixin.py:188} INFO - Uploaded /opt/***/dags/data/hr/BILLSTATUS-118hr3799.json to gs://congress_data/bills/hr/BILLSTATUS-118hr3799.json
[2024-04-09T02:48:53.404+0000] {logging_mixin.py:188} INFO - Uploaded /opt/***/dags/data/hr/BILLSTATUS-118hr2872.json to gs://congress_data/bills/hr/BILLSTATUS-118hr2872.json
[2024-04-09T02:48:53.998+0000] {logging_mixin.py:188} INFO - Uploaded /opt/***/dags/data/hr/BILLSTATUS-118hr3672.json to gs://congress_data/bills/hr/BILLSTATUS-118hr3672.json
[2024-04-09T02:48:54.578+0000] {logging_mixin.py:188} INFO - Uploaded /opt/***/dags/data/hr/BILLSTATUS-118hr5933.json to gs://congress_data/bills/hr/BILLSTATUS-118hr5933.json
[2024-04-09T02:48:55.157+0000] {logging_mixin.py:188} INFO - Uploaded /opt/***/dags/data/hr/BILLSTATUS-118hr5525.json to gs://congress_data/bills/hr/BILLSTATUS-118hr5525.json
[2024-04-09T02:48:55.765+0000] {logging_mixin.py:188} INFO - Uploaded /opt/***/dags/data/hr/BILLSTATUS-118hr4820.json to gs://congress_data/bills/hr/BILLSTATUS-118hr4820.json
[2024-04-09T02:48:56.350+0000] {logging_mixin.py:188} INFO - Uploaded /opt/***/dags/data/hr/BILLSTATUS-118hr6276.json to gs://congress_data/bills/hr/BILLSTATUS-118hr6276.json
[2024-04-09T02:48:56.979+0000] {logging_mixin.py:188} INFO - Uploaded /opt/***/dags/data/hr/BILLSTATUS-118hr5119.json to gs://congress_data/bills/hr/BILLSTATUS-118hr5119.json
[2024-04-09T02:48:57.583+0000] {logging_mixin.py:188} INFO - Uploaded /opt/***/dags/data/hr/BILLSTATUS-118hr2799.json to gs://congress_data/bills/hr/BILLSTATUS-118hr2799.json
[2024-04-09T02:48:58.246+0000] {logging_mixin.py:188} INFO - Uploaded /opt/***/dags/data/hr/BILLSTATUS-118hr5375.json to gs://congress_data/bills/hr/BILLSTATUS-118hr5375.json
[2024-04-09T02:48:58.827+0000] {logging_mixin.py:188} INFO - Uploaded /opt/***/dags/data/hr/BILLSTATUS-118hr6918.json to gs://congress_data/bills/hr/BILLSTATUS-118hr6918.json
[2024-04-09T02:48:59.404+0000] {logging_mixin.py:188} INFO - Uploaded /opt/***/dags/data/hr/BILLSTATUS-118hr1727.json to gs://congress_data/bills/hr/BILLSTATUS-118hr1727.json
[2024-04-09T02:49:00.004+0000] {logging_mixin.py:188} INFO - Uploaded /opt/***/dags/data/hr/BILLSTATUS-118hr4821.json to gs://congress_data/bills/hr/BILLSTATUS-118hr4821.json
[2024-04-09T02:49:00.586+0000] {logging_mixin.py:188} INFO - Uploaded /opt/***/dags/data/hr/BILLSTATUS-118hr1567.json to gs://congress_data/bills/hr/BILLSTATUS-118hr1567.json
[2024-04-09T02:49:01.260+0000] {logging_mixin.py:188} INFO - Uploaded /opt/***/dags/data/hr/BILLSTATUS-118hr5524.json to gs://congress_data/bills/hr/BILLSTATUS-118hr5524.json
[2024-04-09T02:49:01.833+0000] {logging_mixin.py:188} INFO - Uploaded /opt/***/dags/data/hr/BILLSTATUS-118hr1530.json to gs://congress_data/bills/hr/BILLSTATUS-118hr1530.json
[2024-04-09T02:49:02.528+0000] {logging_mixin.py:188} INFO - Uploaded /opt/***/dags/data/hr/BILLSTATUS-118hr3848.json to gs://congress_data/bills/hr/BILLSTATUS-118hr3848.json
[2024-04-09T02:49:03.154+0000] {logging_mixin.py:188} INFO - Uploaded /opt/***/dags/data/hr/BILLSTATUS-118hr1121.json to gs://congress_data/bills/hr/BILLSTATUS-118hr1121.json
[2024-04-09T02:49:03.736+0000] {logging_mixin.py:188} INFO - Uploaded /opt/***/dags/data/hr/BILLSTATUS-118hr1156.json to gs://congress_data/bills/hr/BILLSTATUS-118hr1156.json
[2024-04-09T02:49:04.326+0000] {logging_mixin.py:188} INFO - Uploaded /opt/***/dags/data/hr/BILLSTATUS-118hr2795.json to gs://congress_data/bills/hr/BILLSTATUS-118hr2795.json
[2024-04-09T02:49:04.905+0000] {logging_mixin.py:188} INFO - Uploaded /opt/***/dags/data/hr/BILLSTATUS-118hr2812.json to gs://congress_data/bills/hr/BILLSTATUS-118hr2812.json
[2024-04-09T02:49:05.529+0000] {logging_mixin.py:188} INFO - Uploaded /opt/***/dags/data/hr/BILLSTATUS-118hr6914.json to gs://congress_data/bills/hr/BILLSTATUS-118hr6914.json
[2024-04-09T02:49:06.131+0000] {logging_mixin.py:188} INFO - Uploaded /opt/***/dags/data/hr/BILLSTATUS-118hr813.json to gs://congress_data/bills/hr/BILLSTATUS-118hr813.json
[2024-04-09T02:49:06.724+0000] {logging_mixin.py:188} INFO - Uploaded /opt/***/dags/data/hr/BILLSTATUS-118hr1547.json to gs://congress_data/bills/hr/BILLSTATUS-118hr1547.json
[2024-04-09T02:49:07.324+0000] {logging_mixin.py:188} INFO - Uploaded /opt/***/dags/data/hr/BILLSTATUS-118hr7217.json to gs://congress_data/bills/hr/BILLSTATUS-118hr7217.json
[2024-04-09T02:49:07.925+0000] {logging_mixin.py:188} INFO - Uploaded /opt/***/dags/data/hr/BILLSTATUS-118hr5894.json to gs://congress_data/bills/hr/BILLSTATUS-118hr5894.json
[2024-04-09T02:49:08.531+0000] {logging_mixin.py:188} INFO - Uploaded /opt/***/dags/data/hr/BILLSTATUS-118hr5528.json to gs://congress_data/bills/hr/BILLSTATUS-118hr5528.json
[2024-04-09T02:49:09.124+0000] {logging_mixin.py:188} INFO - Uploaded /opt/***/dags/data/hr/BILLSTATUS-118hr1615.json to gs://congress_data/bills/hr/BILLSTATUS-118hr1615.json
[2024-04-09T02:49:09.708+0000] {logging_mixin.py:188} INFO - Uploaded /opt/***/dags/data/hr/BILLSTATUS-118hr346.json to gs://congress_data/bills/hr/BILLSTATUS-118hr346.json
[2024-04-09T02:49:10.300+0000] {logging_mixin.py:188} INFO - Uploaded /opt/***/dags/data/sjres/BILLSTATUS-118sjres24.json to gs://congress_data/bills/sjres/BILLSTATUS-118sjres24.json
[2024-04-09T02:49:10.875+0000] {logging_mixin.py:188} INFO - Uploaded /opt/***/dags/data/sjres/BILLSTATUS-118sjres32.json to gs://congress_data/bills/sjres/BILLSTATUS-118sjres32.json
[2024-04-09T02:49:11.471+0000] {logging_mixin.py:188} INFO - Uploaded /opt/***/dags/data/sjres/BILLSTATUS-118sjres44.json to gs://congress_data/bills/sjres/BILLSTATUS-118sjres44.json
[2024-04-09T02:49:12.063+0000] {logging_mixin.py:188} INFO - Uploaded /opt/***/dags/data/sjres/BILLSTATUS-118sjres38.json to gs://congress_data/bills/sjres/BILLSTATUS-118sjres38.json
[2024-04-09T02:49:12.653+0000] {logging_mixin.py:188} INFO - Uploaded /opt/***/dags/data/sjres/BILLSTATUS-118sjres43.json to gs://congress_data/bills/sjres/BILLSTATUS-118sjres43.json
[2024-04-09T02:49:13.233+0000] {logging_mixin.py:188} INFO - Uploaded /opt/***/dags/data/sjres/BILLSTATUS-118sjres4.json to gs://congress_data/bills/sjres/BILLSTATUS-118sjres4.json
[2024-04-09T02:49:13.816+0000] {logging_mixin.py:188} INFO - Uploaded /opt/***/dags/data/sjres/BILLSTATUS-118sjres18.json to gs://congress_data/bills/sjres/BILLSTATUS-118sjres18.json
[2024-04-09T02:49:14.406+0000] {logging_mixin.py:188} INFO - Uploaded /opt/***/dags/data/sjres/BILLSTATUS-118sjres9.json to gs://congress_data/bills/sjres/BILLSTATUS-118sjres9.json
[2024-04-09T02:49:15.017+0000] {logging_mixin.py:188} INFO - Uploaded /opt/***/dags/data/sjres/BILLSTATUS-118sjres62.json to gs://congress_data/bills/sjres/BILLSTATUS-118sjres62.json
[2024-04-09T02:49:15.608+0000] {logging_mixin.py:188} INFO - Uploaded /opt/***/dags/data/sjres/BILLSTATUS-118sjres23.json to gs://congress_data/bills/sjres/BILLSTATUS-118sjres23.json
[2024-04-09T02:49:16.184+0000] {logging_mixin.py:188} INFO - Uploaded /opt/***/dags/data/sjres/BILLSTATUS-118sjres42.json to gs://congress_data/bills/sjres/BILLSTATUS-118sjres42.json
[2024-04-09T02:49:16.770+0000] {logging_mixin.py:188} INFO - Uploaded /opt/***/dags/data/sjres/BILLSTATUS-118sjres60.json to gs://congress_data/bills/sjres/BILLSTATUS-118sjres60.json
[2024-04-09T02:49:17.370+0000] {logging_mixin.py:188} INFO - Uploaded /opt/***/dags/data/sjres/BILLSTATUS-118sjres51.json to gs://congress_data/bills/sjres/BILLSTATUS-118sjres51.json
[2024-04-09T02:49:17.994+0000] {logging_mixin.py:188} INFO - Uploaded /opt/***/dags/data/sjres/BILLSTATUS-118sjres10.json to gs://congress_data/bills/sjres/BILLSTATUS-118sjres10.json
[2024-04-09T02:49:18.584+0000] {logging_mixin.py:188} INFO - Uploaded /opt/***/dags/data/sjres/BILLSTATUS-118sjres11.json to gs://congress_data/bills/sjres/BILLSTATUS-118sjres11.json
[2024-04-09T02:49:18.586+0000] {python.py:202} INFO - Done. Returned value was: None
[2024-04-09T02:49:18.613+0000] {taskinstance.py:1149} INFO - Marking task as SUCCESS. dag_id=upload_congress_data, task_id=upload_bills_to_gcs, execution_date=20240409T024309, start_date=20240409T024659, end_date=20240409T024918
[2024-04-09T02:49:18.675+0000] {local_task_job_runner.py:234} INFO - Task exited with return code 0
[2024-04-09T02:49:18.696+0000] {taskinstance.py:3312} INFO - 1 downstream tasks scheduled from follow-on schedule check
