[2024-04-15T00:00:07.700+0000] {processor.py:161} INFO - Started process (PID=1564) to work on /opt/airflow/dags/upload_congress_data.py
[2024-04-15T00:00:07.705+0000] {processor.py:830} INFO - Processing file /opt/airflow/dags/upload_congress_data.py for tasks to queue
[2024-04-15T00:00:07.710+0000] {logging_mixin.py:188} INFO - [2024-04-15T00:00:07.709+0000] {dagbag.py:540} INFO - Filling up the DagBag from /opt/airflow/dags/upload_congress_data.py
[2024-04-15T00:00:07.785+0000] {processor.py:840} INFO - DAG(s) 'upload_congress_data' retrieved from /opt/airflow/dags/upload_congress_data.py
[2024-04-15T00:00:07.809+0000] {logging_mixin.py:188} INFO - [2024-04-15T00:00:07.809+0000] {dag.py:3047} INFO - Sync 1 DAGs
[2024-04-15T00:00:07.825+0000] {logging_mixin.py:188} INFO - [2024-04-15T00:00:07.825+0000] {dag.py:3834} INFO - Setting next_dagrun for upload_congress_data to None, run_after=None
[2024-04-15T00:00:07.837+0000] {processor.py:183} INFO - Processing /opt/airflow/dags/upload_congress_data.py took 0.146 seconds
[2024-04-15T00:00:38.352+0000] {processor.py:161} INFO - Started process (PID=1572) to work on /opt/airflow/dags/upload_congress_data.py
[2024-04-15T00:00:38.354+0000] {processor.py:830} INFO - Processing file /opt/airflow/dags/upload_congress_data.py for tasks to queue
[2024-04-15T00:00:38.357+0000] {logging_mixin.py:188} INFO - [2024-04-15T00:00:38.356+0000] {dagbag.py:540} INFO - Filling up the DagBag from /opt/airflow/dags/upload_congress_data.py
[2024-04-15T00:00:38.442+0000] {processor.py:840} INFO - DAG(s) 'upload_congress_data' retrieved from /opt/airflow/dags/upload_congress_data.py
[2024-04-15T00:00:38.463+0000] {logging_mixin.py:188} INFO - [2024-04-15T00:00:38.463+0000] {dag.py:3047} INFO - Sync 1 DAGs
[2024-04-15T00:00:38.494+0000] {logging_mixin.py:188} INFO - [2024-04-15T00:00:38.494+0000] {dag.py:3834} INFO - Setting next_dagrun for upload_congress_data to None, run_after=None
[2024-04-15T00:00:38.510+0000] {processor.py:183} INFO - Processing /opt/airflow/dags/upload_congress_data.py took 0.163 seconds
[2024-04-15T00:01:00.789+0000] {processor.py:161} INFO - Started process (PID=1579) to work on /opt/airflow/dags/upload_congress_data.py
[2024-04-15T00:01:00.791+0000] {processor.py:830} INFO - Processing file /opt/airflow/dags/upload_congress_data.py for tasks to queue
[2024-04-15T00:01:00.803+0000] {logging_mixin.py:188} INFO - [2024-04-15T00:01:00.796+0000] {dagbag.py:540} INFO - Filling up the DagBag from /opt/airflow/dags/upload_congress_data.py
[2024-04-15T00:01:00.980+0000] {processor.py:840} INFO - DAG(s) 'upload_congress_data' retrieved from /opt/airflow/dags/upload_congress_data.py
[2024-04-15T00:01:01.024+0000] {logging_mixin.py:188} INFO - [2024-04-15T00:01:01.023+0000] {dag.py:3047} INFO - Sync 1 DAGs
[2024-04-15T00:01:01.069+0000] {logging_mixin.py:188} INFO - [2024-04-15T00:01:01.068+0000] {dag.py:3834} INFO - Setting next_dagrun for upload_congress_data to None, run_after=None
[2024-04-15T00:01:01.087+0000] {processor.py:183} INFO - Processing /opt/airflow/dags/upload_congress_data.py took 0.304 seconds
[2024-04-15T00:01:01.838+0000] {processor.py:161} INFO - Started process (PID=1580) to work on /opt/airflow/dags/upload_congress_data.py
[2024-04-15T00:01:01.839+0000] {processor.py:830} INFO - Processing file /opt/airflow/dags/upload_congress_data.py for tasks to queue
[2024-04-15T00:01:01.842+0000] {logging_mixin.py:188} INFO - [2024-04-15T00:01:01.841+0000] {dagbag.py:540} INFO - Filling up the DagBag from /opt/airflow/dags/upload_congress_data.py
[2024-04-15T00:01:01.901+0000] {processor.py:840} INFO - DAG(s) 'upload_congress_data' retrieved from /opt/airflow/dags/upload_congress_data.py
[2024-04-15T00:01:01.925+0000] {logging_mixin.py:188} INFO - [2024-04-15T00:01:01.925+0000] {dag.py:3047} INFO - Sync 1 DAGs
[2024-04-15T00:01:01.941+0000] {logging_mixin.py:188} INFO - [2024-04-15T00:01:01.941+0000] {dag.py:3834} INFO - Setting next_dagrun for upload_congress_data to None, run_after=None
[2024-04-15T00:01:01.955+0000] {processor.py:183} INFO - Processing /opt/airflow/dags/upload_congress_data.py took 0.124 seconds
[2024-04-15T00:01:02.876+0000] {processor.py:161} INFO - Started process (PID=1581) to work on /opt/airflow/dags/upload_congress_data.py
[2024-04-15T00:01:02.878+0000] {processor.py:830} INFO - Processing file /opt/airflow/dags/upload_congress_data.py for tasks to queue
[2024-04-15T00:01:02.881+0000] {logging_mixin.py:188} INFO - [2024-04-15T00:01:02.880+0000] {dagbag.py:540} INFO - Filling up the DagBag from /opt/airflow/dags/upload_congress_data.py
[2024-04-15T00:01:02.939+0000] {processor.py:840} INFO - DAG(s) 'upload_congress_data' retrieved from /opt/airflow/dags/upload_congress_data.py
[2024-04-15T00:01:02.957+0000] {logging_mixin.py:188} INFO - [2024-04-15T00:01:02.957+0000] {dag.py:3047} INFO - Sync 1 DAGs
[2024-04-15T00:01:02.973+0000] {logging_mixin.py:188} INFO - [2024-04-15T00:01:02.973+0000] {dag.py:3834} INFO - Setting next_dagrun for upload_congress_data to None, run_after=None
[2024-04-15T00:01:02.985+0000] {processor.py:183} INFO - Processing /opt/airflow/dags/upload_congress_data.py took 0.116 seconds
[2024-04-15T00:01:04.021+0000] {processor.py:161} INFO - Started process (PID=1582) to work on /opt/airflow/dags/upload_congress_data.py
[2024-04-15T00:01:04.024+0000] {processor.py:830} INFO - Processing file /opt/airflow/dags/upload_congress_data.py for tasks to queue
[2024-04-15T00:01:04.027+0000] {logging_mixin.py:188} INFO - [2024-04-15T00:01:04.026+0000] {dagbag.py:540} INFO - Filling up the DagBag from /opt/airflow/dags/upload_congress_data.py
[2024-04-15T00:01:04.082+0000] {processor.py:840} INFO - DAG(s) 'upload_congress_data' retrieved from /opt/airflow/dags/upload_congress_data.py
[2024-04-15T00:01:04.099+0000] {logging_mixin.py:188} INFO - [2024-04-15T00:01:04.099+0000] {dag.py:3047} INFO - Sync 1 DAGs
[2024-04-15T00:01:04.111+0000] {logging_mixin.py:188} INFO - [2024-04-15T00:01:04.111+0000] {dag.py:3834} INFO - Setting next_dagrun for upload_congress_data to None, run_after=None
[2024-04-15T00:01:04.124+0000] {processor.py:183} INFO - Processing /opt/airflow/dags/upload_congress_data.py took 0.108 seconds
[2024-04-15T00:01:05.077+0000] {processor.py:161} INFO - Started process (PID=1583) to work on /opt/airflow/dags/upload_congress_data.py
[2024-04-15T00:01:05.079+0000] {processor.py:830} INFO - Processing file /opt/airflow/dags/upload_congress_data.py for tasks to queue
[2024-04-15T00:01:05.083+0000] {logging_mixin.py:188} INFO - [2024-04-15T00:01:05.082+0000] {dagbag.py:540} INFO - Filling up the DagBag from /opt/airflow/dags/upload_congress_data.py
[2024-04-15T00:01:05.140+0000] {processor.py:840} INFO - DAG(s) 'upload_congress_data' retrieved from /opt/airflow/dags/upload_congress_data.py
[2024-04-15T00:01:05.187+0000] {logging_mixin.py:188} INFO - [2024-04-15T00:01:05.187+0000] {dag.py:3047} INFO - Sync 1 DAGs
[2024-04-15T00:01:05.223+0000] {logging_mixin.py:188} INFO - [2024-04-15T00:01:05.223+0000] {dag.py:3834} INFO - Setting next_dagrun for upload_congress_data to None, run_after=None
[2024-04-15T00:01:05.282+0000] {processor.py:183} INFO - Processing /opt/airflow/dags/upload_congress_data.py took 0.211 seconds
[2024-04-15T00:01:35.684+0000] {processor.py:161} INFO - Started process (PID=1591) to work on /opt/airflow/dags/upload_congress_data.py
[2024-04-15T00:01:35.687+0000] {processor.py:830} INFO - Processing file /opt/airflow/dags/upload_congress_data.py for tasks to queue
[2024-04-15T00:01:35.692+0000] {logging_mixin.py:188} INFO - [2024-04-15T00:01:35.691+0000] {dagbag.py:540} INFO - Filling up the DagBag from /opt/airflow/dags/upload_congress_data.py
[2024-04-15T00:01:35.790+0000] {processor.py:840} INFO - DAG(s) 'upload_congress_data' retrieved from /opt/airflow/dags/upload_congress_data.py
[2024-04-15T00:01:35.827+0000] {logging_mixin.py:188} INFO - [2024-04-15T00:01:35.827+0000] {dag.py:3047} INFO - Sync 1 DAGs
[2024-04-15T00:01:35.846+0000] {logging_mixin.py:188} INFO - [2024-04-15T00:01:35.846+0000] {dag.py:3834} INFO - Setting next_dagrun for upload_congress_data to None, run_after=None
[2024-04-15T00:01:35.875+0000] {processor.py:183} INFO - Processing /opt/airflow/dags/upload_congress_data.py took 0.200 seconds
[2024-04-15T00:02:06.180+0000] {processor.py:161} INFO - Started process (PID=1600) to work on /opt/airflow/dags/upload_congress_data.py
[2024-04-15T00:02:06.201+0000] {processor.py:830} INFO - Processing file /opt/airflow/dags/upload_congress_data.py for tasks to queue
[2024-04-15T00:02:06.206+0000] {logging_mixin.py:188} INFO - [2024-04-15T00:02:06.205+0000] {dagbag.py:540} INFO - Filling up the DagBag from /opt/airflow/dags/upload_congress_data.py
[2024-04-15T00:02:06.289+0000] {processor.py:840} INFO - DAG(s) 'upload_congress_data' retrieved from /opt/airflow/dags/upload_congress_data.py
[2024-04-15T00:02:06.404+0000] {logging_mixin.py:188} INFO - [2024-04-15T00:02:06.402+0000] {dag.py:3047} INFO - Sync 1 DAGs
[2024-04-15T00:02:06.439+0000] {logging_mixin.py:188} INFO - [2024-04-15T00:02:06.438+0000] {dag.py:3834} INFO - Setting next_dagrun for upload_congress_data to None, run_after=None
[2024-04-15T00:02:06.458+0000] {processor.py:183} INFO - Processing /opt/airflow/dags/upload_congress_data.py took 0.293 seconds
[2024-04-15T00:02:37.034+0000] {processor.py:161} INFO - Started process (PID=1609) to work on /opt/airflow/dags/upload_congress_data.py
[2024-04-15T00:02:37.037+0000] {processor.py:830} INFO - Processing file /opt/airflow/dags/upload_congress_data.py for tasks to queue
[2024-04-15T00:02:37.041+0000] {logging_mixin.py:188} INFO - [2024-04-15T00:02:37.040+0000] {dagbag.py:540} INFO - Filling up the DagBag from /opt/airflow/dags/upload_congress_data.py
[2024-04-15T00:02:37.105+0000] {processor.py:840} INFO - DAG(s) 'upload_congress_data' retrieved from /opt/airflow/dags/upload_congress_data.py
[2024-04-15T00:02:37.143+0000] {logging_mixin.py:188} INFO - [2024-04-15T00:02:37.143+0000] {dag.py:3047} INFO - Sync 1 DAGs
[2024-04-15T00:02:37.161+0000] {logging_mixin.py:188} INFO - [2024-04-15T00:02:37.161+0000] {dag.py:3834} INFO - Setting next_dagrun for upload_congress_data to None, run_after=None
[2024-04-15T00:02:37.173+0000] {processor.py:183} INFO - Processing /opt/airflow/dags/upload_congress_data.py took 0.145 seconds
[2024-04-15T00:03:07.833+0000] {processor.py:161} INFO - Started process (PID=1619) to work on /opt/airflow/dags/upload_congress_data.py
[2024-04-15T00:03:07.835+0000] {processor.py:830} INFO - Processing file /opt/airflow/dags/upload_congress_data.py for tasks to queue
[2024-04-15T00:03:07.838+0000] {logging_mixin.py:188} INFO - [2024-04-15T00:03:07.837+0000] {dagbag.py:540} INFO - Filling up the DagBag from /opt/airflow/dags/upload_congress_data.py
[2024-04-15T00:03:07.892+0000] {processor.py:840} INFO - DAG(s) 'upload_congress_data' retrieved from /opt/airflow/dags/upload_congress_data.py
[2024-04-15T00:03:07.927+0000] {logging_mixin.py:188} INFO - [2024-04-15T00:03:07.927+0000] {dag.py:3047} INFO - Sync 1 DAGs
[2024-04-15T00:03:07.944+0000] {logging_mixin.py:188} INFO - [2024-04-15T00:03:07.944+0000] {dag.py:3834} INFO - Setting next_dagrun for upload_congress_data to None, run_after=None
[2024-04-15T00:03:07.954+0000] {processor.py:183} INFO - Processing /opt/airflow/dags/upload_congress_data.py took 0.128 seconds
[2024-04-15T00:03:38.428+0000] {processor.py:161} INFO - Started process (PID=1627) to work on /opt/airflow/dags/upload_congress_data.py
[2024-04-15T00:03:38.430+0000] {processor.py:830} INFO - Processing file /opt/airflow/dags/upload_congress_data.py for tasks to queue
[2024-04-15T00:03:38.433+0000] {logging_mixin.py:188} INFO - [2024-04-15T00:03:38.433+0000] {dagbag.py:540} INFO - Filling up the DagBag from /opt/airflow/dags/upload_congress_data.py
[2024-04-15T00:03:38.493+0000] {processor.py:840} INFO - DAG(s) 'upload_congress_data' retrieved from /opt/airflow/dags/upload_congress_data.py
[2024-04-15T00:03:38.512+0000] {logging_mixin.py:188} INFO - [2024-04-15T00:03:38.512+0000] {dag.py:3047} INFO - Sync 1 DAGs
[2024-04-15T00:03:38.532+0000] {logging_mixin.py:188} INFO - [2024-04-15T00:03:38.531+0000] {dag.py:3834} INFO - Setting next_dagrun for upload_congress_data to None, run_after=None
[2024-04-15T00:03:38.549+0000] {processor.py:183} INFO - Processing /opt/airflow/dags/upload_congress_data.py took 0.127 seconds
[2024-04-15T00:04:08.891+0000] {processor.py:161} INFO - Started process (PID=1635) to work on /opt/airflow/dags/upload_congress_data.py
[2024-04-15T00:04:08.894+0000] {processor.py:830} INFO - Processing file /opt/airflow/dags/upload_congress_data.py for tasks to queue
[2024-04-15T00:04:08.898+0000] {logging_mixin.py:188} INFO - [2024-04-15T00:04:08.898+0000] {dagbag.py:540} INFO - Filling up the DagBag from /opt/airflow/dags/upload_congress_data.py
[2024-04-15T00:04:08.961+0000] {processor.py:840} INFO - DAG(s) 'upload_congress_data' retrieved from /opt/airflow/dags/upload_congress_data.py
[2024-04-15T00:04:09.005+0000] {logging_mixin.py:188} INFO - [2024-04-15T00:04:09.005+0000] {dag.py:3047} INFO - Sync 1 DAGs
[2024-04-15T00:04:09.031+0000] {logging_mixin.py:188} INFO - [2024-04-15T00:04:09.030+0000] {dag.py:3834} INFO - Setting next_dagrun for upload_congress_data to None, run_after=None
[2024-04-15T00:04:09.054+0000] {processor.py:183} INFO - Processing /opt/airflow/dags/upload_congress_data.py took 0.170 seconds
[2024-04-15T00:04:39.489+0000] {processor.py:161} INFO - Started process (PID=1643) to work on /opt/airflow/dags/upload_congress_data.py
[2024-04-15T00:04:39.491+0000] {processor.py:830} INFO - Processing file /opt/airflow/dags/upload_congress_data.py for tasks to queue
[2024-04-15T00:04:39.495+0000] {logging_mixin.py:188} INFO - [2024-04-15T00:04:39.494+0000] {dagbag.py:540} INFO - Filling up the DagBag from /opt/airflow/dags/upload_congress_data.py
[2024-04-15T00:04:39.546+0000] {processor.py:840} INFO - DAG(s) 'upload_congress_data' retrieved from /opt/airflow/dags/upload_congress_data.py
[2024-04-15T00:04:39.568+0000] {logging_mixin.py:188} INFO - [2024-04-15T00:04:39.568+0000] {dag.py:3047} INFO - Sync 1 DAGs
[2024-04-15T00:04:39.583+0000] {logging_mixin.py:188} INFO - [2024-04-15T00:04:39.583+0000] {dag.py:3834} INFO - Setting next_dagrun for upload_congress_data to None, run_after=None
[2024-04-15T00:04:39.594+0000] {processor.py:183} INFO - Processing /opt/airflow/dags/upload_congress_data.py took 0.111 seconds
[2024-04-15T00:17:08.555+0000] {processor.py:161} INFO - Started process (PID=1651) to work on /opt/airflow/dags/upload_congress_data.py
[2024-04-15T00:17:08.556+0000] {processor.py:830} INFO - Processing file /opt/airflow/dags/upload_congress_data.py for tasks to queue
[2024-04-15T00:17:08.559+0000] {logging_mixin.py:188} INFO - [2024-04-15T00:17:08.559+0000] {dagbag.py:540} INFO - Filling up the DagBag from /opt/airflow/dags/upload_congress_data.py
[2024-04-15T00:17:08.612+0000] {processor.py:840} INFO - DAG(s) 'upload_congress_data' retrieved from /opt/airflow/dags/upload_congress_data.py
[2024-04-15T00:17:08.636+0000] {logging_mixin.py:188} INFO - [2024-04-15T00:17:08.636+0000] {dag.py:3047} INFO - Sync 1 DAGs
[2024-04-15T00:17:08.653+0000] {logging_mixin.py:188} INFO - [2024-04-15T00:17:08.653+0000] {dag.py:3834} INFO - Setting next_dagrun for upload_congress_data to None, run_after=None
[2024-04-15T00:17:08.678+0000] {processor.py:183} INFO - Processing /opt/airflow/dags/upload_congress_data.py took 0.127 seconds
[2024-04-15T00:17:39.051+0000] {processor.py:161} INFO - Started process (PID=1659) to work on /opt/airflow/dags/upload_congress_data.py
[2024-04-15T00:17:39.054+0000] {processor.py:830} INFO - Processing file /opt/airflow/dags/upload_congress_data.py for tasks to queue
[2024-04-15T00:17:39.063+0000] {logging_mixin.py:188} INFO - [2024-04-15T00:17:39.062+0000] {dagbag.py:540} INFO - Filling up the DagBag from /opt/airflow/dags/upload_congress_data.py
[2024-04-15T00:17:39.132+0000] {processor.py:840} INFO - DAG(s) 'upload_congress_data' retrieved from /opt/airflow/dags/upload_congress_data.py
[2024-04-15T00:17:39.165+0000] {logging_mixin.py:188} INFO - [2024-04-15T00:17:39.165+0000] {dag.py:3047} INFO - Sync 1 DAGs
[2024-04-15T00:17:39.180+0000] {logging_mixin.py:188} INFO - [2024-04-15T00:17:39.180+0000] {dag.py:3834} INFO - Setting next_dagrun for upload_congress_data to None, run_after=None
[2024-04-15T00:17:39.189+0000] {processor.py:183} INFO - Processing /opt/airflow/dags/upload_congress_data.py took 0.152 seconds
[2024-04-15T00:18:09.546+0000] {processor.py:161} INFO - Started process (PID=1667) to work on /opt/airflow/dags/upload_congress_data.py
[2024-04-15T00:18:09.548+0000] {processor.py:830} INFO - Processing file /opt/airflow/dags/upload_congress_data.py for tasks to queue
[2024-04-15T00:18:09.552+0000] {logging_mixin.py:188} INFO - [2024-04-15T00:18:09.551+0000] {dagbag.py:540} INFO - Filling up the DagBag from /opt/airflow/dags/upload_congress_data.py
[2024-04-15T00:18:09.632+0000] {processor.py:840} INFO - DAG(s) 'upload_congress_data' retrieved from /opt/airflow/dags/upload_congress_data.py
[2024-04-15T00:18:09.653+0000] {logging_mixin.py:188} INFO - [2024-04-15T00:18:09.653+0000] {dag.py:3047} INFO - Sync 1 DAGs
[2024-04-15T00:18:09.667+0000] {logging_mixin.py:188} INFO - [2024-04-15T00:18:09.667+0000] {dag.py:3834} INFO - Setting next_dagrun for upload_congress_data to None, run_after=None
[2024-04-15T00:18:09.677+0000] {processor.py:183} INFO - Processing /opt/airflow/dags/upload_congress_data.py took 0.137 seconds
[2024-04-15T00:18:40.084+0000] {processor.py:161} INFO - Started process (PID=1675) to work on /opt/airflow/dags/upload_congress_data.py
[2024-04-15T00:18:40.086+0000] {processor.py:830} INFO - Processing file /opt/airflow/dags/upload_congress_data.py for tasks to queue
[2024-04-15T00:18:40.089+0000] {logging_mixin.py:188} INFO - [2024-04-15T00:18:40.089+0000] {dagbag.py:540} INFO - Filling up the DagBag from /opt/airflow/dags/upload_congress_data.py
[2024-04-15T00:18:40.154+0000] {processor.py:840} INFO - DAG(s) 'upload_congress_data' retrieved from /opt/airflow/dags/upload_congress_data.py
[2024-04-15T00:18:40.174+0000] {logging_mixin.py:188} INFO - [2024-04-15T00:18:40.174+0000] {dag.py:3047} INFO - Sync 1 DAGs
[2024-04-15T00:18:40.189+0000] {logging_mixin.py:188} INFO - [2024-04-15T00:18:40.188+0000] {dag.py:3834} INFO - Setting next_dagrun for upload_congress_data to None, run_after=None
[2024-04-15T00:18:40.208+0000] {processor.py:183} INFO - Processing /opt/airflow/dags/upload_congress_data.py took 0.130 seconds
[2024-04-15T00:19:10.559+0000] {processor.py:161} INFO - Started process (PID=1683) to work on /opt/airflow/dags/upload_congress_data.py
[2024-04-15T00:19:10.572+0000] {processor.py:830} INFO - Processing file /opt/airflow/dags/upload_congress_data.py for tasks to queue
[2024-04-15T00:19:10.575+0000] {logging_mixin.py:188} INFO - [2024-04-15T00:19:10.575+0000] {dagbag.py:540} INFO - Filling up the DagBag from /opt/airflow/dags/upload_congress_data.py
[2024-04-15T00:19:10.623+0000] {processor.py:840} INFO - DAG(s) 'upload_congress_data' retrieved from /opt/airflow/dags/upload_congress_data.py
[2024-04-15T00:19:10.642+0000] {logging_mixin.py:188} INFO - [2024-04-15T00:19:10.641+0000] {dag.py:3047} INFO - Sync 1 DAGs
[2024-04-15T00:19:10.656+0000] {logging_mixin.py:188} INFO - [2024-04-15T00:19:10.656+0000] {dag.py:3834} INFO - Setting next_dagrun for upload_congress_data to None, run_after=None
[2024-04-15T00:19:10.664+0000] {processor.py:183} INFO - Processing /opt/airflow/dags/upload_congress_data.py took 0.109 seconds
[2024-04-15T00:19:41.225+0000] {processor.py:161} INFO - Started process (PID=1691) to work on /opt/airflow/dags/upload_congress_data.py
[2024-04-15T00:19:41.230+0000] {processor.py:830} INFO - Processing file /opt/airflow/dags/upload_congress_data.py for tasks to queue
[2024-04-15T00:19:41.233+0000] {logging_mixin.py:188} INFO - [2024-04-15T00:19:41.233+0000] {dagbag.py:540} INFO - Filling up the DagBag from /opt/airflow/dags/upload_congress_data.py
[2024-04-15T00:19:41.309+0000] {processor.py:840} INFO - DAG(s) 'upload_congress_data' retrieved from /opt/airflow/dags/upload_congress_data.py
[2024-04-15T00:19:41.334+0000] {logging_mixin.py:188} INFO - [2024-04-15T00:19:41.334+0000] {dag.py:3047} INFO - Sync 1 DAGs
[2024-04-15T00:19:41.353+0000] {logging_mixin.py:188} INFO - [2024-04-15T00:19:41.353+0000] {dag.py:3834} INFO - Setting next_dagrun for upload_congress_data to None, run_after=None
[2024-04-15T00:19:41.372+0000] {processor.py:183} INFO - Processing /opt/airflow/dags/upload_congress_data.py took 0.156 seconds
[2024-04-15T00:24:43.834+0000] {processor.py:161} INFO - Started process (PID=1699) to work on /opt/airflow/dags/upload_congress_data.py
[2024-04-15T00:24:43.836+0000] {processor.py:830} INFO - Processing file /opt/airflow/dags/upload_congress_data.py for tasks to queue
[2024-04-15T00:24:43.839+0000] {logging_mixin.py:188} INFO - [2024-04-15T00:24:43.839+0000] {dagbag.py:540} INFO - Filling up the DagBag from /opt/airflow/dags/upload_congress_data.py
[2024-04-15T00:24:43.942+0000] {processor.py:840} INFO - DAG(s) 'upload_congress_data' retrieved from /opt/airflow/dags/upload_congress_data.py
[2024-04-15T00:24:43.976+0000] {logging_mixin.py:188} INFO - [2024-04-15T00:24:43.976+0000] {dag.py:3047} INFO - Sync 1 DAGs
[2024-04-15T00:24:43.994+0000] {logging_mixin.py:188} INFO - [2024-04-15T00:24:43.993+0000] {dag.py:3834} INFO - Setting next_dagrun for upload_congress_data to None, run_after=None
[2024-04-15T00:24:44.005+0000] {processor.py:183} INFO - Processing /opt/airflow/dags/upload_congress_data.py took 0.178 seconds
[2024-04-15T00:25:14.337+0000] {processor.py:161} INFO - Started process (PID=1707) to work on /opt/airflow/dags/upload_congress_data.py
[2024-04-15T00:25:14.339+0000] {processor.py:830} INFO - Processing file /opt/airflow/dags/upload_congress_data.py for tasks to queue
[2024-04-15T00:25:14.342+0000] {logging_mixin.py:188} INFO - [2024-04-15T00:25:14.342+0000] {dagbag.py:540} INFO - Filling up the DagBag from /opt/airflow/dags/upload_congress_data.py
[2024-04-15T00:25:14.429+0000] {processor.py:840} INFO - DAG(s) 'upload_congress_data' retrieved from /opt/airflow/dags/upload_congress_data.py
[2024-04-15T00:25:14.452+0000] {logging_mixin.py:188} INFO - [2024-04-15T00:25:14.451+0000] {dag.py:3047} INFO - Sync 1 DAGs
[2024-04-15T00:25:14.481+0000] {logging_mixin.py:188} INFO - [2024-04-15T00:25:14.480+0000] {dag.py:3834} INFO - Setting next_dagrun for upload_congress_data to None, run_after=None
[2024-04-15T00:25:14.493+0000] {processor.py:183} INFO - Processing /opt/airflow/dags/upload_congress_data.py took 0.162 seconds
[2024-04-15T00:25:44.859+0000] {processor.py:161} INFO - Started process (PID=1715) to work on /opt/airflow/dags/upload_congress_data.py
[2024-04-15T00:25:44.861+0000] {processor.py:830} INFO - Processing file /opt/airflow/dags/upload_congress_data.py for tasks to queue
[2024-04-15T00:25:44.890+0000] {logging_mixin.py:188} INFO - [2024-04-15T00:25:44.888+0000] {dagbag.py:540} INFO - Filling up the DagBag from /opt/airflow/dags/upload_congress_data.py
[2024-04-15T00:25:44.937+0000] {processor.py:840} INFO - DAG(s) 'upload_congress_data' retrieved from /opt/airflow/dags/upload_congress_data.py
[2024-04-15T00:25:44.967+0000] {logging_mixin.py:188} INFO - [2024-04-15T00:25:44.967+0000] {dag.py:3047} INFO - Sync 1 DAGs
[2024-04-15T00:25:44.990+0000] {logging_mixin.py:188} INFO - [2024-04-15T00:25:44.989+0000] {dag.py:3834} INFO - Setting next_dagrun for upload_congress_data to None, run_after=None
[2024-04-15T00:25:44.999+0000] {processor.py:183} INFO - Processing /opt/airflow/dags/upload_congress_data.py took 0.146 seconds
[2024-04-15T00:26:15.375+0000] {processor.py:161} INFO - Started process (PID=1723) to work on /opt/airflow/dags/upload_congress_data.py
[2024-04-15T00:26:15.379+0000] {processor.py:830} INFO - Processing file /opt/airflow/dags/upload_congress_data.py for tasks to queue
[2024-04-15T00:26:15.391+0000] {logging_mixin.py:188} INFO - [2024-04-15T00:26:15.386+0000] {dagbag.py:540} INFO - Filling up the DagBag from /opt/airflow/dags/upload_congress_data.py
[2024-04-15T00:26:15.450+0000] {processor.py:840} INFO - DAG(s) 'upload_congress_data' retrieved from /opt/airflow/dags/upload_congress_data.py
[2024-04-15T00:26:15.490+0000] {logging_mixin.py:188} INFO - [2024-04-15T00:26:15.490+0000] {dag.py:3047} INFO - Sync 1 DAGs
[2024-04-15T00:26:15.506+0000] {logging_mixin.py:188} INFO - [2024-04-15T00:26:15.505+0000] {dag.py:3834} INFO - Setting next_dagrun for upload_congress_data to None, run_after=None
[2024-04-15T00:26:15.516+0000] {processor.py:183} INFO - Processing /opt/airflow/dags/upload_congress_data.py took 0.153 seconds
[2024-04-15T00:26:45.866+0000] {processor.py:161} INFO - Started process (PID=1731) to work on /opt/airflow/dags/upload_congress_data.py
[2024-04-15T00:26:45.868+0000] {processor.py:830} INFO - Processing file /opt/airflow/dags/upload_congress_data.py for tasks to queue
[2024-04-15T00:26:45.870+0000] {logging_mixin.py:188} INFO - [2024-04-15T00:26:45.870+0000] {dagbag.py:540} INFO - Filling up the DagBag from /opt/airflow/dags/upload_congress_data.py
[2024-04-15T00:26:45.927+0000] {processor.py:840} INFO - DAG(s) 'upload_congress_data' retrieved from /opt/airflow/dags/upload_congress_data.py
[2024-04-15T00:26:45.945+0000] {logging_mixin.py:188} INFO - [2024-04-15T00:26:45.945+0000] {dag.py:3047} INFO - Sync 1 DAGs
[2024-04-15T00:26:45.960+0000] {logging_mixin.py:188} INFO - [2024-04-15T00:26:45.960+0000] {dag.py:3834} INFO - Setting next_dagrun for upload_congress_data to None, run_after=None
[2024-04-15T00:26:45.970+0000] {processor.py:183} INFO - Processing /opt/airflow/dags/upload_congress_data.py took 0.107 seconds
[2024-04-15T00:27:16.399+0000] {processor.py:161} INFO - Started process (PID=1739) to work on /opt/airflow/dags/upload_congress_data.py
[2024-04-15T00:27:16.401+0000] {processor.py:830} INFO - Processing file /opt/airflow/dags/upload_congress_data.py for tasks to queue
[2024-04-15T00:27:16.404+0000] {logging_mixin.py:188} INFO - [2024-04-15T00:27:16.403+0000] {dagbag.py:540} INFO - Filling up the DagBag from /opt/airflow/dags/upload_congress_data.py
[2024-04-15T00:27:16.495+0000] {processor.py:840} INFO - DAG(s) 'upload_congress_data' retrieved from /opt/airflow/dags/upload_congress_data.py
[2024-04-15T00:27:16.520+0000] {logging_mixin.py:188} INFO - [2024-04-15T00:27:16.520+0000] {dag.py:3047} INFO - Sync 1 DAGs
[2024-04-15T00:27:16.534+0000] {logging_mixin.py:188} INFO - [2024-04-15T00:27:16.534+0000] {dag.py:3834} INFO - Setting next_dagrun for upload_congress_data to None, run_after=None
[2024-04-15T00:27:16.544+0000] {processor.py:183} INFO - Processing /opt/airflow/dags/upload_congress_data.py took 0.149 seconds
[2024-04-15T00:27:46.917+0000] {processor.py:161} INFO - Started process (PID=1747) to work on /opt/airflow/dags/upload_congress_data.py
[2024-04-15T00:27:46.919+0000] {processor.py:830} INFO - Processing file /opt/airflow/dags/upload_congress_data.py for tasks to queue
[2024-04-15T00:27:46.925+0000] {logging_mixin.py:188} INFO - [2024-04-15T00:27:46.925+0000] {dagbag.py:540} INFO - Filling up the DagBag from /opt/airflow/dags/upload_congress_data.py
[2024-04-15T00:27:47.032+0000] {processor.py:840} INFO - DAG(s) 'upload_congress_data' retrieved from /opt/airflow/dags/upload_congress_data.py
[2024-04-15T00:27:47.068+0000] {logging_mixin.py:188} INFO - [2024-04-15T00:27:47.068+0000] {dag.py:3047} INFO - Sync 1 DAGs
[2024-04-15T00:27:47.107+0000] {logging_mixin.py:188} INFO - [2024-04-15T00:27:47.107+0000] {dag.py:3834} INFO - Setting next_dagrun for upload_congress_data to None, run_after=None
[2024-04-15T00:27:47.125+0000] {processor.py:183} INFO - Processing /opt/airflow/dags/upload_congress_data.py took 0.214 seconds
[2024-04-15T00:28:17.461+0000] {processor.py:161} INFO - Started process (PID=1755) to work on /opt/airflow/dags/upload_congress_data.py
[2024-04-15T00:28:17.465+0000] {processor.py:830} INFO - Processing file /opt/airflow/dags/upload_congress_data.py for tasks to queue
[2024-04-15T00:28:17.474+0000] {logging_mixin.py:188} INFO - [2024-04-15T00:28:17.473+0000] {dagbag.py:540} INFO - Filling up the DagBag from /opt/airflow/dags/upload_congress_data.py
[2024-04-15T00:28:17.568+0000] {processor.py:840} INFO - DAG(s) 'upload_congress_data' retrieved from /opt/airflow/dags/upload_congress_data.py
[2024-04-15T00:28:17.604+0000] {logging_mixin.py:188} INFO - [2024-04-15T00:28:17.604+0000] {dag.py:3047} INFO - Sync 1 DAGs
[2024-04-15T00:28:17.630+0000] {logging_mixin.py:188} INFO - [2024-04-15T00:28:17.630+0000] {dag.py:3834} INFO - Setting next_dagrun for upload_congress_data to None, run_after=None
[2024-04-15T00:28:17.647+0000] {processor.py:183} INFO - Processing /opt/airflow/dags/upload_congress_data.py took 0.192 seconds
[2024-04-15T00:28:47.977+0000] {processor.py:161} INFO - Started process (PID=1763) to work on /opt/airflow/dags/upload_congress_data.py
[2024-04-15T00:28:47.978+0000] {processor.py:830} INFO - Processing file /opt/airflow/dags/upload_congress_data.py for tasks to queue
[2024-04-15T00:28:47.981+0000] {logging_mixin.py:188} INFO - [2024-04-15T00:28:47.980+0000] {dagbag.py:540} INFO - Filling up the DagBag from /opt/airflow/dags/upload_congress_data.py
[2024-04-15T00:28:48.039+0000] {processor.py:840} INFO - DAG(s) 'upload_congress_data' retrieved from /opt/airflow/dags/upload_congress_data.py
[2024-04-15T00:28:48.058+0000] {logging_mixin.py:188} INFO - [2024-04-15T00:28:48.057+0000] {dag.py:3047} INFO - Sync 1 DAGs
[2024-04-15T00:28:48.071+0000] {logging_mixin.py:188} INFO - [2024-04-15T00:28:48.071+0000] {dag.py:3834} INFO - Setting next_dagrun for upload_congress_data to None, run_after=None
[2024-04-15T00:28:48.081+0000] {processor.py:183} INFO - Processing /opt/airflow/dags/upload_congress_data.py took 0.107 seconds
[2024-04-15T00:29:19.072+0000] {processor.py:161} INFO - Started process (PID=1771) to work on /opt/airflow/dags/upload_congress_data.py
[2024-04-15T00:29:19.073+0000] {processor.py:830} INFO - Processing file /opt/airflow/dags/upload_congress_data.py for tasks to queue
[2024-04-15T00:29:19.076+0000] {logging_mixin.py:188} INFO - [2024-04-15T00:29:19.075+0000] {dagbag.py:540} INFO - Filling up the DagBag from /opt/airflow/dags/upload_congress_data.py
[2024-04-15T00:29:19.134+0000] {processor.py:840} INFO - DAG(s) 'upload_congress_data' retrieved from /opt/airflow/dags/upload_congress_data.py
[2024-04-15T00:29:19.167+0000] {logging_mixin.py:188} INFO - [2024-04-15T00:29:19.167+0000] {dag.py:3047} INFO - Sync 1 DAGs
[2024-04-15T00:29:19.184+0000] {logging_mixin.py:188} INFO - [2024-04-15T00:29:19.184+0000] {dag.py:3834} INFO - Setting next_dagrun for upload_congress_data to None, run_after=None
[2024-04-15T00:29:19.194+0000] {processor.py:183} INFO - Processing /opt/airflow/dags/upload_congress_data.py took 0.127 seconds
[2024-04-15T00:30:10.245+0000] {processor.py:161} INFO - Started process (PID=1779) to work on /opt/airflow/dags/upload_congress_data.py
[2024-04-15T00:30:10.246+0000] {processor.py:830} INFO - Processing file /opt/airflow/dags/upload_congress_data.py for tasks to queue
[2024-04-15T00:30:10.248+0000] {logging_mixin.py:188} INFO - [2024-04-15T00:30:10.247+0000] {dagbag.py:540} INFO - Filling up the DagBag from /opt/airflow/dags/upload_congress_data.py
[2024-04-15T00:30:10.305+0000] {processor.py:840} INFO - DAG(s) 'upload_congress_data' retrieved from /opt/airflow/dags/upload_congress_data.py
[2024-04-15T00:30:10.327+0000] {logging_mixin.py:188} INFO - [2024-04-15T00:30:10.327+0000] {dag.py:3047} INFO - Sync 1 DAGs
[2024-04-15T00:30:10.355+0000] {logging_mixin.py:188} INFO - [2024-04-15T00:30:10.354+0000] {dag.py:3834} INFO - Setting next_dagrun for upload_congress_data to None, run_after=None
[2024-04-15T00:30:10.367+0000] {processor.py:183} INFO - Processing /opt/airflow/dags/upload_congress_data.py took 0.127 seconds
[2024-04-15T00:36:28.431+0000] {processor.py:161} INFO - Started process (PID=1787) to work on /opt/airflow/dags/upload_congress_data.py
[2024-04-15T00:36:28.434+0000] {processor.py:830} INFO - Processing file /opt/airflow/dags/upload_congress_data.py for tasks to queue
[2024-04-15T00:36:28.439+0000] {logging_mixin.py:188} INFO - [2024-04-15T00:36:28.438+0000] {dagbag.py:540} INFO - Filling up the DagBag from /opt/airflow/dags/upload_congress_data.py
[2024-04-15T00:36:28.542+0000] {processor.py:840} INFO - DAG(s) 'upload_congress_data' retrieved from /opt/airflow/dags/upload_congress_data.py
[2024-04-15T00:36:28.588+0000] {logging_mixin.py:188} INFO - [2024-04-15T00:36:28.587+0000] {dag.py:3047} INFO - Sync 1 DAGs
[2024-04-15T00:36:28.636+0000] {logging_mixin.py:188} INFO - [2024-04-15T00:36:28.635+0000] {dag.py:3834} INFO - Setting next_dagrun for upload_congress_data to None, run_after=None
[2024-04-15T00:36:28.672+0000] {processor.py:183} INFO - Processing /opt/airflow/dags/upload_congress_data.py took 0.248 seconds
[2024-04-15T00:36:58.890+0000] {processor.py:161} INFO - Started process (PID=1795) to work on /opt/airflow/dags/upload_congress_data.py
[2024-04-15T00:36:58.892+0000] {processor.py:830} INFO - Processing file /opt/airflow/dags/upload_congress_data.py for tasks to queue
[2024-04-15T00:36:58.895+0000] {logging_mixin.py:188} INFO - [2024-04-15T00:36:58.894+0000] {dagbag.py:540} INFO - Filling up the DagBag from /opt/airflow/dags/upload_congress_data.py
[2024-04-15T00:36:58.957+0000] {processor.py:840} INFO - DAG(s) 'upload_congress_data' retrieved from /opt/airflow/dags/upload_congress_data.py
[2024-04-15T00:36:59.003+0000] {logging_mixin.py:188} INFO - [2024-04-15T00:36:59.003+0000] {dag.py:3047} INFO - Sync 1 DAGs
[2024-04-15T00:36:59.033+0000] {logging_mixin.py:188} INFO - [2024-04-15T00:36:59.033+0000] {dag.py:3834} INFO - Setting next_dagrun for upload_congress_data to None, run_after=None
[2024-04-15T00:36:59.045+0000] {processor.py:183} INFO - Processing /opt/airflow/dags/upload_congress_data.py took 0.161 seconds
[2024-04-15T00:40:33.518+0000] {processor.py:161} INFO - Started process (PID=1803) to work on /opt/airflow/dags/upload_congress_data.py
[2024-04-15T00:40:33.523+0000] {processor.py:830} INFO - Processing file /opt/airflow/dags/upload_congress_data.py for tasks to queue
[2024-04-15T00:40:33.529+0000] {logging_mixin.py:188} INFO - [2024-04-15T00:40:33.528+0000] {dagbag.py:540} INFO - Filling up the DagBag from /opt/airflow/dags/upload_congress_data.py
[2024-04-15T00:40:33.701+0000] {processor.py:840} INFO - DAG(s) 'upload_congress_data' retrieved from /opt/airflow/dags/upload_congress_data.py
[2024-04-15T00:40:33.770+0000] {logging_mixin.py:188} INFO - [2024-04-15T00:40:33.769+0000] {dag.py:3047} INFO - Sync 1 DAGs
[2024-04-15T00:40:33.806+0000] {logging_mixin.py:188} INFO - [2024-04-15T00:40:33.805+0000] {dag.py:3834} INFO - Setting next_dagrun for upload_congress_data to None, run_after=None
[2024-04-15T00:40:33.833+0000] {processor.py:183} INFO - Processing /opt/airflow/dags/upload_congress_data.py took 0.324 seconds
[2024-04-15T00:41:04.113+0000] {processor.py:161} INFO - Started process (PID=1811) to work on /opt/airflow/dags/upload_congress_data.py
[2024-04-15T00:41:04.116+0000] {processor.py:830} INFO - Processing file /opt/airflow/dags/upload_congress_data.py for tasks to queue
[2024-04-15T00:41:04.120+0000] {logging_mixin.py:188} INFO - [2024-04-15T00:41:04.119+0000] {dagbag.py:540} INFO - Filling up the DagBag from /opt/airflow/dags/upload_congress_data.py
[2024-04-15T00:41:04.208+0000] {processor.py:840} INFO - DAG(s) 'upload_congress_data' retrieved from /opt/airflow/dags/upload_congress_data.py
[2024-04-15T00:41:04.257+0000] {logging_mixin.py:188} INFO - [2024-04-15T00:41:04.256+0000] {dag.py:3047} INFO - Sync 1 DAGs
[2024-04-15T00:41:04.274+0000] {logging_mixin.py:188} INFO - [2024-04-15T00:41:04.274+0000] {dag.py:3834} INFO - Setting next_dagrun for upload_congress_data to None, run_after=None
[2024-04-15T00:41:04.285+0000] {processor.py:183} INFO - Processing /opt/airflow/dags/upload_congress_data.py took 0.186 seconds
[2024-04-15T00:41:34.442+0000] {processor.py:161} INFO - Started process (PID=1819) to work on /opt/airflow/dags/upload_congress_data.py
[2024-04-15T00:41:34.447+0000] {processor.py:830} INFO - Processing file /opt/airflow/dags/upload_congress_data.py for tasks to queue
[2024-04-15T00:41:34.450+0000] {logging_mixin.py:188} INFO - [2024-04-15T00:41:34.450+0000] {dagbag.py:540} INFO - Filling up the DagBag from /opt/airflow/dags/upload_congress_data.py
[2024-04-15T00:41:34.532+0000] {processor.py:840} INFO - DAG(s) 'upload_congress_data' retrieved from /opt/airflow/dags/upload_congress_data.py
[2024-04-15T00:41:34.563+0000] {logging_mixin.py:188} INFO - [2024-04-15T00:41:34.563+0000] {dag.py:3047} INFO - Sync 1 DAGs
[2024-04-15T00:41:34.579+0000] {logging_mixin.py:188} INFO - [2024-04-15T00:41:34.579+0000] {dag.py:3834} INFO - Setting next_dagrun for upload_congress_data to None, run_after=None
[2024-04-15T00:41:34.589+0000] {processor.py:183} INFO - Processing /opt/airflow/dags/upload_congress_data.py took 0.156 seconds
[2024-04-15T00:42:05.290+0000] {processor.py:161} INFO - Started process (PID=1827) to work on /opt/airflow/dags/upload_congress_data.py
[2024-04-15T00:42:05.292+0000] {processor.py:830} INFO - Processing file /opt/airflow/dags/upload_congress_data.py for tasks to queue
[2024-04-15T00:42:05.295+0000] {logging_mixin.py:188} INFO - [2024-04-15T00:42:05.295+0000] {dagbag.py:540} INFO - Filling up the DagBag from /opt/airflow/dags/upload_congress_data.py
[2024-04-15T00:42:05.363+0000] {processor.py:840} INFO - DAG(s) 'upload_congress_data' retrieved from /opt/airflow/dags/upload_congress_data.py
[2024-04-15T00:42:05.386+0000] {logging_mixin.py:188} INFO - [2024-04-15T00:42:05.386+0000] {dag.py:3047} INFO - Sync 1 DAGs
[2024-04-15T00:42:05.412+0000] {logging_mixin.py:188} INFO - [2024-04-15T00:42:05.412+0000] {dag.py:3834} INFO - Setting next_dagrun for upload_congress_data to None, run_after=None
[2024-04-15T00:42:05.421+0000] {processor.py:183} INFO - Processing /opt/airflow/dags/upload_congress_data.py took 0.137 seconds
[2024-04-15T00:42:35.891+0000] {processor.py:161} INFO - Started process (PID=1836) to work on /opt/airflow/dags/upload_congress_data.py
[2024-04-15T00:42:35.893+0000] {processor.py:830} INFO - Processing file /opt/airflow/dags/upload_congress_data.py for tasks to queue
[2024-04-15T00:42:35.896+0000] {logging_mixin.py:188} INFO - [2024-04-15T00:42:35.896+0000] {dagbag.py:540} INFO - Filling up the DagBag from /opt/airflow/dags/upload_congress_data.py
[2024-04-15T00:42:35.969+0000] {processor.py:840} INFO - DAG(s) 'upload_congress_data' retrieved from /opt/airflow/dags/upload_congress_data.py
[2024-04-15T00:42:36.015+0000] {logging_mixin.py:188} INFO - [2024-04-15T00:42:36.015+0000] {dag.py:3047} INFO - Sync 1 DAGs
[2024-04-15T00:42:36.037+0000] {logging_mixin.py:188} INFO - [2024-04-15T00:42:36.037+0000] {dag.py:3834} INFO - Setting next_dagrun for upload_congress_data to None, run_after=None
[2024-04-15T00:42:36.048+0000] {processor.py:183} INFO - Processing /opt/airflow/dags/upload_congress_data.py took 0.162 seconds
[2024-04-15T00:43:06.328+0000] {processor.py:161} INFO - Started process (PID=1844) to work on /opt/airflow/dags/upload_congress_data.py
[2024-04-15T00:43:06.329+0000] {processor.py:830} INFO - Processing file /opt/airflow/dags/upload_congress_data.py for tasks to queue
[2024-04-15T00:43:06.332+0000] {logging_mixin.py:188} INFO - [2024-04-15T00:43:06.332+0000] {dagbag.py:540} INFO - Filling up the DagBag from /opt/airflow/dags/upload_congress_data.py
[2024-04-15T00:43:06.410+0000] {processor.py:840} INFO - DAG(s) 'upload_congress_data' retrieved from /opt/airflow/dags/upload_congress_data.py
[2024-04-15T00:43:06.435+0000] {logging_mixin.py:188} INFO - [2024-04-15T00:43:06.435+0000] {dag.py:3047} INFO - Sync 1 DAGs
[2024-04-15T00:43:06.450+0000] {logging_mixin.py:188} INFO - [2024-04-15T00:43:06.450+0000] {dag.py:3834} INFO - Setting next_dagrun for upload_congress_data to None, run_after=None
[2024-04-15T00:43:06.460+0000] {processor.py:183} INFO - Processing /opt/airflow/dags/upload_congress_data.py took 0.138 seconds
[2024-04-15T00:43:36.810+0000] {processor.py:161} INFO - Started process (PID=1852) to work on /opt/airflow/dags/upload_congress_data.py
[2024-04-15T00:43:36.811+0000] {processor.py:830} INFO - Processing file /opt/airflow/dags/upload_congress_data.py for tasks to queue
[2024-04-15T00:43:36.814+0000] {logging_mixin.py:188} INFO - [2024-04-15T00:43:36.814+0000] {dagbag.py:540} INFO - Filling up the DagBag from /opt/airflow/dags/upload_congress_data.py
[2024-04-15T00:43:36.878+0000] {processor.py:840} INFO - DAG(s) 'upload_congress_data' retrieved from /opt/airflow/dags/upload_congress_data.py
[2024-04-15T00:43:36.901+0000] {logging_mixin.py:188} INFO - [2024-04-15T00:43:36.900+0000] {dag.py:3047} INFO - Sync 1 DAGs
[2024-04-15T00:43:36.916+0000] {logging_mixin.py:188} INFO - [2024-04-15T00:43:36.915+0000] {dag.py:3834} INFO - Setting next_dagrun for upload_congress_data to None, run_after=None
[2024-04-15T00:43:36.924+0000] {processor.py:183} INFO - Processing /opt/airflow/dags/upload_congress_data.py took 0.118 seconds
[2024-04-15T00:44:07.261+0000] {processor.py:161} INFO - Started process (PID=1860) to work on /opt/airflow/dags/upload_congress_data.py
[2024-04-15T00:44:07.263+0000] {processor.py:830} INFO - Processing file /opt/airflow/dags/upload_congress_data.py for tasks to queue
[2024-04-15T00:44:07.265+0000] {logging_mixin.py:188} INFO - [2024-04-15T00:44:07.265+0000] {dagbag.py:540} INFO - Filling up the DagBag from /opt/airflow/dags/upload_congress_data.py
[2024-04-15T00:44:07.333+0000] {processor.py:840} INFO - DAG(s) 'upload_congress_data' retrieved from /opt/airflow/dags/upload_congress_data.py
[2024-04-15T00:44:07.366+0000] {logging_mixin.py:188} INFO - [2024-04-15T00:44:07.366+0000] {dag.py:3047} INFO - Sync 1 DAGs
[2024-04-15T00:44:07.381+0000] {logging_mixin.py:188} INFO - [2024-04-15T00:44:07.381+0000] {dag.py:3834} INFO - Setting next_dagrun for upload_congress_data to None, run_after=None
[2024-04-15T00:44:07.391+0000] {processor.py:183} INFO - Processing /opt/airflow/dags/upload_congress_data.py took 0.133 seconds
[2024-04-15T00:44:38.063+0000] {processor.py:161} INFO - Started process (PID=1868) to work on /opt/airflow/dags/upload_congress_data.py
[2024-04-15T00:44:38.064+0000] {processor.py:830} INFO - Processing file /opt/airflow/dags/upload_congress_data.py for tasks to queue
[2024-04-15T00:44:38.067+0000] {logging_mixin.py:188} INFO - [2024-04-15T00:44:38.066+0000] {dagbag.py:540} INFO - Filling up the DagBag from /opt/airflow/dags/upload_congress_data.py
[2024-04-15T00:44:38.128+0000] {processor.py:840} INFO - DAG(s) 'upload_congress_data' retrieved from /opt/airflow/dags/upload_congress_data.py
[2024-04-15T00:44:38.151+0000] {logging_mixin.py:188} INFO - [2024-04-15T00:44:38.151+0000] {dag.py:3047} INFO - Sync 1 DAGs
[2024-04-15T00:44:38.169+0000] {logging_mixin.py:188} INFO - [2024-04-15T00:44:38.169+0000] {dag.py:3834} INFO - Setting next_dagrun for upload_congress_data to None, run_after=None
[2024-04-15T00:44:38.182+0000] {processor.py:183} INFO - Processing /opt/airflow/dags/upload_congress_data.py took 0.124 seconds
[2024-04-15T00:45:08.481+0000] {processor.py:161} INFO - Started process (PID=1876) to work on /opt/airflow/dags/upload_congress_data.py
[2024-04-15T00:45:08.482+0000] {processor.py:830} INFO - Processing file /opt/airflow/dags/upload_congress_data.py for tasks to queue
[2024-04-15T00:45:08.486+0000] {logging_mixin.py:188} INFO - [2024-04-15T00:45:08.485+0000] {dagbag.py:540} INFO - Filling up the DagBag from /opt/airflow/dags/upload_congress_data.py
[2024-04-15T00:45:08.535+0000] {processor.py:840} INFO - DAG(s) 'upload_congress_data' retrieved from /opt/airflow/dags/upload_congress_data.py
[2024-04-15T00:45:08.555+0000] {logging_mixin.py:188} INFO - [2024-04-15T00:45:08.555+0000] {dag.py:3047} INFO - Sync 1 DAGs
[2024-04-15T00:45:08.569+0000] {logging_mixin.py:188} INFO - [2024-04-15T00:45:08.569+0000] {dag.py:3834} INFO - Setting next_dagrun for upload_congress_data to None, run_after=None
[2024-04-15T00:45:08.580+0000] {processor.py:183} INFO - Processing /opt/airflow/dags/upload_congress_data.py took 0.104 seconds
[2024-04-15T00:45:38.969+0000] {processor.py:161} INFO - Started process (PID=1884) to work on /opt/airflow/dags/upload_congress_data.py
[2024-04-15T00:45:38.970+0000] {processor.py:830} INFO - Processing file /opt/airflow/dags/upload_congress_data.py for tasks to queue
[2024-04-15T00:45:38.973+0000] {logging_mixin.py:188} INFO - [2024-04-15T00:45:38.973+0000] {dagbag.py:540} INFO - Filling up the DagBag from /opt/airflow/dags/upload_congress_data.py
[2024-04-15T00:45:39.044+0000] {processor.py:840} INFO - DAG(s) 'upload_congress_data' retrieved from /opt/airflow/dags/upload_congress_data.py
[2024-04-15T00:45:39.082+0000] {logging_mixin.py:188} INFO - [2024-04-15T00:45:39.082+0000] {dag.py:3047} INFO - Sync 1 DAGs
[2024-04-15T00:45:39.100+0000] {logging_mixin.py:188} INFO - [2024-04-15T00:45:39.100+0000] {dag.py:3834} INFO - Setting next_dagrun for upload_congress_data to None, run_after=None
[2024-04-15T00:45:39.111+0000] {processor.py:183} INFO - Processing /opt/airflow/dags/upload_congress_data.py took 0.149 seconds
[2024-04-15T00:46:09.693+0000] {processor.py:161} INFO - Started process (PID=1892) to work on /opt/airflow/dags/upload_congress_data.py
[2024-04-15T00:46:09.694+0000] {processor.py:830} INFO - Processing file /opt/airflow/dags/upload_congress_data.py for tasks to queue
[2024-04-15T00:46:09.696+0000] {logging_mixin.py:188} INFO - [2024-04-15T00:46:09.696+0000] {dagbag.py:540} INFO - Filling up the DagBag from /opt/airflow/dags/upload_congress_data.py
[2024-04-15T00:46:09.752+0000] {processor.py:840} INFO - DAG(s) 'upload_congress_data' retrieved from /opt/airflow/dags/upload_congress_data.py
[2024-04-15T00:46:09.772+0000] {logging_mixin.py:188} INFO - [2024-04-15T00:46:09.772+0000] {dag.py:3047} INFO - Sync 1 DAGs
[2024-04-15T00:46:09.787+0000] {logging_mixin.py:188} INFO - [2024-04-15T00:46:09.786+0000] {dag.py:3834} INFO - Setting next_dagrun for upload_congress_data to None, run_after=None
[2024-04-15T00:46:09.796+0000] {processor.py:183} INFO - Processing /opt/airflow/dags/upload_congress_data.py took 0.107 seconds
[2024-04-15T00:46:40.079+0000] {processor.py:161} INFO - Started process (PID=1900) to work on /opt/airflow/dags/upload_congress_data.py
[2024-04-15T00:46:40.081+0000] {processor.py:830} INFO - Processing file /opt/airflow/dags/upload_congress_data.py for tasks to queue
[2024-04-15T00:46:40.084+0000] {logging_mixin.py:188} INFO - [2024-04-15T00:46:40.083+0000] {dagbag.py:540} INFO - Filling up the DagBag from /opt/airflow/dags/upload_congress_data.py
[2024-04-15T00:46:40.294+0000] {processor.py:840} INFO - DAG(s) 'upload_congress_data' retrieved from /opt/airflow/dags/upload_congress_data.py
[2024-04-15T00:46:40.315+0000] {logging_mixin.py:188} INFO - [2024-04-15T00:46:40.315+0000] {dag.py:3047} INFO - Sync 1 DAGs
[2024-04-15T00:46:40.337+0000] {logging_mixin.py:188} INFO - [2024-04-15T00:46:40.337+0000] {dag.py:3834} INFO - Setting next_dagrun for upload_congress_data to None, run_after=None
[2024-04-15T00:46:40.352+0000] {processor.py:183} INFO - Processing /opt/airflow/dags/upload_congress_data.py took 0.277 seconds
