[2024-05-01T00:11:54.651+0000] {processor.py:161} INFO - Started process (PID=222) to work on /opt/airflow/dags/scripts/python/get_data.py
[2024-05-01T00:11:54.668+0000] {processor.py:830} INFO - Processing file /opt/airflow/dags/scripts/python/get_data.py for tasks to queue
[2024-05-01T00:11:54.673+0000] {logging_mixin.py:188} INFO - [2024-05-01T00:11:54.672+0000] {dagbag.py:540} INFO - Filling up the DagBag from /opt/airflow/dags/scripts/python/get_data.py
[2024-05-01T00:11:54.789+0000] {processor.py:842} WARNING - No viable dags retrieved from /opt/airflow/dags/scripts/python/get_data.py
[2024-05-01T00:11:54.876+0000] {processor.py:183} INFO - Processing /opt/airflow/dags/scripts/python/get_data.py took 0.239 seconds
[2024-05-01T01:30:39.191+0000] {processor.py:161} INFO - Started process (PID=230) to work on /opt/airflow/dags/scripts/python/get_data.py
[2024-05-01T01:30:39.192+0000] {processor.py:830} INFO - Processing file /opt/airflow/dags/scripts/python/get_data.py for tasks to queue
[2024-05-01T01:30:39.194+0000] {logging_mixin.py:188} INFO - [2024-05-01T01:30:39.194+0000] {dagbag.py:540} INFO - Filling up the DagBag from /opt/airflow/dags/scripts/python/get_data.py
[2024-05-01T01:30:39.234+0000] {processor.py:842} WARNING - No viable dags retrieved from /opt/airflow/dags/scripts/python/get_data.py
[2024-05-01T01:30:39.252+0000] {processor.py:183} INFO - Processing /opt/airflow/dags/scripts/python/get_data.py took 0.064 seconds
[2024-05-01T02:44:57.567+0000] {processor.py:161} INFO - Started process (PID=238) to work on /opt/airflow/dags/scripts/python/get_data.py
[2024-05-01T02:44:57.568+0000] {processor.py:830} INFO - Processing file /opt/airflow/dags/scripts/python/get_data.py for tasks to queue
[2024-05-01T02:44:57.570+0000] {logging_mixin.py:188} INFO - [2024-05-01T02:44:57.569+0000] {dagbag.py:540} INFO - Filling up the DagBag from /opt/airflow/dags/scripts/python/get_data.py
[2024-05-01T02:44:57.605+0000] {processor.py:842} WARNING - No viable dags retrieved from /opt/airflow/dags/scripts/python/get_data.py
[2024-05-01T02:44:57.619+0000] {processor.py:183} INFO - Processing /opt/airflow/dags/scripts/python/get_data.py took 0.055 seconds
[2024-05-01T03:02:27.292+0000] {processor.py:161} INFO - Started process (PID=246) to work on /opt/airflow/dags/scripts/python/get_data.py
[2024-05-01T03:02:27.294+0000] {processor.py:830} INFO - Processing file /opt/airflow/dags/scripts/python/get_data.py for tasks to queue
[2024-05-01T03:02:27.299+0000] {logging_mixin.py:188} INFO - [2024-05-01T03:02:27.298+0000] {dagbag.py:540} INFO - Filling up the DagBag from /opt/airflow/dags/scripts/python/get_data.py
[2024-05-01T03:02:27.350+0000] {processor.py:842} WARNING - No viable dags retrieved from /opt/airflow/dags/scripts/python/get_data.py
[2024-05-01T03:02:27.385+0000] {processor.py:183} INFO - Processing /opt/airflow/dags/scripts/python/get_data.py took 0.099 seconds
[2024-05-01T03:02:57.577+0000] {processor.py:161} INFO - Started process (PID=254) to work on /opt/airflow/dags/scripts/python/get_data.py
[2024-05-01T03:02:57.578+0000] {processor.py:830} INFO - Processing file /opt/airflow/dags/scripts/python/get_data.py for tasks to queue
[2024-05-01T03:02:57.582+0000] {logging_mixin.py:188} INFO - [2024-05-01T03:02:57.581+0000] {dagbag.py:540} INFO - Filling up the DagBag from /opt/airflow/dags/scripts/python/get_data.py
[2024-05-01T03:02:57.626+0000] {processor.py:842} WARNING - No viable dags retrieved from /opt/airflow/dags/scripts/python/get_data.py
[2024-05-01T03:02:57.642+0000] {processor.py:183} INFO - Processing /opt/airflow/dags/scripts/python/get_data.py took 0.071 seconds
[2024-05-01T03:03:28.162+0000] {processor.py:161} INFO - Started process (PID=262) to work on /opt/airflow/dags/scripts/python/get_data.py
[2024-05-01T03:03:28.164+0000] {processor.py:830} INFO - Processing file /opt/airflow/dags/scripts/python/get_data.py for tasks to queue
[2024-05-01T03:03:28.167+0000] {logging_mixin.py:188} INFO - [2024-05-01T03:03:28.167+0000] {dagbag.py:540} INFO - Filling up the DagBag from /opt/airflow/dags/scripts/python/get_data.py
[2024-05-01T03:03:28.228+0000] {processor.py:842} WARNING - No viable dags retrieved from /opt/airflow/dags/scripts/python/get_data.py
[2024-05-01T03:03:28.255+0000] {processor.py:183} INFO - Processing /opt/airflow/dags/scripts/python/get_data.py took 0.110 seconds
[2024-05-01T03:03:58.618+0000] {processor.py:161} INFO - Started process (PID=276) to work on /opt/airflow/dags/scripts/python/get_data.py
[2024-05-01T03:03:58.622+0000] {processor.py:830} INFO - Processing file /opt/airflow/dags/scripts/python/get_data.py for tasks to queue
[2024-05-01T03:03:58.629+0000] {logging_mixin.py:188} INFO - [2024-05-01T03:03:58.628+0000] {dagbag.py:540} INFO - Filling up the DagBag from /opt/airflow/dags/scripts/python/get_data.py
[2024-05-01T03:03:58.670+0000] {processor.py:842} WARNING - No viable dags retrieved from /opt/airflow/dags/scripts/python/get_data.py
[2024-05-01T03:03:58.697+0000] {processor.py:183} INFO - Processing /opt/airflow/dags/scripts/python/get_data.py took 0.083 seconds
[2024-05-01T03:04:29.119+0000] {processor.py:161} INFO - Started process (PID=284) to work on /opt/airflow/dags/scripts/python/get_data.py
[2024-05-01T03:04:29.121+0000] {processor.py:830} INFO - Processing file /opt/airflow/dags/scripts/python/get_data.py for tasks to queue
[2024-05-01T03:04:29.124+0000] {logging_mixin.py:188} INFO - [2024-05-01T03:04:29.123+0000] {dagbag.py:540} INFO - Filling up the DagBag from /opt/airflow/dags/scripts/python/get_data.py
[2024-05-01T03:04:29.175+0000] {processor.py:842} WARNING - No viable dags retrieved from /opt/airflow/dags/scripts/python/get_data.py
[2024-05-01T03:04:29.194+0000] {processor.py:183} INFO - Processing /opt/airflow/dags/scripts/python/get_data.py took 0.079 seconds
[2024-05-01T03:04:59.549+0000] {processor.py:161} INFO - Started process (PID=292) to work on /opt/airflow/dags/scripts/python/get_data.py
[2024-05-01T03:04:59.550+0000] {processor.py:830} INFO - Processing file /opt/airflow/dags/scripts/python/get_data.py for tasks to queue
[2024-05-01T03:04:59.554+0000] {logging_mixin.py:188} INFO - [2024-05-01T03:04:59.553+0000] {dagbag.py:540} INFO - Filling up the DagBag from /opt/airflow/dags/scripts/python/get_data.py
[2024-05-01T03:04:59.600+0000] {processor.py:842} WARNING - No viable dags retrieved from /opt/airflow/dags/scripts/python/get_data.py
[2024-05-01T03:04:59.641+0000] {processor.py:183} INFO - Processing /opt/airflow/dags/scripts/python/get_data.py took 0.097 seconds
[2024-05-01T03:05:30.022+0000] {processor.py:161} INFO - Started process (PID=300) to work on /opt/airflow/dags/scripts/python/get_data.py
[2024-05-01T03:05:30.024+0000] {processor.py:830} INFO - Processing file /opt/airflow/dags/scripts/python/get_data.py for tasks to queue
[2024-05-01T03:05:30.026+0000] {logging_mixin.py:188} INFO - [2024-05-01T03:05:30.026+0000] {dagbag.py:540} INFO - Filling up the DagBag from /opt/airflow/dags/scripts/python/get_data.py
[2024-05-01T03:05:30.079+0000] {processor.py:842} WARNING - No viable dags retrieved from /opt/airflow/dags/scripts/python/get_data.py
[2024-05-01T03:05:30.113+0000] {processor.py:183} INFO - Processing /opt/airflow/dags/scripts/python/get_data.py took 0.095 seconds
[2024-05-01T03:06:00.491+0000] {processor.py:161} INFO - Started process (PID=308) to work on /opt/airflow/dags/scripts/python/get_data.py
[2024-05-01T03:06:00.494+0000] {processor.py:830} INFO - Processing file /opt/airflow/dags/scripts/python/get_data.py for tasks to queue
[2024-05-01T03:06:00.498+0000] {logging_mixin.py:188} INFO - [2024-05-01T03:06:00.498+0000] {dagbag.py:540} INFO - Filling up the DagBag from /opt/airflow/dags/scripts/python/get_data.py
[2024-05-01T03:06:00.532+0000] {processor.py:842} WARNING - No viable dags retrieved from /opt/airflow/dags/scripts/python/get_data.py
[2024-05-01T03:06:00.547+0000] {processor.py:183} INFO - Processing /opt/airflow/dags/scripts/python/get_data.py took 0.065 seconds
[2024-05-01T03:06:30.897+0000] {processor.py:161} INFO - Started process (PID=316) to work on /opt/airflow/dags/scripts/python/get_data.py
[2024-05-01T03:06:30.898+0000] {processor.py:830} INFO - Processing file /opt/airflow/dags/scripts/python/get_data.py for tasks to queue
[2024-05-01T03:06:30.900+0000] {logging_mixin.py:188} INFO - [2024-05-01T03:06:30.900+0000] {dagbag.py:540} INFO - Filling up the DagBag from /opt/airflow/dags/scripts/python/get_data.py
[2024-05-01T03:06:30.928+0000] {processor.py:842} WARNING - No viable dags retrieved from /opt/airflow/dags/scripts/python/get_data.py
[2024-05-01T03:06:30.943+0000] {processor.py:183} INFO - Processing /opt/airflow/dags/scripts/python/get_data.py took 0.050 seconds
[2024-05-01T03:07:01.344+0000] {processor.py:161} INFO - Started process (PID=324) to work on /opt/airflow/dags/scripts/python/get_data.py
[2024-05-01T03:07:01.345+0000] {processor.py:830} INFO - Processing file /opt/airflow/dags/scripts/python/get_data.py for tasks to queue
[2024-05-01T03:07:01.347+0000] {logging_mixin.py:188} INFO - [2024-05-01T03:07:01.347+0000] {dagbag.py:540} INFO - Filling up the DagBag from /opt/airflow/dags/scripts/python/get_data.py
[2024-05-01T03:07:01.396+0000] {processor.py:842} WARNING - No viable dags retrieved from /opt/airflow/dags/scripts/python/get_data.py
[2024-05-01T03:07:01.415+0000] {processor.py:183} INFO - Processing /opt/airflow/dags/scripts/python/get_data.py took 0.076 seconds
[2024-05-01T03:07:31.634+0000] {processor.py:161} INFO - Started process (PID=332) to work on /opt/airflow/dags/scripts/python/get_data.py
[2024-05-01T03:07:31.636+0000] {processor.py:830} INFO - Processing file /opt/airflow/dags/scripts/python/get_data.py for tasks to queue
[2024-05-01T03:07:31.641+0000] {logging_mixin.py:188} INFO - [2024-05-01T03:07:31.640+0000] {dagbag.py:540} INFO - Filling up the DagBag from /opt/airflow/dags/scripts/python/get_data.py
[2024-05-01T03:07:31.675+0000] {processor.py:842} WARNING - No viable dags retrieved from /opt/airflow/dags/scripts/python/get_data.py
[2024-05-01T03:07:31.692+0000] {processor.py:183} INFO - Processing /opt/airflow/dags/scripts/python/get_data.py took 0.061 seconds
[2024-05-01T03:08:02.104+0000] {processor.py:161} INFO - Started process (PID=340) to work on /opt/airflow/dags/scripts/python/get_data.py
[2024-05-01T03:08:02.105+0000] {processor.py:830} INFO - Processing file /opt/airflow/dags/scripts/python/get_data.py for tasks to queue
[2024-05-01T03:08:02.107+0000] {logging_mixin.py:188} INFO - [2024-05-01T03:08:02.107+0000] {dagbag.py:540} INFO - Filling up the DagBag from /opt/airflow/dags/scripts/python/get_data.py
[2024-05-01T03:08:02.159+0000] {processor.py:842} WARNING - No viable dags retrieved from /opt/airflow/dags/scripts/python/get_data.py
[2024-05-01T03:08:02.175+0000] {processor.py:183} INFO - Processing /opt/airflow/dags/scripts/python/get_data.py took 0.074 seconds
[2024-05-01T03:08:32.545+0000] {processor.py:161} INFO - Started process (PID=348) to work on /opt/airflow/dags/scripts/python/get_data.py
[2024-05-01T03:08:32.546+0000] {processor.py:830} INFO - Processing file /opt/airflow/dags/scripts/python/get_data.py for tasks to queue
[2024-05-01T03:08:32.548+0000] {logging_mixin.py:188} INFO - [2024-05-01T03:08:32.548+0000] {dagbag.py:540} INFO - Filling up the DagBag from /opt/airflow/dags/scripts/python/get_data.py
[2024-05-01T03:08:32.578+0000] {processor.py:842} WARNING - No viable dags retrieved from /opt/airflow/dags/scripts/python/get_data.py
[2024-05-01T03:08:32.596+0000] {processor.py:183} INFO - Processing /opt/airflow/dags/scripts/python/get_data.py took 0.054 seconds
[2024-05-01T03:09:02.995+0000] {processor.py:161} INFO - Started process (PID=356) to work on /opt/airflow/dags/scripts/python/get_data.py
[2024-05-01T03:09:02.996+0000] {processor.py:830} INFO - Processing file /opt/airflow/dags/scripts/python/get_data.py for tasks to queue
[2024-05-01T03:09:02.998+0000] {logging_mixin.py:188} INFO - [2024-05-01T03:09:02.998+0000] {dagbag.py:540} INFO - Filling up the DagBag from /opt/airflow/dags/scripts/python/get_data.py
[2024-05-01T03:09:03.047+0000] {processor.py:842} WARNING - No viable dags retrieved from /opt/airflow/dags/scripts/python/get_data.py
[2024-05-01T03:09:03.063+0000] {processor.py:183} INFO - Processing /opt/airflow/dags/scripts/python/get_data.py took 0.071 seconds
[2024-05-01T03:09:33.385+0000] {processor.py:161} INFO - Started process (PID=364) to work on /opt/airflow/dags/scripts/python/get_data.py
[2024-05-01T03:09:33.386+0000] {processor.py:830} INFO - Processing file /opt/airflow/dags/scripts/python/get_data.py for tasks to queue
[2024-05-01T03:09:33.388+0000] {logging_mixin.py:188} INFO - [2024-05-01T03:09:33.388+0000] {dagbag.py:540} INFO - Filling up the DagBag from /opt/airflow/dags/scripts/python/get_data.py
[2024-05-01T03:09:33.438+0000] {processor.py:842} WARNING - No viable dags retrieved from /opt/airflow/dags/scripts/python/get_data.py
[2024-05-01T03:09:33.459+0000] {processor.py:183} INFO - Processing /opt/airflow/dags/scripts/python/get_data.py took 0.078 seconds
[2024-05-01T03:10:03.837+0000] {processor.py:161} INFO - Started process (PID=372) to work on /opt/airflow/dags/scripts/python/get_data.py
[2024-05-01T03:10:03.838+0000] {processor.py:830} INFO - Processing file /opt/airflow/dags/scripts/python/get_data.py for tasks to queue
[2024-05-01T03:10:03.840+0000] {logging_mixin.py:188} INFO - [2024-05-01T03:10:03.840+0000] {dagbag.py:540} INFO - Filling up the DagBag from /opt/airflow/dags/scripts/python/get_data.py
[2024-05-01T03:10:03.889+0000] {processor.py:842} WARNING - No viable dags retrieved from /opt/airflow/dags/scripts/python/get_data.py
[2024-05-01T03:10:03.906+0000] {processor.py:183} INFO - Processing /opt/airflow/dags/scripts/python/get_data.py took 0.073 seconds
[2024-05-01T03:10:34.297+0000] {processor.py:161} INFO - Started process (PID=380) to work on /opt/airflow/dags/scripts/python/get_data.py
[2024-05-01T03:10:34.298+0000] {processor.py:830} INFO - Processing file /opt/airflow/dags/scripts/python/get_data.py for tasks to queue
[2024-05-01T03:10:34.300+0000] {logging_mixin.py:188} INFO - [2024-05-01T03:10:34.300+0000] {dagbag.py:540} INFO - Filling up the DagBag from /opt/airflow/dags/scripts/python/get_data.py
[2024-05-01T03:10:34.330+0000] {processor.py:842} WARNING - No viable dags retrieved from /opt/airflow/dags/scripts/python/get_data.py
[2024-05-01T03:10:34.370+0000] {processor.py:183} INFO - Processing /opt/airflow/dags/scripts/python/get_data.py took 0.077 seconds
[2024-05-01T03:11:04.700+0000] {processor.py:161} INFO - Started process (PID=388) to work on /opt/airflow/dags/scripts/python/get_data.py
[2024-05-01T03:11:04.701+0000] {processor.py:830} INFO - Processing file /opt/airflow/dags/scripts/python/get_data.py for tasks to queue
[2024-05-01T03:11:04.703+0000] {logging_mixin.py:188} INFO - [2024-05-01T03:11:04.703+0000] {dagbag.py:540} INFO - Filling up the DagBag from /opt/airflow/dags/scripts/python/get_data.py
[2024-05-01T03:11:04.731+0000] {processor.py:842} WARNING - No viable dags retrieved from /opt/airflow/dags/scripts/python/get_data.py
[2024-05-01T03:11:04.761+0000] {processor.py:183} INFO - Processing /opt/airflow/dags/scripts/python/get_data.py took 0.064 seconds
[2024-05-01T03:11:35.143+0000] {processor.py:161} INFO - Started process (PID=396) to work on /opt/airflow/dags/scripts/python/get_data.py
[2024-05-01T03:11:35.144+0000] {processor.py:830} INFO - Processing file /opt/airflow/dags/scripts/python/get_data.py for tasks to queue
[2024-05-01T03:11:35.146+0000] {logging_mixin.py:188} INFO - [2024-05-01T03:11:35.146+0000] {dagbag.py:540} INFO - Filling up the DagBag from /opt/airflow/dags/scripts/python/get_data.py
[2024-05-01T03:11:35.204+0000] {processor.py:842} WARNING - No viable dags retrieved from /opt/airflow/dags/scripts/python/get_data.py
[2024-05-01T03:11:35.223+0000] {processor.py:183} INFO - Processing /opt/airflow/dags/scripts/python/get_data.py took 0.083 seconds
[2024-05-01T03:12:05.597+0000] {processor.py:161} INFO - Started process (PID=404) to work on /opt/airflow/dags/scripts/python/get_data.py
[2024-05-01T03:12:05.598+0000] {processor.py:830} INFO - Processing file /opt/airflow/dags/scripts/python/get_data.py for tasks to queue
[2024-05-01T03:12:05.601+0000] {logging_mixin.py:188} INFO - [2024-05-01T03:12:05.600+0000] {dagbag.py:540} INFO - Filling up the DagBag from /opt/airflow/dags/scripts/python/get_data.py
[2024-05-01T03:12:05.649+0000] {processor.py:842} WARNING - No viable dags retrieved from /opt/airflow/dags/scripts/python/get_data.py
[2024-05-01T03:12:05.666+0000] {processor.py:183} INFO - Processing /opt/airflow/dags/scripts/python/get_data.py took 0.073 seconds
[2024-05-01T03:12:35.847+0000] {processor.py:161} INFO - Started process (PID=412) to work on /opt/airflow/dags/scripts/python/get_data.py
[2024-05-01T03:12:35.849+0000] {processor.py:830} INFO - Processing file /opt/airflow/dags/scripts/python/get_data.py for tasks to queue
[2024-05-01T03:12:35.852+0000] {logging_mixin.py:188} INFO - [2024-05-01T03:12:35.852+0000] {dagbag.py:540} INFO - Filling up the DagBag from /opt/airflow/dags/scripts/python/get_data.py
[2024-05-01T03:12:35.901+0000] {processor.py:842} WARNING - No viable dags retrieved from /opt/airflow/dags/scripts/python/get_data.py
[2024-05-01T03:12:35.918+0000] {processor.py:183} INFO - Processing /opt/airflow/dags/scripts/python/get_data.py took 0.075 seconds
[2024-05-01T03:13:06.510+0000] {processor.py:161} INFO - Started process (PID=420) to work on /opt/airflow/dags/scripts/python/get_data.py
[2024-05-01T03:13:06.512+0000] {processor.py:830} INFO - Processing file /opt/airflow/dags/scripts/python/get_data.py for tasks to queue
[2024-05-01T03:13:06.514+0000] {logging_mixin.py:188} INFO - [2024-05-01T03:13:06.514+0000] {dagbag.py:540} INFO - Filling up the DagBag from /opt/airflow/dags/scripts/python/get_data.py
[2024-05-01T03:13:06.569+0000] {processor.py:842} WARNING - No viable dags retrieved from /opt/airflow/dags/scripts/python/get_data.py
[2024-05-01T03:13:06.612+0000] {processor.py:183} INFO - Processing /opt/airflow/dags/scripts/python/get_data.py took 0.107 seconds
[2024-05-01T03:13:37.243+0000] {processor.py:161} INFO - Started process (PID=428) to work on /opt/airflow/dags/scripts/python/get_data.py
[2024-05-01T03:13:37.245+0000] {processor.py:830} INFO - Processing file /opt/airflow/dags/scripts/python/get_data.py for tasks to queue
[2024-05-01T03:13:37.249+0000] {logging_mixin.py:188} INFO - [2024-05-01T03:13:37.249+0000] {dagbag.py:540} INFO - Filling up the DagBag from /opt/airflow/dags/scripts/python/get_data.py
[2024-05-01T03:13:37.314+0000] {processor.py:842} WARNING - No viable dags retrieved from /opt/airflow/dags/scripts/python/get_data.py
[2024-05-01T03:13:37.341+0000] {processor.py:183} INFO - Processing /opt/airflow/dags/scripts/python/get_data.py took 0.105 seconds
[2024-05-01T03:14:08.085+0000] {processor.py:161} INFO - Started process (PID=436) to work on /opt/airflow/dags/scripts/python/get_data.py
[2024-05-01T03:14:08.086+0000] {processor.py:830} INFO - Processing file /opt/airflow/dags/scripts/python/get_data.py for tasks to queue
[2024-05-01T03:14:08.088+0000] {logging_mixin.py:188} INFO - [2024-05-01T03:14:08.088+0000] {dagbag.py:540} INFO - Filling up the DagBag from /opt/airflow/dags/scripts/python/get_data.py
[2024-05-01T03:14:08.128+0000] {processor.py:842} WARNING - No viable dags retrieved from /opt/airflow/dags/scripts/python/get_data.py
[2024-05-01T03:14:08.149+0000] {processor.py:183} INFO - Processing /opt/airflow/dags/scripts/python/get_data.py took 0.068 seconds
[2024-05-01T03:14:38.595+0000] {processor.py:161} INFO - Started process (PID=444) to work on /opt/airflow/dags/scripts/python/get_data.py
[2024-05-01T03:14:38.598+0000] {processor.py:830} INFO - Processing file /opt/airflow/dags/scripts/python/get_data.py for tasks to queue
[2024-05-01T03:14:38.604+0000] {logging_mixin.py:188} INFO - [2024-05-01T03:14:38.604+0000] {dagbag.py:540} INFO - Filling up the DagBag from /opt/airflow/dags/scripts/python/get_data.py
[2024-05-01T03:14:38.647+0000] {processor.py:842} WARNING - No viable dags retrieved from /opt/airflow/dags/scripts/python/get_data.py
[2024-05-01T03:14:38.685+0000] {processor.py:183} INFO - Processing /opt/airflow/dags/scripts/python/get_data.py took 0.097 seconds
[2024-05-01T03:15:09.080+0000] {processor.py:161} INFO - Started process (PID=452) to work on /opt/airflow/dags/scripts/python/get_data.py
[2024-05-01T03:15:09.082+0000] {processor.py:830} INFO - Processing file /opt/airflow/dags/scripts/python/get_data.py for tasks to queue
[2024-05-01T03:15:09.085+0000] {logging_mixin.py:188} INFO - [2024-05-01T03:15:09.084+0000] {dagbag.py:540} INFO - Filling up the DagBag from /opt/airflow/dags/scripts/python/get_data.py
[2024-05-01T03:15:09.119+0000] {processor.py:842} WARNING - No viable dags retrieved from /opt/airflow/dags/scripts/python/get_data.py
[2024-05-01T03:15:09.148+0000] {processor.py:183} INFO - Processing /opt/airflow/dags/scripts/python/get_data.py took 0.076 seconds
[2024-05-01T03:15:39.564+0000] {processor.py:161} INFO - Started process (PID=460) to work on /opt/airflow/dags/scripts/python/get_data.py
[2024-05-01T03:15:39.565+0000] {processor.py:830} INFO - Processing file /opt/airflow/dags/scripts/python/get_data.py for tasks to queue
[2024-05-01T03:15:39.568+0000] {logging_mixin.py:188} INFO - [2024-05-01T03:15:39.568+0000] {dagbag.py:540} INFO - Filling up the DagBag from /opt/airflow/dags/scripts/python/get_data.py
[2024-05-01T03:15:39.639+0000] {processor.py:842} WARNING - No viable dags retrieved from /opt/airflow/dags/scripts/python/get_data.py
[2024-05-01T03:15:39.669+0000] {processor.py:183} INFO - Processing /opt/airflow/dags/scripts/python/get_data.py took 0.108 seconds
[2024-05-01T03:16:10.104+0000] {processor.py:161} INFO - Started process (PID=468) to work on /opt/airflow/dags/scripts/python/get_data.py
[2024-05-01T03:16:10.107+0000] {processor.py:830} INFO - Processing file /opt/airflow/dags/scripts/python/get_data.py for tasks to queue
[2024-05-01T03:16:10.111+0000] {logging_mixin.py:188} INFO - [2024-05-01T03:16:10.110+0000] {dagbag.py:540} INFO - Filling up the DagBag from /opt/airflow/dags/scripts/python/get_data.py
[2024-05-01T03:16:10.149+0000] {processor.py:842} WARNING - No viable dags retrieved from /opt/airflow/dags/scripts/python/get_data.py
[2024-05-01T03:16:10.174+0000] {processor.py:183} INFO - Processing /opt/airflow/dags/scripts/python/get_data.py took 0.081 seconds
[2024-05-01T03:16:40.567+0000] {processor.py:161} INFO - Started process (PID=476) to work on /opt/airflow/dags/scripts/python/get_data.py
[2024-05-01T03:16:40.568+0000] {processor.py:830} INFO - Processing file /opt/airflow/dags/scripts/python/get_data.py for tasks to queue
[2024-05-01T03:16:40.570+0000] {logging_mixin.py:188} INFO - [2024-05-01T03:16:40.570+0000] {dagbag.py:540} INFO - Filling up the DagBag from /opt/airflow/dags/scripts/python/get_data.py
[2024-05-01T03:16:40.619+0000] {processor.py:842} WARNING - No viable dags retrieved from /opt/airflow/dags/scripts/python/get_data.py
[2024-05-01T03:16:40.640+0000] {processor.py:183} INFO - Processing /opt/airflow/dags/scripts/python/get_data.py took 0.076 seconds
[2024-05-01T03:17:11.041+0000] {processor.py:161} INFO - Started process (PID=484) to work on /opt/airflow/dags/scripts/python/get_data.py
[2024-05-01T03:17:11.044+0000] {processor.py:830} INFO - Processing file /opt/airflow/dags/scripts/python/get_data.py for tasks to queue
[2024-05-01T03:17:11.054+0000] {logging_mixin.py:188} INFO - [2024-05-01T03:17:11.053+0000] {dagbag.py:540} INFO - Filling up the DagBag from /opt/airflow/dags/scripts/python/get_data.py
[2024-05-01T03:17:11.095+0000] {processor.py:842} WARNING - No viable dags retrieved from /opt/airflow/dags/scripts/python/get_data.py
[2024-05-01T03:17:11.111+0000] {processor.py:183} INFO - Processing /opt/airflow/dags/scripts/python/get_data.py took 0.075 seconds
[2024-05-01T03:17:42.157+0000] {processor.py:161} INFO - Started process (PID=492) to work on /opt/airflow/dags/scripts/python/get_data.py
[2024-05-01T03:17:42.158+0000] {processor.py:830} INFO - Processing file /opt/airflow/dags/scripts/python/get_data.py for tasks to queue
[2024-05-01T03:17:42.160+0000] {logging_mixin.py:188} INFO - [2024-05-01T03:17:42.160+0000] {dagbag.py:540} INFO - Filling up the DagBag from /opt/airflow/dags/scripts/python/get_data.py
[2024-05-01T03:17:42.205+0000] {processor.py:842} WARNING - No viable dags retrieved from /opt/airflow/dags/scripts/python/get_data.py
[2024-05-01T03:17:42.222+0000] {processor.py:183} INFO - Processing /opt/airflow/dags/scripts/python/get_data.py took 0.069 seconds
[2024-05-01T03:18:12.632+0000] {processor.py:161} INFO - Started process (PID=500) to work on /opt/airflow/dags/scripts/python/get_data.py
[2024-05-01T03:18:12.633+0000] {processor.py:830} INFO - Processing file /opt/airflow/dags/scripts/python/get_data.py for tasks to queue
[2024-05-01T03:18:12.636+0000] {logging_mixin.py:188} INFO - [2024-05-01T03:18:12.635+0000] {dagbag.py:540} INFO - Filling up the DagBag from /opt/airflow/dags/scripts/python/get_data.py
[2024-05-01T03:18:12.693+0000] {processor.py:842} WARNING - No viable dags retrieved from /opt/airflow/dags/scripts/python/get_data.py
[2024-05-01T03:18:12.709+0000] {processor.py:183} INFO - Processing /opt/airflow/dags/scripts/python/get_data.py took 0.081 seconds
[2024-05-01T03:18:43.106+0000] {processor.py:161} INFO - Started process (PID=508) to work on /opt/airflow/dags/scripts/python/get_data.py
[2024-05-01T03:18:43.108+0000] {processor.py:830} INFO - Processing file /opt/airflow/dags/scripts/python/get_data.py for tasks to queue
[2024-05-01T03:18:43.110+0000] {logging_mixin.py:188} INFO - [2024-05-01T03:18:43.110+0000] {dagbag.py:540} INFO - Filling up the DagBag from /opt/airflow/dags/scripts/python/get_data.py
[2024-05-01T03:18:43.148+0000] {processor.py:842} WARNING - No viable dags retrieved from /opt/airflow/dags/scripts/python/get_data.py
[2024-05-01T03:18:43.166+0000] {processor.py:183} INFO - Processing /opt/airflow/dags/scripts/python/get_data.py took 0.064 seconds
[2024-05-01T03:19:13.495+0000] {processor.py:161} INFO - Started process (PID=516) to work on /opt/airflow/dags/scripts/python/get_data.py
[2024-05-01T03:19:13.496+0000] {processor.py:830} INFO - Processing file /opt/airflow/dags/scripts/python/get_data.py for tasks to queue
[2024-05-01T03:19:13.498+0000] {logging_mixin.py:188} INFO - [2024-05-01T03:19:13.498+0000] {dagbag.py:540} INFO - Filling up the DagBag from /opt/airflow/dags/scripts/python/get_data.py
[2024-05-01T03:19:13.545+0000] {processor.py:842} WARNING - No viable dags retrieved from /opt/airflow/dags/scripts/python/get_data.py
[2024-05-01T03:19:13.558+0000] {processor.py:183} INFO - Processing /opt/airflow/dags/scripts/python/get_data.py took 0.066 seconds
[2024-05-01T03:19:43.885+0000] {processor.py:161} INFO - Started process (PID=523) to work on /opt/airflow/dags/scripts/python/get_data.py
[2024-05-01T03:19:43.887+0000] {processor.py:830} INFO - Processing file /opt/airflow/dags/scripts/python/get_data.py for tasks to queue
[2024-05-01T03:19:43.892+0000] {logging_mixin.py:188} INFO - [2024-05-01T03:19:43.891+0000] {dagbag.py:540} INFO - Filling up the DagBag from /opt/airflow/dags/scripts/python/get_data.py
[2024-05-01T03:19:43.927+0000] {processor.py:842} WARNING - No viable dags retrieved from /opt/airflow/dags/scripts/python/get_data.py
[2024-05-01T03:19:43.942+0000] {processor.py:183} INFO - Processing /opt/airflow/dags/scripts/python/get_data.py took 0.078 seconds
[2024-05-01T03:20:14.284+0000] {processor.py:161} INFO - Started process (PID=531) to work on /opt/airflow/dags/scripts/python/get_data.py
[2024-05-01T03:20:14.286+0000] {processor.py:830} INFO - Processing file /opt/airflow/dags/scripts/python/get_data.py for tasks to queue
[2024-05-01T03:20:14.291+0000] {logging_mixin.py:188} INFO - [2024-05-01T03:20:14.291+0000] {dagbag.py:540} INFO - Filling up the DagBag from /opt/airflow/dags/scripts/python/get_data.py
[2024-05-01T03:20:14.332+0000] {processor.py:842} WARNING - No viable dags retrieved from /opt/airflow/dags/scripts/python/get_data.py
[2024-05-01T03:20:14.344+0000] {processor.py:183} INFO - Processing /opt/airflow/dags/scripts/python/get_data.py took 0.069 seconds
[2024-05-01T03:20:44.750+0000] {processor.py:161} INFO - Started process (PID=539) to work on /opt/airflow/dags/scripts/python/get_data.py
[2024-05-01T03:20:44.753+0000] {processor.py:830} INFO - Processing file /opt/airflow/dags/scripts/python/get_data.py for tasks to queue
[2024-05-01T03:20:44.758+0000] {logging_mixin.py:188} INFO - [2024-05-01T03:20:44.757+0000] {dagbag.py:540} INFO - Filling up the DagBag from /opt/airflow/dags/scripts/python/get_data.py
[2024-05-01T03:20:44.792+0000] {processor.py:842} WARNING - No viable dags retrieved from /opt/airflow/dags/scripts/python/get_data.py
[2024-05-01T03:20:44.802+0000] {processor.py:183} INFO - Processing /opt/airflow/dags/scripts/python/get_data.py took 0.079 seconds
[2024-05-01T03:21:15.113+0000] {processor.py:161} INFO - Started process (PID=547) to work on /opt/airflow/dags/scripts/python/get_data.py
[2024-05-01T03:21:15.114+0000] {processor.py:830} INFO - Processing file /opt/airflow/dags/scripts/python/get_data.py for tasks to queue
[2024-05-01T03:21:15.119+0000] {logging_mixin.py:188} INFO - [2024-05-01T03:21:15.119+0000] {dagbag.py:540} INFO - Filling up the DagBag from /opt/airflow/dags/scripts/python/get_data.py
[2024-05-01T03:21:15.247+0000] {processor.py:842} WARNING - No viable dags retrieved from /opt/airflow/dags/scripts/python/get_data.py
[2024-05-01T03:21:15.265+0000] {processor.py:183} INFO - Processing /opt/airflow/dags/scripts/python/get_data.py took 0.160 seconds
[2024-05-01T03:21:45.651+0000] {processor.py:161} INFO - Started process (PID=555) to work on /opt/airflow/dags/scripts/python/get_data.py
[2024-05-01T03:21:45.653+0000] {processor.py:830} INFO - Processing file /opt/airflow/dags/scripts/python/get_data.py for tasks to queue
[2024-05-01T03:21:45.658+0000] {logging_mixin.py:188} INFO - [2024-05-01T03:21:45.657+0000] {dagbag.py:540} INFO - Filling up the DagBag from /opt/airflow/dags/scripts/python/get_data.py
[2024-05-01T03:21:45.694+0000] {processor.py:842} WARNING - No viable dags retrieved from /opt/airflow/dags/scripts/python/get_data.py
[2024-05-01T03:21:45.708+0000] {processor.py:183} INFO - Processing /opt/airflow/dags/scripts/python/get_data.py took 0.074 seconds
[2024-05-01T03:22:16.111+0000] {processor.py:161} INFO - Started process (PID=563) to work on /opt/airflow/dags/scripts/python/get_data.py
[2024-05-01T03:22:16.114+0000] {processor.py:830} INFO - Processing file /opt/airflow/dags/scripts/python/get_data.py for tasks to queue
[2024-05-01T03:22:16.119+0000] {logging_mixin.py:188} INFO - [2024-05-01T03:22:16.118+0000] {dagbag.py:540} INFO - Filling up the DagBag from /opt/airflow/dags/scripts/python/get_data.py
[2024-05-01T03:22:16.158+0000] {processor.py:842} WARNING - No viable dags retrieved from /opt/airflow/dags/scripts/python/get_data.py
[2024-05-01T03:22:16.175+0000] {processor.py:183} INFO - Processing /opt/airflow/dags/scripts/python/get_data.py took 0.071 seconds
[2024-05-01T03:22:47.132+0000] {processor.py:161} INFO - Started process (PID=571) to work on /opt/airflow/dags/scripts/python/get_data.py
[2024-05-01T03:22:47.135+0000] {processor.py:830} INFO - Processing file /opt/airflow/dags/scripts/python/get_data.py for tasks to queue
[2024-05-01T03:22:47.140+0000] {logging_mixin.py:188} INFO - [2024-05-01T03:22:47.139+0000] {dagbag.py:540} INFO - Filling up the DagBag from /opt/airflow/dags/scripts/python/get_data.py
[2024-05-01T03:22:47.182+0000] {processor.py:842} WARNING - No viable dags retrieved from /opt/airflow/dags/scripts/python/get_data.py
[2024-05-01T03:22:47.198+0000] {processor.py:183} INFO - Processing /opt/airflow/dags/scripts/python/get_data.py took 0.071 seconds
[2024-05-01T03:23:17.522+0000] {processor.py:161} INFO - Started process (PID=579) to work on /opt/airflow/dags/scripts/python/get_data.py
[2024-05-01T03:23:17.525+0000] {processor.py:830} INFO - Processing file /opt/airflow/dags/scripts/python/get_data.py for tasks to queue
[2024-05-01T03:23:17.529+0000] {logging_mixin.py:188} INFO - [2024-05-01T03:23:17.529+0000] {dagbag.py:540} INFO - Filling up the DagBag from /opt/airflow/dags/scripts/python/get_data.py
[2024-05-01T03:23:17.564+0000] {processor.py:842} WARNING - No viable dags retrieved from /opt/airflow/dags/scripts/python/get_data.py
[2024-05-01T03:23:17.578+0000] {processor.py:183} INFO - Processing /opt/airflow/dags/scripts/python/get_data.py took 0.063 seconds
[2024-05-01T03:23:47.890+0000] {processor.py:161} INFO - Started process (PID=587) to work on /opt/airflow/dags/scripts/python/get_data.py
[2024-05-01T03:23:47.892+0000] {processor.py:830} INFO - Processing file /opt/airflow/dags/scripts/python/get_data.py for tasks to queue
[2024-05-01T03:23:47.895+0000] {logging_mixin.py:188} INFO - [2024-05-01T03:23:47.895+0000] {dagbag.py:540} INFO - Filling up the DagBag from /opt/airflow/dags/scripts/python/get_data.py
[2024-05-01T03:23:48.169+0000] {processor.py:842} WARNING - No viable dags retrieved from /opt/airflow/dags/scripts/python/get_data.py
[2024-05-01T03:23:48.181+0000] {processor.py:183} INFO - Processing /opt/airflow/dags/scripts/python/get_data.py took 0.296 seconds
[2024-05-01T03:24:18.665+0000] {processor.py:161} INFO - Started process (PID=595) to work on /opt/airflow/dags/scripts/python/get_data.py
[2024-05-01T03:24:18.667+0000] {processor.py:830} INFO - Processing file /opt/airflow/dags/scripts/python/get_data.py for tasks to queue
[2024-05-01T03:24:18.671+0000] {logging_mixin.py:188} INFO - [2024-05-01T03:24:18.671+0000] {dagbag.py:540} INFO - Filling up the DagBag from /opt/airflow/dags/scripts/python/get_data.py
[2024-05-01T03:24:18.704+0000] {processor.py:842} WARNING - No viable dags retrieved from /opt/airflow/dags/scripts/python/get_data.py
[2024-05-01T03:24:18.730+0000] {processor.py:183} INFO - Processing /opt/airflow/dags/scripts/python/get_data.py took 0.071 seconds
[2024-05-01T03:24:49.155+0000] {processor.py:161} INFO - Started process (PID=603) to work on /opt/airflow/dags/scripts/python/get_data.py
[2024-05-01T03:24:49.157+0000] {processor.py:830} INFO - Processing file /opt/airflow/dags/scripts/python/get_data.py for tasks to queue
[2024-05-01T03:24:49.163+0000] {logging_mixin.py:188} INFO - [2024-05-01T03:24:49.162+0000] {dagbag.py:540} INFO - Filling up the DagBag from /opt/airflow/dags/scripts/python/get_data.py
[2024-05-01T03:24:49.209+0000] {processor.py:842} WARNING - No viable dags retrieved from /opt/airflow/dags/scripts/python/get_data.py
[2024-05-01T03:24:49.236+0000] {processor.py:183} INFO - Processing /opt/airflow/dags/scripts/python/get_data.py took 0.098 seconds
[2024-05-01T03:25:19.580+0000] {processor.py:161} INFO - Started process (PID=611) to work on /opt/airflow/dags/scripts/python/get_data.py
[2024-05-01T03:25:19.582+0000] {processor.py:830} INFO - Processing file /opt/airflow/dags/scripts/python/get_data.py for tasks to queue
[2024-05-01T03:25:19.587+0000] {logging_mixin.py:188} INFO - [2024-05-01T03:25:19.586+0000] {dagbag.py:540} INFO - Filling up the DagBag from /opt/airflow/dags/scripts/python/get_data.py
[2024-05-01T03:25:19.637+0000] {processor.py:842} WARNING - No viable dags retrieved from /opt/airflow/dags/scripts/python/get_data.py
[2024-05-01T03:25:19.653+0000] {processor.py:183} INFO - Processing /opt/airflow/dags/scripts/python/get_data.py took 0.079 seconds
[2024-05-01T03:25:33.860+0000] {processor.py:161} INFO - Started process (PID=619) to work on /opt/airflow/dags/scripts/python/get_data.py
[2024-05-01T03:25:33.862+0000] {processor.py:830} INFO - Processing file /opt/airflow/dags/scripts/python/get_data.py for tasks to queue
[2024-05-01T03:25:33.866+0000] {logging_mixin.py:188} INFO - [2024-05-01T03:25:33.865+0000] {dagbag.py:540} INFO - Filling up the DagBag from /opt/airflow/dags/scripts/python/get_data.py
[2024-05-01T03:25:33.908+0000] {processor.py:842} WARNING - No viable dags retrieved from /opt/airflow/dags/scripts/python/get_data.py
[2024-05-01T03:25:33.920+0000] {processor.py:183} INFO - Processing /opt/airflow/dags/scripts/python/get_data.py took 0.066 seconds
[2024-05-01T03:25:34.910+0000] {processor.py:161} INFO - Started process (PID=620) to work on /opt/airflow/dags/scripts/python/get_data.py
[2024-05-01T03:25:34.911+0000] {processor.py:830} INFO - Processing file /opt/airflow/dags/scripts/python/get_data.py for tasks to queue
[2024-05-01T03:25:34.914+0000] {logging_mixin.py:188} INFO - [2024-05-01T03:25:34.913+0000] {dagbag.py:540} INFO - Filling up the DagBag from /opt/airflow/dags/scripts/python/get_data.py
[2024-05-01T03:25:34.946+0000] {processor.py:842} WARNING - No viable dags retrieved from /opt/airflow/dags/scripts/python/get_data.py
[2024-05-01T03:25:34.958+0000] {processor.py:183} INFO - Processing /opt/airflow/dags/scripts/python/get_data.py took 0.053 seconds
[2024-05-01T03:25:42.062+0000] {processor.py:161} INFO - Started process (PID=621) to work on /opt/airflow/dags/scripts/python/get_data.py
[2024-05-01T03:25:42.065+0000] {processor.py:830} INFO - Processing file /opt/airflow/dags/scripts/python/get_data.py for tasks to queue
[2024-05-01T03:25:42.069+0000] {logging_mixin.py:188} INFO - [2024-05-01T03:25:42.069+0000] {dagbag.py:540} INFO - Filling up the DagBag from /opt/airflow/dags/scripts/python/get_data.py
[2024-05-01T03:25:42.138+0000] {processor.py:842} WARNING - No viable dags retrieved from /opt/airflow/dags/scripts/python/get_data.py
[2024-05-01T03:25:42.176+0000] {processor.py:183} INFO - Processing /opt/airflow/dags/scripts/python/get_data.py took 0.119 seconds
[2024-05-01T03:26:12.593+0000] {processor.py:161} INFO - Started process (PID=629) to work on /opt/airflow/dags/scripts/python/get_data.py
[2024-05-01T03:26:12.596+0000] {processor.py:830} INFO - Processing file /opt/airflow/dags/scripts/python/get_data.py for tasks to queue
[2024-05-01T03:26:12.602+0000] {logging_mixin.py:188} INFO - [2024-05-01T03:26:12.601+0000] {dagbag.py:540} INFO - Filling up the DagBag from /opt/airflow/dags/scripts/python/get_data.py
[2024-05-01T03:26:12.646+0000] {processor.py:842} WARNING - No viable dags retrieved from /opt/airflow/dags/scripts/python/get_data.py
[2024-05-01T03:26:12.663+0000] {processor.py:183} INFO - Processing /opt/airflow/dags/scripts/python/get_data.py took 0.087 seconds
[2024-05-01T03:26:28.865+0000] {processor.py:161} INFO - Started process (PID=631) to work on /opt/airflow/dags/scripts/python/get_data.py
[2024-05-01T03:26:28.868+0000] {processor.py:830} INFO - Processing file /opt/airflow/dags/scripts/python/get_data.py for tasks to queue
[2024-05-01T03:26:28.873+0000] {logging_mixin.py:188} INFO - [2024-05-01T03:26:28.872+0000] {dagbag.py:540} INFO - Filling up the DagBag from /opt/airflow/dags/scripts/python/get_data.py
[2024-05-01T03:26:28.912+0000] {processor.py:842} WARNING - No viable dags retrieved from /opt/airflow/dags/scripts/python/get_data.py
[2024-05-01T03:26:28.924+0000] {processor.py:183} INFO - Processing /opt/airflow/dags/scripts/python/get_data.py took 0.066 seconds
[2024-05-01T03:29:31.831+0000] {processor.py:161} INFO - Started process (PID=30) to work on /opt/airflow/dags/scripts/python/get_data.py
[2024-05-01T03:29:31.833+0000] {processor.py:830} INFO - Processing file /opt/airflow/dags/scripts/python/get_data.py for tasks to queue
[2024-05-01T03:29:31.837+0000] {logging_mixin.py:188} INFO - [2024-05-01T03:29:31.836+0000] {dagbag.py:540} INFO - Filling up the DagBag from /opt/airflow/dags/scripts/python/get_data.py
[2024-05-01T03:29:33.189+0000] {processor.py:842} WARNING - No viable dags retrieved from /opt/airflow/dags/scripts/python/get_data.py
[2024-05-01T03:29:33.225+0000] {processor.py:183} INFO - Processing /opt/airflow/dags/scripts/python/get_data.py took 1.402 seconds
[2024-05-01T03:30:04.104+0000] {processor.py:161} INFO - Started process (PID=44) to work on /opt/airflow/dags/scripts/python/get_data.py
[2024-05-01T03:30:04.107+0000] {processor.py:830} INFO - Processing file /opt/airflow/dags/scripts/python/get_data.py for tasks to queue
[2024-05-01T03:30:04.111+0000] {logging_mixin.py:188} INFO - [2024-05-01T03:30:04.111+0000] {dagbag.py:540} INFO - Filling up the DagBag from /opt/airflow/dags/scripts/python/get_data.py
[2024-05-01T03:30:04.155+0000] {processor.py:842} WARNING - No viable dags retrieved from /opt/airflow/dags/scripts/python/get_data.py
[2024-05-01T03:30:04.167+0000] {processor.py:183} INFO - Processing /opt/airflow/dags/scripts/python/get_data.py took 0.078 seconds
[2024-05-01T03:30:34.426+0000] {processor.py:161} INFO - Started process (PID=52) to work on /opt/airflow/dags/scripts/python/get_data.py
[2024-05-01T03:30:34.429+0000] {processor.py:830} INFO - Processing file /opt/airflow/dags/scripts/python/get_data.py for tasks to queue
[2024-05-01T03:30:34.435+0000] {logging_mixin.py:188} INFO - [2024-05-01T03:30:34.434+0000] {dagbag.py:540} INFO - Filling up the DagBag from /opt/airflow/dags/scripts/python/get_data.py
[2024-05-01T03:30:34.502+0000] {processor.py:842} WARNING - No viable dags retrieved from /opt/airflow/dags/scripts/python/get_data.py
[2024-05-01T03:30:34.522+0000] {processor.py:183} INFO - Processing /opt/airflow/dags/scripts/python/get_data.py took 0.104 seconds
[2024-05-01T03:31:04.792+0000] {processor.py:161} INFO - Started process (PID=60) to work on /opt/airflow/dags/scripts/python/get_data.py
[2024-05-01T03:31:04.796+0000] {processor.py:830} INFO - Processing file /opt/airflow/dags/scripts/python/get_data.py for tasks to queue
[2024-05-01T03:31:04.804+0000] {logging_mixin.py:188} INFO - [2024-05-01T03:31:04.803+0000] {dagbag.py:540} INFO - Filling up the DagBag from /opt/airflow/dags/scripts/python/get_data.py
[2024-05-01T03:31:04.860+0000] {processor.py:842} WARNING - No viable dags retrieved from /opt/airflow/dags/scripts/python/get_data.py
[2024-05-01T03:31:04.911+0000] {processor.py:183} INFO - Processing /opt/airflow/dags/scripts/python/get_data.py took 0.125 seconds
[2024-05-01T03:31:35.357+0000] {processor.py:161} INFO - Started process (PID=68) to work on /opt/airflow/dags/scripts/python/get_data.py
[2024-05-01T03:31:35.360+0000] {processor.py:830} INFO - Processing file /opt/airflow/dags/scripts/python/get_data.py for tasks to queue
[2024-05-01T03:31:35.365+0000] {logging_mixin.py:188} INFO - [2024-05-01T03:31:35.364+0000] {dagbag.py:540} INFO - Filling up the DagBag from /opt/airflow/dags/scripts/python/get_data.py
[2024-05-01T03:31:35.433+0000] {processor.py:842} WARNING - No viable dags retrieved from /opt/airflow/dags/scripts/python/get_data.py
[2024-05-01T03:31:35.470+0000] {processor.py:183} INFO - Processing /opt/airflow/dags/scripts/python/get_data.py took 0.121 seconds
[2024-05-01T03:32:05.974+0000] {processor.py:161} INFO - Started process (PID=81) to work on /opt/airflow/dags/scripts/python/get_data.py
[2024-05-01T03:32:05.982+0000] {processor.py:830} INFO - Processing file /opt/airflow/dags/scripts/python/get_data.py for tasks to queue
[2024-05-01T03:32:06.021+0000] {logging_mixin.py:188} INFO - [2024-05-01T03:32:06.010+0000] {dagbag.py:540} INFO - Filling up the DagBag from /opt/airflow/dags/scripts/python/get_data.py
[2024-05-01T03:32:06.142+0000] {processor.py:842} WARNING - No viable dags retrieved from /opt/airflow/dags/scripts/python/get_data.py
[2024-05-01T03:32:06.217+0000] {processor.py:183} INFO - Processing /opt/airflow/dags/scripts/python/get_data.py took 0.265 seconds
[2024-05-01T03:32:36.511+0000] {processor.py:161} INFO - Started process (PID=89) to work on /opt/airflow/dags/scripts/python/get_data.py
[2024-05-01T03:32:36.515+0000] {processor.py:830} INFO - Processing file /opt/airflow/dags/scripts/python/get_data.py for tasks to queue
[2024-05-01T03:32:36.523+0000] {logging_mixin.py:188} INFO - [2024-05-01T03:32:36.522+0000] {dagbag.py:540} INFO - Filling up the DagBag from /opt/airflow/dags/scripts/python/get_data.py
[2024-05-01T03:32:36.582+0000] {processor.py:842} WARNING - No viable dags retrieved from /opt/airflow/dags/scripts/python/get_data.py
[2024-05-01T03:32:36.619+0000] {processor.py:183} INFO - Processing /opt/airflow/dags/scripts/python/get_data.py took 0.116 seconds
[2024-05-01T03:33:06.997+0000] {processor.py:161} INFO - Started process (PID=97) to work on /opt/airflow/dags/scripts/python/get_data.py
[2024-05-01T03:33:07.000+0000] {processor.py:830} INFO - Processing file /opt/airflow/dags/scripts/python/get_data.py for tasks to queue
[2024-05-01T03:33:07.010+0000] {logging_mixin.py:188} INFO - [2024-05-01T03:33:07.009+0000] {dagbag.py:540} INFO - Filling up the DagBag from /opt/airflow/dags/scripts/python/get_data.py
[2024-05-01T03:33:07.092+0000] {processor.py:842} WARNING - No viable dags retrieved from /opt/airflow/dags/scripts/python/get_data.py
[2024-05-01T03:33:07.135+0000] {processor.py:183} INFO - Processing /opt/airflow/dags/scripts/python/get_data.py took 0.146 seconds
[2024-05-01T03:33:37.470+0000] {processor.py:161} INFO - Started process (PID=105) to work on /opt/airflow/dags/scripts/python/get_data.py
[2024-05-01T03:33:37.473+0000] {processor.py:830} INFO - Processing file /opt/airflow/dags/scripts/python/get_data.py for tasks to queue
[2024-05-01T03:33:37.504+0000] {logging_mixin.py:188} INFO - [2024-05-01T03:33:37.500+0000] {dagbag.py:540} INFO - Filling up the DagBag from /opt/airflow/dags/scripts/python/get_data.py
[2024-05-01T03:33:37.543+0000] {processor.py:842} WARNING - No viable dags retrieved from /opt/airflow/dags/scripts/python/get_data.py
[2024-05-01T03:33:37.558+0000] {processor.py:183} INFO - Processing /opt/airflow/dags/scripts/python/get_data.py took 0.096 seconds
[2024-05-01T03:34:08.048+0000] {processor.py:161} INFO - Started process (PID=113) to work on /opt/airflow/dags/scripts/python/get_data.py
[2024-05-01T03:34:08.051+0000] {processor.py:830} INFO - Processing file /opt/airflow/dags/scripts/python/get_data.py for tasks to queue
[2024-05-01T03:34:08.056+0000] {logging_mixin.py:188} INFO - [2024-05-01T03:34:08.056+0000] {dagbag.py:540} INFO - Filling up the DagBag from /opt/airflow/dags/scripts/python/get_data.py
[2024-05-01T03:34:08.106+0000] {processor.py:842} WARNING - No viable dags retrieved from /opt/airflow/dags/scripts/python/get_data.py
[2024-05-01T03:34:08.136+0000] {processor.py:183} INFO - Processing /opt/airflow/dags/scripts/python/get_data.py took 0.101 seconds
[2024-05-01T03:34:38.247+0000] {processor.py:161} INFO - Started process (PID=121) to work on /opt/airflow/dags/scripts/python/get_data.py
[2024-05-01T03:34:38.248+0000] {processor.py:830} INFO - Processing file /opt/airflow/dags/scripts/python/get_data.py for tasks to queue
[2024-05-01T03:34:38.251+0000] {logging_mixin.py:188} INFO - [2024-05-01T03:34:38.251+0000] {dagbag.py:540} INFO - Filling up the DagBag from /opt/airflow/dags/scripts/python/get_data.py
[2024-05-01T03:34:38.292+0000] {processor.py:842} WARNING - No viable dags retrieved from /opt/airflow/dags/scripts/python/get_data.py
[2024-05-01T03:34:38.320+0000] {processor.py:183} INFO - Processing /opt/airflow/dags/scripts/python/get_data.py took 0.080 seconds
[2024-05-01T03:35:08.803+0000] {processor.py:161} INFO - Started process (PID=129) to work on /opt/airflow/dags/scripts/python/get_data.py
[2024-05-01T03:35:08.805+0000] {processor.py:830} INFO - Processing file /opt/airflow/dags/scripts/python/get_data.py for tasks to queue
[2024-05-01T03:35:08.812+0000] {logging_mixin.py:188} INFO - [2024-05-01T03:35:08.811+0000] {dagbag.py:540} INFO - Filling up the DagBag from /opt/airflow/dags/scripts/python/get_data.py
[2024-05-01T03:35:08.845+0000] {processor.py:842} WARNING - No viable dags retrieved from /opt/airflow/dags/scripts/python/get_data.py
[2024-05-01T03:35:08.860+0000] {processor.py:183} INFO - Processing /opt/airflow/dags/scripts/python/get_data.py took 0.082 seconds
[2024-05-01T03:35:39.234+0000] {processor.py:161} INFO - Started process (PID=137) to work on /opt/airflow/dags/scripts/python/get_data.py
[2024-05-01T03:35:39.238+0000] {processor.py:830} INFO - Processing file /opt/airflow/dags/scripts/python/get_data.py for tasks to queue
[2024-05-01T03:35:39.252+0000] {logging_mixin.py:188} INFO - [2024-05-01T03:35:39.245+0000] {dagbag.py:540} INFO - Filling up the DagBag from /opt/airflow/dags/scripts/python/get_data.py
[2024-05-01T03:35:39.309+0000] {processor.py:842} WARNING - No viable dags retrieved from /opt/airflow/dags/scripts/python/get_data.py
[2024-05-01T03:35:39.338+0000] {processor.py:183} INFO - Processing /opt/airflow/dags/scripts/python/get_data.py took 0.113 seconds
[2024-05-01T03:35:51.512+0000] {processor.py:161} INFO - Started process (PID=145) to work on /opt/airflow/dags/scripts/python/get_data.py
[2024-05-01T03:35:51.514+0000] {processor.py:830} INFO - Processing file /opt/airflow/dags/scripts/python/get_data.py for tasks to queue
[2024-05-01T03:35:51.518+0000] {logging_mixin.py:188} INFO - [2024-05-01T03:35:51.517+0000] {dagbag.py:540} INFO - Filling up the DagBag from /opt/airflow/dags/scripts/python/get_data.py
[2024-05-01T03:35:51.556+0000] {processor.py:842} WARNING - No viable dags retrieved from /opt/airflow/dags/scripts/python/get_data.py
[2024-05-01T03:35:51.571+0000] {processor.py:183} INFO - Processing /opt/airflow/dags/scripts/python/get_data.py took 0.065 seconds
[2024-05-01T03:35:52.552+0000] {processor.py:161} INFO - Started process (PID=146) to work on /opt/airflow/dags/scripts/python/get_data.py
[2024-05-01T03:35:52.554+0000] {processor.py:830} INFO - Processing file /opt/airflow/dags/scripts/python/get_data.py for tasks to queue
[2024-05-01T03:35:52.558+0000] {logging_mixin.py:188} INFO - [2024-05-01T03:35:52.557+0000] {dagbag.py:540} INFO - Filling up the DagBag from /opt/airflow/dags/scripts/python/get_data.py
[2024-05-01T03:35:52.590+0000] {processor.py:842} WARNING - No viable dags retrieved from /opt/airflow/dags/scripts/python/get_data.py
[2024-05-01T03:35:52.600+0000] {processor.py:183} INFO - Processing /opt/airflow/dags/scripts/python/get_data.py took 0.054 seconds
[2024-05-01T03:37:17.312+0000] {processor.py:161} INFO - Started process (PID=30) to work on /opt/airflow/dags/scripts/python/get_data.py
[2024-05-01T03:37:17.314+0000] {processor.py:830} INFO - Processing file /opt/airflow/dags/scripts/python/get_data.py for tasks to queue
[2024-05-01T03:37:17.317+0000] {logging_mixin.py:188} INFO - [2024-05-01T03:37:17.316+0000] {dagbag.py:540} INFO - Filling up the DagBag from /opt/airflow/dags/scripts/python/get_data.py
[2024-05-01T03:37:18.602+0000] {processor.py:842} WARNING - No viable dags retrieved from /opt/airflow/dags/scripts/python/get_data.py
[2024-05-01T03:37:18.626+0000] {processor.py:183} INFO - Processing /opt/airflow/dags/scripts/python/get_data.py took 1.319 seconds
[2024-05-01T03:37:49.663+0000] {processor.py:161} INFO - Started process (PID=44) to work on /opt/airflow/dags/scripts/python/get_data.py
[2024-05-01T03:37:49.664+0000] {processor.py:830} INFO - Processing file /opt/airflow/dags/scripts/python/get_data.py for tasks to queue
[2024-05-01T03:37:49.667+0000] {logging_mixin.py:188} INFO - [2024-05-01T03:37:49.667+0000] {dagbag.py:540} INFO - Filling up the DagBag from /opt/airflow/dags/scripts/python/get_data.py
[2024-05-01T03:37:49.702+0000] {processor.py:842} WARNING - No viable dags retrieved from /opt/airflow/dags/scripts/python/get_data.py
[2024-05-01T03:37:49.719+0000] {processor.py:183} INFO - Processing /opt/airflow/dags/scripts/python/get_data.py took 0.061 seconds
[2024-05-01T03:38:20.003+0000] {processor.py:161} INFO - Started process (PID=52) to work on /opt/airflow/dags/scripts/python/get_data.py
[2024-05-01T03:38:20.005+0000] {processor.py:830} INFO - Processing file /opt/airflow/dags/scripts/python/get_data.py for tasks to queue
[2024-05-01T03:38:20.014+0000] {logging_mixin.py:188} INFO - [2024-05-01T03:38:20.013+0000] {dagbag.py:540} INFO - Filling up the DagBag from /opt/airflow/dags/scripts/python/get_data.py
[2024-05-01T03:38:20.091+0000] {processor.py:842} WARNING - No viable dags retrieved from /opt/airflow/dags/scripts/python/get_data.py
[2024-05-01T03:38:20.111+0000] {processor.py:183} INFO - Processing /opt/airflow/dags/scripts/python/get_data.py took 0.113 seconds
[2024-05-01T03:38:50.438+0000] {processor.py:161} INFO - Started process (PID=60) to work on /opt/airflow/dags/scripts/python/get_data.py
[2024-05-01T03:38:50.442+0000] {processor.py:830} INFO - Processing file /opt/airflow/dags/scripts/python/get_data.py for tasks to queue
[2024-05-01T03:38:50.449+0000] {logging_mixin.py:188} INFO - [2024-05-01T03:38:50.448+0000] {dagbag.py:540} INFO - Filling up the DagBag from /opt/airflow/dags/scripts/python/get_data.py
[2024-05-01T03:38:50.524+0000] {processor.py:842} WARNING - No viable dags retrieved from /opt/airflow/dags/scripts/python/get_data.py
[2024-05-01T03:38:50.550+0000] {processor.py:183} INFO - Processing /opt/airflow/dags/scripts/python/get_data.py took 0.119 seconds
[2024-05-01T03:39:20.770+0000] {processor.py:161} INFO - Started process (PID=68) to work on /opt/airflow/dags/scripts/python/get_data.py
[2024-05-01T03:39:20.774+0000] {processor.py:830} INFO - Processing file /opt/airflow/dags/scripts/python/get_data.py for tasks to queue
[2024-05-01T03:39:20.793+0000] {logging_mixin.py:188} INFO - [2024-05-01T03:39:20.791+0000] {dagbag.py:540} INFO - Filling up the DagBag from /opt/airflow/dags/scripts/python/get_data.py
[2024-05-01T03:39:20.876+0000] {processor.py:842} WARNING - No viable dags retrieved from /opt/airflow/dags/scripts/python/get_data.py
[2024-05-01T03:39:20.895+0000] {processor.py:183} INFO - Processing /opt/airflow/dags/scripts/python/get_data.py took 0.139 seconds
[2024-05-01T03:39:51.297+0000] {processor.py:161} INFO - Started process (PID=76) to work on /opt/airflow/dags/scripts/python/get_data.py
[2024-05-01T03:39:51.301+0000] {processor.py:830} INFO - Processing file /opt/airflow/dags/scripts/python/get_data.py for tasks to queue
[2024-05-01T03:39:51.307+0000] {logging_mixin.py:188} INFO - [2024-05-01T03:39:51.306+0000] {dagbag.py:540} INFO - Filling up the DagBag from /opt/airflow/dags/scripts/python/get_data.py
[2024-05-01T03:39:51.362+0000] {processor.py:842} WARNING - No viable dags retrieved from /opt/airflow/dags/scripts/python/get_data.py
[2024-05-01T03:39:51.403+0000] {processor.py:183} INFO - Processing /opt/airflow/dags/scripts/python/get_data.py took 0.120 seconds
[2024-05-01T03:40:21.834+0000] {processor.py:161} INFO - Started process (PID=89) to work on /opt/airflow/dags/scripts/python/get_data.py
[2024-05-01T03:40:21.836+0000] {processor.py:830} INFO - Processing file /opt/airflow/dags/scripts/python/get_data.py for tasks to queue
[2024-05-01T03:40:21.839+0000] {logging_mixin.py:188} INFO - [2024-05-01T03:40:21.839+0000] {dagbag.py:540} INFO - Filling up the DagBag from /opt/airflow/dags/scripts/python/get_data.py
[2024-05-01T03:40:21.874+0000] {processor.py:842} WARNING - No viable dags retrieved from /opt/airflow/dags/scripts/python/get_data.py
[2024-05-01T03:40:21.889+0000] {processor.py:183} INFO - Processing /opt/airflow/dags/scripts/python/get_data.py took 0.061 seconds
[2024-05-01T03:40:52.450+0000] {processor.py:161} INFO - Started process (PID=97) to work on /opt/airflow/dags/scripts/python/get_data.py
[2024-05-01T03:40:52.453+0000] {processor.py:830} INFO - Processing file /opt/airflow/dags/scripts/python/get_data.py for tasks to queue
[2024-05-01T03:40:52.458+0000] {logging_mixin.py:188} INFO - [2024-05-01T03:40:52.457+0000] {dagbag.py:540} INFO - Filling up the DagBag from /opt/airflow/dags/scripts/python/get_data.py
[2024-05-01T03:40:52.508+0000] {processor.py:842} WARNING - No viable dags retrieved from /opt/airflow/dags/scripts/python/get_data.py
[2024-05-01T03:40:52.538+0000] {processor.py:183} INFO - Processing /opt/airflow/dags/scripts/python/get_data.py took 0.105 seconds
[2024-05-01T03:41:22.829+0000] {processor.py:161} INFO - Started process (PID=105) to work on /opt/airflow/dags/scripts/python/get_data.py
[2024-05-01T03:41:22.831+0000] {processor.py:830} INFO - Processing file /opt/airflow/dags/scripts/python/get_data.py for tasks to queue
[2024-05-01T03:41:22.835+0000] {logging_mixin.py:188} INFO - [2024-05-01T03:41:22.835+0000] {dagbag.py:540} INFO - Filling up the DagBag from /opt/airflow/dags/scripts/python/get_data.py
[2024-05-01T03:41:22.888+0000] {processor.py:842} WARNING - No viable dags retrieved from /opt/airflow/dags/scripts/python/get_data.py
[2024-05-01T03:41:22.901+0000] {processor.py:183} INFO - Processing /opt/airflow/dags/scripts/python/get_data.py took 0.078 seconds
[2024-05-01T03:41:53.148+0000] {processor.py:161} INFO - Started process (PID=113) to work on /opt/airflow/dags/scripts/python/get_data.py
[2024-05-01T03:41:53.150+0000] {processor.py:830} INFO - Processing file /opt/airflow/dags/scripts/python/get_data.py for tasks to queue
[2024-05-01T03:41:53.153+0000] {logging_mixin.py:188} INFO - [2024-05-01T03:41:53.153+0000] {dagbag.py:540} INFO - Filling up the DagBag from /opt/airflow/dags/scripts/python/get_data.py
[2024-05-01T03:41:53.209+0000] {processor.py:842} WARNING - No viable dags retrieved from /opt/airflow/dags/scripts/python/get_data.py
[2024-05-01T03:41:53.225+0000] {processor.py:183} INFO - Processing /opt/airflow/dags/scripts/python/get_data.py took 0.081 seconds
[2024-05-01T03:42:24.289+0000] {processor.py:161} INFO - Started process (PID=121) to work on /opt/airflow/dags/scripts/python/get_data.py
[2024-05-01T03:42:24.291+0000] {processor.py:830} INFO - Processing file /opt/airflow/dags/scripts/python/get_data.py for tasks to queue
[2024-05-01T03:42:24.294+0000] {logging_mixin.py:188} INFO - [2024-05-01T03:42:24.294+0000] {dagbag.py:540} INFO - Filling up the DagBag from /opt/airflow/dags/scripts/python/get_data.py
[2024-05-01T03:42:24.334+0000] {processor.py:842} WARNING - No viable dags retrieved from /opt/airflow/dags/scripts/python/get_data.py
[2024-05-01T03:42:24.350+0000] {processor.py:183} INFO - Processing /opt/airflow/dags/scripts/python/get_data.py took 0.068 seconds
[2024-05-01T03:42:54.746+0000] {processor.py:161} INFO - Started process (PID=129) to work on /opt/airflow/dags/scripts/python/get_data.py
[2024-05-01T03:42:54.747+0000] {processor.py:830} INFO - Processing file /opt/airflow/dags/scripts/python/get_data.py for tasks to queue
[2024-05-01T03:42:54.751+0000] {logging_mixin.py:188} INFO - [2024-05-01T03:42:54.750+0000] {dagbag.py:540} INFO - Filling up the DagBag from /opt/airflow/dags/scripts/python/get_data.py
[2024-05-01T03:42:54.785+0000] {processor.py:842} WARNING - No viable dags retrieved from /opt/airflow/dags/scripts/python/get_data.py
[2024-05-01T03:42:54.818+0000] {processor.py:183} INFO - Processing /opt/airflow/dags/scripts/python/get_data.py took 0.077 seconds
[2024-05-01T03:43:25.168+0000] {processor.py:161} INFO - Started process (PID=137) to work on /opt/airflow/dags/scripts/python/get_data.py
[2024-05-01T03:43:25.171+0000] {processor.py:830} INFO - Processing file /opt/airflow/dags/scripts/python/get_data.py for tasks to queue
[2024-05-01T03:43:25.177+0000] {logging_mixin.py:188} INFO - [2024-05-01T03:43:25.176+0000] {dagbag.py:540} INFO - Filling up the DagBag from /opt/airflow/dags/scripts/python/get_data.py
[2024-05-01T03:43:25.231+0000] {processor.py:842} WARNING - No viable dags retrieved from /opt/airflow/dags/scripts/python/get_data.py
[2024-05-01T03:43:25.245+0000] {processor.py:183} INFO - Processing /opt/airflow/dags/scripts/python/get_data.py took 0.085 seconds
[2024-05-01T03:43:55.619+0000] {processor.py:161} INFO - Started process (PID=145) to work on /opt/airflow/dags/scripts/python/get_data.py
[2024-05-01T03:43:55.622+0000] {processor.py:830} INFO - Processing file /opt/airflow/dags/scripts/python/get_data.py for tasks to queue
[2024-05-01T03:43:55.626+0000] {logging_mixin.py:188} INFO - [2024-05-01T03:43:55.626+0000] {dagbag.py:540} INFO - Filling up the DagBag from /opt/airflow/dags/scripts/python/get_data.py
[2024-05-01T03:43:55.668+0000] {processor.py:842} WARNING - No viable dags retrieved from /opt/airflow/dags/scripts/python/get_data.py
[2024-05-01T03:43:55.689+0000] {processor.py:183} INFO - Processing /opt/airflow/dags/scripts/python/get_data.py took 0.076 seconds
[2024-05-01T03:44:26.102+0000] {processor.py:161} INFO - Started process (PID=153) to work on /opt/airflow/dags/scripts/python/get_data.py
[2024-05-01T03:44:26.107+0000] {processor.py:830} INFO - Processing file /opt/airflow/dags/scripts/python/get_data.py for tasks to queue
[2024-05-01T03:44:26.128+0000] {logging_mixin.py:188} INFO - [2024-05-01T03:44:26.127+0000] {dagbag.py:540} INFO - Filling up the DagBag from /opt/airflow/dags/scripts/python/get_data.py
[2024-05-01T03:44:26.169+0000] {processor.py:842} WARNING - No viable dags retrieved from /opt/airflow/dags/scripts/python/get_data.py
[2024-05-01T03:44:26.182+0000] {processor.py:183} INFO - Processing /opt/airflow/dags/scripts/python/get_data.py took 0.093 seconds
[2024-05-01T03:44:56.499+0000] {processor.py:161} INFO - Started process (PID=161) to work on /opt/airflow/dags/scripts/python/get_data.py
[2024-05-01T03:44:56.502+0000] {processor.py:830} INFO - Processing file /opt/airflow/dags/scripts/python/get_data.py for tasks to queue
[2024-05-01T03:44:56.506+0000] {logging_mixin.py:188} INFO - [2024-05-01T03:44:56.505+0000] {dagbag.py:540} INFO - Filling up the DagBag from /opt/airflow/dags/scripts/python/get_data.py
[2024-05-01T03:44:56.561+0000] {processor.py:842} WARNING - No viable dags retrieved from /opt/airflow/dags/scripts/python/get_data.py
[2024-05-01T03:44:56.575+0000] {processor.py:183} INFO - Processing /opt/airflow/dags/scripts/python/get_data.py took 0.083 seconds
[2024-05-01T03:45:27.105+0000] {processor.py:161} INFO - Started process (PID=169) to work on /opt/airflow/dags/scripts/python/get_data.py
[2024-05-01T03:45:27.107+0000] {processor.py:830} INFO - Processing file /opt/airflow/dags/scripts/python/get_data.py for tasks to queue
[2024-05-01T03:45:27.112+0000] {logging_mixin.py:188} INFO - [2024-05-01T03:45:27.112+0000] {dagbag.py:540} INFO - Filling up the DagBag from /opt/airflow/dags/scripts/python/get_data.py
[2024-05-01T03:45:27.176+0000] {processor.py:842} WARNING - No viable dags retrieved from /opt/airflow/dags/scripts/python/get_data.py
[2024-05-01T03:45:27.197+0000] {processor.py:183} INFO - Processing /opt/airflow/dags/scripts/python/get_data.py took 0.099 seconds
[2024-05-01T03:45:57.574+0000] {processor.py:161} INFO - Started process (PID=178) to work on /opt/airflow/dags/scripts/python/get_data.py
[2024-05-01T03:45:57.578+0000] {processor.py:830} INFO - Processing file /opt/airflow/dags/scripts/python/get_data.py for tasks to queue
[2024-05-01T03:45:57.582+0000] {logging_mixin.py:188} INFO - [2024-05-01T03:45:57.581+0000] {dagbag.py:540} INFO - Filling up the DagBag from /opt/airflow/dags/scripts/python/get_data.py
[2024-05-01T03:45:57.638+0000] {processor.py:842} WARNING - No viable dags retrieved from /opt/airflow/dags/scripts/python/get_data.py
[2024-05-01T03:45:57.658+0000] {processor.py:183} INFO - Processing /opt/airflow/dags/scripts/python/get_data.py took 0.090 seconds
[2024-05-01T03:46:28.116+0000] {processor.py:161} INFO - Started process (PID=186) to work on /opt/airflow/dags/scripts/python/get_data.py
[2024-05-01T03:46:28.120+0000] {processor.py:830} INFO - Processing file /opt/airflow/dags/scripts/python/get_data.py for tasks to queue
[2024-05-01T03:46:28.125+0000] {logging_mixin.py:188} INFO - [2024-05-01T03:46:28.124+0000] {dagbag.py:540} INFO - Filling up the DagBag from /opt/airflow/dags/scripts/python/get_data.py
[2024-05-01T03:46:28.163+0000] {processor.py:842} WARNING - No viable dags retrieved from /opt/airflow/dags/scripts/python/get_data.py
[2024-05-01T03:46:28.196+0000] {processor.py:183} INFO - Processing /opt/airflow/dags/scripts/python/get_data.py took 0.087 seconds
[2024-05-01T03:46:58.560+0000] {processor.py:161} INFO - Started process (PID=194) to work on /opt/airflow/dags/scripts/python/get_data.py
[2024-05-01T03:46:58.564+0000] {processor.py:830} INFO - Processing file /opt/airflow/dags/scripts/python/get_data.py for tasks to queue
[2024-05-01T03:46:58.569+0000] {logging_mixin.py:188} INFO - [2024-05-01T03:46:58.568+0000] {dagbag.py:540} INFO - Filling up the DagBag from /opt/airflow/dags/scripts/python/get_data.py
[2024-05-01T03:46:58.631+0000] {processor.py:842} WARNING - No viable dags retrieved from /opt/airflow/dags/scripts/python/get_data.py
[2024-05-01T03:46:58.656+0000] {processor.py:183} INFO - Processing /opt/airflow/dags/scripts/python/get_data.py took 0.102 seconds
[2024-05-01T03:47:29.528+0000] {processor.py:161} INFO - Started process (PID=202) to work on /opt/airflow/dags/scripts/python/get_data.py
[2024-05-01T03:47:29.533+0000] {processor.py:830} INFO - Processing file /opt/airflow/dags/scripts/python/get_data.py for tasks to queue
[2024-05-01T03:47:29.537+0000] {logging_mixin.py:188} INFO - [2024-05-01T03:47:29.537+0000] {dagbag.py:540} INFO - Filling up the DagBag from /opt/airflow/dags/scripts/python/get_data.py
[2024-05-01T03:47:29.592+0000] {processor.py:842} WARNING - No viable dags retrieved from /opt/airflow/dags/scripts/python/get_data.py
[2024-05-01T03:47:29.613+0000] {processor.py:183} INFO - Processing /opt/airflow/dags/scripts/python/get_data.py took 0.091 seconds
[2024-05-01T03:47:59.975+0000] {processor.py:161} INFO - Started process (PID=210) to work on /opt/airflow/dags/scripts/python/get_data.py
[2024-05-01T03:47:59.978+0000] {processor.py:830} INFO - Processing file /opt/airflow/dags/scripts/python/get_data.py for tasks to queue
[2024-05-01T03:47:59.983+0000] {logging_mixin.py:188} INFO - [2024-05-01T03:47:59.982+0000] {dagbag.py:540} INFO - Filling up the DagBag from /opt/airflow/dags/scripts/python/get_data.py
[2024-05-01T03:48:00.022+0000] {processor.py:842} WARNING - No viable dags retrieved from /opt/airflow/dags/scripts/python/get_data.py
[2024-05-01T03:48:00.036+0000] {processor.py:183} INFO - Processing /opt/airflow/dags/scripts/python/get_data.py took 0.068 seconds
[2024-05-01T03:48:30.389+0000] {processor.py:161} INFO - Started process (PID=219) to work on /opt/airflow/dags/scripts/python/get_data.py
[2024-05-01T03:48:30.392+0000] {processor.py:830} INFO - Processing file /opt/airflow/dags/scripts/python/get_data.py for tasks to queue
[2024-05-01T03:48:30.396+0000] {logging_mixin.py:188} INFO - [2024-05-01T03:48:30.395+0000] {dagbag.py:540} INFO - Filling up the DagBag from /opt/airflow/dags/scripts/python/get_data.py
[2024-05-01T03:48:30.427+0000] {processor.py:842} WARNING - No viable dags retrieved from /opt/airflow/dags/scripts/python/get_data.py
[2024-05-01T03:48:30.444+0000] {processor.py:183} INFO - Processing /opt/airflow/dags/scripts/python/get_data.py took 0.060 seconds
[2024-05-01T03:49:00.851+0000] {processor.py:161} INFO - Started process (PID=227) to work on /opt/airflow/dags/scripts/python/get_data.py
[2024-05-01T03:49:00.855+0000] {processor.py:830} INFO - Processing file /opt/airflow/dags/scripts/python/get_data.py for tasks to queue
[2024-05-01T03:49:00.860+0000] {logging_mixin.py:188} INFO - [2024-05-01T03:49:00.859+0000] {dagbag.py:540} INFO - Filling up the DagBag from /opt/airflow/dags/scripts/python/get_data.py
[2024-05-01T03:49:00.930+0000] {processor.py:842} WARNING - No viable dags retrieved from /opt/airflow/dags/scripts/python/get_data.py
[2024-05-01T03:49:00.969+0000] {processor.py:183} INFO - Processing /opt/airflow/dags/scripts/python/get_data.py took 0.127 seconds
[2024-05-01T03:49:31.227+0000] {processor.py:161} INFO - Started process (PID=235) to work on /opt/airflow/dags/scripts/python/get_data.py
[2024-05-01T03:49:31.228+0000] {processor.py:830} INFO - Processing file /opt/airflow/dags/scripts/python/get_data.py for tasks to queue
[2024-05-01T03:49:31.233+0000] {logging_mixin.py:188} INFO - [2024-05-01T03:49:31.232+0000] {dagbag.py:540} INFO - Filling up the DagBag from /opt/airflow/dags/scripts/python/get_data.py
[2024-05-01T03:49:31.271+0000] {processor.py:842} WARNING - No viable dags retrieved from /opt/airflow/dags/scripts/python/get_data.py
[2024-05-01T03:49:31.302+0000] {processor.py:183} INFO - Processing /opt/airflow/dags/scripts/python/get_data.py took 0.081 seconds
[2024-05-01T03:50:01.705+0000] {processor.py:161} INFO - Started process (PID=243) to work on /opt/airflow/dags/scripts/python/get_data.py
[2024-05-01T03:50:01.708+0000] {processor.py:830} INFO - Processing file /opt/airflow/dags/scripts/python/get_data.py for tasks to queue
[2024-05-01T03:50:01.712+0000] {logging_mixin.py:188} INFO - [2024-05-01T03:50:01.711+0000] {dagbag.py:540} INFO - Filling up the DagBag from /opt/airflow/dags/scripts/python/get_data.py
[2024-05-01T03:50:01.750+0000] {processor.py:842} WARNING - No viable dags retrieved from /opt/airflow/dags/scripts/python/get_data.py
[2024-05-01T03:50:01.783+0000] {processor.py:183} INFO - Processing /opt/airflow/dags/scripts/python/get_data.py took 0.106 seconds
[2024-05-01T03:50:32.208+0000] {processor.py:161} INFO - Started process (PID=251) to work on /opt/airflow/dags/scripts/python/get_data.py
[2024-05-01T03:50:32.210+0000] {processor.py:830} INFO - Processing file /opt/airflow/dags/scripts/python/get_data.py for tasks to queue
[2024-05-01T03:50:32.215+0000] {logging_mixin.py:188} INFO - [2024-05-01T03:50:32.214+0000] {dagbag.py:540} INFO - Filling up the DagBag from /opt/airflow/dags/scripts/python/get_data.py
[2024-05-01T03:50:32.272+0000] {processor.py:842} WARNING - No viable dags retrieved from /opt/airflow/dags/scripts/python/get_data.py
[2024-05-01T03:50:32.286+0000] {processor.py:183} INFO - Processing /opt/airflow/dags/scripts/python/get_data.py took 0.085 seconds
[2024-05-01T03:51:02.708+0000] {processor.py:161} INFO - Started process (PID=259) to work on /opt/airflow/dags/scripts/python/get_data.py
[2024-05-01T03:51:02.711+0000] {processor.py:830} INFO - Processing file /opt/airflow/dags/scripts/python/get_data.py for tasks to queue
[2024-05-01T03:51:02.715+0000] {logging_mixin.py:188} INFO - [2024-05-01T03:51:02.715+0000] {dagbag.py:540} INFO - Filling up the DagBag from /opt/airflow/dags/scripts/python/get_data.py
[2024-05-01T03:51:02.749+0000] {processor.py:842} WARNING - No viable dags retrieved from /opt/airflow/dags/scripts/python/get_data.py
[2024-05-01T03:51:02.761+0000] {processor.py:183} INFO - Processing /opt/airflow/dags/scripts/python/get_data.py took 0.058 seconds
[2024-05-01T03:51:33.154+0000] {processor.py:161} INFO - Started process (PID=267) to work on /opt/airflow/dags/scripts/python/get_data.py
[2024-05-01T03:51:33.157+0000] {processor.py:830} INFO - Processing file /opt/airflow/dags/scripts/python/get_data.py for tasks to queue
[2024-05-01T03:51:33.163+0000] {logging_mixin.py:188} INFO - [2024-05-01T03:51:33.162+0000] {dagbag.py:540} INFO - Filling up the DagBag from /opt/airflow/dags/scripts/python/get_data.py
[2024-05-01T03:51:33.228+0000] {processor.py:842} WARNING - No viable dags retrieved from /opt/airflow/dags/scripts/python/get_data.py
[2024-05-01T03:51:33.242+0000] {processor.py:183} INFO - Processing /opt/airflow/dags/scripts/python/get_data.py took 0.094 seconds
[2024-05-01T03:52:03.590+0000] {processor.py:161} INFO - Started process (PID=275) to work on /opt/airflow/dags/scripts/python/get_data.py
[2024-05-01T03:52:03.592+0000] {processor.py:830} INFO - Processing file /opt/airflow/dags/scripts/python/get_data.py for tasks to queue
[2024-05-01T03:52:03.596+0000] {logging_mixin.py:188} INFO - [2024-05-01T03:52:03.595+0000] {dagbag.py:540} INFO - Filling up the DagBag from /opt/airflow/dags/scripts/python/get_data.py
[2024-05-01T03:52:03.632+0000] {processor.py:842} WARNING - No viable dags retrieved from /opt/airflow/dags/scripts/python/get_data.py
[2024-05-01T03:52:03.643+0000] {processor.py:183} INFO - Processing /opt/airflow/dags/scripts/python/get_data.py took 0.060 seconds
[2024-05-01T03:52:33.974+0000] {processor.py:161} INFO - Started process (PID=283) to work on /opt/airflow/dags/scripts/python/get_data.py
[2024-05-01T03:52:33.975+0000] {processor.py:830} INFO - Processing file /opt/airflow/dags/scripts/python/get_data.py for tasks to queue
[2024-05-01T03:52:33.980+0000] {logging_mixin.py:188} INFO - [2024-05-01T03:52:33.979+0000] {dagbag.py:540} INFO - Filling up the DagBag from /opt/airflow/dags/scripts/python/get_data.py
[2024-05-01T03:52:34.015+0000] {processor.py:842} WARNING - No viable dags retrieved from /opt/airflow/dags/scripts/python/get_data.py
[2024-05-01T03:52:34.028+0000] {processor.py:183} INFO - Processing /opt/airflow/dags/scripts/python/get_data.py took 0.060 seconds
[2024-05-01T03:53:04.393+0000] {processor.py:161} INFO - Started process (PID=291) to work on /opt/airflow/dags/scripts/python/get_data.py
[2024-05-01T03:53:04.395+0000] {processor.py:830} INFO - Processing file /opt/airflow/dags/scripts/python/get_data.py for tasks to queue
[2024-05-01T03:53:04.399+0000] {logging_mixin.py:188} INFO - [2024-05-01T03:53:04.399+0000] {dagbag.py:540} INFO - Filling up the DagBag from /opt/airflow/dags/scripts/python/get_data.py
[2024-05-01T03:53:04.435+0000] {processor.py:842} WARNING - No viable dags retrieved from /opt/airflow/dags/scripts/python/get_data.py
[2024-05-01T03:53:04.448+0000] {processor.py:183} INFO - Processing /opt/airflow/dags/scripts/python/get_data.py took 0.060 seconds
[2024-05-01T03:53:34.921+0000] {processor.py:161} INFO - Started process (PID=299) to work on /opt/airflow/dags/scripts/python/get_data.py
[2024-05-01T03:53:34.924+0000] {processor.py:830} INFO - Processing file /opt/airflow/dags/scripts/python/get_data.py for tasks to queue
[2024-05-01T03:53:34.929+0000] {logging_mixin.py:188} INFO - [2024-05-01T03:53:34.928+0000] {dagbag.py:540} INFO - Filling up the DagBag from /opt/airflow/dags/scripts/python/get_data.py
[2024-05-01T03:53:34.979+0000] {processor.py:842} WARNING - No viable dags retrieved from /opt/airflow/dags/scripts/python/get_data.py
[2024-05-01T03:53:34.991+0000] {processor.py:183} INFO - Processing /opt/airflow/dags/scripts/python/get_data.py took 0.075 seconds
[2024-05-01T03:54:05.472+0000] {processor.py:161} INFO - Started process (PID=307) to work on /opt/airflow/dags/scripts/python/get_data.py
[2024-05-01T03:54:05.475+0000] {processor.py:830} INFO - Processing file /opt/airflow/dags/scripts/python/get_data.py for tasks to queue
[2024-05-01T03:54:05.480+0000] {logging_mixin.py:188} INFO - [2024-05-01T03:54:05.479+0000] {dagbag.py:540} INFO - Filling up the DagBag from /opt/airflow/dags/scripts/python/get_data.py
[2024-05-01T03:54:05.539+0000] {processor.py:842} WARNING - No viable dags retrieved from /opt/airflow/dags/scripts/python/get_data.py
[2024-05-01T03:54:05.557+0000] {processor.py:183} INFO - Processing /opt/airflow/dags/scripts/python/get_data.py took 0.092 seconds
[2024-05-01T03:54:35.998+0000] {processor.py:161} INFO - Started process (PID=315) to work on /opt/airflow/dags/scripts/python/get_data.py
[2024-05-01T03:54:36.005+0000] {processor.py:830} INFO - Processing file /opt/airflow/dags/scripts/python/get_data.py for tasks to queue
[2024-05-01T03:54:36.021+0000] {logging_mixin.py:188} INFO - [2024-05-01T03:54:36.020+0000] {dagbag.py:540} INFO - Filling up the DagBag from /opt/airflow/dags/scripts/python/get_data.py
[2024-05-01T03:54:36.076+0000] {processor.py:842} WARNING - No viable dags retrieved from /opt/airflow/dags/scripts/python/get_data.py
[2024-05-01T03:54:36.098+0000] {processor.py:183} INFO - Processing /opt/airflow/dags/scripts/python/get_data.py took 0.108 seconds
[2024-05-01T03:55:06.523+0000] {processor.py:161} INFO - Started process (PID=323) to work on /opt/airflow/dags/scripts/python/get_data.py
[2024-05-01T03:55:06.525+0000] {processor.py:830} INFO - Processing file /opt/airflow/dags/scripts/python/get_data.py for tasks to queue
[2024-05-01T03:55:06.530+0000] {logging_mixin.py:188} INFO - [2024-05-01T03:55:06.530+0000] {dagbag.py:540} INFO - Filling up the DagBag from /opt/airflow/dags/scripts/python/get_data.py
[2024-05-01T03:55:06.570+0000] {processor.py:842} WARNING - No viable dags retrieved from /opt/airflow/dags/scripts/python/get_data.py
[2024-05-01T03:55:06.611+0000] {processor.py:183} INFO - Processing /opt/airflow/dags/scripts/python/get_data.py took 0.094 seconds
[2024-05-01T03:55:36.985+0000] {processor.py:161} INFO - Started process (PID=331) to work on /opt/airflow/dags/scripts/python/get_data.py
[2024-05-01T03:55:36.990+0000] {processor.py:830} INFO - Processing file /opt/airflow/dags/scripts/python/get_data.py for tasks to queue
[2024-05-01T03:55:37.017+0000] {logging_mixin.py:188} INFO - [2024-05-01T03:55:37.016+0000] {dagbag.py:540} INFO - Filling up the DagBag from /opt/airflow/dags/scripts/python/get_data.py
[2024-05-01T03:55:37.059+0000] {processor.py:842} WARNING - No viable dags retrieved from /opt/airflow/dags/scripts/python/get_data.py
[2024-05-01T03:55:37.086+0000] {processor.py:183} INFO - Processing /opt/airflow/dags/scripts/python/get_data.py took 0.109 seconds
[2024-05-01T03:56:07.459+0000] {processor.py:161} INFO - Started process (PID=339) to work on /opt/airflow/dags/scripts/python/get_data.py
[2024-05-01T03:56:07.462+0000] {processor.py:830} INFO - Processing file /opt/airflow/dags/scripts/python/get_data.py for tasks to queue
[2024-05-01T03:56:07.468+0000] {logging_mixin.py:188} INFO - [2024-05-01T03:56:07.467+0000] {dagbag.py:540} INFO - Filling up the DagBag from /opt/airflow/dags/scripts/python/get_data.py
[2024-05-01T03:56:07.532+0000] {processor.py:842} WARNING - No viable dags retrieved from /opt/airflow/dags/scripts/python/get_data.py
[2024-05-01T03:56:07.550+0000] {processor.py:183} INFO - Processing /opt/airflow/dags/scripts/python/get_data.py took 0.099 seconds
[2024-05-01T03:56:37.961+0000] {processor.py:161} INFO - Started process (PID=347) to work on /opt/airflow/dags/scripts/python/get_data.py
[2024-05-01T03:56:37.964+0000] {processor.py:830} INFO - Processing file /opt/airflow/dags/scripts/python/get_data.py for tasks to queue
[2024-05-01T03:56:37.969+0000] {logging_mixin.py:188} INFO - [2024-05-01T03:56:37.968+0000] {dagbag.py:540} INFO - Filling up the DagBag from /opt/airflow/dags/scripts/python/get_data.py
[2024-05-01T03:56:38.021+0000] {processor.py:842} WARNING - No viable dags retrieved from /opt/airflow/dags/scripts/python/get_data.py
[2024-05-01T03:56:38.042+0000] {processor.py:183} INFO - Processing /opt/airflow/dags/scripts/python/get_data.py took 0.087 seconds
[2024-05-01T03:57:08.443+0000] {processor.py:161} INFO - Started process (PID=355) to work on /opt/airflow/dags/scripts/python/get_data.py
[2024-05-01T03:57:08.445+0000] {processor.py:830} INFO - Processing file /opt/airflow/dags/scripts/python/get_data.py for tasks to queue
[2024-05-01T03:57:08.450+0000] {logging_mixin.py:188} INFO - [2024-05-01T03:57:08.449+0000] {dagbag.py:540} INFO - Filling up the DagBag from /opt/airflow/dags/scripts/python/get_data.py
[2024-05-01T03:57:08.522+0000] {processor.py:842} WARNING - No viable dags retrieved from /opt/airflow/dags/scripts/python/get_data.py
[2024-05-01T03:57:08.538+0000] {processor.py:183} INFO - Processing /opt/airflow/dags/scripts/python/get_data.py took 0.101 seconds
[2024-05-01T03:57:39.355+0000] {processor.py:161} INFO - Started process (PID=364) to work on /opt/airflow/dags/scripts/python/get_data.py
[2024-05-01T03:57:39.357+0000] {processor.py:830} INFO - Processing file /opt/airflow/dags/scripts/python/get_data.py for tasks to queue
[2024-05-01T03:57:39.362+0000] {logging_mixin.py:188} INFO - [2024-05-01T03:57:39.361+0000] {dagbag.py:540} INFO - Filling up the DagBag from /opt/airflow/dags/scripts/python/get_data.py
[2024-05-01T03:57:39.422+0000] {processor.py:842} WARNING - No viable dags retrieved from /opt/airflow/dags/scripts/python/get_data.py
[2024-05-01T03:57:39.436+0000] {processor.py:183} INFO - Processing /opt/airflow/dags/scripts/python/get_data.py took 0.088 seconds
