[2024-04-09T02:45:13.089+0000] {taskinstance.py:1979} INFO - Dependencies all met for dep_context=non-requeueable deps ti=<TaskInstance: upload_congress_data.bq_create_bills_Congress_partitioned_table_task manual__2024-04-09T02:30:17.292595+00:00 [queued]>
[2024-04-09T02:45:13.096+0000] {taskinstance.py:1979} INFO - Dependencies all met for dep_context=requeueable deps ti=<TaskInstance: upload_congress_data.bq_create_bills_Congress_partitioned_table_task manual__2024-04-09T02:30:17.292595+00:00 [queued]>
[2024-04-09T02:45:13.096+0000] {taskinstance.py:2193} INFO - Starting attempt 3 of 3
[2024-04-09T02:45:13.104+0000] {taskinstance.py:2217} INFO - Executing <Task(BigQueryInsertJobOperator): bq_create_bills_Congress_partitioned_table_task> on 2024-04-09 02:30:17.292595+00:00
[2024-04-09T02:45:13.108+0000] {standard_task_runner.py:60} INFO - Started process 466 to run task
[2024-04-09T02:45:13.110+0000] {standard_task_runner.py:87} INFO - Running: ['***', 'tasks', 'run', 'upload_congress_data', 'bq_create_bills_Congress_partitioned_table_task', 'manual__2024-04-09T02:30:17.292595+00:00', '--job-id', '16', '--raw', '--subdir', 'DAGS_FOLDER/upload_congress_data.py', '--cfg-path', '/tmp/tmpifif65nf']
[2024-04-09T02:45:13.113+0000] {standard_task_runner.py:88} INFO - Job 16: Subtask bq_create_bills_Congress_partitioned_table_task
[2024-04-09T02:45:13.143+0000] {task_command.py:423} INFO - Running <TaskInstance: upload_congress_data.bq_create_bills_Congress_partitioned_table_task manual__2024-04-09T02:30:17.292595+00:00 [running]> on host 895231e7bebc
[2024-04-09T02:45:13.185+0000] {taskinstance.py:2513} INFO - Exporting env vars: AIRFLOW_CTX_DAG_EMAIL='***@***.com' AIRFLOW_CTX_DAG_OWNER='***' AIRFLOW_CTX_DAG_ID='upload_congress_data' AIRFLOW_CTX_TASK_ID='bq_create_bills_Congress_partitioned_table_task' AIRFLOW_CTX_EXECUTION_DATE='2024-04-09T02:30:17.292595+00:00' AIRFLOW_CTX_TRY_NUMBER='3' AIRFLOW_CTX_DAG_RUN_ID='manual__2024-04-09T02:30:17.292595+00:00'
[2024-04-09T02:45:13.187+0000] {crypto.py:82} WARNING - empty cryptography key - values will not be stored encrypted.
[2024-04-09T02:45:13.187+0000] {connection.py:269} WARNING - Connection schemes (type: google_cloud_platform) shall not contain '_' according to RFC3986.
[2024-04-09T02:45:13.188+0000] {base.py:83} INFO - Using connection ID 'google_cloud_default' for task execution.
[2024-04-09T02:45:13.231+0000] {bigquery.py:2811} INFO - Executing: {'query': {'query': 'CREATE OR REPLACE TABLE Congress.bill_status         PARTITION BY latestActionDate_formatted         AS         SELECT *, DATE(billStatus.bill.latestAction.actionDate) latestActionDate_formatted         FROM Congress.bill_status_external_table;', 'useLegacySql': False}}'
[2024-04-09T02:45:13.232+0000] {bigquery.py:1613} INFO - Inserting job ***_upload_congress_data_bq_create_bills_Congress_partitioned_table_task_2024_04_09T02_30_17_292595_00_00_941faac5172b688fcd505a101f746bce
[2024-04-09T02:45:15.293+0000] {taskinstance.py:2731} ERROR - Task failed with exception
Traceback (most recent call last):
  File "/home/airflow/.local/lib/python3.11/site-packages/airflow/models/taskinstance.py", line 444, in _execute_task
    result = _execute_callable(context=context, **execute_callable_kwargs)
             ^^^^^^^^^^^^^^^^^^^^^^^^^^^^^^^^^^^^^^^^^^^^^^^^^^^^^^^^^^^^^
  File "/home/airflow/.local/lib/python3.11/site-packages/airflow/models/taskinstance.py", line 414, in _execute_callable
    return execute_callable(context=context, **execute_callable_kwargs)
           ^^^^^^^^^^^^^^^^^^^^^^^^^^^^^^^^^^^^^^^^^^^^^^^^^^^^^^^^^^^^
  File "/home/airflow/.local/lib/python3.11/site-packages/airflow/providers/google/cloud/operators/bigquery.py", line 2870, in execute
    job.result(timeout=self.result_timeout, retry=self.result_retry)
  File "/home/airflow/.local/lib/python3.11/site-packages/google/cloud/bigquery/job/query.py", line 1595, in result
    do_get_result()
  File "/home/airflow/.local/lib/python3.11/site-packages/google/cloud/bigquery/job/query.py", line 1584, in do_get_result
    super(QueryJob, self).result(retry=retry, timeout=timeout)
  File "/home/airflow/.local/lib/python3.11/site-packages/google/cloud/bigquery/job/base.py", line 971, in result
    return super(_AsyncJob, self).result(timeout=timeout, **kwargs)
           ^^^^^^^^^^^^^^^^^^^^^^^^^^^^^^^^^^^^^^^^^^^^^^^^^^^^^^^^
  File "/home/airflow/.local/lib/python3.11/site-packages/google/api_core/future/polling.py", line 261, in result
    raise self._exception
google.api_core.exceptions.BadRequest: 400 Error while reading table: Congress.bill_status_external_table, error message: JSON parsing error in row starting at position 0: No such field: billStatus.bill.amendments.amendment.proposedDate. File: gs://congress_data/bills/s/BILLSTATUS-118s3250.json; reason: invalid, location: gs://congress_data/bills/s/BILLSTATUS-118s3250.json, message: Error while reading table: Congress.bill_status_external_table, error message: JSON parsing error in row starting at position 0: No such field: billStatus.bill.amendments.amendment.proposedDate. File: gs://congress_data/bills/s/BILLSTATUS-118s3250.json; reason: invalid, message: Error while reading table: Congress.bill_status_external_table, error message: JSON processing encountered too many errors, giving up. Rows: 30; errors: 1; max bad: 0; error percent: 0; reason: invalid, message: Error while reading table: Congress.bill_status_external_table, error message: JSON processing encountered too many errors, giving up. Rows: 31; errors: 1; max bad: 0; error percent: 0

Location: US
Job ID: airflow_upload_congress_data_bq_create_bills_Congress_partitioned_table_task_2024_04_09T02_30_17_292595_00_00_941faac5172b688fcd505a101f746bce

[2024-04-09T02:45:15.315+0000] {taskinstance.py:1149} INFO - Marking task as FAILED. dag_id=upload_congress_data, task_id=bq_create_bills_Congress_partitioned_table_task, execution_date=20240409T023017, start_date=20240409T024513, end_date=20240409T024515
[2024-04-09T02:45:15.330+0000] {standard_task_runner.py:107} ERROR - Failed to execute job 16 for task bq_create_bills_Congress_partitioned_table_task (400 Error while reading table: Congress.bill_status_external_table, error message: JSON parsing error in row starting at position 0: No such field: billStatus.bill.amendments.amendment.proposedDate. File: gs://congress_data/bills/s/BILLSTATUS-118s3250.json; reason: invalid, location: gs://congress_data/bills/s/BILLSTATUS-118s3250.json, message: Error while reading table: Congress.bill_status_external_table, error message: JSON parsing error in row starting at position 0: No such field: billStatus.bill.amendments.amendment.proposedDate. File: gs://congress_data/bills/s/BILLSTATUS-118s3250.json; reason: invalid, message: Error while reading table: Congress.bill_status_external_table, error message: JSON processing encountered too many errors, giving up. Rows: 30; errors: 1; max bad: 0; error percent: 0; reason: invalid, message: Error while reading table: Congress.bill_status_external_table, error message: JSON processing encountered too many errors, giving up. Rows: 31; errors: 1; max bad: 0; error percent: 0

Location: US
Job ID: airflow_upload_congress_data_bq_create_bills_Congress_partitioned_table_task_2024_04_09T02_30_17_292595_00_00_941faac5172b688fcd505a101f746bce
; 466)
[2024-04-09T02:45:15.382+0000] {local_task_job_runner.py:234} INFO - Task exited with return code 1
[2024-04-09T02:45:15.398+0000] {taskinstance.py:3312} INFO - 0 downstream tasks scheduled from follow-on schedule check
