[2024-04-12T17:16:56.335+0000] {taskinstance.py:1979} INFO - Dependencies all met for dep_context=non-requeueable deps ti=<TaskInstance: upload_congress_data.get_votes_from_downloaded_bills manual__2024-04-12T17:14:18.064138+00:00 [queued]>
[2024-04-12T17:16:56.342+0000] {taskinstance.py:1979} INFO - Dependencies all met for dep_context=requeueable deps ti=<TaskInstance: upload_congress_data.get_votes_from_downloaded_bills manual__2024-04-12T17:14:18.064138+00:00 [queued]>
[2024-04-12T17:16:56.342+0000] {taskinstance.py:2193} INFO - Starting attempt 1 of 1
[2024-04-12T17:16:56.353+0000] {taskinstance.py:2217} INFO - Executing <Task(PythonOperator): get_votes_from_downloaded_bills> on 2024-04-12 17:14:18.064138+00:00
[2024-04-12T17:16:56.361+0000] {standard_task_runner.py:60} INFO - Started process 2812 to run task
[2024-04-12T17:16:56.364+0000] {standard_task_runner.py:87} INFO - Running: ['***', 'tasks', 'run', 'upload_congress_data', 'get_votes_from_downloaded_bills', 'manual__2024-04-12T17:14:18.064138+00:00', '--job-id', '81', '--raw', '--subdir', 'DAGS_FOLDER/upload_congress_data.py', '--cfg-path', '/tmp/tmpj05xv4b6']
[2024-04-12T17:16:56.367+0000] {standard_task_runner.py:88} INFO - Job 81: Subtask get_votes_from_downloaded_bills
[2024-04-12T17:16:56.418+0000] {task_command.py:423} INFO - Running <TaskInstance: upload_congress_data.get_votes_from_downloaded_bills manual__2024-04-12T17:14:18.064138+00:00 [running]> on host f0ccf278d1a7
[2024-04-12T17:16:56.486+0000] {taskinstance.py:2513} INFO - Exporting env vars: AIRFLOW_CTX_DAG_OWNER='***' AIRFLOW_CTX_DAG_ID='upload_congress_data' AIRFLOW_CTX_TASK_ID='get_votes_from_downloaded_bills' AIRFLOW_CTX_EXECUTION_DATE='2024-04-12T17:14:18.064138+00:00' AIRFLOW_CTX_TRY_NUMBER='1' AIRFLOW_CTX_DAG_RUN_ID='manual__2024-04-12T17:14:18.064138+00:00'
[2024-04-12T17:16:56.842+0000] {get_data.py:131} INFO - Opened bill from file /opt/***/dags/data/bills/hjres/BILLSTATUS-118hjres68.json
[2024-04-12T17:16:57.788+0000] {get_data.py:131} INFO - Opened bill from file /opt/***/dags/data/bills/hjres/BILLSTATUS-118hjres44.json
[2024-04-12T17:16:58.570+0000] {get_data.py:131} INFO - Opened bill from file /opt/***/dags/data/bills/hjres/BILLSTATUS-118hjres45.json
[2024-04-12T17:16:59.783+0000] {get_data.py:131} INFO - Opened bill from file /opt/***/dags/data/bills/hjres/BILLSTATUS-118hjres24.json
[2024-04-12T17:17:00.110+0000] {get_data.py:131} INFO - Opened bill from file /opt/***/dags/data/bills/hjres/BILLSTATUS-118hjres39.json
[2024-04-12T17:17:01.125+0000] {get_data.py:131} INFO - Opened bill from file /opt/***/dags/data/bills/hjres/BILLSTATUS-118hjres42.json
[2024-04-12T17:17:02.105+0000] {get_data.py:131} INFO - Opened bill from file /opt/***/dags/data/bills/hjres/BILLSTATUS-118hjres74.json
[2024-04-12T17:17:02.449+0000] {get_data.py:131} INFO - Opened bill from file /opt/***/dags/data/bills/hjres/BILLSTATUS-118hjres7.json
[2024-04-12T17:17:03.028+0000] {get_data.py:131} INFO - Opened bill from file /opt/***/dags/data/bills/hjres/BILLSTATUS-118hjres79.json
[2024-04-12T17:17:03.366+0000] {get_data.py:131} INFO - Opened bill from file /opt/***/dags/data/bills/hjres/BILLSTATUS-118hjres98.json
[2024-04-12T17:17:03.757+0000] {logging_mixin.py:188} INFO - An exception occurred 'rollcall-vote' Failed to save one or more votes for {bill_type} {bill_number}
[2024-04-12T17:17:03.904+0000] {logging_mixin.py:188} INFO - An exception occurred 'rollcall-vote' Failed to save one or more votes for {bill_type} {bill_number}
[2024-04-12T17:17:04.046+0000] {logging_mixin.py:188} INFO - An exception occurred 'rollcall-vote' Failed to save one or more votes for {bill_type} {bill_number}
[2024-04-12T17:17:04.188+0000] {logging_mixin.py:188} INFO - An exception occurred 'rollcall-vote' Failed to save one or more votes for {bill_type} {bill_number}
[2024-04-12T17:17:04.189+0000] {get_data.py:131} INFO - Opened bill from file /opt/***/dags/data/bills/hjres/BILLSTATUS-118hjres70.json
[2024-04-12T17:17:04.554+0000] {get_data.py:131} INFO - Opened bill from file /opt/***/dags/data/bills/hjres/BILLSTATUS-118hjres27.json
[2024-04-12T17:17:05.526+0000] {get_data.py:131} INFO - Opened bill from file /opt/***/dags/data/bills/hjres/BILLSTATUS-118hjres88.json
[2024-04-12T17:17:05.877+0000] {get_data.py:131} INFO - Opened bill from file /opt/***/dags/data/bills/hjres/BILLSTATUS-118hjres30.json
[2024-04-12T17:17:06.805+0000] {get_data.py:131} INFO - Opened bill from file /opt/***/dags/data/bills/hjres/BILLSTATUS-118hjres26.json
[2024-04-12T17:17:07.384+0000] {get_data.py:131} INFO - Opened bill from file /opt/***/dags/data/bills/hjres/BILLSTATUS-118hjres71.json
[2024-04-12T17:17:07.694+0000] {get_data.py:131} INFO - Opened bill from file /opt/***/dags/data/bills/hconres/BILLSTATUS-118hconres7.json
[2024-04-12T17:17:07.832+0000] {logging_mixin.py:188} INFO - An exception occurred 'rollcall-vote' Failed to save one or more votes for {bill_type} {bill_number}
[2024-04-12T17:17:07.986+0000] {logging_mixin.py:188} INFO - An exception occurred 'rollcall-vote' Failed to save one or more votes for {bill_type} {bill_number}
[2024-04-12T17:17:07.991+0000] {get_data.py:131} INFO - Opened bill from file /opt/***/dags/data/bills/hconres/BILLSTATUS-118hconres30.json
[2024-04-12T17:17:08.315+0000] {get_data.py:131} INFO - Opened bill from file /opt/***/dags/data/bills/hconres/BILLSTATUS-118hconres57.json
[2024-04-12T17:17:08.616+0000] {get_data.py:131} INFO - Opened bill from file /opt/***/dags/data/bills/hconres/BILLSTATUS-118hconres40.json
[2024-04-12T17:17:09.037+0000] {get_data.py:131} INFO - Opened bill from file /opt/***/dags/data/bills/hconres/BILLSTATUS-118hconres21.json
[2024-04-12T17:17:09.641+0000] {get_data.py:131} INFO - Opened bill from file /opt/***/dags/data/bills/hconres/BILLSTATUS-118hconres3.json
[2024-04-12T17:17:09.802+0000] {logging_mixin.py:188} INFO - An exception occurred 'rollcall-vote' Failed to save one or more votes for {bill_type} {bill_number}
[2024-04-12T17:17:09.957+0000] {logging_mixin.py:188} INFO - An exception occurred 'rollcall-vote' Failed to save one or more votes for {bill_type} {bill_number}
[2024-04-12T17:17:09.966+0000] {get_data.py:131} INFO - Opened bill from file /opt/***/dags/data/bills/hconres/BILLSTATUS-118hconres86.json
[2024-04-12T17:17:10.142+0000] {logging_mixin.py:188} INFO - An exception occurred 'rollcall-vote' Failed to save one or more votes for {bill_type} {bill_number}
[2024-04-12T17:17:10.296+0000] {logging_mixin.py:188} INFO - An exception occurred 'rollcall-vote' Failed to save one or more votes for {bill_type} {bill_number}
[2024-04-12T17:17:10.299+0000] {get_data.py:131} INFO - Opened bill from file /opt/***/dags/data/bills/hconres/BILLSTATUS-118hconres9.json
[2024-04-12T17:17:10.641+0000] {get_data.py:131} INFO - Opened bill from file /opt/***/dags/data/bills/hconres/BILLSTATUS-118hconres25.json
[2024-04-12T17:17:10.994+0000] {get_data.py:131} INFO - Opened bill from file /opt/***/dags/data/bills/s/BILLSTATUS-118s870.json
[2024-04-12T17:17:11.551+0000] {get_data.py:131} INFO - Opened bill from file /opt/***/dags/data/bills/s/BILLSTATUS-118s3427.json
[2024-04-12T17:17:11.705+0000] {logging_mixin.py:188} INFO - An exception occurred 'rollcall-vote' Failed to save one or more votes for {bill_type} {bill_number}
[2024-04-12T17:17:11.873+0000] {logging_mixin.py:188} INFO - An exception occurred 'rollcall-vote' Failed to save one or more votes for {bill_type} {bill_number}
[2024-04-12T17:17:12.016+0000] {logging_mixin.py:188} INFO - An exception occurred 'rollcall-vote' Failed to save one or more votes for {bill_type} {bill_number}
[2024-04-12T17:17:12.216+0000] {logging_mixin.py:188} INFO - An exception occurred 'rollcall-vote' Failed to save one or more votes for {bill_type} {bill_number}
[2024-04-12T17:17:12.218+0000] {get_data.py:131} INFO - Opened bill from file /opt/***/dags/data/bills/s/BILLSTATUS-118s112.json
[2024-04-12T17:17:12.556+0000] {get_data.py:131} INFO - Opened bill from file /opt/***/dags/data/bills/s/BILLSTATUS-118s3250.json
[2024-04-12T17:17:12.707+0000] {logging_mixin.py:188} INFO - An exception occurred 'rollcall-vote' Failed to save one or more votes for {bill_type} {bill_number}
[2024-04-12T17:17:12.963+0000] {logging_mixin.py:188} INFO - An exception occurred 'rollcall-vote' Failed to save one or more votes for {bill_type} {bill_number}
[2024-04-12T17:17:13.112+0000] {logging_mixin.py:188} INFO - An exception occurred 'rollcall-vote' Failed to save one or more votes for {bill_type} {bill_number}
[2024-04-12T17:17:13.278+0000] {logging_mixin.py:188} INFO - An exception occurred 'rollcall-vote' Failed to save one or more votes for {bill_type} {bill_number}
[2024-04-12T17:17:13.283+0000] {get_data.py:131} INFO - Opened bill from file /opt/***/dags/data/bills/s/BILLSTATUS-118s2226.json
[2024-04-12T17:17:13.533+0000] {get_data.py:131} INFO - Opened bill from file /opt/***/dags/data/bills/s/BILLSTATUS-118s2051.json
[2024-04-12T17:17:13.872+0000] {get_data.py:131} INFO - Opened bill from file /opt/***/dags/data/bills/s/BILLSTATUS-118s788.json
[2024-04-12T17:17:14.215+0000] {get_data.py:131} INFO - Opened bill from file /opt/***/dags/data/bills/s/BILLSTATUS-118s475.json
[2024-04-12T17:17:14.568+0000] {get_data.py:131} INFO - Opened bill from file /opt/***/dags/data/bills/s/BILLSTATUS-118s619.json
[2024-04-12T17:17:14.909+0000] {get_data.py:131} INFO - Opened bill from file /opt/***/dags/data/bills/s/BILLSTATUS-118s316.json
[2024-04-12T17:17:15.945+0000] {get_data.py:131} INFO - Opened bill from file /opt/***/dags/data/bills/s/BILLSTATUS-118s382.json
[2024-04-12T17:17:16.265+0000] {get_data.py:131} INFO - Opened bill from file /opt/***/dags/data/bills/s/BILLSTATUS-118s3853.json
[2024-04-12T17:17:16.524+0000] {get_data.py:131} INFO - Opened bill from file /opt/***/dags/data/bills/s/BILLSTATUS-118s111.json
[2024-04-12T17:17:16.856+0000] {get_data.py:131} INFO - Opened bill from file /opt/***/dags/data/bills/s/BILLSTATUS-118s326.json
[2024-04-12T17:17:17.041+0000] {get_data.py:131} INFO - Opened bill from file /opt/***/dags/data/bills/sres/BILLSTATUS-118sres13.json
[2024-04-12T17:17:17.359+0000] {get_data.py:131} INFO - Opened bill from file /opt/***/dags/data/bills/sres/BILLSTATUS-118sres21.json
[2024-04-12T17:17:17.647+0000] {get_data.py:131} INFO - Opened bill from file /opt/***/dags/data/bills/sres/BILLSTATUS-118sres504.json
[2024-04-12T17:17:17.829+0000] {get_data.py:131} INFO - Opened bill from file /opt/***/dags/data/bills/sres/BILLSTATUS-118sres417.json
[2024-04-12T17:17:18.116+0000] {get_data.py:131} INFO - Opened bill from file /opt/***/dags/data/bills/hr/BILLSTATUS-118hr1339.json
[2024-04-12T17:17:18.448+0000] {get_data.py:131} INFO - Opened bill from file /opt/***/dags/data/bills/hr/BILLSTATUS-118hr2796.json
[2024-04-12T17:17:18.782+0000] {get_data.py:131} INFO - Opened bill from file /opt/***/dags/data/bills/hr/BILLSTATUS-118hr2811.json
[2024-04-12T17:17:19.302+0000] {get_data.py:131} INFO - Opened bill from file /opt/***/dags/data/bills/hr/BILLSTATUS-118hr23.json
[2024-04-12T17:17:19.451+0000] {logging_mixin.py:188} INFO - An exception occurred 'rollcall-vote' Failed to save one or more votes for {bill_type} {bill_number}
[2024-04-12T17:17:19.602+0000] {logging_mixin.py:188} INFO - An exception occurred 'rollcall-vote' Failed to save one or more votes for {bill_type} {bill_number}
[2024-04-12T17:17:19.775+0000] {logging_mixin.py:188} INFO - An exception occurred 'rollcall-vote' Failed to save one or more votes for {bill_type} {bill_number}
[2024-04-12T17:17:19.777+0000] {get_data.py:131} INFO - Opened bill from file /opt/***/dags/data/bills/hr/BILLSTATUS-118hr406.json
[2024-04-12T17:17:20.149+0000] {get_data.py:131} INFO - Opened bill from file /opt/***/dags/data/bills/hr/BILLSTATUS-118hr4984.json
[2024-04-12T17:17:20.290+0000] {logging_mixin.py:188} INFO - An exception occurred 'rollcall-vote' Failed to save one or more votes for {bill_type} {bill_number}
[2024-04-12T17:17:20.502+0000] {logging_mixin.py:188} INFO - An exception occurred 'rollcall-vote' Failed to save one or more votes for {bill_type} {bill_number}
[2024-04-12T17:17:20.648+0000] {logging_mixin.py:188} INFO - An exception occurred 'rollcall-vote' Failed to save one or more votes for {bill_type} {bill_number}
[2024-04-12T17:17:20.794+0000] {logging_mixin.py:188} INFO - An exception occurred 'rollcall-vote' Failed to save one or more votes for {bill_type} {bill_number}
[2024-04-12T17:17:20.799+0000] {get_data.py:131} INFO - Opened bill from file /opt/***/dags/data/bills/hr/BILLSTATUS-118hr538.json
[2024-04-12T17:17:21.147+0000] {get_data.py:131} INFO - Opened bill from file /opt/***/dags/data/bills/hr/BILLSTATUS-118hr3152.json
[2024-04-12T17:17:21.484+0000] {get_data.py:131} INFO - Opened bill from file /opt/***/dags/data/bills/hr/BILLSTATUS-118hr5585.json
[2024-04-12T17:17:21.648+0000] {logging_mixin.py:188} INFO - An exception occurred 'rollcall-vote' Failed to save one or more votes for {bill_type} {bill_number}
[2024-04-12T17:17:21.852+0000] {logging_mixin.py:188} INFO - An exception occurred 'rollcall-vote' Failed to save one or more votes for {bill_type} {bill_number}
[2024-04-12T17:17:22.008+0000] {logging_mixin.py:188} INFO - An exception occurred 'rollcall-vote' Failed to save one or more votes for {bill_type} {bill_number}
[2024-04-12T17:17:22.179+0000] {logging_mixin.py:188} INFO - An exception occurred 'rollcall-vote' Failed to save one or more votes for {bill_type} {bill_number}
[2024-04-12T17:17:22.181+0000] {get_data.py:131} INFO - Opened bill from file /opt/***/dags/data/bills/hr/BILLSTATUS-118hr4394.json
[2024-04-12T17:17:22.658+0000] {get_data.py:131} INFO - Opened bill from file /opt/***/dags/data/bills/hr/BILLSTATUS-118hr277.json
[2024-04-12T17:17:23.165+0000] {get_data.py:131} INFO - Opened bill from file /opt/***/dags/data/bills/hr/BILLSTATUS-118hr1159.json
[2024-04-12T17:17:23.489+0000] {get_data.py:131} INFO - Opened bill from file /opt/***/dags/data/bills/hr/BILLSTATUS-118hr7520.json
[2024-04-12T17:17:23.640+0000] {logging_mixin.py:188} INFO - An exception occurred 'rollcall-vote' Failed to save one or more votes for {bill_type} {bill_number}
[2024-04-12T17:17:23.781+0000] {logging_mixin.py:188} INFO - An exception occurred 'rollcall-vote' Failed to save one or more votes for {bill_type} {bill_number}
[2024-04-12T17:17:23.783+0000] {get_data.py:131} INFO - Opened bill from file /opt/***/dags/data/bills/hr/BILLSTATUS-118hr3099.json
[2024-04-12T17:17:24.197+0000] {get_data.py:131} INFO - Opened bill from file /opt/***/dags/data/bills/hr/BILLSTATUS-118hr7023.json
[2024-04-12T17:17:24.920+0000] {get_data.py:131} INFO - Opened bill from file /opt/***/dags/data/bills/hr/BILLSTATUS-118hr1548.json
[2024-04-12T17:17:25.525+0000] {get_data.py:131} INFO - Opened bill from file /opt/***/dags/data/bills/hr/BILLSTATUS-118hr1163.json
[2024-04-12T17:17:26.143+0000] {get_data.py:131} INFO - Opened bill from file /opt/***/dags/data/bills/hr/BILLSTATUS-118hr6976.json
[2024-04-12T17:17:26.282+0000] {logging_mixin.py:188} INFO - An exception occurred 'rollcall-vote' Failed to save one or more votes for {bill_type} {bill_number}
[2024-04-12T17:17:26.431+0000] {logging_mixin.py:188} INFO - An exception occurred 'rollcall-vote' Failed to save one or more votes for {bill_type} {bill_number}
[2024-04-12T17:17:26.573+0000] {logging_mixin.py:188} INFO - An exception occurred 'rollcall-vote' Failed to save one or more votes for {bill_type} {bill_number}
[2024-04-12T17:17:26.719+0000] {logging_mixin.py:188} INFO - An exception occurred 'rollcall-vote' Failed to save one or more votes for {bill_type} {bill_number}
[2024-04-12T17:17:26.727+0000] {get_data.py:131} INFO - Opened bill from file /opt/***/dags/data/bills/hr/BILLSTATUS-118hr3774.json
[2024-04-12T17:17:27.062+0000] {get_data.py:131} INFO - Opened bill from file /opt/***/dags/data/bills/hr/BILLSTATUS-118hr6126.json
[2024-04-12T17:17:27.717+0000] {get_data.py:131} INFO - Opened bill from file /opt/***/dags/data/bills/hr/BILLSTATUS-118hr467.json
[2024-04-12T17:17:28.081+0000] {get_data.py:131} INFO - Opened bill from file /opt/***/dags/data/bills/hr/BILLSTATUS-118hr3324.json
[2024-04-12T17:17:28.393+0000] {get_data.py:131} INFO - Opened bill from file /opt/***/dags/data/bills/hr/BILLSTATUS-118hr5862.json
[2024-04-12T17:17:28.546+0000] {logging_mixin.py:188} INFO - An exception occurred 'rollcall-vote' Failed to save one or more votes for {bill_type} {bill_number}
[2024-04-12T17:17:28.696+0000] {logging_mixin.py:188} INFO - An exception occurred 'rollcall-vote' Failed to save one or more votes for {bill_type} {bill_number}
[2024-04-12T17:17:28.850+0000] {logging_mixin.py:188} INFO - An exception occurred 'rollcall-vote' Failed to save one or more votes for {bill_type} {bill_number}
[2024-04-12T17:17:29.017+0000] {logging_mixin.py:188} INFO - An exception occurred 'rollcall-vote' Failed to save one or more votes for {bill_type} {bill_number}
[2024-04-12T17:17:29.021+0000] {get_data.py:131} INFO - Opened bill from file /opt/***/dags/data/bills/hr/BILLSTATUS-118hr1123.json
[2024-04-12T17:17:29.438+0000] {get_data.py:131} INFO - Opened bill from file /opt/***/dags/data/bills/hr/BILLSTATUS-118hr1836.json
[2024-04-12T17:17:29.585+0000] {logging_mixin.py:188} INFO - An exception occurred 'rollcall-vote' Failed to save one or more votes for {bill_type} {bill_number}
[2024-04-12T17:17:29.730+0000] {logging_mixin.py:188} INFO - An exception occurred 'rollcall-vote' Failed to save one or more votes for {bill_type} {bill_number}
[2024-04-12T17:17:29.733+0000] {get_data.py:131} INFO - Opened bill from file /opt/***/dags/data/bills/hr/BILLSTATUS-118hr3935.json
[2024-04-12T17:17:30.702+0000] {get_data.py:131} INFO - Opened bill from file /opt/***/dags/data/bills/hr/BILLSTATUS-118hr2670.json
[2024-04-12T17:17:33.867+0000] {get_data.py:131} INFO - Opened bill from file /opt/***/dags/data/bills/hr/BILLSTATUS-118hr2365.json
[2024-04-12T17:17:34.200+0000] {get_data.py:131} INFO - Opened bill from file /opt/***/dags/data/bills/hr/BILLSTATUS-118hr1226.json
[2024-04-12T17:17:34.536+0000] {get_data.py:131} INFO - Opened bill from file /opt/***/dags/data/bills/hr/BILLSTATUS-118hr4531.json
[2024-04-12T17:17:34.852+0000] {get_data.py:131} INFO - Opened bill from file /opt/***/dags/data/bills/hr/BILLSTATUS-118hr734.json
[2024-04-12T17:17:35.380+0000] {get_data.py:131} INFO - Opened bill from file /opt/***/dags/data/bills/hr/BILLSTATUS-118hr7521.json
[2024-04-12T17:17:35.518+0000] {logging_mixin.py:188} INFO - An exception occurred 'rollcall-vote' Failed to save one or more votes for {bill_type} {bill_number}
[2024-04-12T17:17:35.663+0000] {logging_mixin.py:188} INFO - An exception occurred 'rollcall-vote' Failed to save one or more votes for {bill_type} {bill_number}
[2024-04-12T17:17:35.668+0000] {get_data.py:131} INFO - Opened bill from file /opt/***/dags/data/bills/hr/BILLSTATUS-118hr5.json
[2024-04-12T17:17:36.221+0000] {get_data.py:131} INFO - Opened bill from file /opt/***/dags/data/bills/hr/BILLSTATUS-118hr3391.json
[2024-04-12T17:17:36.353+0000] {logging_mixin.py:188} INFO - An exception occurred 'rollcall-vote' Failed to save one or more votes for {bill_type} {bill_number}
[2024-04-12T17:17:36.494+0000] {logging_mixin.py:188} INFO - An exception occurred 'rollcall-vote' Failed to save one or more votes for {bill_type} {bill_number}
[2024-04-12T17:17:36.631+0000] {logging_mixin.py:188} INFO - An exception occurred 'rollcall-vote' Failed to save one or more votes for {bill_type} {bill_number}
[2024-04-12T17:17:36.781+0000] {logging_mixin.py:188} INFO - An exception occurred 'rollcall-vote' Failed to save one or more votes for {bill_type} {bill_number}
[2024-04-12T17:17:36.783+0000] {get_data.py:131} INFO - Opened bill from file /opt/***/dags/data/bills/hr/BILLSTATUS-118hr2754.json
[2024-04-12T17:17:36.925+0000] {logging_mixin.py:188} INFO - An exception occurred 'rollcall-vote' Failed to save one or more votes for {bill_type} {bill_number}
[2024-04-12T17:17:37.071+0000] {logging_mixin.py:188} INFO - An exception occurred 'rollcall-vote' Failed to save one or more votes for {bill_type} {bill_number}
[2024-04-12T17:17:37.231+0000] {logging_mixin.py:188} INFO - An exception occurred 'rollcall-vote' Failed to save one or more votes for {bill_type} {bill_number}
[2024-04-12T17:17:37.399+0000] {logging_mixin.py:188} INFO - An exception occurred 'rollcall-vote' Failed to save one or more votes for {bill_type} {bill_number}
[2024-04-12T17:17:37.401+0000] {get_data.py:131} INFO - Opened bill from file /opt/***/dags/data/bills/hr/BILLSTATUS-118hr485.json
[2024-04-12T17:17:37.579+0000] {logging_mixin.py:188} INFO - An exception occurred 'rollcall-vote' Failed to save one or more votes for {bill_type} {bill_number}
[2024-04-12T17:17:37.719+0000] {logging_mixin.py:188} INFO - An exception occurred 'rollcall-vote' Failed to save one or more votes for {bill_type} {bill_number}
[2024-04-12T17:17:37.867+0000] {logging_mixin.py:188} INFO - An exception occurred 'rollcall-vote' Failed to save one or more votes for {bill_type} {bill_number}
[2024-04-12T17:17:38.026+0000] {logging_mixin.py:188} INFO - An exception occurred 'rollcall-vote' Failed to save one or more votes for {bill_type} {bill_number}
[2024-04-12T17:17:38.184+0000] {logging_mixin.py:188} INFO - An exception occurred 'rollcall-vote' Failed to save one or more votes for {bill_type} {bill_number}
[2024-04-12T17:17:38.336+0000] {logging_mixin.py:188} INFO - An exception occurred 'rollcall-vote' Failed to save one or more votes for {bill_type} {bill_number}
[2024-04-12T17:17:38.344+0000] {get_data.py:131} INFO - Opened bill from file /opt/***/dags/data/bills/hr/BILLSTATUS-118hr1752.json
[2024-04-12T17:17:38.497+0000] {logging_mixin.py:188} INFO - An exception occurred 'rollcall-vote' Failed to save one or more votes for {bill_type} {bill_number}
[2024-04-12T17:17:38.653+0000] {logging_mixin.py:188} INFO - An exception occurred 'rollcall-vote' Failed to save one or more votes for {bill_type} {bill_number}
[2024-04-12T17:17:38.654+0000] {get_data.py:131} INFO - Opened bill from file /opt/***/dags/data/bills/hr/BILLSTATUS-118hr1093.json
[2024-04-12T17:17:39.052+0000] {get_data.py:131} INFO - Opened bill from file /opt/***/dags/data/bills/hr/BILLSTATUS-118hr1640.json
[2024-04-12T17:17:39.388+0000] {get_data.py:131} INFO - Opened bill from file /opt/***/dags/data/bills/hr/BILLSTATUS-118hr3981.json
[2024-04-12T17:17:39.722+0000] {get_data.py:131} INFO - Opened bill from file /opt/***/dags/data/bills/hr/BILLSTATUS-118hr542.json
[2024-04-12T17:17:40.216+0000] {get_data.py:131} INFO - Opened bill from file /opt/***/dags/data/bills/hr/BILLSTATUS-118hr22.json
[2024-04-12T17:17:40.408+0000] {logging_mixin.py:188} INFO - An exception occurred 'rollcall-vote' Failed to save one or more votes for {bill_type} {bill_number}
[2024-04-12T17:17:40.574+0000] {logging_mixin.py:188} INFO - An exception occurred 'rollcall-vote' Failed to save one or more votes for {bill_type} {bill_number}
[2024-04-12T17:17:40.586+0000] {get_data.py:131} INFO - Opened bill from file /opt/***/dags/data/bills/hr/BILLSTATUS-118hr2797.json
[2024-04-12T17:17:40.932+0000] {get_data.py:131} INFO - Opened bill from file /opt/***/dags/data/bills/hr/BILLSTATUS-118hr1154.json
[2024-04-12T17:17:41.299+0000] {get_data.py:131} INFO - Opened bill from file /opt/***/dags/data/bills/hr/BILLSTATUS-118hr1338.json
[2024-04-12T17:17:41.633+0000] {get_data.py:131} INFO - Opened bill from file /opt/***/dags/data/bills/hr/BILLSTATUS-118hr2.json
[2024-04-12T17:17:42.156+0000] {get_data.py:131} INFO - Opened bill from file /opt/***/dags/data/bills/hr/BILLSTATUS-118hr7463.json
[2024-04-12T17:17:43.391+0000] {logging_mixin.py:188} INFO - An exception occurred 'rollcall-vote' Failed to save one or more votes for {bill_type} {bill_number}
[2024-04-12T17:17:43.532+0000] {logging_mixin.py:188} INFO - An exception occurred 'rollcall-vote' Failed to save one or more votes for {bill_type} {bill_number}
[2024-04-12T17:17:43.706+0000] {logging_mixin.py:188} INFO - An exception occurred 'rollcall-vote' Failed to save one or more votes for {bill_type} {bill_number}
[2024-04-12T17:17:43.867+0000] {logging_mixin.py:188} INFO - An exception occurred 'rollcall-vote' Failed to save one or more votes for {bill_type} {bill_number}
[2024-04-12T17:17:43.871+0000] {get_data.py:131} INFO - Opened bill from file /opt/***/dags/data/bills/hr/BILLSTATUS-118hr676.json
[2024-04-12T17:17:44.239+0000] {get_data.py:131} INFO - Opened bill from file /opt/***/dags/data/bills/hr/BILLSTATUS-118hr7176.json
[2024-04-12T17:17:44.392+0000] {logging_mixin.py:188} INFO - An exception occurred 'rollcall-vote' Failed to save one or more votes for {bill_type} {bill_number}
[2024-04-12T17:17:44.557+0000] {logging_mixin.py:188} INFO - An exception occurred 'rollcall-vote' Failed to save one or more votes for {bill_type} {bill_number}
[2024-04-12T17:17:44.722+0000] {logging_mixin.py:188} INFO - An exception occurred 'rollcall-vote' Failed to save one or more votes for {bill_type} {bill_number}
[2024-04-12T17:17:44.864+0000] {logging_mixin.py:188} INFO - An exception occurred 'rollcall-vote' Failed to save one or more votes for {bill_type} {bill_number}
[2024-04-12T17:17:45.010+0000] {logging_mixin.py:188} INFO - An exception occurred 'rollcall-vote' Failed to save one or more votes for {bill_type} {bill_number}
[2024-04-12T17:17:45.169+0000] {logging_mixin.py:188} INFO - An exception occurred 'rollcall-vote' Failed to save one or more votes for {bill_type} {bill_number}
[2024-04-12T17:17:45.177+0000] {get_data.py:131} INFO - Opened bill from file /opt/***/dags/data/bills/hr/BILLSTATUS-118hr1734.json
[2024-04-12T17:17:45.532+0000] {get_data.py:131} INFO - Opened bill from file /opt/***/dags/data/bills/hr/BILLSTATUS-118hr3089.json
[2024-04-12T17:17:45.886+0000] {get_data.py:131} INFO - Opened bill from file /opt/***/dags/data/bills/hr/BILLSTATUS-118hr288.json
[2024-04-12T17:17:46.393+0000] {get_data.py:131} INFO - Opened bill from file /opt/***/dags/data/bills/hr/BILLSTATUS-118hr1149.json
[2024-04-12T17:17:46.768+0000] {get_data.py:131} INFO - Opened bill from file /opt/***/dags/data/bills/hr/BILLSTATUS-118hr359.json
[2024-04-12T17:17:47.299+0000] {get_data.py:131} INFO - Opened bill from file /opt/***/dags/data/bills/hr/BILLSTATUS-118hr4367.json
[2024-04-12T17:17:47.777+0000] {get_data.py:131} INFO - Opened bill from file /opt/***/dags/data/bills/hr/BILLSTATUS-118hr4664.json
[2024-04-12T17:17:47.778+0000] {get_data.py:131} INFO - Opened bill from file /opt/***/dags/data/bills/hr/BILLSTATUS-118hr6679.json
[2024-04-12T17:17:47.925+0000] {logging_mixin.py:188} INFO - An exception occurred 'rollcall-vote' Failed to save one or more votes for {bill_type} {bill_number}
[2024-04-12T17:17:48.072+0000] {logging_mixin.py:188} INFO - An exception occurred 'rollcall-vote' Failed to save one or more votes for {bill_type} {bill_number}
[2024-04-12T17:17:48.222+0000] {logging_mixin.py:188} INFO - An exception occurred 'rollcall-vote' Failed to save one or more votes for {bill_type} {bill_number}
[2024-04-12T17:17:48.387+0000] {logging_mixin.py:188} INFO - An exception occurred 'rollcall-vote' Failed to save one or more votes for {bill_type} {bill_number}
[2024-04-12T17:17:48.389+0000] {get_data.py:131} INFO - Opened bill from file /opt/***/dags/data/bills/hr/BILLSTATUS-118hr5110.json
[2024-04-12T17:17:48.720+0000] {get_data.py:131} INFO - Opened bill from file /opt/***/dags/data/bills/hr/BILLSTATUS-118hr400.json
[2024-04-12T17:17:48.863+0000] {logging_mixin.py:188} INFO - An exception occurred 'rollcall-vote' Failed to save one or more votes for {bill_type} {bill_number}
[2024-04-12T17:17:49.011+0000] {logging_mixin.py:188} INFO - An exception occurred 'rollcall-vote' Failed to save one or more votes for {bill_type} {bill_number}
[2024-04-12T17:17:49.015+0000] {get_data.py:131} INFO - Opened bill from file /opt/***/dags/data/bills/hr/BILLSTATUS-118hr139.json
[2024-04-12T17:17:49.375+0000] {get_data.py:131} INFO - Opened bill from file /opt/***/dags/data/bills/hr/BILLSTATUS-118hr302.json
[2024-04-12T17:17:49.690+0000] {get_data.py:131} INFO - Opened bill from file /opt/***/dags/data/bills/hr/BILLSTATUS-118hr1606.json
[2024-04-12T17:17:50.030+0000] {get_data.py:131} INFO - Opened bill from file /opt/***/dags/data/bills/hr/BILLSTATUS-118hr6655.json
[2024-04-12T17:17:50.378+0000] {get_data.py:131} INFO - Opened bill from file /opt/***/dags/data/bills/hr/BILLSTATUS-118hr1715.json
[2024-04-12T17:17:50.797+0000] {get_data.py:131} INFO - Opened bill from file /opt/***/dags/data/bills/hr/BILLSTATUS-118hr2494.json
[2024-04-12T17:17:51.134+0000] {get_data.py:131} INFO - Opened bill from file /opt/***/dags/data/bills/hr/BILLSTATUS-118hr2882.json
[2024-04-12T17:17:53.826+0000] {logging_mixin.py:188} INFO - An exception occurred 'rollcall-vote' Failed to save one or more votes for {bill_type} {bill_number}
[2024-04-12T17:17:53.975+0000] {logging_mixin.py:188} INFO - An exception occurred 'rollcall-vote' Failed to save one or more votes for {bill_type} {bill_number}
[2024-04-12T17:17:54.128+0000] {logging_mixin.py:188} INFO - An exception occurred 'rollcall-vote' Failed to save one or more votes for {bill_type} {bill_number}
[2024-04-12T17:17:54.290+0000] {logging_mixin.py:188} INFO - An exception occurred 'rollcall-vote' Failed to save one or more votes for {bill_type} {bill_number}
[2024-04-12T17:17:54.293+0000] {get_data.py:131} INFO - Opened bill from file /opt/***/dags/data/bills/hr/BILLSTATUS-118hr1607.json
[2024-04-12T17:17:54.620+0000] {get_data.py:131} INFO - Opened bill from file /opt/***/dags/data/bills/hr/BILLSTATUS-118hr753.json
[2024-04-12T17:17:55.100+0000] {get_data.py:131} INFO - Opened bill from file /opt/***/dags/data/bills/hr/BILLSTATUS-118hr7511.json
[2024-04-12T17:17:55.256+0000] {logging_mixin.py:188} INFO - An exception occurred 'rollcall-vote' Failed to save one or more votes for {bill_type} {bill_number}
[2024-04-12T17:17:55.427+0000] {logging_mixin.py:188} INFO - An exception occurred 'rollcall-vote' Failed to save one or more votes for {bill_type} {bill_number}
[2024-04-12T17:17:55.434+0000] {get_data.py:131} INFO - Opened bill from file /opt/***/dags/data/bills/hr/BILLSTATUS-118hr7454.json
[2024-04-12T17:17:55.618+0000] {logging_mixin.py:188} INFO - An exception occurred 'rollcall-vote' Failed to save one or more votes for {bill_type} {bill_number}
[2024-04-12T17:17:55.780+0000] {logging_mixin.py:188} INFO - An exception occurred 'rollcall-vote' Failed to save one or more votes for {bill_type} {bill_number}
[2024-04-12T17:17:55.925+0000] {logging_mixin.py:188} INFO - An exception occurred 'rollcall-vote' Failed to save one or more votes for {bill_type} {bill_number}
[2024-04-12T17:17:56.083+0000] {logging_mixin.py:188} INFO - An exception occurred 'rollcall-vote' Failed to save one or more votes for {bill_type} {bill_number}
[2024-04-12T17:17:56.089+0000] {get_data.py:131} INFO - Opened bill from file /opt/***/dags/data/bills/hr/BILLSTATUS-118hr1353.json
[2024-04-12T17:17:56.444+0000] {get_data.py:131} INFO - Opened bill from file /opt/***/dags/data/bills/hr/BILLSTATUS-118hr3250.json
[2024-04-12T17:17:56.803+0000] {get_data.py:131} INFO - Opened bill from file /opt/***/dags/data/bills/hr/BILLSTATUS-118hr4468.json
[2024-04-12T17:17:57.288+0000] {get_data.py:131} INFO - Opened bill from file /opt/***/dags/data/bills/hr/BILLSTATUS-118hr2379.json
[2024-04-12T17:17:57.606+0000] {get_data.py:131} INFO - Opened bill from file /opt/***/dags/data/bills/hr/BILLSTATUS-118hr1105.json
[2024-04-12T17:17:57.921+0000] {get_data.py:131} INFO - Opened bill from file /opt/***/dags/data/bills/hr/BILLSTATUS-118hr6678.json
[2024-04-12T17:17:58.066+0000] {logging_mixin.py:188} INFO - An exception occurred 'rollcall-vote' Failed to save one or more votes for {bill_type} {bill_number}
[2024-04-12T17:17:58.202+0000] {logging_mixin.py:188} INFO - An exception occurred 'rollcall-vote' Failed to save one or more votes for {bill_type} {bill_number}
[2024-04-12T17:17:58.363+0000] {logging_mixin.py:188} INFO - An exception occurred 'rollcall-vote' Failed to save one or more votes for {bill_type} {bill_number}
[2024-04-12T17:17:58.529+0000] {logging_mixin.py:188} INFO - An exception occurred 'rollcall-vote' Failed to save one or more votes for {bill_type} {bill_number}
[2024-04-12T17:17:58.533+0000] {get_data.py:131} INFO - Opened bill from file /opt/***/dags/data/bills/hr/BILLSTATUS-118hr4665.json
[2024-04-12T17:17:59.111+0000] {get_data.py:131} INFO - Opened bill from file /opt/***/dags/data/bills/hr/BILLSTATUS-118hr533.json
[2024-04-12T17:17:59.246+0000] {logging_mixin.py:188} INFO - An exception occurred 'rollcall-vote' Failed to save one or more votes for {bill_type} {bill_number}
[2024-04-12T17:17:59.419+0000] {logging_mixin.py:188} INFO - An exception occurred 'rollcall-vote' Failed to save one or more votes for {bill_type} {bill_number}
[2024-04-12T17:17:59.576+0000] {logging_mixin.py:188} INFO - An exception occurred 'rollcall-vote' Failed to save one or more votes for {bill_type} {bill_number}
[2024-04-12T17:17:59.750+0000] {logging_mixin.py:188} INFO - An exception occurred 'rollcall-vote' Failed to save one or more votes for {bill_type} {bill_number}
[2024-04-12T17:17:59.752+0000] {get_data.py:131} INFO - Opened bill from file /opt/***/dags/data/bills/hr/BILLSTATUS-118hr4366.json
[2024-04-12T17:18:02.238+0000] {get_data.py:131} INFO - Opened bill from file /opt/***/dags/data/bills/hr/BILLSTATUS-118hr5961.json
[2024-04-12T17:18:02.572+0000] {get_data.py:131} INFO - Opened bill from file /opt/***/dags/data/bills/hr/BILLSTATUS-118hr1076.json
[2024-04-12T17:18:02.932+0000] {get_data.py:131} INFO - Opened bill from file /opt/***/dags/data/bills/hr/BILLSTATUS-118hr6009.json
[2024-04-12T17:18:03.085+0000] {logging_mixin.py:188} INFO - An exception occurred 'rollcall-vote' Failed to save one or more votes for {bill_type} {bill_number}
[2024-04-12T17:18:03.253+0000] {logging_mixin.py:188} INFO - An exception occurred 'rollcall-vote' Failed to save one or more votes for {bill_type} {bill_number}
[2024-04-12T17:18:03.414+0000] {logging_mixin.py:188} INFO - An exception occurred 'rollcall-vote' Failed to save one or more votes for {bill_type} {bill_number}
[2024-04-12T17:18:03.417+0000] {get_data.py:131} INFO - Opened bill from file /opt/***/dags/data/bills/hr/BILLSTATUS-118hr7024.json
[2024-04-12T17:18:03.572+0000] {logging_mixin.py:188} INFO - An exception occurred 'rollcall-vote' Failed to save one or more votes for {bill_type} {bill_number}
[2024-04-12T17:18:03.729+0000] {logging_mixin.py:188} INFO - An exception occurred 'rollcall-vote' Failed to save one or more votes for {bill_type} {bill_number}
[2024-04-12T17:18:03.900+0000] {logging_mixin.py:188} INFO - An exception occurred 'rollcall-vote' Failed to save one or more votes for {bill_type} {bill_number}
[2024-04-12T17:18:04.071+0000] {logging_mixin.py:188} INFO - An exception occurred 'rollcall-vote' Failed to save one or more votes for {bill_type} {bill_number}
[2024-04-12T17:18:04.074+0000] {get_data.py:131} INFO - Opened bill from file /opt/***/dags/data/bills/hr/BILLSTATUS-118hr3821.json
[2024-04-12T17:18:04.244+0000] {logging_mixin.py:188} INFO - An exception occurred 'rollcall-vote' Failed to save one or more votes for {bill_type} {bill_number}
[2024-04-12T17:18:04.422+0000] {logging_mixin.py:188} INFO - An exception occurred 'rollcall-vote' Failed to save one or more votes for {bill_type} {bill_number}
[2024-04-12T17:18:04.614+0000] {logging_mixin.py:188} INFO - An exception occurred 'rollcall-vote' Failed to save one or more votes for {bill_type} {bill_number}
[2024-04-12T17:18:04.763+0000] {logging_mixin.py:188} INFO - An exception occurred 'rollcall-vote' Failed to save one or more votes for {bill_type} {bill_number}
[2024-04-12T17:18:04.765+0000] {get_data.py:131} INFO - Opened bill from file /opt/***/dags/data/bills/hr/BILLSTATUS-118hr3564.json
[2024-04-12T17:18:05.285+0000] {get_data.py:131} INFO - Opened bill from file /opt/***/dags/data/bills/hr/BILLSTATUS-118hr159.json
[2024-04-12T17:18:05.440+0000] {logging_mixin.py:188} INFO - An exception occurred 'rollcall-vote' Failed to save one or more votes for {bill_type} {bill_number}
[2024-04-12T17:18:05.598+0000] {logging_mixin.py:188} INFO - An exception occurred 'rollcall-vote' Failed to save one or more votes for {bill_type} {bill_number}
[2024-04-12T17:18:05.604+0000] {get_data.py:131} INFO - Opened bill from file /opt/***/dags/data/bills/hr/BILLSTATUS-118hr4723.json
[2024-04-12T17:18:05.785+0000] {logging_mixin.py:188} INFO - An exception occurred 'rollcall-vote' Failed to save one or more votes for {bill_type} {bill_number}
[2024-04-12T17:18:05.929+0000] {logging_mixin.py:188} INFO - An exception occurred 'rollcall-vote' Failed to save one or more votes for {bill_type} {bill_number}
[2024-04-12T17:18:05.932+0000] {get_data.py:131} INFO - Opened bill from file /opt/***/dags/data/bills/hr/BILLSTATUS-118hr4365.json
[2024-04-12T17:18:06.445+0000] {get_data.py:131} INFO - Opened bill from file /opt/***/dags/data/bills/hr/BILLSTATUS-118hr3224.json
[2024-04-12T17:18:06.783+0000] {get_data.py:131} INFO - Opened bill from file /opt/***/dags/data/bills/hr/BILLSTATUS-118hr662.json
[2024-04-12T17:18:07.043+0000] {get_data.py:131} INFO - Opened bill from file /opt/***/dags/data/bills/hr/BILLSTATUS-118hr3843.json
[2024-04-12T17:18:07.186+0000] {logging_mixin.py:188} INFO - An exception occurred 'rollcall-vote' Failed to save one or more votes for {bill_type} {bill_number}
[2024-04-12T17:18:07.329+0000] {logging_mixin.py:188} INFO - An exception occurred 'rollcall-vote' Failed to save one or more votes for {bill_type} {bill_number}
[2024-04-12T17:18:07.490+0000] {logging_mixin.py:188} INFO - An exception occurred 'rollcall-vote' Failed to save one or more votes for {bill_type} {bill_number}
[2024-04-12T17:18:07.666+0000] {logging_mixin.py:188} INFO - An exception occurred 'rollcall-vote' Failed to save one or more votes for {bill_type} {bill_number}
[2024-04-12T17:18:07.675+0000] {get_data.py:131} INFO - Opened bill from file /opt/***/dags/data/bills/hr/BILLSTATUS-118hr300.json
[2024-04-12T17:18:07.836+0000] {logging_mixin.py:188} INFO - An exception occurred 'rollcall-vote' Failed to save one or more votes for {bill_type} {bill_number}
[2024-04-12T17:18:07.981+0000] {logging_mixin.py:188} INFO - An exception occurred 'rollcall-vote' Failed to save one or more votes for {bill_type} {bill_number}
[2024-04-12T17:18:07.982+0000] {get_data.py:131} INFO - Opened bill from file /opt/***/dags/data/bills/hr/BILLSTATUS-118hr357.json
[2024-04-12T17:18:08.499+0000] {get_data.py:131} INFO - Opened bill from file /opt/***/dags/data/bills/hr/BILLSTATUS-118hr1096.json
[2024-04-12T17:18:08.818+0000] {get_data.py:131} INFO - Opened bill from file /opt/***/dags/data/bills/hr/BILLSTATUS-118hr4502.json
[2024-04-12T17:18:09.133+0000] {get_data.py:131} INFO - Opened bill from file /opt/***/dags/data/bills/hr/BILLSTATUS-118hr1147.json
[2024-04-12T17:18:09.453+0000] {get_data.py:131} INFO - Opened bill from file /opt/***/dags/data/bills/hr/BILLSTATUS-118hr5692.json
[2024-04-12T17:18:09.786+0000] {get_data.py:131} INFO - Opened bill from file /opt/***/dags/data/bills/hr/BILLSTATUS-118hr6544.json
[2024-04-12T17:18:09.931+0000] {logging_mixin.py:188} INFO - An exception occurred 'rollcall-vote' Failed to save one or more votes for {bill_type} {bill_number}
[2024-04-12T17:18:10.081+0000] {logging_mixin.py:188} INFO - An exception occurred 'rollcall-vote' Failed to save one or more votes for {bill_type} {bill_number}
[2024-04-12T17:18:10.240+0000] {logging_mixin.py:188} INFO - An exception occurred 'rollcall-vote' Failed to save one or more votes for {bill_type} {bill_number}
[2024-04-12T17:18:10.403+0000] {logging_mixin.py:188} INFO - An exception occurred 'rollcall-vote' Failed to save one or more votes for {bill_type} {bill_number}
[2024-04-12T17:18:10.408+0000] {get_data.py:131} INFO - Opened bill from file /opt/***/dags/data/bills/hr/BILLSTATUS-118hr3746.json
[2024-04-12T17:18:11.125+0000] {get_data.py:131} INFO - Opened bill from file /opt/***/dags/data/bills/hr/BILLSTATUS-118hr140.json
[2024-04-12T17:18:11.683+0000] {get_data.py:131} INFO - Opened bill from file /opt/***/dags/data/bills/hr/BILLSTATUS-118hr1669.json
[2024-04-12T17:18:12.005+0000] {get_data.py:131} INFO - Opened bill from file /opt/***/dags/data/bills/hr/BILLSTATUS-118hr3091.json
[2024-04-12T17:18:12.323+0000] {get_data.py:131} INFO - Opened bill from file /opt/***/dags/data/bills/hr/BILLSTATUS-118hr382.json
[2024-04-12T17:18:12.809+0000] {logging_mixin.py:188} INFO - An exception occurred 'rollcall-vote' Failed to save one or more votes for {bill_type} {bill_number}
[2024-04-12T17:18:12.816+0000] {get_data.py:131} INFO - Opened bill from file /opt/***/dags/data/bills/hr/BILLSTATUS-118hr3838.json
[2024-04-12T17:18:12.974+0000] {logging_mixin.py:188} INFO - An exception occurred 'rollcall-vote' Failed to save one or more votes for {bill_type} {bill_number}
[2024-04-12T17:18:13.176+0000] {logging_mixin.py:188} INFO - An exception occurred 'rollcall-vote' Failed to save one or more votes for {bill_type} {bill_number}
[2024-04-12T17:18:13.358+0000] {logging_mixin.py:188} INFO - An exception occurred 'rollcall-vote' Failed to save one or more votes for {bill_type} {bill_number}
[2024-04-12T17:18:13.734+0000] {logging_mixin.py:188} INFO - An exception occurred 'rollcall-vote' Failed to save one or more votes for {bill_type} {bill_number}
[2024-04-12T17:18:13.748+0000] {get_data.py:131} INFO - Opened bill from file /opt/***/dags/data/bills/hr/BILLSTATUS-118hr5283.json
[2024-04-12T17:18:14.107+0000] {get_data.py:131} INFO - Opened bill from file /opt/***/dags/data/bills/hr/BILLSTATUS-118hr1151.json
[2024-04-12T17:18:14.435+0000] {get_data.py:131} INFO - Opened bill from file /opt/***/dags/data/bills/hr/BILLSTATUS-118hr2792.json
[2024-04-12T17:18:14.807+0000] {get_data.py:131} INFO - Opened bill from file /opt/***/dags/data/bills/hr/BILLSTATUS-118hr443.json
[2024-04-12T17:18:14.948+0000] {logging_mixin.py:188} INFO - An exception occurred 'rollcall-vote' Failed to save one or more votes for {bill_type} {bill_number}
[2024-04-12T17:18:15.109+0000] {logging_mixin.py:188} INFO - An exception occurred 'rollcall-vote' Failed to save one or more votes for {bill_type} {bill_number}
[2024-04-12T17:18:15.276+0000] {logging_mixin.py:188} INFO - An exception occurred 'rollcall-vote' Failed to save one or more votes for {bill_type} {bill_number}
[2024-04-12T17:18:15.420+0000] {logging_mixin.py:188} INFO - An exception occurred 'rollcall-vote' Failed to save one or more votes for {bill_type} {bill_number}
[2024-04-12T17:18:15.426+0000] {get_data.py:131} INFO - Opened bill from file /opt/***/dags/data/bills/hr/BILLSTATUS-118hr2793.json
[2024-04-12T17:18:15.821+0000] {get_data.py:131} INFO - Opened bill from file /opt/***/dags/data/bills/hr/BILLSTATUS-118hr1107.json
[2024-04-12T17:18:16.188+0000] {get_data.py:131} INFO - Opened bill from file /opt/***/dags/data/bills/hr/BILLSTATUS-118hr26.json
[2024-04-12T17:18:16.328+0000] {logging_mixin.py:188} INFO - An exception occurred 'rollcall-vote' Failed to save one or more votes for {bill_type} {bill_number}
[2024-04-12T17:18:16.484+0000] {logging_mixin.py:188} INFO - An exception occurred 'rollcall-vote' Failed to save one or more votes for {bill_type} {bill_number}
[2024-04-12T17:18:16.640+0000] {logging_mixin.py:188} INFO - An exception occurred 'rollcall-vote' Failed to save one or more votes for {bill_type} {bill_number}
[2024-04-12T17:18:16.646+0000] {get_data.py:131} INFO - Opened bill from file /opt/***/dags/data/bills/hr/BILLSTATUS-118hr815.json
[2024-04-12T17:18:18.764+0000] {get_data.py:131} INFO - Opened bill from file /opt/***/dags/data/bills/hr/BILLSTATUS-118hr839.json
[2024-04-12T17:18:18.912+0000] {logging_mixin.py:188} INFO - An exception occurred 'rollcall-vote' Failed to save one or more votes for {bill_type} {bill_number}
[2024-04-12T17:18:19.071+0000] {logging_mixin.py:188} INFO - An exception occurred 'rollcall-vote' Failed to save one or more votes for {bill_type} {bill_number}
[2024-04-12T17:18:19.215+0000] {logging_mixin.py:188} INFO - An exception occurred 'rollcall-vote' Failed to save one or more votes for {bill_type} {bill_number}
[2024-04-12T17:18:19.401+0000] {logging_mixin.py:188} INFO - An exception occurred 'rollcall-vote' Failed to save one or more votes for {bill_type} {bill_number}
[2024-04-12T17:18:19.407+0000] {get_data.py:131} INFO - Opened bill from file /opt/***/dags/data/bills/hr/BILLSTATUS-118hr497.json
[2024-04-12T17:18:19.594+0000] {logging_mixin.py:188} INFO - An exception occurred 'rollcall-vote' Failed to save one or more votes for {bill_type} {bill_number}
[2024-04-12T17:18:19.786+0000] {logging_mixin.py:188} INFO - An exception occurred 'rollcall-vote' Failed to save one or more votes for {bill_type} {bill_number}
[2024-04-12T17:18:19.952+0000] {logging_mixin.py:188} INFO - An exception occurred 'rollcall-vote' Failed to save one or more votes for {bill_type} {bill_number}
[2024-04-12T17:18:19.955+0000] {get_data.py:131} INFO - Opened bill from file /opt/***/dags/data/bills/hr/BILLSTATUS-118hr4368.json
[2024-04-12T17:18:20.526+0000] {get_data.py:131} INFO - Opened bill from file /opt/***/dags/data/bills/hr/BILLSTATUS-118hr7102.json
[2024-04-12T17:18:20.681+0000] {logging_mixin.py:188} INFO - An exception occurred 'rollcall-vote' Failed to save one or more votes for {bill_type} {bill_number}
[2024-04-12T17:18:20.862+0000] {logging_mixin.py:188} INFO - An exception occurred 'rollcall-vote' Failed to save one or more votes for {bill_type} {bill_number}
[2024-04-12T17:18:21.032+0000] {logging_mixin.py:188} INFO - An exception occurred 'rollcall-vote' Failed to save one or more votes for {bill_type} {bill_number}
[2024-04-12T17:18:21.189+0000] {logging_mixin.py:188} INFO - An exception occurred 'rollcall-vote' Failed to save one or more votes for {bill_type} {bill_number}
[2024-04-12T17:18:21.193+0000] {get_data.py:131} INFO - Opened bill from file /opt/***/dags/data/bills/hr/BILLSTATUS-118hr593.json
[2024-04-12T17:18:21.581+0000] {get_data.py:131} INFO - Opened bill from file /opt/***/dags/data/bills/hr/BILLSTATUS-118hr340.json
[2024-04-12T17:18:22.669+0000] {get_data.py:131} INFO - Opened bill from file /opt/***/dags/data/bills/hr/BILLSTATUS-118hr788.json
[2024-04-12T17:18:22.823+0000] {logging_mixin.py:188} INFO - An exception occurred 'rollcall-vote' Failed to save one or more votes for {bill_type} {bill_number}
[2024-04-12T17:18:22.984+0000] {logging_mixin.py:188} INFO - An exception occurred 'rollcall-vote' Failed to save one or more votes for {bill_type} {bill_number}
[2024-04-12T17:18:23.150+0000] {logging_mixin.py:188} INFO - An exception occurred 'rollcall-vote' Failed to save one or more votes for {bill_type} {bill_number}
[2024-04-12T17:18:23.309+0000] {logging_mixin.py:188} INFO - An exception occurred 'rollcall-vote' Failed to save one or more votes for {bill_type} {bill_number}
[2024-04-12T17:18:23.459+0000] {logging_mixin.py:188} INFO - An exception occurred 'rollcall-vote' Failed to save one or more votes for {bill_type} {bill_number}
[2024-04-12T17:18:23.601+0000] {logging_mixin.py:188} INFO - An exception occurred 'rollcall-vote' Failed to save one or more votes for {bill_type} {bill_number}
[2024-04-12T17:18:23.604+0000] {get_data.py:131} INFO - Opened bill from file /opt/***/dags/data/bills/hr/BILLSTATUS-118hr6363.json
[2024-04-12T17:18:24.390+0000] {get_data.py:131} INFO - Opened bill from file /opt/***/dags/data/bills/hr/BILLSTATUS-118hr1.json
[2024-04-12T17:18:24.875+0000] {get_data.py:131} INFO - Opened bill from file /opt/***/dags/data/bills/hr/BILLSTATUS-118hr4470.json
[2024-04-12T17:18:25.193+0000] {get_data.py:131} INFO - Opened bill from file /opt/***/dags/data/bills/hr/BILLSTATUS-118hr663.json
[2024-04-12T17:18:25.509+0000] {get_data.py:131} INFO - Opened bill from file /opt/***/dags/data/bills/hr/BILLSTATUS-118hr2766.json
[2024-04-12T17:18:25.675+0000] {logging_mixin.py:188} INFO - An exception occurred 'rollcall-vote' Failed to save one or more votes for {bill_type} {bill_number}
[2024-04-12T17:18:25.821+0000] {logging_mixin.py:188} INFO - An exception occurred 'rollcall-vote' Failed to save one or more votes for {bill_type} {bill_number}
[2024-04-12T17:18:25.986+0000] {logging_mixin.py:188} INFO - An exception occurred 'rollcall-vote' Failed to save one or more votes for {bill_type} {bill_number}
[2024-04-12T17:18:26.140+0000] {logging_mixin.py:188} INFO - An exception occurred 'rollcall-vote' Failed to save one or more votes for {bill_type} {bill_number}
[2024-04-12T17:18:26.144+0000] {get_data.py:131} INFO - Opened bill from file /opt/***/dags/data/bills/hr/BILLSTATUS-118hr589.json
[2024-04-12T17:18:26.499+0000] {get_data.py:131} INFO - Opened bill from file /opt/***/dags/data/bills/hr/BILLSTATUS-118hr1023.json
[2024-04-12T17:18:26.981+0000] {get_data.py:131} INFO - Opened bill from file /opt/***/dags/data/bills/hr/BILLSTATUS-118hr4364.json
[2024-04-12T17:18:27.445+0000] {get_data.py:131} INFO - Opened bill from file /opt/***/dags/data/bills/hr/BILLSTATUS-118hr347.json
[2024-04-12T17:18:27.781+0000] {get_data.py:131} INFO - Opened bill from file /opt/***/dags/data/bills/hr/BILLSTATUS-118hr886.json
[2024-04-12T17:18:27.945+0000] {logging_mixin.py:188} INFO - An exception occurred 'rollcall-vote' Failed to save one or more votes for {bill_type} {bill_number}
[2024-04-12T17:18:28.094+0000] {logging_mixin.py:188} INFO - An exception occurred 'rollcall-vote' Failed to save one or more votes for {bill_type} {bill_number}
[2024-04-12T17:18:28.096+0000] {get_data.py:131} INFO - Opened bill from file /opt/***/dags/data/bills/hr/BILLSTATUS-118hr185.json
[2024-04-12T17:18:28.686+0000] {get_data.py:131} INFO - Opened bill from file /opt/***/dags/data/bills/hr/BILLSTATUS-118hr3941.json
[2024-04-12T17:18:29.204+0000] {get_data.py:131} INFO - Opened bill from file /opt/***/dags/data/bills/hr/BILLSTATUS-118hr5856.json
[2024-04-12T17:18:29.357+0000] {logging_mixin.py:188} INFO - An exception occurred 'rollcall-vote' Failed to save one or more votes for {bill_type} {bill_number}
[2024-04-12T17:18:29.515+0000] {logging_mixin.py:188} INFO - An exception occurred 'rollcall-vote' Failed to save one or more votes for {bill_type} {bill_number}
[2024-04-12T17:18:29.659+0000] {logging_mixin.py:188} INFO - An exception occurred 'rollcall-vote' Failed to save one or more votes for {bill_type} {bill_number}
[2024-04-12T17:18:29.801+0000] {logging_mixin.py:188} INFO - An exception occurred 'rollcall-vote' Failed to save one or more votes for {bill_type} {bill_number}
[2024-04-12T17:18:29.811+0000] {get_data.py:131} INFO - Opened bill from file /opt/***/dags/data/bills/hr/BILLSTATUS-118hr21.json
[2024-04-12T17:18:29.975+0000] {logging_mixin.py:188} INFO - An exception occurred 'rollcall-vote' Failed to save one or more votes for {bill_type} {bill_number}
[2024-04-12T17:18:30.134+0000] {logging_mixin.py:188} INFO - An exception occurred 'rollcall-vote' Failed to save one or more votes for {bill_type} {bill_number}
[2024-04-12T17:18:30.137+0000] {get_data.py:131} INFO - Opened bill from file /opt/***/dags/data/bills/hr/BILLSTATUS-118hr3202.json
[2024-04-12T17:18:30.297+0000] {logging_mixin.py:188} INFO - An exception occurred 'rollcall-vote' Failed to save one or more votes for {bill_type} {bill_number}
[2024-04-12T17:18:30.475+0000] {logging_mixin.py:188} INFO - An exception occurred 'rollcall-vote' Failed to save one or more votes for {bill_type} {bill_number}
[2024-04-12T17:18:30.641+0000] {logging_mixin.py:188} INFO - An exception occurred 'rollcall-vote' Failed to save one or more votes for {bill_type} {bill_number}
[2024-04-12T17:18:30.812+0000] {logging_mixin.py:188} INFO - An exception occurred 'rollcall-vote' Failed to save one or more votes for {bill_type} {bill_number}
[2024-04-12T17:18:30.816+0000] {get_data.py:131} INFO - Opened bill from file /opt/***/dags/data/bills/hr/BILLSTATUS-118hr6503.json
[2024-04-12T17:18:31.163+0000] {get_data.py:131} INFO - Opened bill from file /opt/***/dags/data/bills/hr/BILLSTATUS-118hr5378.json
[2024-04-12T17:18:31.473+0000] {get_data.py:131} INFO - Opened bill from file /opt/***/dags/data/bills/hr/BILLSTATUS-118hr500.json
[2024-04-12T17:18:31.630+0000] {logging_mixin.py:188} INFO - An exception occurred 'rollcall-vote' Failed to save one or more votes for {bill_type} {bill_number}
[2024-04-12T17:18:31.783+0000] {logging_mixin.py:188} INFO - An exception occurred 'rollcall-vote' Failed to save one or more votes for {bill_type} {bill_number}
[2024-04-12T17:18:31.791+0000] {get_data.py:131} INFO - Opened bill from file /opt/***/dags/data/bills/hr/BILLSTATUS-118hr2560.json
[2024-04-12T17:18:32.134+0000] {get_data.py:131} INFO - Opened bill from file /opt/***/dags/data/bills/hr/BILLSTATUS-118hr1435.json
[2024-04-12T17:18:32.601+0000] {get_data.py:131} INFO - Opened bill from file /opt/***/dags/data/bills/hr/BILLSTATUS-118hr5860.json
[2024-04-12T17:18:33.334+0000] {get_data.py:131} INFO - Opened bill from file /opt/***/dags/data/bills/hr/BILLSTATUS-118hr3799.json
[2024-04-12T17:18:33.820+0000] {get_data.py:131} INFO - Opened bill from file /opt/***/dags/data/bills/hr/BILLSTATUS-118hr2872.json
[2024-04-12T17:18:33.966+0000] {logging_mixin.py:188} INFO - An exception occurred 'rollcall-vote' Failed to save one or more votes for {bill_type} {bill_number}
[2024-04-12T17:18:34.130+0000] {logging_mixin.py:188} INFO - An exception occurred 'rollcall-vote' Failed to save one or more votes for {bill_type} {bill_number}
[2024-04-12T17:18:34.280+0000] {logging_mixin.py:188} INFO - An exception occurred 'rollcall-vote' Failed to save one or more votes for {bill_type} {bill_number}
[2024-04-12T17:18:34.437+0000] {logging_mixin.py:188} INFO - An exception occurred 'rollcall-vote' Failed to save one or more votes for {bill_type} {bill_number}
[2024-04-12T17:18:35.479+0000] {get_data.py:131} INFO - Opened bill from file /opt/***/dags/data/bills/hr/BILLSTATUS-118hr3672.json
[2024-04-12T17:18:35.840+0000] {get_data.py:131} INFO - Opened bill from file /opt/***/dags/data/bills/hr/BILLSTATUS-118hr5933.json
[2024-04-12T17:18:36.182+0000] {get_data.py:131} INFO - Opened bill from file /opt/***/dags/data/bills/hr/BILLSTATUS-118hr5525.json
[2024-04-12T17:18:36.668+0000] {get_data.py:131} INFO - Opened bill from file /opt/***/dags/data/bills/hr/BILLSTATUS-118hr4820.json
[2024-04-12T17:18:36.669+0000] {get_data.py:131} INFO - Opened bill from file /opt/***/dags/data/bills/hr/BILLSTATUS-118hr6276.json
[2024-04-12T17:18:36.811+0000] {logging_mixin.py:188} INFO - An exception occurred 'rollcall-vote' Failed to save one or more votes for {bill_type} {bill_number}
[2024-04-12T17:18:36.957+0000] {logging_mixin.py:188} INFO - An exception occurred 'rollcall-vote' Failed to save one or more votes for {bill_type} {bill_number}
[2024-04-12T17:18:37.100+0000] {logging_mixin.py:188} INFO - An exception occurred 'rollcall-vote' Failed to save one or more votes for {bill_type} {bill_number}
[2024-04-12T17:18:37.111+0000] {get_data.py:131} INFO - Opened bill from file /opt/***/dags/data/bills/hr/BILLSTATUS-118hr5119.json
[2024-04-12T17:18:37.472+0000] {get_data.py:131} INFO - Opened bill from file /opt/***/dags/data/bills/hr/BILLSTATUS-118hr2799.json
[2024-04-12T17:18:37.612+0000] {logging_mixin.py:188} INFO - An exception occurred 'rollcall-vote' Failed to save one or more votes for {bill_type} {bill_number}
[2024-04-12T17:18:37.758+0000] {logging_mixin.py:188} INFO - An exception occurred 'rollcall-vote' Failed to save one or more votes for {bill_type} {bill_number}
[2024-04-12T17:18:37.918+0000] {logging_mixin.py:188} INFO - An exception occurred 'rollcall-vote' Failed to save one or more votes for {bill_type} {bill_number}
[2024-04-12T17:18:38.074+0000] {logging_mixin.py:188} INFO - An exception occurred 'rollcall-vote' Failed to save one or more votes for {bill_type} {bill_number}
[2024-04-12T17:18:38.235+0000] {logging_mixin.py:188} INFO - An exception occurred 'rollcall-vote' Failed to save one or more votes for {bill_type} {bill_number}
[2024-04-12T17:18:38.379+0000] {logging_mixin.py:188} INFO - An exception occurred 'rollcall-vote' Failed to save one or more votes for {bill_type} {bill_number}
[2024-04-12T17:18:38.381+0000] {get_data.py:131} INFO - Opened bill from file /opt/***/dags/data/bills/hr/BILLSTATUS-118hr5375.json
[2024-04-12T17:18:38.518+0000] {logging_mixin.py:188} INFO - An exception occurred 'rollcall-vote' Failed to save one or more votes for {bill_type} {bill_number}
[2024-04-12T17:18:38.669+0000] {logging_mixin.py:188} INFO - An exception occurred 'rollcall-vote' Failed to save one or more votes for {bill_type} {bill_number}
[2024-04-12T17:18:38.811+0000] {logging_mixin.py:188} INFO - An exception occurred 'rollcall-vote' Failed to save one or more votes for {bill_type} {bill_number}
[2024-04-12T17:18:38.964+0000] {logging_mixin.py:188} INFO - An exception occurred 'rollcall-vote' Failed to save one or more votes for {bill_type} {bill_number}
[2024-04-12T17:18:38.966+0000] {get_data.py:131} INFO - Opened bill from file /opt/***/dags/data/bills/hr/BILLSTATUS-118hr6918.json
[2024-04-12T17:18:39.117+0000] {logging_mixin.py:188} INFO - An exception occurred 'rollcall-vote' Failed to save one or more votes for {bill_type} {bill_number}
[2024-04-12T17:18:39.272+0000] {logging_mixin.py:188} INFO - An exception occurred 'rollcall-vote' Failed to save one or more votes for {bill_type} {bill_number}
[2024-04-12T17:18:39.421+0000] {logging_mixin.py:188} INFO - An exception occurred 'rollcall-vote' Failed to save one or more votes for {bill_type} {bill_number}
[2024-04-12T17:18:39.585+0000] {logging_mixin.py:188} INFO - An exception occurred 'rollcall-vote' Failed to save one or more votes for {bill_type} {bill_number}
[2024-04-12T17:18:39.735+0000] {logging_mixin.py:188} INFO - An exception occurred 'rollcall-vote' Failed to save one or more votes for {bill_type} {bill_number}
[2024-04-12T17:18:39.886+0000] {logging_mixin.py:188} INFO - An exception occurred 'rollcall-vote' Failed to save one or more votes for {bill_type} {bill_number}
[2024-04-12T17:18:39.890+0000] {get_data.py:131} INFO - Opened bill from file /opt/***/dags/data/bills/hr/BILLSTATUS-118hr1727.json
[2024-04-12T17:18:40.048+0000] {logging_mixin.py:188} INFO - An exception occurred 'rollcall-vote' Failed to save one or more votes for {bill_type} {bill_number}
[2024-04-12T17:18:40.202+0000] {logging_mixin.py:188} INFO - An exception occurred 'rollcall-vote' Failed to save one or more votes for {bill_type} {bill_number}
[2024-04-12T17:18:40.346+0000] {logging_mixin.py:188} INFO - An exception occurred 'rollcall-vote' Failed to save one or more votes for {bill_type} {bill_number}
[2024-04-12T17:18:40.536+0000] {logging_mixin.py:188} INFO - An exception occurred 'rollcall-vote' Failed to save one or more votes for {bill_type} {bill_number}
[2024-04-12T17:18:40.546+0000] {get_data.py:131} INFO - Opened bill from file /opt/***/dags/data/bills/hr/BILLSTATUS-118hr4821.json
[2024-04-12T17:18:41.308+0000] {get_data.py:131} INFO - Opened bill from file /opt/***/dags/data/bills/hr/BILLSTATUS-118hr1567.json
[2024-04-12T17:18:41.645+0000] {get_data.py:131} INFO - Opened bill from file /opt/***/dags/data/bills/hr/BILLSTATUS-118hr5524.json
[2024-04-12T17:18:41.968+0000] {get_data.py:131} INFO - Opened bill from file /opt/***/dags/data/bills/hr/BILLSTATUS-118hr1530.json
[2024-04-12T17:18:42.305+0000] {get_data.py:131} INFO - Opened bill from file /opt/***/dags/data/bills/hr/BILLSTATUS-118hr3848.json
[2024-04-12T17:18:42.666+0000] {get_data.py:131} INFO - Opened bill from file /opt/***/dags/data/bills/hr/BILLSTATUS-118hr1121.json
[2024-04-12T17:18:42.807+0000] {logging_mixin.py:188} INFO - An exception occurred 'rollcall-vote' Failed to save one or more votes for {bill_type} {bill_number}
[2024-04-12T17:18:42.956+0000] {logging_mixin.py:188} INFO - An exception occurred 'rollcall-vote' Failed to save one or more votes for {bill_type} {bill_number}
[2024-04-12T17:18:43.116+0000] {logging_mixin.py:188} INFO - An exception occurred 'rollcall-vote' Failed to save one or more votes for {bill_type} {bill_number}
[2024-04-12T17:18:43.126+0000] {get_data.py:131} INFO - Opened bill from file /opt/***/dags/data/bills/hr/BILLSTATUS-118hr1156.json
[2024-04-12T17:18:43.468+0000] {get_data.py:131} INFO - Opened bill from file /opt/***/dags/data/bills/hr/BILLSTATUS-118hr2795.json
[2024-04-12T17:18:43.786+0000] {get_data.py:131} INFO - Opened bill from file /opt/***/dags/data/bills/hr/BILLSTATUS-118hr2812.json
[2024-04-12T17:18:44.100+0000] {get_data.py:131} INFO - Opened bill from file /opt/***/dags/data/bills/hr/BILLSTATUS-118hr6914.json
[2024-04-12T17:18:44.243+0000] {logging_mixin.py:188} INFO - An exception occurred 'rollcall-vote' Failed to save one or more votes for {bill_type} {bill_number}
[2024-04-12T17:18:44.401+0000] {logging_mixin.py:188} INFO - An exception occurred 'rollcall-vote' Failed to save one or more votes for {bill_type} {bill_number}
[2024-04-12T17:18:44.544+0000] {logging_mixin.py:188} INFO - An exception occurred 'rollcall-vote' Failed to save one or more votes for {bill_type} {bill_number}
[2024-04-12T17:18:44.682+0000] {logging_mixin.py:188} INFO - An exception occurred 'rollcall-vote' Failed to save one or more votes for {bill_type} {bill_number}
[2024-04-12T17:18:44.825+0000] {logging_mixin.py:188} INFO - An exception occurred 'rollcall-vote' Failed to save one or more votes for {bill_type} {bill_number}
[2024-04-12T17:18:44.960+0000] {logging_mixin.py:188} INFO - An exception occurred 'rollcall-vote' Failed to save one or more votes for {bill_type} {bill_number}
[2024-04-12T17:18:44.963+0000] {get_data.py:131} INFO - Opened bill from file /opt/***/dags/data/bills/hr/BILLSTATUS-118hr813.json
[2024-04-12T17:18:45.332+0000] {get_data.py:131} INFO - Opened bill from file /opt/***/dags/data/bills/hr/BILLSTATUS-118hr1547.json
[2024-04-12T17:18:45.745+0000] {get_data.py:131} INFO - Opened bill from file /opt/***/dags/data/bills/hr/BILLSTATUS-118hr7217.json
[2024-04-12T17:18:45.905+0000] {logging_mixin.py:188} INFO - An exception occurred 'rollcall-vote' Failed to save one or more votes for {bill_type} {bill_number}
[2024-04-12T17:18:46.068+0000] {logging_mixin.py:188} INFO - An exception occurred 'rollcall-vote' Failed to save one or more votes for {bill_type} {bill_number}
[2024-04-12T17:18:46.227+0000] {logging_mixin.py:188} INFO - An exception occurred 'rollcall-vote' Failed to save one or more votes for {bill_type} {bill_number}
[2024-04-12T17:18:46.383+0000] {logging_mixin.py:188} INFO - An exception occurred 'rollcall-vote' Failed to save one or more votes for {bill_type} {bill_number}
[2024-04-12T17:18:46.391+0000] {get_data.py:131} INFO - Opened bill from file /opt/***/dags/data/bills/hr/BILLSTATUS-118hr5894.json
[2024-04-12T17:18:46.395+0000] {get_data.py:131} INFO - Opened bill from file /opt/***/dags/data/bills/hr/BILLSTATUS-118hr5528.json
[2024-04-12T17:18:46.565+0000] {logging_mixin.py:188} INFO - An exception occurred 'rollcall-vote' Failed to save one or more votes for {bill_type} {bill_number}
[2024-04-12T17:18:46.744+0000] {logging_mixin.py:188} INFO - An exception occurred 'rollcall-vote' Failed to save one or more votes for {bill_type} {bill_number}
[2024-04-12T17:18:46.906+0000] {logging_mixin.py:188} INFO - An exception occurred 'rollcall-vote' Failed to save one or more votes for {bill_type} {bill_number}
[2024-04-12T17:18:47.052+0000] {logging_mixin.py:188} INFO - An exception occurred 'rollcall-vote' Failed to save one or more votes for {bill_type} {bill_number}
[2024-04-12T17:18:47.057+0000] {get_data.py:131} INFO - Opened bill from file /opt/***/dags/data/bills/hr/BILLSTATUS-118hr1615.json
[2024-04-12T17:18:47.429+0000] {local_task_job_runner.py:302} WARNING - State of this instance has been externally set to restarting. Terminating instance.
[2024-04-12T17:18:47.439+0000] {process_utils.py:131} INFO - Sending 15 to group 2812. PIDs of all processes in the group: [2812]
[2024-04-12T17:18:47.445+0000] {process_utils.py:86} INFO - Sending the signal 15 to group 2812
[2024-04-12T17:18:47.448+0000] {taskinstance.py:2483} ERROR - Received SIGTERM. Terminating subprocesses.
[2024-04-12T17:18:47.465+0000] {taskinstance.py:2731} ERROR - Task failed with exception
Traceback (most recent call last):
  File "/home/airflow/.local/lib/python3.11/site-packages/airflow/models/taskinstance.py", line 444, in _execute_task
    result = _execute_callable(context=context, **execute_callable_kwargs)
             ^^^^^^^^^^^^^^^^^^^^^^^^^^^^^^^^^^^^^^^^^^^^^^^^^^^^^^^^^^^^^
  File "/home/airflow/.local/lib/python3.11/site-packages/airflow/models/taskinstance.py", line 414, in _execute_callable
    return execute_callable(context=context, **execute_callable_kwargs)
           ^^^^^^^^^^^^^^^^^^^^^^^^^^^^^^^^^^^^^^^^^^^^^^^^^^^^^^^^^^^^
  File "/home/airflow/.local/lib/python3.11/site-packages/airflow/operators/python.py", line 200, in execute
    return_value = self.execute_callable()
                   ^^^^^^^^^^^^^^^^^^^^^^^
  File "/home/airflow/.local/lib/python3.11/site-packages/airflow/operators/python.py", line 217, in execute_callable
    return self.python_callable(*self.op_args, **self.op_kwargs)
           ^^^^^^^^^^^^^^^^^^^^^^^^^^^^^^^^^^^^^^^^^^^^^^^^^^^^^
  File "/opt/airflow/dags/scripts/python/get_data.py", line 124, in get_votes_for_saved_bills
    get_votes(bill_json=local_file_path, save_folder=save_folder)
  File "/opt/airflow/dags/scripts/python/get_data.py", line 129, in get_votes
    f = open(bill_json, "r")
        ^^^^^^^^^^^^^^^^^^^^
  File "<frozen codecs>", line 309, in __init__
  File "/home/airflow/.local/lib/python3.11/site-packages/airflow/models/taskinstance.py", line 2485, in signal_handler
    raise AirflowException("Task received SIGTERM signal")
airflow.exceptions.AirflowException: Task received SIGTERM signal
[2024-04-12T17:18:47.480+0000] {taskinstance.py:1149} INFO - Marking task as UP_FOR_RETRY. dag_id=upload_congress_data, task_id=get_votes_from_downloaded_bills, execution_date=20240412T171418, start_date=20240412T171656, end_date=20240412T171847
[2024-04-12T17:18:47.497+0000] {standard_task_runner.py:107} ERROR - Failed to execute job 81 for task get_votes_from_downloaded_bills (Task received SIGTERM signal; 2812)
[2024-04-12T17:18:47.545+0000] {process_utils.py:79} INFO - Process psutil.Process(pid=2812, status='terminated', exitcode=1, started='17:16:56') (2812) terminated with exit code 1
