[2024-03-28T03:54:05.452+0000] {taskinstance.py:1979} INFO - Dependencies all met for dep_context=non-requeueable deps ti=<TaskInstance: upload_historical_congress_data.bq_create_actions_Congress_partitioned_table_task scheduled__2024-03-15T00:00:00+00:00 [queued]>
[2024-03-28T03:54:05.465+0000] {taskinstance.py:1979} INFO - Dependencies all met for dep_context=requeueable deps ti=<TaskInstance: upload_historical_congress_data.bq_create_actions_Congress_partitioned_table_task scheduled__2024-03-15T00:00:00+00:00 [queued]>
[2024-03-28T03:54:05.467+0000] {taskinstance.py:2193} INFO - Starting attempt 1 of 3
[2024-03-28T03:54:05.489+0000] {taskinstance.py:2217} INFO - Executing <Task(BigQueryInsertJobOperator): bq_create_actions_Congress_partitioned_table_task> on 2024-03-15 00:00:00+00:00
[2024-03-28T03:54:05.500+0000] {standard_task_runner.py:60} INFO - Started process 305 to run task
[2024-03-28T03:54:05.508+0000] {standard_task_runner.py:87} INFO - Running: ['***', 'tasks', 'run', 'upload_historical_congress_data', 'bq_create_actions_Congress_partitioned_table_task', 'scheduled__2024-03-15T00:00:00+00:00', '--job-id', '165', '--raw', '--subdir', 'DAGS_FOLDER/upload_historical_congress_data.py', '--cfg-path', '/tmp/tmphpufuqvr']
[2024-03-28T03:54:05.523+0000] {standard_task_runner.py:88} INFO - Job 165: Subtask bq_create_actions_Congress_partitioned_table_task
[2024-03-28T03:54:05.601+0000] {task_command.py:423} INFO - Running <TaskInstance: upload_historical_congress_data.bq_create_actions_Congress_partitioned_table_task scheduled__2024-03-15T00:00:00+00:00 [running]> on host be5d54f7fe24
[2024-03-28T03:54:05.689+0000] {taskinstance.py:2513} INFO - Exporting env vars: AIRFLOW_CTX_DAG_EMAIL='***@***.com' AIRFLOW_CTX_DAG_OWNER='***' AIRFLOW_CTX_DAG_ID='upload_historical_congress_data' AIRFLOW_CTX_TASK_ID='bq_create_actions_Congress_partitioned_table_task' AIRFLOW_CTX_EXECUTION_DATE='2024-03-15T00:00:00+00:00' AIRFLOW_CTX_TRY_NUMBER='1' AIRFLOW_CTX_DAG_RUN_ID='scheduled__2024-03-15T00:00:00+00:00'
[2024-03-28T03:54:05.695+0000] {crypto.py:82} WARNING - empty cryptography key - values will not be stored encrypted.
[2024-03-28T03:54:05.700+0000] {connection.py:269} WARNING - Connection schemes (type: google_cloud_platform) shall not contain '_' according to RFC3986.
[2024-03-28T03:54:05.704+0000] {base.py:83} INFO - Using connection ID 'google_cloud_default' for task execution.
[2024-03-28T03:54:05.779+0000] {bigquery.py:2811} INFO - Executing: {'query': {'query': 'CREATE OR REPLACE TABLE Congress.actions         PARTITION BY actionDate_formatted         AS         SELECT *, DATE(actionDate) actionDate_formatted         FROM Congress.actions_external_table;', 'useLegacySql': False}}'
[2024-03-28T03:54:05.782+0000] {bigquery.py:1613} INFO - Inserting job ***_upload_historical_congress_data_bq_create_actions_Congress_partitioned_table_task_2024_03_15T00_00_00_00_00_d59f276aa539e077a6ab609ccda5ae54
[2024-03-28T03:54:07.190+0000] {taskinstance.py:2731} ERROR - Task failed with exception
Traceback (most recent call last):
  File "/home/airflow/.local/lib/python3.8/site-packages/airflow/models/taskinstance.py", line 444, in _execute_task
    result = _execute_callable(context=context, **execute_callable_kwargs)
  File "/home/airflow/.local/lib/python3.8/site-packages/airflow/models/taskinstance.py", line 414, in _execute_callable
    return execute_callable(context=context, **execute_callable_kwargs)
  File "/home/airflow/.local/lib/python3.8/site-packages/airflow/providers/google/cloud/operators/bigquery.py", line 2870, in execute
    job.result(timeout=self.result_timeout, retry=self.result_retry)
  File "/home/airflow/.local/lib/python3.8/site-packages/google/cloud/bigquery/job/query.py", line 1595, in result
    do_get_result()
  File "/home/airflow/.local/lib/python3.8/site-packages/google/cloud/bigquery/job/query.py", line 1584, in do_get_result
    super(QueryJob, self).result(retry=retry, timeout=timeout)
  File "/home/airflow/.local/lib/python3.8/site-packages/google/cloud/bigquery/job/base.py", line 971, in result
    return super(_AsyncJob, self).result(timeout=timeout, **kwargs)
  File "/home/airflow/.local/lib/python3.8/site-packages/google/api_core/future/polling.py", line 261, in result
    raise self._exception
google.api_core.exceptions.BadRequest: 400 Unrecognized name: actionDate at [1:118]; reason: invalidQuery, location: query, message: Unrecognized name: actionDate at [1:118]

Location: US
Job ID: airflow_upload_historical_congress_data_bq_create_actions_Congress_partitioned_table_task_2024_03_15T00_00_00_00_00_d59f276aa539e077a6ab609ccda5ae54

[2024-03-28T03:54:07.207+0000] {taskinstance.py:1149} INFO - Marking task as UP_FOR_RETRY. dag_id=upload_historical_congress_data, task_id=bq_create_actions_Congress_partitioned_table_task, execution_date=20240315T000000, start_date=20240328T035405, end_date=20240328T035407
[2024-03-28T03:54:07.222+0000] {standard_task_runner.py:107} ERROR - Failed to execute job 165 for task bq_create_actions_Congress_partitioned_table_task (400 Unrecognized name: actionDate at [1:118]; reason: invalidQuery, location: query, message: Unrecognized name: actionDate at [1:118]

Location: US
Job ID: airflow_upload_historical_congress_data_bq_create_actions_Congress_partitioned_table_task_2024_03_15T00_00_00_00_00_d59f276aa539e077a6ab609ccda5ae54
; 305)
[2024-03-28T03:54:07.237+0000] {local_task_job_runner.py:234} INFO - Task exited with return code 1
[2024-03-28T03:54:07.254+0000] {taskinstance.py:3312} INFO - 0 downstream tasks scheduled from follow-on schedule check
[2024-03-28T03:57:59.090+0000] {taskinstance.py:1979} INFO - Dependencies all met for dep_context=non-requeueable deps ti=<TaskInstance: upload_historical_congress_data.bq_create_actions_Congress_partitioned_table_task scheduled__2024-03-15T00:00:00+00:00 [queued]>
[2024-03-28T03:57:59.099+0000] {taskinstance.py:1979} INFO - Dependencies all met for dep_context=requeueable deps ti=<TaskInstance: upload_historical_congress_data.bq_create_actions_Congress_partitioned_table_task scheduled__2024-03-15T00:00:00+00:00 [queued]>
[2024-03-28T03:57:59.101+0000] {taskinstance.py:2193} INFO - Starting attempt 1 of 3
[2024-03-28T03:57:59.116+0000] {taskinstance.py:2217} INFO - Executing <Task(BigQueryInsertJobOperator): bq_create_actions_Congress_partitioned_table_task> on 2024-03-15 00:00:00+00:00
[2024-03-28T03:57:59.127+0000] {standard_task_runner.py:60} INFO - Started process 99 to run task
[2024-03-28T03:57:59.131+0000] {standard_task_runner.py:87} INFO - Running: ['***', 'tasks', 'run', 'upload_historical_congress_data', 'bq_create_actions_Congress_partitioned_table_task', 'scheduled__2024-03-15T00:00:00+00:00', '--job-id', '180', '--raw', '--subdir', 'DAGS_FOLDER/upload_historical_congress_data.py', '--cfg-path', '/tmp/tmpu0w4qyaw']
[2024-03-28T03:57:59.136+0000] {standard_task_runner.py:88} INFO - Job 180: Subtask bq_create_actions_Congress_partitioned_table_task
[2024-03-28T03:57:59.205+0000] {task_command.py:423} INFO - Running <TaskInstance: upload_historical_congress_data.bq_create_actions_Congress_partitioned_table_task scheduled__2024-03-15T00:00:00+00:00 [running]> on host be5d54f7fe24
[2024-03-28T03:57:59.288+0000] {taskinstance.py:2513} INFO - Exporting env vars: AIRFLOW_CTX_DAG_EMAIL='***@***.com' AIRFLOW_CTX_DAG_OWNER='***' AIRFLOW_CTX_DAG_ID='upload_historical_congress_data' AIRFLOW_CTX_TASK_ID='bq_create_actions_Congress_partitioned_table_task' AIRFLOW_CTX_EXECUTION_DATE='2024-03-15T00:00:00+00:00' AIRFLOW_CTX_TRY_NUMBER='1' AIRFLOW_CTX_DAG_RUN_ID='scheduled__2024-03-15T00:00:00+00:00'
[2024-03-28T03:57:59.291+0000] {crypto.py:82} WARNING - empty cryptography key - values will not be stored encrypted.
[2024-03-28T03:57:59.293+0000] {connection.py:269} WARNING - Connection schemes (type: google_cloud_platform) shall not contain '_' according to RFC3986.
[2024-03-28T03:57:59.295+0000] {base.py:83} INFO - Using connection ID 'google_cloud_default' for task execution.
[2024-03-28T03:57:59.344+0000] {bigquery.py:2811} INFO - Executing: {'query': {'query': 'CREATE OR REPLACE TABLE Congress.actions         PARTITION BY actionDate_formatted         AS         SELECT *, DATE(actionDate) actionDate_formatted         FROM Congress.actions_external_table;', 'useLegacySql': False}}'
[2024-03-28T03:57:59.349+0000] {bigquery.py:1613} INFO - Inserting job ***_upload_historical_congress_data_bq_create_actions_Congress_partitioned_table_task_2024_03_15T00_00_00_00_00_738651c893f3c333626fbb33670be8d4
[2024-03-28T03:58:00.735+0000] {taskinstance.py:2731} ERROR - Task failed with exception
Traceback (most recent call last):
  File "/home/airflow/.local/lib/python3.8/site-packages/airflow/models/taskinstance.py", line 444, in _execute_task
    result = _execute_callable(context=context, **execute_callable_kwargs)
  File "/home/airflow/.local/lib/python3.8/site-packages/airflow/models/taskinstance.py", line 414, in _execute_callable
    return execute_callable(context=context, **execute_callable_kwargs)
  File "/home/airflow/.local/lib/python3.8/site-packages/airflow/providers/google/cloud/operators/bigquery.py", line 2870, in execute
    job.result(timeout=self.result_timeout, retry=self.result_retry)
  File "/home/airflow/.local/lib/python3.8/site-packages/google/cloud/bigquery/job/query.py", line 1595, in result
    do_get_result()
  File "/home/airflow/.local/lib/python3.8/site-packages/google/cloud/bigquery/job/query.py", line 1584, in do_get_result
    super(QueryJob, self).result(retry=retry, timeout=timeout)
  File "/home/airflow/.local/lib/python3.8/site-packages/google/cloud/bigquery/job/base.py", line 971, in result
    return super(_AsyncJob, self).result(timeout=timeout, **kwargs)
  File "/home/airflow/.local/lib/python3.8/site-packages/google/api_core/future/polling.py", line 261, in result
    raise self._exception
google.api_core.exceptions.BadRequest: 400 Unrecognized name: actionDate at [1:118]; reason: invalidQuery, location: query, message: Unrecognized name: actionDate at [1:118]

Location: US
Job ID: airflow_upload_historical_congress_data_bq_create_actions_Congress_partitioned_table_task_2024_03_15T00_00_00_00_00_738651c893f3c333626fbb33670be8d4

[2024-03-28T03:58:00.758+0000] {taskinstance.py:1149} INFO - Marking task as UP_FOR_RETRY. dag_id=upload_historical_congress_data, task_id=bq_create_actions_Congress_partitioned_table_task, execution_date=20240315T000000, start_date=20240328T035759, end_date=20240328T035800
[2024-03-28T03:58:00.776+0000] {standard_task_runner.py:107} ERROR - Failed to execute job 180 for task bq_create_actions_Congress_partitioned_table_task (400 Unrecognized name: actionDate at [1:118]; reason: invalidQuery, location: query, message: Unrecognized name: actionDate at [1:118]

Location: US
Job ID: airflow_upload_historical_congress_data_bq_create_actions_Congress_partitioned_table_task_2024_03_15T00_00_00_00_00_738651c893f3c333626fbb33670be8d4
; 99)
[2024-03-28T03:58:00.794+0000] {local_task_job_runner.py:234} INFO - Task exited with return code 1
[2024-03-28T03:58:00.809+0000] {taskinstance.py:3312} INFO - 0 downstream tasks scheduled from follow-on schedule check
[2024-03-28T04:08:05.963+0000] {taskinstance.py:1979} INFO - Dependencies all met for dep_context=non-requeueable deps ti=<TaskInstance: upload_historical_congress_data.bq_create_actions_Congress_partitioned_table_task scheduled__2024-03-15T00:00:00+00:00 [queued]>
[2024-03-28T04:08:05.973+0000] {taskinstance.py:1979} INFO - Dependencies all met for dep_context=requeueable deps ti=<TaskInstance: upload_historical_congress_data.bq_create_actions_Congress_partitioned_table_task scheduled__2024-03-15T00:00:00+00:00 [queued]>
[2024-03-28T04:08:05.975+0000] {taskinstance.py:2193} INFO - Starting attempt 1 of 3
[2024-03-28T04:08:05.985+0000] {taskinstance.py:2217} INFO - Executing <Task(BigQueryInsertJobOperator): bq_create_actions_Congress_partitioned_table_task> on 2024-03-15 00:00:00+00:00
[2024-03-28T04:08:05.992+0000] {standard_task_runner.py:60} INFO - Started process 92 to run task
[2024-03-28T04:08:05.995+0000] {standard_task_runner.py:87} INFO - Running: ['***', 'tasks', 'run', 'upload_historical_congress_data', 'bq_create_actions_Congress_partitioned_table_task', 'scheduled__2024-03-15T00:00:00+00:00', '--job-id', '201', '--raw', '--subdir', 'DAGS_FOLDER/upload_historical_congress_data.py', '--cfg-path', '/tmp/tmp49a_hd5c']
[2024-03-28T04:08:06.000+0000] {standard_task_runner.py:88} INFO - Job 201: Subtask bq_create_actions_Congress_partitioned_table_task
[2024-03-28T04:08:06.046+0000] {task_command.py:423} INFO - Running <TaskInstance: upload_historical_congress_data.bq_create_actions_Congress_partitioned_table_task scheduled__2024-03-15T00:00:00+00:00 [running]> on host be5d54f7fe24
[2024-03-28T04:08:06.103+0000] {taskinstance.py:2513} INFO - Exporting env vars: AIRFLOW_CTX_DAG_EMAIL='***@***.com' AIRFLOW_CTX_DAG_OWNER='***' AIRFLOW_CTX_DAG_ID='upload_historical_congress_data' AIRFLOW_CTX_TASK_ID='bq_create_actions_Congress_partitioned_table_task' AIRFLOW_CTX_EXECUTION_DATE='2024-03-15T00:00:00+00:00' AIRFLOW_CTX_TRY_NUMBER='1' AIRFLOW_CTX_DAG_RUN_ID='scheduled__2024-03-15T00:00:00+00:00'
[2024-03-28T04:08:06.106+0000] {crypto.py:82} WARNING - empty cryptography key - values will not be stored encrypted.
[2024-03-28T04:08:06.108+0000] {connection.py:269} WARNING - Connection schemes (type: google_cloud_platform) shall not contain '_' according to RFC3986.
[2024-03-28T04:08:06.109+0000] {base.py:83} INFO - Using connection ID 'google_cloud_default' for task execution.
[2024-03-28T04:08:06.158+0000] {bigquery.py:2811} INFO - Executing: {'query': {'query': 'CREATE OR REPLACE TABLE Congress.actions         PARTITION BY actionDate_formatted         AS         SELECT *, DATE(actionDate) actionDate_formatted         FROM Congress.actions_external_table;', 'useLegacySql': False}}'
[2024-03-28T04:08:06.160+0000] {bigquery.py:1613} INFO - Inserting job ***_upload_historical_congress_data_bq_create_actions_Congress_partitioned_table_task_2024_03_15T00_00_00_00_00_481aa22e315ab4df18037bd66ae9d720
[2024-03-28T04:08:07.546+0000] {taskinstance.py:2731} ERROR - Task failed with exception
Traceback (most recent call last):
  File "/home/airflow/.local/lib/python3.8/site-packages/airflow/models/taskinstance.py", line 444, in _execute_task
    result = _execute_callable(context=context, **execute_callable_kwargs)
  File "/home/airflow/.local/lib/python3.8/site-packages/airflow/models/taskinstance.py", line 414, in _execute_callable
    return execute_callable(context=context, **execute_callable_kwargs)
  File "/home/airflow/.local/lib/python3.8/site-packages/airflow/providers/google/cloud/operators/bigquery.py", line 2870, in execute
    job.result(timeout=self.result_timeout, retry=self.result_retry)
  File "/home/airflow/.local/lib/python3.8/site-packages/google/cloud/bigquery/job/query.py", line 1595, in result
    do_get_result()
  File "/home/airflow/.local/lib/python3.8/site-packages/google/cloud/bigquery/job/query.py", line 1584, in do_get_result
    super(QueryJob, self).result(retry=retry, timeout=timeout)
  File "/home/airflow/.local/lib/python3.8/site-packages/google/cloud/bigquery/job/base.py", line 971, in result
    return super(_AsyncJob, self).result(timeout=timeout, **kwargs)
  File "/home/airflow/.local/lib/python3.8/site-packages/google/api_core/future/polling.py", line 261, in result
    raise self._exception
google.api_core.exceptions.BadRequest: 400 Unrecognized name: actionDate at [1:118]; reason: invalidQuery, location: query, message: Unrecognized name: actionDate at [1:118]

Location: US
Job ID: airflow_upload_historical_congress_data_bq_create_actions_Congress_partitioned_table_task_2024_03_15T00_00_00_00_00_481aa22e315ab4df18037bd66ae9d720

[2024-03-28T04:08:07.557+0000] {taskinstance.py:1149} INFO - Marking task as UP_FOR_RETRY. dag_id=upload_historical_congress_data, task_id=bq_create_actions_Congress_partitioned_table_task, execution_date=20240315T000000, start_date=20240328T040805, end_date=20240328T040807
[2024-03-28T04:08:07.569+0000] {standard_task_runner.py:107} ERROR - Failed to execute job 201 for task bq_create_actions_Congress_partitioned_table_task (400 Unrecognized name: actionDate at [1:118]; reason: invalidQuery, location: query, message: Unrecognized name: actionDate at [1:118]

Location: US
Job ID: airflow_upload_historical_congress_data_bq_create_actions_Congress_partitioned_table_task_2024_03_15T00_00_00_00_00_481aa22e315ab4df18037bd66ae9d720
; 92)
[2024-03-28T04:08:07.582+0000] {local_task_job_runner.py:234} INFO - Task exited with return code 1
[2024-03-28T04:08:07.596+0000] {taskinstance.py:3312} INFO - 0 downstream tasks scheduled from follow-on schedule check
