[2024-06-11T00:11:04.298+0000] {processor.py:161} INFO - Started process (PID=4052) to work on /opt/airflow/dags/scripts/python/get_data.py
[2024-06-11T00:11:04.299+0000] {processor.py:830} INFO - Processing file /opt/airflow/dags/scripts/python/get_data.py for tasks to queue
[2024-06-11T00:11:04.300+0000] {logging_mixin.py:188} INFO - [2024-06-11T00:11:04.300+0000] {dagbag.py:540} INFO - Filling up the DagBag from /opt/airflow/dags/scripts/python/get_data.py
[2024-06-11T00:11:04.339+0000] {processor.py:842} WARNING - No viable dags retrieved from /opt/airflow/dags/scripts/python/get_data.py
[2024-06-11T00:11:04.351+0000] {processor.py:183} INFO - Processing /opt/airflow/dags/scripts/python/get_data.py took 0.055 seconds
[2024-06-11T01:27:35.478+0000] {processor.py:161} INFO - Started process (PID=4060) to work on /opt/airflow/dags/scripts/python/get_data.py
[2024-06-11T01:27:35.483+0000] {processor.py:830} INFO - Processing file /opt/airflow/dags/scripts/python/get_data.py for tasks to queue
[2024-06-11T01:27:35.496+0000] {logging_mixin.py:188} INFO - [2024-06-11T01:27:35.494+0000] {dagbag.py:540} INFO - Filling up the DagBag from /opt/airflow/dags/scripts/python/get_data.py
[2024-06-11T01:27:35.570+0000] {processor.py:842} WARNING - No viable dags retrieved from /opt/airflow/dags/scripts/python/get_data.py
[2024-06-11T01:27:35.614+0000] {processor.py:183} INFO - Processing /opt/airflow/dags/scripts/python/get_data.py took 0.157 seconds
[2024-06-11T02:44:53.922+0000] {processor.py:161} INFO - Started process (PID=4068) to work on /opt/airflow/dags/scripts/python/get_data.py
[2024-06-11T02:44:53.924+0000] {processor.py:830} INFO - Processing file /opt/airflow/dags/scripts/python/get_data.py for tasks to queue
[2024-06-11T02:44:53.929+0000] {logging_mixin.py:188} INFO - [2024-06-11T02:44:53.928+0000] {dagbag.py:540} INFO - Filling up the DagBag from /opt/airflow/dags/scripts/python/get_data.py
[2024-06-11T02:44:53.988+0000] {processor.py:842} WARNING - No viable dags retrieved from /opt/airflow/dags/scripts/python/get_data.py
[2024-06-11T02:44:54.013+0000] {processor.py:183} INFO - Processing /opt/airflow/dags/scripts/python/get_data.py took 0.095 seconds
[2024-06-11T03:11:37.976+0000] {processor.py:161} INFO - Started process (PID=4076) to work on /opt/airflow/dags/scripts/python/get_data.py
[2024-06-11T03:11:37.976+0000] {processor.py:830} INFO - Processing file /opt/airflow/dags/scripts/python/get_data.py for tasks to queue
[2024-06-11T03:11:37.978+0000] {logging_mixin.py:188} INFO - [2024-06-11T03:11:37.978+0000] {dagbag.py:540} INFO - Filling up the DagBag from /opt/airflow/dags/scripts/python/get_data.py
[2024-06-11T03:11:38.014+0000] {processor.py:842} WARNING - No viable dags retrieved from /opt/airflow/dags/scripts/python/get_data.py
[2024-06-11T03:11:38.034+0000] {processor.py:183} INFO - Processing /opt/airflow/dags/scripts/python/get_data.py took 0.061 seconds
[2024-06-11T03:12:08.545+0000] {processor.py:161} INFO - Started process (PID=4084) to work on /opt/airflow/dags/scripts/python/get_data.py
[2024-06-11T03:12:08.546+0000] {processor.py:830} INFO - Processing file /opt/airflow/dags/scripts/python/get_data.py for tasks to queue
[2024-06-11T03:12:08.547+0000] {logging_mixin.py:188} INFO - [2024-06-11T03:12:08.547+0000] {dagbag.py:540} INFO - Filling up the DagBag from /opt/airflow/dags/scripts/python/get_data.py
[2024-06-11T03:12:08.574+0000] {processor.py:842} WARNING - No viable dags retrieved from /opt/airflow/dags/scripts/python/get_data.py
[2024-06-11T03:12:08.587+0000] {processor.py:183} INFO - Processing /opt/airflow/dags/scripts/python/get_data.py took 0.046 seconds
[2024-06-11T03:12:38.920+0000] {processor.py:161} INFO - Started process (PID=4092) to work on /opt/airflow/dags/scripts/python/get_data.py
[2024-06-11T03:12:38.922+0000] {processor.py:830} INFO - Processing file /opt/airflow/dags/scripts/python/get_data.py for tasks to queue
[2024-06-11T03:12:38.924+0000] {logging_mixin.py:188} INFO - [2024-06-11T03:12:38.923+0000] {dagbag.py:540} INFO - Filling up the DagBag from /opt/airflow/dags/scripts/python/get_data.py
[2024-06-11T03:12:38.947+0000] {processor.py:842} WARNING - No viable dags retrieved from /opt/airflow/dags/scripts/python/get_data.py
[2024-06-11T03:12:38.956+0000] {processor.py:183} INFO - Processing /opt/airflow/dags/scripts/python/get_data.py took 0.039 seconds
[2024-06-11T03:13:09.308+0000] {processor.py:161} INFO - Started process (PID=4100) to work on /opt/airflow/dags/scripts/python/get_data.py
[2024-06-11T03:13:09.310+0000] {processor.py:830} INFO - Processing file /opt/airflow/dags/scripts/python/get_data.py for tasks to queue
[2024-06-11T03:13:09.312+0000] {logging_mixin.py:188} INFO - [2024-06-11T03:13:09.311+0000] {dagbag.py:540} INFO - Filling up the DagBag from /opt/airflow/dags/scripts/python/get_data.py
[2024-06-11T03:13:09.338+0000] {processor.py:842} WARNING - No viable dags retrieved from /opt/airflow/dags/scripts/python/get_data.py
[2024-06-11T03:13:09.349+0000] {processor.py:183} INFO - Processing /opt/airflow/dags/scripts/python/get_data.py took 0.045 seconds
[2024-06-11T03:13:39.727+0000] {processor.py:161} INFO - Started process (PID=4108) to work on /opt/airflow/dags/scripts/python/get_data.py
[2024-06-11T03:13:39.728+0000] {processor.py:830} INFO - Processing file /opt/airflow/dags/scripts/python/get_data.py for tasks to queue
[2024-06-11T03:13:39.730+0000] {logging_mixin.py:188} INFO - [2024-06-11T03:13:39.730+0000] {dagbag.py:540} INFO - Filling up the DagBag from /opt/airflow/dags/scripts/python/get_data.py
[2024-06-11T03:13:39.754+0000] {processor.py:842} WARNING - No viable dags retrieved from /opt/airflow/dags/scripts/python/get_data.py
[2024-06-11T03:13:39.763+0000] {processor.py:183} INFO - Processing /opt/airflow/dags/scripts/python/get_data.py took 0.040 seconds
[2024-06-11T03:14:10.094+0000] {processor.py:161} INFO - Started process (PID=4116) to work on /opt/airflow/dags/scripts/python/get_data.py
[2024-06-11T03:14:10.095+0000] {processor.py:830} INFO - Processing file /opt/airflow/dags/scripts/python/get_data.py for tasks to queue
[2024-06-11T03:14:10.097+0000] {logging_mixin.py:188} INFO - [2024-06-11T03:14:10.097+0000] {dagbag.py:540} INFO - Filling up the DagBag from /opt/airflow/dags/scripts/python/get_data.py
[2024-06-11T03:14:10.121+0000] {processor.py:842} WARNING - No viable dags retrieved from /opt/airflow/dags/scripts/python/get_data.py
[2024-06-11T03:14:10.130+0000] {processor.py:183} INFO - Processing /opt/airflow/dags/scripts/python/get_data.py took 0.038 seconds
[2024-06-11T03:14:40.493+0000] {processor.py:161} INFO - Started process (PID=4124) to work on /opt/airflow/dags/scripts/python/get_data.py
[2024-06-11T03:14:40.494+0000] {processor.py:830} INFO - Processing file /opt/airflow/dags/scripts/python/get_data.py for tasks to queue
[2024-06-11T03:14:40.496+0000] {logging_mixin.py:188} INFO - [2024-06-11T03:14:40.496+0000] {dagbag.py:540} INFO - Filling up the DagBag from /opt/airflow/dags/scripts/python/get_data.py
[2024-06-11T03:14:40.519+0000] {processor.py:842} WARNING - No viable dags retrieved from /opt/airflow/dags/scripts/python/get_data.py
[2024-06-11T03:14:40.528+0000] {processor.py:183} INFO - Processing /opt/airflow/dags/scripts/python/get_data.py took 0.039 seconds
[2024-06-11T03:15:10.921+0000] {processor.py:161} INFO - Started process (PID=4132) to work on /opt/airflow/dags/scripts/python/get_data.py
[2024-06-11T03:15:10.922+0000] {processor.py:830} INFO - Processing file /opt/airflow/dags/scripts/python/get_data.py for tasks to queue
[2024-06-11T03:15:10.925+0000] {logging_mixin.py:188} INFO - [2024-06-11T03:15:10.924+0000] {dagbag.py:540} INFO - Filling up the DagBag from /opt/airflow/dags/scripts/python/get_data.py
[2024-06-11T03:15:10.949+0000] {processor.py:842} WARNING - No viable dags retrieved from /opt/airflow/dags/scripts/python/get_data.py
[2024-06-11T03:15:10.958+0000] {processor.py:183} INFO - Processing /opt/airflow/dags/scripts/python/get_data.py took 0.041 seconds
[2024-06-11T03:15:41.295+0000] {processor.py:161} INFO - Started process (PID=4140) to work on /opt/airflow/dags/scripts/python/get_data.py
[2024-06-11T03:15:41.296+0000] {processor.py:830} INFO - Processing file /opt/airflow/dags/scripts/python/get_data.py for tasks to queue
[2024-06-11T03:15:41.298+0000] {logging_mixin.py:188} INFO - [2024-06-11T03:15:41.298+0000] {dagbag.py:540} INFO - Filling up the DagBag from /opt/airflow/dags/scripts/python/get_data.py
[2024-06-11T03:15:41.320+0000] {processor.py:842} WARNING - No viable dags retrieved from /opt/airflow/dags/scripts/python/get_data.py
[2024-06-11T03:15:41.329+0000] {processor.py:183} INFO - Processing /opt/airflow/dags/scripts/python/get_data.py took 0.038 seconds
[2024-06-11T03:16:11.690+0000] {processor.py:161} INFO - Started process (PID=4149) to work on /opt/airflow/dags/scripts/python/get_data.py
[2024-06-11T03:16:11.691+0000] {processor.py:830} INFO - Processing file /opt/airflow/dags/scripts/python/get_data.py for tasks to queue
[2024-06-11T03:16:11.694+0000] {logging_mixin.py:188} INFO - [2024-06-11T03:16:11.693+0000] {dagbag.py:540} INFO - Filling up the DagBag from /opt/airflow/dags/scripts/python/get_data.py
[2024-06-11T03:16:11.717+0000] {processor.py:842} WARNING - No viable dags retrieved from /opt/airflow/dags/scripts/python/get_data.py
[2024-06-11T03:16:11.726+0000] {processor.py:183} INFO - Processing /opt/airflow/dags/scripts/python/get_data.py took 0.039 seconds
[2024-06-11T03:16:42.257+0000] {processor.py:161} INFO - Started process (PID=4157) to work on /opt/airflow/dags/scripts/python/get_data.py
[2024-06-11T03:16:42.259+0000] {processor.py:830} INFO - Processing file /opt/airflow/dags/scripts/python/get_data.py for tasks to queue
[2024-06-11T03:16:42.261+0000] {logging_mixin.py:188} INFO - [2024-06-11T03:16:42.261+0000] {dagbag.py:540} INFO - Filling up the DagBag from /opt/airflow/dags/scripts/python/get_data.py
[2024-06-11T03:16:42.296+0000] {processor.py:842} WARNING - No viable dags retrieved from /opt/airflow/dags/scripts/python/get_data.py
[2024-06-11T03:16:42.306+0000] {processor.py:183} INFO - Processing /opt/airflow/dags/scripts/python/get_data.py took 0.053 seconds
[2024-06-11T03:17:12.640+0000] {processor.py:161} INFO - Started process (PID=4165) to work on /opt/airflow/dags/scripts/python/get_data.py
[2024-06-11T03:17:12.641+0000] {processor.py:830} INFO - Processing file /opt/airflow/dags/scripts/python/get_data.py for tasks to queue
[2024-06-11T03:17:12.642+0000] {logging_mixin.py:188} INFO - [2024-06-11T03:17:12.642+0000] {dagbag.py:540} INFO - Filling up the DagBag from /opt/airflow/dags/scripts/python/get_data.py
[2024-06-11T03:17:12.673+0000] {processor.py:842} WARNING - No viable dags retrieved from /opt/airflow/dags/scripts/python/get_data.py
[2024-06-11T03:17:12.683+0000] {processor.py:183} INFO - Processing /opt/airflow/dags/scripts/python/get_data.py took 0.046 seconds
[2024-06-11T03:17:43.028+0000] {processor.py:161} INFO - Started process (PID=4173) to work on /opt/airflow/dags/scripts/python/get_data.py
[2024-06-11T03:17:43.029+0000] {processor.py:830} INFO - Processing file /opt/airflow/dags/scripts/python/get_data.py for tasks to queue
[2024-06-11T03:17:43.032+0000] {logging_mixin.py:188} INFO - [2024-06-11T03:17:43.031+0000] {dagbag.py:540} INFO - Filling up the DagBag from /opt/airflow/dags/scripts/python/get_data.py
[2024-06-11T03:17:43.068+0000] {processor.py:842} WARNING - No viable dags retrieved from /opt/airflow/dags/scripts/python/get_data.py
[2024-06-11T03:17:43.078+0000] {processor.py:183} INFO - Processing /opt/airflow/dags/scripts/python/get_data.py took 0.053 seconds
[2024-06-11T03:18:13.363+0000] {processor.py:161} INFO - Started process (PID=4181) to work on /opt/airflow/dags/scripts/python/get_data.py
[2024-06-11T03:18:13.364+0000] {processor.py:830} INFO - Processing file /opt/airflow/dags/scripts/python/get_data.py for tasks to queue
[2024-06-11T03:18:13.365+0000] {logging_mixin.py:188} INFO - [2024-06-11T03:18:13.365+0000] {dagbag.py:540} INFO - Filling up the DagBag from /opt/airflow/dags/scripts/python/get_data.py
[2024-06-11T03:18:13.398+0000] {processor.py:842} WARNING - No viable dags retrieved from /opt/airflow/dags/scripts/python/get_data.py
[2024-06-11T03:18:13.414+0000] {processor.py:183} INFO - Processing /opt/airflow/dags/scripts/python/get_data.py took 0.054 seconds
[2024-06-11T03:18:43.825+0000] {processor.py:161} INFO - Started process (PID=4189) to work on /opt/airflow/dags/scripts/python/get_data.py
[2024-06-11T03:18:43.826+0000] {processor.py:830} INFO - Processing file /opt/airflow/dags/scripts/python/get_data.py for tasks to queue
[2024-06-11T03:18:43.828+0000] {logging_mixin.py:188} INFO - [2024-06-11T03:18:43.828+0000] {dagbag.py:540} INFO - Filling up the DagBag from /opt/airflow/dags/scripts/python/get_data.py
[2024-06-11T03:18:43.867+0000] {processor.py:842} WARNING - No viable dags retrieved from /opt/airflow/dags/scripts/python/get_data.py
[2024-06-11T03:18:43.878+0000] {processor.py:183} INFO - Processing /opt/airflow/dags/scripts/python/get_data.py took 0.056 seconds
[2024-06-11T03:19:14.234+0000] {processor.py:161} INFO - Started process (PID=4197) to work on /opt/airflow/dags/scripts/python/get_data.py
[2024-06-11T03:19:14.235+0000] {processor.py:830} INFO - Processing file /opt/airflow/dags/scripts/python/get_data.py for tasks to queue
[2024-06-11T03:19:14.238+0000] {logging_mixin.py:188} INFO - [2024-06-11T03:19:14.237+0000] {dagbag.py:540} INFO - Filling up the DagBag from /opt/airflow/dags/scripts/python/get_data.py
[2024-06-11T03:19:14.271+0000] {processor.py:842} WARNING - No viable dags retrieved from /opt/airflow/dags/scripts/python/get_data.py
[2024-06-11T03:19:14.280+0000] {processor.py:183} INFO - Processing /opt/airflow/dags/scripts/python/get_data.py took 0.051 seconds
[2024-06-11T03:19:44.668+0000] {processor.py:161} INFO - Started process (PID=4205) to work on /opt/airflow/dags/scripts/python/get_data.py
[2024-06-11T03:19:44.669+0000] {processor.py:830} INFO - Processing file /opt/airflow/dags/scripts/python/get_data.py for tasks to queue
[2024-06-11T03:19:44.672+0000] {logging_mixin.py:188} INFO - [2024-06-11T03:19:44.671+0000] {dagbag.py:540} INFO - Filling up the DagBag from /opt/airflow/dags/scripts/python/get_data.py
[2024-06-11T03:19:44.697+0000] {processor.py:842} WARNING - No viable dags retrieved from /opt/airflow/dags/scripts/python/get_data.py
[2024-06-11T03:19:44.708+0000] {processor.py:183} INFO - Processing /opt/airflow/dags/scripts/python/get_data.py took 0.044 seconds
[2024-06-11T03:20:15.050+0000] {processor.py:161} INFO - Started process (PID=4213) to work on /opt/airflow/dags/scripts/python/get_data.py
[2024-06-11T03:20:15.051+0000] {processor.py:830} INFO - Processing file /opt/airflow/dags/scripts/python/get_data.py for tasks to queue
[2024-06-11T03:20:15.053+0000] {logging_mixin.py:188} INFO - [2024-06-11T03:20:15.053+0000] {dagbag.py:540} INFO - Filling up the DagBag from /opt/airflow/dags/scripts/python/get_data.py
[2024-06-11T03:20:15.079+0000] {processor.py:842} WARNING - No viable dags retrieved from /opt/airflow/dags/scripts/python/get_data.py
[2024-06-11T03:20:15.090+0000] {processor.py:183} INFO - Processing /opt/airflow/dags/scripts/python/get_data.py took 0.043 seconds
[2024-06-11T03:20:45.458+0000] {processor.py:161} INFO - Started process (PID=4221) to work on /opt/airflow/dags/scripts/python/get_data.py
[2024-06-11T03:20:45.459+0000] {processor.py:830} INFO - Processing file /opt/airflow/dags/scripts/python/get_data.py for tasks to queue
[2024-06-11T03:20:45.462+0000] {logging_mixin.py:188} INFO - [2024-06-11T03:20:45.461+0000] {dagbag.py:540} INFO - Filling up the DagBag from /opt/airflow/dags/scripts/python/get_data.py
[2024-06-11T03:20:45.487+0000] {processor.py:842} WARNING - No viable dags retrieved from /opt/airflow/dags/scripts/python/get_data.py
[2024-06-11T03:20:45.497+0000] {processor.py:183} INFO - Processing /opt/airflow/dags/scripts/python/get_data.py took 0.043 seconds
[2024-06-11T03:21:15.894+0000] {processor.py:161} INFO - Started process (PID=4229) to work on /opt/airflow/dags/scripts/python/get_data.py
[2024-06-11T03:21:15.895+0000] {processor.py:830} INFO - Processing file /opt/airflow/dags/scripts/python/get_data.py for tasks to queue
[2024-06-11T03:21:15.897+0000] {logging_mixin.py:188} INFO - [2024-06-11T03:21:15.897+0000] {dagbag.py:540} INFO - Filling up the DagBag from /opt/airflow/dags/scripts/python/get_data.py
[2024-06-11T03:21:15.921+0000] {processor.py:842} WARNING - No viable dags retrieved from /opt/airflow/dags/scripts/python/get_data.py
[2024-06-11T03:21:15.931+0000] {processor.py:183} INFO - Processing /opt/airflow/dags/scripts/python/get_data.py took 0.041 seconds
[2024-06-11T03:21:46.511+0000] {processor.py:161} INFO - Started process (PID=4237) to work on /opt/airflow/dags/scripts/python/get_data.py
[2024-06-11T03:21:46.512+0000] {processor.py:830} INFO - Processing file /opt/airflow/dags/scripts/python/get_data.py for tasks to queue
[2024-06-11T03:21:46.514+0000] {logging_mixin.py:188} INFO - [2024-06-11T03:21:46.514+0000] {dagbag.py:540} INFO - Filling up the DagBag from /opt/airflow/dags/scripts/python/get_data.py
[2024-06-11T03:21:46.536+0000] {processor.py:842} WARNING - No viable dags retrieved from /opt/airflow/dags/scripts/python/get_data.py
[2024-06-11T03:21:46.545+0000] {processor.py:183} INFO - Processing /opt/airflow/dags/scripts/python/get_data.py took 0.038 seconds
[2024-06-11T03:22:16.927+0000] {processor.py:161} INFO - Started process (PID=4245) to work on /opt/airflow/dags/scripts/python/get_data.py
[2024-06-11T03:22:16.928+0000] {processor.py:830} INFO - Processing file /opt/airflow/dags/scripts/python/get_data.py for tasks to queue
[2024-06-11T03:22:16.930+0000] {logging_mixin.py:188} INFO - [2024-06-11T03:22:16.930+0000] {dagbag.py:540} INFO - Filling up the DagBag from /opt/airflow/dags/scripts/python/get_data.py
[2024-06-11T03:22:16.953+0000] {processor.py:842} WARNING - No viable dags retrieved from /opt/airflow/dags/scripts/python/get_data.py
[2024-06-11T03:22:16.963+0000] {processor.py:183} INFO - Processing /opt/airflow/dags/scripts/python/get_data.py took 0.040 seconds
[2024-06-11T03:22:47.311+0000] {processor.py:161} INFO - Started process (PID=4253) to work on /opt/airflow/dags/scripts/python/get_data.py
[2024-06-11T03:22:47.313+0000] {processor.py:830} INFO - Processing file /opt/airflow/dags/scripts/python/get_data.py for tasks to queue
[2024-06-11T03:22:47.315+0000] {logging_mixin.py:188} INFO - [2024-06-11T03:22:47.315+0000] {dagbag.py:540} INFO - Filling up the DagBag from /opt/airflow/dags/scripts/python/get_data.py
[2024-06-11T03:22:47.342+0000] {processor.py:842} WARNING - No viable dags retrieved from /opt/airflow/dags/scripts/python/get_data.py
[2024-06-11T03:22:47.353+0000] {processor.py:183} INFO - Processing /opt/airflow/dags/scripts/python/get_data.py took 0.046 seconds
[2024-06-11T03:23:17.731+0000] {processor.py:161} INFO - Started process (PID=4261) to work on /opt/airflow/dags/scripts/python/get_data.py
[2024-06-11T03:23:17.732+0000] {processor.py:830} INFO - Processing file /opt/airflow/dags/scripts/python/get_data.py for tasks to queue
[2024-06-11T03:23:17.734+0000] {logging_mixin.py:188} INFO - [2024-06-11T03:23:17.734+0000] {dagbag.py:540} INFO - Filling up the DagBag from /opt/airflow/dags/scripts/python/get_data.py
[2024-06-11T03:23:17.757+0000] {processor.py:842} WARNING - No viable dags retrieved from /opt/airflow/dags/scripts/python/get_data.py
[2024-06-11T03:23:17.767+0000] {processor.py:183} INFO - Processing /opt/airflow/dags/scripts/python/get_data.py took 0.039 seconds
[2024-06-11T03:23:48.146+0000] {processor.py:161} INFO - Started process (PID=4269) to work on /opt/airflow/dags/scripts/python/get_data.py
[2024-06-11T03:23:48.149+0000] {processor.py:830} INFO - Processing file /opt/airflow/dags/scripts/python/get_data.py for tasks to queue
[2024-06-11T03:23:48.153+0000] {logging_mixin.py:188} INFO - [2024-06-11T03:23:48.153+0000] {dagbag.py:540} INFO - Filling up the DagBag from /opt/airflow/dags/scripts/python/get_data.py
[2024-06-11T03:23:48.178+0000] {processor.py:842} WARNING - No viable dags retrieved from /opt/airflow/dags/scripts/python/get_data.py
[2024-06-11T03:23:48.188+0000] {processor.py:183} INFO - Processing /opt/airflow/dags/scripts/python/get_data.py took 0.047 seconds
[2024-06-11T03:24:18.876+0000] {processor.py:161} INFO - Started process (PID=4277) to work on /opt/airflow/dags/scripts/python/get_data.py
[2024-06-11T03:24:18.878+0000] {processor.py:830} INFO - Processing file /opt/airflow/dags/scripts/python/get_data.py for tasks to queue
[2024-06-11T03:24:18.880+0000] {logging_mixin.py:188} INFO - [2024-06-11T03:24:18.880+0000] {dagbag.py:540} INFO - Filling up the DagBag from /opt/airflow/dags/scripts/python/get_data.py
[2024-06-11T03:24:18.927+0000] {processor.py:842} WARNING - No viable dags retrieved from /opt/airflow/dags/scripts/python/get_data.py
[2024-06-11T03:24:18.943+0000] {processor.py:183} INFO - Processing /opt/airflow/dags/scripts/python/get_data.py took 0.071 seconds
[2024-06-11T03:24:49.271+0000] {processor.py:161} INFO - Started process (PID=4285) to work on /opt/airflow/dags/scripts/python/get_data.py
[2024-06-11T03:24:49.272+0000] {processor.py:830} INFO - Processing file /opt/airflow/dags/scripts/python/get_data.py for tasks to queue
[2024-06-11T03:24:49.275+0000] {logging_mixin.py:188} INFO - [2024-06-11T03:24:49.274+0000] {dagbag.py:540} INFO - Filling up the DagBag from /opt/airflow/dags/scripts/python/get_data.py
[2024-06-11T03:24:49.303+0000] {processor.py:842} WARNING - No viable dags retrieved from /opt/airflow/dags/scripts/python/get_data.py
[2024-06-11T03:24:49.317+0000] {processor.py:183} INFO - Processing /opt/airflow/dags/scripts/python/get_data.py took 0.051 seconds
[2024-06-11T03:25:19.626+0000] {processor.py:161} INFO - Started process (PID=4293) to work on /opt/airflow/dags/scripts/python/get_data.py
[2024-06-11T03:25:19.627+0000] {processor.py:830} INFO - Processing file /opt/airflow/dags/scripts/python/get_data.py for tasks to queue
[2024-06-11T03:25:19.630+0000] {logging_mixin.py:188} INFO - [2024-06-11T03:25:19.629+0000] {dagbag.py:540} INFO - Filling up the DagBag from /opt/airflow/dags/scripts/python/get_data.py
[2024-06-11T03:25:19.653+0000] {processor.py:842} WARNING - No viable dags retrieved from /opt/airflow/dags/scripts/python/get_data.py
[2024-06-11T03:25:19.870+0000] {processor.py:183} INFO - Processing /opt/airflow/dags/scripts/python/get_data.py took 0.247 seconds
[2024-06-11T03:25:50.246+0000] {processor.py:161} INFO - Started process (PID=4301) to work on /opt/airflow/dags/scripts/python/get_data.py
[2024-06-11T03:25:50.247+0000] {processor.py:830} INFO - Processing file /opt/airflow/dags/scripts/python/get_data.py for tasks to queue
[2024-06-11T03:25:50.249+0000] {logging_mixin.py:188} INFO - [2024-06-11T03:25:50.249+0000] {dagbag.py:540} INFO - Filling up the DagBag from /opt/airflow/dags/scripts/python/get_data.py
[2024-06-11T03:25:50.272+0000] {processor.py:842} WARNING - No viable dags retrieved from /opt/airflow/dags/scripts/python/get_data.py
[2024-06-11T03:25:50.282+0000] {processor.py:183} INFO - Processing /opt/airflow/dags/scripts/python/get_data.py took 0.039 seconds
[2024-06-11T03:26:20.633+0000] {processor.py:161} INFO - Started process (PID=4309) to work on /opt/airflow/dags/scripts/python/get_data.py
[2024-06-11T03:26:20.634+0000] {processor.py:830} INFO - Processing file /opt/airflow/dags/scripts/python/get_data.py for tasks to queue
[2024-06-11T03:26:20.635+0000] {logging_mixin.py:188} INFO - [2024-06-11T03:26:20.635+0000] {dagbag.py:540} INFO - Filling up the DagBag from /opt/airflow/dags/scripts/python/get_data.py
[2024-06-11T03:26:20.814+0000] {processor.py:842} WARNING - No viable dags retrieved from /opt/airflow/dags/scripts/python/get_data.py
[2024-06-11T03:26:20.822+0000] {processor.py:183} INFO - Processing /opt/airflow/dags/scripts/python/get_data.py took 0.192 seconds
[2024-06-11T03:26:51.394+0000] {processor.py:161} INFO - Started process (PID=4317) to work on /opt/airflow/dags/scripts/python/get_data.py
[2024-06-11T03:26:51.395+0000] {processor.py:830} INFO - Processing file /opt/airflow/dags/scripts/python/get_data.py for tasks to queue
[2024-06-11T03:26:51.397+0000] {logging_mixin.py:188} INFO - [2024-06-11T03:26:51.397+0000] {dagbag.py:540} INFO - Filling up the DagBag from /opt/airflow/dags/scripts/python/get_data.py
[2024-06-11T03:26:51.423+0000] {processor.py:842} WARNING - No viable dags retrieved from /opt/airflow/dags/scripts/python/get_data.py
[2024-06-11T03:26:51.433+0000] {processor.py:183} INFO - Processing /opt/airflow/dags/scripts/python/get_data.py took 0.043 seconds
[2024-06-11T03:27:21.927+0000] {processor.py:161} INFO - Started process (PID=4325) to work on /opt/airflow/dags/scripts/python/get_data.py
[2024-06-11T03:27:21.928+0000] {processor.py:830} INFO - Processing file /opt/airflow/dags/scripts/python/get_data.py for tasks to queue
[2024-06-11T03:27:21.930+0000] {logging_mixin.py:188} INFO - [2024-06-11T03:27:21.929+0000] {dagbag.py:540} INFO - Filling up the DagBag from /opt/airflow/dags/scripts/python/get_data.py
[2024-06-11T03:27:21.949+0000] {processor.py:842} WARNING - No viable dags retrieved from /opt/airflow/dags/scripts/python/get_data.py
[2024-06-11T03:27:21.959+0000] {processor.py:183} INFO - Processing /opt/airflow/dags/scripts/python/get_data.py took 0.034 seconds
[2024-06-11T03:27:52.326+0000] {processor.py:161} INFO - Started process (PID=4333) to work on /opt/airflow/dags/scripts/python/get_data.py
[2024-06-11T03:27:52.327+0000] {processor.py:830} INFO - Processing file /opt/airflow/dags/scripts/python/get_data.py for tasks to queue
[2024-06-11T03:27:52.329+0000] {logging_mixin.py:188} INFO - [2024-06-11T03:27:52.329+0000] {dagbag.py:540} INFO - Filling up the DagBag from /opt/airflow/dags/scripts/python/get_data.py
[2024-06-11T03:27:52.356+0000] {processor.py:842} WARNING - No viable dags retrieved from /opt/airflow/dags/scripts/python/get_data.py
[2024-06-11T03:27:52.366+0000] {processor.py:183} INFO - Processing /opt/airflow/dags/scripts/python/get_data.py took 0.044 seconds
[2024-06-11T03:28:22.711+0000] {processor.py:161} INFO - Started process (PID=4341) to work on /opt/airflow/dags/scripts/python/get_data.py
[2024-06-11T03:28:22.712+0000] {processor.py:830} INFO - Processing file /opt/airflow/dags/scripts/python/get_data.py for tasks to queue
[2024-06-11T03:28:22.714+0000] {logging_mixin.py:188} INFO - [2024-06-11T03:28:22.714+0000] {dagbag.py:540} INFO - Filling up the DagBag from /opt/airflow/dags/scripts/python/get_data.py
[2024-06-11T03:28:22.735+0000] {processor.py:842} WARNING - No viable dags retrieved from /opt/airflow/dags/scripts/python/get_data.py
[2024-06-11T03:28:22.746+0000] {processor.py:183} INFO - Processing /opt/airflow/dags/scripts/python/get_data.py took 0.037 seconds
[2024-06-11T03:28:53.111+0000] {processor.py:161} INFO - Started process (PID=4349) to work on /opt/airflow/dags/scripts/python/get_data.py
[2024-06-11T03:28:53.112+0000] {processor.py:830} INFO - Processing file /opt/airflow/dags/scripts/python/get_data.py for tasks to queue
[2024-06-11T03:28:53.115+0000] {logging_mixin.py:188} INFO - [2024-06-11T03:28:53.114+0000] {dagbag.py:540} INFO - Filling up the DagBag from /opt/airflow/dags/scripts/python/get_data.py
[2024-06-11T03:28:53.139+0000] {processor.py:842} WARNING - No viable dags retrieved from /opt/airflow/dags/scripts/python/get_data.py
[2024-06-11T03:28:53.150+0000] {processor.py:183} INFO - Processing /opt/airflow/dags/scripts/python/get_data.py took 0.042 seconds
[2024-06-11T03:29:23.524+0000] {processor.py:161} INFO - Started process (PID=4357) to work on /opt/airflow/dags/scripts/python/get_data.py
[2024-06-11T03:29:23.525+0000] {processor.py:830} INFO - Processing file /opt/airflow/dags/scripts/python/get_data.py for tasks to queue
[2024-06-11T03:29:23.528+0000] {logging_mixin.py:188} INFO - [2024-06-11T03:29:23.527+0000] {dagbag.py:540} INFO - Filling up the DagBag from /opt/airflow/dags/scripts/python/get_data.py
[2024-06-11T03:29:23.563+0000] {processor.py:842} WARNING - No viable dags retrieved from /opt/airflow/dags/scripts/python/get_data.py
[2024-06-11T03:29:23.572+0000] {processor.py:183} INFO - Processing /opt/airflow/dags/scripts/python/get_data.py took 0.051 seconds
[2024-06-11T03:29:53.999+0000] {processor.py:161} INFO - Started process (PID=4371) to work on /opt/airflow/dags/scripts/python/get_data.py
[2024-06-11T03:29:54.001+0000] {processor.py:830} INFO - Processing file /opt/airflow/dags/scripts/python/get_data.py for tasks to queue
[2024-06-11T03:29:54.003+0000] {logging_mixin.py:188} INFO - [2024-06-11T03:29:54.003+0000] {dagbag.py:540} INFO - Filling up the DagBag from /opt/airflow/dags/scripts/python/get_data.py
[2024-06-11T03:29:54.029+0000] {processor.py:842} WARNING - No viable dags retrieved from /opt/airflow/dags/scripts/python/get_data.py
[2024-06-11T03:29:54.039+0000] {processor.py:183} INFO - Processing /opt/airflow/dags/scripts/python/get_data.py took 0.044 seconds
[2024-06-11T03:30:24.393+0000] {processor.py:161} INFO - Started process (PID=4379) to work on /opt/airflow/dags/scripts/python/get_data.py
[2024-06-11T03:30:24.394+0000] {processor.py:830} INFO - Processing file /opt/airflow/dags/scripts/python/get_data.py for tasks to queue
[2024-06-11T03:30:24.397+0000] {logging_mixin.py:188} INFO - [2024-06-11T03:30:24.396+0000] {dagbag.py:540} INFO - Filling up the DagBag from /opt/airflow/dags/scripts/python/get_data.py
[2024-06-11T03:30:24.421+0000] {processor.py:842} WARNING - No viable dags retrieved from /opt/airflow/dags/scripts/python/get_data.py
[2024-06-11T03:30:24.430+0000] {processor.py:183} INFO - Processing /opt/airflow/dags/scripts/python/get_data.py took 0.040 seconds
[2024-06-11T03:30:54.822+0000] {processor.py:161} INFO - Started process (PID=4387) to work on /opt/airflow/dags/scripts/python/get_data.py
[2024-06-11T03:30:54.823+0000] {processor.py:830} INFO - Processing file /opt/airflow/dags/scripts/python/get_data.py for tasks to queue
[2024-06-11T03:30:54.824+0000] {logging_mixin.py:188} INFO - [2024-06-11T03:30:54.824+0000] {dagbag.py:540} INFO - Filling up the DagBag from /opt/airflow/dags/scripts/python/get_data.py
[2024-06-11T03:30:54.857+0000] {processor.py:842} WARNING - No viable dags retrieved from /opt/airflow/dags/scripts/python/get_data.py
[2024-06-11T03:30:54.870+0000] {processor.py:183} INFO - Processing /opt/airflow/dags/scripts/python/get_data.py took 0.051 seconds
[2024-06-11T03:31:25.286+0000] {processor.py:161} INFO - Started process (PID=4395) to work on /opt/airflow/dags/scripts/python/get_data.py
[2024-06-11T03:31:25.287+0000] {processor.py:830} INFO - Processing file /opt/airflow/dags/scripts/python/get_data.py for tasks to queue
[2024-06-11T03:31:25.289+0000] {logging_mixin.py:188} INFO - [2024-06-11T03:31:25.289+0000] {dagbag.py:540} INFO - Filling up the DagBag from /opt/airflow/dags/scripts/python/get_data.py
[2024-06-11T03:31:25.312+0000] {processor.py:842} WARNING - No viable dags retrieved from /opt/airflow/dags/scripts/python/get_data.py
[2024-06-11T03:31:25.322+0000] {processor.py:183} INFO - Processing /opt/airflow/dags/scripts/python/get_data.py took 0.039 seconds
[2024-06-11T03:31:55.867+0000] {processor.py:161} INFO - Started process (PID=4403) to work on /opt/airflow/dags/scripts/python/get_data.py
[2024-06-11T03:31:55.867+0000] {processor.py:830} INFO - Processing file /opt/airflow/dags/scripts/python/get_data.py for tasks to queue
[2024-06-11T03:31:55.869+0000] {logging_mixin.py:188} INFO - [2024-06-11T03:31:55.869+0000] {dagbag.py:540} INFO - Filling up the DagBag from /opt/airflow/dags/scripts/python/get_data.py
[2024-06-11T03:31:55.890+0000] {processor.py:842} WARNING - No viable dags retrieved from /opt/airflow/dags/scripts/python/get_data.py
[2024-06-11T03:31:55.901+0000] {processor.py:183} INFO - Processing /opt/airflow/dags/scripts/python/get_data.py took 0.036 seconds
[2024-06-11T03:32:26.242+0000] {processor.py:161} INFO - Started process (PID=4411) to work on /opt/airflow/dags/scripts/python/get_data.py
[2024-06-11T03:32:26.243+0000] {processor.py:830} INFO - Processing file /opt/airflow/dags/scripts/python/get_data.py for tasks to queue
[2024-06-11T03:32:26.246+0000] {logging_mixin.py:188} INFO - [2024-06-11T03:32:26.246+0000] {dagbag.py:540} INFO - Filling up the DagBag from /opt/airflow/dags/scripts/python/get_data.py
[2024-06-11T03:32:26.271+0000] {processor.py:842} WARNING - No viable dags retrieved from /opt/airflow/dags/scripts/python/get_data.py
[2024-06-11T03:32:26.281+0000] {processor.py:183} INFO - Processing /opt/airflow/dags/scripts/python/get_data.py took 0.042 seconds
[2024-06-11T03:32:56.656+0000] {processor.py:161} INFO - Started process (PID=4419) to work on /opt/airflow/dags/scripts/python/get_data.py
[2024-06-11T03:32:56.657+0000] {processor.py:830} INFO - Processing file /opt/airflow/dags/scripts/python/get_data.py for tasks to queue
[2024-06-11T03:32:56.659+0000] {logging_mixin.py:188} INFO - [2024-06-11T03:32:56.659+0000] {dagbag.py:540} INFO - Filling up the DagBag from /opt/airflow/dags/scripts/python/get_data.py
[2024-06-11T03:32:56.683+0000] {processor.py:842} WARNING - No viable dags retrieved from /opt/airflow/dags/scripts/python/get_data.py
[2024-06-11T03:32:56.695+0000] {processor.py:183} INFO - Processing /opt/airflow/dags/scripts/python/get_data.py took 0.042 seconds
[2024-06-11T03:33:27.039+0000] {processor.py:161} INFO - Started process (PID=4427) to work on /opt/airflow/dags/scripts/python/get_data.py
[2024-06-11T03:33:27.040+0000] {processor.py:830} INFO - Processing file /opt/airflow/dags/scripts/python/get_data.py for tasks to queue
[2024-06-11T03:33:27.043+0000] {logging_mixin.py:188} INFO - [2024-06-11T03:33:27.042+0000] {dagbag.py:540} INFO - Filling up the DagBag from /opt/airflow/dags/scripts/python/get_data.py
[2024-06-11T03:33:27.066+0000] {processor.py:842} WARNING - No viable dags retrieved from /opt/airflow/dags/scripts/python/get_data.py
[2024-06-11T03:33:27.075+0000] {processor.py:183} INFO - Processing /opt/airflow/dags/scripts/python/get_data.py took 0.039 seconds
[2024-06-11T03:33:57.468+0000] {processor.py:161} INFO - Started process (PID=4435) to work on /opt/airflow/dags/scripts/python/get_data.py
[2024-06-11T03:33:57.469+0000] {processor.py:830} INFO - Processing file /opt/airflow/dags/scripts/python/get_data.py for tasks to queue
[2024-06-11T03:33:57.472+0000] {logging_mixin.py:188} INFO - [2024-06-11T03:33:57.471+0000] {dagbag.py:540} INFO - Filling up the DagBag from /opt/airflow/dags/scripts/python/get_data.py
[2024-06-11T03:33:57.495+0000] {processor.py:842} WARNING - No viable dags retrieved from /opt/airflow/dags/scripts/python/get_data.py
[2024-06-11T03:33:57.505+0000] {processor.py:183} INFO - Processing /opt/airflow/dags/scripts/python/get_data.py took 0.040 seconds
[2024-06-11T03:34:27.877+0000] {processor.py:161} INFO - Started process (PID=4443) to work on /opt/airflow/dags/scripts/python/get_data.py
[2024-06-11T03:34:27.879+0000] {processor.py:830} INFO - Processing file /opt/airflow/dags/scripts/python/get_data.py for tasks to queue
[2024-06-11T03:34:27.880+0000] {logging_mixin.py:188} INFO - [2024-06-11T03:34:27.880+0000] {dagbag.py:540} INFO - Filling up the DagBag from /opt/airflow/dags/scripts/python/get_data.py
[2024-06-11T03:34:27.902+0000] {processor.py:842} WARNING - No viable dags retrieved from /opt/airflow/dags/scripts/python/get_data.py
[2024-06-11T03:34:27.913+0000] {processor.py:183} INFO - Processing /opt/airflow/dags/scripts/python/get_data.py took 0.038 seconds
[2024-06-11T03:34:58.315+0000] {processor.py:161} INFO - Started process (PID=4451) to work on /opt/airflow/dags/scripts/python/get_data.py
[2024-06-11T03:34:58.316+0000] {processor.py:830} INFO - Processing file /opt/airflow/dags/scripts/python/get_data.py for tasks to queue
[2024-06-11T03:34:58.318+0000] {logging_mixin.py:188} INFO - [2024-06-11T03:34:58.318+0000] {dagbag.py:540} INFO - Filling up the DagBag from /opt/airflow/dags/scripts/python/get_data.py
[2024-06-11T03:34:58.340+0000] {processor.py:842} WARNING - No viable dags retrieved from /opt/airflow/dags/scripts/python/get_data.py
[2024-06-11T03:34:58.349+0000] {processor.py:183} INFO - Processing /opt/airflow/dags/scripts/python/get_data.py took 0.037 seconds
[2024-06-11T03:35:28.658+0000] {processor.py:161} INFO - Started process (PID=4459) to work on /opt/airflow/dags/scripts/python/get_data.py
[2024-06-11T03:35:28.659+0000] {processor.py:830} INFO - Processing file /opt/airflow/dags/scripts/python/get_data.py for tasks to queue
[2024-06-11T03:35:28.661+0000] {logging_mixin.py:188} INFO - [2024-06-11T03:35:28.660+0000] {dagbag.py:540} INFO - Filling up the DagBag from /opt/airflow/dags/scripts/python/get_data.py
[2024-06-11T03:35:28.680+0000] {processor.py:842} WARNING - No viable dags retrieved from /opt/airflow/dags/scripts/python/get_data.py
[2024-06-11T03:35:28.692+0000] {processor.py:183} INFO - Processing /opt/airflow/dags/scripts/python/get_data.py took 0.036 seconds
[2024-06-11T03:35:59.088+0000] {processor.py:161} INFO - Started process (PID=4467) to work on /opt/airflow/dags/scripts/python/get_data.py
[2024-06-11T03:35:59.089+0000] {processor.py:830} INFO - Processing file /opt/airflow/dags/scripts/python/get_data.py for tasks to queue
[2024-06-11T03:35:59.091+0000] {logging_mixin.py:188} INFO - [2024-06-11T03:35:59.091+0000] {dagbag.py:540} INFO - Filling up the DagBag from /opt/airflow/dags/scripts/python/get_data.py
[2024-06-11T03:35:59.117+0000] {processor.py:842} WARNING - No viable dags retrieved from /opt/airflow/dags/scripts/python/get_data.py
[2024-06-11T03:35:59.128+0000] {processor.py:183} INFO - Processing /opt/airflow/dags/scripts/python/get_data.py took 0.044 seconds
[2024-06-11T03:36:29.458+0000] {processor.py:161} INFO - Started process (PID=4475) to work on /opt/airflow/dags/scripts/python/get_data.py
[2024-06-11T03:36:29.459+0000] {processor.py:830} INFO - Processing file /opt/airflow/dags/scripts/python/get_data.py for tasks to queue
[2024-06-11T03:36:29.461+0000] {logging_mixin.py:188} INFO - [2024-06-11T03:36:29.461+0000] {dagbag.py:540} INFO - Filling up the DagBag from /opt/airflow/dags/scripts/python/get_data.py
[2024-06-11T03:36:29.482+0000] {processor.py:842} WARNING - No viable dags retrieved from /opt/airflow/dags/scripts/python/get_data.py
[2024-06-11T03:36:29.494+0000] {processor.py:183} INFO - Processing /opt/airflow/dags/scripts/python/get_data.py took 0.038 seconds
[2024-06-11T03:37:00.016+0000] {processor.py:161} INFO - Started process (PID=4483) to work on /opt/airflow/dags/scripts/python/get_data.py
[2024-06-11T03:37:00.017+0000] {processor.py:830} INFO - Processing file /opt/airflow/dags/scripts/python/get_data.py for tasks to queue
[2024-06-11T03:37:00.018+0000] {logging_mixin.py:188} INFO - [2024-06-11T03:37:00.018+0000] {dagbag.py:540} INFO - Filling up the DagBag from /opt/airflow/dags/scripts/python/get_data.py
[2024-06-11T03:37:00.041+0000] {processor.py:842} WARNING - No viable dags retrieved from /opt/airflow/dags/scripts/python/get_data.py
[2024-06-11T03:37:00.060+0000] {processor.py:183} INFO - Processing /opt/airflow/dags/scripts/python/get_data.py took 0.047 seconds
[2024-06-11T03:37:30.454+0000] {processor.py:161} INFO - Started process (PID=4491) to work on /opt/airflow/dags/scripts/python/get_data.py
[2024-06-11T03:37:30.455+0000] {processor.py:830} INFO - Processing file /opt/airflow/dags/scripts/python/get_data.py for tasks to queue
[2024-06-11T03:37:30.457+0000] {logging_mixin.py:188} INFO - [2024-06-11T03:37:30.457+0000] {dagbag.py:540} INFO - Filling up the DagBag from /opt/airflow/dags/scripts/python/get_data.py
[2024-06-11T03:37:30.483+0000] {processor.py:842} WARNING - No viable dags retrieved from /opt/airflow/dags/scripts/python/get_data.py
[2024-06-11T03:37:30.495+0000] {processor.py:183} INFO - Processing /opt/airflow/dags/scripts/python/get_data.py took 0.045 seconds
[2024-06-11T03:38:00.826+0000] {processor.py:161} INFO - Started process (PID=4499) to work on /opt/airflow/dags/scripts/python/get_data.py
[2024-06-11T03:38:00.827+0000] {processor.py:830} INFO - Processing file /opt/airflow/dags/scripts/python/get_data.py for tasks to queue
[2024-06-11T03:38:00.830+0000] {logging_mixin.py:188} INFO - [2024-06-11T03:38:00.829+0000] {dagbag.py:540} INFO - Filling up the DagBag from /opt/airflow/dags/scripts/python/get_data.py
[2024-06-11T03:38:00.855+0000] {processor.py:842} WARNING - No viable dags retrieved from /opt/airflow/dags/scripts/python/get_data.py
[2024-06-11T03:38:00.864+0000] {processor.py:183} INFO - Processing /opt/airflow/dags/scripts/python/get_data.py took 0.042 seconds
[2024-06-11T03:38:31.211+0000] {processor.py:161} INFO - Started process (PID=4507) to work on /opt/airflow/dags/scripts/python/get_data.py
[2024-06-11T03:38:31.212+0000] {processor.py:830} INFO - Processing file /opt/airflow/dags/scripts/python/get_data.py for tasks to queue
[2024-06-11T03:38:31.214+0000] {logging_mixin.py:188} INFO - [2024-06-11T03:38:31.214+0000] {dagbag.py:540} INFO - Filling up the DagBag from /opt/airflow/dags/scripts/python/get_data.py
[2024-06-11T03:38:31.238+0000] {processor.py:842} WARNING - No viable dags retrieved from /opt/airflow/dags/scripts/python/get_data.py
[2024-06-11T03:38:31.248+0000] {processor.py:183} INFO - Processing /opt/airflow/dags/scripts/python/get_data.py took 0.041 seconds
[2024-06-11T03:39:01.632+0000] {processor.py:161} INFO - Started process (PID=4515) to work on /opt/airflow/dags/scripts/python/get_data.py
[2024-06-11T03:39:01.633+0000] {processor.py:830} INFO - Processing file /opt/airflow/dags/scripts/python/get_data.py for tasks to queue
[2024-06-11T03:39:01.636+0000] {logging_mixin.py:188} INFO - [2024-06-11T03:39:01.636+0000] {dagbag.py:540} INFO - Filling up the DagBag from /opt/airflow/dags/scripts/python/get_data.py
[2024-06-11T03:39:01.660+0000] {processor.py:842} WARNING - No viable dags retrieved from /opt/airflow/dags/scripts/python/get_data.py
[2024-06-11T03:39:01.670+0000] {processor.py:183} INFO - Processing /opt/airflow/dags/scripts/python/get_data.py took 0.041 seconds
[2024-06-11T03:39:32.008+0000] {processor.py:161} INFO - Started process (PID=4523) to work on /opt/airflow/dags/scripts/python/get_data.py
[2024-06-11T03:39:32.009+0000] {processor.py:830} INFO - Processing file /opt/airflow/dags/scripts/python/get_data.py for tasks to queue
[2024-06-11T03:39:32.011+0000] {logging_mixin.py:188} INFO - [2024-06-11T03:39:32.011+0000] {dagbag.py:540} INFO - Filling up the DagBag from /opt/airflow/dags/scripts/python/get_data.py
[2024-06-11T03:39:32.035+0000] {processor.py:842} WARNING - No viable dags retrieved from /opt/airflow/dags/scripts/python/get_data.py
[2024-06-11T03:39:32.047+0000] {processor.py:183} INFO - Processing /opt/airflow/dags/scripts/python/get_data.py took 0.043 seconds
[2024-06-11T03:40:02.409+0000] {processor.py:161} INFO - Started process (PID=4531) to work on /opt/airflow/dags/scripts/python/get_data.py
[2024-06-11T03:40:02.410+0000] {processor.py:830} INFO - Processing file /opt/airflow/dags/scripts/python/get_data.py for tasks to queue
[2024-06-11T03:40:02.413+0000] {logging_mixin.py:188} INFO - [2024-06-11T03:40:02.412+0000] {dagbag.py:540} INFO - Filling up the DagBag from /opt/airflow/dags/scripts/python/get_data.py
[2024-06-11T03:40:02.438+0000] {processor.py:842} WARNING - No viable dags retrieved from /opt/airflow/dags/scripts/python/get_data.py
[2024-06-11T03:40:02.448+0000] {processor.py:183} INFO - Processing /opt/airflow/dags/scripts/python/get_data.py took 0.043 seconds
[2024-06-11T03:40:32.811+0000] {processor.py:161} INFO - Started process (PID=4539) to work on /opt/airflow/dags/scripts/python/get_data.py
[2024-06-11T03:40:32.812+0000] {processor.py:830} INFO - Processing file /opt/airflow/dags/scripts/python/get_data.py for tasks to queue
[2024-06-11T03:40:32.815+0000] {logging_mixin.py:188} INFO - [2024-06-11T03:40:32.815+0000] {dagbag.py:540} INFO - Filling up the DagBag from /opt/airflow/dags/scripts/python/get_data.py
[2024-06-11T03:40:32.841+0000] {processor.py:842} WARNING - No viable dags retrieved from /opt/airflow/dags/scripts/python/get_data.py
[2024-06-11T03:40:32.850+0000] {processor.py:183} INFO - Processing /opt/airflow/dags/scripts/python/get_data.py took 0.044 seconds
[2024-06-11T03:41:03.233+0000] {processor.py:161} INFO - Started process (PID=4547) to work on /opt/airflow/dags/scripts/python/get_data.py
[2024-06-11T03:41:03.235+0000] {processor.py:830} INFO - Processing file /opt/airflow/dags/scripts/python/get_data.py for tasks to queue
[2024-06-11T03:41:03.237+0000] {logging_mixin.py:188} INFO - [2024-06-11T03:41:03.236+0000] {dagbag.py:540} INFO - Filling up the DagBag from /opt/airflow/dags/scripts/python/get_data.py
[2024-06-11T03:41:03.260+0000] {processor.py:842} WARNING - No viable dags retrieved from /opt/airflow/dags/scripts/python/get_data.py
[2024-06-11T03:41:03.269+0000] {processor.py:183} INFO - Processing /opt/airflow/dags/scripts/python/get_data.py took 0.039 seconds
[2024-06-11T03:41:33.631+0000] {processor.py:161} INFO - Started process (PID=4555) to work on /opt/airflow/dags/scripts/python/get_data.py
[2024-06-11T03:41:33.635+0000] {processor.py:830} INFO - Processing file /opt/airflow/dags/scripts/python/get_data.py for tasks to queue
[2024-06-11T03:41:33.637+0000] {logging_mixin.py:188} INFO - [2024-06-11T03:41:33.637+0000] {dagbag.py:540} INFO - Filling up the DagBag from /opt/airflow/dags/scripts/python/get_data.py
[2024-06-11T03:41:33.661+0000] {processor.py:842} WARNING - No viable dags retrieved from /opt/airflow/dags/scripts/python/get_data.py
[2024-06-11T03:41:33.671+0000] {processor.py:183} INFO - Processing /opt/airflow/dags/scripts/python/get_data.py took 0.043 seconds
[2024-06-11T03:42:04.205+0000] {processor.py:161} INFO - Started process (PID=4563) to work on /opt/airflow/dags/scripts/python/get_data.py
[2024-06-11T03:42:04.206+0000] {processor.py:830} INFO - Processing file /opt/airflow/dags/scripts/python/get_data.py for tasks to queue
[2024-06-11T03:42:04.209+0000] {logging_mixin.py:188} INFO - [2024-06-11T03:42:04.208+0000] {dagbag.py:540} INFO - Filling up the DagBag from /opt/airflow/dags/scripts/python/get_data.py
[2024-06-11T03:42:04.232+0000] {processor.py:842} WARNING - No viable dags retrieved from /opt/airflow/dags/scripts/python/get_data.py
[2024-06-11T03:42:04.241+0000] {processor.py:183} INFO - Processing /opt/airflow/dags/scripts/python/get_data.py took 0.039 seconds
[2024-06-11T03:42:34.625+0000] {processor.py:161} INFO - Started process (PID=4571) to work on /opt/airflow/dags/scripts/python/get_data.py
[2024-06-11T03:42:34.628+0000] {processor.py:830} INFO - Processing file /opt/airflow/dags/scripts/python/get_data.py for tasks to queue
[2024-06-11T03:42:34.630+0000] {logging_mixin.py:188} INFO - [2024-06-11T03:42:34.630+0000] {dagbag.py:540} INFO - Filling up the DagBag from /opt/airflow/dags/scripts/python/get_data.py
[2024-06-11T03:42:34.657+0000] {processor.py:842} WARNING - No viable dags retrieved from /opt/airflow/dags/scripts/python/get_data.py
[2024-06-11T03:42:34.670+0000] {processor.py:183} INFO - Processing /opt/airflow/dags/scripts/python/get_data.py took 0.048 seconds
[2024-06-11T03:43:05.051+0000] {processor.py:161} INFO - Started process (PID=4579) to work on /opt/airflow/dags/scripts/python/get_data.py
[2024-06-11T03:43:05.052+0000] {processor.py:830} INFO - Processing file /opt/airflow/dags/scripts/python/get_data.py for tasks to queue
[2024-06-11T03:43:05.055+0000] {logging_mixin.py:188} INFO - [2024-06-11T03:43:05.054+0000] {dagbag.py:540} INFO - Filling up the DagBag from /opt/airflow/dags/scripts/python/get_data.py
[2024-06-11T03:43:05.078+0000] {processor.py:842} WARNING - No viable dags retrieved from /opt/airflow/dags/scripts/python/get_data.py
[2024-06-11T03:43:05.087+0000] {processor.py:183} INFO - Processing /opt/airflow/dags/scripts/python/get_data.py took 0.039 seconds
[2024-06-11T03:43:35.471+0000] {processor.py:161} INFO - Started process (PID=4587) to work on /opt/airflow/dags/scripts/python/get_data.py
[2024-06-11T03:43:35.473+0000] {processor.py:830} INFO - Processing file /opt/airflow/dags/scripts/python/get_data.py for tasks to queue
[2024-06-11T03:43:35.475+0000] {logging_mixin.py:188} INFO - [2024-06-11T03:43:35.475+0000] {dagbag.py:540} INFO - Filling up the DagBag from /opt/airflow/dags/scripts/python/get_data.py
[2024-06-11T03:43:35.500+0000] {processor.py:842} WARNING - No viable dags retrieved from /opt/airflow/dags/scripts/python/get_data.py
[2024-06-11T03:43:35.513+0000] {processor.py:183} INFO - Processing /opt/airflow/dags/scripts/python/get_data.py took 0.045 seconds
[2024-06-11T03:44:05.909+0000] {processor.py:161} INFO - Started process (PID=4595) to work on /opt/airflow/dags/scripts/python/get_data.py
[2024-06-11T03:44:05.910+0000] {processor.py:830} INFO - Processing file /opt/airflow/dags/scripts/python/get_data.py for tasks to queue
[2024-06-11T03:44:05.913+0000] {logging_mixin.py:188} INFO - [2024-06-11T03:44:05.913+0000] {dagbag.py:540} INFO - Filling up the DagBag from /opt/airflow/dags/scripts/python/get_data.py
[2024-06-11T03:44:05.946+0000] {processor.py:842} WARNING - No viable dags retrieved from /opt/airflow/dags/scripts/python/get_data.py
[2024-06-11T03:44:05.960+0000] {processor.py:183} INFO - Processing /opt/airflow/dags/scripts/python/get_data.py took 0.055 seconds
[2024-06-11T03:44:36.358+0000] {processor.py:161} INFO - Started process (PID=4603) to work on /opt/airflow/dags/scripts/python/get_data.py
[2024-06-11T03:44:36.360+0000] {processor.py:830} INFO - Processing file /opt/airflow/dags/scripts/python/get_data.py for tasks to queue
[2024-06-11T03:44:36.362+0000] {logging_mixin.py:188} INFO - [2024-06-11T03:44:36.362+0000] {dagbag.py:540} INFO - Filling up the DagBag from /opt/airflow/dags/scripts/python/get_data.py
[2024-06-11T03:44:36.388+0000] {processor.py:842} WARNING - No viable dags retrieved from /opt/airflow/dags/scripts/python/get_data.py
[2024-06-11T03:44:36.407+0000] {processor.py:183} INFO - Processing /opt/airflow/dags/scripts/python/get_data.py took 0.053 seconds
[2024-06-11T03:45:06.748+0000] {processor.py:161} INFO - Started process (PID=4611) to work on /opt/airflow/dags/scripts/python/get_data.py
[2024-06-11T03:45:06.749+0000] {processor.py:830} INFO - Processing file /opt/airflow/dags/scripts/python/get_data.py for tasks to queue
[2024-06-11T03:45:06.751+0000] {logging_mixin.py:188} INFO - [2024-06-11T03:45:06.750+0000] {dagbag.py:540} INFO - Filling up the DagBag from /opt/airflow/dags/scripts/python/get_data.py
[2024-06-11T03:45:06.768+0000] {processor.py:842} WARNING - No viable dags retrieved from /opt/airflow/dags/scripts/python/get_data.py
[2024-06-11T03:45:06.777+0000] {processor.py:183} INFO - Processing /opt/airflow/dags/scripts/python/get_data.py took 0.031 seconds
[2024-06-11T03:45:37.146+0000] {processor.py:161} INFO - Started process (PID=4619) to work on /opt/airflow/dags/scripts/python/get_data.py
[2024-06-11T03:45:37.148+0000] {processor.py:830} INFO - Processing file /opt/airflow/dags/scripts/python/get_data.py for tasks to queue
[2024-06-11T03:45:37.150+0000] {logging_mixin.py:188} INFO - [2024-06-11T03:45:37.150+0000] {dagbag.py:540} INFO - Filling up the DagBag from /opt/airflow/dags/scripts/python/get_data.py
[2024-06-11T03:45:37.173+0000] {processor.py:842} WARNING - No viable dags retrieved from /opt/airflow/dags/scripts/python/get_data.py
[2024-06-11T03:45:37.183+0000] {processor.py:183} INFO - Processing /opt/airflow/dags/scripts/python/get_data.py took 0.040 seconds
[2024-06-11T03:46:07.600+0000] {processor.py:161} INFO - Started process (PID=4627) to work on /opt/airflow/dags/scripts/python/get_data.py
[2024-06-11T03:46:07.601+0000] {processor.py:830} INFO - Processing file /opt/airflow/dags/scripts/python/get_data.py for tasks to queue
[2024-06-11T03:46:07.603+0000] {logging_mixin.py:188} INFO - [2024-06-11T03:46:07.603+0000] {dagbag.py:540} INFO - Filling up the DagBag from /opt/airflow/dags/scripts/python/get_data.py
[2024-06-11T03:46:07.630+0000] {processor.py:842} WARNING - No viable dags retrieved from /opt/airflow/dags/scripts/python/get_data.py
[2024-06-11T03:46:07.640+0000] {processor.py:183} INFO - Processing /opt/airflow/dags/scripts/python/get_data.py took 0.045 seconds
[2024-06-11T03:46:37.976+0000] {processor.py:161} INFO - Started process (PID=4635) to work on /opt/airflow/dags/scripts/python/get_data.py
[2024-06-11T03:46:37.977+0000] {processor.py:830} INFO - Processing file /opt/airflow/dags/scripts/python/get_data.py for tasks to queue
[2024-06-11T03:46:37.980+0000] {logging_mixin.py:188} INFO - [2024-06-11T03:46:37.979+0000] {dagbag.py:540} INFO - Filling up the DagBag from /opt/airflow/dags/scripts/python/get_data.py
[2024-06-11T03:46:38.003+0000] {processor.py:842} WARNING - No viable dags retrieved from /opt/airflow/dags/scripts/python/get_data.py
[2024-06-11T03:46:38.012+0000] {processor.py:183} INFO - Processing /opt/airflow/dags/scripts/python/get_data.py took 0.039 seconds
[2024-06-11T03:47:08.582+0000] {processor.py:161} INFO - Started process (PID=4643) to work on /opt/airflow/dags/scripts/python/get_data.py
[2024-06-11T03:47:08.583+0000] {processor.py:830} INFO - Processing file /opt/airflow/dags/scripts/python/get_data.py for tasks to queue
[2024-06-11T03:47:08.584+0000] {logging_mixin.py:188} INFO - [2024-06-11T03:47:08.584+0000] {dagbag.py:540} INFO - Filling up the DagBag from /opt/airflow/dags/scripts/python/get_data.py
[2024-06-11T03:47:08.603+0000] {processor.py:842} WARNING - No viable dags retrieved from /opt/airflow/dags/scripts/python/get_data.py
[2024-06-11T03:47:08.612+0000] {processor.py:183} INFO - Processing /opt/airflow/dags/scripts/python/get_data.py took 0.032 seconds
[2024-06-11T03:47:38.994+0000] {processor.py:161} INFO - Started process (PID=4651) to work on /opt/airflow/dags/scripts/python/get_data.py
[2024-06-11T03:47:38.996+0000] {processor.py:830} INFO - Processing file /opt/airflow/dags/scripts/python/get_data.py for tasks to queue
[2024-06-11T03:47:38.998+0000] {logging_mixin.py:188} INFO - [2024-06-11T03:47:38.998+0000] {dagbag.py:540} INFO - Filling up the DagBag from /opt/airflow/dags/scripts/python/get_data.py
[2024-06-11T03:47:39.023+0000] {processor.py:842} WARNING - No viable dags retrieved from /opt/airflow/dags/scripts/python/get_data.py
[2024-06-11T03:47:39.034+0000] {processor.py:183} INFO - Processing /opt/airflow/dags/scripts/python/get_data.py took 0.044 seconds
[2024-06-11T03:48:09.393+0000] {processor.py:161} INFO - Started process (PID=4659) to work on /opt/airflow/dags/scripts/python/get_data.py
[2024-06-11T03:48:09.394+0000] {processor.py:830} INFO - Processing file /opt/airflow/dags/scripts/python/get_data.py for tasks to queue
[2024-06-11T03:48:09.396+0000] {logging_mixin.py:188} INFO - [2024-06-11T03:48:09.396+0000] {dagbag.py:540} INFO - Filling up the DagBag from /opt/airflow/dags/scripts/python/get_data.py
[2024-06-11T03:48:09.417+0000] {processor.py:842} WARNING - No viable dags retrieved from /opt/airflow/dags/scripts/python/get_data.py
[2024-06-11T03:48:09.426+0000] {processor.py:183} INFO - Processing /opt/airflow/dags/scripts/python/get_data.py took 0.037 seconds
[2024-06-11T03:48:39.750+0000] {processor.py:161} INFO - Started process (PID=4667) to work on /opt/airflow/dags/scripts/python/get_data.py
[2024-06-11T03:48:39.751+0000] {processor.py:830} INFO - Processing file /opt/airflow/dags/scripts/python/get_data.py for tasks to queue
[2024-06-11T03:48:39.753+0000] {logging_mixin.py:188} INFO - [2024-06-11T03:48:39.753+0000] {dagbag.py:540} INFO - Filling up the DagBag from /opt/airflow/dags/scripts/python/get_data.py
[2024-06-11T03:48:39.776+0000] {processor.py:842} WARNING - No viable dags retrieved from /opt/airflow/dags/scripts/python/get_data.py
[2024-06-11T03:48:39.785+0000] {processor.py:183} INFO - Processing /opt/airflow/dags/scripts/python/get_data.py took 0.038 seconds
[2024-06-11T03:49:10.106+0000] {processor.py:161} INFO - Started process (PID=4675) to work on /opt/airflow/dags/scripts/python/get_data.py
[2024-06-11T03:49:10.107+0000] {processor.py:830} INFO - Processing file /opt/airflow/dags/scripts/python/get_data.py for tasks to queue
[2024-06-11T03:49:10.109+0000] {logging_mixin.py:188} INFO - [2024-06-11T03:49:10.109+0000] {dagbag.py:540} INFO - Filling up the DagBag from /opt/airflow/dags/scripts/python/get_data.py
[2024-06-11T03:49:10.135+0000] {processor.py:842} WARNING - No viable dags retrieved from /opt/airflow/dags/scripts/python/get_data.py
[2024-06-11T03:49:10.146+0000] {processor.py:183} INFO - Processing /opt/airflow/dags/scripts/python/get_data.py took 0.044 seconds
[2024-06-11T03:49:40.540+0000] {processor.py:161} INFO - Started process (PID=4683) to work on /opt/airflow/dags/scripts/python/get_data.py
[2024-06-11T03:49:40.541+0000] {processor.py:830} INFO - Processing file /opt/airflow/dags/scripts/python/get_data.py for tasks to queue
[2024-06-11T03:49:40.544+0000] {logging_mixin.py:188} INFO - [2024-06-11T03:49:40.543+0000] {dagbag.py:540} INFO - Filling up the DagBag from /opt/airflow/dags/scripts/python/get_data.py
[2024-06-11T03:49:40.571+0000] {processor.py:842} WARNING - No viable dags retrieved from /opt/airflow/dags/scripts/python/get_data.py
[2024-06-11T03:49:40.584+0000] {processor.py:183} INFO - Processing /opt/airflow/dags/scripts/python/get_data.py took 0.047 seconds
[2024-06-11T03:50:10.981+0000] {processor.py:161} INFO - Started process (PID=4691) to work on /opt/airflow/dags/scripts/python/get_data.py
[2024-06-11T03:50:10.982+0000] {processor.py:830} INFO - Processing file /opt/airflow/dags/scripts/python/get_data.py for tasks to queue
[2024-06-11T03:50:10.984+0000] {logging_mixin.py:188} INFO - [2024-06-11T03:50:10.983+0000] {dagbag.py:540} INFO - Filling up the DagBag from /opt/airflow/dags/scripts/python/get_data.py
[2024-06-11T03:50:11.002+0000] {processor.py:842} WARNING - No viable dags retrieved from /opt/airflow/dags/scripts/python/get_data.py
[2024-06-11T03:50:11.011+0000] {processor.py:183} INFO - Processing /opt/airflow/dags/scripts/python/get_data.py took 0.032 seconds
[2024-06-11T03:50:41.369+0000] {processor.py:161} INFO - Started process (PID=4699) to work on /opt/airflow/dags/scripts/python/get_data.py
[2024-06-11T03:50:41.370+0000] {processor.py:830} INFO - Processing file /opt/airflow/dags/scripts/python/get_data.py for tasks to queue
[2024-06-11T03:50:41.373+0000] {logging_mixin.py:188} INFO - [2024-06-11T03:50:41.372+0000] {dagbag.py:540} INFO - Filling up the DagBag from /opt/airflow/dags/scripts/python/get_data.py
[2024-06-11T03:50:41.403+0000] {processor.py:842} WARNING - No viable dags retrieved from /opt/airflow/dags/scripts/python/get_data.py
[2024-06-11T03:50:41.415+0000] {processor.py:183} INFO - Processing /opt/airflow/dags/scripts/python/get_data.py took 0.050 seconds
[2024-06-11T03:51:11.781+0000] {processor.py:161} INFO - Started process (PID=4707) to work on /opt/airflow/dags/scripts/python/get_data.py
[2024-06-11T03:51:11.782+0000] {processor.py:830} INFO - Processing file /opt/airflow/dags/scripts/python/get_data.py for tasks to queue
[2024-06-11T03:51:11.784+0000] {logging_mixin.py:188} INFO - [2024-06-11T03:51:11.783+0000] {dagbag.py:540} INFO - Filling up the DagBag from /opt/airflow/dags/scripts/python/get_data.py
[2024-06-11T03:51:11.807+0000] {processor.py:842} WARNING - No viable dags retrieved from /opt/airflow/dags/scripts/python/get_data.py
[2024-06-11T03:51:11.817+0000] {processor.py:183} INFO - Processing /opt/airflow/dags/scripts/python/get_data.py took 0.039 seconds
[2024-06-11T03:51:42.314+0000] {processor.py:161} INFO - Started process (PID=4715) to work on /opt/airflow/dags/scripts/python/get_data.py
[2024-06-11T03:51:42.315+0000] {processor.py:830} INFO - Processing file /opt/airflow/dags/scripts/python/get_data.py for tasks to queue
[2024-06-11T03:51:42.317+0000] {logging_mixin.py:188} INFO - [2024-06-11T03:51:42.316+0000] {dagbag.py:540} INFO - Filling up the DagBag from /opt/airflow/dags/scripts/python/get_data.py
[2024-06-11T03:51:42.339+0000] {processor.py:842} WARNING - No viable dags retrieved from /opt/airflow/dags/scripts/python/get_data.py
[2024-06-11T03:51:42.351+0000] {processor.py:183} INFO - Processing /opt/airflow/dags/scripts/python/get_data.py took 0.040 seconds
[2024-06-11T03:52:12.719+0000] {processor.py:161} INFO - Started process (PID=4723) to work on /opt/airflow/dags/scripts/python/get_data.py
[2024-06-11T03:52:12.720+0000] {processor.py:830} INFO - Processing file /opt/airflow/dags/scripts/python/get_data.py for tasks to queue
[2024-06-11T03:52:12.722+0000] {logging_mixin.py:188} INFO - [2024-06-11T03:52:12.722+0000] {dagbag.py:540} INFO - Filling up the DagBag from /opt/airflow/dags/scripts/python/get_data.py
[2024-06-11T03:52:12.744+0000] {processor.py:842} WARNING - No viable dags retrieved from /opt/airflow/dags/scripts/python/get_data.py
[2024-06-11T03:52:12.754+0000] {processor.py:183} INFO - Processing /opt/airflow/dags/scripts/python/get_data.py took 0.038 seconds
[2024-06-11T03:52:43.086+0000] {processor.py:161} INFO - Started process (PID=4732) to work on /opt/airflow/dags/scripts/python/get_data.py
[2024-06-11T03:52:43.088+0000] {processor.py:830} INFO - Processing file /opt/airflow/dags/scripts/python/get_data.py for tasks to queue
[2024-06-11T03:52:43.091+0000] {logging_mixin.py:188} INFO - [2024-06-11T03:52:43.090+0000] {dagbag.py:540} INFO - Filling up the DagBag from /opt/airflow/dags/scripts/python/get_data.py
[2024-06-11T03:52:43.125+0000] {processor.py:842} WARNING - No viable dags retrieved from /opt/airflow/dags/scripts/python/get_data.py
[2024-06-11T03:52:43.141+0000] {processor.py:183} INFO - Processing /opt/airflow/dags/scripts/python/get_data.py took 0.059 seconds
[2024-06-11T03:53:14.294+0000] {processor.py:161} INFO - Started process (PID=4740) to work on /opt/airflow/dags/scripts/python/get_data.py
[2024-06-11T03:53:14.297+0000] {processor.py:830} INFO - Processing file /opt/airflow/dags/scripts/python/get_data.py for tasks to queue
[2024-06-11T03:53:14.302+0000] {logging_mixin.py:188} INFO - [2024-06-11T03:53:14.302+0000] {dagbag.py:540} INFO - Filling up the DagBag from /opt/airflow/dags/scripts/python/get_data.py
[2024-06-11T03:53:14.375+0000] {processor.py:842} WARNING - No viable dags retrieved from /opt/airflow/dags/scripts/python/get_data.py
[2024-06-11T03:53:14.410+0000] {processor.py:183} INFO - Processing /opt/airflow/dags/scripts/python/get_data.py took 0.120 seconds
[2024-06-11T05:11:46.778+0000] {processor.py:161} INFO - Started process (PID=4748) to work on /opt/airflow/dags/scripts/python/get_data.py
[2024-06-11T05:11:46.778+0000] {processor.py:830} INFO - Processing file /opt/airflow/dags/scripts/python/get_data.py for tasks to queue
[2024-06-11T05:11:46.780+0000] {logging_mixin.py:188} INFO - [2024-06-11T05:11:46.780+0000] {dagbag.py:540} INFO - Filling up the DagBag from /opt/airflow/dags/scripts/python/get_data.py
[2024-06-11T05:11:46.797+0000] {processor.py:842} WARNING - No viable dags retrieved from /opt/airflow/dags/scripts/python/get_data.py
[2024-06-11T05:11:46.806+0000] {processor.py:183} INFO - Processing /opt/airflow/dags/scripts/python/get_data.py took 0.030 seconds
[2024-06-11T06:09:31.383+0000] {processor.py:161} INFO - Started process (PID=4756) to work on /opt/airflow/dags/scripts/python/get_data.py
[2024-06-11T06:09:31.385+0000] {processor.py:830} INFO - Processing file /opt/airflow/dags/scripts/python/get_data.py for tasks to queue
[2024-06-11T06:09:31.390+0000] {logging_mixin.py:188} INFO - [2024-06-11T06:09:31.389+0000] {dagbag.py:540} INFO - Filling up the DagBag from /opt/airflow/dags/scripts/python/get_data.py
[2024-06-11T06:09:31.451+0000] {processor.py:842} WARNING - No viable dags retrieved from /opt/airflow/dags/scripts/python/get_data.py
[2024-06-11T06:09:31.496+0000] {processor.py:183} INFO - Processing /opt/airflow/dags/scripts/python/get_data.py took 0.118 seconds
[2024-06-11T07:10:23.103+0000] {processor.py:161} INFO - Started process (PID=4764) to work on /opt/airflow/dags/scripts/python/get_data.py
[2024-06-11T07:10:23.106+0000] {processor.py:830} INFO - Processing file /opt/airflow/dags/scripts/python/get_data.py for tasks to queue
[2024-06-11T07:10:23.111+0000] {logging_mixin.py:188} INFO - [2024-06-11T07:10:23.110+0000] {dagbag.py:540} INFO - Filling up the DagBag from /opt/airflow/dags/scripts/python/get_data.py
[2024-06-11T07:10:23.151+0000] {processor.py:842} WARNING - No viable dags retrieved from /opt/airflow/dags/scripts/python/get_data.py
[2024-06-11T07:10:23.180+0000] {processor.py:183} INFO - Processing /opt/airflow/dags/scripts/python/get_data.py took 0.081 seconds
[2024-06-11T07:42:53.687+0000] {processor.py:161} INFO - Started process (PID=4772) to work on /opt/airflow/dags/scripts/python/get_data.py
[2024-06-11T07:42:53.689+0000] {processor.py:830} INFO - Processing file /opt/airflow/dags/scripts/python/get_data.py for tasks to queue
[2024-06-11T07:42:53.694+0000] {logging_mixin.py:188} INFO - [2024-06-11T07:42:53.693+0000] {dagbag.py:540} INFO - Filling up the DagBag from /opt/airflow/dags/scripts/python/get_data.py
[2024-06-11T07:42:53.729+0000] {processor.py:842} WARNING - No viable dags retrieved from /opt/airflow/dags/scripts/python/get_data.py
[2024-06-11T07:42:53.749+0000] {processor.py:183} INFO - Processing /opt/airflow/dags/scripts/python/get_data.py took 0.070 seconds
[2024-06-11T08:57:11.563+0000] {processor.py:161} INFO - Started process (PID=4780) to work on /opt/airflow/dags/scripts/python/get_data.py
[2024-06-11T08:57:11.564+0000] {processor.py:830} INFO - Processing file /opt/airflow/dags/scripts/python/get_data.py for tasks to queue
[2024-06-11T08:57:11.566+0000] {logging_mixin.py:188} INFO - [2024-06-11T08:57:11.565+0000] {dagbag.py:540} INFO - Filling up the DagBag from /opt/airflow/dags/scripts/python/get_data.py
[2024-06-11T08:57:11.587+0000] {processor.py:842} WARNING - No viable dags retrieved from /opt/airflow/dags/scripts/python/get_data.py
[2024-06-11T08:57:11.597+0000] {processor.py:183} INFO - Processing /opt/airflow/dags/scripts/python/get_data.py took 0.037 seconds
[2024-06-11T10:21:18.409+0000] {processor.py:161} INFO - Started process (PID=4788) to work on /opt/airflow/dags/scripts/python/get_data.py
[2024-06-11T10:21:18.410+0000] {processor.py:830} INFO - Processing file /opt/airflow/dags/scripts/python/get_data.py for tasks to queue
[2024-06-11T10:21:18.412+0000] {logging_mixin.py:188} INFO - [2024-06-11T10:21:18.412+0000] {dagbag.py:540} INFO - Filling up the DagBag from /opt/airflow/dags/scripts/python/get_data.py
[2024-06-11T10:21:18.431+0000] {processor.py:842} WARNING - No viable dags retrieved from /opt/airflow/dags/scripts/python/get_data.py
[2024-06-11T10:21:18.440+0000] {processor.py:183} INFO - Processing /opt/airflow/dags/scripts/python/get_data.py took 0.033 seconds
[2024-06-11T12:00:52.489+0000] {processor.py:161} INFO - Started process (PID=4796) to work on /opt/airflow/dags/scripts/python/get_data.py
[2024-06-11T12:00:52.490+0000] {processor.py:830} INFO - Processing file /opt/airflow/dags/scripts/python/get_data.py for tasks to queue
[2024-06-11T12:00:52.491+0000] {logging_mixin.py:188} INFO - [2024-06-11T12:00:52.491+0000] {dagbag.py:540} INFO - Filling up the DagBag from /opt/airflow/dags/scripts/python/get_data.py
[2024-06-11T12:00:52.512+0000] {processor.py:842} WARNING - No viable dags retrieved from /opt/airflow/dags/scripts/python/get_data.py
[2024-06-11T12:00:52.522+0000] {processor.py:183} INFO - Processing /opt/airflow/dags/scripts/python/get_data.py took 0.035 seconds
[2024-06-11T13:18:52.321+0000] {processor.py:161} INFO - Started process (PID=4804) to work on /opt/airflow/dags/scripts/python/get_data.py
[2024-06-11T13:18:52.323+0000] {processor.py:830} INFO - Processing file /opt/airflow/dags/scripts/python/get_data.py for tasks to queue
[2024-06-11T13:18:52.329+0000] {logging_mixin.py:188} INFO - [2024-06-11T13:18:52.328+0000] {dagbag.py:540} INFO - Filling up the DagBag from /opt/airflow/dags/scripts/python/get_data.py
[2024-06-11T13:18:52.374+0000] {processor.py:842} WARNING - No viable dags retrieved from /opt/airflow/dags/scripts/python/get_data.py
[2024-06-11T13:18:52.409+0000] {processor.py:183} INFO - Processing /opt/airflow/dags/scripts/python/get_data.py took 0.097 seconds
[2024-06-11T14:23:57.666+0000] {processor.py:161} INFO - Started process (PID=4812) to work on /opt/airflow/dags/scripts/python/get_data.py
[2024-06-11T14:23:57.666+0000] {processor.py:830} INFO - Processing file /opt/airflow/dags/scripts/python/get_data.py for tasks to queue
[2024-06-11T14:23:57.668+0000] {logging_mixin.py:188} INFO - [2024-06-11T14:23:57.668+0000] {dagbag.py:540} INFO - Filling up the DagBag from /opt/airflow/dags/scripts/python/get_data.py
[2024-06-11T14:23:57.686+0000] {processor.py:842} WARNING - No viable dags retrieved from /opt/airflow/dags/scripts/python/get_data.py
[2024-06-11T14:23:57.695+0000] {processor.py:183} INFO - Processing /opt/airflow/dags/scripts/python/get_data.py took 0.032 seconds
[2024-06-11T15:35:27.769+0000] {processor.py:161} INFO - Started process (PID=4820) to work on /opt/airflow/dags/scripts/python/get_data.py
[2024-06-11T15:35:27.772+0000] {processor.py:830} INFO - Processing file /opt/airflow/dags/scripts/python/get_data.py for tasks to queue
[2024-06-11T15:35:27.776+0000] {logging_mixin.py:188} INFO - [2024-06-11T15:35:27.775+0000] {dagbag.py:540} INFO - Filling up the DagBag from /opt/airflow/dags/scripts/python/get_data.py
[2024-06-11T15:35:27.846+0000] {processor.py:842} WARNING - No viable dags retrieved from /opt/airflow/dags/scripts/python/get_data.py
[2024-06-11T15:35:27.883+0000] {processor.py:183} INFO - Processing /opt/airflow/dags/scripts/python/get_data.py took 0.123 seconds
[2024-06-11T16:52:23.575+0000] {processor.py:161} INFO - Started process (PID=4828) to work on /opt/airflow/dags/scripts/python/get_data.py
[2024-06-11T16:52:23.577+0000] {processor.py:830} INFO - Processing file /opt/airflow/dags/scripts/python/get_data.py for tasks to queue
[2024-06-11T16:52:23.588+0000] {logging_mixin.py:188} INFO - [2024-06-11T16:52:23.586+0000] {dagbag.py:540} INFO - Filling up the DagBag from /opt/airflow/dags/scripts/python/get_data.py
[2024-06-11T16:52:23.638+0000] {processor.py:842} WARNING - No viable dags retrieved from /opt/airflow/dags/scripts/python/get_data.py
[2024-06-11T16:52:23.670+0000] {processor.py:183} INFO - Processing /opt/airflow/dags/scripts/python/get_data.py took 0.099 seconds
[2024-06-11T18:05:03.210+0000] {processor.py:161} INFO - Started process (PID=4836) to work on /opt/airflow/dags/scripts/python/get_data.py
[2024-06-11T18:05:03.211+0000] {processor.py:830} INFO - Processing file /opt/airflow/dags/scripts/python/get_data.py for tasks to queue
[2024-06-11T18:05:03.212+0000] {logging_mixin.py:188} INFO - [2024-06-11T18:05:03.212+0000] {dagbag.py:540} INFO - Filling up the DagBag from /opt/airflow/dags/scripts/python/get_data.py
[2024-06-11T18:05:03.231+0000] {processor.py:842} WARNING - No viable dags retrieved from /opt/airflow/dags/scripts/python/get_data.py
[2024-06-11T18:05:03.242+0000] {processor.py:183} INFO - Processing /opt/airflow/dags/scripts/python/get_data.py took 0.034 seconds
[2024-06-11T19:06:07.423+0000] {processor.py:161} INFO - Started process (PID=4844) to work on /opt/airflow/dags/scripts/python/get_data.py
[2024-06-11T19:06:07.427+0000] {processor.py:830} INFO - Processing file /opt/airflow/dags/scripts/python/get_data.py for tasks to queue
[2024-06-11T19:06:07.436+0000] {logging_mixin.py:188} INFO - [2024-06-11T19:06:07.434+0000] {dagbag.py:540} INFO - Filling up the DagBag from /opt/airflow/dags/scripts/python/get_data.py
[2024-06-11T19:06:07.516+0000] {processor.py:842} WARNING - No viable dags retrieved from /opt/airflow/dags/scripts/python/get_data.py
[2024-06-11T19:06:07.540+0000] {processor.py:183} INFO - Processing /opt/airflow/dags/scripts/python/get_data.py took 0.130 seconds
[2024-06-11T20:25:05.070+0000] {processor.py:161} INFO - Started process (PID=4852) to work on /opt/airflow/dags/scripts/python/get_data.py
[2024-06-11T20:25:05.072+0000] {processor.py:830} INFO - Processing file /opt/airflow/dags/scripts/python/get_data.py for tasks to queue
[2024-06-11T20:25:05.077+0000] {logging_mixin.py:188} INFO - [2024-06-11T20:25:05.077+0000] {dagbag.py:540} INFO - Filling up the DagBag from /opt/airflow/dags/scripts/python/get_data.py
[2024-06-11T20:25:05.129+0000] {processor.py:842} WARNING - No viable dags retrieved from /opt/airflow/dags/scripts/python/get_data.py
[2024-06-11T20:25:05.151+0000] {processor.py:183} INFO - Processing /opt/airflow/dags/scripts/python/get_data.py took 0.085 seconds
[2024-06-11T21:39:33.596+0000] {processor.py:161} INFO - Started process (PID=4860) to work on /opt/airflow/dags/scripts/python/get_data.py
[2024-06-11T21:39:33.597+0000] {processor.py:830} INFO - Processing file /opt/airflow/dags/scripts/python/get_data.py for tasks to queue
[2024-06-11T21:39:33.598+0000] {logging_mixin.py:188} INFO - [2024-06-11T21:39:33.598+0000] {dagbag.py:540} INFO - Filling up the DagBag from /opt/airflow/dags/scripts/python/get_data.py
[2024-06-11T21:39:33.617+0000] {processor.py:842} WARNING - No viable dags retrieved from /opt/airflow/dags/scripts/python/get_data.py
[2024-06-11T21:39:33.626+0000] {processor.py:183} INFO - Processing /opt/airflow/dags/scripts/python/get_data.py took 0.033 seconds
[2024-06-11T21:51:27.689+0000] {processor.py:161} INFO - Started process (PID=4868) to work on /opt/airflow/dags/scripts/python/get_data.py
[2024-06-11T21:51:27.690+0000] {processor.py:830} INFO - Processing file /opt/airflow/dags/scripts/python/get_data.py for tasks to queue
[2024-06-11T21:51:27.694+0000] {logging_mixin.py:188} INFO - [2024-06-11T21:51:27.694+0000] {dagbag.py:540} INFO - Filling up the DagBag from /opt/airflow/dags/scripts/python/get_data.py
[2024-06-11T21:51:27.750+0000] {processor.py:842} WARNING - No viable dags retrieved from /opt/airflow/dags/scripts/python/get_data.py
[2024-06-11T21:51:27.783+0000] {processor.py:183} INFO - Processing /opt/airflow/dags/scripts/python/get_data.py took 0.100 seconds
[2024-06-11T21:51:58.077+0000] {processor.py:161} INFO - Started process (PID=4876) to work on /opt/airflow/dags/scripts/python/get_data.py
[2024-06-11T21:51:58.078+0000] {processor.py:830} INFO - Processing file /opt/airflow/dags/scripts/python/get_data.py for tasks to queue
[2024-06-11T21:51:58.080+0000] {logging_mixin.py:188} INFO - [2024-06-11T21:51:58.080+0000] {dagbag.py:540} INFO - Filling up the DagBag from /opt/airflow/dags/scripts/python/get_data.py
[2024-06-11T21:51:58.108+0000] {processor.py:842} WARNING - No viable dags retrieved from /opt/airflow/dags/scripts/python/get_data.py
[2024-06-11T21:51:58.121+0000] {processor.py:183} INFO - Processing /opt/airflow/dags/scripts/python/get_data.py took 0.048 seconds
[2024-06-11T21:52:28.460+0000] {processor.py:161} INFO - Started process (PID=4884) to work on /opt/airflow/dags/scripts/python/get_data.py
[2024-06-11T21:52:28.461+0000] {processor.py:830} INFO - Processing file /opt/airflow/dags/scripts/python/get_data.py for tasks to queue
[2024-06-11T21:52:28.462+0000] {logging_mixin.py:188} INFO - [2024-06-11T21:52:28.462+0000] {dagbag.py:540} INFO - Filling up the DagBag from /opt/airflow/dags/scripts/python/get_data.py
[2024-06-11T21:52:28.482+0000] {processor.py:842} WARNING - No viable dags retrieved from /opt/airflow/dags/scripts/python/get_data.py
[2024-06-11T21:52:28.493+0000] {processor.py:183} INFO - Processing /opt/airflow/dags/scripts/python/get_data.py took 0.035 seconds
[2024-06-11T21:52:58.888+0000] {processor.py:161} INFO - Started process (PID=4892) to work on /opt/airflow/dags/scripts/python/get_data.py
[2024-06-11T21:52:58.891+0000] {processor.py:830} INFO - Processing file /opt/airflow/dags/scripts/python/get_data.py for tasks to queue
[2024-06-11T21:52:58.893+0000] {logging_mixin.py:188} INFO - [2024-06-11T21:52:58.892+0000] {dagbag.py:540} INFO - Filling up the DagBag from /opt/airflow/dags/scripts/python/get_data.py
[2024-06-11T21:52:58.918+0000] {processor.py:842} WARNING - No viable dags retrieved from /opt/airflow/dags/scripts/python/get_data.py
[2024-06-11T21:52:58.930+0000] {processor.py:183} INFO - Processing /opt/airflow/dags/scripts/python/get_data.py took 0.046 seconds
[2024-06-11T21:53:29.305+0000] {processor.py:161} INFO - Started process (PID=4900) to work on /opt/airflow/dags/scripts/python/get_data.py
[2024-06-11T21:53:29.306+0000] {processor.py:830} INFO - Processing file /opt/airflow/dags/scripts/python/get_data.py for tasks to queue
[2024-06-11T21:53:29.309+0000] {logging_mixin.py:188} INFO - [2024-06-11T21:53:29.308+0000] {dagbag.py:540} INFO - Filling up the DagBag from /opt/airflow/dags/scripts/python/get_data.py
[2024-06-11T21:53:29.332+0000] {processor.py:842} WARNING - No viable dags retrieved from /opt/airflow/dags/scripts/python/get_data.py
[2024-06-11T21:53:29.341+0000] {processor.py:183} INFO - Processing /opt/airflow/dags/scripts/python/get_data.py took 0.039 seconds
[2024-06-11T21:53:59.748+0000] {processor.py:161} INFO - Started process (PID=4908) to work on /opt/airflow/dags/scripts/python/get_data.py
[2024-06-11T21:53:59.750+0000] {processor.py:830} INFO - Processing file /opt/airflow/dags/scripts/python/get_data.py for tasks to queue
[2024-06-11T21:53:59.752+0000] {logging_mixin.py:188} INFO - [2024-06-11T21:53:59.752+0000] {dagbag.py:540} INFO - Filling up the DagBag from /opt/airflow/dags/scripts/python/get_data.py
[2024-06-11T21:53:59.776+0000] {processor.py:842} WARNING - No viable dags retrieved from /opt/airflow/dags/scripts/python/get_data.py
[2024-06-11T21:53:59.785+0000] {processor.py:183} INFO - Processing /opt/airflow/dags/scripts/python/get_data.py took 0.041 seconds
[2024-06-11T21:54:30.175+0000] {processor.py:161} INFO - Started process (PID=4916) to work on /opt/airflow/dags/scripts/python/get_data.py
[2024-06-11T21:54:30.176+0000] {processor.py:830} INFO - Processing file /opt/airflow/dags/scripts/python/get_data.py for tasks to queue
[2024-06-11T21:54:30.179+0000] {logging_mixin.py:188} INFO - [2024-06-11T21:54:30.179+0000] {dagbag.py:540} INFO - Filling up the DagBag from /opt/airflow/dags/scripts/python/get_data.py
[2024-06-11T21:54:30.207+0000] {processor.py:842} WARNING - No viable dags retrieved from /opt/airflow/dags/scripts/python/get_data.py
[2024-06-11T21:54:30.218+0000] {processor.py:183} INFO - Processing /opt/airflow/dags/scripts/python/get_data.py took 0.047 seconds
[2024-06-11T21:55:00.612+0000] {processor.py:161} INFO - Started process (PID=4924) to work on /opt/airflow/dags/scripts/python/get_data.py
[2024-06-11T21:55:00.614+0000] {processor.py:830} INFO - Processing file /opt/airflow/dags/scripts/python/get_data.py for tasks to queue
[2024-06-11T21:55:00.617+0000] {logging_mixin.py:188} INFO - [2024-06-11T21:55:00.616+0000] {dagbag.py:540} INFO - Filling up the DagBag from /opt/airflow/dags/scripts/python/get_data.py
[2024-06-11T21:55:00.642+0000] {processor.py:842} WARNING - No viable dags retrieved from /opt/airflow/dags/scripts/python/get_data.py
[2024-06-11T21:55:00.656+0000] {processor.py:183} INFO - Processing /opt/airflow/dags/scripts/python/get_data.py took 0.047 seconds
[2024-06-11T21:55:30.986+0000] {processor.py:161} INFO - Started process (PID=4932) to work on /opt/airflow/dags/scripts/python/get_data.py
[2024-06-11T21:55:30.987+0000] {processor.py:830} INFO - Processing file /opt/airflow/dags/scripts/python/get_data.py for tasks to queue
[2024-06-11T21:55:30.989+0000] {logging_mixin.py:188} INFO - [2024-06-11T21:55:30.989+0000] {dagbag.py:540} INFO - Filling up the DagBag from /opt/airflow/dags/scripts/python/get_data.py
[2024-06-11T21:55:31.017+0000] {processor.py:842} WARNING - No viable dags retrieved from /opt/airflow/dags/scripts/python/get_data.py
[2024-06-11T21:55:31.029+0000] {processor.py:183} INFO - Processing /opt/airflow/dags/scripts/python/get_data.py took 0.045 seconds
[2024-06-11T21:56:01.408+0000] {processor.py:161} INFO - Started process (PID=4940) to work on /opt/airflow/dags/scripts/python/get_data.py
[2024-06-11T21:56:01.409+0000] {processor.py:830} INFO - Processing file /opt/airflow/dags/scripts/python/get_data.py for tasks to queue
[2024-06-11T21:56:01.411+0000] {logging_mixin.py:188} INFO - [2024-06-11T21:56:01.411+0000] {dagbag.py:540} INFO - Filling up the DagBag from /opt/airflow/dags/scripts/python/get_data.py
[2024-06-11T21:56:01.433+0000] {processor.py:842} WARNING - No viable dags retrieved from /opt/airflow/dags/scripts/python/get_data.py
[2024-06-11T21:56:01.442+0000] {processor.py:183} INFO - Processing /opt/airflow/dags/scripts/python/get_data.py took 0.037 seconds
[2024-06-11T21:56:32.052+0000] {processor.py:161} INFO - Started process (PID=4948) to work on /opt/airflow/dags/scripts/python/get_data.py
[2024-06-11T21:56:32.053+0000] {processor.py:830} INFO - Processing file /opt/airflow/dags/scripts/python/get_data.py for tasks to queue
[2024-06-11T21:56:32.056+0000] {logging_mixin.py:188} INFO - [2024-06-11T21:56:32.056+0000] {dagbag.py:540} INFO - Filling up the DagBag from /opt/airflow/dags/scripts/python/get_data.py
[2024-06-11T21:56:32.083+0000] {processor.py:842} WARNING - No viable dags retrieved from /opt/airflow/dags/scripts/python/get_data.py
[2024-06-11T21:56:32.094+0000] {processor.py:183} INFO - Processing /opt/airflow/dags/scripts/python/get_data.py took 0.047 seconds
[2024-06-11T21:57:02.471+0000] {processor.py:161} INFO - Started process (PID=4956) to work on /opt/airflow/dags/scripts/python/get_data.py
[2024-06-11T21:57:02.474+0000] {processor.py:830} INFO - Processing file /opt/airflow/dags/scripts/python/get_data.py for tasks to queue
[2024-06-11T21:57:02.478+0000] {logging_mixin.py:188} INFO - [2024-06-11T21:57:02.477+0000] {dagbag.py:540} INFO - Filling up the DagBag from /opt/airflow/dags/scripts/python/get_data.py
[2024-06-11T21:57:02.512+0000] {processor.py:842} WARNING - No viable dags retrieved from /opt/airflow/dags/scripts/python/get_data.py
[2024-06-11T21:57:02.527+0000] {processor.py:183} INFO - Processing /opt/airflow/dags/scripts/python/get_data.py took 0.063 seconds
[2024-06-11T21:57:32.920+0000] {processor.py:161} INFO - Started process (PID=4964) to work on /opt/airflow/dags/scripts/python/get_data.py
[2024-06-11T21:57:32.921+0000] {processor.py:830} INFO - Processing file /opt/airflow/dags/scripts/python/get_data.py for tasks to queue
[2024-06-11T21:57:32.923+0000] {logging_mixin.py:188} INFO - [2024-06-11T21:57:32.923+0000] {dagbag.py:540} INFO - Filling up the DagBag from /opt/airflow/dags/scripts/python/get_data.py
[2024-06-11T21:57:32.946+0000] {processor.py:842} WARNING - No viable dags retrieved from /opt/airflow/dags/scripts/python/get_data.py
[2024-06-11T21:57:32.958+0000] {processor.py:183} INFO - Processing /opt/airflow/dags/scripts/python/get_data.py took 0.041 seconds
[2024-06-11T21:58:03.325+0000] {processor.py:161} INFO - Started process (PID=4972) to work on /opt/airflow/dags/scripts/python/get_data.py
[2024-06-11T21:58:03.327+0000] {processor.py:830} INFO - Processing file /opt/airflow/dags/scripts/python/get_data.py for tasks to queue
[2024-06-11T21:58:03.329+0000] {logging_mixin.py:188} INFO - [2024-06-11T21:58:03.328+0000] {dagbag.py:540} INFO - Filling up the DagBag from /opt/airflow/dags/scripts/python/get_data.py
[2024-06-11T21:58:03.353+0000] {processor.py:842} WARNING - No viable dags retrieved from /opt/airflow/dags/scripts/python/get_data.py
[2024-06-11T21:58:03.365+0000] {processor.py:183} INFO - Processing /opt/airflow/dags/scripts/python/get_data.py took 0.044 seconds
[2024-06-11T21:58:33.762+0000] {processor.py:161} INFO - Started process (PID=4980) to work on /opt/airflow/dags/scripts/python/get_data.py
[2024-06-11T21:58:33.764+0000] {processor.py:830} INFO - Processing file /opt/airflow/dags/scripts/python/get_data.py for tasks to queue
[2024-06-11T21:58:33.766+0000] {logging_mixin.py:188} INFO - [2024-06-11T21:58:33.766+0000] {dagbag.py:540} INFO - Filling up the DagBag from /opt/airflow/dags/scripts/python/get_data.py
[2024-06-11T21:58:33.791+0000] {processor.py:842} WARNING - No viable dags retrieved from /opt/airflow/dags/scripts/python/get_data.py
[2024-06-11T21:58:33.803+0000] {processor.py:183} INFO - Processing /opt/airflow/dags/scripts/python/get_data.py took 0.045 seconds
[2024-06-11T22:14:24.191+0000] {processor.py:161} INFO - Started process (PID=4988) to work on /opt/airflow/dags/scripts/python/get_data.py
[2024-06-11T22:14:24.192+0000] {processor.py:830} INFO - Processing file /opt/airflow/dags/scripts/python/get_data.py for tasks to queue
[2024-06-11T22:14:24.194+0000] {logging_mixin.py:188} INFO - [2024-06-11T22:14:24.194+0000] {dagbag.py:540} INFO - Filling up the DagBag from /opt/airflow/dags/scripts/python/get_data.py
[2024-06-11T22:14:24.219+0000] {processor.py:842} WARNING - No viable dags retrieved from /opt/airflow/dags/scripts/python/get_data.py
[2024-06-11T22:14:24.234+0000] {processor.py:183} INFO - Processing /opt/airflow/dags/scripts/python/get_data.py took 0.046 seconds
[2024-06-11T23:48:47.995+0000] {processor.py:161} INFO - Started process (PID=4996) to work on /opt/airflow/dags/scripts/python/get_data.py
[2024-06-11T23:48:47.996+0000] {processor.py:830} INFO - Processing file /opt/airflow/dags/scripts/python/get_data.py for tasks to queue
[2024-06-11T23:48:47.998+0000] {logging_mixin.py:188} INFO - [2024-06-11T23:48:47.997+0000] {dagbag.py:540} INFO - Filling up the DagBag from /opt/airflow/dags/scripts/python/get_data.py
[2024-06-11T23:48:48.018+0000] {processor.py:842} WARNING - No viable dags retrieved from /opt/airflow/dags/scripts/python/get_data.py
[2024-06-11T23:48:48.031+0000] {processor.py:183} INFO - Processing /opt/airflow/dags/scripts/python/get_data.py took 0.038 seconds
