[2024-04-09T23:50:14.051+0000] {taskinstance.py:1979} INFO - Dependencies all met for dep_context=non-requeueable deps ti=<TaskInstance: upload_congress_data.convert_bill_files manual__2024-04-09T23:48:23.124003+00:00 [queued]>
[2024-04-09T23:50:14.077+0000] {taskinstance.py:1979} INFO - Dependencies all met for dep_context=requeueable deps ti=<TaskInstance: upload_congress_data.convert_bill_files manual__2024-04-09T23:48:23.124003+00:00 [queued]>
[2024-04-09T23:50:14.080+0000] {taskinstance.py:2193} INFO - Starting attempt 1 of 1
[2024-04-09T23:50:14.102+0000] {taskinstance.py:2217} INFO - Executing <Task(PythonOperator): convert_bill_files> on 2024-04-09 23:48:23.124003+00:00
[2024-04-09T23:50:14.121+0000] {standard_task_runner.py:60} INFO - Started process 2973 to run task
[2024-04-09T23:50:14.131+0000] {standard_task_runner.py:87} INFO - Running: ['***', 'tasks', 'run', 'upload_congress_data', 'convert_bill_files', 'manual__2024-04-09T23:48:23.124003+00:00', '--job-id', '17', '--raw', '--subdir', 'DAGS_FOLDER/upload_congress_data.py', '--cfg-path', '/tmp/tmp4v5jakbv']
[2024-04-09T23:50:14.144+0000] {standard_task_runner.py:88} INFO - Job 17: Subtask convert_bill_files
[2024-04-09T23:50:14.235+0000] {task_command.py:423} INFO - Running <TaskInstance: upload_congress_data.convert_bill_files manual__2024-04-09T23:48:23.124003+00:00 [running]> on host f811dc6f69ec
[2024-04-09T23:50:14.585+0000] {taskinstance.py:2513} INFO - Exporting env vars: AIRFLOW_CTX_DAG_OWNER='***' AIRFLOW_CTX_DAG_ID='upload_congress_data' AIRFLOW_CTX_TASK_ID='convert_bill_files' AIRFLOW_CTX_EXECUTION_DATE='2024-04-09T23:48:23.124003+00:00' AIRFLOW_CTX_TRY_NUMBER='1' AIRFLOW_CTX_DAG_RUN_ID='manual__2024-04-09T23:48:23.124003+00:00'
[2024-04-09T23:50:14.794+0000] {logging_mixin.py:188} INFO - Converted /opt/***/dags/data/hjres/BILLSTATUS-118hjres39.xml to /opt/***/dags/data/hjres/BILLSTATUS-118hjres39.json
[2024-04-09T23:50:14.814+0000] {logging_mixin.py:188} INFO - Converted /opt/***/dags/data/hjres/BILLSTATUS-118hjres7.xml to /opt/***/dags/data/hjres/BILLSTATUS-118hjres7.json
[2024-04-09T23:50:14.868+0000] {logging_mixin.py:188} INFO - Converted /opt/***/dags/data/hjres/BILLSTATUS-118hjres88.xml to /opt/***/dags/data/hjres/BILLSTATUS-118hjres88.json
[2024-04-09T23:50:14.889+0000] {logging_mixin.py:188} INFO - Converted /opt/***/dags/data/hjres/BILLSTATUS-118hjres74.xml to /opt/***/dags/data/hjres/BILLSTATUS-118hjres74.json
[2024-04-09T23:50:14.901+0000] {logging_mixin.py:188} INFO - Converted /opt/***/dags/data/hjres/BILLSTATUS-118hjres70.xml to /opt/***/dags/data/hjres/BILLSTATUS-118hjres70.json
[2024-04-09T23:50:14.913+0000] {logging_mixin.py:188} INFO - Converted /opt/***/dags/data/hjres/BILLSTATUS-118hjres71.xml to /opt/***/dags/data/hjres/BILLSTATUS-118hjres71.json
[2024-04-09T23:50:14.926+0000] {logging_mixin.py:188} INFO - Converted /opt/***/dags/data/hjres/BILLSTATUS-118hjres98.xml to /opt/***/dags/data/hjres/BILLSTATUS-118hjres98.json
[2024-04-09T23:50:15.001+0000] {logging_mixin.py:188} INFO - Converted /opt/***/dags/data/hjres/BILLSTATUS-118hjres42.xml to /opt/***/dags/data/hjres/BILLSTATUS-118hjres42.json
[2024-04-09T23:50:15.084+0000] {logging_mixin.py:188} INFO - Converted /opt/***/dags/data/hjres/BILLSTATUS-118hjres68.xml to /opt/***/dags/data/hjres/BILLSTATUS-118hjres68.json
[2024-04-09T23:50:15.195+0000] {logging_mixin.py:188} INFO - Converted /opt/***/dags/data/hjres/BILLSTATUS-118hjres79.xml to /opt/***/dags/data/hjres/BILLSTATUS-118hjres79.json
[2024-04-09T23:50:15.213+0000] {logging_mixin.py:188} INFO - Converted /opt/***/dags/data/hjres/BILLSTATUS-118hjres45.xml to /opt/***/dags/data/hjres/BILLSTATUS-118hjres45.json
[2024-04-09T23:50:15.227+0000] {logging_mixin.py:188} INFO - Converted /opt/***/dags/data/hjres/BILLSTATUS-118hjres44.xml to /opt/***/dags/data/hjres/BILLSTATUS-118hjres44.json
[2024-04-09T23:50:15.411+0000] {logging_mixin.py:188} INFO - Converted /opt/***/dags/data/hjres/BILLSTATUS-118hjres26.xml to /opt/***/dags/data/hjres/BILLSTATUS-118hjres26.json
[2024-04-09T23:50:15.449+0000] {logging_mixin.py:188} INFO - Converted /opt/***/dags/data/hjres/BILLSTATUS-118hjres27.xml to /opt/***/dags/data/hjres/BILLSTATUS-118hjres27.json
[2024-04-09T23:50:15.512+0000] {logging_mixin.py:188} INFO - Converted /opt/***/dags/data/hjres/BILLSTATUS-118hjres30.xml to /opt/***/dags/data/hjres/BILLSTATUS-118hjres30.json
[2024-04-09T23:50:15.518+0000] {logging_mixin.py:188} INFO - Converted /opt/***/dags/data/hjres/BILLSTATUS-118hjres24.xml to /opt/***/dags/data/hjres/BILLSTATUS-118hjres24.json
[2024-04-09T23:50:16.089+0000] {logging_mixin.py:188} INFO - Converted /opt/***/dags/data/hconres/BILLSTATUS-118hconres9.xml to /opt/***/dags/data/hconres/BILLSTATUS-118hconres9.json
[2024-04-09T23:50:16.167+0000] {logging_mixin.py:188} INFO - Converted /opt/***/dags/data/hconres/BILLSTATUS-118hconres3.xml to /opt/***/dags/data/hconres/BILLSTATUS-118hconres3.json
[2024-04-09T23:50:16.185+0000] {logging_mixin.py:188} INFO - Converted /opt/***/dags/data/hconres/BILLSTATUS-118hconres25.xml to /opt/***/dags/data/hconres/BILLSTATUS-118hconres25.json
[2024-04-09T23:50:16.285+0000] {logging_mixin.py:188} INFO - Converted /opt/***/dags/data/hconres/BILLSTATUS-118hconres30.xml to /opt/***/dags/data/hconres/BILLSTATUS-118hconres30.json
[2024-04-09T23:50:16.539+0000] {logging_mixin.py:188} INFO - Converted /opt/***/dags/data/hconres/BILLSTATUS-118hconres21.xml to /opt/***/dags/data/hconres/BILLSTATUS-118hconres21.json
[2024-04-09T23:50:16.585+0000] {logging_mixin.py:188} INFO - Converted /opt/***/dags/data/hconres/BILLSTATUS-118hconres7.xml to /opt/***/dags/data/hconres/BILLSTATUS-118hconres7.json
[2024-04-09T23:50:16.612+0000] {logging_mixin.py:188} INFO - Converted /opt/***/dags/data/hconres/BILLSTATUS-118hconres86.xml to /opt/***/dags/data/hconres/BILLSTATUS-118hconres86.json
[2024-04-09T23:50:16.791+0000] {logging_mixin.py:188} INFO - Converted /opt/***/dags/data/hconres/BILLSTATUS-118hconres57.xml to /opt/***/dags/data/hconres/BILLSTATUS-118hconres57.json
[2024-04-09T23:50:16.814+0000] {logging_mixin.py:188} INFO - Converted /opt/***/dags/data/hconres/BILLSTATUS-118hconres40.xml to /opt/***/dags/data/hconres/BILLSTATUS-118hconres40.json
[2024-04-09T23:50:17.092+0000] {logging_mixin.py:188} INFO - Converted /opt/***/dags/data/s/BILLSTATUS-118s3250.xml to /opt/***/dags/data/s/BILLSTATUS-118s3250.json
[2024-04-09T23:50:18.703+0000] {logging_mixin.py:188} INFO - Converted /opt/***/dags/data/s/BILLSTATUS-118s788.xml to /opt/***/dags/data/s/BILLSTATUS-118s788.json
[2024-04-09T23:50:20.317+0000] {logging_mixin.py:188} INFO - Converted /opt/***/dags/data/s/BILLSTATUS-118s316.xml to /opt/***/dags/data/s/BILLSTATUS-118s316.json
[2024-04-09T23:50:21.376+0000] {logging_mixin.py:188} INFO - Converted /opt/***/dags/data/s/BILLSTATUS-118s3427.xml to /opt/***/dags/data/s/BILLSTATUS-118s3427.json
[2024-04-09T23:50:21.489+0000] {logging_mixin.py:188} INFO - Converted /opt/***/dags/data/s/BILLSTATUS-118s475.xml to /opt/***/dags/data/s/BILLSTATUS-118s475.json
[2024-04-09T23:50:21.549+0000] {logging_mixin.py:188} INFO - Converted /opt/***/dags/data/s/BILLSTATUS-118s111.xml to /opt/***/dags/data/s/BILLSTATUS-118s111.json
[2024-04-09T23:50:22.040+0000] {logging_mixin.py:188} INFO - Converted /opt/***/dags/data/s/BILLSTATUS-118s112.xml to /opt/***/dags/data/s/BILLSTATUS-118s112.json
[2024-04-09T23:50:23.734+0000] {logging_mixin.py:188} INFO - Converted /opt/***/dags/data/s/BILLSTATUS-118s326.xml to /opt/***/dags/data/s/BILLSTATUS-118s326.json
[2024-04-09T23:50:23.863+0000] {logging_mixin.py:188} INFO - Converted /opt/***/dags/data/s/BILLSTATUS-118s870.xml to /opt/***/dags/data/s/BILLSTATUS-118s870.json
[2024-04-09T23:50:25.731+0000] {logging_mixin.py:188} INFO - Converted /opt/***/dags/data/s/BILLSTATUS-118s3853.xml to /opt/***/dags/data/s/BILLSTATUS-118s3853.json
[2024-04-09T23:50:26.027+0000] {logging_mixin.py:188} INFO - Converted /opt/***/dags/data/s/BILLSTATUS-118s2226.xml to /opt/***/dags/data/s/BILLSTATUS-118s2226.json
[2024-04-09T23:50:26.394+0000] {logging_mixin.py:188} INFO - Converted /opt/***/dags/data/s/BILLSTATUS-118s619.xml to /opt/***/dags/data/s/BILLSTATUS-118s619.json
[2024-04-09T23:50:29.494+0000] {logging_mixin.py:188} INFO - Converted /opt/***/dags/data/sres/BILLSTATUS-118sres13.xml to /opt/***/dags/data/sres/BILLSTATUS-118sres13.json
[2024-04-09T23:50:29.671+0000] {logging_mixin.py:188} INFO - Converted /opt/***/dags/data/sres/BILLSTATUS-118sres417.xml to /opt/***/dags/data/sres/BILLSTATUS-118sres417.json
[2024-04-09T23:50:30.108+0000] {logging_mixin.py:188} INFO - Converted /opt/***/dags/data/sres/BILLSTATUS-118sres21.xml to /opt/***/dags/data/sres/BILLSTATUS-118sres21.json
[2024-04-09T23:50:30.495+0000] {logging_mixin.py:188} INFO - Converted /opt/***/dags/data/sres/BILLSTATUS-118sres504.xml to /opt/***/dags/data/sres/BILLSTATUS-118sres504.json
[2024-04-09T23:50:30.814+0000] {logging_mixin.py:188} INFO - Converted /opt/***/dags/data/hr/BILLSTATUS-118hr2766.xml to /opt/***/dags/data/hr/BILLSTATUS-118hr2766.json
[2024-04-09T23:50:30.887+0000] {logging_mixin.py:188} INFO - Converted /opt/***/dags/data/hr/BILLSTATUS-118hr2799.xml to /opt/***/dags/data/hr/BILLSTATUS-118hr2799.json
[2024-04-09T23:50:30.948+0000] {logging_mixin.py:188} INFO - Converted /opt/***/dags/data/hr/BILLSTATUS-118hr7024.xml to /opt/***/dags/data/hr/BILLSTATUS-118hr7024.json
[2024-04-09T23:50:31.259+0000] {logging_mixin.py:188} INFO - Converted /opt/***/dags/data/hr/BILLSTATUS-118hr2.xml to /opt/***/dags/data/hr/BILLSTATUS-118hr2.json
[2024-04-09T23:50:31.357+0000] {logging_mixin.py:188} INFO - Converted /opt/***/dags/data/hr/BILLSTATUS-118hr542.xml to /opt/***/dags/data/hr/BILLSTATUS-118hr542.json
[2024-04-09T23:50:31.903+0000] {logging_mixin.py:188} INFO - Converted /opt/***/dags/data/hr/BILLSTATUS-118hr185.xml to /opt/***/dags/data/hr/BILLSTATUS-118hr185.json
[2024-04-09T23:50:31.918+0000] {logging_mixin.py:188} INFO - Converted /opt/***/dags/data/hr/BILLSTATUS-118hr5961.xml to /opt/***/dags/data/hr/BILLSTATUS-118hr5961.json
[2024-04-09T23:50:31.945+0000] {logging_mixin.py:188} INFO - Converted /opt/***/dags/data/hr/BILLSTATUS-118hr813.xml to /opt/***/dags/data/hr/BILLSTATUS-118hr813.json
[2024-04-09T23:50:32.022+0000] {logging_mixin.py:188} INFO - Converted /opt/***/dags/data/hr/BILLSTATUS-118hr4470.xml to /opt/***/dags/data/hr/BILLSTATUS-118hr4470.json
[2024-04-09T23:50:32.149+0000] {logging_mixin.py:188} INFO - Converted /opt/***/dags/data/hr/BILLSTATUS-118hr6918.xml to /opt/***/dags/data/hr/BILLSTATUS-118hr6918.json
[2024-04-09T23:50:32.162+0000] {logging_mixin.py:188} INFO - Converted /opt/***/dags/data/hr/BILLSTATUS-118hr1093.xml to /opt/***/dags/data/hr/BILLSTATUS-118hr1093.json
[2024-04-09T23:50:32.174+0000] {logging_mixin.py:188} INFO - Converted /opt/***/dags/data/hr/BILLSTATUS-118hr3848.xml to /opt/***/dags/data/hr/BILLSTATUS-118hr3848.json
[2024-04-09T23:50:32.296+0000] {logging_mixin.py:188} INFO - Converted /opt/***/dags/data/hr/BILLSTATUS-118hr1734.xml to /opt/***/dags/data/hr/BILLSTATUS-118hr1734.json
[2024-04-09T23:50:32.366+0000] {logging_mixin.py:188} INFO - Converted /opt/***/dags/data/hr/BILLSTATUS-118hr346.xml to /opt/***/dags/data/hr/BILLSTATUS-118hr346.json
[2024-04-09T23:50:32.403+0000] {logging_mixin.py:188} INFO - Converted /opt/***/dags/data/hr/BILLSTATUS-118hr4664.xml to /opt/***/dags/data/hr/BILLSTATUS-118hr4664.json
[2024-04-09T23:50:32.433+0000] {logging_mixin.py:188} INFO - Converted /opt/***/dags/data/hr/BILLSTATUS-118hr5585.xml to /opt/***/dags/data/hr/BILLSTATUS-118hr5585.json
[2024-04-09T23:50:32.515+0000] {logging_mixin.py:188} INFO - Converted /opt/***/dags/data/hr/BILLSTATUS-118hr6503.xml to /opt/***/dags/data/hr/BILLSTATUS-118hr6503.json
[2024-04-09T23:50:32.550+0000] {logging_mixin.py:188} INFO - Converted /opt/***/dags/data/hr/BILLSTATUS-118hr839.xml to /opt/***/dags/data/hr/BILLSTATUS-118hr839.json
[2024-04-09T23:50:32.894+0000] {logging_mixin.py:188} INFO - Converted /opt/***/dags/data/hr/BILLSTATUS-118hr1640.xml to /opt/***/dags/data/hr/BILLSTATUS-118hr1640.json
[2024-04-09T23:50:33.003+0000] {logging_mixin.py:188} INFO - Converted /opt/***/dags/data/hr/BILLSTATUS-118hr1.xml to /opt/***/dags/data/hr/BILLSTATUS-118hr1.json
[2024-04-09T23:50:33.026+0000] {logging_mixin.py:188} INFO - Converted /opt/***/dags/data/hr/BILLSTATUS-118hr1669.xml to /opt/***/dags/data/hr/BILLSTATUS-118hr1669.json
[2024-04-09T23:50:33.570+0000] {logging_mixin.py:188} INFO - Converted /opt/***/dags/data/hr/BILLSTATUS-118hr4665.xml to /opt/***/dags/data/hr/BILLSTATUS-118hr4665.json
[2024-04-09T23:50:33.650+0000] {logging_mixin.py:188} INFO - Converted /opt/***/dags/data/hr/BILLSTATUS-118hr347.xml to /opt/***/dags/data/hr/BILLSTATUS-118hr347.json
[2024-04-09T23:50:33.729+0000] {logging_mixin.py:188} INFO - Converted /opt/***/dags/data/hr/BILLSTATUS-118hr357.xml to /opt/***/dags/data/hr/BILLSTATUS-118hr357.json
[2024-04-09T23:50:33.892+0000] {logging_mixin.py:188} INFO - Converted /opt/***/dags/data/hr/BILLSTATUS-118hr3324.xml to /opt/***/dags/data/hr/BILLSTATUS-118hr3324.json
[2024-04-09T23:50:33.969+0000] {logging_mixin.py:188} INFO - Converted /opt/***/dags/data/hr/BILLSTATUS-118hr753.xml to /opt/***/dags/data/hr/BILLSTATUS-118hr753.json
[2024-04-09T23:50:34.114+0000] {logging_mixin.py:188} INFO - Converted /opt/***/dags/data/hr/BILLSTATUS-118hr1123.xml to /opt/***/dags/data/hr/BILLSTATUS-118hr1123.json
[2024-04-09T23:50:34.155+0000] {logging_mixin.py:188} INFO - Converted /opt/***/dags/data/hr/BILLSTATUS-118hr3091.xml to /opt/***/dags/data/hr/BILLSTATUS-118hr3091.json
[2024-04-09T23:50:34.173+0000] {logging_mixin.py:188} INFO - Converted /opt/***/dags/data/hr/BILLSTATUS-118hr5.xml to /opt/***/dags/data/hr/BILLSTATUS-118hr5.json
[2024-04-09T23:50:34.241+0000] {logging_mixin.py:188} INFO - Converted /opt/***/dags/data/hr/BILLSTATUS-118hr593.xml to /opt/***/dags/data/hr/BILLSTATUS-118hr593.json
[2024-04-09T23:50:34.284+0000] {logging_mixin.py:188} INFO - Converted /opt/***/dags/data/hr/BILLSTATUS-118hr2365.xml to /opt/***/dags/data/hr/BILLSTATUS-118hr2365.json
[2024-04-09T23:50:34.312+0000] {logging_mixin.py:188} INFO - Converted /opt/***/dags/data/hr/BILLSTATUS-118hr5378.xml to /opt/***/dags/data/hr/BILLSTATUS-118hr5378.json
[2024-04-09T23:50:34.485+0000] {logging_mixin.py:188} INFO - Converted /opt/***/dags/data/hr/BILLSTATUS-118hr7023.xml to /opt/***/dags/data/hr/BILLSTATUS-118hr7023.json
[2024-04-09T23:50:34.735+0000] {logging_mixin.py:188} INFO - Converted /opt/***/dags/data/hr/BILLSTATUS-118hr4502.xml to /opt/***/dags/data/hr/BILLSTATUS-118hr4502.json
[2024-04-09T23:50:34.922+0000] {logging_mixin.py:188} INFO - Converted /opt/***/dags/data/hr/BILLSTATUS-118hr815.xml to /opt/***/dags/data/hr/BILLSTATUS-118hr815.json
[2024-04-09T23:50:35.072+0000] {logging_mixin.py:188} INFO - Converted /opt/***/dags/data/hr/BILLSTATUS-118hr140.xml to /opt/***/dags/data/hr/BILLSTATUS-118hr140.json
[2024-04-09T23:50:35.208+0000] {logging_mixin.py:188} INFO - Converted /opt/***/dags/data/hr/BILLSTATUS-118hr340.xml to /opt/***/dags/data/hr/BILLSTATUS-118hr340.json
[2024-04-09T23:50:35.420+0000] {logging_mixin.py:188} INFO - Converted /opt/***/dags/data/hr/BILLSTATUS-118hr1530.xml to /opt/***/dags/data/hr/BILLSTATUS-118hr1530.json
[2024-04-09T23:50:35.815+0000] {logging_mixin.py:188} INFO - Converted /opt/***/dags/data/hr/BILLSTATUS-118hr1121.xml to /opt/***/dags/data/hr/BILLSTATUS-118hr1121.json
[2024-04-09T23:50:36.099+0000] {logging_mixin.py:188} INFO - Converted /opt/***/dags/data/hr/BILLSTATUS-118hr6276.xml to /opt/***/dags/data/hr/BILLSTATUS-118hr6276.json
[2024-04-09T23:50:36.115+0000] {logging_mixin.py:188} INFO - Converted /opt/***/dags/data/hr/BILLSTATUS-118hr1096.xml to /opt/***/dags/data/hr/BILLSTATUS-118hr1096.json
[2024-04-09T23:50:36.151+0000] {logging_mixin.py:188} INFO - Converted /opt/***/dags/data/hr/BILLSTATUS-118hr382.xml to /opt/***/dags/data/hr/BILLSTATUS-118hr382.json
[2024-04-09T23:50:36.241+0000] {logging_mixin.py:188} INFO - Converted /opt/***/dags/data/hr/BILLSTATUS-118hr1727.xml to /opt/***/dags/data/hr/BILLSTATUS-118hr1727.json
[2024-04-09T23:50:36.443+0000] {logging_mixin.py:188} INFO - Converted /opt/***/dags/data/hr/BILLSTATUS-118hr5283.xml to /opt/***/dags/data/hr/BILLSTATUS-118hr5283.json
[2024-04-09T23:50:36.514+0000] {logging_mixin.py:188} INFO - Converted /opt/***/dags/data/hr/BILLSTATUS-118hr497.xml to /opt/***/dags/data/hr/BILLSTATUS-118hr497.json
[2024-04-09T23:50:36.746+0000] {logging_mixin.py:188} INFO - Converted /opt/***/dags/data/hr/BILLSTATUS-118hr21.xml to /opt/***/dags/data/hr/BILLSTATUS-118hr21.json
[2024-04-09T23:50:37.320+0000] {logging_mixin.py:188} INFO - Converted /opt/***/dags/data/hr/BILLSTATUS-118hr1147.xml to /opt/***/dags/data/hr/BILLSTATUS-118hr1147.json
[2024-04-09T23:50:37.394+0000] {logging_mixin.py:188} INFO - Converted /opt/***/dags/data/hr/BILLSTATUS-118hr5862.xml to /opt/***/dags/data/hr/BILLSTATUS-118hr5862.json
[2024-04-09T23:50:37.453+0000] {logging_mixin.py:188} INFO - Converted /opt/***/dags/data/hr/BILLSTATUS-118hr5692.xml to /opt/***/dags/data/hr/BILLSTATUS-118hr5692.json
[2024-04-09T23:50:37.506+0000] {logging_mixin.py:188} INFO - Converted /opt/***/dags/data/hr/BILLSTATUS-118hr2670.xml to /opt/***/dags/data/hr/BILLSTATUS-118hr2670.json
[2024-04-09T23:50:37.805+0000] {logging_mixin.py:188} INFO - Converted /opt/***/dags/data/hr/BILLSTATUS-118hr7454.xml to /opt/***/dags/data/hr/BILLSTATUS-118hr7454.json
[2024-04-09T23:50:37.815+0000] {logging_mixin.py:188} INFO - Converted /opt/***/dags/data/hr/BILLSTATUS-118hr5525.xml to /opt/***/dags/data/hr/BILLSTATUS-118hr5525.json
[2024-04-09T23:50:37.845+0000] {logging_mixin.py:188} INFO - Converted /opt/***/dags/data/hr/BILLSTATUS-118hr443.xml to /opt/***/dags/data/hr/BILLSTATUS-118hr443.json
[2024-04-09T23:50:37.919+0000] {logging_mixin.py:188} INFO - Converted /opt/***/dags/data/hr/BILLSTATUS-118hr4820.xml to /opt/***/dags/data/hr/BILLSTATUS-118hr4820.json
[2024-04-09T23:50:37.996+0000] {logging_mixin.py:188} INFO - Converted /opt/***/dags/data/hr/BILLSTATUS-118hr22.xml to /opt/***/dags/data/hr/BILLSTATUS-118hr22.json
[2024-04-09T23:50:38.088+0000] {logging_mixin.py:188} INFO - Converted /opt/***/dags/data/hr/BILLSTATUS-118hr1435.xml to /opt/***/dags/data/hr/BILLSTATUS-118hr1435.json
[2024-04-09T23:50:38.115+0000] {logging_mixin.py:188} INFO - Converted /opt/***/dags/data/hr/BILLSTATUS-118hr2882.xml to /opt/***/dags/data/hr/BILLSTATUS-118hr2882.json
[2024-04-09T23:50:38.122+0000] {logging_mixin.py:188} INFO - Converted /opt/***/dags/data/hr/BILLSTATUS-118hr1353.xml to /opt/***/dags/data/hr/BILLSTATUS-118hr1353.json
[2024-04-09T23:50:38.199+0000] {logging_mixin.py:188} INFO - Converted /opt/***/dags/data/hr/BILLSTATUS-118hr5860.xml to /opt/***/dags/data/hr/BILLSTATUS-118hr5860.json
[2024-04-09T23:50:38.216+0000] {logging_mixin.py:188} INFO - Converted /opt/***/dags/data/hr/BILLSTATUS-118hr7520.xml to /opt/***/dags/data/hr/BILLSTATUS-118hr7520.json
[2024-04-09T23:50:38.220+0000] {logging_mixin.py:188} INFO - Converted /opt/***/dags/data/hr/BILLSTATUS-118hr1151.xml to /opt/***/dags/data/hr/BILLSTATUS-118hr1151.json
[2024-04-09T23:50:38.236+0000] {logging_mixin.py:188} INFO - Converted /opt/***/dags/data/hr/BILLSTATUS-118hr3746.xml to /opt/***/dags/data/hr/BILLSTATUS-118hr3746.json
[2024-04-09T23:50:38.390+0000] {logging_mixin.py:188} INFO - Converted /opt/***/dags/data/hr/BILLSTATUS-118hr7521.xml to /opt/***/dags/data/hr/BILLSTATUS-118hr7521.json
[2024-04-09T23:50:38.509+0000] {logging_mixin.py:188} INFO - Converted /opt/***/dags/data/hr/BILLSTATUS-118hr734.xml to /opt/***/dags/data/hr/BILLSTATUS-118hr734.json
[2024-04-09T23:50:38.597+0000] {logging_mixin.py:188} INFO - Converted /opt/***/dags/data/hr/BILLSTATUS-118hr23.xml to /opt/***/dags/data/hr/BILLSTATUS-118hr23.json
[2024-04-09T23:50:38.621+0000] {logging_mixin.py:188} INFO - Converted /opt/***/dags/data/hr/BILLSTATUS-118hr1226.xml to /opt/***/dags/data/hr/BILLSTATUS-118hr1226.json
[2024-04-09T23:50:39.112+0000] {logging_mixin.py:188} INFO - Converted /opt/***/dags/data/hr/BILLSTATUS-118hr4821.xml to /opt/***/dags/data/hr/BILLSTATUS-118hr4821.json
[2024-04-09T23:50:39.195+0000] {logging_mixin.py:188} INFO - Converted /opt/***/dags/data/hr/BILLSTATUS-118hr5524.xml to /opt/***/dags/data/hr/BILLSTATUS-118hr5524.json
[2024-04-09T23:50:39.247+0000] {logging_mixin.py:188} INFO - Converted /opt/***/dags/data/hr/BILLSTATUS-118hr1752.xml to /opt/***/dags/data/hr/BILLSTATUS-118hr1752.json
[2024-04-09T23:50:39.275+0000] {logging_mixin.py:188} INFO - Converted /opt/***/dags/data/hr/BILLSTATUS-118hr485.xml to /opt/***/dags/data/hr/BILLSTATUS-118hr485.json
[2024-04-09T23:50:39.295+0000] {logging_mixin.py:188} INFO - Converted /opt/***/dags/data/hr/BILLSTATUS-118hr3838.xml to /opt/***/dags/data/hr/BILLSTATUS-118hr3838.json
[2024-04-09T23:50:39.424+0000] {logging_mixin.py:188} INFO - Converted /opt/***/dags/data/hr/BILLSTATUS-118hr4366.xml to /opt/***/dags/data/hr/BILLSTATUS-118hr4366.json
[2024-04-09T23:50:39.575+0000] {logging_mixin.py:188} INFO - Converted /opt/***/dags/data/hr/BILLSTATUS-118hr6363.xml to /opt/***/dags/data/hr/BILLSTATUS-118hr6363.json
[2024-04-09T23:50:39.739+0000] {logging_mixin.py:188} INFO - Converted /opt/***/dags/data/hr/BILLSTATUS-118hr1154.xml to /opt/***/dags/data/hr/BILLSTATUS-118hr1154.json
[2024-04-09T23:50:39.877+0000] {logging_mixin.py:188} INFO - Converted /opt/***/dags/data/hr/BILLSTATUS-118hr533.xml to /opt/***/dags/data/hr/BILLSTATUS-118hr533.json
[2024-04-09T23:50:39.968+0000] {logging_mixin.py:188} INFO - Converted /opt/***/dags/data/hr/BILLSTATUS-118hr5119.xml to /opt/***/dags/data/hr/BILLSTATUS-118hr5119.json
[2024-04-09T23:50:39.990+0000] {logging_mixin.py:188} INFO - Converted /opt/***/dags/data/hr/BILLSTATUS-118hr3391.xml to /opt/***/dags/data/hr/BILLSTATUS-118hr3391.json
[2024-04-09T23:50:40.136+0000] {logging_mixin.py:188} INFO - Converted /opt/***/dags/data/hr/BILLSTATUS-118hr4367.xml to /opt/***/dags/data/hr/BILLSTATUS-118hr4367.json
[2024-04-09T23:50:40.162+0000] {logging_mixin.py:188} INFO - Converted /opt/***/dags/data/hr/BILLSTATUS-118hr26.xml to /opt/***/dags/data/hr/BILLSTATUS-118hr26.json
[2024-04-09T23:50:40.307+0000] {logging_mixin.py:188} INFO - Converted /opt/***/dags/data/hr/BILLSTATUS-118hr1023.xml to /opt/***/dags/data/hr/BILLSTATUS-118hr1023.json
[2024-04-09T23:50:40.323+0000] {logging_mixin.py:188} INFO - Converted /opt/***/dags/data/hr/BILLSTATUS-118hr3152.xml to /opt/***/dags/data/hr/BILLSTATUS-118hr3152.json
[2024-04-09T23:50:40.409+0000] {logging_mixin.py:188} INFO - Converted /opt/***/dags/data/hr/BILLSTATUS-118hr4365.xml to /opt/***/dags/data/hr/BILLSTATUS-118hr4365.json
[2024-04-09T23:50:40.436+0000] {logging_mixin.py:188} INFO - Converted /opt/***/dags/data/hr/BILLSTATUS-118hr1547.xml to /opt/***/dags/data/hr/BILLSTATUS-118hr1547.json
[2024-04-09T23:50:40.568+0000] {logging_mixin.py:188} INFO - Converted /opt/***/dags/data/hr/BILLSTATUS-118hr3224.xml to /opt/***/dags/data/hr/BILLSTATUS-118hr3224.json
[2024-04-09T23:50:41.206+0000] {logging_mixin.py:188} INFO - Converted /opt/***/dags/data/hr/BILLSTATUS-118hr4984.xml to /opt/***/dags/data/hr/BILLSTATUS-118hr4984.json
[2024-04-09T23:50:41.330+0000] {logging_mixin.py:188} INFO - Converted /opt/***/dags/data/hr/BILLSTATUS-118hr1156.xml to /opt/***/dags/data/hr/BILLSTATUS-118hr1156.json
[2024-04-09T23:50:41.778+0000] {logging_mixin.py:188} INFO - Converted /opt/***/dags/data/hr/BILLSTATUS-118hr4364.xml to /opt/***/dags/data/hr/BILLSTATUS-118hr4364.json
[2024-04-09T23:50:42.091+0000] {logging_mixin.py:188} INFO - Converted /opt/***/dags/data/hr/BILLSTATUS-118hr139.xml to /opt/***/dags/data/hr/BILLSTATUS-118hr139.json
[2024-04-09T23:50:42.143+0000] {logging_mixin.py:188} INFO - Converted /opt/***/dags/data/hr/BILLSTATUS-118hr663.xml to /opt/***/dags/data/hr/BILLSTATUS-118hr663.json
[2024-04-09T23:50:42.255+0000] {logging_mixin.py:188} INFO - Converted /opt/***/dags/data/hr/BILLSTATUS-118hr5856.xml to /opt/***/dags/data/hr/BILLSTATUS-118hr5856.json
[2024-04-09T23:50:42.273+0000] {logging_mixin.py:188} INFO - Converted /opt/***/dags/data/hr/BILLSTATUS-118hr1615.xml to /opt/***/dags/data/hr/BILLSTATUS-118hr1615.json
[2024-04-09T23:50:42.480+0000] {logging_mixin.py:188} INFO - Converted /opt/***/dags/data/hr/BILLSTATUS-118hr500.xml to /opt/***/dags/data/hr/BILLSTATUS-118hr500.json
[2024-04-09T23:50:42.493+0000] {logging_mixin.py:188} INFO - Converted /opt/***/dags/data/hr/BILLSTATUS-118hr3981.xml to /opt/***/dags/data/hr/BILLSTATUS-118hr3981.json
[2024-04-09T23:50:42.608+0000] {logging_mixin.py:188} INFO - Converted /opt/***/dags/data/hr/BILLSTATUS-118hr5894.xml to /opt/***/dags/data/hr/BILLSTATUS-118hr5894.json
[2024-04-09T23:50:42.669+0000] {logging_mixin.py:188} INFO - Converted /opt/***/dags/data/hr/BILLSTATUS-118hr662.xml to /opt/***/dags/data/hr/BILLSTATUS-118hr662.json
[2024-04-09T23:50:42.685+0000] {logging_mixin.py:188} INFO - Converted /opt/***/dags/data/hr/BILLSTATUS-118hr676.xml to /opt/***/dags/data/hr/BILLSTATUS-118hr676.json
[2024-04-09T23:50:42.756+0000] {logging_mixin.py:188} INFO - Converted /opt/***/dags/data/hr/BILLSTATUS-118hr4368.xml to /opt/***/dags/data/hr/BILLSTATUS-118hr4368.json
[2024-04-09T23:50:42.801+0000] {logging_mixin.py:188} INFO - Converted /opt/***/dags/data/hr/BILLSTATUS-118hr886.xml to /opt/***/dags/data/hr/BILLSTATUS-118hr886.json
[2024-04-09T23:50:42.917+0000] {logging_mixin.py:188} INFO - Converted /opt/***/dags/data/hr/BILLSTATUS-118hr7463.xml to /opt/***/dags/data/hr/BILLSTATUS-118hr7463.json
[2024-04-09T23:50:43.139+0000] {logging_mixin.py:188} INFO - Converted /opt/***/dags/data/hr/BILLSTATUS-118hr1548.xml to /opt/***/dags/data/hr/BILLSTATUS-118hr1548.json
[2024-04-09T23:50:43.461+0000] {logging_mixin.py:188} INFO - Converted /opt/***/dags/data/hr/BILLSTATUS-118hr3941.xml to /opt/***/dags/data/hr/BILLSTATUS-118hr3941.json
[2024-04-09T23:50:43.477+0000] {logging_mixin.py:188} INFO - Converted /opt/***/dags/data/hr/BILLSTATUS-118hr3799.xml to /opt/***/dags/data/hr/BILLSTATUS-118hr3799.json
[2024-04-09T23:50:43.552+0000] {logging_mixin.py:188} INFO - Converted /opt/***/dags/data/hr/BILLSTATUS-118hr1159.xml to /opt/***/dags/data/hr/BILLSTATUS-118hr1159.json
[2024-04-09T23:50:43.645+0000] {logging_mixin.py:188} INFO - Converted /opt/***/dags/data/hr/BILLSTATUS-118hr3202.xml to /opt/***/dags/data/hr/BILLSTATUS-118hr3202.json
[2024-04-09T23:50:43.652+0000] {logging_mixin.py:188} INFO - Converted /opt/***/dags/data/hr/BILLSTATUS-118hr3564.xml to /opt/***/dags/data/hr/BILLSTATUS-118hr3564.json
[2024-04-09T23:50:43.701+0000] {logging_mixin.py:188} INFO - Converted /opt/***/dags/data/hr/BILLSTATUS-118hr4394.xml to /opt/***/dags/data/hr/BILLSTATUS-118hr4394.json
[2024-04-09T23:50:43.840+0000] {logging_mixin.py:188} INFO - Converted /opt/***/dags/data/hr/BILLSTATUS-118hr3821.xml to /opt/***/dags/data/hr/BILLSTATUS-118hr3821.json
[2024-04-09T23:50:43.929+0000] {logging_mixin.py:188} INFO - Converted /opt/***/dags/data/hr/BILLSTATUS-118hr467.xml to /opt/***/dags/data/hr/BILLSTATUS-118hr467.json
[2024-04-09T23:50:44.033+0000] {logging_mixin.py:188} INFO - Converted /opt/***/dags/data/hr/BILLSTATUS-118hr6544.xml to /opt/***/dags/data/hr/BILLSTATUS-118hr6544.json
[2024-04-09T23:50:44.266+0000] {logging_mixin.py:188} INFO - Converted /opt/***/dags/data/hr/BILLSTATUS-118hr1149.xml to /opt/***/dags/data/hr/BILLSTATUS-118hr1149.json
[2024-04-09T23:50:44.289+0000] {logging_mixin.py:188} INFO - Converted /opt/***/dags/data/hr/BILLSTATUS-118hr1607.xml to /opt/***/dags/data/hr/BILLSTATUS-118hr1607.json
[2024-04-09T23:50:44.395+0000] {logging_mixin.py:188} INFO - Converted /opt/***/dags/data/hr/BILLSTATUS-118hr7511.xml to /opt/***/dags/data/hr/BILLSTATUS-118hr7511.json
[2024-04-09T23:50:44.402+0000] {logging_mixin.py:188} INFO - Converted /opt/***/dags/data/hr/BILLSTATUS-118hr1606.xml to /opt/***/dags/data/hr/BILLSTATUS-118hr1606.json
[2024-04-09T23:50:44.513+0000] {logging_mixin.py:188} INFO - Converted /opt/***/dags/data/hr/BILLSTATUS-118hr5110.xml to /opt/***/dags/data/hr/BILLSTATUS-118hr5110.json
[2024-04-09T23:50:44.692+0000] {logging_mixin.py:188} INFO - Converted /opt/***/dags/data/hr/BILLSTATUS-118hr6009.xml to /opt/***/dags/data/hr/BILLSTATUS-118hr6009.json
[2024-04-09T23:50:44.783+0000] {logging_mixin.py:188} INFO - Converted /opt/***/dags/data/hr/BILLSTATUS-118hr300.xml to /opt/***/dags/data/hr/BILLSTATUS-118hr300.json
[2024-04-09T23:50:44.803+0000] {logging_mixin.py:188} INFO - Converted /opt/***/dags/data/hr/BILLSTATUS-118hr5528.xml to /opt/***/dags/data/hr/BILLSTATUS-118hr5528.json
[2024-04-09T23:50:44.857+0000] {logging_mixin.py:188} INFO - Converted /opt/***/dags/data/hr/BILLSTATUS-118hr302.xml to /opt/***/dags/data/hr/BILLSTATUS-118hr302.json
[2024-04-09T23:50:44.936+0000] {logging_mixin.py:188} INFO - Converted /opt/***/dags/data/hr/BILLSTATUS-118hr6976.xml to /opt/***/dags/data/hr/BILLSTATUS-118hr6976.json
[2024-04-09T23:50:45.048+0000] {logging_mixin.py:188} INFO - Converted /opt/***/dags/data/hr/BILLSTATUS-118hr5933.xml to /opt/***/dags/data/hr/BILLSTATUS-118hr5933.json
[2024-04-09T23:50:45.183+0000] {logging_mixin.py:188} INFO - Converted /opt/***/dags/data/hr/BILLSTATUS-118hr2872.xml to /opt/***/dags/data/hr/BILLSTATUS-118hr2872.json
[2024-04-09T23:50:45.240+0000] {logging_mixin.py:188} INFO - Converted /opt/***/dags/data/hr/BILLSTATUS-118hr538.xml to /opt/***/dags/data/hr/BILLSTATUS-118hr538.json
[2024-04-09T23:50:45.281+0000] {logging_mixin.py:188} INFO - Converted /opt/***/dags/data/hr/BILLSTATUS-118hr2494.xml to /opt/***/dags/data/hr/BILLSTATUS-118hr2494.json
[2024-04-09T23:50:45.294+0000] {logging_mixin.py:188} INFO - Converted /opt/***/dags/data/hr/BILLSTATUS-118hr288.xml to /opt/***/dags/data/hr/BILLSTATUS-118hr288.json
[2024-04-09T23:50:45.322+0000] {logging_mixin.py:188} INFO - Converted /opt/***/dags/data/hr/BILLSTATUS-118hr1836.xml to /opt/***/dags/data/hr/BILLSTATUS-118hr1836.json
[2024-04-09T23:50:45.340+0000] {logging_mixin.py:188} INFO - Converted /opt/***/dags/data/hr/BILLSTATUS-118hr3774.xml to /opt/***/dags/data/hr/BILLSTATUS-118hr3774.json
[2024-04-09T23:50:45.347+0000] {logging_mixin.py:188} INFO - Converted /opt/***/dags/data/hr/BILLSTATUS-118hr1163.xml to /opt/***/dags/data/hr/BILLSTATUS-118hr1163.json
[2024-04-09T23:50:45.384+0000] {logging_mixin.py:188} INFO - Converted /opt/***/dags/data/hr/BILLSTATUS-118hr277.xml to /opt/***/dags/data/hr/BILLSTATUS-118hr277.json
[2024-04-09T23:50:45.613+0000] {logging_mixin.py:188} INFO - Converted /opt/***/dags/data/hr/BILLSTATUS-118hr7102.xml to /opt/***/dags/data/hr/BILLSTATUS-118hr7102.json
[2024-04-09T23:50:45.622+0000] {logging_mixin.py:188} INFO - Converted /opt/***/dags/data/hr/BILLSTATUS-118hr1567.xml to /opt/***/dags/data/hr/BILLSTATUS-118hr1567.json
[2024-04-09T23:50:46.203+0000] {logging_mixin.py:188} INFO - Converted /opt/***/dags/data/hr/BILLSTATUS-118hr589.xml to /opt/***/dags/data/hr/BILLSTATUS-118hr589.json
[2024-04-09T23:50:46.264+0000] {logging_mixin.py:188} INFO - Converted /opt/***/dags/data/hr/BILLSTATUS-118hr3935.xml to /opt/***/dags/data/hr/BILLSTATUS-118hr3935.json
[2024-04-09T23:50:46.336+0000] {logging_mixin.py:188} INFO - Converted /opt/***/dags/data/hr/BILLSTATUS-118hr1105.xml to /opt/***/dags/data/hr/BILLSTATUS-118hr1105.json
[2024-04-09T23:50:46.408+0000] {logging_mixin.py:188} INFO - Converted /opt/***/dags/data/hr/BILLSTATUS-118hr4531.xml to /opt/***/dags/data/hr/BILLSTATUS-118hr4531.json
[2024-04-09T23:50:46.673+0000] {logging_mixin.py:188} INFO - Converted /opt/***/dags/data/hr/BILLSTATUS-118hr359.xml to /opt/***/dags/data/hr/BILLSTATUS-118hr359.json
[2024-04-09T23:50:46.726+0000] {logging_mixin.py:188} INFO - Converted /opt/***/dags/data/hr/BILLSTATUS-118hr3672.xml to /opt/***/dags/data/hr/BILLSTATUS-118hr3672.json
[2024-04-09T23:50:46.802+0000] {logging_mixin.py:188} INFO - Converted /opt/***/dags/data/hr/BILLSTATUS-118hr1715.xml to /opt/***/dags/data/hr/BILLSTATUS-118hr1715.json
[2024-04-09T23:50:46.884+0000] {logging_mixin.py:188} INFO - Converted /opt/***/dags/data/hr/BILLSTATUS-118hr3843.xml to /opt/***/dags/data/hr/BILLSTATUS-118hr3843.json
[2024-04-09T23:50:46.902+0000] {logging_mixin.py:188} INFO - Converted /opt/***/dags/data/hr/BILLSTATUS-118hr159.xml to /opt/***/dags/data/hr/BILLSTATUS-118hr159.json
[2024-04-09T23:50:46.991+0000] {logging_mixin.py:188} INFO - Converted /opt/***/dags/data/hr/BILLSTATUS-118hr2793.xml to /opt/***/dags/data/hr/BILLSTATUS-118hr2793.json
[2024-04-09T23:50:47.049+0000] {logging_mixin.py:188} INFO - Converted /opt/***/dags/data/hr/BILLSTATUS-118hr1339.xml to /opt/***/dags/data/hr/BILLSTATUS-118hr1339.json
[2024-04-09T23:50:47.071+0000] {logging_mixin.py:188} INFO - Converted /opt/***/dags/data/hr/BILLSTATUS-118hr788.xml to /opt/***/dags/data/hr/BILLSTATUS-118hr788.json
[2024-04-09T23:50:47.100+0000] {logging_mixin.py:188} INFO - Converted /opt/***/dags/data/hr/BILLSTATUS-118hr1107.xml to /opt/***/dags/data/hr/BILLSTATUS-118hr1107.json
[2024-04-09T23:50:47.128+0000] {logging_mixin.py:188} INFO - Converted /opt/***/dags/data/hr/BILLSTATUS-118hr5375.xml to /opt/***/dags/data/hr/BILLSTATUS-118hr5375.json
[2024-04-09T23:50:47.161+0000] {logging_mixin.py:188} INFO - Converted /opt/***/dags/data/hr/BILLSTATUS-118hr6126.xml to /opt/***/dags/data/hr/BILLSTATUS-118hr6126.json
[2024-04-09T23:50:47.266+0000] {logging_mixin.py:188} INFO - Converted /opt/***/dags/data/hr/BILLSTATUS-118hr3089.xml to /opt/***/dags/data/hr/BILLSTATUS-118hr3089.json
[2024-04-09T23:50:47.620+0000] {logging_mixin.py:188} INFO - Converted /opt/***/dags/data/hr/BILLSTATUS-118hr1338.xml to /opt/***/dags/data/hr/BILLSTATUS-118hr1338.json
[2024-04-09T23:50:47.804+0000] {logging_mixin.py:188} INFO - Converted /opt/***/dags/data/hr/BILLSTATUS-118hr2792.xml to /opt/***/dags/data/hr/BILLSTATUS-118hr2792.json
[2024-04-09T23:50:48.522+0000] {logging_mixin.py:188} INFO - Converted /opt/***/dags/data/hr/BILLSTATUS-118hr400.xml to /opt/***/dags/data/hr/BILLSTATUS-118hr400.json
[2024-04-09T23:50:48.902+0000] {logging_mixin.py:188} INFO - Converted /opt/***/dags/data/hr/BILLSTATUS-118hr1076.xml to /opt/***/dags/data/hr/BILLSTATUS-118hr1076.json
[2024-04-09T23:50:49.711+0000] {logging_mixin.py:188} INFO - Converted /opt/***/dags/data/hr/BILLSTATUS-118hr2796.xml to /opt/***/dags/data/hr/BILLSTATUS-118hr2796.json
[2024-04-09T23:50:50.034+0000] {logging_mixin.py:188} INFO - Converted /opt/***/dags/data/hr/BILLSTATUS-118hr2812.xml to /opt/***/dags/data/hr/BILLSTATUS-118hr2812.json
[2024-04-09T23:50:50.224+0000] {logging_mixin.py:188} INFO - Converted /opt/***/dags/data/hr/BILLSTATUS-118hr6679.xml to /opt/***/dags/data/hr/BILLSTATUS-118hr6679.json
[2024-04-09T23:50:50.257+0000] {logging_mixin.py:188} INFO - Converted /opt/***/dags/data/hr/BILLSTATUS-118hr2379.xml to /opt/***/dags/data/hr/BILLSTATUS-118hr2379.json
[2024-04-09T23:50:50.375+0000] {logging_mixin.py:188} INFO - Converted /opt/***/dags/data/hr/BILLSTATUS-118hr3099.xml to /opt/***/dags/data/hr/BILLSTATUS-118hr3099.json
[2024-04-09T23:50:50.448+0000] {logging_mixin.py:188} INFO - Converted /opt/***/dags/data/hr/BILLSTATUS-118hr6678.xml to /opt/***/dags/data/hr/BILLSTATUS-118hr6678.json
[2024-04-09T23:50:50.728+0000] {logging_mixin.py:188} INFO - Converted /opt/***/dags/data/hr/BILLSTATUS-118hr2797.xml to /opt/***/dags/data/hr/BILLSTATUS-118hr2797.json
[2024-04-09T23:50:50.754+0000] {logging_mixin.py:188} INFO - Converted /opt/***/dags/data/hr/BILLSTATUS-118hr7176.xml to /opt/***/dags/data/hr/BILLSTATUS-118hr7176.json
[2024-04-09T23:50:50.867+0000] {logging_mixin.py:188} INFO - Converted /opt/***/dags/data/hr/BILLSTATUS-118hr2754.xml to /opt/***/dags/data/hr/BILLSTATUS-118hr2754.json
[2024-04-09T23:50:51.483+0000] {logging_mixin.py:188} INFO - Converted /opt/***/dags/data/hr/BILLSTATUS-118hr2795.xml to /opt/***/dags/data/hr/BILLSTATUS-118hr2795.json
[2024-04-09T23:50:51.743+0000] {logging_mixin.py:188} INFO - Converted /opt/***/dags/data/hr/BILLSTATUS-118hr2811.xml to /opt/***/dags/data/hr/BILLSTATUS-118hr2811.json
[2024-04-09T23:50:51.942+0000] {logging_mixin.py:188} INFO - Converted /opt/***/dags/data/hr/BILLSTATUS-118hr4723.xml to /opt/***/dags/data/hr/BILLSTATUS-118hr4723.json
[2024-04-09T23:50:52.135+0000] {logging_mixin.py:188} INFO - Converted /opt/***/dags/data/hr/BILLSTATUS-118hr7217.xml to /opt/***/dags/data/hr/BILLSTATUS-118hr7217.json
[2024-04-09T23:50:52.534+0000] {logging_mixin.py:188} INFO - Converted /opt/***/dags/data/hr/BILLSTATUS-118hr4468.xml to /opt/***/dags/data/hr/BILLSTATUS-118hr4468.json
[2024-04-09T23:50:52.647+0000] {logging_mixin.py:188} INFO - Converted /opt/***/dags/data/hr/BILLSTATUS-118hr6914.xml to /opt/***/dags/data/hr/BILLSTATUS-118hr6914.json
[2024-04-09T23:50:52.748+0000] {logging_mixin.py:188} INFO - Converted /opt/***/dags/data/hr/BILLSTATUS-118hr406.xml to /opt/***/dags/data/hr/BILLSTATUS-118hr406.json
[2024-04-09T23:50:52.819+0000] {logging_mixin.py:188} INFO - Converted /opt/***/dags/data/sjres/BILLSTATUS-118sjres23.xml to /opt/***/dags/data/sjres/BILLSTATUS-118sjres23.json
[2024-04-09T23:50:52.839+0000] {logging_mixin.py:188} INFO - Converted /opt/***/dags/data/sjres/BILLSTATUS-118sjres18.xml to /opt/***/dags/data/sjres/BILLSTATUS-118sjres18.json
[2024-04-09T23:50:52.847+0000] {logging_mixin.py:188} INFO - Converted /opt/***/dags/data/sjres/BILLSTATUS-118sjres24.xml to /opt/***/dags/data/sjres/BILLSTATUS-118sjres24.json
[2024-04-09T23:50:52.855+0000] {logging_mixin.py:188} INFO - Converted /opt/***/dags/data/sjres/BILLSTATUS-118sjres32.xml to /opt/***/dags/data/sjres/BILLSTATUS-118sjres32.json
[2024-04-09T23:50:52.872+0000] {logging_mixin.py:188} INFO - Converted /opt/***/dags/data/sjres/BILLSTATUS-118sjres9.xml to /opt/***/dags/data/sjres/BILLSTATUS-118sjres9.json
[2024-04-09T23:50:52.898+0000] {logging_mixin.py:188} INFO - Converted /opt/***/dags/data/sjres/BILLSTATUS-118sjres43.xml to /opt/***/dags/data/sjres/BILLSTATUS-118sjres43.json
[2024-04-09T23:50:52.910+0000] {logging_mixin.py:188} INFO - Converted /opt/***/dags/data/sjres/BILLSTATUS-118sjres42.xml to /opt/***/dags/data/sjres/BILLSTATUS-118sjres42.json
[2024-04-09T23:50:52.927+0000] {taskinstance.py:2731} ERROR - Task failed with exception
Traceback (most recent call last):
  File "/opt/airflow/dags/scripts/python/xmlConvert.py", line 27, in convert_folder_xml_to_newline_json
    json_data = enforce_schema(json_data=json_data['billStatus'])
                ^^^^^^^^^^^^^^^^^^^^^^^^^^^^^^^^^^^^^^^^^^^^^^^^^
  File "/opt/airflow/dags/scripts/python/xmlConvert.py", line 97, in enforce_schema
    "item": [subject_dict(subject) for subject in ensure_list(json_data.get("bill", {}).get("subjects", {}).get("legislativeSubjects", {}).get("item", []))]
                                                              ^^^^^^^^^^^^^^^^^^^^^^^^^^^^^^^^^^^^^^^^^^^^^^^^^^^^^^^^^^^^^^^^^^^^^^^^^^^^^^^^
AttributeError: 'NoneType' object has no attribute 'get'

During handling of the above exception, another exception occurred:

Traceback (most recent call last):
  File "/home/airflow/.local/lib/python3.11/site-packages/airflow/models/taskinstance.py", line 444, in _execute_task
    result = _execute_callable(context=context, **execute_callable_kwargs)
             ^^^^^^^^^^^^^^^^^^^^^^^^^^^^^^^^^^^^^^^^^^^^^^^^^^^^^^^^^^^^^
  File "/home/airflow/.local/lib/python3.11/site-packages/airflow/models/taskinstance.py", line 414, in _execute_callable
    return execute_callable(context=context, **execute_callable_kwargs)
           ^^^^^^^^^^^^^^^^^^^^^^^^^^^^^^^^^^^^^^^^^^^^^^^^^^^^^^^^^^^^
  File "/home/airflow/.local/lib/python3.11/site-packages/airflow/operators/python.py", line 200, in execute
    return_value = self.execute_callable()
                   ^^^^^^^^^^^^^^^^^^^^^^^
  File "/home/airflow/.local/lib/python3.11/site-packages/airflow/operators/python.py", line 217, in execute_callable
    return self.python_callable(*self.op_args, **self.op_kwargs)
           ^^^^^^^^^^^^^^^^^^^^^^^^^^^^^^^^^^^^^^^^^^^^^^^^^^^^^
  File "/opt/airflow/dags/scripts/python/xmlConvert.py", line 41, in convert_folder_xml_to_newline_json
    raise Exception(f'failed to convert data for {xml_file}')
Exception: failed to convert data for /opt/***/dags/data/sjres/BILLSTATUS-118sjres51.xml
[2024-04-09T23:50:52.990+0000] {taskinstance.py:1149} INFO - Marking task as FAILED. dag_id=upload_congress_data, task_id=convert_bill_files, execution_date=20240409T234823, start_date=20240409T235014, end_date=20240409T235052
[2024-04-09T23:50:53.017+0000] {standard_task_runner.py:107} ERROR - Failed to execute job 17 for task convert_bill_files (failed to convert data for /opt/***/dags/data/sjres/BILLSTATUS-118sjres51.xml; 2973)
[2024-04-09T23:50:53.078+0000] {local_task_job_runner.py:234} INFO - Task exited with return code 1
[2024-04-09T23:50:53.151+0000] {taskinstance.py:3312} INFO - 0 downstream tasks scheduled from follow-on schedule check
