[2024-04-12T17:45:57.596+0000] {taskinstance.py:1979} INFO - Dependencies all met for dep_context=non-requeueable deps ti=<TaskInstance: upload_congress_data.bq_create_Congress_bill_status_partitioned_table_task scheduled__2024-03-15T00:00:00+00:00 [queued]>
[2024-04-12T17:45:57.603+0000] {taskinstance.py:1979} INFO - Dependencies all met for dep_context=requeueable deps ti=<TaskInstance: upload_congress_data.bq_create_Congress_bill_status_partitioned_table_task scheduled__2024-03-15T00:00:00+00:00 [queued]>
[2024-04-12T17:45:57.603+0000] {taskinstance.py:2193} INFO - Starting attempt 1 of 3
[2024-04-12T17:45:57.612+0000] {taskinstance.py:2217} INFO - Executing <Task(BigQueryInsertJobOperator): bq_create_Congress_bill_status_partitioned_table_task> on 2024-03-15 00:00:00+00:00
[2024-04-12T17:45:57.621+0000] {standard_task_runner.py:60} INFO - Started process 188 to run task
[2024-04-12T17:45:57.626+0000] {standard_task_runner.py:87} INFO - Running: ['***', 'tasks', 'run', 'upload_congress_data', 'bq_create_Congress_bill_status_partitioned_table_task', 'scheduled__2024-03-15T00:00:00+00:00', '--job-id', '11', '--raw', '--subdir', 'DAGS_FOLDER/upload_congress_data.py', '--cfg-path', '/tmp/tmpk_c3wvvu']
[2024-04-12T17:45:57.630+0000] {standard_task_runner.py:88} INFO - Job 11: Subtask bq_create_Congress_bill_status_partitioned_table_task
[2024-04-12T17:45:57.675+0000] {task_command.py:423} INFO - Running <TaskInstance: upload_congress_data.bq_create_Congress_bill_status_partitioned_table_task scheduled__2024-03-15T00:00:00+00:00 [running]> on host 08bbc0b56ffc
[2024-04-12T17:45:57.754+0000] {taskinstance.py:2513} INFO - Exporting env vars: AIRFLOW_CTX_DAG_EMAIL='***@***.com' AIRFLOW_CTX_DAG_OWNER='***' AIRFLOW_CTX_DAG_ID='upload_congress_data' AIRFLOW_CTX_TASK_ID='bq_create_Congress_bill_status_partitioned_table_task' AIRFLOW_CTX_EXECUTION_DATE='2024-03-15T00:00:00+00:00' AIRFLOW_CTX_TRY_NUMBER='1' AIRFLOW_CTX_DAG_RUN_ID='scheduled__2024-03-15T00:00:00+00:00'
[2024-04-12T17:45:57.757+0000] {crypto.py:82} WARNING - empty cryptography key - values will not be stored encrypted.
[2024-04-12T17:45:57.758+0000] {connection.py:269} WARNING - Connection schemes (type: google_cloud_platform) shall not contain '_' according to RFC3986.
[2024-04-12T17:45:57.759+0000] {base.py:83} INFO - Using connection ID 'google_cloud_default' for task execution.
[2024-04-12T17:45:57.804+0000] {bigquery.py:2811} INFO - Executing: {'query': {'query': 'DROP TABLE IF EXISTS Congress.bill_status;         CREATE TABLE Congress.bill_status         PARTITION BY introducedDate_formatted         AS         SELECT *, DATE(bill.introducedDate) introducedDate_formatted         FROM Congress.bill_status_external_table;', 'useLegacySql': False}}'
[2024-04-12T17:45:57.805+0000] {bigquery.py:1613} INFO - Inserting job ***_upload_congress_data_bq_create_Congress_bill_status_partitioned_table_task_2024_03_15T00_00_00_00_00_21fc56809912563cec2c44e3a43a4f82
[2024-04-12T17:46:07.471+0000] {taskinstance.py:1149} INFO - Marking task as SUCCESS. dag_id=upload_congress_data, task_id=bq_create_Congress_bill_status_partitioned_table_task, execution_date=20240315T000000, start_date=20240412T174557, end_date=20240412T174607
[2024-04-12T17:46:07.533+0000] {local_task_job_runner.py:234} INFO - Task exited with return code 0
[2024-04-12T17:46:07.551+0000] {taskinstance.py:3312} INFO - 0 downstream tasks scheduled from follow-on schedule check
[2024-04-14T21:57:15.512+0000] {taskinstance.py:1979} INFO - Dependencies all met for dep_context=non-requeueable deps ti=<TaskInstance: upload_congress_data.bq_create_Congress_bill_status_partitioned_table_task scheduled__2024-03-15T00:00:00+00:00 [queued]>
[2024-04-14T21:57:15.517+0000] {taskinstance.py:1979} INFO - Dependencies all met for dep_context=requeueable deps ti=<TaskInstance: upload_congress_data.bq_create_Congress_bill_status_partitioned_table_task scheduled__2024-03-15T00:00:00+00:00 [queued]>
[2024-04-14T21:57:15.517+0000] {taskinstance.py:2193} INFO - Starting attempt 1 of 3
[2024-04-14T21:57:15.523+0000] {taskinstance.py:2217} INFO - Executing <Task(BigQueryInsertJobOperator): bq_create_Congress_bill_status_partitioned_table_task> on 2024-03-15 00:00:00+00:00
[2024-04-14T21:57:15.529+0000] {standard_task_runner.py:60} INFO - Started process 173 to run task
[2024-04-14T21:57:15.531+0000] {standard_task_runner.py:87} INFO - Running: ['***', 'tasks', 'run', 'upload_congress_data', 'bq_create_Congress_bill_status_partitioned_table_task', 'scheduled__2024-03-15T00:00:00+00:00', '--job-id', '11', '--raw', '--subdir', 'DAGS_FOLDER/upload_congress_data.py', '--cfg-path', '/tmp/tmpz607_8ch']
[2024-04-14T21:57:15.534+0000] {standard_task_runner.py:88} INFO - Job 11: Subtask bq_create_Congress_bill_status_partitioned_table_task
[2024-04-14T21:57:15.564+0000] {task_command.py:423} INFO - Running <TaskInstance: upload_congress_data.bq_create_Congress_bill_status_partitioned_table_task scheduled__2024-03-15T00:00:00+00:00 [running]> on host 197983b7f77b
[2024-04-14T21:57:15.605+0000] {taskinstance.py:2513} INFO - Exporting env vars: AIRFLOW_CTX_DAG_EMAIL='***@***.com' AIRFLOW_CTX_DAG_OWNER='***' AIRFLOW_CTX_DAG_ID='upload_congress_data' AIRFLOW_CTX_TASK_ID='bq_create_Congress_bill_status_partitioned_table_task' AIRFLOW_CTX_EXECUTION_DATE='2024-03-15T00:00:00+00:00' AIRFLOW_CTX_TRY_NUMBER='1' AIRFLOW_CTX_DAG_RUN_ID='scheduled__2024-03-15T00:00:00+00:00'
[2024-04-14T21:57:15.607+0000] {crypto.py:82} WARNING - empty cryptography key - values will not be stored encrypted.
[2024-04-14T21:57:15.608+0000] {connection.py:269} WARNING - Connection schemes (type: google_cloud_platform) shall not contain '_' according to RFC3986.
[2024-04-14T21:57:15.608+0000] {base.py:83} INFO - Using connection ID 'google_cloud_default' for task execution.
[2024-04-14T21:57:15.649+0000] {bigquery.py:2811} INFO - Executing: {'query': {'query': 'DROP TABLE IF EXISTS Congress.bill_status;         CREATE TABLE Congress.bill_status         PARTITION BY introducedDate_formatted         AS         SELECT *, DATE(bill.introducedDate) introducedDate_formatted         FROM Congress.bill_status_external_table;', 'useLegacySql': False}}'
[2024-04-14T21:57:15.650+0000] {bigquery.py:1613} INFO - Inserting job ***_upload_congress_data_bq_create_Congress_bill_status_partitioned_table_task_2024_03_15T00_00_00_00_00_e871a2930b45991050f546a847dcc733
[2024-04-14T21:57:23.209+0000] {taskinstance.py:1149} INFO - Marking task as SUCCESS. dag_id=upload_congress_data, task_id=bq_create_Congress_bill_status_partitioned_table_task, execution_date=20240315T000000, start_date=20240414T215715, end_date=20240414T215723
[2024-04-14T21:57:23.240+0000] {local_task_job_runner.py:234} INFO - Task exited with return code 0
[2024-04-14T21:57:23.253+0000] {taskinstance.py:3312} INFO - 0 downstream tasks scheduled from follow-on schedule check
[2024-04-30T19:22:04.398+0000] {taskinstance.py:1979} INFO - Dependencies all met for dep_context=non-requeueable deps ti=<TaskInstance: upload_congress_data.bq_create_Congress_bill_status_partitioned_table_task scheduled__2024-03-15T00:00:00+00:00 [queued]>
[2024-04-30T19:22:04.403+0000] {taskinstance.py:1979} INFO - Dependencies all met for dep_context=requeueable deps ti=<TaskInstance: upload_congress_data.bq_create_Congress_bill_status_partitioned_table_task scheduled__2024-03-15T00:00:00+00:00 [queued]>
[2024-04-30T19:22:04.403+0000] {taskinstance.py:2193} INFO - Starting attempt 1 of 3
[2024-04-30T19:22:04.410+0000] {taskinstance.py:2217} INFO - Executing <Task(BigQueryInsertJobOperator): bq_create_Congress_bill_status_partitioned_table_task> on 2024-03-15 00:00:00+00:00
[2024-04-30T19:22:04.414+0000] {standard_task_runner.py:60} INFO - Started process 152 to run task
[2024-04-30T19:22:04.417+0000] {standard_task_runner.py:87} INFO - Running: ['***', 'tasks', 'run', 'upload_congress_data', 'bq_create_Congress_bill_status_partitioned_table_task', 'scheduled__2024-03-15T00:00:00+00:00', '--job-id', '11', '--raw', '--subdir', 'DAGS_FOLDER/upload_congress_data.py', '--cfg-path', '/tmp/tmpz8wkks52']
[2024-04-30T19:22:04.419+0000] {standard_task_runner.py:88} INFO - Job 11: Subtask bq_create_Congress_bill_status_partitioned_table_task
[2024-04-30T19:22:04.448+0000] {task_command.py:423} INFO - Running <TaskInstance: upload_congress_data.bq_create_Congress_bill_status_partitioned_table_task scheduled__2024-03-15T00:00:00+00:00 [running]> on host 72e0501bf183
[2024-04-30T19:22:04.488+0000] {taskinstance.py:2513} INFO - Exporting env vars: AIRFLOW_CTX_DAG_EMAIL='***@***.com' AIRFLOW_CTX_DAG_OWNER='***' AIRFLOW_CTX_DAG_ID='upload_congress_data' AIRFLOW_CTX_TASK_ID='bq_create_Congress_bill_status_partitioned_table_task' AIRFLOW_CTX_EXECUTION_DATE='2024-03-15T00:00:00+00:00' AIRFLOW_CTX_TRY_NUMBER='1' AIRFLOW_CTX_DAG_RUN_ID='scheduled__2024-03-15T00:00:00+00:00'
[2024-04-30T19:22:04.490+0000] {crypto.py:82} WARNING - empty cryptography key - values will not be stored encrypted.
[2024-04-30T19:22:04.490+0000] {connection.py:269} WARNING - Connection schemes (type: google_cloud_platform) shall not contain '_' according to RFC3986.
[2024-04-30T19:22:04.491+0000] {base.py:83} INFO - Using connection ID 'google_cloud_default' for task execution.
[2024-04-30T19:22:04.535+0000] {bigquery.py:2811} INFO - Executing: {'query': {'query': 'DROP TABLE IF EXISTS Congress.bill_status;         CREATE TABLE Congress.bill_status         PARTITION BY introducedDate_formatted         AS         SELECT *, DATE(bill.introducedDate) introducedDate_formatted         FROM Congress.bill_status_external_table;', 'useLegacySql': False}}'
[2024-04-30T19:22:04.537+0000] {bigquery.py:1613} INFO - Inserting job ***_upload_congress_data_bq_create_Congress_bill_status_partitioned_table_task_2024_03_15T00_00_00_00_00_a13290fb10ad0e13ed5074047c434fb4
[2024-04-30T19:22:15.996+0000] {taskinstance.py:1149} INFO - Marking task as SUCCESS. dag_id=upload_congress_data, task_id=bq_create_Congress_bill_status_partitioned_table_task, execution_date=20240315T000000, start_date=20240430T192204, end_date=20240430T192215
[2024-04-30T19:22:16.063+0000] {local_task_job_runner.py:234} INFO - Task exited with return code 0
[2024-04-30T19:22:16.079+0000] {taskinstance.py:3312} INFO - 0 downstream tasks scheduled from follow-on schedule check
[2024-05-01T03:32:40.825+0000] {taskinstance.py:1979} INFO - Dependencies all met for dep_context=non-requeueable deps ti=<TaskInstance: upload_congress_data.bq_create_Congress_bill_status_partitioned_table_task scheduled__2024-03-15T00:00:00+00:00 [queued]>
[2024-05-01T03:32:40.831+0000] {taskinstance.py:1979} INFO - Dependencies all met for dep_context=requeueable deps ti=<TaskInstance: upload_congress_data.bq_create_Congress_bill_status_partitioned_table_task scheduled__2024-03-15T00:00:00+00:00 [queued]>
[2024-05-01T03:32:40.832+0000] {taskinstance.py:2193} INFO - Starting attempt 1 of 3
[2024-05-01T03:32:40.840+0000] {taskinstance.py:2217} INFO - Executing <Task(BigQueryInsertJobOperator): bq_create_Congress_bill_status_partitioned_table_task> on 2024-03-15 00:00:00+00:00
[2024-05-01T03:32:40.847+0000] {standard_task_runner.py:60} INFO - Started process 151 to run task
[2024-05-01T03:32:40.851+0000] {standard_task_runner.py:87} INFO - Running: ['***', 'tasks', 'run', 'upload_congress_data', 'bq_create_Congress_bill_status_partitioned_table_task', 'scheduled__2024-03-15T00:00:00+00:00', '--job-id', '11', '--raw', '--subdir', 'DAGS_FOLDER/upload_congress_data.py', '--cfg-path', '/tmp/tmp5kh64rsw']
[2024-05-01T03:32:40.855+0000] {standard_task_runner.py:88} INFO - Job 11: Subtask bq_create_Congress_bill_status_partitioned_table_task
[2024-05-01T03:32:40.900+0000] {task_command.py:423} INFO - Running <TaskInstance: upload_congress_data.bq_create_Congress_bill_status_partitioned_table_task scheduled__2024-03-15T00:00:00+00:00 [running]> on host b1c017b28362
[2024-05-01T03:32:40.968+0000] {taskinstance.py:2513} INFO - Exporting env vars: AIRFLOW_CTX_DAG_EMAIL='***@***.com' AIRFLOW_CTX_DAG_OWNER='***' AIRFLOW_CTX_DAG_ID='upload_congress_data' AIRFLOW_CTX_TASK_ID='bq_create_Congress_bill_status_partitioned_table_task' AIRFLOW_CTX_EXECUTION_DATE='2024-03-15T00:00:00+00:00' AIRFLOW_CTX_TRY_NUMBER='1' AIRFLOW_CTX_DAG_RUN_ID='scheduled__2024-03-15T00:00:00+00:00'
[2024-05-01T03:32:40.971+0000] {crypto.py:82} WARNING - empty cryptography key - values will not be stored encrypted.
[2024-05-01T03:32:40.972+0000] {connection.py:269} WARNING - Connection schemes (type: google_cloud_platform) shall not contain '_' according to RFC3986.
[2024-05-01T03:32:40.972+0000] {base.py:83} INFO - Using connection ID 'google_cloud_default' for task execution.
[2024-05-01T03:32:41.034+0000] {bigquery.py:2811} INFO - Executing: {'query': {'query': 'DROP TABLE IF EXISTS Congress.bill_status;         CREATE TABLE Congress.bill_status         PARTITION BY introducedDate_formatted         AS         SELECT *, DATE(bill.introducedDate) introducedDate_formatted         FROM Congress.bill_status_external_table;', 'useLegacySql': False}}'
[2024-05-01T03:32:41.035+0000] {bigquery.py:1613} INFO - Inserting job ***_upload_congress_data_bq_create_Congress_bill_status_partitioned_table_task_2024_03_15T00_00_00_00_00_27985e918e615ce184b2665b4d64d153
[2024-05-01T03:32:50.484+0000] {taskinstance.py:1149} INFO - Marking task as SUCCESS. dag_id=upload_congress_data, task_id=bq_create_Congress_bill_status_partitioned_table_task, execution_date=20240315T000000, start_date=20240501T033240, end_date=20240501T033250
[2024-05-01T03:32:50.562+0000] {local_task_job_runner.py:234} INFO - Task exited with return code 0
[2024-05-01T03:32:50.587+0000] {taskinstance.py:3312} INFO - 0 downstream tasks scheduled from follow-on schedule check
[2024-05-01T03:40:28.044+0000] {taskinstance.py:1979} INFO - Dependencies all met for dep_context=non-requeueable deps ti=<TaskInstance: upload_congress_data.bq_create_Congress_bill_status_partitioned_table_task scheduled__2024-03-15T00:00:00+00:00 [queued]>
[2024-05-01T03:40:28.050+0000] {taskinstance.py:1979} INFO - Dependencies all met for dep_context=requeueable deps ti=<TaskInstance: upload_congress_data.bq_create_Congress_bill_status_partitioned_table_task scheduled__2024-03-15T00:00:00+00:00 [queued]>
[2024-05-01T03:40:28.050+0000] {taskinstance.py:2193} INFO - Starting attempt 1 of 3
[2024-05-01T03:40:28.057+0000] {taskinstance.py:2217} INFO - Executing <Task(BigQueryInsertJobOperator): bq_create_Congress_bill_status_partitioned_table_task> on 2024-03-15 00:00:00+00:00
[2024-05-01T03:40:28.063+0000] {standard_task_runner.py:60} INFO - Started process 151 to run task
[2024-05-01T03:40:28.066+0000] {standard_task_runner.py:87} INFO - Running: ['***', 'tasks', 'run', 'upload_congress_data', 'bq_create_Congress_bill_status_partitioned_table_task', 'scheduled__2024-03-15T00:00:00+00:00', '--job-id', '11', '--raw', '--subdir', 'DAGS_FOLDER/upload_congress_data.py', '--cfg-path', '/tmp/tmpod5ajyo5']
[2024-05-01T03:40:28.068+0000] {standard_task_runner.py:88} INFO - Job 11: Subtask bq_create_Congress_bill_status_partitioned_table_task
[2024-05-01T03:40:28.107+0000] {task_command.py:423} INFO - Running <TaskInstance: upload_congress_data.bq_create_Congress_bill_status_partitioned_table_task scheduled__2024-03-15T00:00:00+00:00 [running]> on host 0e9a31a46ada
[2024-05-01T03:40:28.168+0000] {taskinstance.py:2513} INFO - Exporting env vars: AIRFLOW_CTX_DAG_EMAIL='***@***.com' AIRFLOW_CTX_DAG_OWNER='***' AIRFLOW_CTX_DAG_ID='upload_congress_data' AIRFLOW_CTX_TASK_ID='bq_create_Congress_bill_status_partitioned_table_task' AIRFLOW_CTX_EXECUTION_DATE='2024-03-15T00:00:00+00:00' AIRFLOW_CTX_TRY_NUMBER='1' AIRFLOW_CTX_DAG_RUN_ID='scheduled__2024-03-15T00:00:00+00:00'
[2024-05-01T03:40:28.171+0000] {crypto.py:82} WARNING - empty cryptography key - values will not be stored encrypted.
[2024-05-01T03:40:28.172+0000] {connection.py:269} WARNING - Connection schemes (type: google_cloud_platform) shall not contain '_' according to RFC3986.
[2024-05-01T03:40:28.173+0000] {base.py:83} INFO - Using connection ID 'google_cloud_default' for task execution.
[2024-05-01T03:40:28.238+0000] {bigquery.py:2811} INFO - Executing: {'query': {'query': 'DROP TABLE IF EXISTS Congress.bill_status;         CREATE TABLE Congress.bill_status         PARTITION BY introducedDate_formatted         AS         SELECT *, DATE(bill.introducedDate) introducedDate_formatted         FROM Congress.bill_status_external_table;', 'useLegacySql': False}}'
[2024-05-01T03:40:28.239+0000] {bigquery.py:1613} INFO - Inserting job ***_upload_congress_data_bq_create_Congress_bill_status_partitioned_table_task_2024_03_15T00_00_00_00_00_902bf3054967bfa35f3e60f63aabdc09
[2024-05-01T03:40:37.269+0000] {taskinstance.py:1149} INFO - Marking task as SUCCESS. dag_id=upload_congress_data, task_id=bq_create_Congress_bill_status_partitioned_table_task, execution_date=20240315T000000, start_date=20240501T034028, end_date=20240501T034037
[2024-05-01T03:40:37.355+0000] {local_task_job_runner.py:234} INFO - Task exited with return code 0
[2024-05-01T03:40:37.373+0000] {taskinstance.py:3312} INFO - 0 downstream tasks scheduled from follow-on schedule check
[2024-05-03T03:20:44.847+0000] {taskinstance.py:1979} INFO - Dependencies all met for dep_context=non-requeueable deps ti=<TaskInstance: upload_congress_data.bq_create_Congress_bill_status_partitioned_table_task scheduled__2024-03-15T00:00:00+00:00 [queued]>
[2024-05-03T03:20:44.854+0000] {taskinstance.py:1979} INFO - Dependencies all met for dep_context=requeueable deps ti=<TaskInstance: upload_congress_data.bq_create_Congress_bill_status_partitioned_table_task scheduled__2024-03-15T00:00:00+00:00 [queued]>
[2024-05-03T03:20:44.854+0000] {taskinstance.py:2193} INFO - Starting attempt 1 of 3
[2024-05-03T03:20:44.861+0000] {taskinstance.py:2217} INFO - Executing <Task(BigQueryInsertJobOperator): bq_create_Congress_bill_status_partitioned_table_task> on 2024-03-15 00:00:00+00:00
[2024-05-03T03:20:44.866+0000] {standard_task_runner.py:60} INFO - Started process 148 to run task
[2024-05-03T03:20:44.868+0000] {standard_task_runner.py:87} INFO - Running: ['***', 'tasks', 'run', 'upload_congress_data', 'bq_create_Congress_bill_status_partitioned_table_task', 'scheduled__2024-03-15T00:00:00+00:00', '--job-id', '13', '--raw', '--subdir', 'DAGS_FOLDER/upload_congress_data.py', '--cfg-path', '/tmp/tmpad9ba134']
[2024-05-03T03:20:44.871+0000] {standard_task_runner.py:88} INFO - Job 13: Subtask bq_create_Congress_bill_status_partitioned_table_task
[2024-05-03T03:20:44.956+0000] {task_command.py:423} INFO - Running <TaskInstance: upload_congress_data.bq_create_Congress_bill_status_partitioned_table_task scheduled__2024-03-15T00:00:00+00:00 [running]> on host abd9ef271890
[2024-05-03T03:20:45.010+0000] {taskinstance.py:2513} INFO - Exporting env vars: AIRFLOW_CTX_DAG_EMAIL='***@***.com' AIRFLOW_CTX_DAG_OWNER='***' AIRFLOW_CTX_DAG_ID='upload_congress_data' AIRFLOW_CTX_TASK_ID='bq_create_Congress_bill_status_partitioned_table_task' AIRFLOW_CTX_EXECUTION_DATE='2024-03-15T00:00:00+00:00' AIRFLOW_CTX_TRY_NUMBER='1' AIRFLOW_CTX_DAG_RUN_ID='scheduled__2024-03-15T00:00:00+00:00'
[2024-05-03T03:20:45.012+0000] {crypto.py:82} WARNING - empty cryptography key - values will not be stored encrypted.
[2024-05-03T03:20:45.013+0000] {connection.py:269} WARNING - Connection schemes (type: google_cloud_platform) shall not contain '_' according to RFC3986.
[2024-05-03T03:20:45.014+0000] {base.py:83} INFO - Using connection ID 'google_cloud_default' for task execution.
[2024-05-03T03:20:45.064+0000] {bigquery.py:2811} INFO - Executing: {'query': {'query': 'DROP TABLE IF EXISTS Congress.bill_status;         CREATE TABLE Congress.bill_status         PARTITION BY introducedDate_formatted         AS         SELECT *, DATE(bill.introducedDate) introducedDate_formatted         FROM Congress.bill_status_external_table;', 'useLegacySql': False}}'
[2024-05-03T03:20:45.065+0000] {bigquery.py:1613} INFO - Inserting job ***_upload_congress_data_bq_create_Congress_bill_status_partitioned_table_task_2024_03_15T00_00_00_00_00_101e2e98ccc652949da7bbc4ac42ed06
[2024-05-03T03:20:53.386+0000] {taskinstance.py:1149} INFO - Marking task as SUCCESS. dag_id=upload_congress_data, task_id=bq_create_Congress_bill_status_partitioned_table_task, execution_date=20240315T000000, start_date=20240503T032044, end_date=20240503T032053
[2024-05-03T03:20:53.449+0000] {local_task_job_runner.py:234} INFO - Task exited with return code 0
[2024-05-03T03:20:53.467+0000] {taskinstance.py:3312} INFO - 0 downstream tasks scheduled from follow-on schedule check
[2024-05-08T00:36:58.732+0000] {taskinstance.py:1979} INFO - Dependencies all met for dep_context=non-requeueable deps ti=<TaskInstance: upload_congress_data.bq_create_Congress_bill_status_partitioned_table_task scheduled__2024-03-15T00:00:00+00:00 [queued]>
[2024-05-08T00:36:58.738+0000] {taskinstance.py:1979} INFO - Dependencies all met for dep_context=requeueable deps ti=<TaskInstance: upload_congress_data.bq_create_Congress_bill_status_partitioned_table_task scheduled__2024-03-15T00:00:00+00:00 [queued]>
[2024-05-08T00:36:58.738+0000] {taskinstance.py:2193} INFO - Starting attempt 1 of 3
[2024-05-08T00:36:58.744+0000] {taskinstance.py:2217} INFO - Executing <Task(BigQueryInsertJobOperator): bq_create_Congress_bill_status_partitioned_table_task> on 2024-03-15 00:00:00+00:00
[2024-05-08T00:36:58.751+0000] {standard_task_runner.py:60} INFO - Started process 150 to run task
[2024-05-08T00:36:58.754+0000] {standard_task_runner.py:87} INFO - Running: ['***', 'tasks', 'run', 'upload_congress_data', 'bq_create_Congress_bill_status_partitioned_table_task', 'scheduled__2024-03-15T00:00:00+00:00', '--job-id', '13', '--raw', '--subdir', 'DAGS_FOLDER/upload_congress_data.py', '--cfg-path', '/tmp/tmpf81e03fg']
[2024-05-08T00:36:58.756+0000] {standard_task_runner.py:88} INFO - Job 13: Subtask bq_create_Congress_bill_status_partitioned_table_task
[2024-05-08T00:36:58.792+0000] {task_command.py:423} INFO - Running <TaskInstance: upload_congress_data.bq_create_Congress_bill_status_partitioned_table_task scheduled__2024-03-15T00:00:00+00:00 [running]> on host aa9d9ceb8f1a
[2024-05-08T00:36:58.849+0000] {taskinstance.py:2513} INFO - Exporting env vars: AIRFLOW_CTX_DAG_EMAIL='***@***.com' AIRFLOW_CTX_DAG_OWNER='***' AIRFLOW_CTX_DAG_ID='upload_congress_data' AIRFLOW_CTX_TASK_ID='bq_create_Congress_bill_status_partitioned_table_task' AIRFLOW_CTX_EXECUTION_DATE='2024-03-15T00:00:00+00:00' AIRFLOW_CTX_TRY_NUMBER='1' AIRFLOW_CTX_DAG_RUN_ID='scheduled__2024-03-15T00:00:00+00:00'
[2024-05-08T00:36:58.851+0000] {crypto.py:82} WARNING - empty cryptography key - values will not be stored encrypted.
[2024-05-08T00:36:58.852+0000] {connection.py:269} WARNING - Connection schemes (type: google_cloud_platform) shall not contain '_' according to RFC3986.
[2024-05-08T00:36:58.852+0000] {base.py:83} INFO - Using connection ID 'google_cloud_default' for task execution.
[2024-05-08T00:36:58.903+0000] {bigquery.py:2811} INFO - Executing: {'query': {'query': 'DROP TABLE IF EXISTS Congress.bill_status;         CREATE TABLE Congress.bill_status         PARTITION BY introducedDate_formatted         AS         SELECT *, DATE(bill.introducedDate) introducedDate_formatted         FROM Congress.bill_status_external_table;', 'useLegacySql': False}}'
[2024-05-08T00:36:58.904+0000] {bigquery.py:1613} INFO - Inserting job ***_upload_congress_data_bq_create_Congress_bill_status_partitioned_table_task_2024_03_15T00_00_00_00_00_89dc7973f3bd6263b900383927579296
[2024-05-08T00:37:07.011+0000] {taskinstance.py:1149} INFO - Marking task as SUCCESS. dag_id=upload_congress_data, task_id=bq_create_Congress_bill_status_partitioned_table_task, execution_date=20240315T000000, start_date=20240508T003658, end_date=20240508T003707
[2024-05-08T00:37:07.069+0000] {local_task_job_runner.py:234} INFO - Task exited with return code 0
[2024-05-08T00:37:07.091+0000] {taskinstance.py:3312} INFO - 0 downstream tasks scheduled from follow-on schedule check
[2024-05-09T03:04:47.978+0000] {taskinstance.py:1979} INFO - Dependencies all met for dep_context=non-requeueable deps ti=<TaskInstance: upload_congress_data.bq_create_Congress_bill_status_partitioned_table_task scheduled__2024-03-15T00:00:00+00:00 [queued]>
[2024-05-09T03:04:47.987+0000] {taskinstance.py:1979} INFO - Dependencies all met for dep_context=requeueable deps ti=<TaskInstance: upload_congress_data.bq_create_Congress_bill_status_partitioned_table_task scheduled__2024-03-15T00:00:00+00:00 [queued]>
[2024-05-09T03:04:47.987+0000] {taskinstance.py:2193} INFO - Starting attempt 1 of 3
[2024-05-09T03:04:47.994+0000] {taskinstance.py:2217} INFO - Executing <Task(BigQueryInsertJobOperator): bq_create_Congress_bill_status_partitioned_table_task> on 2024-03-15 00:00:00+00:00
[2024-05-09T03:04:48.011+0000] {standard_task_runner.py:60} INFO - Started process 158 to run task
[2024-05-09T03:04:48.014+0000] {standard_task_runner.py:87} INFO - Running: ['***', 'tasks', 'run', 'upload_congress_data', 'bq_create_Congress_bill_status_partitioned_table_task', 'scheduled__2024-03-15T00:00:00+00:00', '--job-id', '13', '--raw', '--subdir', 'DAGS_FOLDER/upload_congress_data.py', '--cfg-path', '/tmp/tmpu4k0mo6m']
[2024-05-09T03:04:48.017+0000] {standard_task_runner.py:88} INFO - Job 13: Subtask bq_create_Congress_bill_status_partitioned_table_task
[2024-05-09T03:04:48.051+0000] {task_command.py:423} INFO - Running <TaskInstance: upload_congress_data.bq_create_Congress_bill_status_partitioned_table_task scheduled__2024-03-15T00:00:00+00:00 [running]> on host c0b5697cc7e4
[2024-05-09T03:04:48.109+0000] {taskinstance.py:2513} INFO - Exporting env vars: AIRFLOW_CTX_DAG_EMAIL='***@***.com' AIRFLOW_CTX_DAG_OWNER='***' AIRFLOW_CTX_DAG_ID='upload_congress_data' AIRFLOW_CTX_TASK_ID='bq_create_Congress_bill_status_partitioned_table_task' AIRFLOW_CTX_EXECUTION_DATE='2024-03-15T00:00:00+00:00' AIRFLOW_CTX_TRY_NUMBER='1' AIRFLOW_CTX_DAG_RUN_ID='scheduled__2024-03-15T00:00:00+00:00'
[2024-05-09T03:04:48.111+0000] {crypto.py:82} WARNING - empty cryptography key - values will not be stored encrypted.
[2024-05-09T03:04:48.112+0000] {connection.py:269} WARNING - Connection schemes (type: google_cloud_platform) shall not contain '_' according to RFC3986.
[2024-05-09T03:04:48.112+0000] {base.py:83} INFO - Using connection ID 'google_cloud_default' for task execution.
[2024-05-09T03:04:48.155+0000] {bigquery.py:2811} INFO - Executing: {'query': {'query': 'DROP TABLE IF EXISTS Congress.bill_status;         CREATE TABLE Congress.bill_status         PARTITION BY introducedDate_formatted         AS         SELECT *, DATE(bill.introducedDate) introducedDate_formatted         FROM Congress.bill_status_external_table;', 'useLegacySql': False}}'
[2024-05-09T03:04:48.156+0000] {bigquery.py:1613} INFO - Inserting job ***_upload_congress_data_bq_create_Congress_bill_status_partitioned_table_task_2024_03_15T00_00_00_00_00_b12b52b8def5ce09ca5f51eeb78328b5
[2024-05-09T03:04:57.154+0000] {taskinstance.py:1149} INFO - Marking task as SUCCESS. dag_id=upload_congress_data, task_id=bq_create_Congress_bill_status_partitioned_table_task, execution_date=20240315T000000, start_date=20240509T030447, end_date=20240509T030457
[2024-05-09T03:04:57.200+0000] {local_task_job_runner.py:234} INFO - Task exited with return code 0
[2024-05-09T03:04:57.218+0000] {taskinstance.py:3312} INFO - 0 downstream tasks scheduled from follow-on schedule check
