[2024-07-01T02:43:03.393+0000] {taskinstance.py:1979} INFO - Dependencies all met for dep_context=non-requeueable deps ti=<TaskInstance: upload_congress_data.bq_create_Congress_senate_ids_partitioned_table_task scheduled__2024-06-30T00:00:00+00:00 [queued]>
[2024-07-01T02:43:03.398+0000] {taskinstance.py:1979} INFO - Dependencies all met for dep_context=requeueable deps ti=<TaskInstance: upload_congress_data.bq_create_Congress_senate_ids_partitioned_table_task scheduled__2024-06-30T00:00:00+00:00 [queued]>
[2024-07-01T02:43:03.398+0000] {taskinstance.py:2193} INFO - Starting attempt 1 of 3
[2024-07-01T02:43:03.404+0000] {taskinstance.py:2217} INFO - Executing <Task(BigQueryInsertJobOperator): bq_create_Congress_senate_ids_partitioned_table_task> on 2024-06-30 00:00:00+00:00
[2024-07-01T02:43:03.410+0000] {standard_task_runner.py:60} INFO - Started process 209 to run task
[2024-07-01T02:43:03.412+0000] {standard_task_runner.py:87} INFO - Running: ['***', 'tasks', 'run', 'upload_congress_data', 'bq_create_Congress_senate_ids_partitioned_table_task', 'scheduled__2024-06-30T00:00:00+00:00', '--job-id', '19', '--raw', '--subdir', 'DAGS_FOLDER/upload_congress_data.py', '--cfg-path', '/tmp/tmpkkdk75r9']
[2024-07-01T02:43:03.415+0000] {standard_task_runner.py:88} INFO - Job 19: Subtask bq_create_Congress_senate_ids_partitioned_table_task
[2024-07-01T02:43:03.443+0000] {task_command.py:423} INFO - Running <TaskInstance: upload_congress_data.bq_create_Congress_senate_ids_partitioned_table_task scheduled__2024-06-30T00:00:00+00:00 [running]> on host 0344fe541aae
[2024-07-01T02:43:03.483+0000] {taskinstance.py:2513} INFO - Exporting env vars: AIRFLOW_CTX_DAG_EMAIL='***@***.com' AIRFLOW_CTX_DAG_OWNER='***' AIRFLOW_CTX_DAG_ID='upload_congress_data' AIRFLOW_CTX_TASK_ID='bq_create_Congress_senate_ids_partitioned_table_task' AIRFLOW_CTX_EXECUTION_DATE='2024-06-30T00:00:00+00:00' AIRFLOW_CTX_TRY_NUMBER='1' AIRFLOW_CTX_DAG_RUN_ID='scheduled__2024-06-30T00:00:00+00:00'
[2024-07-01T02:43:03.486+0000] {crypto.py:82} WARNING - empty cryptography key - values will not be stored encrypted.
[2024-07-01T02:43:03.487+0000] {connection.py:269} WARNING - Connection schemes (type: google_cloud_platform) shall not contain '_' according to RFC3986.
[2024-07-01T02:43:03.488+0000] {base.py:83} INFO - Using connection ID 'google_cloud_default' for task execution.
[2024-07-01T02:43:03.528+0000] {bigquery.py:2811} INFO - Executing: {'query': {'query': 'DROP TABLE IF EXISTS Congress.senate_ids;             CREATE TABLE Congress.senate_ids             PARTITION BY updateDate_formatted             AS             SELECT *             FROM Congress.senate_ids_external_table;', 'useLegacySql': False}}'
[2024-07-01T02:43:03.529+0000] {bigquery.py:1613} INFO - Inserting job ***_upload_congress_data_bq_create_Congress_senate_ids_partitioned_table_task_2024_06_30T00_00_00_00_00_8c97f10131630e6ccd3398c06d79f3de
[2024-07-01T02:43:05.559+0000] {taskinstance.py:2731} ERROR - Task failed with exception
Traceback (most recent call last):
  File "/home/airflow/.local/lib/python3.11/site-packages/airflow/models/taskinstance.py", line 444, in _execute_task
    result = _execute_callable(context=context, **execute_callable_kwargs)
             ^^^^^^^^^^^^^^^^^^^^^^^^^^^^^^^^^^^^^^^^^^^^^^^^^^^^^^^^^^^^^
  File "/home/airflow/.local/lib/python3.11/site-packages/airflow/models/taskinstance.py", line 414, in _execute_callable
    return execute_callable(context=context, **execute_callable_kwargs)
           ^^^^^^^^^^^^^^^^^^^^^^^^^^^^^^^^^^^^^^^^^^^^^^^^^^^^^^^^^^^^
  File "/home/airflow/.local/lib/python3.11/site-packages/airflow/providers/google/cloud/operators/bigquery.py", line 2870, in execute
    job.result(timeout=self.result_timeout, retry=self.result_retry)
  File "/home/airflow/.local/lib/python3.11/site-packages/google/cloud/bigquery/job/query.py", line 1595, in result
    do_get_result()
  File "/home/airflow/.local/lib/python3.11/site-packages/google/cloud/bigquery/job/query.py", line 1584, in do_get_result
    super(QueryJob, self).result(retry=retry, timeout=timeout)
  File "/home/airflow/.local/lib/python3.11/site-packages/google/cloud/bigquery/job/base.py", line 971, in result
    return super(_AsyncJob, self).result(timeout=timeout, **kwargs)
           ^^^^^^^^^^^^^^^^^^^^^^^^^^^^^^^^^^^^^^^^^^^^^^^^^^^^^^^^
  File "/home/airflow/.local/lib/python3.11/site-packages/google/api_core/future/polling.py", line 261, in result
    raise self._exception
google.api_core.exceptions.BadRequest: 400 Not found: Table testproject-420401:Congress.senate_ids_external_table was not found in location US at [1:55]

Location: US
Job ID: airflow_upload_congress_data_bq_create_Congress_senate_ids_partitioned_table_task_2024_06_30T00_00_00_00_00_8c97f10131630e6ccd3398c06d79f3de

[2024-07-01T02:43:05.569+0000] {taskinstance.py:1149} INFO - Marking task as UP_FOR_RETRY. dag_id=upload_congress_data, task_id=bq_create_Congress_senate_ids_partitioned_table_task, execution_date=20240630T000000, start_date=20240701T024303, end_date=20240701T024305
[2024-07-01T02:43:05.577+0000] {standard_task_runner.py:107} ERROR - Failed to execute job 19 for task bq_create_Congress_senate_ids_partitioned_table_task (400 Not found: Table testproject-420401:Congress.senate_ids_external_table was not found in location US at [1:55]

Location: US
Job ID: airflow_upload_congress_data_bq_create_Congress_senate_ids_partitioned_table_task_2024_06_30T00_00_00_00_00_8c97f10131630e6ccd3398c06d79f3de
; 209)
[2024-07-01T02:43:05.604+0000] {local_task_job_runner.py:234} INFO - Task exited with return code 1
[2024-07-01T02:43:05.617+0000] {taskinstance.py:3312} INFO - 0 downstream tasks scheduled from follow-on schedule check
