[2024-07-03T00:41:24.258+0000] {taskinstance.py:1979} INFO - Dependencies all met for dep_context=non-requeueable deps ti=<TaskInstance: upload_congress_data.bq_create_Congress_senate_ids_partitioned_table_task scheduled__2024-06-30T00:00:00+00:00 [queued]>
[2024-07-03T00:41:24.263+0000] {taskinstance.py:1979} INFO - Dependencies all met for dep_context=requeueable deps ti=<TaskInstance: upload_congress_data.bq_create_Congress_senate_ids_partitioned_table_task scheduled__2024-06-30T00:00:00+00:00 [queued]>
[2024-07-03T00:41:24.264+0000] {taskinstance.py:2193} INFO - Starting attempt 13 of 15
[2024-07-03T00:41:24.271+0000] {taskinstance.py:2217} INFO - Executing <Task(BigQueryInsertJobOperator): bq_create_Congress_senate_ids_partitioned_table_task> on 2024-06-30 00:00:00+00:00
[2024-07-03T00:41:24.277+0000] {standard_task_runner.py:60} INFO - Started process 3379 to run task
[2024-07-03T00:41:24.280+0000] {standard_task_runner.py:87} INFO - Running: ['***', 'tasks', 'run', 'upload_congress_data', 'bq_create_Congress_senate_ids_partitioned_table_task', 'scheduled__2024-06-30T00:00:00+00:00', '--job-id', '54', '--raw', '--subdir', 'DAGS_FOLDER/upload_congress_data.py', '--cfg-path', '/tmp/tmpu6v72_1h']
[2024-07-03T00:41:24.283+0000] {standard_task_runner.py:88} INFO - Job 54: Subtask bq_create_Congress_senate_ids_partitioned_table_task
[2024-07-03T00:41:24.333+0000] {task_command.py:423} INFO - Running <TaskInstance: upload_congress_data.bq_create_Congress_senate_ids_partitioned_table_task scheduled__2024-06-30T00:00:00+00:00 [running]> on host 0344fe541aae
[2024-07-03T00:41:24.402+0000] {taskinstance.py:2513} INFO - Exporting env vars: AIRFLOW_CTX_DAG_EMAIL='***@***.com' AIRFLOW_CTX_DAG_OWNER='***' AIRFLOW_CTX_DAG_ID='upload_congress_data' AIRFLOW_CTX_TASK_ID='bq_create_Congress_senate_ids_partitioned_table_task' AIRFLOW_CTX_EXECUTION_DATE='2024-06-30T00:00:00+00:00' AIRFLOW_CTX_TRY_NUMBER='13' AIRFLOW_CTX_DAG_RUN_ID='scheduled__2024-06-30T00:00:00+00:00'
[2024-07-03T00:41:24.405+0000] {crypto.py:82} WARNING - empty cryptography key - values will not be stored encrypted.
[2024-07-03T00:41:24.406+0000] {connection.py:269} WARNING - Connection schemes (type: google_cloud_platform) shall not contain '_' according to RFC3986.
[2024-07-03T00:41:24.406+0000] {base.py:83} INFO - Using connection ID 'google_cloud_default' for task execution.
[2024-07-03T00:41:24.457+0000] {bigquery.py:2811} INFO - Executing: {'query': {'query': 'DROP TABLE IF EXISTS Congress.senate_ids;             CREATE TABLE Congress.senate_ids             AS             SELECT *             FROM Congress.senate_ids_external_table;', 'useLegacySql': False}}'
[2024-07-03T00:41:24.459+0000] {bigquery.py:1613} INFO - Inserting job ***_upload_congress_data_bq_create_Congress_senate_ids_partitioned_table_task_2024_06_30T00_00_00_00_00_dfc30a39b763ccb28108b6c1ff1deb5d
[2024-07-03T00:41:26.934+0000] {taskinstance.py:2731} ERROR - Task failed with exception
Traceback (most recent call last):
  File "/home/airflow/.local/lib/python3.11/site-packages/airflow/models/taskinstance.py", line 444, in _execute_task
    result = _execute_callable(context=context, **execute_callable_kwargs)
             ^^^^^^^^^^^^^^^^^^^^^^^^^^^^^^^^^^^^^^^^^^^^^^^^^^^^^^^^^^^^^
  File "/home/airflow/.local/lib/python3.11/site-packages/airflow/models/taskinstance.py", line 414, in _execute_callable
    return execute_callable(context=context, **execute_callable_kwargs)
           ^^^^^^^^^^^^^^^^^^^^^^^^^^^^^^^^^^^^^^^^^^^^^^^^^^^^^^^^^^^^
  File "/home/airflow/.local/lib/python3.11/site-packages/airflow/providers/google/cloud/operators/bigquery.py", line 2870, in execute
    job.result(timeout=self.result_timeout, retry=self.result_retry)
  File "/home/airflow/.local/lib/python3.11/site-packages/google/cloud/bigquery/job/query.py", line 1595, in result
    do_get_result()
  File "/home/airflow/.local/lib/python3.11/site-packages/google/cloud/bigquery/job/query.py", line 1584, in do_get_result
    super(QueryJob, self).result(retry=retry, timeout=timeout)
  File "/home/airflow/.local/lib/python3.11/site-packages/google/cloud/bigquery/job/base.py", line 971, in result
    return super(_AsyncJob, self).result(timeout=timeout, **kwargs)
           ^^^^^^^^^^^^^^^^^^^^^^^^^^^^^^^^^^^^^^^^^^^^^^^^^^^^^^^^
  File "/home/airflow/.local/lib/python3.11/site-packages/google/api_core/future/polling.py", line 261, in result
    raise self._exception
google.api_core.exceptions.BadRequest: 400 Invalid value: Error while reading table: Congress.senate_ids_external_table, error message: JSON parsing error in row starting at position 9827: Array specified for non-repeated field: lisid. File: gs://congress_data_testproject-420401/senate_ids/senate_id_lookup.json at [1:55]

Location: US
Job ID: airflow_upload_congress_data_bq_create_Congress_senate_ids_partitioned_table_task_2024_06_30T00_00_00_00_00_dfc30a39b763ccb28108b6c1ff1deb5d

[2024-07-03T00:41:26.951+0000] {taskinstance.py:1149} INFO - Marking task as UP_FOR_RETRY. dag_id=upload_congress_data, task_id=bq_create_Congress_senate_ids_partitioned_table_task, execution_date=20240630T000000, start_date=20240703T004124, end_date=20240703T004126
[2024-07-03T00:41:26.963+0000] {standard_task_runner.py:107} ERROR - Failed to execute job 54 for task bq_create_Congress_senate_ids_partitioned_table_task (400 Invalid value: Error while reading table: Congress.senate_ids_external_table, error message: JSON parsing error in row starting at position 9827: Array specified for non-repeated field: lisid. File: gs://congress_data_testproject-420401/senate_ids/senate_id_lookup.json at [1:55]

Location: US
Job ID: airflow_upload_congress_data_bq_create_Congress_senate_ids_partitioned_table_task_2024_06_30T00_00_00_00_00_dfc30a39b763ccb28108b6c1ff1deb5d
; 3379)
[2024-07-03T00:41:27.010+0000] {local_task_job_runner.py:234} INFO - Task exited with return code 1
[2024-07-03T00:41:27.032+0000] {taskinstance.py:3312} INFO - 0 downstream tasks scheduled from follow-on schedule check
