[2024-04-09T16:19:47.589+0000] {taskinstance.py:1979} INFO - Dependencies all met for dep_context=non-requeueable deps ti=<TaskInstance: upload_congress_data.upload_bills_to_gcs manual__2024-04-09T16:17:43.229435+00:00 [queued]>
[2024-04-09T16:19:47.592+0000] {taskinstance.py:1979} INFO - Dependencies all met for dep_context=requeueable deps ti=<TaskInstance: upload_congress_data.upload_bills_to_gcs manual__2024-04-09T16:17:43.229435+00:00 [queued]>
[2024-04-09T16:19:47.593+0000] {taskinstance.py:2193} INFO - Starting attempt 1 of 1
[2024-04-09T16:19:47.599+0000] {taskinstance.py:2217} INFO - Executing <Task(PythonOperator): upload_bills_to_gcs> on 2024-04-09 16:17:43.229435+00:00
[2024-04-09T16:19:47.603+0000] {standard_task_runner.py:60} INFO - Started process 836 to run task
[2024-04-09T16:19:47.606+0000] {standard_task_runner.py:87} INFO - Running: ['***', 'tasks', 'run', 'upload_congress_data', 'upload_bills_to_gcs', 'manual__2024-04-09T16:17:43.229435+00:00', '--job-id', '13', '--raw', '--subdir', 'DAGS_FOLDER/upload_congress_data.py', '--cfg-path', '/tmp/tmpa616mssk']
[2024-04-09T16:19:47.608+0000] {standard_task_runner.py:88} INFO - Job 13: Subtask upload_bills_to_gcs
[2024-04-09T16:19:47.633+0000] {task_command.py:423} INFO - Running <TaskInstance: upload_congress_data.upload_bills_to_gcs manual__2024-04-09T16:17:43.229435+00:00 [running]> on host f811dc6f69ec
[2024-04-09T16:19:47.675+0000] {taskinstance.py:2513} INFO - Exporting env vars: AIRFLOW_CTX_DAG_OWNER='***' AIRFLOW_CTX_DAG_ID='upload_congress_data' AIRFLOW_CTX_TASK_ID='upload_bills_to_gcs' AIRFLOW_CTX_EXECUTION_DATE='2024-04-09T16:17:43.229435+00:00' AIRFLOW_CTX_TRY_NUMBER='1' AIRFLOW_CTX_DAG_RUN_ID='manual__2024-04-09T16:17:43.229435+00:00'
[2024-04-09T16:19:48.751+0000] {logging_mixin.py:188} INFO - Uploaded /opt/***/dags/data/hjres/BILLSTATUS-118hjres68.json to gs://congress_data/bills/hjres/BILLSTATUS-118hjres68.json
[2024-04-09T16:19:49.333+0000] {logging_mixin.py:188} INFO - Uploaded /opt/***/dags/data/hjres/BILLSTATUS-118hjres44.json to gs://congress_data/bills/hjres/BILLSTATUS-118hjres44.json
[2024-04-09T16:19:49.813+0000] {logging_mixin.py:188} INFO - Uploaded /opt/***/dags/data/hjres/BILLSTATUS-118hjres45.json to gs://congress_data/bills/hjres/BILLSTATUS-118hjres45.json
[2024-04-09T16:19:50.279+0000] {logging_mixin.py:188} INFO - Uploaded /opt/***/dags/data/hjres/BILLSTATUS-118hjres24.json to gs://congress_data/bills/hjres/BILLSTATUS-118hjres24.json
[2024-04-09T16:19:50.800+0000] {logging_mixin.py:188} INFO - Uploaded /opt/***/dags/data/hjres/BILLSTATUS-118hjres39.json to gs://congress_data/bills/hjres/BILLSTATUS-118hjres39.json
[2024-04-09T16:19:51.272+0000] {logging_mixin.py:188} INFO - Uploaded /opt/***/dags/data/hjres/BILLSTATUS-118hjres42.json to gs://congress_data/bills/hjres/BILLSTATUS-118hjres42.json
[2024-04-09T16:19:51.950+0000] {logging_mixin.py:188} INFO - Uploaded /opt/***/dags/data/hjres/BILLSTATUS-118hjres74.json to gs://congress_data/bills/hjres/BILLSTATUS-118hjres74.json
[2024-04-09T16:19:52.434+0000] {logging_mixin.py:188} INFO - Uploaded /opt/***/dags/data/hjres/BILLSTATUS-118hjres7.json to gs://congress_data/bills/hjres/BILLSTATUS-118hjres7.json
[2024-04-09T16:19:52.902+0000] {logging_mixin.py:188} INFO - Uploaded /opt/***/dags/data/hjres/BILLSTATUS-118hjres79.json to gs://congress_data/bills/hjres/BILLSTATUS-118hjres79.json
[2024-04-09T16:19:53.355+0000] {logging_mixin.py:188} INFO - Uploaded /opt/***/dags/data/hjres/BILLSTATUS-118hjres98.json to gs://congress_data/bills/hjres/BILLSTATUS-118hjres98.json
[2024-04-09T16:19:53.793+0000] {logging_mixin.py:188} INFO - Uploaded /opt/***/dags/data/hjres/BILLSTATUS-118hjres70.json to gs://congress_data/bills/hjres/BILLSTATUS-118hjres70.json
[2024-04-09T16:19:54.289+0000] {logging_mixin.py:188} INFO - Uploaded /opt/***/dags/data/hjres/BILLSTATUS-118hjres27.json to gs://congress_data/bills/hjres/BILLSTATUS-118hjres27.json
[2024-04-09T16:19:54.732+0000] {logging_mixin.py:188} INFO - Uploaded /opt/***/dags/data/hjres/BILLSTATUS-118hjres88.json to gs://congress_data/bills/hjres/BILLSTATUS-118hjres88.json
[2024-04-09T16:19:55.187+0000] {logging_mixin.py:188} INFO - Uploaded /opt/***/dags/data/hjres/BILLSTATUS-118hjres30.json to gs://congress_data/bills/hjres/BILLSTATUS-118hjres30.json
[2024-04-09T16:19:55.627+0000] {logging_mixin.py:188} INFO - Uploaded /opt/***/dags/data/hjres/BILLSTATUS-118hjres26.json to gs://congress_data/bills/hjres/BILLSTATUS-118hjres26.json
[2024-04-09T16:19:56.234+0000] {logging_mixin.py:188} INFO - Uploaded /opt/***/dags/data/hjres/BILLSTATUS-118hjres71.json to gs://congress_data/bills/hjres/BILLSTATUS-118hjres71.json
[2024-04-09T16:19:56.677+0000] {logging_mixin.py:188} INFO - Uploaded /opt/***/dags/data/hconres/BILLSTATUS-118hconres7.json to gs://congress_data/bills/hconres/BILLSTATUS-118hconres7.json
[2024-04-09T16:19:57.133+0000] {logging_mixin.py:188} INFO - Uploaded /opt/***/dags/data/hconres/BILLSTATUS-118hconres30.json to gs://congress_data/bills/hconres/BILLSTATUS-118hconres30.json
[2024-04-09T16:19:57.586+0000] {logging_mixin.py:188} INFO - Uploaded /opt/***/dags/data/hconres/BILLSTATUS-118hconres57.json to gs://congress_data/bills/hconres/BILLSTATUS-118hconres57.json
[2024-04-09T16:19:58.018+0000] {logging_mixin.py:188} INFO - Uploaded /opt/***/dags/data/hconres/BILLSTATUS-118hconres40.json to gs://congress_data/bills/hconres/BILLSTATUS-118hconres40.json
[2024-04-09T16:19:58.506+0000] {logging_mixin.py:188} INFO - Uploaded /opt/***/dags/data/hconres/BILLSTATUS-118hconres21.json to gs://congress_data/bills/hconres/BILLSTATUS-118hconres21.json
[2024-04-09T16:19:58.958+0000] {logging_mixin.py:188} INFO - Uploaded /opt/***/dags/data/hconres/BILLSTATUS-118hconres3.json to gs://congress_data/bills/hconres/BILLSTATUS-118hconres3.json
[2024-04-09T16:19:59.610+0000] {logging_mixin.py:188} INFO - Uploaded /opt/***/dags/data/hconres/BILLSTATUS-118hconres86.json to gs://congress_data/bills/hconres/BILLSTATUS-118hconres86.json
[2024-04-09T16:20:00.059+0000] {logging_mixin.py:188} INFO - Uploaded /opt/***/dags/data/hconres/BILLSTATUS-118hconres9.json to gs://congress_data/bills/hconres/BILLSTATUS-118hconres9.json
[2024-04-09T16:20:00.499+0000] {logging_mixin.py:188} INFO - Uploaded /opt/***/dags/data/hconres/BILLSTATUS-118hconres25.json to gs://congress_data/bills/hconres/BILLSTATUS-118hconres25.json
[2024-04-09T16:20:01.070+0000] {logging_mixin.py:188} INFO - Uploaded /opt/***/dags/data/s/BILLSTATUS-118s870.json to gs://congress_data/bills/s/BILLSTATUS-118s870.json
[2024-04-09T16:20:01.598+0000] {logging_mixin.py:188} INFO - Uploaded /opt/***/dags/data/s/BILLSTATUS-118s3427.json to gs://congress_data/bills/s/BILLSTATUS-118s3427.json
[2024-04-09T16:20:02.167+0000] {logging_mixin.py:188} INFO - Uploaded /opt/***/dags/data/s/BILLSTATUS-118s112.json to gs://congress_data/bills/s/BILLSTATUS-118s112.json
[2024-04-09T16:20:02.656+0000] {logging_mixin.py:188} INFO - Uploaded /opt/***/dags/data/s/BILLSTATUS-118s3250.json to gs://congress_data/bills/s/BILLSTATUS-118s3250.json
[2024-04-09T16:20:03.168+0000] {logging_mixin.py:188} INFO - Uploaded /opt/***/dags/data/s/BILLSTATUS-118s2226.json to gs://congress_data/bills/s/BILLSTATUS-118s2226.json
[2024-04-09T16:20:03.617+0000] {logging_mixin.py:188} INFO - Uploaded /opt/***/dags/data/s/BILLSTATUS-118s788.json to gs://congress_data/bills/s/BILLSTATUS-118s788.json
[2024-04-09T16:20:04.069+0000] {logging_mixin.py:188} INFO - Uploaded /opt/***/dags/data/s/BILLSTATUS-118s475.json to gs://congress_data/bills/s/BILLSTATUS-118s475.json
[2024-04-09T16:20:04.540+0000] {logging_mixin.py:188} INFO - Uploaded /opt/***/dags/data/s/BILLSTATUS-118s619.json to gs://congress_data/bills/s/BILLSTATUS-118s619.json
[2024-04-09T16:20:04.994+0000] {logging_mixin.py:188} INFO - Uploaded /opt/***/dags/data/s/BILLSTATUS-118s316.json to gs://congress_data/bills/s/BILLSTATUS-118s316.json
[2024-04-09T16:20:05.439+0000] {logging_mixin.py:188} INFO - Uploaded /opt/***/dags/data/s/BILLSTATUS-118s3853.json to gs://congress_data/bills/s/BILLSTATUS-118s3853.json
[2024-04-09T16:20:05.893+0000] {logging_mixin.py:188} INFO - Uploaded /opt/***/dags/data/s/BILLSTATUS-118s111.json to gs://congress_data/bills/s/BILLSTATUS-118s111.json
[2024-04-09T16:20:06.332+0000] {logging_mixin.py:188} INFO - Uploaded /opt/***/dags/data/s/BILLSTATUS-118s326.json to gs://congress_data/bills/s/BILLSTATUS-118s326.json
[2024-04-09T16:20:06.763+0000] {logging_mixin.py:188} INFO - Uploaded /opt/***/dags/data/sres/BILLSTATUS-118sres13.json to gs://congress_data/bills/sres/BILLSTATUS-118sres13.json
[2024-04-09T16:20:07.230+0000] {logging_mixin.py:188} INFO - Uploaded /opt/***/dags/data/sres/BILLSTATUS-118sres21.json to gs://congress_data/bills/sres/BILLSTATUS-118sres21.json
[2024-04-09T16:20:07.676+0000] {logging_mixin.py:188} INFO - Uploaded /opt/***/dags/data/sres/BILLSTATUS-118sres504.json to gs://congress_data/bills/sres/BILLSTATUS-118sres504.json
[2024-04-09T16:20:08.114+0000] {logging_mixin.py:188} INFO - Uploaded /opt/***/dags/data/sres/BILLSTATUS-118sres417.json to gs://congress_data/bills/sres/BILLSTATUS-118sres417.json
[2024-04-09T16:20:08.559+0000] {logging_mixin.py:188} INFO - Uploaded /opt/***/dags/data/hr/BILLSTATUS-118hr1339.json to gs://congress_data/bills/hr/BILLSTATUS-118hr1339.json
[2024-04-09T16:20:09.013+0000] {logging_mixin.py:188} INFO - Uploaded /opt/***/dags/data/hr/BILLSTATUS-118hr2796.json to gs://congress_data/bills/hr/BILLSTATUS-118hr2796.json
[2024-04-09T16:20:09.509+0000] {logging_mixin.py:188} INFO - Uploaded /opt/***/dags/data/hr/BILLSTATUS-118hr2811.json to gs://congress_data/bills/hr/BILLSTATUS-118hr2811.json
[2024-04-09T16:20:10.090+0000] {logging_mixin.py:188} INFO - Uploaded /opt/***/dags/data/hr/BILLSTATUS-118hr23.json to gs://congress_data/bills/hr/BILLSTATUS-118hr23.json
[2024-04-09T16:20:10.543+0000] {logging_mixin.py:188} INFO - Uploaded /opt/***/dags/data/hr/BILLSTATUS-118hr406.json to gs://congress_data/bills/hr/BILLSTATUS-118hr406.json
[2024-04-09T16:20:11.152+0000] {logging_mixin.py:188} INFO - Uploaded /opt/***/dags/data/hr/BILLSTATUS-118hr4984.json to gs://congress_data/bills/hr/BILLSTATUS-118hr4984.json
[2024-04-09T16:20:11.684+0000] {logging_mixin.py:188} INFO - Uploaded /opt/***/dags/data/hr/BILLSTATUS-118hr538.json to gs://congress_data/bills/hr/BILLSTATUS-118hr538.json
[2024-04-09T16:20:12.186+0000] {logging_mixin.py:188} INFO - Uploaded /opt/***/dags/data/hr/BILLSTATUS-118hr3152.json to gs://congress_data/bills/hr/BILLSTATUS-118hr3152.json
[2024-04-09T16:20:13.001+0000] {logging_mixin.py:188} INFO - Uploaded /opt/***/dags/data/hr/BILLSTATUS-118hr5585.json to gs://congress_data/bills/hr/BILLSTATUS-118hr5585.json
[2024-04-09T16:20:13.487+0000] {logging_mixin.py:188} INFO - Uploaded /opt/***/dags/data/hr/BILLSTATUS-118hr4394.json to gs://congress_data/bills/hr/BILLSTATUS-118hr4394.json
[2024-04-09T16:20:13.946+0000] {logging_mixin.py:188} INFO - Uploaded /opt/***/dags/data/hr/BILLSTATUS-118hr277.json to gs://congress_data/bills/hr/BILLSTATUS-118hr277.json
[2024-04-09T16:20:14.400+0000] {logging_mixin.py:188} INFO - Uploaded /opt/***/dags/data/hr/BILLSTATUS-118hr1159.json to gs://congress_data/bills/hr/BILLSTATUS-118hr1159.json
[2024-04-09T16:20:14.950+0000] {logging_mixin.py:188} INFO - Uploaded /opt/***/dags/data/hr/BILLSTATUS-118hr7520.json to gs://congress_data/bills/hr/BILLSTATUS-118hr7520.json
[2024-04-09T16:20:15.387+0000] {logging_mixin.py:188} INFO - Uploaded /opt/***/dags/data/hr/BILLSTATUS-118hr3099.json to gs://congress_data/bills/hr/BILLSTATUS-118hr3099.json
[2024-04-09T16:20:15.988+0000] {logging_mixin.py:188} INFO - Uploaded /opt/***/dags/data/hr/BILLSTATUS-118hr7023.json to gs://congress_data/bills/hr/BILLSTATUS-118hr7023.json
[2024-04-09T16:20:16.424+0000] {logging_mixin.py:188} INFO - Uploaded /opt/***/dags/data/hr/BILLSTATUS-118hr1548.json to gs://congress_data/bills/hr/BILLSTATUS-118hr1548.json
[2024-04-09T16:20:16.888+0000] {logging_mixin.py:188} INFO - Uploaded /opt/***/dags/data/hr/BILLSTATUS-118hr1163.json to gs://congress_data/bills/hr/BILLSTATUS-118hr1163.json
[2024-04-09T16:20:17.363+0000] {logging_mixin.py:188} INFO - Uploaded /opt/***/dags/data/hr/BILLSTATUS-118hr6976.json to gs://congress_data/bills/hr/BILLSTATUS-118hr6976.json
[2024-04-09T16:20:17.861+0000] {logging_mixin.py:188} INFO - Uploaded /opt/***/dags/data/hr/BILLSTATUS-118hr3774.json to gs://congress_data/bills/hr/BILLSTATUS-118hr3774.json
[2024-04-09T16:20:18.316+0000] {logging_mixin.py:188} INFO - Uploaded /opt/***/dags/data/hr/BILLSTATUS-118hr6126.json to gs://congress_data/bills/hr/BILLSTATUS-118hr6126.json
[2024-04-09T16:20:18.798+0000] {logging_mixin.py:188} INFO - Uploaded /opt/***/dags/data/hr/BILLSTATUS-118hr467.json to gs://congress_data/bills/hr/BILLSTATUS-118hr467.json
[2024-04-09T16:20:19.272+0000] {logging_mixin.py:188} INFO - Uploaded /opt/***/dags/data/hr/BILLSTATUS-118hr3324.json to gs://congress_data/bills/hr/BILLSTATUS-118hr3324.json
[2024-04-09T16:20:19.695+0000] {logging_mixin.py:188} INFO - Uploaded /opt/***/dags/data/hr/BILLSTATUS-118hr5862.json to gs://congress_data/bills/hr/BILLSTATUS-118hr5862.json
[2024-04-09T16:20:20.121+0000] {logging_mixin.py:188} INFO - Uploaded /opt/***/dags/data/hr/BILLSTATUS-118hr1123.json to gs://congress_data/bills/hr/BILLSTATUS-118hr1123.json
[2024-04-09T16:20:20.537+0000] {logging_mixin.py:188} INFO - Uploaded /opt/***/dags/data/hr/BILLSTATUS-118hr1836.json to gs://congress_data/bills/hr/BILLSTATUS-118hr1836.json
[2024-04-09T16:20:20.978+0000] {logging_mixin.py:188} INFO - Uploaded /opt/***/dags/data/hr/BILLSTATUS-118hr3935.json to gs://congress_data/bills/hr/BILLSTATUS-118hr3935.json
[2024-04-09T16:20:21.476+0000] {logging_mixin.py:188} INFO - Uploaded /opt/***/dags/data/hr/BILLSTATUS-118hr2670.json to gs://congress_data/bills/hr/BILLSTATUS-118hr2670.json
[2024-04-09T16:20:22.097+0000] {logging_mixin.py:188} INFO - Uploaded /opt/***/dags/data/hr/BILLSTATUS-118hr2365.json to gs://congress_data/bills/hr/BILLSTATUS-118hr2365.json
[2024-04-09T16:20:22.734+0000] {logging_mixin.py:188} INFO - Uploaded /opt/***/dags/data/hr/BILLSTATUS-118hr1226.json to gs://congress_data/bills/hr/BILLSTATUS-118hr1226.json
[2024-04-09T16:20:23.167+0000] {logging_mixin.py:188} INFO - Uploaded /opt/***/dags/data/hr/BILLSTATUS-118hr4531.json to gs://congress_data/bills/hr/BILLSTATUS-118hr4531.json
[2024-04-09T16:20:23.588+0000] {logging_mixin.py:188} INFO - Uploaded /opt/***/dags/data/hr/BILLSTATUS-118hr734.json to gs://congress_data/bills/hr/BILLSTATUS-118hr734.json
[2024-04-09T16:20:24.013+0000] {logging_mixin.py:188} INFO - Uploaded /opt/***/dags/data/hr/BILLSTATUS-118hr7521.json to gs://congress_data/bills/hr/BILLSTATUS-118hr7521.json
[2024-04-09T16:20:24.461+0000] {logging_mixin.py:188} INFO - Uploaded /opt/***/dags/data/hr/BILLSTATUS-118hr5.json to gs://congress_data/bills/hr/BILLSTATUS-118hr5.json
[2024-04-09T16:20:24.890+0000] {logging_mixin.py:188} INFO - Uploaded /opt/***/dags/data/hr/BILLSTATUS-118hr3391.json to gs://congress_data/bills/hr/BILLSTATUS-118hr3391.json
[2024-04-09T16:20:25.324+0000] {logging_mixin.py:188} INFO - Uploaded /opt/***/dags/data/hr/BILLSTATUS-118hr2754.json to gs://congress_data/bills/hr/BILLSTATUS-118hr2754.json
[2024-04-09T16:20:25.793+0000] {logging_mixin.py:188} INFO - Uploaded /opt/***/dags/data/hr/BILLSTATUS-118hr485.json to gs://congress_data/bills/hr/BILLSTATUS-118hr485.json
[2024-04-09T16:20:26.232+0000] {logging_mixin.py:188} INFO - Uploaded /opt/***/dags/data/hr/BILLSTATUS-118hr1752.json to gs://congress_data/bills/hr/BILLSTATUS-118hr1752.json
[2024-04-09T16:20:26.670+0000] {logging_mixin.py:188} INFO - Uploaded /opt/***/dags/data/hr/BILLSTATUS-118hr1093.json to gs://congress_data/bills/hr/BILLSTATUS-118hr1093.json
[2024-04-09T16:20:27.111+0000] {logging_mixin.py:188} INFO - Uploaded /opt/***/dags/data/hr/BILLSTATUS-118hr1640.json to gs://congress_data/bills/hr/BILLSTATUS-118hr1640.json
[2024-04-09T16:20:27.527+0000] {logging_mixin.py:188} INFO - Uploaded /opt/***/dags/data/hr/BILLSTATUS-118hr3981.json to gs://congress_data/bills/hr/BILLSTATUS-118hr3981.json
[2024-04-09T16:20:27.939+0000] {logging_mixin.py:188} INFO - Uploaded /opt/***/dags/data/hr/BILLSTATUS-118hr542.json to gs://congress_data/bills/hr/BILLSTATUS-118hr542.json
[2024-04-09T16:20:28.402+0000] {logging_mixin.py:188} INFO - Uploaded /opt/***/dags/data/hr/BILLSTATUS-118hr22.json to gs://congress_data/bills/hr/BILLSTATUS-118hr22.json
[2024-04-09T16:20:28.833+0000] {logging_mixin.py:188} INFO - Uploaded /opt/***/dags/data/hr/BILLSTATUS-118hr2797.json to gs://congress_data/bills/hr/BILLSTATUS-118hr2797.json
[2024-04-09T16:20:29.273+0000] {logging_mixin.py:188} INFO - Uploaded /opt/***/dags/data/hr/BILLSTATUS-118hr1154.json to gs://congress_data/bills/hr/BILLSTATUS-118hr1154.json
[2024-04-09T16:20:29.993+0000] {logging_mixin.py:188} INFO - Uploaded /opt/***/dags/data/hr/BILLSTATUS-118hr1338.json to gs://congress_data/bills/hr/BILLSTATUS-118hr1338.json
[2024-04-09T16:20:30.483+0000] {logging_mixin.py:188} INFO - Uploaded /opt/***/dags/data/hr/BILLSTATUS-118hr2.json to gs://congress_data/bills/hr/BILLSTATUS-118hr2.json
[2024-04-09T16:20:30.912+0000] {logging_mixin.py:188} INFO - Uploaded /opt/***/dags/data/hr/BILLSTATUS-118hr7463.json to gs://congress_data/bills/hr/BILLSTATUS-118hr7463.json
[2024-04-09T16:20:31.332+0000] {logging_mixin.py:188} INFO - Uploaded /opt/***/dags/data/hr/BILLSTATUS-118hr676.json to gs://congress_data/bills/hr/BILLSTATUS-118hr676.json
[2024-04-09T16:20:31.779+0000] {logging_mixin.py:188} INFO - Uploaded /opt/***/dags/data/hr/BILLSTATUS-118hr7176.json to gs://congress_data/bills/hr/BILLSTATUS-118hr7176.json
[2024-04-09T16:20:32.230+0000] {logging_mixin.py:188} INFO - Uploaded /opt/***/dags/data/hr/BILLSTATUS-118hr1734.json to gs://congress_data/bills/hr/BILLSTATUS-118hr1734.json
[2024-04-09T16:20:32.673+0000] {logging_mixin.py:188} INFO - Uploaded /opt/***/dags/data/hr/BILLSTATUS-118hr3089.json to gs://congress_data/bills/hr/BILLSTATUS-118hr3089.json
[2024-04-09T16:20:33.095+0000] {logging_mixin.py:188} INFO - Uploaded /opt/***/dags/data/hr/BILLSTATUS-118hr288.json to gs://congress_data/bills/hr/BILLSTATUS-118hr288.json
[2024-04-09T16:20:33.520+0000] {logging_mixin.py:188} INFO - Uploaded /opt/***/dags/data/hr/BILLSTATUS-118hr1149.json to gs://congress_data/bills/hr/BILLSTATUS-118hr1149.json
[2024-04-09T16:20:33.987+0000] {logging_mixin.py:188} INFO - Uploaded /opt/***/dags/data/hr/BILLSTATUS-118hr359.json to gs://congress_data/bills/hr/BILLSTATUS-118hr359.json
[2024-04-09T16:20:34.461+0000] {logging_mixin.py:188} INFO - Uploaded /opt/***/dags/data/hr/BILLSTATUS-118hr4367.json to gs://congress_data/bills/hr/BILLSTATUS-118hr4367.json
[2024-04-09T16:20:34.916+0000] {logging_mixin.py:188} INFO - Uploaded /opt/***/dags/data/hr/BILLSTATUS-118hr4664.json to gs://congress_data/bills/hr/BILLSTATUS-118hr4664.json
[2024-04-09T16:20:35.344+0000] {logging_mixin.py:188} INFO - Uploaded /opt/***/dags/data/hr/BILLSTATUS-118hr6679.json to gs://congress_data/bills/hr/BILLSTATUS-118hr6679.json
[2024-04-09T16:20:35.941+0000] {logging_mixin.py:188} INFO - Uploaded /opt/***/dags/data/hr/BILLSTATUS-118hr5110.json to gs://congress_data/bills/hr/BILLSTATUS-118hr5110.json
[2024-04-09T16:20:36.372+0000] {logging_mixin.py:188} INFO - Uploaded /opt/***/dags/data/hr/BILLSTATUS-118hr400.json to gs://congress_data/bills/hr/BILLSTATUS-118hr400.json
[2024-04-09T16:20:36.787+0000] {logging_mixin.py:188} INFO - Uploaded /opt/***/dags/data/hr/BILLSTATUS-118hr139.json to gs://congress_data/bills/hr/BILLSTATUS-118hr139.json
[2024-04-09T16:20:37.221+0000] {logging_mixin.py:188} INFO - Uploaded /opt/***/dags/data/hr/BILLSTATUS-118hr302.json to gs://congress_data/bills/hr/BILLSTATUS-118hr302.json
[2024-04-09T16:20:37.649+0000] {logging_mixin.py:188} INFO - Uploaded /opt/***/dags/data/hr/BILLSTATUS-118hr1606.json to gs://congress_data/bills/hr/BILLSTATUS-118hr1606.json
[2024-04-09T16:20:38.076+0000] {logging_mixin.py:188} INFO - Uploaded /opt/***/dags/data/hr/BILLSTATUS-118hr1715.json to gs://congress_data/bills/hr/BILLSTATUS-118hr1715.json
[2024-04-09T16:20:38.511+0000] {logging_mixin.py:188} INFO - Uploaded /opt/***/dags/data/hr/BILLSTATUS-118hr2494.json to gs://congress_data/bills/hr/BILLSTATUS-118hr2494.json
[2024-04-09T16:20:38.969+0000] {logging_mixin.py:188} INFO - Uploaded /opt/***/dags/data/hr/BILLSTATUS-118hr2882.json to gs://congress_data/bills/hr/BILLSTATUS-118hr2882.json
[2024-04-09T16:20:39.403+0000] {logging_mixin.py:188} INFO - Uploaded /opt/***/dags/data/hr/BILLSTATUS-118hr1607.json to gs://congress_data/bills/hr/BILLSTATUS-118hr1607.json
[2024-04-09T16:20:39.889+0000] {logging_mixin.py:188} INFO - Uploaded /opt/***/dags/data/hr/BILLSTATUS-118hr753.json to gs://congress_data/bills/hr/BILLSTATUS-118hr753.json
[2024-04-09T16:20:40.338+0000] {logging_mixin.py:188} INFO - Uploaded /opt/***/dags/data/hr/BILLSTATUS-118hr7511.json to gs://congress_data/bills/hr/BILLSTATUS-118hr7511.json
[2024-04-09T16:20:40.783+0000] {logging_mixin.py:188} INFO - Uploaded /opt/***/dags/data/hr/BILLSTATUS-118hr7454.json to gs://congress_data/bills/hr/BILLSTATUS-118hr7454.json
[2024-04-09T16:20:41.262+0000] {logging_mixin.py:188} INFO - Uploaded /opt/***/dags/data/hr/BILLSTATUS-118hr1353.json to gs://congress_data/bills/hr/BILLSTATUS-118hr1353.json
[2024-04-09T16:20:41.712+0000] {logging_mixin.py:188} INFO - Uploaded /opt/***/dags/data/hr/BILLSTATUS-118hr4468.json to gs://congress_data/bills/hr/BILLSTATUS-118hr4468.json
[2024-04-09T16:20:42.161+0000] {logging_mixin.py:188} INFO - Uploaded /opt/***/dags/data/hr/BILLSTATUS-118hr2379.json to gs://congress_data/bills/hr/BILLSTATUS-118hr2379.json
[2024-04-09T16:20:42.642+0000] {logging_mixin.py:188} INFO - Uploaded /opt/***/dags/data/hr/BILLSTATUS-118hr1105.json to gs://congress_data/bills/hr/BILLSTATUS-118hr1105.json
[2024-04-09T16:20:43.125+0000] {logging_mixin.py:188} INFO - Uploaded /opt/***/dags/data/hr/BILLSTATUS-118hr6678.json to gs://congress_data/bills/hr/BILLSTATUS-118hr6678.json
[2024-04-09T16:20:43.571+0000] {logging_mixin.py:188} INFO - Uploaded /opt/***/dags/data/hr/BILLSTATUS-118hr4665.json to gs://congress_data/bills/hr/BILLSTATUS-118hr4665.json
[2024-04-09T16:20:44.012+0000] {logging_mixin.py:188} INFO - Uploaded /opt/***/dags/data/hr/BILLSTATUS-118hr533.json to gs://congress_data/bills/hr/BILLSTATUS-118hr533.json
[2024-04-09T16:20:44.670+0000] {logging_mixin.py:188} INFO - Uploaded /opt/***/dags/data/hr/BILLSTATUS-118hr4366.json to gs://congress_data/bills/hr/BILLSTATUS-118hr4366.json
[2024-04-09T16:20:45.112+0000] {logging_mixin.py:188} INFO - Uploaded /opt/***/dags/data/hr/BILLSTATUS-118hr5961.json to gs://congress_data/bills/hr/BILLSTATUS-118hr5961.json
[2024-04-09T16:20:45.612+0000] {logging_mixin.py:188} INFO - Uploaded /opt/***/dags/data/hr/BILLSTATUS-118hr1076.json to gs://congress_data/bills/hr/BILLSTATUS-118hr1076.json
[2024-04-09T16:20:46.086+0000] {logging_mixin.py:188} INFO - Uploaded /opt/***/dags/data/hr/BILLSTATUS-118hr6009.json to gs://congress_data/bills/hr/BILLSTATUS-118hr6009.json
[2024-04-09T16:20:46.551+0000] {logging_mixin.py:188} INFO - Uploaded /opt/***/dags/data/hr/BILLSTATUS-118hr7024.json to gs://congress_data/bills/hr/BILLSTATUS-118hr7024.json
[2024-04-09T16:20:46.985+0000] {logging_mixin.py:188} INFO - Uploaded /opt/***/dags/data/hr/BILLSTATUS-118hr3821.json to gs://congress_data/bills/hr/BILLSTATUS-118hr3821.json
[2024-04-09T16:20:47.439+0000] {logging_mixin.py:188} INFO - Uploaded /opt/***/dags/data/hr/BILLSTATUS-118hr3564.json to gs://congress_data/bills/hr/BILLSTATUS-118hr3564.json
[2024-04-09T16:20:47.932+0000] {logging_mixin.py:188} INFO - Uploaded /opt/***/dags/data/hr/BILLSTATUS-118hr159.json to gs://congress_data/bills/hr/BILLSTATUS-118hr159.json
[2024-04-09T16:20:48.359+0000] {logging_mixin.py:188} INFO - Uploaded /opt/***/dags/data/hr/BILLSTATUS-118hr4723.json to gs://congress_data/bills/hr/BILLSTATUS-118hr4723.json
[2024-04-09T16:20:48.831+0000] {logging_mixin.py:188} INFO - Uploaded /opt/***/dags/data/hr/BILLSTATUS-118hr4365.json to gs://congress_data/bills/hr/BILLSTATUS-118hr4365.json
[2024-04-09T16:20:49.286+0000] {logging_mixin.py:188} INFO - Uploaded /opt/***/dags/data/hr/BILLSTATUS-118hr3224.json to gs://congress_data/bills/hr/BILLSTATUS-118hr3224.json
[2024-04-09T16:20:49.733+0000] {logging_mixin.py:188} INFO - Uploaded /opt/***/dags/data/hr/BILLSTATUS-118hr662.json to gs://congress_data/bills/hr/BILLSTATUS-118hr662.json
[2024-04-09T16:20:50.187+0000] {logging_mixin.py:188} INFO - Uploaded /opt/***/dags/data/hr/BILLSTATUS-118hr3843.json to gs://congress_data/bills/hr/BILLSTATUS-118hr3843.json
[2024-04-09T16:20:50.631+0000] {logging_mixin.py:188} INFO - Uploaded /opt/***/dags/data/hr/BILLSTATUS-118hr300.json to gs://congress_data/bills/hr/BILLSTATUS-118hr300.json
[2024-04-09T16:20:51.199+0000] {logging_mixin.py:188} INFO - Uploaded /opt/***/dags/data/hr/BILLSTATUS-118hr357.json to gs://congress_data/bills/hr/BILLSTATUS-118hr357.json
[2024-04-09T16:20:51.675+0000] {logging_mixin.py:188} INFO - Uploaded /opt/***/dags/data/hr/BILLSTATUS-118hr1096.json to gs://congress_data/bills/hr/BILLSTATUS-118hr1096.json
[2024-04-09T16:20:52.096+0000] {logging_mixin.py:188} INFO - Uploaded /opt/***/dags/data/hr/BILLSTATUS-118hr4502.json to gs://congress_data/bills/hr/BILLSTATUS-118hr4502.json
[2024-04-09T16:20:52.954+0000] {logging_mixin.py:188} INFO - Uploaded /opt/***/dags/data/hr/BILLSTATUS-118hr1147.json to gs://congress_data/bills/hr/BILLSTATUS-118hr1147.json
[2024-04-09T16:20:53.425+0000] {logging_mixin.py:188} INFO - Uploaded /opt/***/dags/data/hr/BILLSTATUS-118hr5692.json to gs://congress_data/bills/hr/BILLSTATUS-118hr5692.json
[2024-04-09T16:20:53.889+0000] {logging_mixin.py:188} INFO - Uploaded /opt/***/dags/data/hr/BILLSTATUS-118hr6544.json to gs://congress_data/bills/hr/BILLSTATUS-118hr6544.json
[2024-04-09T16:20:54.349+0000] {logging_mixin.py:188} INFO - Uploaded /opt/***/dags/data/hr/BILLSTATUS-118hr3746.json to gs://congress_data/bills/hr/BILLSTATUS-118hr3746.json
[2024-04-09T16:20:54.820+0000] {logging_mixin.py:188} INFO - Uploaded /opt/***/dags/data/hr/BILLSTATUS-118hr140.json to gs://congress_data/bills/hr/BILLSTATUS-118hr140.json
[2024-04-09T16:20:55.311+0000] {logging_mixin.py:188} INFO - Uploaded /opt/***/dags/data/hr/BILLSTATUS-118hr1669.json to gs://congress_data/bills/hr/BILLSTATUS-118hr1669.json
[2024-04-09T16:20:55.745+0000] {logging_mixin.py:188} INFO - Uploaded /opt/***/dags/data/hr/BILLSTATUS-118hr3091.json to gs://congress_data/bills/hr/BILLSTATUS-118hr3091.json
[2024-04-09T16:20:56.211+0000] {logging_mixin.py:188} INFO - Uploaded /opt/***/dags/data/hr/BILLSTATUS-118hr382.json to gs://congress_data/bills/hr/BILLSTATUS-118hr382.json
[2024-04-09T16:20:56.730+0000] {logging_mixin.py:188} INFO - Uploaded /opt/***/dags/data/hr/BILLSTATUS-118hr3838.json to gs://congress_data/bills/hr/BILLSTATUS-118hr3838.json
[2024-04-09T16:20:57.155+0000] {logging_mixin.py:188} INFO - Uploaded /opt/***/dags/data/hr/BILLSTATUS-118hr5283.json to gs://congress_data/bills/hr/BILLSTATUS-118hr5283.json
[2024-04-09T16:20:57.663+0000] {logging_mixin.py:188} INFO - Uploaded /opt/***/dags/data/hr/BILLSTATUS-118hr1151.json to gs://congress_data/bills/hr/BILLSTATUS-118hr1151.json
[2024-04-09T16:20:58.107+0000] {logging_mixin.py:188} INFO - Uploaded /opt/***/dags/data/hr/BILLSTATUS-118hr2792.json to gs://congress_data/bills/hr/BILLSTATUS-118hr2792.json
[2024-04-09T16:20:58.566+0000] {logging_mixin.py:188} INFO - Uploaded /opt/***/dags/data/hr/BILLSTATUS-118hr443.json to gs://congress_data/bills/hr/BILLSTATUS-118hr443.json
[2024-04-09T16:20:58.963+0000] {logging_mixin.py:188} INFO - Uploaded /opt/***/dags/data/hr/BILLSTATUS-118hr2793.json to gs://congress_data/bills/hr/BILLSTATUS-118hr2793.json
[2024-04-09T16:20:59.371+0000] {logging_mixin.py:188} INFO - Uploaded /opt/***/dags/data/hr/BILLSTATUS-118hr1107.json to gs://congress_data/bills/hr/BILLSTATUS-118hr1107.json
[2024-04-09T16:20:59.806+0000] {logging_mixin.py:188} INFO - Uploaded /opt/***/dags/data/hr/BILLSTATUS-118hr26.json to gs://congress_data/bills/hr/BILLSTATUS-118hr26.json
[2024-04-09T16:21:00.248+0000] {logging_mixin.py:188} INFO - Uploaded /opt/***/dags/data/hr/BILLSTATUS-118hr815.json to gs://congress_data/bills/hr/BILLSTATUS-118hr815.json
[2024-04-09T16:21:00.704+0000] {logging_mixin.py:188} INFO - Uploaded /opt/***/dags/data/hr/BILLSTATUS-118hr839.json to gs://congress_data/bills/hr/BILLSTATUS-118hr839.json
[2024-04-09T16:21:01.165+0000] {logging_mixin.py:188} INFO - Uploaded /opt/***/dags/data/hr/BILLSTATUS-118hr497.json to gs://congress_data/bills/hr/BILLSTATUS-118hr497.json
[2024-04-09T16:21:01.602+0000] {logging_mixin.py:188} INFO - Uploaded /opt/***/dags/data/hr/BILLSTATUS-118hr4368.json to gs://congress_data/bills/hr/BILLSTATUS-118hr4368.json
[2024-04-09T16:21:02.048+0000] {logging_mixin.py:188} INFO - Uploaded /opt/***/dags/data/hr/BILLSTATUS-118hr7102.json to gs://congress_data/bills/hr/BILLSTATUS-118hr7102.json
[2024-04-09T16:21:02.507+0000] {logging_mixin.py:188} INFO - Uploaded /opt/***/dags/data/hr/BILLSTATUS-118hr593.json to gs://congress_data/bills/hr/BILLSTATUS-118hr593.json
[2024-04-09T16:21:02.931+0000] {logging_mixin.py:188} INFO - Uploaded /opt/***/dags/data/hr/BILLSTATUS-118hr340.json to gs://congress_data/bills/hr/BILLSTATUS-118hr340.json
[2024-04-09T16:21:03.343+0000] {logging_mixin.py:188} INFO - Uploaded /opt/***/dags/data/hr/BILLSTATUS-118hr788.json to gs://congress_data/bills/hr/BILLSTATUS-118hr788.json
[2024-04-09T16:21:03.783+0000] {logging_mixin.py:188} INFO - Uploaded /opt/***/dags/data/hr/BILLSTATUS-118hr6363.json to gs://congress_data/bills/hr/BILLSTATUS-118hr6363.json
[2024-04-09T16:21:04.238+0000] {logging_mixin.py:188} INFO - Uploaded /opt/***/dags/data/hr/BILLSTATUS-118hr1.json to gs://congress_data/bills/hr/BILLSTATUS-118hr1.json
[2024-04-09T16:21:04.666+0000] {logging_mixin.py:188} INFO - Uploaded /opt/***/dags/data/hr/BILLSTATUS-118hr4470.json to gs://congress_data/bills/hr/BILLSTATUS-118hr4470.json
[2024-04-09T16:21:05.112+0000] {logging_mixin.py:188} INFO - Uploaded /opt/***/dags/data/hr/BILLSTATUS-118hr663.json to gs://congress_data/bills/hr/BILLSTATUS-118hr663.json
[2024-04-09T16:21:05.584+0000] {logging_mixin.py:188} INFO - Uploaded /opt/***/dags/data/hr/BILLSTATUS-118hr2766.json to gs://congress_data/bills/hr/BILLSTATUS-118hr2766.json
[2024-04-09T16:21:06.021+0000] {logging_mixin.py:188} INFO - Uploaded /opt/***/dags/data/hr/BILLSTATUS-118hr589.json to gs://congress_data/bills/hr/BILLSTATUS-118hr589.json
[2024-04-09T16:21:06.444+0000] {logging_mixin.py:188} INFO - Uploaded /opt/***/dags/data/hr/BILLSTATUS-118hr1023.json to gs://congress_data/bills/hr/BILLSTATUS-118hr1023.json
[2024-04-09T16:21:06.878+0000] {logging_mixin.py:188} INFO - Uploaded /opt/***/dags/data/hr/BILLSTATUS-118hr4364.json to gs://congress_data/bills/hr/BILLSTATUS-118hr4364.json
[2024-04-09T16:21:07.318+0000] {logging_mixin.py:188} INFO - Uploaded /opt/***/dags/data/hr/BILLSTATUS-118hr347.json to gs://congress_data/bills/hr/BILLSTATUS-118hr347.json
[2024-04-09T16:21:07.748+0000] {logging_mixin.py:188} INFO - Uploaded /opt/***/dags/data/hr/BILLSTATUS-118hr886.json to gs://congress_data/bills/hr/BILLSTATUS-118hr886.json
[2024-04-09T16:21:08.221+0000] {logging_mixin.py:188} INFO - Uploaded /opt/***/dags/data/hr/BILLSTATUS-118hr185.json to gs://congress_data/bills/hr/BILLSTATUS-118hr185.json
[2024-04-09T16:21:08.654+0000] {logging_mixin.py:188} INFO - Uploaded /opt/***/dags/data/hr/BILLSTATUS-118hr3941.json to gs://congress_data/bills/hr/BILLSTATUS-118hr3941.json
[2024-04-09T16:21:09.081+0000] {logging_mixin.py:188} INFO - Uploaded /opt/***/dags/data/hr/BILLSTATUS-118hr5856.json to gs://congress_data/bills/hr/BILLSTATUS-118hr5856.json
[2024-04-09T16:21:09.546+0000] {logging_mixin.py:188} INFO - Uploaded /opt/***/dags/data/hr/BILLSTATUS-118hr21.json to gs://congress_data/bills/hr/BILLSTATUS-118hr21.json
[2024-04-09T16:21:09.992+0000] {logging_mixin.py:188} INFO - Uploaded /opt/***/dags/data/hr/BILLSTATUS-118hr3202.json to gs://congress_data/bills/hr/BILLSTATUS-118hr3202.json
[2024-04-09T16:21:10.441+0000] {logging_mixin.py:188} INFO - Uploaded /opt/***/dags/data/hr/BILLSTATUS-118hr6503.json to gs://congress_data/bills/hr/BILLSTATUS-118hr6503.json
[2024-04-09T16:21:10.864+0000] {logging_mixin.py:188} INFO - Uploaded /opt/***/dags/data/hr/BILLSTATUS-118hr5378.json to gs://congress_data/bills/hr/BILLSTATUS-118hr5378.json
[2024-04-09T16:21:11.293+0000] {logging_mixin.py:188} INFO - Uploaded /opt/***/dags/data/hr/BILLSTATUS-118hr500.json to gs://congress_data/bills/hr/BILLSTATUS-118hr500.json
[2024-04-09T16:21:11.715+0000] {logging_mixin.py:188} INFO - Uploaded /opt/***/dags/data/hr/BILLSTATUS-118hr1435.json to gs://congress_data/bills/hr/BILLSTATUS-118hr1435.json
[2024-04-09T16:21:12.157+0000] {logging_mixin.py:188} INFO - Uploaded /opt/***/dags/data/hr/BILLSTATUS-118hr5860.json to gs://congress_data/bills/hr/BILLSTATUS-118hr5860.json
[2024-04-09T16:21:12.587+0000] {logging_mixin.py:188} INFO - Uploaded /opt/***/dags/data/hr/BILLSTATUS-118hr3799.json to gs://congress_data/bills/hr/BILLSTATUS-118hr3799.json
[2024-04-09T16:21:13.029+0000] {logging_mixin.py:188} INFO - Uploaded /opt/***/dags/data/hr/BILLSTATUS-118hr2872.json to gs://congress_data/bills/hr/BILLSTATUS-118hr2872.json
[2024-04-09T16:21:13.508+0000] {logging_mixin.py:188} INFO - Uploaded /opt/***/dags/data/hr/BILLSTATUS-118hr3672.json to gs://congress_data/bills/hr/BILLSTATUS-118hr3672.json
[2024-04-09T16:21:13.941+0000] {logging_mixin.py:188} INFO - Uploaded /opt/***/dags/data/hr/BILLSTATUS-118hr5933.json to gs://congress_data/bills/hr/BILLSTATUS-118hr5933.json
[2024-04-09T16:21:14.420+0000] {logging_mixin.py:188} INFO - Uploaded /opt/***/dags/data/hr/BILLSTATUS-118hr5525.json to gs://congress_data/bills/hr/BILLSTATUS-118hr5525.json
[2024-04-09T16:21:15.100+0000] {logging_mixin.py:188} INFO - Uploaded /opt/***/dags/data/hr/BILLSTATUS-118hr4820.json to gs://congress_data/bills/hr/BILLSTATUS-118hr4820.json
[2024-04-09T16:21:15.542+0000] {logging_mixin.py:188} INFO - Uploaded /opt/***/dags/data/hr/BILLSTATUS-118hr6276.json to gs://congress_data/bills/hr/BILLSTATUS-118hr6276.json
[2024-04-09T16:21:15.960+0000] {logging_mixin.py:188} INFO - Uploaded /opt/***/dags/data/hr/BILLSTATUS-118hr5119.json to gs://congress_data/bills/hr/BILLSTATUS-118hr5119.json
[2024-04-09T16:21:16.395+0000] {logging_mixin.py:188} INFO - Uploaded /opt/***/dags/data/hr/BILLSTATUS-118hr2799.json to gs://congress_data/bills/hr/BILLSTATUS-118hr2799.json
[2024-04-09T16:21:16.821+0000] {logging_mixin.py:188} INFO - Uploaded /opt/***/dags/data/hr/BILLSTATUS-118hr5375.json to gs://congress_data/bills/hr/BILLSTATUS-118hr5375.json
[2024-04-09T16:21:17.294+0000] {logging_mixin.py:188} INFO - Uploaded /opt/***/dags/data/hr/BILLSTATUS-118hr6918.json to gs://congress_data/bills/hr/BILLSTATUS-118hr6918.json
[2024-04-09T16:21:17.733+0000] {logging_mixin.py:188} INFO - Uploaded /opt/***/dags/data/hr/BILLSTATUS-118hr1727.json to gs://congress_data/bills/hr/BILLSTATUS-118hr1727.json
[2024-04-09T16:21:18.172+0000] {logging_mixin.py:188} INFO - Uploaded /opt/***/dags/data/hr/BILLSTATUS-118hr4821.json to gs://congress_data/bills/hr/BILLSTATUS-118hr4821.json
[2024-04-09T16:21:18.612+0000] {logging_mixin.py:188} INFO - Uploaded /opt/***/dags/data/hr/BILLSTATUS-118hr1567.json to gs://congress_data/bills/hr/BILLSTATUS-118hr1567.json
[2024-04-09T16:21:19.080+0000] {logging_mixin.py:188} INFO - Uploaded /opt/***/dags/data/hr/BILLSTATUS-118hr5524.json to gs://congress_data/bills/hr/BILLSTATUS-118hr5524.json
[2024-04-09T16:21:19.529+0000] {logging_mixin.py:188} INFO - Uploaded /opt/***/dags/data/hr/BILLSTATUS-118hr1530.json to gs://congress_data/bills/hr/BILLSTATUS-118hr1530.json
[2024-04-09T16:21:19.950+0000] {logging_mixin.py:188} INFO - Uploaded /opt/***/dags/data/hr/BILLSTATUS-118hr3848.json to gs://congress_data/bills/hr/BILLSTATUS-118hr3848.json
[2024-04-09T16:21:20.386+0000] {logging_mixin.py:188} INFO - Uploaded /opt/***/dags/data/hr/BILLSTATUS-118hr1121.json to gs://congress_data/bills/hr/BILLSTATUS-118hr1121.json
[2024-04-09T16:21:20.868+0000] {logging_mixin.py:188} INFO - Uploaded /opt/***/dags/data/hr/BILLSTATUS-118hr1156.json to gs://congress_data/bills/hr/BILLSTATUS-118hr1156.json
[2024-04-09T16:21:21.299+0000] {logging_mixin.py:188} INFO - Uploaded /opt/***/dags/data/hr/BILLSTATUS-118hr2795.json to gs://congress_data/bills/hr/BILLSTATUS-118hr2795.json
[2024-04-09T16:21:21.733+0000] {logging_mixin.py:188} INFO - Uploaded /opt/***/dags/data/hr/BILLSTATUS-118hr2812.json to gs://congress_data/bills/hr/BILLSTATUS-118hr2812.json
[2024-04-09T16:21:22.194+0000] {logging_mixin.py:188} INFO - Uploaded /opt/***/dags/data/hr/BILLSTATUS-118hr6914.json to gs://congress_data/bills/hr/BILLSTATUS-118hr6914.json
[2024-04-09T16:21:22.636+0000] {logging_mixin.py:188} INFO - Uploaded /opt/***/dags/data/hr/BILLSTATUS-118hr813.json to gs://congress_data/bills/hr/BILLSTATUS-118hr813.json
[2024-04-09T16:21:23.079+0000] {logging_mixin.py:188} INFO - Uploaded /opt/***/dags/data/hr/BILLSTATUS-118hr1547.json to gs://congress_data/bills/hr/BILLSTATUS-118hr1547.json
[2024-04-09T16:21:23.490+0000] {logging_mixin.py:188} INFO - Uploaded /opt/***/dags/data/hr/BILLSTATUS-118hr7217.json to gs://congress_data/bills/hr/BILLSTATUS-118hr7217.json
[2024-04-09T16:21:23.955+0000] {logging_mixin.py:188} INFO - Uploaded /opt/***/dags/data/hr/BILLSTATUS-118hr5894.json to gs://congress_data/bills/hr/BILLSTATUS-118hr5894.json
[2024-04-09T16:21:24.364+0000] {logging_mixin.py:188} INFO - Uploaded /opt/***/dags/data/hr/BILLSTATUS-118hr5528.json to gs://congress_data/bills/hr/BILLSTATUS-118hr5528.json
[2024-04-09T16:21:24.808+0000] {logging_mixin.py:188} INFO - Uploaded /opt/***/dags/data/hr/BILLSTATUS-118hr1615.json to gs://congress_data/bills/hr/BILLSTATUS-118hr1615.json
[2024-04-09T16:21:25.232+0000] {logging_mixin.py:188} INFO - Uploaded /opt/***/dags/data/hr/BILLSTATUS-118hr346.json to gs://congress_data/bills/hr/BILLSTATUS-118hr346.json
[2024-04-09T16:21:25.692+0000] {logging_mixin.py:188} INFO - Uploaded /opt/***/dags/data/sjres/BILLSTATUS-118sjres24.json to gs://congress_data/bills/sjres/BILLSTATUS-118sjres24.json
[2024-04-09T16:21:26.221+0000] {logging_mixin.py:188} INFO - Uploaded /opt/***/dags/data/sjres/BILLSTATUS-118sjres32.json to gs://congress_data/bills/sjres/BILLSTATUS-118sjres32.json
[2024-04-09T16:21:26.648+0000] {logging_mixin.py:188} INFO - Uploaded /opt/***/dags/data/sjres/BILLSTATUS-118sjres44.json to gs://congress_data/bills/sjres/BILLSTATUS-118sjres44.json
[2024-04-09T16:21:26.867+0000] {logging_mixin.py:188} INFO - Uploaded /opt/***/dags/data/sjres/BILLSTATUS-118sjres38.json to gs://congress_data/bills/sjres/BILLSTATUS-118sjres38.json
[2024-04-09T16:21:27.317+0000] {logging_mixin.py:188} INFO - Uploaded /opt/***/dags/data/sjres/BILLSTATUS-118sjres43.json to gs://congress_data/bills/sjres/BILLSTATUS-118sjres43.json
[2024-04-09T16:21:27.753+0000] {logging_mixin.py:188} INFO - Uploaded /opt/***/dags/data/sjres/BILLSTATUS-118sjres4.json to gs://congress_data/bills/sjres/BILLSTATUS-118sjres4.json
[2024-04-09T16:21:28.168+0000] {logging_mixin.py:188} INFO - Uploaded /opt/***/dags/data/sjres/BILLSTATUS-118sjres18.json to gs://congress_data/bills/sjres/BILLSTATUS-118sjres18.json
[2024-04-09T16:21:28.606+0000] {logging_mixin.py:188} INFO - Uploaded /opt/***/dags/data/sjres/BILLSTATUS-118sjres9.json to gs://congress_data/bills/sjres/BILLSTATUS-118sjres9.json
[2024-04-09T16:21:29.072+0000] {logging_mixin.py:188} INFO - Uploaded /opt/***/dags/data/sjres/BILLSTATUS-118sjres62.json to gs://congress_data/bills/sjres/BILLSTATUS-118sjres62.json
[2024-04-09T16:21:29.503+0000] {logging_mixin.py:188} INFO - Uploaded /opt/***/dags/data/sjres/BILLSTATUS-118sjres23.json to gs://congress_data/bills/sjres/BILLSTATUS-118sjres23.json
[2024-04-09T16:21:29.894+0000] {logging_mixin.py:188} INFO - Uploaded /opt/***/dags/data/sjres/BILLSTATUS-118sjres42.json to gs://congress_data/bills/sjres/BILLSTATUS-118sjres42.json
[2024-04-09T16:21:30.318+0000] {logging_mixin.py:188} INFO - Uploaded /opt/***/dags/data/sjres/BILLSTATUS-118sjres60.json to gs://congress_data/bills/sjres/BILLSTATUS-118sjres60.json
[2024-04-09T16:21:30.714+0000] {logging_mixin.py:188} INFO - Uploaded /opt/***/dags/data/sjres/BILLSTATUS-118sjres51.json to gs://congress_data/bills/sjres/BILLSTATUS-118sjres51.json
[2024-04-09T16:21:31.119+0000] {logging_mixin.py:188} INFO - Uploaded /opt/***/dags/data/sjres/BILLSTATUS-118sjres10.json to gs://congress_data/bills/sjres/BILLSTATUS-118sjres10.json
[2024-04-09T16:21:31.526+0000] {logging_mixin.py:188} INFO - Uploaded /opt/***/dags/data/sjres/BILLSTATUS-118sjres11.json to gs://congress_data/bills/sjres/BILLSTATUS-118sjres11.json
[2024-04-09T16:21:31.527+0000] {python.py:202} INFO - Done. Returned value was: None
[2024-04-09T16:21:31.539+0000] {taskinstance.py:1149} INFO - Marking task as SUCCESS. dag_id=upload_congress_data, task_id=upload_bills_to_gcs, execution_date=20240409T161743, start_date=20240409T161947, end_date=20240409T162131
[2024-04-09T16:21:31.572+0000] {local_task_job_runner.py:234} INFO - Task exited with return code 0
[2024-04-09T16:21:31.594+0000] {taskinstance.py:3312} INFO - 1 downstream tasks scheduled from follow-on schedule check
