[2024-05-11T00:31:16.123+0000] {processor.py:161} INFO - Started process (PID=4897) to work on /opt/airflow/dags/scripts/python/get_data.py
[2024-05-11T00:31:16.125+0000] {processor.py:830} INFO - Processing file /opt/airflow/dags/scripts/python/get_data.py for tasks to queue
[2024-05-11T00:31:16.130+0000] {logging_mixin.py:188} INFO - [2024-05-11T00:31:16.129+0000] {dagbag.py:540} INFO - Filling up the DagBag from /opt/airflow/dags/scripts/python/get_data.py
[2024-05-11T00:31:16.177+0000] {processor.py:842} WARNING - No viable dags retrieved from /opt/airflow/dags/scripts/python/get_data.py
[2024-05-11T00:31:16.218+0000] {processor.py:183} INFO - Processing /opt/airflow/dags/scripts/python/get_data.py took 0.102 seconds
[2024-05-11T01:47:28.288+0000] {processor.py:161} INFO - Started process (PID=4905) to work on /opt/airflow/dags/scripts/python/get_data.py
[2024-05-11T01:47:28.290+0000] {processor.py:830} INFO - Processing file /opt/airflow/dags/scripts/python/get_data.py for tasks to queue
[2024-05-11T01:47:28.304+0000] {logging_mixin.py:188} INFO - [2024-05-11T01:47:28.303+0000] {dagbag.py:540} INFO - Filling up the DagBag from /opt/airflow/dags/scripts/python/get_data.py
[2024-05-11T01:47:28.376+0000] {processor.py:842} WARNING - No viable dags retrieved from /opt/airflow/dags/scripts/python/get_data.py
[2024-05-11T01:47:28.445+0000] {processor.py:183} INFO - Processing /opt/airflow/dags/scripts/python/get_data.py took 0.167 seconds
[2024-05-11T02:36:25.455+0000] {processor.py:161} INFO - Started process (PID=4913) to work on /opt/airflow/dags/scripts/python/get_data.py
[2024-05-11T02:36:25.456+0000] {processor.py:830} INFO - Processing file /opt/airflow/dags/scripts/python/get_data.py for tasks to queue
[2024-05-11T02:36:25.458+0000] {logging_mixin.py:188} INFO - [2024-05-11T02:36:25.458+0000] {dagbag.py:540} INFO - Filling up the DagBag from /opt/airflow/dags/scripts/python/get_data.py
[2024-05-11T02:36:25.494+0000] {processor.py:842} WARNING - No viable dags retrieved from /opt/airflow/dags/scripts/python/get_data.py
[2024-05-11T02:36:25.510+0000] {processor.py:183} INFO - Processing /opt/airflow/dags/scripts/python/get_data.py took 0.059 seconds
[2024-05-11T03:38:42.312+0000] {processor.py:161} INFO - Started process (PID=4921) to work on /opt/airflow/dags/scripts/python/get_data.py
[2024-05-11T03:38:42.314+0000] {processor.py:830} INFO - Processing file /opt/airflow/dags/scripts/python/get_data.py for tasks to queue
[2024-05-11T03:38:42.316+0000] {logging_mixin.py:188} INFO - [2024-05-11T03:38:42.316+0000] {dagbag.py:540} INFO - Filling up the DagBag from /opt/airflow/dags/scripts/python/get_data.py
[2024-05-11T03:38:42.360+0000] {processor.py:842} WARNING - No viable dags retrieved from /opt/airflow/dags/scripts/python/get_data.py
[2024-05-11T03:38:42.412+0000] {processor.py:183} INFO - Processing /opt/airflow/dags/scripts/python/get_data.py took 0.103 seconds
[2024-05-11T04:50:31.787+0000] {processor.py:161} INFO - Started process (PID=4929) to work on /opt/airflow/dags/scripts/python/get_data.py
[2024-05-11T04:50:31.789+0000] {processor.py:830} INFO - Processing file /opt/airflow/dags/scripts/python/get_data.py for tasks to queue
[2024-05-11T04:50:31.795+0000] {logging_mixin.py:188} INFO - [2024-05-11T04:50:31.794+0000] {dagbag.py:540} INFO - Filling up the DagBag from /opt/airflow/dags/scripts/python/get_data.py
[2024-05-11T04:50:31.856+0000] {processor.py:842} WARNING - No viable dags retrieved from /opt/airflow/dags/scripts/python/get_data.py
[2024-05-11T04:50:31.901+0000] {processor.py:183} INFO - Processing /opt/airflow/dags/scripts/python/get_data.py took 0.118 seconds
[2024-05-11T05:51:32.488+0000] {processor.py:161} INFO - Started process (PID=4937) to work on /opt/airflow/dags/scripts/python/get_data.py
[2024-05-11T05:51:32.489+0000] {processor.py:830} INFO - Processing file /opt/airflow/dags/scripts/python/get_data.py for tasks to queue
[2024-05-11T05:51:32.490+0000] {logging_mixin.py:188} INFO - [2024-05-11T05:51:32.490+0000] {dagbag.py:540} INFO - Filling up the DagBag from /opt/airflow/dags/scripts/python/get_data.py
[2024-05-11T05:51:32.522+0000] {processor.py:842} WARNING - No viable dags retrieved from /opt/airflow/dags/scripts/python/get_data.py
[2024-05-11T05:51:32.536+0000] {processor.py:183} INFO - Processing /opt/airflow/dags/scripts/python/get_data.py took 0.051 seconds
[2024-05-11T07:13:12.817+0000] {processor.py:161} INFO - Started process (PID=4945) to work on /opt/airflow/dags/scripts/python/get_data.py
[2024-05-11T07:13:12.819+0000] {processor.py:830} INFO - Processing file /opt/airflow/dags/scripts/python/get_data.py for tasks to queue
[2024-05-11T07:13:12.823+0000] {logging_mixin.py:188} INFO - [2024-05-11T07:13:12.822+0000] {dagbag.py:540} INFO - Filling up the DagBag from /opt/airflow/dags/scripts/python/get_data.py
[2024-05-11T07:13:12.888+0000] {processor.py:842} WARNING - No viable dags retrieved from /opt/airflow/dags/scripts/python/get_data.py
[2024-05-11T07:13:12.932+0000] {processor.py:183} INFO - Processing /opt/airflow/dags/scripts/python/get_data.py took 0.123 seconds
[2024-05-11T08:44:14.546+0000] {processor.py:161} INFO - Started process (PID=4953) to work on /opt/airflow/dags/scripts/python/get_data.py
[2024-05-11T08:44:14.548+0000] {processor.py:830} INFO - Processing file /opt/airflow/dags/scripts/python/get_data.py for tasks to queue
[2024-05-11T08:44:14.554+0000] {logging_mixin.py:188} INFO - [2024-05-11T08:44:14.553+0000] {dagbag.py:540} INFO - Filling up the DagBag from /opt/airflow/dags/scripts/python/get_data.py
[2024-05-11T08:44:14.581+0000] {processor.py:842} WARNING - No viable dags retrieved from /opt/airflow/dags/scripts/python/get_data.py
[2024-05-11T08:44:14.609+0000] {processor.py:183} INFO - Processing /opt/airflow/dags/scripts/python/get_data.py took 0.073 seconds
[2024-05-11T09:34:33.237+0000] {processor.py:161} INFO - Started process (PID=4961) to work on /opt/airflow/dags/scripts/python/get_data.py
[2024-05-11T09:34:33.240+0000] {processor.py:830} INFO - Processing file /opt/airflow/dags/scripts/python/get_data.py for tasks to queue
[2024-05-11T09:34:33.243+0000] {logging_mixin.py:188} INFO - [2024-05-11T09:34:33.243+0000] {dagbag.py:540} INFO - Filling up the DagBag from /opt/airflow/dags/scripts/python/get_data.py
[2024-05-11T09:34:33.288+0000] {processor.py:842} WARNING - No viable dags retrieved from /opt/airflow/dags/scripts/python/get_data.py
[2024-05-11T09:34:33.299+0000] {processor.py:183} INFO - Processing /opt/airflow/dags/scripts/python/get_data.py took 0.065 seconds
[2024-05-11T11:11:32.282+0000] {processor.py:161} INFO - Started process (PID=4969) to work on /opt/airflow/dags/scripts/python/get_data.py
[2024-05-11T11:11:32.284+0000] {processor.py:830} INFO - Processing file /opt/airflow/dags/scripts/python/get_data.py for tasks to queue
[2024-05-11T11:11:32.290+0000] {logging_mixin.py:188} INFO - [2024-05-11T11:11:32.289+0000] {dagbag.py:540} INFO - Filling up the DagBag from /opt/airflow/dags/scripts/python/get_data.py
[2024-05-11T11:11:32.347+0000] {processor.py:842} WARNING - No viable dags retrieved from /opt/airflow/dags/scripts/python/get_data.py
[2024-05-11T11:11:32.386+0000] {processor.py:183} INFO - Processing /opt/airflow/dags/scripts/python/get_data.py took 0.110 seconds
[2024-05-11T12:47:12.302+0000] {processor.py:161} INFO - Started process (PID=4977) to work on /opt/airflow/dags/scripts/python/get_data.py
[2024-05-11T12:47:12.303+0000] {processor.py:830} INFO - Processing file /opt/airflow/dags/scripts/python/get_data.py for tasks to queue
[2024-05-11T12:47:12.306+0000] {logging_mixin.py:188} INFO - [2024-05-11T12:47:12.306+0000] {dagbag.py:540} INFO - Filling up the DagBag from /opt/airflow/dags/scripts/python/get_data.py
[2024-05-11T12:47:12.348+0000] {processor.py:842} WARNING - No viable dags retrieved from /opt/airflow/dags/scripts/python/get_data.py
[2024-05-11T12:47:12.364+0000] {processor.py:183} INFO - Processing /opt/airflow/dags/scripts/python/get_data.py took 0.068 seconds
[2024-05-11T13:53:37.503+0000] {processor.py:161} INFO - Started process (PID=4985) to work on /opt/airflow/dags/scripts/python/get_data.py
[2024-05-11T13:53:37.505+0000] {processor.py:830} INFO - Processing file /opt/airflow/dags/scripts/python/get_data.py for tasks to queue
[2024-05-11T13:53:37.510+0000] {logging_mixin.py:188} INFO - [2024-05-11T13:53:37.509+0000] {dagbag.py:540} INFO - Filling up the DagBag from /opt/airflow/dags/scripts/python/get_data.py
[2024-05-11T13:53:37.593+0000] {processor.py:842} WARNING - No viable dags retrieved from /opt/airflow/dags/scripts/python/get_data.py
[2024-05-11T13:53:37.648+0000] {processor.py:183} INFO - Processing /opt/airflow/dags/scripts/python/get_data.py took 0.167 seconds
[2024-05-11T14:02:35.805+0000] {processor.py:161} INFO - Started process (PID=4993) to work on /opt/airflow/dags/scripts/python/get_data.py
[2024-05-11T14:02:35.806+0000] {processor.py:830} INFO - Processing file /opt/airflow/dags/scripts/python/get_data.py for tasks to queue
[2024-05-11T14:02:35.808+0000] {logging_mixin.py:188} INFO - [2024-05-11T14:02:35.808+0000] {dagbag.py:540} INFO - Filling up the DagBag from /opt/airflow/dags/scripts/python/get_data.py
[2024-05-11T14:02:35.837+0000] {processor.py:842} WARNING - No viable dags retrieved from /opt/airflow/dags/scripts/python/get_data.py
[2024-05-11T14:02:35.849+0000] {processor.py:183} INFO - Processing /opt/airflow/dags/scripts/python/get_data.py took 0.047 seconds
[2024-05-11T14:50:26.288+0000] {processor.py:161} INFO - Started process (PID=5001) to work on /opt/airflow/dags/scripts/python/get_data.py
[2024-05-11T14:50:26.289+0000] {processor.py:830} INFO - Processing file /opt/airflow/dags/scripts/python/get_data.py for tasks to queue
[2024-05-11T14:50:26.291+0000] {logging_mixin.py:188} INFO - [2024-05-11T14:50:26.290+0000] {dagbag.py:540} INFO - Filling up the DagBag from /opt/airflow/dags/scripts/python/get_data.py
[2024-05-11T14:50:26.318+0000] {processor.py:842} WARNING - No viable dags retrieved from /opt/airflow/dags/scripts/python/get_data.py
[2024-05-11T14:50:26.329+0000] {processor.py:183} INFO - Processing /opt/airflow/dags/scripts/python/get_data.py took 0.044 seconds
[2024-05-11T16:00:08.370+0000] {processor.py:161} INFO - Started process (PID=5009) to work on /opt/airflow/dags/scripts/python/get_data.py
[2024-05-11T16:00:08.371+0000] {processor.py:830} INFO - Processing file /opt/airflow/dags/scripts/python/get_data.py for tasks to queue
[2024-05-11T16:00:08.372+0000] {logging_mixin.py:188} INFO - [2024-05-11T16:00:08.372+0000] {dagbag.py:540} INFO - Filling up the DagBag from /opt/airflow/dags/scripts/python/get_data.py
[2024-05-11T16:00:08.397+0000] {processor.py:842} WARNING - No viable dags retrieved from /opt/airflow/dags/scripts/python/get_data.py
[2024-05-11T16:00:08.411+0000] {processor.py:183} INFO - Processing /opt/airflow/dags/scripts/python/get_data.py took 0.044 seconds
[2024-05-11T16:57:14.135+0000] {processor.py:161} INFO - Started process (PID=5017) to work on /opt/airflow/dags/scripts/python/get_data.py
[2024-05-11T16:57:14.136+0000] {processor.py:830} INFO - Processing file /opt/airflow/dags/scripts/python/get_data.py for tasks to queue
[2024-05-11T16:57:14.139+0000] {logging_mixin.py:188} INFO - [2024-05-11T16:57:14.139+0000] {dagbag.py:540} INFO - Filling up the DagBag from /opt/airflow/dags/scripts/python/get_data.py
[2024-05-11T16:57:14.172+0000] {processor.py:842} WARNING - No viable dags retrieved from /opt/airflow/dags/scripts/python/get_data.py
[2024-05-11T16:57:14.185+0000] {processor.py:183} INFO - Processing /opt/airflow/dags/scripts/python/get_data.py took 0.056 seconds
[2024-05-11T17:31:37.113+0000] {processor.py:161} INFO - Started process (PID=5025) to work on /opt/airflow/dags/scripts/python/get_data.py
[2024-05-11T17:31:37.116+0000] {processor.py:830} INFO - Processing file /opt/airflow/dags/scripts/python/get_data.py for tasks to queue
[2024-05-11T17:31:37.127+0000] {logging_mixin.py:188} INFO - [2024-05-11T17:31:37.125+0000] {dagbag.py:540} INFO - Filling up the DagBag from /opt/airflow/dags/scripts/python/get_data.py
[2024-05-11T17:31:37.182+0000] {processor.py:842} WARNING - No viable dags retrieved from /opt/airflow/dags/scripts/python/get_data.py
[2024-05-11T17:31:37.239+0000] {processor.py:183} INFO - Processing /opt/airflow/dags/scripts/python/get_data.py took 0.133 seconds
[2024-05-11T18:29:16.167+0000] {processor.py:161} INFO - Started process (PID=5033) to work on /opt/airflow/dags/scripts/python/get_data.py
[2024-05-11T18:29:16.168+0000] {processor.py:830} INFO - Processing file /opt/airflow/dags/scripts/python/get_data.py for tasks to queue
[2024-05-11T18:29:16.169+0000] {logging_mixin.py:188} INFO - [2024-05-11T18:29:16.169+0000] {dagbag.py:540} INFO - Filling up the DagBag from /opt/airflow/dags/scripts/python/get_data.py
[2024-05-11T18:29:16.194+0000] {processor.py:842} WARNING - No viable dags retrieved from /opt/airflow/dags/scripts/python/get_data.py
[2024-05-11T18:29:16.204+0000] {processor.py:183} INFO - Processing /opt/airflow/dags/scripts/python/get_data.py took 0.040 seconds
[2024-05-11T19:42:48.829+0000] {processor.py:161} INFO - Started process (PID=5041) to work on /opt/airflow/dags/scripts/python/get_data.py
[2024-05-11T19:42:48.829+0000] {processor.py:830} INFO - Processing file /opt/airflow/dags/scripts/python/get_data.py for tasks to queue
[2024-05-11T19:42:48.831+0000] {logging_mixin.py:188} INFO - [2024-05-11T19:42:48.831+0000] {dagbag.py:540} INFO - Filling up the DagBag from /opt/airflow/dags/scripts/python/get_data.py
[2024-05-11T19:42:48.856+0000] {processor.py:842} WARNING - No viable dags retrieved from /opt/airflow/dags/scripts/python/get_data.py
[2024-05-11T19:42:48.866+0000] {processor.py:183} INFO - Processing /opt/airflow/dags/scripts/python/get_data.py took 0.040 seconds
[2024-05-11T20:25:45.244+0000] {processor.py:161} INFO - Started process (PID=5049) to work on /opt/airflow/dags/scripts/python/get_data.py
[2024-05-11T20:25:45.245+0000] {processor.py:830} INFO - Processing file /opt/airflow/dags/scripts/python/get_data.py for tasks to queue
[2024-05-11T20:25:45.248+0000] {logging_mixin.py:188} INFO - [2024-05-11T20:25:45.247+0000] {dagbag.py:540} INFO - Filling up the DagBag from /opt/airflow/dags/scripts/python/get_data.py
[2024-05-11T20:25:45.385+0000] {processor.py:842} WARNING - No viable dags retrieved from /opt/airflow/dags/scripts/python/get_data.py
[2024-05-11T20:25:45.411+0000] {processor.py:183} INFO - Processing /opt/airflow/dags/scripts/python/get_data.py took 0.172 seconds
[2024-05-11T21:32:05.270+0000] {processor.py:161} INFO - Started process (PID=5057) to work on /opt/airflow/dags/scripts/python/get_data.py
[2024-05-11T21:32:05.271+0000] {processor.py:830} INFO - Processing file /opt/airflow/dags/scripts/python/get_data.py for tasks to queue
[2024-05-11T21:32:05.274+0000] {logging_mixin.py:188} INFO - [2024-05-11T21:32:05.273+0000] {dagbag.py:540} INFO - Filling up the DagBag from /opt/airflow/dags/scripts/python/get_data.py
[2024-05-11T21:32:05.319+0000] {processor.py:842} WARNING - No viable dags retrieved from /opt/airflow/dags/scripts/python/get_data.py
[2024-05-11T21:32:05.335+0000] {processor.py:183} INFO - Processing /opt/airflow/dags/scripts/python/get_data.py took 0.068 seconds
[2024-05-11T22:00:39.550+0000] {processor.py:161} INFO - Started process (PID=5065) to work on /opt/airflow/dags/scripts/python/get_data.py
[2024-05-11T22:00:39.556+0000] {processor.py:830} INFO - Processing file /opt/airflow/dags/scripts/python/get_data.py for tasks to queue
[2024-05-11T22:00:39.563+0000] {logging_mixin.py:188} INFO - [2024-05-11T22:00:39.563+0000] {dagbag.py:540} INFO - Filling up the DagBag from /opt/airflow/dags/scripts/python/get_data.py
[2024-05-11T22:00:39.706+0000] {processor.py:842} WARNING - No viable dags retrieved from /opt/airflow/dags/scripts/python/get_data.py
[2024-05-11T22:00:39.902+0000] {processor.py:183} INFO - Processing /opt/airflow/dags/scripts/python/get_data.py took 0.410 seconds
[2024-05-11T23:02:24.852+0000] {processor.py:161} INFO - Started process (PID=5073) to work on /opt/airflow/dags/scripts/python/get_data.py
[2024-05-11T23:02:24.853+0000] {processor.py:830} INFO - Processing file /opt/airflow/dags/scripts/python/get_data.py for tasks to queue
[2024-05-11T23:02:24.854+0000] {logging_mixin.py:188} INFO - [2024-05-11T23:02:24.854+0000] {dagbag.py:540} INFO - Filling up the DagBag from /opt/airflow/dags/scripts/python/get_data.py
[2024-05-11T23:02:24.880+0000] {processor.py:842} WARNING - No viable dags retrieved from /opt/airflow/dags/scripts/python/get_data.py
[2024-05-11T23:02:24.892+0000] {processor.py:183} INFO - Processing /opt/airflow/dags/scripts/python/get_data.py took 0.043 seconds
