[2024-06-23T00:26:11.884+0000] {processor.py:161} INFO - Started process (PID=4797) to work on /opt/airflow/dags/scripts/python/get_data.py
[2024-06-23T00:26:11.889+0000] {processor.py:830} INFO - Processing file /opt/airflow/dags/scripts/python/get_data.py for tasks to queue
[2024-06-23T00:26:11.898+0000] {logging_mixin.py:188} INFO - [2024-06-23T00:26:11.897+0000] {dagbag.py:540} INFO - Filling up the DagBag from /opt/airflow/dags/scripts/python/get_data.py
[2024-06-23T00:26:11.967+0000] {processor.py:842} WARNING - No viable dags retrieved from /opt/airflow/dags/scripts/python/get_data.py
[2024-06-23T00:26:12.005+0000] {processor.py:183} INFO - Processing /opt/airflow/dags/scripts/python/get_data.py took 0.135 seconds
[2024-06-23T01:43:40.493+0000] {processor.py:161} INFO - Started process (PID=4805) to work on /opt/airflow/dags/scripts/python/get_data.py
[2024-06-23T01:43:40.494+0000] {processor.py:830} INFO - Processing file /opt/airflow/dags/scripts/python/get_data.py for tasks to queue
[2024-06-23T01:43:40.498+0000] {logging_mixin.py:188} INFO - [2024-06-23T01:43:40.497+0000] {dagbag.py:540} INFO - Filling up the DagBag from /opt/airflow/dags/scripts/python/get_data.py
[2024-06-23T01:43:40.548+0000] {processor.py:842} WARNING - No viable dags retrieved from /opt/airflow/dags/scripts/python/get_data.py
[2024-06-23T01:43:40.575+0000] {processor.py:183} INFO - Processing /opt/airflow/dags/scripts/python/get_data.py took 0.088 seconds
[2024-06-23T03:29:06.697+0000] {processor.py:161} INFO - Started process (PID=4813) to work on /opt/airflow/dags/scripts/python/get_data.py
[2024-06-23T03:29:06.698+0000] {processor.py:830} INFO - Processing file /opt/airflow/dags/scripts/python/get_data.py for tasks to queue
[2024-06-23T03:29:06.700+0000] {logging_mixin.py:188} INFO - [2024-06-23T03:29:06.699+0000] {dagbag.py:540} INFO - Filling up the DagBag from /opt/airflow/dags/scripts/python/get_data.py
[2024-06-23T03:29:06.724+0000] {processor.py:842} WARNING - No viable dags retrieved from /opt/airflow/dags/scripts/python/get_data.py
[2024-06-23T03:29:06.736+0000] {processor.py:183} INFO - Processing /opt/airflow/dags/scripts/python/get_data.py took 0.042 seconds
[2024-06-23T04:30:12.338+0000] {processor.py:161} INFO - Started process (PID=4821) to work on /opt/airflow/dags/scripts/python/get_data.py
[2024-06-23T04:30:12.340+0000] {processor.py:830} INFO - Processing file /opt/airflow/dags/scripts/python/get_data.py for tasks to queue
[2024-06-23T04:30:12.342+0000] {logging_mixin.py:188} INFO - [2024-06-23T04:30:12.342+0000] {dagbag.py:540} INFO - Filling up the DagBag from /opt/airflow/dags/scripts/python/get_data.py
[2024-06-23T04:30:12.365+0000] {processor.py:842} WARNING - No viable dags retrieved from /opt/airflow/dags/scripts/python/get_data.py
[2024-06-23T04:30:12.375+0000] {processor.py:183} INFO - Processing /opt/airflow/dags/scripts/python/get_data.py took 0.040 seconds
[2024-06-23T05:51:10.397+0000] {processor.py:161} INFO - Started process (PID=4829) to work on /opt/airflow/dags/scripts/python/get_data.py
[2024-06-23T05:51:10.399+0000] {processor.py:830} INFO - Processing file /opt/airflow/dags/scripts/python/get_data.py for tasks to queue
[2024-06-23T05:51:10.401+0000] {logging_mixin.py:188} INFO - [2024-06-23T05:51:10.400+0000] {dagbag.py:540} INFO - Filling up the DagBag from /opt/airflow/dags/scripts/python/get_data.py
[2024-06-23T05:51:10.423+0000] {processor.py:842} WARNING - No viable dags retrieved from /opt/airflow/dags/scripts/python/get_data.py
[2024-06-23T05:51:10.433+0000] {processor.py:183} INFO - Processing /opt/airflow/dags/scripts/python/get_data.py took 0.039 seconds
[2024-06-23T06:16:20.584+0000] {processor.py:161} INFO - Started process (PID=4837) to work on /opt/airflow/dags/scripts/python/get_data.py
[2024-06-23T06:16:20.586+0000] {processor.py:830} INFO - Processing file /opt/airflow/dags/scripts/python/get_data.py for tasks to queue
[2024-06-23T06:16:20.589+0000] {logging_mixin.py:188} INFO - [2024-06-23T06:16:20.589+0000] {dagbag.py:540} INFO - Filling up the DagBag from /opt/airflow/dags/scripts/python/get_data.py
[2024-06-23T06:16:20.638+0000] {processor.py:842} WARNING - No viable dags retrieved from /opt/airflow/dags/scripts/python/get_data.py
[2024-06-23T06:16:20.675+0000] {processor.py:183} INFO - Processing /opt/airflow/dags/scripts/python/get_data.py took 0.095 seconds
[2024-06-23T07:54:57.054+0000] {processor.py:161} INFO - Started process (PID=4845) to work on /opt/airflow/dags/scripts/python/get_data.py
[2024-06-23T07:54:57.056+0000] {processor.py:830} INFO - Processing file /opt/airflow/dags/scripts/python/get_data.py for tasks to queue
[2024-06-23T07:54:57.063+0000] {logging_mixin.py:188} INFO - [2024-06-23T07:54:57.062+0000] {dagbag.py:540} INFO - Filling up the DagBag from /opt/airflow/dags/scripts/python/get_data.py
[2024-06-23T07:54:57.124+0000] {processor.py:842} WARNING - No viable dags retrieved from /opt/airflow/dags/scripts/python/get_data.py
[2024-06-23T07:54:57.160+0000] {processor.py:183} INFO - Processing /opt/airflow/dags/scripts/python/get_data.py took 0.121 seconds
[2024-06-23T09:15:36.583+0000] {processor.py:161} INFO - Started process (PID=4853) to work on /opt/airflow/dags/scripts/python/get_data.py
[2024-06-23T09:15:36.586+0000] {processor.py:830} INFO - Processing file /opt/airflow/dags/scripts/python/get_data.py for tasks to queue
[2024-06-23T09:15:36.596+0000] {logging_mixin.py:188} INFO - [2024-06-23T09:15:36.595+0000] {dagbag.py:540} INFO - Filling up the DagBag from /opt/airflow/dags/scripts/python/get_data.py
[2024-06-23T09:15:36.660+0000] {processor.py:842} WARNING - No viable dags retrieved from /opt/airflow/dags/scripts/python/get_data.py
[2024-06-23T09:15:36.695+0000] {processor.py:183} INFO - Processing /opt/airflow/dags/scripts/python/get_data.py took 0.119 seconds
[2024-06-23T10:54:36.343+0000] {processor.py:161} INFO - Started process (PID=4861) to work on /opt/airflow/dags/scripts/python/get_data.py
[2024-06-23T10:54:36.346+0000] {processor.py:830} INFO - Processing file /opt/airflow/dags/scripts/python/get_data.py for tasks to queue
[2024-06-23T10:54:36.349+0000] {logging_mixin.py:188} INFO - [2024-06-23T10:54:36.349+0000] {dagbag.py:540} INFO - Filling up the DagBag from /opt/airflow/dags/scripts/python/get_data.py
[2024-06-23T10:54:36.389+0000] {processor.py:842} WARNING - No viable dags retrieved from /opt/airflow/dags/scripts/python/get_data.py
[2024-06-23T10:54:36.417+0000] {processor.py:183} INFO - Processing /opt/airflow/dags/scripts/python/get_data.py took 0.079 seconds
[2024-06-23T12:21:00.116+0000] {processor.py:161} INFO - Started process (PID=4869) to work on /opt/airflow/dags/scripts/python/get_data.py
[2024-06-23T12:21:00.118+0000] {processor.py:830} INFO - Processing file /opt/airflow/dags/scripts/python/get_data.py for tasks to queue
[2024-06-23T12:21:00.124+0000] {logging_mixin.py:188} INFO - [2024-06-23T12:21:00.124+0000] {dagbag.py:540} INFO - Filling up the DagBag from /opt/airflow/dags/scripts/python/get_data.py
[2024-06-23T12:21:00.169+0000] {processor.py:842} WARNING - No viable dags retrieved from /opt/airflow/dags/scripts/python/get_data.py
[2024-06-23T12:21:00.235+0000] {processor.py:183} INFO - Processing /opt/airflow/dags/scripts/python/get_data.py took 0.126 seconds
[2024-06-23T13:30:22.114+0000] {processor.py:161} INFO - Started process (PID=4877) to work on /opt/airflow/dags/scripts/python/get_data.py
[2024-06-23T13:30:22.115+0000] {processor.py:830} INFO - Processing file /opt/airflow/dags/scripts/python/get_data.py for tasks to queue
[2024-06-23T13:30:22.116+0000] {logging_mixin.py:188} INFO - [2024-06-23T13:30:22.116+0000] {dagbag.py:540} INFO - Filling up the DagBag from /opt/airflow/dags/scripts/python/get_data.py
[2024-06-23T13:30:22.144+0000] {processor.py:842} WARNING - No viable dags retrieved from /opt/airflow/dags/scripts/python/get_data.py
[2024-06-23T13:30:22.160+0000] {processor.py:183} INFO - Processing /opt/airflow/dags/scripts/python/get_data.py took 0.049 seconds
[2024-06-23T14:21:07.498+0000] {processor.py:161} INFO - Started process (PID=4885) to work on /opt/airflow/dags/scripts/python/get_data.py
[2024-06-23T14:21:07.499+0000] {processor.py:830} INFO - Processing file /opt/airflow/dags/scripts/python/get_data.py for tasks to queue
[2024-06-23T14:21:07.502+0000] {logging_mixin.py:188} INFO - [2024-06-23T14:21:07.502+0000] {dagbag.py:540} INFO - Filling up the DagBag from /opt/airflow/dags/scripts/python/get_data.py
[2024-06-23T14:21:07.527+0000] {processor.py:842} WARNING - No viable dags retrieved from /opt/airflow/dags/scripts/python/get_data.py
[2024-06-23T14:21:07.544+0000] {processor.py:183} INFO - Processing /opt/airflow/dags/scripts/python/get_data.py took 0.057 seconds
[2024-06-23T15:57:38.772+0000] {processor.py:161} INFO - Started process (PID=4893) to work on /opt/airflow/dags/scripts/python/get_data.py
[2024-06-23T15:57:38.772+0000] {processor.py:830} INFO - Processing file /opt/airflow/dags/scripts/python/get_data.py for tasks to queue
[2024-06-23T15:57:38.774+0000] {logging_mixin.py:188} INFO - [2024-06-23T15:57:38.774+0000] {dagbag.py:540} INFO - Filling up the DagBag from /opt/airflow/dags/scripts/python/get_data.py
[2024-06-23T15:57:38.811+0000] {processor.py:842} WARNING - No viable dags retrieved from /opt/airflow/dags/scripts/python/get_data.py
[2024-06-23T15:57:38.820+0000] {processor.py:183} INFO - Processing /opt/airflow/dags/scripts/python/get_data.py took 0.052 seconds
[2024-06-23T16:38:32.234+0000] {processor.py:161} INFO - Started process (PID=4901) to work on /opt/airflow/dags/scripts/python/get_data.py
[2024-06-23T16:38:32.235+0000] {processor.py:830} INFO - Processing file /opt/airflow/dags/scripts/python/get_data.py for tasks to queue
[2024-06-23T16:38:32.236+0000] {logging_mixin.py:188} INFO - [2024-06-23T16:38:32.236+0000] {dagbag.py:540} INFO - Filling up the DagBag from /opt/airflow/dags/scripts/python/get_data.py
[2024-06-23T16:38:32.258+0000] {processor.py:842} WARNING - No viable dags retrieved from /opt/airflow/dags/scripts/python/get_data.py
[2024-06-23T16:38:32.268+0000] {processor.py:183} INFO - Processing /opt/airflow/dags/scripts/python/get_data.py took 0.037 seconds
[2024-06-23T17:26:06.201+0000] {processor.py:161} INFO - Started process (PID=4909) to work on /opt/airflow/dags/scripts/python/get_data.py
[2024-06-23T17:26:06.205+0000] {processor.py:830} INFO - Processing file /opt/airflow/dags/scripts/python/get_data.py for tasks to queue
[2024-06-23T17:26:06.214+0000] {logging_mixin.py:188} INFO - [2024-06-23T17:26:06.213+0000] {dagbag.py:540} INFO - Filling up the DagBag from /opt/airflow/dags/scripts/python/get_data.py
[2024-06-23T17:26:06.257+0000] {processor.py:842} WARNING - No viable dags retrieved from /opt/airflow/dags/scripts/python/get_data.py
[2024-06-23T17:26:06.303+0000] {processor.py:183} INFO - Processing /opt/airflow/dags/scripts/python/get_data.py took 0.110 seconds
[2024-06-23T18:18:08.543+0000] {processor.py:161} INFO - Started process (PID=4917) to work on /opt/airflow/dags/scripts/python/get_data.py
[2024-06-23T18:18:08.545+0000] {processor.py:830} INFO - Processing file /opt/airflow/dags/scripts/python/get_data.py for tasks to queue
[2024-06-23T18:18:08.551+0000] {logging_mixin.py:188} INFO - [2024-06-23T18:18:08.550+0000] {dagbag.py:540} INFO - Filling up the DagBag from /opt/airflow/dags/scripts/python/get_data.py
[2024-06-23T18:18:08.594+0000] {processor.py:842} WARNING - No viable dags retrieved from /opt/airflow/dags/scripts/python/get_data.py
[2024-06-23T18:18:08.631+0000] {processor.py:183} INFO - Processing /opt/airflow/dags/scripts/python/get_data.py took 0.094 seconds
[2024-06-23T18:55:14.964+0000] {processor.py:161} INFO - Started process (PID=4925) to work on /opt/airflow/dags/scripts/python/get_data.py
[2024-06-23T18:55:14.965+0000] {processor.py:830} INFO - Processing file /opt/airflow/dags/scripts/python/get_data.py for tasks to queue
[2024-06-23T18:55:14.966+0000] {logging_mixin.py:188} INFO - [2024-06-23T18:55:14.966+0000] {dagbag.py:540} INFO - Filling up the DagBag from /opt/airflow/dags/scripts/python/get_data.py
[2024-06-23T18:55:14.984+0000] {processor.py:842} WARNING - No viable dags retrieved from /opt/airflow/dags/scripts/python/get_data.py
[2024-06-23T18:55:14.993+0000] {processor.py:183} INFO - Processing /opt/airflow/dags/scripts/python/get_data.py took 0.031 seconds
[2024-06-23T20:00:20.412+0000] {processor.py:161} INFO - Started process (PID=4933) to work on /opt/airflow/dags/scripts/python/get_data.py
[2024-06-23T20:00:20.413+0000] {processor.py:830} INFO - Processing file /opt/airflow/dags/scripts/python/get_data.py for tasks to queue
[2024-06-23T20:00:20.417+0000] {logging_mixin.py:188} INFO - [2024-06-23T20:00:20.416+0000] {dagbag.py:540} INFO - Filling up the DagBag from /opt/airflow/dags/scripts/python/get_data.py
[2024-06-23T20:00:20.453+0000] {processor.py:842} WARNING - No viable dags retrieved from /opt/airflow/dags/scripts/python/get_data.py
[2024-06-23T20:00:20.479+0000] {processor.py:183} INFO - Processing /opt/airflow/dags/scripts/python/get_data.py took 0.073 seconds
[2024-06-23T21:28:07.390+0000] {processor.py:161} INFO - Started process (PID=4941) to work on /opt/airflow/dags/scripts/python/get_data.py
[2024-06-23T21:28:07.392+0000] {processor.py:830} INFO - Processing file /opt/airflow/dags/scripts/python/get_data.py for tasks to queue
[2024-06-23T21:28:07.398+0000] {logging_mixin.py:188} INFO - [2024-06-23T21:28:07.397+0000] {dagbag.py:540} INFO - Filling up the DagBag from /opt/airflow/dags/scripts/python/get_data.py
[2024-06-23T21:28:07.458+0000] {processor.py:842} WARNING - No viable dags retrieved from /opt/airflow/dags/scripts/python/get_data.py
[2024-06-23T21:28:07.506+0000] {processor.py:183} INFO - Processing /opt/airflow/dags/scripts/python/get_data.py took 0.120 seconds
[2024-06-23T22:19:05.344+0000] {processor.py:161} INFO - Started process (PID=4949) to work on /opt/airflow/dags/scripts/python/get_data.py
[2024-06-23T22:19:05.354+0000] {processor.py:830} INFO - Processing file /opt/airflow/dags/scripts/python/get_data.py for tasks to queue
[2024-06-23T22:19:05.363+0000] {logging_mixin.py:188} INFO - [2024-06-23T22:19:05.362+0000] {dagbag.py:540} INFO - Filling up the DagBag from /opt/airflow/dags/scripts/python/get_data.py
[2024-06-23T22:19:05.458+0000] {processor.py:842} WARNING - No viable dags retrieved from /opt/airflow/dags/scripts/python/get_data.py
[2024-06-23T22:19:05.524+0000] {processor.py:183} INFO - Processing /opt/airflow/dags/scripts/python/get_data.py took 0.184 seconds
[2024-06-23T22:45:41.434+0000] {processor.py:161} INFO - Started process (PID=4957) to work on /opt/airflow/dags/scripts/python/get_data.py
[2024-06-23T22:45:41.436+0000] {processor.py:830} INFO - Processing file /opt/airflow/dags/scripts/python/get_data.py for tasks to queue
[2024-06-23T22:45:41.441+0000] {logging_mixin.py:188} INFO - [2024-06-23T22:45:41.441+0000] {dagbag.py:540} INFO - Filling up the DagBag from /opt/airflow/dags/scripts/python/get_data.py
[2024-06-23T22:45:41.488+0000] {processor.py:842} WARNING - No viable dags retrieved from /opt/airflow/dags/scripts/python/get_data.py
[2024-06-23T22:45:41.517+0000] {processor.py:183} INFO - Processing /opt/airflow/dags/scripts/python/get_data.py took 0.091 seconds
