[2024-04-06T22:00:46.878+0000] {processor.py:161} INFO - Started process (PID=190) to work on /opt/airflow/dags/data/s/BILLSTATUS-118-s.zip
[2024-04-06T22:00:46.879+0000] {processor.py:830} INFO - Processing file /opt/airflow/dags/data/s/BILLSTATUS-118-s.zip for tasks to queue
[2024-04-06T22:00:46.882+0000] {logging_mixin.py:188} INFO - [2024-04-06T22:00:46.881+0000] {dagbag.py:540} INFO - Filling up the DagBag from /opt/airflow/dags/data/s/BILLSTATUS-118-s.zip
[2024-04-06T22:00:46.909+0000] {processor.py:842} WARNING - No viable dags retrieved from /opt/airflow/dags/data/s/BILLSTATUS-118-s.zip
[2024-04-06T22:00:46.925+0000] {processor.py:183} INFO - Processing /opt/airflow/dags/data/s/BILLSTATUS-118-s.zip took 0.051 seconds
[2024-04-06T22:01:18.383+0000] {processor.py:161} INFO - Started process (PID=214) to work on /opt/airflow/dags/data/s/BILLSTATUS-118-s.zip
[2024-04-06T22:01:18.384+0000] {processor.py:830} INFO - Processing file /opt/airflow/dags/data/s/BILLSTATUS-118-s.zip for tasks to queue
[2024-04-06T22:01:18.386+0000] {logging_mixin.py:188} INFO - [2024-04-06T22:01:18.386+0000] {dagbag.py:540} INFO - Filling up the DagBag from /opt/airflow/dags/data/s/BILLSTATUS-118-s.zip
[2024-04-06T22:01:18.413+0000] {processor.py:842} WARNING - No viable dags retrieved from /opt/airflow/dags/data/s/BILLSTATUS-118-s.zip
[2024-04-06T22:01:18.424+0000] {processor.py:183} INFO - Processing /opt/airflow/dags/data/s/BILLSTATUS-118-s.zip took 0.045 seconds
[2024-04-06T22:01:49.572+0000] {processor.py:161} INFO - Started process (PID=237) to work on /opt/airflow/dags/data/s/BILLSTATUS-118-s.zip
[2024-04-06T22:01:49.573+0000] {processor.py:830} INFO - Processing file /opt/airflow/dags/data/s/BILLSTATUS-118-s.zip for tasks to queue
[2024-04-06T22:01:49.575+0000] {logging_mixin.py:188} INFO - [2024-04-06T22:01:49.575+0000] {dagbag.py:540} INFO - Filling up the DagBag from /opt/airflow/dags/data/s/BILLSTATUS-118-s.zip
[2024-04-06T22:01:49.605+0000] {processor.py:842} WARNING - No viable dags retrieved from /opt/airflow/dags/data/s/BILLSTATUS-118-s.zip
[2024-04-06T22:01:49.617+0000] {processor.py:183} INFO - Processing /opt/airflow/dags/data/s/BILLSTATUS-118-s.zip took 0.048 seconds
[2024-04-06T22:02:19.947+0000] {processor.py:161} INFO - Started process (PID=260) to work on /opt/airflow/dags/data/s/BILLSTATUS-118-s.zip
[2024-04-06T22:02:19.948+0000] {processor.py:830} INFO - Processing file /opt/airflow/dags/data/s/BILLSTATUS-118-s.zip for tasks to queue
[2024-04-06T22:02:19.949+0000] {logging_mixin.py:188} INFO - [2024-04-06T22:02:19.949+0000] {dagbag.py:540} INFO - Filling up the DagBag from /opt/airflow/dags/data/s/BILLSTATUS-118-s.zip
[2024-04-06T22:02:19.974+0000] {processor.py:842} WARNING - No viable dags retrieved from /opt/airflow/dags/data/s/BILLSTATUS-118-s.zip
[2024-04-06T22:02:19.984+0000] {processor.py:183} INFO - Processing /opt/airflow/dags/data/s/BILLSTATUS-118-s.zip took 0.040 seconds
[2024-04-06T22:02:50.364+0000] {processor.py:161} INFO - Started process (PID=283) to work on /opt/airflow/dags/data/s/BILLSTATUS-118-s.zip
[2024-04-06T22:02:50.365+0000] {processor.py:830} INFO - Processing file /opt/airflow/dags/data/s/BILLSTATUS-118-s.zip for tasks to queue
[2024-04-06T22:02:50.367+0000] {logging_mixin.py:188} INFO - [2024-04-06T22:02:50.366+0000] {dagbag.py:540} INFO - Filling up the DagBag from /opt/airflow/dags/data/s/BILLSTATUS-118-s.zip
[2024-04-06T22:02:50.392+0000] {processor.py:842} WARNING - No viable dags retrieved from /opt/airflow/dags/data/s/BILLSTATUS-118-s.zip
[2024-04-06T22:02:50.401+0000] {processor.py:183} INFO - Processing /opt/airflow/dags/data/s/BILLSTATUS-118-s.zip took 0.040 seconds
[2024-04-06T22:03:20.800+0000] {processor.py:161} INFO - Started process (PID=305) to work on /opt/airflow/dags/data/s/BILLSTATUS-118-s.zip
[2024-04-06T22:03:20.801+0000] {processor.py:830} INFO - Processing file /opt/airflow/dags/data/s/BILLSTATUS-118-s.zip for tasks to queue
[2024-04-06T22:03:20.803+0000] {logging_mixin.py:188} INFO - [2024-04-06T22:03:20.803+0000] {dagbag.py:540} INFO - Filling up the DagBag from /opt/airflow/dags/data/s/BILLSTATUS-118-s.zip
[2024-04-06T22:03:20.833+0000] {processor.py:842} WARNING - No viable dags retrieved from /opt/airflow/dags/data/s/BILLSTATUS-118-s.zip
[2024-04-06T22:03:20.844+0000] {processor.py:183} INFO - Processing /opt/airflow/dags/data/s/BILLSTATUS-118-s.zip took 0.046 seconds
[2024-04-06T22:03:51.134+0000] {processor.py:161} INFO - Started process (PID=329) to work on /opt/airflow/dags/data/s/BILLSTATUS-118-s.zip
[2024-04-06T22:03:51.134+0000] {processor.py:830} INFO - Processing file /opt/airflow/dags/data/s/BILLSTATUS-118-s.zip for tasks to queue
[2024-04-06T22:03:51.136+0000] {logging_mixin.py:188} INFO - [2024-04-06T22:03:51.135+0000] {dagbag.py:540} INFO - Filling up the DagBag from /opt/airflow/dags/data/s/BILLSTATUS-118-s.zip
[2024-04-06T22:03:51.159+0000] {processor.py:842} WARNING - No viable dags retrieved from /opt/airflow/dags/data/s/BILLSTATUS-118-s.zip
[2024-04-06T22:03:51.169+0000] {processor.py:183} INFO - Processing /opt/airflow/dags/data/s/BILLSTATUS-118-s.zip took 0.038 seconds
[2024-04-06T22:04:21.714+0000] {processor.py:161} INFO - Started process (PID=351) to work on /opt/airflow/dags/data/s/BILLSTATUS-118-s.zip
[2024-04-06T22:04:21.715+0000] {processor.py:830} INFO - Processing file /opt/airflow/dags/data/s/BILLSTATUS-118-s.zip for tasks to queue
[2024-04-06T22:04:21.716+0000] {logging_mixin.py:188} INFO - [2024-04-06T22:04:21.716+0000] {dagbag.py:540} INFO - Filling up the DagBag from /opt/airflow/dags/data/s/BILLSTATUS-118-s.zip
[2024-04-06T22:04:21.925+0000] {processor.py:842} WARNING - No viable dags retrieved from /opt/airflow/dags/data/s/BILLSTATUS-118-s.zip
[2024-04-06T22:04:21.934+0000] {processor.py:183} INFO - Processing /opt/airflow/dags/data/s/BILLSTATUS-118-s.zip took 0.222 seconds
[2024-04-06T22:04:52.514+0000] {processor.py:161} INFO - Started process (PID=373) to work on /opt/airflow/dags/data/s/BILLSTATUS-118-s.zip
[2024-04-06T22:04:52.515+0000] {processor.py:830} INFO - Processing file /opt/airflow/dags/data/s/BILLSTATUS-118-s.zip for tasks to queue
[2024-04-06T22:04:52.516+0000] {logging_mixin.py:188} INFO - [2024-04-06T22:04:52.516+0000] {dagbag.py:540} INFO - Filling up the DagBag from /opt/airflow/dags/data/s/BILLSTATUS-118-s.zip
[2024-04-06T22:04:52.538+0000] {processor.py:842} WARNING - No viable dags retrieved from /opt/airflow/dags/data/s/BILLSTATUS-118-s.zip
[2024-04-06T22:04:52.547+0000] {processor.py:183} INFO - Processing /opt/airflow/dags/data/s/BILLSTATUS-118-s.zip took 0.036 seconds
[2024-04-06T22:05:23.090+0000] {processor.py:161} INFO - Started process (PID=396) to work on /opt/airflow/dags/data/s/BILLSTATUS-118-s.zip
[2024-04-06T22:05:23.091+0000] {processor.py:830} INFO - Processing file /opt/airflow/dags/data/s/BILLSTATUS-118-s.zip for tasks to queue
[2024-04-06T22:05:23.093+0000] {logging_mixin.py:188} INFO - [2024-04-06T22:05:23.093+0000] {dagbag.py:540} INFO - Filling up the DagBag from /opt/airflow/dags/data/s/BILLSTATUS-118-s.zip
[2024-04-06T22:05:23.114+0000] {processor.py:842} WARNING - No viable dags retrieved from /opt/airflow/dags/data/s/BILLSTATUS-118-s.zip
[2024-04-06T22:05:23.124+0000] {processor.py:183} INFO - Processing /opt/airflow/dags/data/s/BILLSTATUS-118-s.zip took 0.036 seconds
[2024-04-06T22:05:53.449+0000] {processor.py:161} INFO - Started process (PID=421) to work on /opt/airflow/dags/data/s/BILLSTATUS-118-s.zip
[2024-04-06T22:05:53.449+0000] {processor.py:830} INFO - Processing file /opt/airflow/dags/data/s/BILLSTATUS-118-s.zip for tasks to queue
[2024-04-06T22:05:53.451+0000] {logging_mixin.py:188} INFO - [2024-04-06T22:05:53.451+0000] {dagbag.py:540} INFO - Filling up the DagBag from /opt/airflow/dags/data/s/BILLSTATUS-118-s.zip
[2024-04-06T22:05:53.473+0000] {processor.py:842} WARNING - No viable dags retrieved from /opt/airflow/dags/data/s/BILLSTATUS-118-s.zip
[2024-04-06T22:05:53.485+0000] {processor.py:183} INFO - Processing /opt/airflow/dags/data/s/BILLSTATUS-118-s.zip took 0.039 seconds
[2024-04-06T22:06:23.933+0000] {processor.py:161} INFO - Started process (PID=444) to work on /opt/airflow/dags/data/s/BILLSTATUS-118-s.zip
[2024-04-06T22:06:23.934+0000] {processor.py:830} INFO - Processing file /opt/airflow/dags/data/s/BILLSTATUS-118-s.zip for tasks to queue
[2024-04-06T22:06:23.935+0000] {logging_mixin.py:188} INFO - [2024-04-06T22:06:23.935+0000] {dagbag.py:540} INFO - Filling up the DagBag from /opt/airflow/dags/data/s/BILLSTATUS-118-s.zip
[2024-04-06T22:06:23.959+0000] {processor.py:842} WARNING - No viable dags retrieved from /opt/airflow/dags/data/s/BILLSTATUS-118-s.zip
[2024-04-06T22:06:23.967+0000] {processor.py:183} INFO - Processing /opt/airflow/dags/data/s/BILLSTATUS-118-s.zip took 0.036 seconds
[2024-04-06T22:07:27.079+0000] {processor.py:161} INFO - Started process (PID=32) to work on /opt/airflow/dags/data/s/BILLSTATUS-118-s.zip
[2024-04-06T22:07:27.080+0000] {processor.py:830} INFO - Processing file /opt/airflow/dags/data/s/BILLSTATUS-118-s.zip for tasks to queue
[2024-04-06T22:07:27.082+0000] {logging_mixin.py:188} INFO - [2024-04-06T22:07:27.082+0000] {dagbag.py:540} INFO - Filling up the DagBag from /opt/airflow/dags/data/s/BILLSTATUS-118-s.zip
[2024-04-06T22:07:27.104+0000] {processor.py:842} WARNING - No viable dags retrieved from /opt/airflow/dags/data/s/BILLSTATUS-118-s.zip
[2024-04-06T22:07:27.114+0000] {processor.py:183} INFO - Processing /opt/airflow/dags/data/s/BILLSTATUS-118-s.zip took 0.038 seconds
[2024-04-06T22:07:58.310+0000] {processor.py:161} INFO - Started process (PID=64) to work on /opt/airflow/dags/data/s/BILLSTATUS-118-s.zip
[2024-04-06T22:07:58.310+0000] {processor.py:830} INFO - Processing file /opt/airflow/dags/data/s/BILLSTATUS-118-s.zip for tasks to queue
[2024-04-06T22:07:58.311+0000] {logging_mixin.py:188} INFO - [2024-04-06T22:07:58.311+0000] {dagbag.py:540} INFO - Filling up the DagBag from /opt/airflow/dags/data/s/BILLSTATUS-118-s.zip
[2024-04-06T22:07:58.377+0000] {processor.py:842} WARNING - No viable dags retrieved from /opt/airflow/dags/data/s/BILLSTATUS-118-s.zip
[2024-04-06T22:07:58.389+0000] {processor.py:183} INFO - Processing /opt/airflow/dags/data/s/BILLSTATUS-118-s.zip took 0.082 seconds
[2024-04-06T22:08:28.910+0000] {processor.py:161} INFO - Started process (PID=112) to work on /opt/airflow/dags/data/s/BILLSTATUS-118-s.zip
[2024-04-06T22:08:28.912+0000] {processor.py:830} INFO - Processing file /opt/airflow/dags/data/s/BILLSTATUS-118-s.zip for tasks to queue
[2024-04-06T22:08:28.914+0000] {logging_mixin.py:188} INFO - [2024-04-06T22:08:28.914+0000] {dagbag.py:540} INFO - Filling up the DagBag from /opt/airflow/dags/data/s/BILLSTATUS-118-s.zip
[2024-04-06T22:08:29.291+0000] {processor.py:842} WARNING - No viable dags retrieved from /opt/airflow/dags/data/s/BILLSTATUS-118-s.zip
[2024-04-06T22:08:29.302+0000] {processor.py:183} INFO - Processing /opt/airflow/dags/data/s/BILLSTATUS-118-s.zip took 0.395 seconds
[2024-04-06T22:08:43.068+0000] {processor.py:161} INFO - Started process (PID=129) to work on /opt/airflow/dags/data/s/BILLSTATUS-118-s.zip
[2024-04-06T22:08:43.071+0000] {processor.py:830} INFO - Processing file /opt/airflow/dags/data/s/BILLSTATUS-118-s.zip for tasks to queue
[2024-04-06T22:08:43.073+0000] {logging_mixin.py:188} INFO - [2024-04-06T22:08:43.072+0000] {dagbag.py:540} INFO - Filling up the DagBag from /opt/airflow/dags/data/s/BILLSTATUS-118-s.zip
[2024-04-06T22:08:43.082+0000] {logging_mixin.py:188} INFO - [2024-04-06T22:08:43.082+0000] {dagbag.py:329} INFO - File /opt/airflow/dags/data/s/BILLSTATUS-118-s.zip assumed to contain no DAGs. Skipping.
[2024-04-06T22:08:43.082+0000] {processor.py:842} WARNING - No viable dags retrieved from /opt/airflow/dags/data/s/BILLSTATUS-118-s.zip
[2024-04-06T22:08:43.106+0000] {processor.py:183} INFO - Processing /opt/airflow/dags/data/s/BILLSTATUS-118-s.zip took 0.041 seconds
[2024-04-06T22:08:43.131+0000] {processor.py:161} INFO - Started process (PID=130) to work on /opt/airflow/dags/data/s/BILLSTATUS-118-s.zip
[2024-04-06T22:08:43.132+0000] {processor.py:830} INFO - Processing file /opt/airflow/dags/data/s/BILLSTATUS-118-s.zip for tasks to queue
[2024-04-06T22:08:43.135+0000] {logging_mixin.py:188} INFO - [2024-04-06T22:08:43.134+0000] {dagbag.py:540} INFO - Filling up the DagBag from /opt/airflow/dags/data/s/BILLSTATUS-118-s.zip
[2024-04-06T22:08:43.145+0000] {logging_mixin.py:188} INFO - [2024-04-06T22:08:43.145+0000] {dagbag.py:329} INFO - File /opt/airflow/dags/data/s/BILLSTATUS-118-s.zip assumed to contain no DAGs. Skipping.
[2024-04-06T22:08:43.145+0000] {processor.py:842} WARNING - No viable dags retrieved from /opt/airflow/dags/data/s/BILLSTATUS-118-s.zip
[2024-04-06T22:08:43.165+0000] {processor.py:183} INFO - Processing /opt/airflow/dags/data/s/BILLSTATUS-118-s.zip took 0.037 seconds
[2024-04-06T22:08:43.212+0000] {processor.py:161} INFO - Started process (PID=131) to work on /opt/airflow/dags/data/s/BILLSTATUS-118-s.zip
[2024-04-06T22:08:43.213+0000] {processor.py:830} INFO - Processing file /opt/airflow/dags/data/s/BILLSTATUS-118-s.zip for tasks to queue
[2024-04-06T22:08:43.214+0000] {logging_mixin.py:188} INFO - [2024-04-06T22:08:43.213+0000] {dagbag.py:540} INFO - Filling up the DagBag from /opt/airflow/dags/data/s/BILLSTATUS-118-s.zip
[2024-04-06T22:08:43.218+0000] {logging_mixin.py:188} INFO - [2024-04-06T22:08:43.218+0000] {dagbag.py:329} INFO - File /opt/airflow/dags/data/s/BILLSTATUS-118-s.zip assumed to contain no DAGs. Skipping.
[2024-04-06T22:08:43.219+0000] {processor.py:842} WARNING - No viable dags retrieved from /opt/airflow/dags/data/s/BILLSTATUS-118-s.zip
[2024-04-06T22:08:43.247+0000] {processor.py:183} INFO - Processing /opt/airflow/dags/data/s/BILLSTATUS-118-s.zip took 0.039 seconds
[2024-04-06T22:08:43.292+0000] {processor.py:161} INFO - Started process (PID=132) to work on /opt/airflow/dags/data/s/BILLSTATUS-118-s.zip
[2024-04-06T22:08:43.293+0000] {processor.py:830} INFO - Processing file /opt/airflow/dags/data/s/BILLSTATUS-118-s.zip for tasks to queue
[2024-04-06T22:08:43.294+0000] {logging_mixin.py:188} INFO - [2024-04-06T22:08:43.294+0000] {dagbag.py:540} INFO - Filling up the DagBag from /opt/airflow/dags/data/s/BILLSTATUS-118-s.zip
[2024-04-06T22:08:43.307+0000] {logging_mixin.py:188} INFO - [2024-04-06T22:08:43.307+0000] {dagbag.py:329} INFO - File /opt/airflow/dags/data/s/BILLSTATUS-118-s.zip assumed to contain no DAGs. Skipping.
[2024-04-06T22:08:43.308+0000] {processor.py:842} WARNING - No viable dags retrieved from /opt/airflow/dags/data/s/BILLSTATUS-118-s.zip
[2024-04-06T22:08:43.348+0000] {processor.py:183} INFO - Processing /opt/airflow/dags/data/s/BILLSTATUS-118-s.zip took 0.060 seconds
[2024-04-06T22:08:44.328+0000] {processor.py:161} INFO - Started process (PID=139) to work on /opt/airflow/dags/data/s/BILLSTATUS-118-s.zip
[2024-04-06T22:08:44.330+0000] {processor.py:830} INFO - Processing file /opt/airflow/dags/data/s/BILLSTATUS-118-s.zip for tasks to queue
[2024-04-06T22:08:44.331+0000] {logging_mixin.py:188} INFO - [2024-04-06T22:08:44.330+0000] {dagbag.py:540} INFO - Filling up the DagBag from /opt/airflow/dags/data/s/BILLSTATUS-118-s.zip
[2024-04-06T22:08:44.355+0000] {logging_mixin.py:188} INFO - [2024-04-06T22:08:44.355+0000] {dagbag.py:329} INFO - File /opt/airflow/dags/data/s/BILLSTATUS-118-s.zip assumed to contain no DAGs. Skipping.
[2024-04-06T22:08:44.357+0000] {processor.py:842} WARNING - No viable dags retrieved from /opt/airflow/dags/data/s/BILLSTATUS-118-s.zip
[2024-04-06T22:08:44.387+0000] {processor.py:183} INFO - Processing /opt/airflow/dags/data/s/BILLSTATUS-118-s.zip took 0.070 seconds
[2024-04-06T22:08:45.403+0000] {processor.py:161} INFO - Started process (PID=140) to work on /opt/airflow/dags/data/s/BILLSTATUS-118-s.zip
[2024-04-06T22:08:45.404+0000] {processor.py:830} INFO - Processing file /opt/airflow/dags/data/s/BILLSTATUS-118-s.zip for tasks to queue
[2024-04-06T22:08:45.405+0000] {logging_mixin.py:188} INFO - [2024-04-06T22:08:45.405+0000] {dagbag.py:540} INFO - Filling up the DagBag from /opt/airflow/dags/data/s/BILLSTATUS-118-s.zip
[2024-04-06T22:08:45.414+0000] {logging_mixin.py:188} INFO - [2024-04-06T22:08:45.413+0000] {dagbag.py:329} INFO - File /opt/airflow/dags/data/s/BILLSTATUS-118-s.zip assumed to contain no DAGs. Skipping.
[2024-04-06T22:08:45.414+0000] {processor.py:842} WARNING - No viable dags retrieved from /opt/airflow/dags/data/s/BILLSTATUS-118-s.zip
[2024-04-06T22:08:45.429+0000] {processor.py:183} INFO - Processing /opt/airflow/dags/data/s/BILLSTATUS-118-s.zip took 0.030 seconds
[2024-04-06T22:08:46.107+0000] {processor.py:161} INFO - Started process (PID=142) to work on /opt/airflow/dags/data/s/BILLSTATUS-118-s.zip
[2024-04-06T22:08:46.108+0000] {processor.py:830} INFO - Processing file /opt/airflow/dags/data/s/BILLSTATUS-118-s.zip for tasks to queue
[2024-04-06T22:08:46.109+0000] {logging_mixin.py:188} INFO - [2024-04-06T22:08:46.109+0000] {dagbag.py:540} INFO - Filling up the DagBag from /opt/airflow/dags/data/s/BILLSTATUS-118-s.zip
[2024-04-06T22:08:46.121+0000] {logging_mixin.py:188} INFO - [2024-04-06T22:08:46.120+0000] {dagbag.py:329} INFO - File /opt/airflow/dags/data/s/BILLSTATUS-118-s.zip assumed to contain no DAGs. Skipping.
[2024-04-06T22:08:46.121+0000] {processor.py:842} WARNING - No viable dags retrieved from /opt/airflow/dags/data/s/BILLSTATUS-118-s.zip
[2024-04-06T22:08:46.130+0000] {processor.py:183} INFO - Processing /opt/airflow/dags/data/s/BILLSTATUS-118-s.zip took 0.026 seconds
[2024-04-06T22:08:47.130+0000] {processor.py:161} INFO - Started process (PID=143) to work on /opt/airflow/dags/data/s/BILLSTATUS-118-s.zip
[2024-04-06T22:08:47.131+0000] {processor.py:830} INFO - Processing file /opt/airflow/dags/data/s/BILLSTATUS-118-s.zip for tasks to queue
[2024-04-06T22:08:47.132+0000] {logging_mixin.py:188} INFO - [2024-04-06T22:08:47.131+0000] {dagbag.py:540} INFO - Filling up the DagBag from /opt/airflow/dags/data/s/BILLSTATUS-118-s.zip
[2024-04-06T22:08:47.143+0000] {logging_mixin.py:188} INFO - [2024-04-06T22:08:47.143+0000] {dagbag.py:329} INFO - File /opt/airflow/dags/data/s/BILLSTATUS-118-s.zip assumed to contain no DAGs. Skipping.
[2024-04-06T22:08:47.143+0000] {processor.py:842} WARNING - No viable dags retrieved from /opt/airflow/dags/data/s/BILLSTATUS-118-s.zip
[2024-04-06T22:08:47.152+0000] {processor.py:183} INFO - Processing /opt/airflow/dags/data/s/BILLSTATUS-118-s.zip took 0.024 seconds
[2024-04-06T22:08:48.226+0000] {processor.py:161} INFO - Started process (PID=144) to work on /opt/airflow/dags/data/s/BILLSTATUS-118-s.zip
[2024-04-06T22:08:48.228+0000] {processor.py:830} INFO - Processing file /opt/airflow/dags/data/s/BILLSTATUS-118-s.zip for tasks to queue
[2024-04-06T22:08:48.230+0000] {logging_mixin.py:188} INFO - [2024-04-06T22:08:48.229+0000] {dagbag.py:540} INFO - Filling up the DagBag from /opt/airflow/dags/data/s/BILLSTATUS-118-s.zip
[2024-04-06T22:08:48.318+0000] {logging_mixin.py:188} INFO - [2024-04-06T22:08:48.317+0000] {dagbag.py:329} INFO - File /opt/airflow/dags/data/s/BILLSTATUS-118-s.zip assumed to contain no DAGs. Skipping.
[2024-04-06T22:08:48.320+0000] {processor.py:842} WARNING - No viable dags retrieved from /opt/airflow/dags/data/s/BILLSTATUS-118-s.zip
[2024-04-06T22:08:48.370+0000] {processor.py:183} INFO - Processing /opt/airflow/dags/data/s/BILLSTATUS-118-s.zip took 0.150 seconds
[2024-04-06T22:08:49.279+0000] {processor.py:161} INFO - Started process (PID=145) to work on /opt/airflow/dags/data/s/BILLSTATUS-118-s.zip
[2024-04-06T22:08:49.283+0000] {processor.py:830} INFO - Processing file /opt/airflow/dags/data/s/BILLSTATUS-118-s.zip for tasks to queue
[2024-04-06T22:08:49.285+0000] {logging_mixin.py:188} INFO - [2024-04-06T22:08:49.285+0000] {dagbag.py:540} INFO - Filling up the DagBag from /opt/airflow/dags/data/s/BILLSTATUS-118-s.zip
[2024-04-06T22:08:49.380+0000] {logging_mixin.py:188} INFO - [2024-04-06T22:08:49.379+0000] {dagbag.py:329} INFO - File /opt/airflow/dags/data/s/BILLSTATUS-118-s.zip assumed to contain no DAGs. Skipping.
[2024-04-06T22:08:49.381+0000] {processor.py:842} WARNING - No viable dags retrieved from /opt/airflow/dags/data/s/BILLSTATUS-118-s.zip
[2024-04-06T22:08:49.447+0000] {processor.py:183} INFO - Processing /opt/airflow/dags/data/s/BILLSTATUS-118-s.zip took 0.181 seconds
[2024-04-06T22:08:50.501+0000] {processor.py:161} INFO - Started process (PID=146) to work on /opt/airflow/dags/data/s/BILLSTATUS-118-s.zip
[2024-04-06T22:08:50.502+0000] {processor.py:830} INFO - Processing file /opt/airflow/dags/data/s/BILLSTATUS-118-s.zip for tasks to queue
[2024-04-06T22:08:50.503+0000] {logging_mixin.py:188} INFO - [2024-04-06T22:08:50.503+0000] {dagbag.py:540} INFO - Filling up the DagBag from /opt/airflow/dags/data/s/BILLSTATUS-118-s.zip
[2024-04-06T22:08:50.529+0000] {logging_mixin.py:188} INFO - [2024-04-06T22:08:50.528+0000] {dagbag.py:329} INFO - File /opt/airflow/dags/data/s/BILLSTATUS-118-s.zip assumed to contain no DAGs. Skipping.
[2024-04-06T22:08:50.529+0000] {processor.py:842} WARNING - No viable dags retrieved from /opt/airflow/dags/data/s/BILLSTATUS-118-s.zip
[2024-04-06T22:08:50.544+0000] {processor.py:183} INFO - Processing /opt/airflow/dags/data/s/BILLSTATUS-118-s.zip took 0.047 seconds
[2024-04-06T22:08:51.552+0000] {processor.py:161} INFO - Started process (PID=147) to work on /opt/airflow/dags/data/s/BILLSTATUS-118-s.zip
[2024-04-06T22:08:51.553+0000] {processor.py:830} INFO - Processing file /opt/airflow/dags/data/s/BILLSTATUS-118-s.zip for tasks to queue
[2024-04-06T22:08:51.554+0000] {logging_mixin.py:188} INFO - [2024-04-06T22:08:51.553+0000] {dagbag.py:540} INFO - Filling up the DagBag from /opt/airflow/dags/data/s/BILLSTATUS-118-s.zip
[2024-04-06T22:08:51.584+0000] {logging_mixin.py:188} INFO - [2024-04-06T22:08:51.583+0000] {dagbag.py:329} INFO - File /opt/airflow/dags/data/s/BILLSTATUS-118-s.zip assumed to contain no DAGs. Skipping.
[2024-04-06T22:08:51.584+0000] {processor.py:842} WARNING - No viable dags retrieved from /opt/airflow/dags/data/s/BILLSTATUS-118-s.zip
[2024-04-06T22:08:51.595+0000] {processor.py:183} INFO - Processing /opt/airflow/dags/data/s/BILLSTATUS-118-s.zip took 0.046 seconds
[2024-04-06T22:09:22.250+0000] {processor.py:161} INFO - Started process (PID=169) to work on /opt/airflow/dags/data/s/BILLSTATUS-118-s.zip
[2024-04-06T22:09:22.252+0000] {processor.py:830} INFO - Processing file /opt/airflow/dags/data/s/BILLSTATUS-118-s.zip for tasks to queue
[2024-04-06T22:09:22.253+0000] {logging_mixin.py:188} INFO - [2024-04-06T22:09:22.252+0000] {dagbag.py:540} INFO - Filling up the DagBag from /opt/airflow/dags/data/s/BILLSTATUS-118-s.zip
[2024-04-06T22:09:22.289+0000] {processor.py:842} WARNING - No viable dags retrieved from /opt/airflow/dags/data/s/BILLSTATUS-118-s.zip
[2024-04-06T22:09:22.307+0000] {processor.py:183} INFO - Processing /opt/airflow/dags/data/s/BILLSTATUS-118-s.zip took 0.061 seconds
[2024-04-06T22:09:52.629+0000] {processor.py:161} INFO - Started process (PID=190) to work on /opt/airflow/dags/data/s/BILLSTATUS-118-s.zip
[2024-04-06T22:09:52.630+0000] {processor.py:830} INFO - Processing file /opt/airflow/dags/data/s/BILLSTATUS-118-s.zip for tasks to queue
[2024-04-06T22:09:52.631+0000] {logging_mixin.py:188} INFO - [2024-04-06T22:09:52.630+0000] {dagbag.py:540} INFO - Filling up the DagBag from /opt/airflow/dags/data/s/BILLSTATUS-118-s.zip
[2024-04-06T22:09:52.673+0000] {processor.py:842} WARNING - No viable dags retrieved from /opt/airflow/dags/data/s/BILLSTATUS-118-s.zip
[2024-04-06T22:09:52.699+0000] {processor.py:183} INFO - Processing /opt/airflow/dags/data/s/BILLSTATUS-118-s.zip took 0.074 seconds
[2024-04-06T22:10:23.942+0000] {processor.py:161} INFO - Started process (PID=211) to work on /opt/airflow/dags/data/s/BILLSTATUS-118-s.zip
[2024-04-06T22:10:23.944+0000] {processor.py:830} INFO - Processing file /opt/airflow/dags/data/s/BILLSTATUS-118-s.zip for tasks to queue
[2024-04-06T22:10:23.945+0000] {logging_mixin.py:188} INFO - [2024-04-06T22:10:23.944+0000] {dagbag.py:540} INFO - Filling up the DagBag from /opt/airflow/dags/data/s/BILLSTATUS-118-s.zip
[2024-04-06T22:10:23.970+0000] {processor.py:842} WARNING - No viable dags retrieved from /opt/airflow/dags/data/s/BILLSTATUS-118-s.zip
[2024-04-06T22:10:23.985+0000] {processor.py:183} INFO - Processing /opt/airflow/dags/data/s/BILLSTATUS-118-s.zip took 0.046 seconds
[2024-04-06T22:10:54.374+0000] {processor.py:161} INFO - Started process (PID=233) to work on /opt/airflow/dags/data/s/BILLSTATUS-118-s.zip
[2024-04-06T22:10:54.375+0000] {processor.py:830} INFO - Processing file /opt/airflow/dags/data/s/BILLSTATUS-118-s.zip for tasks to queue
[2024-04-06T22:10:54.375+0000] {logging_mixin.py:188} INFO - [2024-04-06T22:10:54.375+0000] {dagbag.py:540} INFO - Filling up the DagBag from /opt/airflow/dags/data/s/BILLSTATUS-118-s.zip
[2024-04-06T22:10:54.395+0000] {processor.py:842} WARNING - No viable dags retrieved from /opt/airflow/dags/data/s/BILLSTATUS-118-s.zip
[2024-04-06T22:10:54.403+0000] {processor.py:183} INFO - Processing /opt/airflow/dags/data/s/BILLSTATUS-118-s.zip took 0.031 seconds
