[2024-04-14T20:35:54.987+0000] {taskinstance.py:1979} INFO - Dependencies all met for dep_context=non-requeueable deps ti=<TaskInstance: upload_congress_data.get_members_data manual__2024-04-14T20:35:39+00:00 [queued]>
[2024-04-14T20:35:55.042+0000] {taskinstance.py:1979} INFO - Dependencies all met for dep_context=requeueable deps ti=<TaskInstance: upload_congress_data.get_members_data manual__2024-04-14T20:35:39+00:00 [queued]>
[2024-04-14T20:35:55.043+0000] {taskinstance.py:2193} INFO - Starting attempt 1 of 3
[2024-04-14T20:35:55.061+0000] {taskinstance.py:2217} INFO - Executing <Task(PythonOperator): get_members_data> on 2024-04-14 20:35:39+00:00
[2024-04-14T20:35:55.078+0000] {standard_task_runner.py:60} INFO - Started process 157 to run task
[2024-04-14T20:35:55.119+0000] {standard_task_runner.py:87} INFO - Running: ['***', 'tasks', 'run', 'upload_congress_data', 'get_members_data', 'manual__2024-04-14T20:35:39+00:00', '--job-id', '64', '--raw', '--subdir', 'DAGS_FOLDER/upload_congress_data.py', '--cfg-path', '/tmp/tmpl7djgamo']
[2024-04-14T20:35:55.156+0000] {standard_task_runner.py:88} INFO - Job 64: Subtask get_members_data
[2024-04-14T20:35:55.386+0000] {task_command.py:423} INFO - Running <TaskInstance: upload_congress_data.get_members_data manual__2024-04-14T20:35:39+00:00 [running]> on host efbcc9a55d4c
[2024-04-14T20:35:55.648+0000] {taskinstance.py:2513} INFO - Exporting env vars: AIRFLOW_CTX_DAG_EMAIL='***@***.com' AIRFLOW_CTX_DAG_OWNER='***' AIRFLOW_CTX_DAG_ID='upload_congress_data' AIRFLOW_CTX_TASK_ID='get_members_data' AIRFLOW_CTX_EXECUTION_DATE='2024-04-14T20:35:39+00:00' AIRFLOW_CTX_TRY_NUMBER='1' AIRFLOW_CTX_DAG_RUN_ID='manual__2024-04-14T20:35:39+00:00'
[2024-04-14T20:35:58.386+0000] {get_data.py:251} INFO - Max records passed as None
[2024-04-14T20:35:58.392+0000] {get_data.py:295} INFO - executing API call for https://api.congress.gov/v3/member?format=json&fromDateTime=2023-01-01T00:00:00Z&toDateTime=2024-04-14T00:00:00Z&offset=0&limit=250&api_key=WNue8kCDCOIlewAsULgnN8j6SqSgAZjE2sYbPsBb
[2024-04-14T20:36:03.171+0000] {get_data.py:258} INFO - About to start fetching 686 records
[2024-04-14T20:36:03.203+0000] {get_data.py:295} INFO - executing API call for https://api.congress.gov/v3/member?format=json&fromDateTime=2023-01-01T00:00:00Z&toDateTime=2024-04-14T00:00:00Z&offset=0&limit=250&api_key=WNue8kCDCOIlewAsULgnN8j6SqSgAZjE2sYbPsBb
[2024-04-14T20:36:09.825+0000] {logging_mixin.py:188} INFO - 499 of 686 member records saved
[2024-04-14T20:36:09.827+0000] {get_data.py:295} INFO - executing API call for https://api.congress.gov/v3/member?format=json&fromDateTime=2023-01-01T00:00:00Z&toDateTime=2024-04-14T00:00:00Z&offset=250&limit=250&api_key=WNue8kCDCOIlewAsULgnN8j6SqSgAZjE2sYbPsBb
[2024-04-14T20:36:16.040+0000] {logging_mixin.py:188} INFO - 499 of 686 member records saved
[2024-04-14T20:36:16.043+0000] {get_data.py:295} INFO - executing API call for https://api.congress.gov/v3/member?format=json&fromDateTime=2023-01-01T00:00:00Z&toDateTime=2024-04-14T00:00:00Z&offset=500&limit=250&api_key=WNue8kCDCOIlewAsULgnN8j6SqSgAZjE2sYbPsBb
[2024-04-14T20:36:21.541+0000] {logging_mixin.py:188} INFO - 371 of 686 member records saved
[2024-04-14T20:36:21.543+0000] {python.py:202} INFO - Done. Returned value was: None
[2024-04-14T20:36:21.564+0000] {taskinstance.py:1149} INFO - Marking task as SUCCESS. dag_id=upload_congress_data, task_id=get_members_data, execution_date=20240414T203539, start_date=20240414T203555, end_date=20240414T203621
[2024-04-14T20:36:21.615+0000] {local_task_job_runner.py:234} INFO - Task exited with return code 0
[2024-04-14T20:36:21.707+0000] {taskinstance.py:3312} INFO - 0 downstream tasks scheduled from follow-on schedule check
