[2024-05-16T00:30:50.005+0000] {processor.py:161} INFO - Started process (PID=8490) to work on /opt/airflow/dags/scripts/python/get_data.py
[2024-05-16T00:30:50.006+0000] {processor.py:830} INFO - Processing file /opt/airflow/dags/scripts/python/get_data.py for tasks to queue
[2024-05-16T00:30:50.012+0000] {logging_mixin.py:188} INFO - [2024-05-16T00:30:50.012+0000] {dagbag.py:540} INFO - Filling up the DagBag from /opt/airflow/dags/scripts/python/get_data.py
[2024-05-16T00:30:50.098+0000] {processor.py:842} WARNING - No viable dags retrieved from /opt/airflow/dags/scripts/python/get_data.py
[2024-05-16T00:30:50.142+0000] {processor.py:183} INFO - Processing /opt/airflow/dags/scripts/python/get_data.py took 0.141 seconds
[2024-05-16T01:49:59.032+0000] {processor.py:161} INFO - Started process (PID=8498) to work on /opt/airflow/dags/scripts/python/get_data.py
[2024-05-16T01:49:59.032+0000] {processor.py:830} INFO - Processing file /opt/airflow/dags/scripts/python/get_data.py for tasks to queue
[2024-05-16T01:49:59.034+0000] {logging_mixin.py:188} INFO - [2024-05-16T01:49:59.034+0000] {dagbag.py:540} INFO - Filling up the DagBag from /opt/airflow/dags/scripts/python/get_data.py
[2024-05-16T01:49:59.061+0000] {processor.py:842} WARNING - No viable dags retrieved from /opt/airflow/dags/scripts/python/get_data.py
[2024-05-16T01:49:59.072+0000] {processor.py:183} INFO - Processing /opt/airflow/dags/scripts/python/get_data.py took 0.043 seconds
[2024-05-16T03:17:40.520+0000] {processor.py:161} INFO - Started process (PID=8506) to work on /opt/airflow/dags/scripts/python/get_data.py
[2024-05-16T03:17:40.522+0000] {processor.py:830} INFO - Processing file /opt/airflow/dags/scripts/python/get_data.py for tasks to queue
[2024-05-16T03:17:40.527+0000] {logging_mixin.py:188} INFO - [2024-05-16T03:17:40.526+0000] {dagbag.py:540} INFO - Filling up the DagBag from /opt/airflow/dags/scripts/python/get_data.py
[2024-05-16T03:17:40.580+0000] {processor.py:842} WARNING - No viable dags retrieved from /opt/airflow/dags/scripts/python/get_data.py
[2024-05-16T03:17:40.624+0000] {processor.py:183} INFO - Processing /opt/airflow/dags/scripts/python/get_data.py took 0.112 seconds
[2024-05-16T04:18:47.670+0000] {processor.py:161} INFO - Started process (PID=8514) to work on /opt/airflow/dags/scripts/python/get_data.py
[2024-05-16T04:18:47.670+0000] {processor.py:830} INFO - Processing file /opt/airflow/dags/scripts/python/get_data.py for tasks to queue
[2024-05-16T04:18:47.672+0000] {logging_mixin.py:188} INFO - [2024-05-16T04:18:47.672+0000] {dagbag.py:540} INFO - Filling up the DagBag from /opt/airflow/dags/scripts/python/get_data.py
[2024-05-16T04:18:47.702+0000] {processor.py:842} WARNING - No viable dags retrieved from /opt/airflow/dags/scripts/python/get_data.py
[2024-05-16T04:18:47.713+0000] {processor.py:183} INFO - Processing /opt/airflow/dags/scripts/python/get_data.py took 0.047 seconds
[2024-05-16T05:37:02.041+0000] {processor.py:161} INFO - Started process (PID=8522) to work on /opt/airflow/dags/scripts/python/get_data.py
[2024-05-16T05:37:02.041+0000] {processor.py:830} INFO - Processing file /opt/airflow/dags/scripts/python/get_data.py for tasks to queue
[2024-05-16T05:37:02.043+0000] {logging_mixin.py:188} INFO - [2024-05-16T05:37:02.043+0000] {dagbag.py:540} INFO - Filling up the DagBag from /opt/airflow/dags/scripts/python/get_data.py
[2024-05-16T05:37:02.066+0000] {processor.py:842} WARNING - No viable dags retrieved from /opt/airflow/dags/scripts/python/get_data.py
[2024-05-16T05:37:02.117+0000] {processor.py:183} INFO - Processing /opt/airflow/dags/scripts/python/get_data.py took 0.079 seconds
[2024-05-16T06:20:45.997+0000] {processor.py:161} INFO - Started process (PID=8530) to work on /opt/airflow/dags/scripts/python/get_data.py
[2024-05-16T06:20:45.998+0000] {processor.py:830} INFO - Processing file /opt/airflow/dags/scripts/python/get_data.py for tasks to queue
[2024-05-16T06:20:46.001+0000] {logging_mixin.py:188} INFO - [2024-05-16T06:20:46.000+0000] {dagbag.py:540} INFO - Filling up the DagBag from /opt/airflow/dags/scripts/python/get_data.py
[2024-05-16T06:20:46.023+0000] {processor.py:842} WARNING - No viable dags retrieved from /opt/airflow/dags/scripts/python/get_data.py
[2024-05-16T06:20:46.034+0000] {processor.py:183} INFO - Processing /opt/airflow/dags/scripts/python/get_data.py took 0.041 seconds
[2024-05-16T07:38:36.934+0000] {processor.py:161} INFO - Started process (PID=8538) to work on /opt/airflow/dags/scripts/python/get_data.py
[2024-05-16T07:38:36.935+0000] {processor.py:830} INFO - Processing file /opt/airflow/dags/scripts/python/get_data.py for tasks to queue
[2024-05-16T07:38:36.937+0000] {logging_mixin.py:188} INFO - [2024-05-16T07:38:36.937+0000] {dagbag.py:540} INFO - Filling up the DagBag from /opt/airflow/dags/scripts/python/get_data.py
[2024-05-16T07:38:36.972+0000] {processor.py:842} WARNING - No viable dags retrieved from /opt/airflow/dags/scripts/python/get_data.py
[2024-05-16T07:38:36.987+0000] {processor.py:183} INFO - Processing /opt/airflow/dags/scripts/python/get_data.py took 0.057 seconds
[2024-05-16T08:53:06.688+0000] {processor.py:161} INFO - Started process (PID=8546) to work on /opt/airflow/dags/scripts/python/get_data.py
[2024-05-16T08:53:06.690+0000] {processor.py:830} INFO - Processing file /opt/airflow/dags/scripts/python/get_data.py for tasks to queue
[2024-05-16T08:53:06.699+0000] {logging_mixin.py:188} INFO - [2024-05-16T08:53:06.697+0000] {dagbag.py:540} INFO - Filling up the DagBag from /opt/airflow/dags/scripts/python/get_data.py
[2024-05-16T08:53:06.785+0000] {processor.py:842} WARNING - No viable dags retrieved from /opt/airflow/dags/scripts/python/get_data.py
[2024-05-16T08:53:06.831+0000] {processor.py:183} INFO - Processing /opt/airflow/dags/scripts/python/get_data.py took 0.146 seconds
[2024-05-16T10:11:17.803+0000] {processor.py:161} INFO - Started process (PID=8554) to work on /opt/airflow/dags/scripts/python/get_data.py
[2024-05-16T10:11:17.808+0000] {processor.py:830} INFO - Processing file /opt/airflow/dags/scripts/python/get_data.py for tasks to queue
[2024-05-16T10:11:17.814+0000] {logging_mixin.py:188} INFO - [2024-05-16T10:11:17.813+0000] {dagbag.py:540} INFO - Filling up the DagBag from /opt/airflow/dags/scripts/python/get_data.py
[2024-05-16T10:11:17.854+0000] {processor.py:842} WARNING - No viable dags retrieved from /opt/airflow/dags/scripts/python/get_data.py
[2024-05-16T10:11:17.883+0000] {processor.py:183} INFO - Processing /opt/airflow/dags/scripts/python/get_data.py took 0.101 seconds
[2024-05-16T11:50:23.061+0000] {processor.py:161} INFO - Started process (PID=8562) to work on /opt/airflow/dags/scripts/python/get_data.py
[2024-05-16T11:50:23.062+0000] {processor.py:830} INFO - Processing file /opt/airflow/dags/scripts/python/get_data.py for tasks to queue
[2024-05-16T11:50:23.063+0000] {logging_mixin.py:188} INFO - [2024-05-16T11:50:23.063+0000] {dagbag.py:540} INFO - Filling up the DagBag from /opt/airflow/dags/scripts/python/get_data.py
[2024-05-16T11:50:23.087+0000] {processor.py:842} WARNING - No viable dags retrieved from /opt/airflow/dags/scripts/python/get_data.py
[2024-05-16T11:50:23.108+0000] {processor.py:183} INFO - Processing /opt/airflow/dags/scripts/python/get_data.py took 0.050 seconds
[2024-05-16T13:01:05.090+0000] {processor.py:161} INFO - Started process (PID=8570) to work on /opt/airflow/dags/scripts/python/get_data.py
[2024-05-16T13:01:05.092+0000] {processor.py:830} INFO - Processing file /opt/airflow/dags/scripts/python/get_data.py for tasks to queue
[2024-05-16T13:01:05.096+0000] {logging_mixin.py:188} INFO - [2024-05-16T13:01:05.095+0000] {dagbag.py:540} INFO - Filling up the DagBag from /opt/airflow/dags/scripts/python/get_data.py
[2024-05-16T13:01:05.163+0000] {processor.py:842} WARNING - No viable dags retrieved from /opt/airflow/dags/scripts/python/get_data.py
[2024-05-16T13:01:05.201+0000] {processor.py:183} INFO - Processing /opt/airflow/dags/scripts/python/get_data.py took 0.115 seconds
[2024-05-16T14:15:01.807+0000] {processor.py:161} INFO - Started process (PID=8578) to work on /opt/airflow/dags/scripts/python/get_data.py
[2024-05-16T14:15:01.810+0000] {processor.py:830} INFO - Processing file /opt/airflow/dags/scripts/python/get_data.py for tasks to queue
[2024-05-16T14:15:01.814+0000] {logging_mixin.py:188} INFO - [2024-05-16T14:15:01.814+0000] {dagbag.py:540} INFO - Filling up the DagBag from /opt/airflow/dags/scripts/python/get_data.py
[2024-05-16T14:15:01.874+0000] {processor.py:842} WARNING - No viable dags retrieved from /opt/airflow/dags/scripts/python/get_data.py
[2024-05-16T14:15:01.912+0000] {processor.py:183} INFO - Processing /opt/airflow/dags/scripts/python/get_data.py took 0.121 seconds
[2024-05-16T15:36:49.597+0000] {processor.py:161} INFO - Started process (PID=8586) to work on /opt/airflow/dags/scripts/python/get_data.py
[2024-05-16T15:36:49.600+0000] {processor.py:830} INFO - Processing file /opt/airflow/dags/scripts/python/get_data.py for tasks to queue
[2024-05-16T15:36:49.607+0000] {logging_mixin.py:188} INFO - [2024-05-16T15:36:49.605+0000] {dagbag.py:540} INFO - Filling up the DagBag from /opt/airflow/dags/scripts/python/get_data.py
[2024-05-16T15:36:49.667+0000] {processor.py:842} WARNING - No viable dags retrieved from /opt/airflow/dags/scripts/python/get_data.py
[2024-05-16T15:36:49.700+0000] {processor.py:183} INFO - Processing /opt/airflow/dags/scripts/python/get_data.py took 0.109 seconds
[2024-05-16T16:52:18.537+0000] {processor.py:161} INFO - Started process (PID=8594) to work on /opt/airflow/dags/scripts/python/get_data.py
[2024-05-16T16:52:18.541+0000] {processor.py:830} INFO - Processing file /opt/airflow/dags/scripts/python/get_data.py for tasks to queue
[2024-05-16T16:52:18.548+0000] {logging_mixin.py:188} INFO - [2024-05-16T16:52:18.547+0000] {dagbag.py:540} INFO - Filling up the DagBag from /opt/airflow/dags/scripts/python/get_data.py
[2024-05-16T16:52:18.610+0000] {processor.py:842} WARNING - No viable dags retrieved from /opt/airflow/dags/scripts/python/get_data.py
[2024-05-16T16:52:18.627+0000] {processor.py:183} INFO - Processing /opt/airflow/dags/scripts/python/get_data.py took 0.115 seconds
[2024-05-16T18:05:05.131+0000] {processor.py:161} INFO - Started process (PID=8602) to work on /opt/airflow/dags/scripts/python/get_data.py
[2024-05-16T18:05:05.134+0000] {processor.py:830} INFO - Processing file /opt/airflow/dags/scripts/python/get_data.py for tasks to queue
[2024-05-16T18:05:05.140+0000] {logging_mixin.py:188} INFO - [2024-05-16T18:05:05.139+0000] {dagbag.py:540} INFO - Filling up the DagBag from /opt/airflow/dags/scripts/python/get_data.py
[2024-05-16T18:05:05.213+0000] {processor.py:842} WARNING - No viable dags retrieved from /opt/airflow/dags/scripts/python/get_data.py
[2024-05-16T18:05:05.259+0000] {processor.py:183} INFO - Processing /opt/airflow/dags/scripts/python/get_data.py took 0.139 seconds
[2024-05-16T19:06:06.092+0000] {processor.py:161} INFO - Started process (PID=8610) to work on /opt/airflow/dags/scripts/python/get_data.py
[2024-05-16T19:06:06.093+0000] {processor.py:830} INFO - Processing file /opt/airflow/dags/scripts/python/get_data.py for tasks to queue
[2024-05-16T19:06:06.094+0000] {logging_mixin.py:188} INFO - [2024-05-16T19:06:06.094+0000] {dagbag.py:540} INFO - Filling up the DagBag from /opt/airflow/dags/scripts/python/get_data.py
[2024-05-16T19:06:06.129+0000] {processor.py:842} WARNING - No viable dags retrieved from /opt/airflow/dags/scripts/python/get_data.py
[2024-05-16T19:06:06.140+0000] {processor.py:183} INFO - Processing /opt/airflow/dags/scripts/python/get_data.py took 0.051 seconds
[2024-05-16T20:07:04.973+0000] {processor.py:161} INFO - Started process (PID=8618) to work on /opt/airflow/dags/scripts/python/get_data.py
[2024-05-16T20:07:04.975+0000] {processor.py:830} INFO - Processing file /opt/airflow/dags/scripts/python/get_data.py for tasks to queue
[2024-05-16T20:07:04.980+0000] {logging_mixin.py:188} INFO - [2024-05-16T20:07:04.979+0000] {dagbag.py:540} INFO - Filling up the DagBag from /opt/airflow/dags/scripts/python/get_data.py
[2024-05-16T20:07:05.038+0000] {processor.py:842} WARNING - No viable dags retrieved from /opt/airflow/dags/scripts/python/get_data.py
[2024-05-16T20:07:05.073+0000] {processor.py:183} INFO - Processing /opt/airflow/dags/scripts/python/get_data.py took 0.107 seconds
[2024-05-16T21:23:08.988+0000] {processor.py:161} INFO - Started process (PID=8627) to work on /opt/airflow/dags/scripts/python/get_data.py
[2024-05-16T21:23:08.990+0000] {processor.py:830} INFO - Processing file /opt/airflow/dags/scripts/python/get_data.py for tasks to queue
[2024-05-16T21:23:08.995+0000] {logging_mixin.py:188} INFO - [2024-05-16T21:23:08.994+0000] {dagbag.py:540} INFO - Filling up the DagBag from /opt/airflow/dags/scripts/python/get_data.py
[2024-05-16T21:23:09.056+0000] {processor.py:842} WARNING - No viable dags retrieved from /opt/airflow/dags/scripts/python/get_data.py
[2024-05-16T21:23:09.087+0000] {processor.py:183} INFO - Processing /opt/airflow/dags/scripts/python/get_data.py took 0.104 seconds
[2024-05-16T21:54:54.131+0000] {processor.py:161} INFO - Started process (PID=8635) to work on /opt/airflow/dags/scripts/python/get_data.py
[2024-05-16T21:54:54.131+0000] {processor.py:830} INFO - Processing file /opt/airflow/dags/scripts/python/get_data.py for tasks to queue
[2024-05-16T21:54:54.133+0000] {logging_mixin.py:188} INFO - [2024-05-16T21:54:54.133+0000] {dagbag.py:540} INFO - Filling up the DagBag from /opt/airflow/dags/scripts/python/get_data.py
[2024-05-16T21:54:54.171+0000] {processor.py:842} WARNING - No viable dags retrieved from /opt/airflow/dags/scripts/python/get_data.py
[2024-05-16T21:54:54.181+0000] {processor.py:183} INFO - Processing /opt/airflow/dags/scripts/python/get_data.py took 0.053 seconds
[2024-05-16T22:09:06.234+0000] {processor.py:161} INFO - Started process (PID=8643) to work on /opt/airflow/dags/scripts/python/get_data.py
[2024-05-16T22:09:06.234+0000] {processor.py:830} INFO - Processing file /opt/airflow/dags/scripts/python/get_data.py for tasks to queue
[2024-05-16T22:09:06.236+0000] {logging_mixin.py:188} INFO - [2024-05-16T22:09:06.236+0000] {dagbag.py:540} INFO - Filling up the DagBag from /opt/airflow/dags/scripts/python/get_data.py
[2024-05-16T22:09:06.264+0000] {processor.py:842} WARNING - No viable dags retrieved from /opt/airflow/dags/scripts/python/get_data.py
[2024-05-16T22:09:06.277+0000] {processor.py:183} INFO - Processing /opt/airflow/dags/scripts/python/get_data.py took 0.046 seconds
[2024-05-16T23:10:05.768+0000] {processor.py:161} INFO - Started process (PID=8651) to work on /opt/airflow/dags/scripts/python/get_data.py
[2024-05-16T23:10:05.771+0000] {processor.py:830} INFO - Processing file /opt/airflow/dags/scripts/python/get_data.py for tasks to queue
[2024-05-16T23:10:05.776+0000] {logging_mixin.py:188} INFO - [2024-05-16T23:10:05.775+0000] {dagbag.py:540} INFO - Filling up the DagBag from /opt/airflow/dags/scripts/python/get_data.py
[2024-05-16T23:10:05.817+0000] {processor.py:842} WARNING - No viable dags retrieved from /opt/airflow/dags/scripts/python/get_data.py
[2024-05-16T23:10:05.853+0000] {processor.py:183} INFO - Processing /opt/airflow/dags/scripts/python/get_data.py took 0.092 seconds
[2024-05-16T23:43:10.177+0000] {processor.py:161} INFO - Started process (PID=8659) to work on /opt/airflow/dags/scripts/python/get_data.py
[2024-05-16T23:43:10.178+0000] {processor.py:830} INFO - Processing file /opt/airflow/dags/scripts/python/get_data.py for tasks to queue
[2024-05-16T23:43:10.180+0000] {logging_mixin.py:188} INFO - [2024-05-16T23:43:10.179+0000] {dagbag.py:540} INFO - Filling up the DagBag from /opt/airflow/dags/scripts/python/get_data.py
[2024-05-16T23:43:10.202+0000] {processor.py:842} WARNING - No viable dags retrieved from /opt/airflow/dags/scripts/python/get_data.py
[2024-05-16T23:43:10.214+0000] {processor.py:183} INFO - Processing /opt/airflow/dags/scripts/python/get_data.py took 0.040 seconds
