[2024-04-03T04:05:22.245+0000] {taskinstance.py:1979} INFO - Dependencies all met for dep_context=non-requeueable deps ti=<TaskInstance: upload_congress_data.download_bill_statuses manual__2024-04-03T04:03:30.621081+00:00 [queued]>
[2024-04-03T04:05:22.267+0000] {taskinstance.py:1979} INFO - Dependencies all met for dep_context=requeueable deps ti=<TaskInstance: upload_congress_data.download_bill_statuses manual__2024-04-03T04:03:30.621081+00:00 [queued]>
[2024-04-03T04:05:22.268+0000] {taskinstance.py:2193} INFO - Starting attempt 1 of 3
[2024-04-03T04:05:22.281+0000] {taskinstance.py:2217} INFO - Executing <Task(BashOperator): download_bill_statuses> on 2024-04-03 04:03:30.621081+00:00
[2024-04-03T04:05:22.371+0000] {standard_task_runner.py:60} INFO - Started process 180 to run task
[2024-04-03T04:05:22.414+0000] {standard_task_runner.py:87} INFO - Running: ['***', 'tasks', 'run', 'upload_congress_data', 'download_bill_statuses', 'manual__2024-04-03T04:03:30.621081+00:00', '--job-id', '206', '--raw', '--subdir', 'DAGS_FOLDER/upload_congress_data.py', '--cfg-path', '/tmp/tmpmz77fduc']
[2024-04-03T04:05:22.445+0000] {standard_task_runner.py:88} INFO - Job 206: Subtask download_bill_statuses
[2024-04-03T04:05:22.719+0000] {task_command.py:423} INFO - Running <TaskInstance: upload_congress_data.download_bill_statuses manual__2024-04-03T04:03:30.621081+00:00 [running]> on host f2e8588643dc
[2024-04-03T04:05:23.027+0000] {taskinstance.py:2513} INFO - Exporting env vars: AIRFLOW_CTX_DAG_EMAIL='***@***.com' AIRFLOW_CTX_DAG_OWNER='***' AIRFLOW_CTX_DAG_ID='upload_congress_data' AIRFLOW_CTX_TASK_ID='download_bill_statuses' AIRFLOW_CTX_EXECUTION_DATE='2024-04-03T04:03:30.621081+00:00' AIRFLOW_CTX_TRY_NUMBER='1' AIRFLOW_CTX_DAG_RUN_ID='manual__2024-04-03T04:03:30.621081+00:00'
[2024-04-03T04:05:23.038+0000] {subprocess.py:63} INFO - Tmp dir root location: /tmp
[2024-04-03T04:05:23.039+0000] {subprocess.py:75} INFO - Running command: ['/usr/bin/bash', '-c', 'wget https://www.govinfo.gov/bulkdata/BILLSTATUS/118/sres/BILLSTATUS-118-sres.zip &&                             # unzip -o /BILLSTATUS-118-sres.zip &&                             # rm BILLSTATUS-118-sres.zip ||                             echo "Failed to download or unzip https://www.govinfo.gov/bulkdata/BILLSTATUS/118/sres/BILLSTATUS-118-sres.zip" && wget https://www.govinfo.gov/bulkdata/BILLSTATUS/118/hr/BILLSTATUS-118-hr.zip &&                             # unzip -o /BILLSTATUS-118-hr.zip &&                             # rm BILLSTATUS-118-hr.zip ||                             echo "Failed to download or unzip https://www.govinfo.gov/bulkdata/BILLSTATUS/118/hr/BILLSTATUS-118-hr.zip" && wget https://www.govinfo.gov/bulkdata/BILLSTATUS/118/hconres/BILLSTATUS-118-hconres.zip &&                             # unzip -o /BILLSTATUS-118-hconres.zip &&                             # rm BILLSTATUS-118-hconres.zip ||                             echo "Failed to download or unzip https://www.govinfo.gov/bulkdata/BILLSTATUS/118/hconres/BILLSTATUS-118-hconres.zip" && wget https://www.govinfo.gov/bulkdata/BILLSTATUS/118/hjres/BILLSTATUS-118-hjres.zip &&                             # unzip -o /BILLSTATUS-118-hjres.zip &&                             # rm BILLSTATUS-118-hjres.zip ||                             echo "Failed to download or unzip https://www.govinfo.gov/bulkdata/BILLSTATUS/118/hjres/BILLSTATUS-118-hjres.zip" && wget https://www.govinfo.gov/bulkdata/BILLSTATUS/118/s/BILLSTATUS-118-s.zip &&                             # unzip -o /BILLSTATUS-118-s.zip &&                             # rm BILLSTATUS-118-s.zip ||                             echo "Failed to download or unzip https://www.govinfo.gov/bulkdata/BILLSTATUS/118/s/BILLSTATUS-118-s.zip" && wget https://www.govinfo.gov/bulkdata/BILLSTATUS/118/sjres/BILLSTATUS-118-sjonres.zip &&                             # unzip -o /BILLSTATUS-118-sjonres.zip &&                             # rm BILLSTATUS-118-sjonres.zip ||                             echo "Failed to download or unzip https://www.govinfo.gov/bulkdata/BILLSTATUS/118/sjres/BILLSTATUS-118-sjonres.zip" && wget https://www.govinfo.gov/bulkdata/BILLSTATUS/118/sconres/BILLSTATUS-118-sconres.zip &&                             # unzip -o /BILLSTATUS-118-sconres.zip &&                             # rm BILLSTATUS-118-sconres.zip ||                             echo "Failed to download or unzip https://www.govinfo.gov/bulkdata/BILLSTATUS/118/sconres/BILLSTATUS-118-sconres.zip"']
[2024-04-03T04:05:23.096+0000] {subprocess.py:86} INFO - Output:
[2024-04-03T04:05:23.119+0000] {subprocess.py:93} INFO - /usr/bin/bash: -c: line 2: syntax error: unexpected end of file
[2024-04-03T04:05:23.121+0000] {subprocess.py:97} INFO - Command exited with return code 2
[2024-04-03T04:05:23.143+0000] {taskinstance.py:2731} ERROR - Task failed with exception
Traceback (most recent call last):
  File "/home/airflow/.local/lib/python3.11/site-packages/airflow/models/taskinstance.py", line 444, in _execute_task
    result = _execute_callable(context=context, **execute_callable_kwargs)
             ^^^^^^^^^^^^^^^^^^^^^^^^^^^^^^^^^^^^^^^^^^^^^^^^^^^^^^^^^^^^^
  File "/home/airflow/.local/lib/python3.11/site-packages/airflow/models/taskinstance.py", line 414, in _execute_callable
    return execute_callable(context=context, **execute_callable_kwargs)
           ^^^^^^^^^^^^^^^^^^^^^^^^^^^^^^^^^^^^^^^^^^^^^^^^^^^^^^^^^^^^
  File "/home/airflow/.local/lib/python3.11/site-packages/airflow/operators/bash.py", line 212, in execute
    raise AirflowException(
airflow.exceptions.AirflowException: Bash command failed. The command returned a non-zero exit code 2.
[2024-04-03T04:05:23.165+0000] {taskinstance.py:1149} INFO - Marking task as UP_FOR_RETRY. dag_id=upload_congress_data, task_id=download_bill_statuses, execution_date=20240403T040330, start_date=20240403T040522, end_date=20240403T040523
[2024-04-03T04:05:23.731+0000] {standard_task_runner.py:107} ERROR - Failed to execute job 206 for task download_bill_statuses (Bash command failed. The command returned a non-zero exit code 2.; 180)
[2024-04-03T04:05:23.792+0000] {local_task_job_runner.py:234} INFO - Task exited with return code 1
[2024-04-03T04:05:23.838+0000] {taskinstance.py:3312} INFO - 0 downstream tasks scheduled from follow-on schedule check
