[2024-06-24T00:03:41.303+0000] {processor.py:161} INFO - Started process (PID=4965) to work on /opt/airflow/dags/scripts/python/get_data.py
[2024-06-24T00:03:41.307+0000] {processor.py:830} INFO - Processing file /opt/airflow/dags/scripts/python/get_data.py for tasks to queue
[2024-06-24T00:03:41.314+0000] {logging_mixin.py:188} INFO - [2024-06-24T00:03:41.313+0000] {dagbag.py:540} INFO - Filling up the DagBag from /opt/airflow/dags/scripts/python/get_data.py
[2024-06-24T00:03:41.383+0000] {processor.py:842} WARNING - No viable dags retrieved from /opt/airflow/dags/scripts/python/get_data.py
[2024-06-24T00:03:41.415+0000] {processor.py:183} INFO - Processing /opt/airflow/dags/scripts/python/get_data.py took 0.120 seconds
[2024-06-24T01:21:41.030+0000] {processor.py:161} INFO - Started process (PID=4973) to work on /opt/airflow/dags/scripts/python/get_data.py
[2024-06-24T01:21:41.031+0000] {processor.py:830} INFO - Processing file /opt/airflow/dags/scripts/python/get_data.py for tasks to queue
[2024-06-24T01:21:41.032+0000] {logging_mixin.py:188} INFO - [2024-06-24T01:21:41.032+0000] {dagbag.py:540} INFO - Filling up the DagBag from /opt/airflow/dags/scripts/python/get_data.py
[2024-06-24T01:21:41.049+0000] {processor.py:842} WARNING - No viable dags retrieved from /opt/airflow/dags/scripts/python/get_data.py
[2024-06-24T01:21:41.058+0000] {processor.py:183} INFO - Processing /opt/airflow/dags/scripts/python/get_data.py took 0.030 seconds
[2024-06-24T02:23:18.661+0000] {processor.py:161} INFO - Started process (PID=4981) to work on /opt/airflow/dags/scripts/python/get_data.py
[2024-06-24T02:23:18.664+0000] {processor.py:830} INFO - Processing file /opt/airflow/dags/scripts/python/get_data.py for tasks to queue
[2024-06-24T02:23:18.667+0000] {logging_mixin.py:188} INFO - [2024-06-24T02:23:18.667+0000] {dagbag.py:540} INFO - Filling up the DagBag from /opt/airflow/dags/scripts/python/get_data.py
[2024-06-24T02:23:18.711+0000] {processor.py:842} WARNING - No viable dags retrieved from /opt/airflow/dags/scripts/python/get_data.py
[2024-06-24T02:23:18.743+0000] {processor.py:183} INFO - Processing /opt/airflow/dags/scripts/python/get_data.py took 0.090 seconds
[2024-06-24T03:34:11.394+0000] {processor.py:161} INFO - Started process (PID=4989) to work on /opt/airflow/dags/scripts/python/get_data.py
[2024-06-24T03:34:11.395+0000] {processor.py:830} INFO - Processing file /opt/airflow/dags/scripts/python/get_data.py for tasks to queue
[2024-06-24T03:34:11.397+0000] {logging_mixin.py:188} INFO - [2024-06-24T03:34:11.396+0000] {dagbag.py:540} INFO - Filling up the DagBag from /opt/airflow/dags/scripts/python/get_data.py
[2024-06-24T03:34:11.417+0000] {processor.py:842} WARNING - No viable dags retrieved from /opt/airflow/dags/scripts/python/get_data.py
[2024-06-24T03:34:11.430+0000] {processor.py:183} INFO - Processing /opt/airflow/dags/scripts/python/get_data.py took 0.038 seconds
[2024-06-24T04:35:18.549+0000] {processor.py:161} INFO - Started process (PID=4997) to work on /opt/airflow/dags/scripts/python/get_data.py
[2024-06-24T04:35:18.555+0000] {processor.py:830} INFO - Processing file /opt/airflow/dags/scripts/python/get_data.py for tasks to queue
[2024-06-24T04:35:18.567+0000] {logging_mixin.py:188} INFO - [2024-06-24T04:35:18.565+0000] {dagbag.py:540} INFO - Filling up the DagBag from /opt/airflow/dags/scripts/python/get_data.py
[2024-06-24T04:35:18.615+0000] {processor.py:842} WARNING - No viable dags retrieved from /opt/airflow/dags/scripts/python/get_data.py
[2024-06-24T04:35:18.637+0000] {processor.py:183} INFO - Processing /opt/airflow/dags/scripts/python/get_data.py took 0.105 seconds
[2024-06-24T05:56:00.453+0000] {processor.py:161} INFO - Started process (PID=5005) to work on /opt/airflow/dags/scripts/python/get_data.py
[2024-06-24T05:56:00.455+0000] {processor.py:830} INFO - Processing file /opt/airflow/dags/scripts/python/get_data.py for tasks to queue
[2024-06-24T05:56:00.458+0000] {logging_mixin.py:188} INFO - [2024-06-24T05:56:00.458+0000] {dagbag.py:540} INFO - Filling up the DagBag from /opt/airflow/dags/scripts/python/get_data.py
[2024-06-24T05:56:00.483+0000] {processor.py:842} WARNING - No viable dags retrieved from /opt/airflow/dags/scripts/python/get_data.py
[2024-06-24T05:56:00.492+0000] {processor.py:183} INFO - Processing /opt/airflow/dags/scripts/python/get_data.py took 0.044 seconds
[2024-06-24T07:02:28.949+0000] {processor.py:161} INFO - Started process (PID=5013) to work on /opt/airflow/dags/scripts/python/get_data.py
[2024-06-24T07:02:28.951+0000] {processor.py:830} INFO - Processing file /opt/airflow/dags/scripts/python/get_data.py for tasks to queue
[2024-06-24T07:02:28.955+0000] {logging_mixin.py:188} INFO - [2024-06-24T07:02:28.955+0000] {dagbag.py:540} INFO - Filling up the DagBag from /opt/airflow/dags/scripts/python/get_data.py
[2024-06-24T07:02:28.997+0000] {processor.py:842} WARNING - No viable dags retrieved from /opt/airflow/dags/scripts/python/get_data.py
[2024-06-24T07:02:29.029+0000] {processor.py:183} INFO - Processing /opt/airflow/dags/scripts/python/get_data.py took 0.086 seconds
[2024-06-24T08:36:40.711+0000] {processor.py:161} INFO - Started process (PID=5021) to work on /opt/airflow/dags/scripts/python/get_data.py
[2024-06-24T08:36:40.715+0000] {processor.py:830} INFO - Processing file /opt/airflow/dags/scripts/python/get_data.py for tasks to queue
[2024-06-24T08:36:40.724+0000] {logging_mixin.py:188} INFO - [2024-06-24T08:36:40.722+0000] {dagbag.py:540} INFO - Filling up the DagBag from /opt/airflow/dags/scripts/python/get_data.py
[2024-06-24T08:36:40.784+0000] {processor.py:842} WARNING - No viable dags retrieved from /opt/airflow/dags/scripts/python/get_data.py
[2024-06-24T08:36:40.797+0000] {processor.py:183} INFO - Processing /opt/airflow/dags/scripts/python/get_data.py took 0.109 seconds
[2024-06-24T09:56:13.054+0000] {processor.py:161} INFO - Started process (PID=5029) to work on /opt/airflow/dags/scripts/python/get_data.py
[2024-06-24T09:56:13.058+0000] {processor.py:830} INFO - Processing file /opt/airflow/dags/scripts/python/get_data.py for tasks to queue
[2024-06-24T09:56:13.070+0000] {logging_mixin.py:188} INFO - [2024-06-24T09:56:13.070+0000] {dagbag.py:540} INFO - Filling up the DagBag from /opt/airflow/dags/scripts/python/get_data.py
[2024-06-24T09:56:13.136+0000] {processor.py:842} WARNING - No viable dags retrieved from /opt/airflow/dags/scripts/python/get_data.py
[2024-06-24T09:56:13.188+0000] {processor.py:183} INFO - Processing /opt/airflow/dags/scripts/python/get_data.py took 0.144 seconds
[2024-06-24T11:33:45.149+0000] {processor.py:161} INFO - Started process (PID=5037) to work on /opt/airflow/dags/scripts/python/get_data.py
[2024-06-24T11:33:45.150+0000] {processor.py:830} INFO - Processing file /opt/airflow/dags/scripts/python/get_data.py for tasks to queue
[2024-06-24T11:33:45.152+0000] {logging_mixin.py:188} INFO - [2024-06-24T11:33:45.152+0000] {dagbag.py:540} INFO - Filling up the DagBag from /opt/airflow/dags/scripts/python/get_data.py
[2024-06-24T11:33:45.175+0000] {processor.py:842} WARNING - No viable dags retrieved from /opt/airflow/dags/scripts/python/get_data.py
[2024-06-24T11:33:45.185+0000] {processor.py:183} INFO - Processing /opt/airflow/dags/scripts/python/get_data.py took 0.039 seconds
[2024-06-24T12:45:18.574+0000] {processor.py:161} INFO - Started process (PID=5045) to work on /opt/airflow/dags/scripts/python/get_data.py
[2024-06-24T12:45:18.574+0000] {processor.py:830} INFO - Processing file /opt/airflow/dags/scripts/python/get_data.py for tasks to queue
[2024-06-24T12:45:18.576+0000] {logging_mixin.py:188} INFO - [2024-06-24T12:45:18.576+0000] {dagbag.py:540} INFO - Filling up the DagBag from /opt/airflow/dags/scripts/python/get_data.py
[2024-06-24T12:45:18.596+0000] {processor.py:842} WARNING - No viable dags retrieved from /opt/airflow/dags/scripts/python/get_data.py
[2024-06-24T12:45:18.608+0000] {processor.py:183} INFO - Processing /opt/airflow/dags/scripts/python/get_data.py took 0.037 seconds
[2024-06-24T14:09:22.213+0000] {processor.py:161} INFO - Started process (PID=5053) to work on /opt/airflow/dags/scripts/python/get_data.py
[2024-06-24T14:09:22.226+0000] {processor.py:830} INFO - Processing file /opt/airflow/dags/scripts/python/get_data.py for tasks to queue
[2024-06-24T14:09:22.235+0000] {logging_mixin.py:188} INFO - [2024-06-24T14:09:22.234+0000] {dagbag.py:540} INFO - Filling up the DagBag from /opt/airflow/dags/scripts/python/get_data.py
[2024-06-24T14:09:22.284+0000] {processor.py:842} WARNING - No viable dags retrieved from /opt/airflow/dags/scripts/python/get_data.py
[2024-06-24T14:09:22.327+0000] {processor.py:183} INFO - Processing /opt/airflow/dags/scripts/python/get_data.py took 0.122 seconds
[2024-06-24T15:01:19.696+0000] {processor.py:161} INFO - Started process (PID=5061) to work on /opt/airflow/dags/scripts/python/get_data.py
[2024-06-24T15:01:19.697+0000] {processor.py:830} INFO - Processing file /opt/airflow/dags/scripts/python/get_data.py for tasks to queue
[2024-06-24T15:01:19.701+0000] {logging_mixin.py:188} INFO - [2024-06-24T15:01:19.701+0000] {dagbag.py:540} INFO - Filling up the DagBag from /opt/airflow/dags/scripts/python/get_data.py
[2024-06-24T15:01:19.773+0000] {processor.py:842} WARNING - No viable dags retrieved from /opt/airflow/dags/scripts/python/get_data.py
[2024-06-24T15:01:19.838+0000] {processor.py:183} INFO - Processing /opt/airflow/dags/scripts/python/get_data.py took 0.146 seconds
[2024-06-24T16:32:12.842+0000] {processor.py:161} INFO - Started process (PID=5069) to work on /opt/airflow/dags/scripts/python/get_data.py
[2024-06-24T16:32:12.844+0000] {processor.py:830} INFO - Processing file /opt/airflow/dags/scripts/python/get_data.py for tasks to queue
[2024-06-24T16:32:12.848+0000] {logging_mixin.py:188} INFO - [2024-06-24T16:32:12.847+0000] {dagbag.py:540} INFO - Filling up the DagBag from /opt/airflow/dags/scripts/python/get_data.py
[2024-06-24T16:32:12.901+0000] {processor.py:842} WARNING - No viable dags retrieved from /opt/airflow/dags/scripts/python/get_data.py
[2024-06-24T16:32:12.932+0000] {processor.py:183} INFO - Processing /opt/airflow/dags/scripts/python/get_data.py took 0.094 seconds
[2024-06-24T16:50:58.732+0000] {processor.py:161} INFO - Started process (PID=5077) to work on /opt/airflow/dags/scripts/python/get_data.py
[2024-06-24T16:50:58.734+0000] {processor.py:830} INFO - Processing file /opt/airflow/dags/scripts/python/get_data.py for tasks to queue
[2024-06-24T16:50:58.737+0000] {logging_mixin.py:188} INFO - [2024-06-24T16:50:58.737+0000] {dagbag.py:540} INFO - Filling up the DagBag from /opt/airflow/dags/scripts/python/get_data.py
[2024-06-24T16:50:58.770+0000] {processor.py:842} WARNING - No viable dags retrieved from /opt/airflow/dags/scripts/python/get_data.py
[2024-06-24T16:50:58.797+0000] {processor.py:183} INFO - Processing /opt/airflow/dags/scripts/python/get_data.py took 0.067 seconds
[2024-06-24T17:51:00.712+0000] {processor.py:161} INFO - Started process (PID=5085) to work on /opt/airflow/dags/scripts/python/get_data.py
[2024-06-24T17:51:00.713+0000] {processor.py:830} INFO - Processing file /opt/airflow/dags/scripts/python/get_data.py for tasks to queue
[2024-06-24T17:51:00.715+0000] {logging_mixin.py:188} INFO - [2024-06-24T17:51:00.714+0000] {dagbag.py:540} INFO - Filling up the DagBag from /opt/airflow/dags/scripts/python/get_data.py
[2024-06-24T17:51:00.739+0000] {processor.py:842} WARNING - No viable dags retrieved from /opt/airflow/dags/scripts/python/get_data.py
[2024-06-24T17:51:00.749+0000] {processor.py:183} INFO - Processing /opt/airflow/dags/scripts/python/get_data.py took 0.041 seconds
[2024-06-24T19:21:14.841+0000] {processor.py:161} INFO - Started process (PID=5093) to work on /opt/airflow/dags/scripts/python/get_data.py
[2024-06-24T19:21:14.844+0000] {processor.py:830} INFO - Processing file /opt/airflow/dags/scripts/python/get_data.py for tasks to queue
[2024-06-24T19:21:14.852+0000] {logging_mixin.py:188} INFO - [2024-06-24T19:21:14.851+0000] {dagbag.py:540} INFO - Filling up the DagBag from /opt/airflow/dags/scripts/python/get_data.py
[2024-06-24T19:21:14.947+0000] {processor.py:842} WARNING - No viable dags retrieved from /opt/airflow/dags/scripts/python/get_data.py
[2024-06-24T19:21:15.024+0000] {processor.py:183} INFO - Processing /opt/airflow/dags/scripts/python/get_data.py took 0.193 seconds
[2024-06-24T19:21:45.409+0000] {processor.py:161} INFO - Started process (PID=5101) to work on /opt/airflow/dags/scripts/python/get_data.py
[2024-06-24T19:21:45.411+0000] {processor.py:830} INFO - Processing file /opt/airflow/dags/scripts/python/get_data.py for tasks to queue
[2024-06-24T19:21:45.418+0000] {logging_mixin.py:188} INFO - [2024-06-24T19:21:45.417+0000] {dagbag.py:540} INFO - Filling up the DagBag from /opt/airflow/dags/scripts/python/get_data.py
[2024-06-24T19:21:45.449+0000] {processor.py:842} WARNING - No viable dags retrieved from /opt/airflow/dags/scripts/python/get_data.py
[2024-06-24T19:21:45.466+0000] {processor.py:183} INFO - Processing /opt/airflow/dags/scripts/python/get_data.py took 0.065 seconds
[2024-06-24T19:22:15.884+0000] {processor.py:161} INFO - Started process (PID=5109) to work on /opt/airflow/dags/scripts/python/get_data.py
[2024-06-24T19:22:15.885+0000] {processor.py:830} INFO - Processing file /opt/airflow/dags/scripts/python/get_data.py for tasks to queue
[2024-06-24T19:22:15.887+0000] {logging_mixin.py:188} INFO - [2024-06-24T19:22:15.887+0000] {dagbag.py:540} INFO - Filling up the DagBag from /opt/airflow/dags/scripts/python/get_data.py
[2024-06-24T19:22:15.910+0000] {processor.py:842} WARNING - No viable dags retrieved from /opt/airflow/dags/scripts/python/get_data.py
[2024-06-24T19:22:15.924+0000] {processor.py:183} INFO - Processing /opt/airflow/dags/scripts/python/get_data.py took 0.043 seconds
[2024-06-24T19:22:46.311+0000] {processor.py:161} INFO - Started process (PID=5117) to work on /opt/airflow/dags/scripts/python/get_data.py
[2024-06-24T19:22:46.312+0000] {processor.py:830} INFO - Processing file /opt/airflow/dags/scripts/python/get_data.py for tasks to queue
[2024-06-24T19:22:46.314+0000] {logging_mixin.py:188} INFO - [2024-06-24T19:22:46.313+0000] {dagbag.py:540} INFO - Filling up the DagBag from /opt/airflow/dags/scripts/python/get_data.py
[2024-06-24T19:22:46.337+0000] {processor.py:842} WARNING - No viable dags retrieved from /opt/airflow/dags/scripts/python/get_data.py
[2024-06-24T19:22:46.346+0000] {processor.py:183} INFO - Processing /opt/airflow/dags/scripts/python/get_data.py took 0.039 seconds
[2024-06-24T19:23:16.733+0000] {processor.py:161} INFO - Started process (PID=5125) to work on /opt/airflow/dags/scripts/python/get_data.py
[2024-06-24T19:23:16.735+0000] {processor.py:830} INFO - Processing file /opt/airflow/dags/scripts/python/get_data.py for tasks to queue
[2024-06-24T19:23:16.737+0000] {logging_mixin.py:188} INFO - [2024-06-24T19:23:16.737+0000] {dagbag.py:540} INFO - Filling up the DagBag from /opt/airflow/dags/scripts/python/get_data.py
[2024-06-24T19:23:16.764+0000] {processor.py:842} WARNING - No viable dags retrieved from /opt/airflow/dags/scripts/python/get_data.py
[2024-06-24T19:23:16.777+0000] {processor.py:183} INFO - Processing /opt/airflow/dags/scripts/python/get_data.py took 0.047 seconds
[2024-06-24T19:23:47.172+0000] {processor.py:161} INFO - Started process (PID=5133) to work on /opt/airflow/dags/scripts/python/get_data.py
[2024-06-24T19:23:47.173+0000] {processor.py:830} INFO - Processing file /opt/airflow/dags/scripts/python/get_data.py for tasks to queue
[2024-06-24T19:23:47.177+0000] {logging_mixin.py:188} INFO - [2024-06-24T19:23:47.176+0000] {dagbag.py:540} INFO - Filling up the DagBag from /opt/airflow/dags/scripts/python/get_data.py
[2024-06-24T19:23:47.204+0000] {processor.py:842} WARNING - No viable dags retrieved from /opt/airflow/dags/scripts/python/get_data.py
[2024-06-24T19:23:47.219+0000] {processor.py:183} INFO - Processing /opt/airflow/dags/scripts/python/get_data.py took 0.051 seconds
[2024-06-24T19:24:17.591+0000] {processor.py:161} INFO - Started process (PID=5141) to work on /opt/airflow/dags/scripts/python/get_data.py
[2024-06-24T19:24:17.591+0000] {processor.py:830} INFO - Processing file /opt/airflow/dags/scripts/python/get_data.py for tasks to queue
[2024-06-24T19:24:17.594+0000] {logging_mixin.py:188} INFO - [2024-06-24T19:24:17.593+0000] {dagbag.py:540} INFO - Filling up the DagBag from /opt/airflow/dags/scripts/python/get_data.py
[2024-06-24T19:24:17.624+0000] {processor.py:842} WARNING - No viable dags retrieved from /opt/airflow/dags/scripts/python/get_data.py
[2024-06-24T19:24:17.644+0000] {processor.py:183} INFO - Processing /opt/airflow/dags/scripts/python/get_data.py took 0.055 seconds
[2024-06-24T19:24:48.088+0000] {processor.py:161} INFO - Started process (PID=5149) to work on /opt/airflow/dags/scripts/python/get_data.py
[2024-06-24T19:24:48.089+0000] {processor.py:830} INFO - Processing file /opt/airflow/dags/scripts/python/get_data.py for tasks to queue
[2024-06-24T19:24:48.092+0000] {logging_mixin.py:188} INFO - [2024-06-24T19:24:48.091+0000] {dagbag.py:540} INFO - Filling up the DagBag from /opt/airflow/dags/scripts/python/get_data.py
[2024-06-24T19:24:48.124+0000] {processor.py:842} WARNING - No viable dags retrieved from /opt/airflow/dags/scripts/python/get_data.py
[2024-06-24T19:24:48.150+0000] {processor.py:183} INFO - Processing /opt/airflow/dags/scripts/python/get_data.py took 0.067 seconds
[2024-06-24T19:25:18.653+0000] {processor.py:161} INFO - Started process (PID=5157) to work on /opt/airflow/dags/scripts/python/get_data.py
[2024-06-24T19:25:18.654+0000] {processor.py:830} INFO - Processing file /opt/airflow/dags/scripts/python/get_data.py for tasks to queue
[2024-06-24T19:25:18.656+0000] {logging_mixin.py:188} INFO - [2024-06-24T19:25:18.656+0000] {dagbag.py:540} INFO - Filling up the DagBag from /opt/airflow/dags/scripts/python/get_data.py
[2024-06-24T19:25:18.682+0000] {processor.py:842} WARNING - No viable dags retrieved from /opt/airflow/dags/scripts/python/get_data.py
[2024-06-24T19:25:18.693+0000] {processor.py:183} INFO - Processing /opt/airflow/dags/scripts/python/get_data.py took 0.044 seconds
[2024-06-24T19:25:49.027+0000] {processor.py:161} INFO - Started process (PID=5165) to work on /opt/airflow/dags/scripts/python/get_data.py
[2024-06-24T19:25:49.028+0000] {processor.py:830} INFO - Processing file /opt/airflow/dags/scripts/python/get_data.py for tasks to queue
[2024-06-24T19:25:49.030+0000] {logging_mixin.py:188} INFO - [2024-06-24T19:25:49.030+0000] {dagbag.py:540} INFO - Filling up the DagBag from /opt/airflow/dags/scripts/python/get_data.py
[2024-06-24T19:25:49.061+0000] {processor.py:842} WARNING - No viable dags retrieved from /opt/airflow/dags/scripts/python/get_data.py
[2024-06-24T19:25:49.079+0000] {processor.py:183} INFO - Processing /opt/airflow/dags/scripts/python/get_data.py took 0.055 seconds
[2024-06-24T19:26:19.267+0000] {processor.py:161} INFO - Started process (PID=5173) to work on /opt/airflow/dags/scripts/python/get_data.py
[2024-06-24T19:26:19.268+0000] {processor.py:830} INFO - Processing file /opt/airflow/dags/scripts/python/get_data.py for tasks to queue
[2024-06-24T19:26:19.271+0000] {logging_mixin.py:188} INFO - [2024-06-24T19:26:19.270+0000] {dagbag.py:540} INFO - Filling up the DagBag from /opt/airflow/dags/scripts/python/get_data.py
[2024-06-24T19:26:19.306+0000] {processor.py:842} WARNING - No viable dags retrieved from /opt/airflow/dags/scripts/python/get_data.py
[2024-06-24T19:26:19.323+0000] {processor.py:183} INFO - Processing /opt/airflow/dags/scripts/python/get_data.py took 0.061 seconds
[2024-06-24T19:26:49.711+0000] {processor.py:161} INFO - Started process (PID=5181) to work on /opt/airflow/dags/scripts/python/get_data.py
[2024-06-24T19:26:49.711+0000] {processor.py:830} INFO - Processing file /opt/airflow/dags/scripts/python/get_data.py for tasks to queue
[2024-06-24T19:26:49.713+0000] {logging_mixin.py:188} INFO - [2024-06-24T19:26:49.713+0000] {dagbag.py:540} INFO - Filling up the DagBag from /opt/airflow/dags/scripts/python/get_data.py
[2024-06-24T19:26:49.738+0000] {processor.py:842} WARNING - No viable dags retrieved from /opt/airflow/dags/scripts/python/get_data.py
[2024-06-24T19:26:49.750+0000] {processor.py:183} INFO - Processing /opt/airflow/dags/scripts/python/get_data.py took 0.042 seconds
[2024-06-24T19:27:20.151+0000] {processor.py:161} INFO - Started process (PID=5189) to work on /opt/airflow/dags/scripts/python/get_data.py
[2024-06-24T19:27:20.152+0000] {processor.py:830} INFO - Processing file /opt/airflow/dags/scripts/python/get_data.py for tasks to queue
[2024-06-24T19:27:20.154+0000] {logging_mixin.py:188} INFO - [2024-06-24T19:27:20.154+0000] {dagbag.py:540} INFO - Filling up the DagBag from /opt/airflow/dags/scripts/python/get_data.py
[2024-06-24T19:27:20.181+0000] {processor.py:842} WARNING - No viable dags retrieved from /opt/airflow/dags/scripts/python/get_data.py
[2024-06-24T19:27:20.198+0000] {processor.py:183} INFO - Processing /opt/airflow/dags/scripts/python/get_data.py took 0.050 seconds
[2024-06-24T19:27:50.605+0000] {processor.py:161} INFO - Started process (PID=5197) to work on /opt/airflow/dags/scripts/python/get_data.py
[2024-06-24T19:27:50.606+0000] {processor.py:830} INFO - Processing file /opt/airflow/dags/scripts/python/get_data.py for tasks to queue
[2024-06-24T19:27:50.610+0000] {logging_mixin.py:188} INFO - [2024-06-24T19:27:50.610+0000] {dagbag.py:540} INFO - Filling up the DagBag from /opt/airflow/dags/scripts/python/get_data.py
[2024-06-24T19:27:50.636+0000] {processor.py:842} WARNING - No viable dags retrieved from /opt/airflow/dags/scripts/python/get_data.py
[2024-06-24T19:27:50.648+0000] {processor.py:183} INFO - Processing /opt/airflow/dags/scripts/python/get_data.py took 0.045 seconds
[2024-06-24T19:28:21.073+0000] {processor.py:161} INFO - Started process (PID=5205) to work on /opt/airflow/dags/scripts/python/get_data.py
[2024-06-24T19:28:21.074+0000] {processor.py:830} INFO - Processing file /opt/airflow/dags/scripts/python/get_data.py for tasks to queue
[2024-06-24T19:28:21.077+0000] {logging_mixin.py:188} INFO - [2024-06-24T19:28:21.076+0000] {dagbag.py:540} INFO - Filling up the DagBag from /opt/airflow/dags/scripts/python/get_data.py
[2024-06-24T19:28:21.109+0000] {processor.py:842} WARNING - No viable dags retrieved from /opt/airflow/dags/scripts/python/get_data.py
[2024-06-24T19:28:21.129+0000] {processor.py:183} INFO - Processing /opt/airflow/dags/scripts/python/get_data.py took 0.059 seconds
[2024-06-24T19:28:51.482+0000] {processor.py:161} INFO - Started process (PID=5213) to work on /opt/airflow/dags/scripts/python/get_data.py
[2024-06-24T19:28:51.483+0000] {processor.py:830} INFO - Processing file /opt/airflow/dags/scripts/python/get_data.py for tasks to queue
[2024-06-24T19:28:51.485+0000] {logging_mixin.py:188} INFO - [2024-06-24T19:28:51.484+0000] {dagbag.py:540} INFO - Filling up the DagBag from /opt/airflow/dags/scripts/python/get_data.py
[2024-06-24T19:28:51.511+0000] {processor.py:842} WARNING - No viable dags retrieved from /opt/airflow/dags/scripts/python/get_data.py
[2024-06-24T19:28:51.524+0000] {processor.py:183} INFO - Processing /opt/airflow/dags/scripts/python/get_data.py took 0.045 seconds
[2024-06-24T19:29:21.960+0000] {processor.py:161} INFO - Started process (PID=5222) to work on /opt/airflow/dags/scripts/python/get_data.py
[2024-06-24T19:29:21.962+0000] {processor.py:830} INFO - Processing file /opt/airflow/dags/scripts/python/get_data.py for tasks to queue
[2024-06-24T19:29:21.965+0000] {logging_mixin.py:188} INFO - [2024-06-24T19:29:21.965+0000] {dagbag.py:540} INFO - Filling up the DagBag from /opt/airflow/dags/scripts/python/get_data.py
[2024-06-24T19:29:21.989+0000] {processor.py:842} WARNING - No viable dags retrieved from /opt/airflow/dags/scripts/python/get_data.py
[2024-06-24T19:29:22.003+0000] {processor.py:183} INFO - Processing /opt/airflow/dags/scripts/python/get_data.py took 0.046 seconds
[2024-06-24T19:29:52.364+0000] {processor.py:161} INFO - Started process (PID=5230) to work on /opt/airflow/dags/scripts/python/get_data.py
[2024-06-24T19:29:52.365+0000] {processor.py:830} INFO - Processing file /opt/airflow/dags/scripts/python/get_data.py for tasks to queue
[2024-06-24T19:29:52.367+0000] {logging_mixin.py:188} INFO - [2024-06-24T19:29:52.367+0000] {dagbag.py:540} INFO - Filling up the DagBag from /opt/airflow/dags/scripts/python/get_data.py
[2024-06-24T19:29:52.399+0000] {processor.py:842} WARNING - No viable dags retrieved from /opt/airflow/dags/scripts/python/get_data.py
[2024-06-24T19:29:52.433+0000] {processor.py:183} INFO - Processing /opt/airflow/dags/scripts/python/get_data.py took 0.074 seconds
[2024-06-24T19:30:23.049+0000] {processor.py:161} INFO - Started process (PID=5239) to work on /opt/airflow/dags/scripts/python/get_data.py
[2024-06-24T19:30:23.049+0000] {processor.py:830} INFO - Processing file /opt/airflow/dags/scripts/python/get_data.py for tasks to queue
[2024-06-24T19:30:23.051+0000] {logging_mixin.py:188} INFO - [2024-06-24T19:30:23.051+0000] {dagbag.py:540} INFO - Filling up the DagBag from /opt/airflow/dags/scripts/python/get_data.py
[2024-06-24T19:30:23.082+0000] {processor.py:842} WARNING - No viable dags retrieved from /opt/airflow/dags/scripts/python/get_data.py
[2024-06-24T19:30:23.114+0000] {processor.py:183} INFO - Processing /opt/airflow/dags/scripts/python/get_data.py took 0.069 seconds
[2024-06-24T20:01:42.452+0000] {processor.py:161} INFO - Started process (PID=5247) to work on /opt/airflow/dags/scripts/python/get_data.py
[2024-06-24T20:01:42.456+0000] {processor.py:830} INFO - Processing file /opt/airflow/dags/scripts/python/get_data.py for tasks to queue
[2024-06-24T20:01:42.460+0000] {logging_mixin.py:188} INFO - [2024-06-24T20:01:42.460+0000] {dagbag.py:540} INFO - Filling up the DagBag from /opt/airflow/dags/scripts/python/get_data.py
[2024-06-24T20:01:42.534+0000] {processor.py:842} WARNING - No viable dags retrieved from /opt/airflow/dags/scripts/python/get_data.py
[2024-06-24T20:01:42.565+0000] {processor.py:183} INFO - Processing /opt/airflow/dags/scripts/python/get_data.py took 0.119 seconds
[2024-06-24T20:02:12.934+0000] {processor.py:161} INFO - Started process (PID=5255) to work on /opt/airflow/dags/scripts/python/get_data.py
[2024-06-24T20:02:12.935+0000] {processor.py:830} INFO - Processing file /opt/airflow/dags/scripts/python/get_data.py for tasks to queue
[2024-06-24T20:02:12.938+0000] {logging_mixin.py:188} INFO - [2024-06-24T20:02:12.937+0000] {dagbag.py:540} INFO - Filling up the DagBag from /opt/airflow/dags/scripts/python/get_data.py
[2024-06-24T20:02:12.960+0000] {processor.py:842} WARNING - No viable dags retrieved from /opt/airflow/dags/scripts/python/get_data.py
[2024-06-24T20:02:12.972+0000] {processor.py:183} INFO - Processing /opt/airflow/dags/scripts/python/get_data.py took 0.042 seconds
[2024-06-24T20:02:43.472+0000] {processor.py:161} INFO - Started process (PID=5263) to work on /opt/airflow/dags/scripts/python/get_data.py
[2024-06-24T20:02:43.473+0000] {processor.py:830} INFO - Processing file /opt/airflow/dags/scripts/python/get_data.py for tasks to queue
[2024-06-24T20:02:43.475+0000] {logging_mixin.py:188} INFO - [2024-06-24T20:02:43.475+0000] {dagbag.py:540} INFO - Filling up the DagBag from /opt/airflow/dags/scripts/python/get_data.py
[2024-06-24T20:02:43.517+0000] {processor.py:842} WARNING - No viable dags retrieved from /opt/airflow/dags/scripts/python/get_data.py
[2024-06-24T20:02:43.537+0000] {processor.py:183} INFO - Processing /opt/airflow/dags/scripts/python/get_data.py took 0.070 seconds
[2024-06-24T20:03:13.983+0000] {processor.py:161} INFO - Started process (PID=5271) to work on /opt/airflow/dags/scripts/python/get_data.py
[2024-06-24T20:03:13.984+0000] {processor.py:830} INFO - Processing file /opt/airflow/dags/scripts/python/get_data.py for tasks to queue
[2024-06-24T20:03:13.986+0000] {logging_mixin.py:188} INFO - [2024-06-24T20:03:13.986+0000] {dagbag.py:540} INFO - Filling up the DagBag from /opt/airflow/dags/scripts/python/get_data.py
[2024-06-24T20:03:14.024+0000] {processor.py:842} WARNING - No viable dags retrieved from /opt/airflow/dags/scripts/python/get_data.py
[2024-06-24T20:03:14.056+0000] {processor.py:183} INFO - Processing /opt/airflow/dags/scripts/python/get_data.py took 0.077 seconds
[2024-06-24T20:03:44.433+0000] {processor.py:161} INFO - Started process (PID=5279) to work on /opt/airflow/dags/scripts/python/get_data.py
[2024-06-24T20:03:44.434+0000] {processor.py:830} INFO - Processing file /opt/airflow/dags/scripts/python/get_data.py for tasks to queue
[2024-06-24T20:03:44.436+0000] {logging_mixin.py:188} INFO - [2024-06-24T20:03:44.436+0000] {dagbag.py:540} INFO - Filling up the DagBag from /opt/airflow/dags/scripts/python/get_data.py
[2024-06-24T20:03:44.458+0000] {processor.py:842} WARNING - No viable dags retrieved from /opt/airflow/dags/scripts/python/get_data.py
[2024-06-24T20:03:44.469+0000] {processor.py:183} INFO - Processing /opt/airflow/dags/scripts/python/get_data.py took 0.039 seconds
[2024-06-24T20:04:14.818+0000] {processor.py:161} INFO - Started process (PID=5287) to work on /opt/airflow/dags/scripts/python/get_data.py
[2024-06-24T20:04:14.819+0000] {processor.py:830} INFO - Processing file /opt/airflow/dags/scripts/python/get_data.py for tasks to queue
[2024-06-24T20:04:14.821+0000] {logging_mixin.py:188} INFO - [2024-06-24T20:04:14.821+0000] {dagbag.py:540} INFO - Filling up the DagBag from /opt/airflow/dags/scripts/python/get_data.py
[2024-06-24T20:04:14.857+0000] {processor.py:842} WARNING - No viable dags retrieved from /opt/airflow/dags/scripts/python/get_data.py
[2024-06-24T20:04:14.870+0000] {processor.py:183} INFO - Processing /opt/airflow/dags/scripts/python/get_data.py took 0.055 seconds
[2024-06-24T20:04:45.190+0000] {processor.py:161} INFO - Started process (PID=5295) to work on /opt/airflow/dags/scripts/python/get_data.py
[2024-06-24T20:04:45.191+0000] {processor.py:830} INFO - Processing file /opt/airflow/dags/scripts/python/get_data.py for tasks to queue
[2024-06-24T20:04:45.193+0000] {logging_mixin.py:188} INFO - [2024-06-24T20:04:45.193+0000] {dagbag.py:540} INFO - Filling up the DagBag from /opt/airflow/dags/scripts/python/get_data.py
[2024-06-24T20:04:45.216+0000] {processor.py:842} WARNING - No viable dags retrieved from /opt/airflow/dags/scripts/python/get_data.py
[2024-06-24T20:04:45.240+0000] {processor.py:183} INFO - Processing /opt/airflow/dags/scripts/python/get_data.py took 0.052 seconds
[2024-06-24T20:05:15.632+0000] {processor.py:161} INFO - Started process (PID=5303) to work on /opt/airflow/dags/scripts/python/get_data.py
[2024-06-24T20:05:15.634+0000] {processor.py:830} INFO - Processing file /opt/airflow/dags/scripts/python/get_data.py for tasks to queue
[2024-06-24T20:05:15.638+0000] {logging_mixin.py:188} INFO - [2024-06-24T20:05:15.637+0000] {dagbag.py:540} INFO - Filling up the DagBag from /opt/airflow/dags/scripts/python/get_data.py
[2024-06-24T20:05:15.678+0000] {processor.py:842} WARNING - No viable dags retrieved from /opt/airflow/dags/scripts/python/get_data.py
[2024-06-24T20:05:15.700+0000] {processor.py:183} INFO - Processing /opt/airflow/dags/scripts/python/get_data.py took 0.075 seconds
[2024-06-24T20:05:46.032+0000] {processor.py:161} INFO - Started process (PID=5311) to work on /opt/airflow/dags/scripts/python/get_data.py
[2024-06-24T20:05:46.033+0000] {processor.py:830} INFO - Processing file /opt/airflow/dags/scripts/python/get_data.py for tasks to queue
[2024-06-24T20:05:46.035+0000] {logging_mixin.py:188} INFO - [2024-06-24T20:05:46.035+0000] {dagbag.py:540} INFO - Filling up the DagBag from /opt/airflow/dags/scripts/python/get_data.py
[2024-06-24T20:05:46.063+0000] {processor.py:842} WARNING - No viable dags retrieved from /opt/airflow/dags/scripts/python/get_data.py
[2024-06-24T20:05:46.076+0000] {processor.py:183} INFO - Processing /opt/airflow/dags/scripts/python/get_data.py took 0.046 seconds
[2024-06-24T20:06:16.520+0000] {processor.py:161} INFO - Started process (PID=5319) to work on /opt/airflow/dags/scripts/python/get_data.py
[2024-06-24T20:06:16.521+0000] {processor.py:830} INFO - Processing file /opt/airflow/dags/scripts/python/get_data.py for tasks to queue
[2024-06-24T20:06:16.523+0000] {logging_mixin.py:188} INFO - [2024-06-24T20:06:16.523+0000] {dagbag.py:540} INFO - Filling up the DagBag from /opt/airflow/dags/scripts/python/get_data.py
[2024-06-24T20:06:16.545+0000] {processor.py:842} WARNING - No viable dags retrieved from /opt/airflow/dags/scripts/python/get_data.py
[2024-06-24T20:06:16.555+0000] {processor.py:183} INFO - Processing /opt/airflow/dags/scripts/python/get_data.py took 0.038 seconds
[2024-06-24T21:46:51.927+0000] {processor.py:161} INFO - Started process (PID=5327) to work on /opt/airflow/dags/scripts/python/get_data.py
[2024-06-24T21:46:51.938+0000] {processor.py:830} INFO - Processing file /opt/airflow/dags/scripts/python/get_data.py for tasks to queue
[2024-06-24T21:46:51.952+0000] {logging_mixin.py:188} INFO - [2024-06-24T21:46:51.947+0000] {dagbag.py:540} INFO - Filling up the DagBag from /opt/airflow/dags/scripts/python/get_data.py
[2024-06-24T21:46:52.039+0000] {processor.py:842} WARNING - No viable dags retrieved from /opt/airflow/dags/scripts/python/get_data.py
[2024-06-24T21:46:52.068+0000] {processor.py:183} INFO - Processing /opt/airflow/dags/scripts/python/get_data.py took 0.144 seconds
[2024-06-24T21:57:46.277+0000] {processor.py:161} INFO - Started process (PID=5335) to work on /opt/airflow/dags/scripts/python/get_data.py
[2024-06-24T21:57:46.279+0000] {processor.py:830} INFO - Processing file /opt/airflow/dags/scripts/python/get_data.py for tasks to queue
[2024-06-24T21:57:46.286+0000] {logging_mixin.py:188} INFO - [2024-06-24T21:57:46.285+0000] {dagbag.py:540} INFO - Filling up the DagBag from /opt/airflow/dags/scripts/python/get_data.py
[2024-06-24T21:57:46.344+0000] {processor.py:842} WARNING - No viable dags retrieved from /opt/airflow/dags/scripts/python/get_data.py
[2024-06-24T21:57:46.384+0000] {processor.py:183} INFO - Processing /opt/airflow/dags/scripts/python/get_data.py took 0.113 seconds
[2024-06-24T23:11:16.477+0000] {processor.py:161} INFO - Started process (PID=5343) to work on /opt/airflow/dags/scripts/python/get_data.py
[2024-06-24T23:11:16.479+0000] {processor.py:830} INFO - Processing file /opt/airflow/dags/scripts/python/get_data.py for tasks to queue
[2024-06-24T23:11:16.484+0000] {logging_mixin.py:188} INFO - [2024-06-24T23:11:16.483+0000] {dagbag.py:540} INFO - Filling up the DagBag from /opt/airflow/dags/scripts/python/get_data.py
[2024-06-24T23:11:16.532+0000] {processor.py:842} WARNING - No viable dags retrieved from /opt/airflow/dags/scripts/python/get_data.py
[2024-06-24T23:11:16.565+0000] {processor.py:183} INFO - Processing /opt/airflow/dags/scripts/python/get_data.py took 0.092 seconds
[2024-06-24T23:15:15.930+0000] {processor.py:161} INFO - Started process (PID=5351) to work on /opt/airflow/dags/scripts/python/get_data.py
[2024-06-24T23:15:15.934+0000] {processor.py:830} INFO - Processing file /opt/airflow/dags/scripts/python/get_data.py for tasks to queue
[2024-06-24T23:15:15.941+0000] {logging_mixin.py:188} INFO - [2024-06-24T23:15:15.941+0000] {dagbag.py:540} INFO - Filling up the DagBag from /opt/airflow/dags/scripts/python/get_data.py
[2024-06-24T23:15:16.009+0000] {processor.py:842} WARNING - No viable dags retrieved from /opt/airflow/dags/scripts/python/get_data.py
[2024-06-24T23:15:16.064+0000] {processor.py:183} INFO - Processing /opt/airflow/dags/scripts/python/get_data.py took 0.143 seconds
[2024-06-24T23:15:46.426+0000] {processor.py:161} INFO - Started process (PID=5358) to work on /opt/airflow/dags/scripts/python/get_data.py
[2024-06-24T23:15:46.429+0000] {processor.py:830} INFO - Processing file /opt/airflow/dags/scripts/python/get_data.py for tasks to queue
[2024-06-24T23:15:46.436+0000] {logging_mixin.py:188} INFO - [2024-06-24T23:15:46.435+0000] {dagbag.py:540} INFO - Filling up the DagBag from /opt/airflow/dags/scripts/python/get_data.py
[2024-06-24T23:15:46.472+0000] {processor.py:842} WARNING - No viable dags retrieved from /opt/airflow/dags/scripts/python/get_data.py
[2024-06-24T23:15:46.485+0000] {processor.py:183} INFO - Processing /opt/airflow/dags/scripts/python/get_data.py took 0.067 seconds
[2024-06-24T23:16:17.372+0000] {processor.py:161} INFO - Started process (PID=5366) to work on /opt/airflow/dags/scripts/python/get_data.py
[2024-06-24T23:16:17.372+0000] {processor.py:830} INFO - Processing file /opt/airflow/dags/scripts/python/get_data.py for tasks to queue
[2024-06-24T23:16:17.374+0000] {logging_mixin.py:188} INFO - [2024-06-24T23:16:17.374+0000] {dagbag.py:540} INFO - Filling up the DagBag from /opt/airflow/dags/scripts/python/get_data.py
[2024-06-24T23:16:17.393+0000] {processor.py:842} WARNING - No viable dags retrieved from /opt/airflow/dags/scripts/python/get_data.py
[2024-06-24T23:16:17.402+0000] {processor.py:183} INFO - Processing /opt/airflow/dags/scripts/python/get_data.py took 0.033 seconds
