[2024-06-13T00:40:33.446+0000] {processor.py:161} INFO - Started process (PID=588) to work on /opt/airflow/dags/upload_congress_data.py
[2024-06-13T00:40:33.454+0000] {processor.py:830} INFO - Processing file /opt/airflow/dags/upload_congress_data.py for tasks to queue
[2024-06-13T00:40:33.460+0000] {logging_mixin.py:188} INFO - [2024-06-13T00:40:33.460+0000] {dagbag.py:540} INFO - Filling up the DagBag from /opt/airflow/dags/upload_congress_data.py
[2024-06-13T00:40:33.560+0000] {logging_mixin.py:188} INFO - Bucket Name: congress_data_testproject-420401
[2024-06-13T00:40:33.581+0000] {processor.py:840} INFO - DAG(s) 'upload_congress_data' retrieved from /opt/airflow/dags/upload_congress_data.py
[2024-06-13T00:40:33.664+0000] {logging_mixin.py:188} INFO - [2024-06-13T00:40:33.663+0000] {dag.py:3047} INFO - Sync 1 DAGs
[2024-06-13T00:40:33.695+0000] {logging_mixin.py:188} INFO - [2024-06-13T00:40:33.695+0000] {dag.py:3834} INFO - Setting next_dagrun for upload_congress_data to None, run_after=None
[2024-06-13T00:40:33.741+0000] {processor.py:183} INFO - Processing /opt/airflow/dags/upload_congress_data.py took 0.309 seconds
[2024-06-13T01:41:34.334+0000] {processor.py:161} INFO - Started process (PID=596) to work on /opt/airflow/dags/upload_congress_data.py
[2024-06-13T01:41:34.340+0000] {processor.py:830} INFO - Processing file /opt/airflow/dags/upload_congress_data.py for tasks to queue
[2024-06-13T01:41:34.353+0000] {logging_mixin.py:188} INFO - [2024-06-13T01:41:34.352+0000] {dagbag.py:540} INFO - Filling up the DagBag from /opt/airflow/dags/upload_congress_data.py
[2024-06-13T01:41:34.458+0000] {logging_mixin.py:188} INFO - Bucket Name: congress_data_testproject-420401
[2024-06-13T01:41:34.485+0000] {processor.py:840} INFO - DAG(s) 'upload_congress_data' retrieved from /opt/airflow/dags/upload_congress_data.py
[2024-06-13T01:41:34.532+0000] {logging_mixin.py:188} INFO - [2024-06-13T01:41:34.532+0000] {dag.py:3047} INFO - Sync 1 DAGs
[2024-06-13T01:41:34.576+0000] {logging_mixin.py:188} INFO - [2024-06-13T01:41:34.575+0000] {dag.py:3834} INFO - Setting next_dagrun for upload_congress_data to None, run_after=None
[2024-06-13T01:41:34.600+0000] {processor.py:183} INFO - Processing /opt/airflow/dags/upload_congress_data.py took 0.279 seconds
[2024-06-13T02:59:06.248+0000] {processor.py:161} INFO - Started process (PID=604) to work on /opt/airflow/dags/upload_congress_data.py
[2024-06-13T02:59:06.251+0000] {processor.py:830} INFO - Processing file /opt/airflow/dags/upload_congress_data.py for tasks to queue
[2024-06-13T02:59:06.261+0000] {logging_mixin.py:188} INFO - [2024-06-13T02:59:06.260+0000] {dagbag.py:540} INFO - Filling up the DagBag from /opt/airflow/dags/upload_congress_data.py
[2024-06-13T02:59:06.308+0000] {logging_mixin.py:188} INFO - Bucket Name: congress_data_testproject-420401
[2024-06-13T02:59:06.318+0000] {processor.py:840} INFO - DAG(s) 'upload_congress_data' retrieved from /opt/airflow/dags/upload_congress_data.py
[2024-06-13T02:59:06.335+0000] {logging_mixin.py:188} INFO - [2024-06-13T02:59:06.335+0000] {dag.py:3047} INFO - Sync 1 DAGs
[2024-06-13T02:59:06.348+0000] {logging_mixin.py:188} INFO - [2024-06-13T02:59:06.348+0000] {dag.py:3834} INFO - Setting next_dagrun for upload_congress_data to None, run_after=None
[2024-06-13T02:59:06.356+0000] {processor.py:183} INFO - Processing /opt/airflow/dags/upload_congress_data.py took 0.126 seconds
[2024-06-13T03:43:45.552+0000] {processor.py:161} INFO - Started process (PID=612) to work on /opt/airflow/dags/upload_congress_data.py
[2024-06-13T03:43:45.553+0000] {processor.py:830} INFO - Processing file /opt/airflow/dags/upload_congress_data.py for tasks to queue
[2024-06-13T03:43:45.556+0000] {logging_mixin.py:188} INFO - [2024-06-13T03:43:45.556+0000] {dagbag.py:540} INFO - Filling up the DagBag from /opt/airflow/dags/upload_congress_data.py
[2024-06-13T03:43:45.587+0000] {logging_mixin.py:188} INFO - Bucket Name: congress_data_testproject-420401
[2024-06-13T03:43:45.598+0000] {processor.py:840} INFO - DAG(s) 'upload_congress_data' retrieved from /opt/airflow/dags/upload_congress_data.py
[2024-06-13T03:43:45.615+0000] {logging_mixin.py:188} INFO - [2024-06-13T03:43:45.615+0000] {dag.py:3047} INFO - Sync 1 DAGs
[2024-06-13T03:43:45.627+0000] {logging_mixin.py:188} INFO - [2024-06-13T03:43:45.627+0000] {dag.py:3834} INFO - Setting next_dagrun for upload_congress_data to None, run_after=None
[2024-06-13T03:43:45.636+0000] {processor.py:183} INFO - Processing /opt/airflow/dags/upload_congress_data.py took 0.093 seconds
[2024-06-13T04:44:36.017+0000] {processor.py:161} INFO - Started process (PID=620) to work on /opt/airflow/dags/upload_congress_data.py
[2024-06-13T04:44:36.019+0000] {processor.py:830} INFO - Processing file /opt/airflow/dags/upload_congress_data.py for tasks to queue
[2024-06-13T04:44:36.026+0000] {logging_mixin.py:188} INFO - [2024-06-13T04:44:36.026+0000] {dagbag.py:540} INFO - Filling up the DagBag from /opt/airflow/dags/upload_congress_data.py
[2024-06-13T04:44:36.071+0000] {logging_mixin.py:188} INFO - Bucket Name: congress_data_testproject-420401
[2024-06-13T04:44:36.095+0000] {processor.py:840} INFO - DAG(s) 'upload_congress_data' retrieved from /opt/airflow/dags/upload_congress_data.py
[2024-06-13T04:44:36.112+0000] {logging_mixin.py:188} INFO - [2024-06-13T04:44:36.112+0000] {dag.py:3047} INFO - Sync 1 DAGs
[2024-06-13T04:44:36.126+0000] {logging_mixin.py:188} INFO - [2024-06-13T04:44:36.126+0000] {dag.py:3834} INFO - Setting next_dagrun for upload_congress_data to None, run_after=None
[2024-06-13T04:44:36.134+0000] {processor.py:183} INFO - Processing /opt/airflow/dags/upload_congress_data.py took 0.127 seconds
[2024-06-13T05:18:06.526+0000] {processor.py:161} INFO - Started process (PID=628) to work on /opt/airflow/dags/upload_congress_data.py
[2024-06-13T05:18:06.527+0000] {processor.py:830} INFO - Processing file /opt/airflow/dags/upload_congress_data.py for tasks to queue
[2024-06-13T05:18:06.531+0000] {logging_mixin.py:188} INFO - [2024-06-13T05:18:06.530+0000] {dagbag.py:540} INFO - Filling up the DagBag from /opt/airflow/dags/upload_congress_data.py
[2024-06-13T05:18:06.562+0000] {logging_mixin.py:188} INFO - Bucket Name: congress_data_testproject-420401
[2024-06-13T05:18:06.571+0000] {processor.py:840} INFO - DAG(s) 'upload_congress_data' retrieved from /opt/airflow/dags/upload_congress_data.py
[2024-06-13T05:18:06.589+0000] {logging_mixin.py:188} INFO - [2024-06-13T05:18:06.589+0000] {dag.py:3047} INFO - Sync 1 DAGs
[2024-06-13T05:18:06.602+0000] {logging_mixin.py:188} INFO - [2024-06-13T05:18:06.602+0000] {dag.py:3834} INFO - Setting next_dagrun for upload_congress_data to None, run_after=None
[2024-06-13T05:18:06.611+0000] {processor.py:183} INFO - Processing /opt/airflow/dags/upload_congress_data.py took 0.089 seconds
[2024-06-13T06:40:45.304+0000] {processor.py:161} INFO - Started process (PID=636) to work on /opt/airflow/dags/upload_congress_data.py
[2024-06-13T06:40:45.305+0000] {processor.py:830} INFO - Processing file /opt/airflow/dags/upload_congress_data.py for tasks to queue
[2024-06-13T06:40:45.308+0000] {logging_mixin.py:188} INFO - [2024-06-13T06:40:45.308+0000] {dagbag.py:540} INFO - Filling up the DagBag from /opt/airflow/dags/upload_congress_data.py
[2024-06-13T06:40:45.352+0000] {logging_mixin.py:188} INFO - Bucket Name: congress_data_testproject-420401
[2024-06-13T06:40:45.363+0000] {processor.py:840} INFO - DAG(s) 'upload_congress_data' retrieved from /opt/airflow/dags/upload_congress_data.py
[2024-06-13T06:40:45.383+0000] {logging_mixin.py:188} INFO - [2024-06-13T06:40:45.382+0000] {dag.py:3047} INFO - Sync 1 DAGs
[2024-06-13T06:40:45.396+0000] {logging_mixin.py:188} INFO - [2024-06-13T06:40:45.396+0000] {dag.py:3834} INFO - Setting next_dagrun for upload_congress_data to None, run_after=None
[2024-06-13T06:40:45.404+0000] {processor.py:183} INFO - Processing /opt/airflow/dags/upload_congress_data.py took 0.103 seconds
[2024-06-13T07:47:32.152+0000] {processor.py:161} INFO - Started process (PID=644) to work on /opt/airflow/dags/upload_congress_data.py
[2024-06-13T07:47:32.153+0000] {processor.py:830} INFO - Processing file /opt/airflow/dags/upload_congress_data.py for tasks to queue
[2024-06-13T07:47:32.155+0000] {logging_mixin.py:188} INFO - [2024-06-13T07:47:32.155+0000] {dagbag.py:540} INFO - Filling up the DagBag from /opt/airflow/dags/upload_congress_data.py
[2024-06-13T07:47:32.181+0000] {logging_mixin.py:188} INFO - Bucket Name: congress_data_testproject-420401
[2024-06-13T07:47:32.188+0000] {processor.py:840} INFO - DAG(s) 'upload_congress_data' retrieved from /opt/airflow/dags/upload_congress_data.py
[2024-06-13T07:47:32.205+0000] {logging_mixin.py:188} INFO - [2024-06-13T07:47:32.205+0000] {dag.py:3047} INFO - Sync 1 DAGs
[2024-06-13T07:47:32.215+0000] {logging_mixin.py:188} INFO - [2024-06-13T07:47:32.215+0000] {dag.py:3834} INFO - Setting next_dagrun for upload_congress_data to None, run_after=None
[2024-06-13T07:47:32.223+0000] {processor.py:183} INFO - Processing /opt/airflow/dags/upload_congress_data.py took 0.073 seconds
[2024-06-13T08:48:38.081+0000] {processor.py:161} INFO - Started process (PID=652) to work on /opt/airflow/dags/upload_congress_data.py
[2024-06-13T08:48:38.084+0000] {processor.py:830} INFO - Processing file /opt/airflow/dags/upload_congress_data.py for tasks to queue
[2024-06-13T08:48:38.092+0000] {logging_mixin.py:188} INFO - [2024-06-13T08:48:38.091+0000] {dagbag.py:540} INFO - Filling up the DagBag from /opt/airflow/dags/upload_congress_data.py
[2024-06-13T08:48:38.161+0000] {logging_mixin.py:188} INFO - Bucket Name: congress_data_testproject-420401
[2024-06-13T08:48:38.183+0000] {processor.py:840} INFO - DAG(s) 'upload_congress_data' retrieved from /opt/airflow/dags/upload_congress_data.py
[2024-06-13T08:48:38.221+0000] {logging_mixin.py:188} INFO - [2024-06-13T08:48:38.220+0000] {dag.py:3047} INFO - Sync 1 DAGs
[2024-06-13T08:48:38.245+0000] {logging_mixin.py:188} INFO - [2024-06-13T08:48:38.244+0000] {dag.py:3834} INFO - Setting next_dagrun for upload_congress_data to None, run_after=None
[2024-06-13T08:48:38.272+0000] {processor.py:183} INFO - Processing /opt/airflow/dags/upload_congress_data.py took 0.203 seconds
[2024-06-13T10:25:58.762+0000] {processor.py:161} INFO - Started process (PID=660) to work on /opt/airflow/dags/upload_congress_data.py
[2024-06-13T10:25:58.781+0000] {processor.py:830} INFO - Processing file /opt/airflow/dags/upload_congress_data.py for tasks to queue
[2024-06-13T10:25:58.789+0000] {logging_mixin.py:188} INFO - [2024-06-13T10:25:58.788+0000] {dagbag.py:540} INFO - Filling up the DagBag from /opt/airflow/dags/upload_congress_data.py
[2024-06-13T10:25:58.860+0000] {logging_mixin.py:188} INFO - Bucket Name: congress_data_testproject-420401
[2024-06-13T10:25:58.876+0000] {processor.py:840} INFO - DAG(s) 'upload_congress_data' retrieved from /opt/airflow/dags/upload_congress_data.py
[2024-06-13T10:25:58.922+0000] {logging_mixin.py:188} INFO - [2024-06-13T10:25:58.921+0000] {dag.py:3047} INFO - Sync 1 DAGs
[2024-06-13T10:25:58.959+0000] {logging_mixin.py:188} INFO - [2024-06-13T10:25:58.958+0000] {dag.py:3834} INFO - Setting next_dagrun for upload_congress_data to None, run_after=None
[2024-06-13T10:25:58.988+0000] {processor.py:183} INFO - Processing /opt/airflow/dags/upload_congress_data.py took 0.248 seconds
[2024-06-13T11:48:03.974+0000] {processor.py:161} INFO - Started process (PID=668) to work on /opt/airflow/dags/upload_congress_data.py
[2024-06-13T11:48:03.976+0000] {processor.py:830} INFO - Processing file /opt/airflow/dags/upload_congress_data.py for tasks to queue
[2024-06-13T11:48:03.981+0000] {logging_mixin.py:188} INFO - [2024-06-13T11:48:03.980+0000] {dagbag.py:540} INFO - Filling up the DagBag from /opt/airflow/dags/upload_congress_data.py
[2024-06-13T11:48:04.043+0000] {logging_mixin.py:188} INFO - Bucket Name: congress_data_testproject-420401
[2024-06-13T11:48:04.060+0000] {processor.py:840} INFO - DAG(s) 'upload_congress_data' retrieved from /opt/airflow/dags/upload_congress_data.py
[2024-06-13T11:48:04.092+0000] {logging_mixin.py:188} INFO - [2024-06-13T11:48:04.092+0000] {dag.py:3047} INFO - Sync 1 DAGs
[2024-06-13T11:48:04.126+0000] {logging_mixin.py:188} INFO - [2024-06-13T11:48:04.125+0000] {dag.py:3834} INFO - Setting next_dagrun for upload_congress_data to None, run_after=None
[2024-06-13T11:48:04.158+0000] {processor.py:183} INFO - Processing /opt/airflow/dags/upload_congress_data.py took 0.189 seconds
[2024-06-13T13:01:06.972+0000] {processor.py:161} INFO - Started process (PID=676) to work on /opt/airflow/dags/upload_congress_data.py
[2024-06-13T13:01:06.974+0000] {processor.py:830} INFO - Processing file /opt/airflow/dags/upload_congress_data.py for tasks to queue
[2024-06-13T13:01:06.979+0000] {logging_mixin.py:188} INFO - [2024-06-13T13:01:06.978+0000] {dagbag.py:540} INFO - Filling up the DagBag from /opt/airflow/dags/upload_congress_data.py
[2024-06-13T13:01:07.048+0000] {logging_mixin.py:188} INFO - Bucket Name: congress_data_testproject-420401
[2024-06-13T13:01:07.069+0000] {processor.py:840} INFO - DAG(s) 'upload_congress_data' retrieved from /opt/airflow/dags/upload_congress_data.py
[2024-06-13T13:01:07.115+0000] {logging_mixin.py:188} INFO - [2024-06-13T13:01:07.114+0000] {dag.py:3047} INFO - Sync 1 DAGs
[2024-06-13T13:01:07.153+0000] {logging_mixin.py:188} INFO - [2024-06-13T13:01:07.153+0000] {dag.py:3834} INFO - Setting next_dagrun for upload_congress_data to None, run_after=None
[2024-06-13T13:01:07.184+0000] {processor.py:183} INFO - Processing /opt/airflow/dags/upload_congress_data.py took 0.218 seconds
[2024-06-13T14:25:42.563+0000] {processor.py:161} INFO - Started process (PID=684) to work on /opt/airflow/dags/upload_congress_data.py
[2024-06-13T14:25:42.565+0000] {processor.py:830} INFO - Processing file /opt/airflow/dags/upload_congress_data.py for tasks to queue
[2024-06-13T14:25:42.571+0000] {logging_mixin.py:188} INFO - [2024-06-13T14:25:42.570+0000] {dagbag.py:540} INFO - Filling up the DagBag from /opt/airflow/dags/upload_congress_data.py
[2024-06-13T14:25:42.618+0000] {logging_mixin.py:188} INFO - Bucket Name: congress_data_testproject-420401
[2024-06-13T14:25:42.634+0000] {processor.py:840} INFO - DAG(s) 'upload_congress_data' retrieved from /opt/airflow/dags/upload_congress_data.py
[2024-06-13T14:25:42.680+0000] {logging_mixin.py:188} INFO - [2024-06-13T14:25:42.679+0000] {dag.py:3047} INFO - Sync 1 DAGs
[2024-06-13T14:25:42.705+0000] {logging_mixin.py:188} INFO - [2024-06-13T14:25:42.705+0000] {dag.py:3834} INFO - Setting next_dagrun for upload_congress_data to None, run_after=None
[2024-06-13T14:25:42.732+0000] {processor.py:183} INFO - Processing /opt/airflow/dags/upload_congress_data.py took 0.175 seconds
[2024-06-13T15:17:29.385+0000] {processor.py:161} INFO - Started process (PID=692) to work on /opt/airflow/dags/upload_congress_data.py
[2024-06-13T15:17:29.388+0000] {processor.py:830} INFO - Processing file /opt/airflow/dags/upload_congress_data.py for tasks to queue
[2024-06-13T15:17:29.395+0000] {logging_mixin.py:188} INFO - [2024-06-13T15:17:29.394+0000] {dagbag.py:540} INFO - Filling up the DagBag from /opt/airflow/dags/upload_congress_data.py
[2024-06-13T15:17:29.461+0000] {logging_mixin.py:188} INFO - Bucket Name: congress_data_testproject-420401
[2024-06-13T15:17:29.477+0000] {processor.py:840} INFO - DAG(s) 'upload_congress_data' retrieved from /opt/airflow/dags/upload_congress_data.py
[2024-06-13T15:17:29.514+0000] {logging_mixin.py:188} INFO - [2024-06-13T15:17:29.514+0000] {dag.py:3047} INFO - Sync 1 DAGs
[2024-06-13T15:17:29.540+0000] {logging_mixin.py:188} INFO - [2024-06-13T15:17:29.540+0000] {dag.py:3834} INFO - Setting next_dagrun for upload_congress_data to None, run_after=None
[2024-06-13T15:17:29.567+0000] {processor.py:183} INFO - Processing /opt/airflow/dags/upload_congress_data.py took 0.192 seconds
[2024-06-13T16:03:08.636+0000] {processor.py:161} INFO - Started process (PID=700) to work on /opt/airflow/dags/upload_congress_data.py
[2024-06-13T16:03:08.637+0000] {processor.py:830} INFO - Processing file /opt/airflow/dags/upload_congress_data.py for tasks to queue
[2024-06-13T16:03:08.639+0000] {logging_mixin.py:188} INFO - [2024-06-13T16:03:08.638+0000] {dagbag.py:540} INFO - Filling up the DagBag from /opt/airflow/dags/upload_congress_data.py
[2024-06-13T16:03:08.660+0000] {logging_mixin.py:188} INFO - Bucket Name: congress_data_testproject-420401
[2024-06-13T16:03:08.666+0000] {processor.py:840} INFO - DAG(s) 'upload_congress_data' retrieved from /opt/airflow/dags/upload_congress_data.py
[2024-06-13T16:03:08.679+0000] {logging_mixin.py:188} INFO - [2024-06-13T16:03:08.679+0000] {dag.py:3047} INFO - Sync 1 DAGs
[2024-06-13T16:03:08.689+0000] {logging_mixin.py:188} INFO - [2024-06-13T16:03:08.689+0000] {dag.py:3834} INFO - Setting next_dagrun for upload_congress_data to None, run_after=None
[2024-06-13T16:03:08.697+0000] {processor.py:183} INFO - Processing /opt/airflow/dags/upload_congress_data.py took 0.062 seconds
[2024-06-13T17:04:07.686+0000] {processor.py:161} INFO - Started process (PID=708) to work on /opt/airflow/dags/upload_congress_data.py
[2024-06-13T17:04:07.687+0000] {processor.py:830} INFO - Processing file /opt/airflow/dags/upload_congress_data.py for tasks to queue
[2024-06-13T17:04:07.688+0000] {logging_mixin.py:188} INFO - [2024-06-13T17:04:07.688+0000] {dagbag.py:540} INFO - Filling up the DagBag from /opt/airflow/dags/upload_congress_data.py
[2024-06-13T17:04:07.711+0000] {logging_mixin.py:188} INFO - Bucket Name: congress_data_testproject-420401
[2024-06-13T17:04:07.717+0000] {processor.py:840} INFO - DAG(s) 'upload_congress_data' retrieved from /opt/airflow/dags/upload_congress_data.py
[2024-06-13T17:04:07.733+0000] {logging_mixin.py:188} INFO - [2024-06-13T17:04:07.733+0000] {dag.py:3047} INFO - Sync 1 DAGs
[2024-06-13T17:04:07.743+0000] {logging_mixin.py:188} INFO - [2024-06-13T17:04:07.743+0000] {dag.py:3834} INFO - Setting next_dagrun for upload_congress_data to None, run_after=None
[2024-06-13T17:04:07.751+0000] {processor.py:183} INFO - Processing /opt/airflow/dags/upload_congress_data.py took 0.068 seconds
[2024-06-13T18:38:53.768+0000] {processor.py:161} INFO - Started process (PID=716) to work on /opt/airflow/dags/upload_congress_data.py
[2024-06-13T18:38:53.770+0000] {processor.py:830} INFO - Processing file /opt/airflow/dags/upload_congress_data.py for tasks to queue
[2024-06-13T18:38:53.776+0000] {logging_mixin.py:188} INFO - [2024-06-13T18:38:53.775+0000] {dagbag.py:540} INFO - Filling up the DagBag from /opt/airflow/dags/upload_congress_data.py
[2024-06-13T18:38:53.838+0000] {logging_mixin.py:188} INFO - Bucket Name: congress_data_testproject-420401
[2024-06-13T18:38:53.860+0000] {processor.py:840} INFO - DAG(s) 'upload_congress_data' retrieved from /opt/airflow/dags/upload_congress_data.py
[2024-06-13T18:38:53.913+0000] {logging_mixin.py:188} INFO - [2024-06-13T18:38:53.913+0000] {dag.py:3047} INFO - Sync 1 DAGs
[2024-06-13T18:38:53.953+0000] {logging_mixin.py:188} INFO - [2024-06-13T18:38:53.952+0000] {dag.py:3834} INFO - Setting next_dagrun for upload_congress_data to None, run_after=None
[2024-06-13T18:38:53.994+0000] {processor.py:183} INFO - Processing /opt/airflow/dags/upload_congress_data.py took 0.231 seconds
[2024-06-13T19:31:19.825+0000] {processor.py:161} INFO - Started process (PID=724) to work on /opt/airflow/dags/upload_congress_data.py
[2024-06-13T19:31:19.828+0000] {processor.py:830} INFO - Processing file /opt/airflow/dags/upload_congress_data.py for tasks to queue
[2024-06-13T19:31:19.833+0000] {logging_mixin.py:188} INFO - [2024-06-13T19:31:19.832+0000] {dagbag.py:540} INFO - Filling up the DagBag from /opt/airflow/dags/upload_congress_data.py
[2024-06-13T19:31:19.888+0000] {logging_mixin.py:188} INFO - Bucket Name: congress_data_testproject-420401
[2024-06-13T19:31:19.908+0000] {processor.py:840} INFO - DAG(s) 'upload_congress_data' retrieved from /opt/airflow/dags/upload_congress_data.py
[2024-06-13T19:31:19.963+0000] {logging_mixin.py:188} INFO - [2024-06-13T19:31:19.962+0000] {dag.py:3047} INFO - Sync 1 DAGs
[2024-06-13T19:31:19.991+0000] {logging_mixin.py:188} INFO - [2024-06-13T19:31:19.991+0000] {dag.py:3834} INFO - Setting next_dagrun for upload_congress_data to None, run_after=None
[2024-06-13T19:31:20.025+0000] {processor.py:183} INFO - Processing /opt/airflow/dags/upload_congress_data.py took 0.207 seconds
[2024-06-13T20:24:22.856+0000] {processor.py:161} INFO - Started process (PID=732) to work on /opt/airflow/dags/upload_congress_data.py
[2024-06-13T20:24:22.857+0000] {processor.py:830} INFO - Processing file /opt/airflow/dags/upload_congress_data.py for tasks to queue
[2024-06-13T20:24:22.859+0000] {logging_mixin.py:188} INFO - [2024-06-13T20:24:22.859+0000] {dagbag.py:540} INFO - Filling up the DagBag from /opt/airflow/dags/upload_congress_data.py
[2024-06-13T20:24:22.886+0000] {logging_mixin.py:188} INFO - Bucket Name: congress_data_testproject-420401
[2024-06-13T20:24:22.894+0000] {processor.py:840} INFO - DAG(s) 'upload_congress_data' retrieved from /opt/airflow/dags/upload_congress_data.py
[2024-06-13T20:24:22.911+0000] {logging_mixin.py:188} INFO - [2024-06-13T20:24:22.911+0000] {dag.py:3047} INFO - Sync 1 DAGs
[2024-06-13T20:24:22.923+0000] {logging_mixin.py:188} INFO - [2024-06-13T20:24:22.923+0000] {dag.py:3834} INFO - Setting next_dagrun for upload_congress_data to None, run_after=None
[2024-06-13T20:24:22.932+0000] {processor.py:183} INFO - Processing /opt/airflow/dags/upload_congress_data.py took 0.079 seconds
[2024-06-13T21:56:40.918+0000] {processor.py:161} INFO - Started process (PID=740) to work on /opt/airflow/dags/upload_congress_data.py
[2024-06-13T21:56:40.922+0000] {processor.py:830} INFO - Processing file /opt/airflow/dags/upload_congress_data.py for tasks to queue
[2024-06-13T21:56:40.928+0000] {logging_mixin.py:188} INFO - [2024-06-13T21:56:40.927+0000] {dagbag.py:540} INFO - Filling up the DagBag from /opt/airflow/dags/upload_congress_data.py
[2024-06-13T21:56:41.000+0000] {logging_mixin.py:188} INFO - Bucket Name: congress_data_testproject-420401
[2024-06-13T21:56:41.014+0000] {processor.py:840} INFO - DAG(s) 'upload_congress_data' retrieved from /opt/airflow/dags/upload_congress_data.py
[2024-06-13T21:56:41.054+0000] {logging_mixin.py:188} INFO - [2024-06-13T21:56:41.054+0000] {dag.py:3047} INFO - Sync 1 DAGs
[2024-06-13T21:56:41.082+0000] {logging_mixin.py:188} INFO - [2024-06-13T21:56:41.082+0000] {dag.py:3834} INFO - Setting next_dagrun for upload_congress_data to None, run_after=None
[2024-06-13T21:56:41.130+0000] {processor.py:183} INFO - Processing /opt/airflow/dags/upload_congress_data.py took 0.222 seconds
[2024-06-13T22:59:01.787+0000] {processor.py:161} INFO - Started process (PID=748) to work on /opt/airflow/dags/upload_congress_data.py
[2024-06-13T22:59:01.792+0000] {processor.py:830} INFO - Processing file /opt/airflow/dags/upload_congress_data.py for tasks to queue
[2024-06-13T22:59:01.801+0000] {logging_mixin.py:188} INFO - [2024-06-13T22:59:01.800+0000] {dagbag.py:540} INFO - Filling up the DagBag from /opt/airflow/dags/upload_congress_data.py
[2024-06-13T22:59:01.886+0000] {logging_mixin.py:188} INFO - Bucket Name: congress_data_testproject-420401
[2024-06-13T22:59:01.909+0000] {processor.py:840} INFO - DAG(s) 'upload_congress_data' retrieved from /opt/airflow/dags/upload_congress_data.py
[2024-06-13T22:59:01.952+0000] {logging_mixin.py:188} INFO - [2024-06-13T22:59:01.952+0000] {dag.py:3047} INFO - Sync 1 DAGs
[2024-06-13T22:59:01.966+0000] {logging_mixin.py:188} INFO - [2024-06-13T22:59:01.966+0000] {dag.py:3834} INFO - Setting next_dagrun for upload_congress_data to None, run_after=None
[2024-06-13T22:59:01.974+0000] {processor.py:183} INFO - Processing /opt/airflow/dags/upload_congress_data.py took 0.198 seconds
[2024-06-13T22:59:32.278+0000] {processor.py:161} INFO - Started process (PID=756) to work on /opt/airflow/dags/upload_congress_data.py
[2024-06-13T22:59:32.279+0000] {processor.py:830} INFO - Processing file /opt/airflow/dags/upload_congress_data.py for tasks to queue
[2024-06-13T22:59:32.282+0000] {logging_mixin.py:188} INFO - [2024-06-13T22:59:32.282+0000] {dagbag.py:540} INFO - Filling up the DagBag from /opt/airflow/dags/upload_congress_data.py
[2024-06-13T22:59:32.321+0000] {logging_mixin.py:188} INFO - Bucket Name: congress_data_testproject-420401
[2024-06-13T22:59:32.331+0000] {processor.py:840} INFO - DAG(s) 'upload_congress_data' retrieved from /opt/airflow/dags/upload_congress_data.py
[2024-06-13T22:59:32.351+0000] {logging_mixin.py:188} INFO - [2024-06-13T22:59:32.351+0000] {dag.py:3047} INFO - Sync 1 DAGs
[2024-06-13T22:59:32.367+0000] {logging_mixin.py:188} INFO - [2024-06-13T22:59:32.367+0000] {dag.py:3834} INFO - Setting next_dagrun for upload_congress_data to None, run_after=None
[2024-06-13T22:59:32.376+0000] {processor.py:183} INFO - Processing /opt/airflow/dags/upload_congress_data.py took 0.103 seconds
[2024-06-13T23:00:02.837+0000] {processor.py:161} INFO - Started process (PID=764) to work on /opt/airflow/dags/upload_congress_data.py
[2024-06-13T23:00:02.839+0000] {processor.py:830} INFO - Processing file /opt/airflow/dags/upload_congress_data.py for tasks to queue
[2024-06-13T23:00:02.844+0000] {logging_mixin.py:188} INFO - [2024-06-13T23:00:02.844+0000] {dagbag.py:540} INFO - Filling up the DagBag from /opt/airflow/dags/upload_congress_data.py
[2024-06-13T23:00:02.888+0000] {logging_mixin.py:188} INFO - Bucket Name: congress_data_testproject-420401
[2024-06-13T23:00:02.897+0000] {processor.py:840} INFO - DAG(s) 'upload_congress_data' retrieved from /opt/airflow/dags/upload_congress_data.py
[2024-06-13T23:00:02.913+0000] {logging_mixin.py:188} INFO - [2024-06-13T23:00:02.913+0000] {dag.py:3047} INFO - Sync 1 DAGs
[2024-06-13T23:00:02.928+0000] {logging_mixin.py:188} INFO - [2024-06-13T23:00:02.927+0000] {dag.py:3834} INFO - Setting next_dagrun for upload_congress_data to None, run_after=None
[2024-06-13T23:00:02.939+0000] {processor.py:183} INFO - Processing /opt/airflow/dags/upload_congress_data.py took 0.108 seconds
[2024-06-13T23:00:33.193+0000] {processor.py:161} INFO - Started process (PID=772) to work on /opt/airflow/dags/upload_congress_data.py
[2024-06-13T23:00:33.195+0000] {processor.py:830} INFO - Processing file /opt/airflow/dags/upload_congress_data.py for tasks to queue
[2024-06-13T23:00:33.200+0000] {logging_mixin.py:188} INFO - [2024-06-13T23:00:33.198+0000] {dagbag.py:540} INFO - Filling up the DagBag from /opt/airflow/dags/upload_congress_data.py
[2024-06-13T23:00:33.268+0000] {logging_mixin.py:188} INFO - Bucket Name: congress_data_testproject-420401
[2024-06-13T23:00:33.277+0000] {processor.py:840} INFO - DAG(s) 'upload_congress_data' retrieved from /opt/airflow/dags/upload_congress_data.py
[2024-06-13T23:00:33.304+0000] {logging_mixin.py:188} INFO - [2024-06-13T23:00:33.304+0000] {dag.py:3047} INFO - Sync 1 DAGs
[2024-06-13T23:00:33.322+0000] {logging_mixin.py:188} INFO - [2024-06-13T23:00:33.321+0000] {dag.py:3834} INFO - Setting next_dagrun for upload_congress_data to None, run_after=None
[2024-06-13T23:00:33.334+0000] {processor.py:183} INFO - Processing /opt/airflow/dags/upload_congress_data.py took 0.147 seconds
[2024-06-13T23:01:03.664+0000] {processor.py:161} INFO - Started process (PID=780) to work on /opt/airflow/dags/upload_congress_data.py
[2024-06-13T23:01:03.665+0000] {processor.py:830} INFO - Processing file /opt/airflow/dags/upload_congress_data.py for tasks to queue
[2024-06-13T23:01:03.669+0000] {logging_mixin.py:188} INFO - [2024-06-13T23:01:03.669+0000] {dagbag.py:540} INFO - Filling up the DagBag from /opt/airflow/dags/upload_congress_data.py
[2024-06-13T23:01:03.699+0000] {logging_mixin.py:188} INFO - Bucket Name: congress_data_testproject-420401
[2024-06-13T23:01:03.710+0000] {processor.py:840} INFO - DAG(s) 'upload_congress_data' retrieved from /opt/airflow/dags/upload_congress_data.py
[2024-06-13T23:01:03.729+0000] {logging_mixin.py:188} INFO - [2024-06-13T23:01:03.728+0000] {dag.py:3047} INFO - Sync 1 DAGs
[2024-06-13T23:01:03.742+0000] {logging_mixin.py:188} INFO - [2024-06-13T23:01:03.742+0000] {dag.py:3834} INFO - Setting next_dagrun for upload_congress_data to None, run_after=None
[2024-06-13T23:01:03.754+0000] {processor.py:183} INFO - Processing /opt/airflow/dags/upload_congress_data.py took 0.092 seconds
[2024-06-13T23:01:34.045+0000] {processor.py:161} INFO - Started process (PID=788) to work on /opt/airflow/dags/upload_congress_data.py
[2024-06-13T23:01:34.047+0000] {processor.py:830} INFO - Processing file /opt/airflow/dags/upload_congress_data.py for tasks to queue
[2024-06-13T23:01:34.052+0000] {logging_mixin.py:188} INFO - [2024-06-13T23:01:34.051+0000] {dagbag.py:540} INFO - Filling up the DagBag from /opt/airflow/dags/upload_congress_data.py
[2024-06-13T23:01:34.091+0000] {logging_mixin.py:188} INFO - Bucket Name: congress_data_testproject-420401
[2024-06-13T23:01:34.099+0000] {processor.py:840} INFO - DAG(s) 'upload_congress_data' retrieved from /opt/airflow/dags/upload_congress_data.py
[2024-06-13T23:01:34.115+0000] {logging_mixin.py:188} INFO - [2024-06-13T23:01:34.115+0000] {dag.py:3047} INFO - Sync 1 DAGs
[2024-06-13T23:01:34.125+0000] {logging_mixin.py:188} INFO - [2024-06-13T23:01:34.125+0000] {dag.py:3834} INFO - Setting next_dagrun for upload_congress_data to None, run_after=None
[2024-06-13T23:01:34.133+0000] {processor.py:183} INFO - Processing /opt/airflow/dags/upload_congress_data.py took 0.096 seconds
[2024-06-13T23:02:04.480+0000] {processor.py:161} INFO - Started process (PID=796) to work on /opt/airflow/dags/upload_congress_data.py
[2024-06-13T23:02:04.482+0000] {processor.py:830} INFO - Processing file /opt/airflow/dags/upload_congress_data.py for tasks to queue
[2024-06-13T23:02:04.485+0000] {logging_mixin.py:188} INFO - [2024-06-13T23:02:04.484+0000] {dagbag.py:540} INFO - Filling up the DagBag from /opt/airflow/dags/upload_congress_data.py
[2024-06-13T23:02:04.526+0000] {logging_mixin.py:188} INFO - Bucket Name: congress_data_testproject-420401
[2024-06-13T23:02:04.536+0000] {processor.py:840} INFO - DAG(s) 'upload_congress_data' retrieved from /opt/airflow/dags/upload_congress_data.py
[2024-06-13T23:02:04.552+0000] {logging_mixin.py:188} INFO - [2024-06-13T23:02:04.552+0000] {dag.py:3047} INFO - Sync 1 DAGs
[2024-06-13T23:02:04.565+0000] {logging_mixin.py:188} INFO - [2024-06-13T23:02:04.564+0000] {dag.py:3834} INFO - Setting next_dagrun for upload_congress_data to None, run_after=None
[2024-06-13T23:02:04.573+0000] {processor.py:183} INFO - Processing /opt/airflow/dags/upload_congress_data.py took 0.099 seconds
[2024-06-13T23:02:34.911+0000] {processor.py:161} INFO - Started process (PID=804) to work on /opt/airflow/dags/upload_congress_data.py
[2024-06-13T23:02:34.913+0000] {processor.py:830} INFO - Processing file /opt/airflow/dags/upload_congress_data.py for tasks to queue
[2024-06-13T23:02:34.915+0000] {logging_mixin.py:188} INFO - [2024-06-13T23:02:34.915+0000] {dagbag.py:540} INFO - Filling up the DagBag from /opt/airflow/dags/upload_congress_data.py
[2024-06-13T23:02:34.947+0000] {logging_mixin.py:188} INFO - Bucket Name: congress_data_testproject-420401
[2024-06-13T23:02:34.953+0000] {processor.py:840} INFO - DAG(s) 'upload_congress_data' retrieved from /opt/airflow/dags/upload_congress_data.py
[2024-06-13T23:02:34.969+0000] {logging_mixin.py:188} INFO - [2024-06-13T23:02:34.969+0000] {dag.py:3047} INFO - Sync 1 DAGs
[2024-06-13T23:02:34.980+0000] {logging_mixin.py:188} INFO - [2024-06-13T23:02:34.979+0000] {dag.py:3834} INFO - Setting next_dagrun for upload_congress_data to None, run_after=None
[2024-06-13T23:02:34.988+0000] {processor.py:183} INFO - Processing /opt/airflow/dags/upload_congress_data.py took 0.080 seconds
[2024-06-13T23:03:05.383+0000] {processor.py:161} INFO - Started process (PID=812) to work on /opt/airflow/dags/upload_congress_data.py
[2024-06-13T23:03:05.385+0000] {processor.py:830} INFO - Processing file /opt/airflow/dags/upload_congress_data.py for tasks to queue
[2024-06-13T23:03:05.389+0000] {logging_mixin.py:188} INFO - [2024-06-13T23:03:05.388+0000] {dagbag.py:540} INFO - Filling up the DagBag from /opt/airflow/dags/upload_congress_data.py
[2024-06-13T23:03:05.426+0000] {logging_mixin.py:188} INFO - Bucket Name: congress_data_testproject-420401
[2024-06-13T23:03:05.433+0000] {processor.py:840} INFO - DAG(s) 'upload_congress_data' retrieved from /opt/airflow/dags/upload_congress_data.py
[2024-06-13T23:03:05.449+0000] {logging_mixin.py:188} INFO - [2024-06-13T23:03:05.449+0000] {dag.py:3047} INFO - Sync 1 DAGs
[2024-06-13T23:03:05.460+0000] {logging_mixin.py:188} INFO - [2024-06-13T23:03:05.459+0000] {dag.py:3834} INFO - Setting next_dagrun for upload_congress_data to None, run_after=None
[2024-06-13T23:03:05.468+0000] {processor.py:183} INFO - Processing /opt/airflow/dags/upload_congress_data.py took 0.093 seconds
[2024-06-13T23:03:35.819+0000] {processor.py:161} INFO - Started process (PID=820) to work on /opt/airflow/dags/upload_congress_data.py
[2024-06-13T23:03:35.821+0000] {processor.py:830} INFO - Processing file /opt/airflow/dags/upload_congress_data.py for tasks to queue
[2024-06-13T23:03:35.826+0000] {logging_mixin.py:188} INFO - [2024-06-13T23:03:35.825+0000] {dagbag.py:540} INFO - Filling up the DagBag from /opt/airflow/dags/upload_congress_data.py
[2024-06-13T23:03:35.861+0000] {logging_mixin.py:188} INFO - Bucket Name: congress_data_testproject-420401
[2024-06-13T23:03:35.868+0000] {processor.py:840} INFO - DAG(s) 'upload_congress_data' retrieved from /opt/airflow/dags/upload_congress_data.py
[2024-06-13T23:03:35.882+0000] {logging_mixin.py:188} INFO - [2024-06-13T23:03:35.882+0000] {dag.py:3047} INFO - Sync 1 DAGs
[2024-06-13T23:03:35.892+0000] {logging_mixin.py:188} INFO - [2024-06-13T23:03:35.891+0000] {dag.py:3834} INFO - Setting next_dagrun for upload_congress_data to None, run_after=None
[2024-06-13T23:03:35.899+0000] {processor.py:183} INFO - Processing /opt/airflow/dags/upload_congress_data.py took 0.086 seconds
[2024-06-13T23:04:06.450+0000] {processor.py:161} INFO - Started process (PID=828) to work on /opt/airflow/dags/upload_congress_data.py
[2024-06-13T23:04:06.452+0000] {processor.py:830} INFO - Processing file /opt/airflow/dags/upload_congress_data.py for tasks to queue
[2024-06-13T23:04:06.455+0000] {logging_mixin.py:188} INFO - [2024-06-13T23:04:06.454+0000] {dagbag.py:540} INFO - Filling up the DagBag from /opt/airflow/dags/upload_congress_data.py
[2024-06-13T23:04:06.491+0000] {logging_mixin.py:188} INFO - Bucket Name: congress_data_testproject-420401
[2024-06-13T23:04:06.500+0000] {processor.py:840} INFO - DAG(s) 'upload_congress_data' retrieved from /opt/airflow/dags/upload_congress_data.py
[2024-06-13T23:04:06.517+0000] {logging_mixin.py:188} INFO - [2024-06-13T23:04:06.517+0000] {dag.py:3047} INFO - Sync 1 DAGs
[2024-06-13T23:04:06.528+0000] {logging_mixin.py:188} INFO - [2024-06-13T23:04:06.528+0000] {dag.py:3834} INFO - Setting next_dagrun for upload_congress_data to None, run_after=None
[2024-06-13T23:04:06.537+0000] {processor.py:183} INFO - Processing /opt/airflow/dags/upload_congress_data.py took 0.092 seconds
[2024-06-13T23:04:36.909+0000] {processor.py:161} INFO - Started process (PID=836) to work on /opt/airflow/dags/upload_congress_data.py
[2024-06-13T23:04:36.911+0000] {processor.py:830} INFO - Processing file /opt/airflow/dags/upload_congress_data.py for tasks to queue
[2024-06-13T23:04:36.914+0000] {logging_mixin.py:188} INFO - [2024-06-13T23:04:36.913+0000] {dagbag.py:540} INFO - Filling up the DagBag from /opt/airflow/dags/upload_congress_data.py
[2024-06-13T23:04:36.945+0000] {logging_mixin.py:188} INFO - Bucket Name: congress_data_testproject-420401
[2024-06-13T23:04:36.953+0000] {processor.py:840} INFO - DAG(s) 'upload_congress_data' retrieved from /opt/airflow/dags/upload_congress_data.py
[2024-06-13T23:04:36.967+0000] {logging_mixin.py:188} INFO - [2024-06-13T23:04:36.967+0000] {dag.py:3047} INFO - Sync 1 DAGs
[2024-06-13T23:04:36.977+0000] {logging_mixin.py:188} INFO - [2024-06-13T23:04:36.977+0000] {dag.py:3834} INFO - Setting next_dagrun for upload_congress_data to None, run_after=None
[2024-06-13T23:04:36.985+0000] {processor.py:183} INFO - Processing /opt/airflow/dags/upload_congress_data.py took 0.081 seconds
[2024-06-13T23:05:07.332+0000] {processor.py:161} INFO - Started process (PID=844) to work on /opt/airflow/dags/upload_congress_data.py
[2024-06-13T23:05:07.334+0000] {processor.py:830} INFO - Processing file /opt/airflow/dags/upload_congress_data.py for tasks to queue
[2024-06-13T23:05:07.337+0000] {logging_mixin.py:188} INFO - [2024-06-13T23:05:07.337+0000] {dagbag.py:540} INFO - Filling up the DagBag from /opt/airflow/dags/upload_congress_data.py
[2024-06-13T23:05:07.371+0000] {logging_mixin.py:188} INFO - Bucket Name: congress_data_testproject-420401
[2024-06-13T23:05:07.378+0000] {processor.py:840} INFO - DAG(s) 'upload_congress_data' retrieved from /opt/airflow/dags/upload_congress_data.py
[2024-06-13T23:05:07.392+0000] {logging_mixin.py:188} INFO - [2024-06-13T23:05:07.392+0000] {dag.py:3047} INFO - Sync 1 DAGs
[2024-06-13T23:05:07.401+0000] {logging_mixin.py:188} INFO - [2024-06-13T23:05:07.401+0000] {dag.py:3834} INFO - Setting next_dagrun for upload_congress_data to None, run_after=None
[2024-06-13T23:05:07.409+0000] {processor.py:183} INFO - Processing /opt/airflow/dags/upload_congress_data.py took 0.082 seconds
[2024-06-13T23:05:37.762+0000] {processor.py:161} INFO - Started process (PID=852) to work on /opt/airflow/dags/upload_congress_data.py
[2024-06-13T23:05:37.764+0000] {processor.py:830} INFO - Processing file /opt/airflow/dags/upload_congress_data.py for tasks to queue
[2024-06-13T23:05:37.766+0000] {logging_mixin.py:188} INFO - [2024-06-13T23:05:37.766+0000] {dagbag.py:540} INFO - Filling up the DagBag from /opt/airflow/dags/upload_congress_data.py
[2024-06-13T23:05:37.800+0000] {logging_mixin.py:188} INFO - Bucket Name: congress_data_testproject-420401
[2024-06-13T23:05:37.806+0000] {processor.py:840} INFO - DAG(s) 'upload_congress_data' retrieved from /opt/airflow/dags/upload_congress_data.py
[2024-06-13T23:05:37.821+0000] {logging_mixin.py:188} INFO - [2024-06-13T23:05:37.820+0000] {dag.py:3047} INFO - Sync 1 DAGs
[2024-06-13T23:05:37.830+0000] {logging_mixin.py:188} INFO - [2024-06-13T23:05:37.830+0000] {dag.py:3834} INFO - Setting next_dagrun for upload_congress_data to None, run_after=None
[2024-06-13T23:05:37.838+0000] {processor.py:183} INFO - Processing /opt/airflow/dags/upload_congress_data.py took 0.082 seconds
[2024-06-13T23:06:08.193+0000] {processor.py:161} INFO - Started process (PID=860) to work on /opt/airflow/dags/upload_congress_data.py
[2024-06-13T23:06:08.194+0000] {processor.py:830} INFO - Processing file /opt/airflow/dags/upload_congress_data.py for tasks to queue
[2024-06-13T23:06:08.197+0000] {logging_mixin.py:188} INFO - [2024-06-13T23:06:08.197+0000] {dagbag.py:540} INFO - Filling up the DagBag from /opt/airflow/dags/upload_congress_data.py
[2024-06-13T23:06:08.232+0000] {logging_mixin.py:188} INFO - Bucket Name: congress_data_testproject-420401
[2024-06-13T23:06:08.239+0000] {processor.py:840} INFO - DAG(s) 'upload_congress_data' retrieved from /opt/airflow/dags/upload_congress_data.py
[2024-06-13T23:06:08.253+0000] {logging_mixin.py:188} INFO - [2024-06-13T23:06:08.253+0000] {dag.py:3047} INFO - Sync 1 DAGs
[2024-06-13T23:06:08.262+0000] {logging_mixin.py:188} INFO - [2024-06-13T23:06:08.262+0000] {dag.py:3834} INFO - Setting next_dagrun for upload_congress_data to None, run_after=None
[2024-06-13T23:06:08.270+0000] {processor.py:183} INFO - Processing /opt/airflow/dags/upload_congress_data.py took 0.082 seconds
[2024-06-13T23:06:38.674+0000] {processor.py:161} INFO - Started process (PID=868) to work on /opt/airflow/dags/upload_congress_data.py
[2024-06-13T23:06:38.676+0000] {processor.py:830} INFO - Processing file /opt/airflow/dags/upload_congress_data.py for tasks to queue
[2024-06-13T23:06:38.679+0000] {logging_mixin.py:188} INFO - [2024-06-13T23:06:38.678+0000] {dagbag.py:540} INFO - Filling up the DagBag from /opt/airflow/dags/upload_congress_data.py
[2024-06-13T23:06:38.713+0000] {logging_mixin.py:188} INFO - Bucket Name: congress_data_testproject-420401
[2024-06-13T23:06:38.720+0000] {processor.py:840} INFO - DAG(s) 'upload_congress_data' retrieved from /opt/airflow/dags/upload_congress_data.py
[2024-06-13T23:06:38.735+0000] {logging_mixin.py:188} INFO - [2024-06-13T23:06:38.735+0000] {dag.py:3047} INFO - Sync 1 DAGs
[2024-06-13T23:06:38.745+0000] {logging_mixin.py:188} INFO - [2024-06-13T23:06:38.745+0000] {dag.py:3834} INFO - Setting next_dagrun for upload_congress_data to None, run_after=None
[2024-06-13T23:06:38.753+0000] {processor.py:183} INFO - Processing /opt/airflow/dags/upload_congress_data.py took 0.085 seconds
[2024-06-13T23:07:09.075+0000] {processor.py:161} INFO - Started process (PID=876) to work on /opt/airflow/dags/upload_congress_data.py
[2024-06-13T23:07:09.077+0000] {processor.py:830} INFO - Processing file /opt/airflow/dags/upload_congress_data.py for tasks to queue
[2024-06-13T23:07:09.080+0000] {logging_mixin.py:188} INFO - [2024-06-13T23:07:09.079+0000] {dagbag.py:540} INFO - Filling up the DagBag from /opt/airflow/dags/upload_congress_data.py
[2024-06-13T23:07:09.114+0000] {logging_mixin.py:188} INFO - Bucket Name: congress_data_testproject-420401
[2024-06-13T23:07:09.120+0000] {processor.py:840} INFO - DAG(s) 'upload_congress_data' retrieved from /opt/airflow/dags/upload_congress_data.py
[2024-06-13T23:07:09.134+0000] {logging_mixin.py:188} INFO - [2024-06-13T23:07:09.134+0000] {dag.py:3047} INFO - Sync 1 DAGs
[2024-06-13T23:07:09.143+0000] {logging_mixin.py:188} INFO - [2024-06-13T23:07:09.143+0000] {dag.py:3834} INFO - Setting next_dagrun for upload_congress_data to None, run_after=None
[2024-06-13T23:07:09.152+0000] {processor.py:183} INFO - Processing /opt/airflow/dags/upload_congress_data.py took 0.081 seconds
[2024-06-13T23:07:39.478+0000] {processor.py:161} INFO - Started process (PID=884) to work on /opt/airflow/dags/upload_congress_data.py
[2024-06-13T23:07:39.479+0000] {processor.py:830} INFO - Processing file /opt/airflow/dags/upload_congress_data.py for tasks to queue
[2024-06-13T23:07:39.483+0000] {logging_mixin.py:188} INFO - [2024-06-13T23:07:39.482+0000] {dagbag.py:540} INFO - Filling up the DagBag from /opt/airflow/dags/upload_congress_data.py
[2024-06-13T23:07:39.517+0000] {logging_mixin.py:188} INFO - Bucket Name: congress_data_testproject-420401
[2024-06-13T23:07:39.523+0000] {processor.py:840} INFO - DAG(s) 'upload_congress_data' retrieved from /opt/airflow/dags/upload_congress_data.py
[2024-06-13T23:07:39.538+0000] {logging_mixin.py:188} INFO - [2024-06-13T23:07:39.538+0000] {dag.py:3047} INFO - Sync 1 DAGs
[2024-06-13T23:07:39.548+0000] {logging_mixin.py:188} INFO - [2024-06-13T23:07:39.548+0000] {dag.py:3834} INFO - Setting next_dagrun for upload_congress_data to None, run_after=None
[2024-06-13T23:07:39.555+0000] {processor.py:183} INFO - Processing /opt/airflow/dags/upload_congress_data.py took 0.083 seconds
[2024-06-13T23:08:09.890+0000] {processor.py:161} INFO - Started process (PID=892) to work on /opt/airflow/dags/upload_congress_data.py
[2024-06-13T23:08:09.891+0000] {processor.py:830} INFO - Processing file /opt/airflow/dags/upload_congress_data.py for tasks to queue
[2024-06-13T23:08:09.895+0000] {logging_mixin.py:188} INFO - [2024-06-13T23:08:09.895+0000] {dagbag.py:540} INFO - Filling up the DagBag from /opt/airflow/dags/upload_congress_data.py
[2024-06-13T23:08:09.932+0000] {logging_mixin.py:188} INFO - Bucket Name: congress_data_testproject-420401
[2024-06-13T23:08:09.941+0000] {processor.py:840} INFO - DAG(s) 'upload_congress_data' retrieved from /opt/airflow/dags/upload_congress_data.py
[2024-06-13T23:08:09.957+0000] {logging_mixin.py:188} INFO - [2024-06-13T23:08:09.957+0000] {dag.py:3047} INFO - Sync 1 DAGs
[2024-06-13T23:08:09.968+0000] {logging_mixin.py:188} INFO - [2024-06-13T23:08:09.968+0000] {dag.py:3834} INFO - Setting next_dagrun for upload_congress_data to None, run_after=None
[2024-06-13T23:08:09.977+0000] {processor.py:183} INFO - Processing /opt/airflow/dags/upload_congress_data.py took 0.093 seconds
[2024-06-13T23:08:40.290+0000] {processor.py:161} INFO - Started process (PID=900) to work on /opt/airflow/dags/upload_congress_data.py
[2024-06-13T23:08:40.292+0000] {processor.py:830} INFO - Processing file /opt/airflow/dags/upload_congress_data.py for tasks to queue
[2024-06-13T23:08:40.294+0000] {logging_mixin.py:188} INFO - [2024-06-13T23:08:40.293+0000] {dagbag.py:540} INFO - Filling up the DagBag from /opt/airflow/dags/upload_congress_data.py
[2024-06-13T23:08:40.323+0000] {logging_mixin.py:188} INFO - Bucket Name: congress_data_testproject-420401
[2024-06-13T23:08:40.329+0000] {processor.py:840} INFO - DAG(s) 'upload_congress_data' retrieved from /opt/airflow/dags/upload_congress_data.py
[2024-06-13T23:08:40.343+0000] {logging_mixin.py:188} INFO - [2024-06-13T23:08:40.343+0000] {dag.py:3047} INFO - Sync 1 DAGs
[2024-06-13T23:08:40.353+0000] {logging_mixin.py:188} INFO - [2024-06-13T23:08:40.353+0000] {dag.py:3834} INFO - Setting next_dagrun for upload_congress_data to None, run_after=None
[2024-06-13T23:08:40.361+0000] {processor.py:183} INFO - Processing /opt/airflow/dags/upload_congress_data.py took 0.075 seconds
[2024-06-13T23:09:10.946+0000] {processor.py:161} INFO - Started process (PID=908) to work on /opt/airflow/dags/upload_congress_data.py
[2024-06-13T23:09:10.948+0000] {processor.py:830} INFO - Processing file /opt/airflow/dags/upload_congress_data.py for tasks to queue
[2024-06-13T23:09:10.951+0000] {logging_mixin.py:188} INFO - [2024-06-13T23:09:10.950+0000] {dagbag.py:540} INFO - Filling up the DagBag from /opt/airflow/dags/upload_congress_data.py
[2024-06-13T23:09:10.987+0000] {logging_mixin.py:188} INFO - Bucket Name: congress_data_testproject-420401
[2024-06-13T23:09:10.994+0000] {processor.py:840} INFO - DAG(s) 'upload_congress_data' retrieved from /opt/airflow/dags/upload_congress_data.py
[2024-06-13T23:09:11.009+0000] {logging_mixin.py:188} INFO - [2024-06-13T23:09:11.009+0000] {dag.py:3047} INFO - Sync 1 DAGs
[2024-06-13T23:09:11.020+0000] {logging_mixin.py:188} INFO - [2024-06-13T23:09:11.020+0000] {dag.py:3834} INFO - Setting next_dagrun for upload_congress_data to None, run_after=None
[2024-06-13T23:09:11.029+0000] {processor.py:183} INFO - Processing /opt/airflow/dags/upload_congress_data.py took 0.088 seconds
[2024-06-13T23:09:41.330+0000] {processor.py:161} INFO - Started process (PID=916) to work on /opt/airflow/dags/upload_congress_data.py
[2024-06-13T23:09:41.331+0000] {processor.py:830} INFO - Processing file /opt/airflow/dags/upload_congress_data.py for tasks to queue
[2024-06-13T23:09:41.333+0000] {logging_mixin.py:188} INFO - [2024-06-13T23:09:41.333+0000] {dagbag.py:540} INFO - Filling up the DagBag from /opt/airflow/dags/upload_congress_data.py
[2024-06-13T23:09:41.362+0000] {logging_mixin.py:188} INFO - Bucket Name: congress_data_testproject-420401
[2024-06-13T23:09:41.368+0000] {processor.py:840} INFO - DAG(s) 'upload_congress_data' retrieved from /opt/airflow/dags/upload_congress_data.py
[2024-06-13T23:09:41.382+0000] {logging_mixin.py:188} INFO - [2024-06-13T23:09:41.382+0000] {dag.py:3047} INFO - Sync 1 DAGs
[2024-06-13T23:09:41.391+0000] {logging_mixin.py:188} INFO - [2024-06-13T23:09:41.391+0000] {dag.py:3834} INFO - Setting next_dagrun for upload_congress_data to None, run_after=None
[2024-06-13T23:09:41.400+0000] {processor.py:183} INFO - Processing /opt/airflow/dags/upload_congress_data.py took 0.074 seconds
[2024-06-13T23:10:11.740+0000] {processor.py:161} INFO - Started process (PID=924) to work on /opt/airflow/dags/upload_congress_data.py
[2024-06-13T23:10:11.742+0000] {processor.py:830} INFO - Processing file /opt/airflow/dags/upload_congress_data.py for tasks to queue
[2024-06-13T23:10:11.744+0000] {logging_mixin.py:188} INFO - [2024-06-13T23:10:11.744+0000] {dagbag.py:540} INFO - Filling up the DagBag from /opt/airflow/dags/upload_congress_data.py
[2024-06-13T23:10:11.779+0000] {logging_mixin.py:188} INFO - Bucket Name: congress_data_testproject-420401
[2024-06-13T23:10:11.785+0000] {processor.py:840} INFO - DAG(s) 'upload_congress_data' retrieved from /opt/airflow/dags/upload_congress_data.py
[2024-06-13T23:10:11.800+0000] {logging_mixin.py:188} INFO - [2024-06-13T23:10:11.800+0000] {dag.py:3047} INFO - Sync 1 DAGs
[2024-06-13T23:10:11.809+0000] {logging_mixin.py:188} INFO - [2024-06-13T23:10:11.809+0000] {dag.py:3834} INFO - Setting next_dagrun for upload_congress_data to None, run_after=None
[2024-06-13T23:10:11.817+0000] {processor.py:183} INFO - Processing /opt/airflow/dags/upload_congress_data.py took 0.082 seconds
[2024-06-13T23:10:42.156+0000] {processor.py:161} INFO - Started process (PID=932) to work on /opt/airflow/dags/upload_congress_data.py
[2024-06-13T23:10:42.158+0000] {processor.py:830} INFO - Processing file /opt/airflow/dags/upload_congress_data.py for tasks to queue
[2024-06-13T23:10:42.161+0000] {logging_mixin.py:188} INFO - [2024-06-13T23:10:42.161+0000] {dagbag.py:540} INFO - Filling up the DagBag from /opt/airflow/dags/upload_congress_data.py
[2024-06-13T23:10:42.199+0000] {logging_mixin.py:188} INFO - Bucket Name: congress_data_testproject-420401
[2024-06-13T23:10:42.207+0000] {processor.py:840} INFO - DAG(s) 'upload_congress_data' retrieved from /opt/airflow/dags/upload_congress_data.py
[2024-06-13T23:10:42.222+0000] {logging_mixin.py:188} INFO - [2024-06-13T23:10:42.222+0000] {dag.py:3047} INFO - Sync 1 DAGs
[2024-06-13T23:10:42.232+0000] {logging_mixin.py:188} INFO - [2024-06-13T23:10:42.232+0000] {dag.py:3834} INFO - Setting next_dagrun for upload_congress_data to None, run_after=None
[2024-06-13T23:10:42.241+0000] {processor.py:183} INFO - Processing /opt/airflow/dags/upload_congress_data.py took 0.092 seconds
[2024-06-13T23:11:12.595+0000] {processor.py:161} INFO - Started process (PID=940) to work on /opt/airflow/dags/upload_congress_data.py
[2024-06-13T23:11:12.596+0000] {processor.py:830} INFO - Processing file /opt/airflow/dags/upload_congress_data.py for tasks to queue
[2024-06-13T23:11:12.600+0000] {logging_mixin.py:188} INFO - [2024-06-13T23:11:12.600+0000] {dagbag.py:540} INFO - Filling up the DagBag from /opt/airflow/dags/upload_congress_data.py
[2024-06-13T23:11:12.636+0000] {logging_mixin.py:188} INFO - Bucket Name: congress_data_testproject-420401
[2024-06-13T23:11:12.646+0000] {processor.py:840} INFO - DAG(s) 'upload_congress_data' retrieved from /opt/airflow/dags/upload_congress_data.py
[2024-06-13T23:11:12.662+0000] {logging_mixin.py:188} INFO - [2024-06-13T23:11:12.662+0000] {dag.py:3047} INFO - Sync 1 DAGs
[2024-06-13T23:11:12.675+0000] {logging_mixin.py:188} INFO - [2024-06-13T23:11:12.674+0000] {dag.py:3834} INFO - Setting next_dagrun for upload_congress_data to None, run_after=None
[2024-06-13T23:11:12.683+0000] {processor.py:183} INFO - Processing /opt/airflow/dags/upload_congress_data.py took 0.093 seconds
[2024-06-13T23:11:42.979+0000] {processor.py:161} INFO - Started process (PID=948) to work on /opt/airflow/dags/upload_congress_data.py
[2024-06-13T23:11:42.981+0000] {processor.py:830} INFO - Processing file /opt/airflow/dags/upload_congress_data.py for tasks to queue
[2024-06-13T23:11:42.987+0000] {logging_mixin.py:188} INFO - [2024-06-13T23:11:42.986+0000] {dagbag.py:540} INFO - Filling up the DagBag from /opt/airflow/dags/upload_congress_data.py
[2024-06-13T23:11:43.045+0000] {logging_mixin.py:188} INFO - Bucket Name: congress_data_testproject-420401
[2024-06-13T23:11:43.061+0000] {processor.py:840} INFO - DAG(s) 'upload_congress_data' retrieved from /opt/airflow/dags/upload_congress_data.py
[2024-06-13T23:11:43.081+0000] {logging_mixin.py:188} INFO - [2024-06-13T23:11:43.081+0000] {dag.py:3047} INFO - Sync 1 DAGs
[2024-06-13T23:11:43.108+0000] {logging_mixin.py:188} INFO - [2024-06-13T23:11:43.108+0000] {dag.py:3834} INFO - Setting next_dagrun for upload_congress_data to None, run_after=None
[2024-06-13T23:11:43.118+0000] {processor.py:183} INFO - Processing /opt/airflow/dags/upload_congress_data.py took 0.145 seconds
[2024-06-13T23:12:13.365+0000] {processor.py:161} INFO - Started process (PID=956) to work on /opt/airflow/dags/upload_congress_data.py
[2024-06-13T23:12:13.366+0000] {processor.py:830} INFO - Processing file /opt/airflow/dags/upload_congress_data.py for tasks to queue
[2024-06-13T23:12:13.370+0000] {logging_mixin.py:188} INFO - [2024-06-13T23:12:13.369+0000] {dagbag.py:540} INFO - Filling up the DagBag from /opt/airflow/dags/upload_congress_data.py
[2024-06-13T23:12:13.403+0000] {logging_mixin.py:188} INFO - Bucket Name: congress_data_testproject-420401
[2024-06-13T23:12:13.410+0000] {processor.py:840} INFO - DAG(s) 'upload_congress_data' retrieved from /opt/airflow/dags/upload_congress_data.py
[2024-06-13T23:12:13.425+0000] {logging_mixin.py:188} INFO - [2024-06-13T23:12:13.425+0000] {dag.py:3047} INFO - Sync 1 DAGs
[2024-06-13T23:12:13.434+0000] {logging_mixin.py:188} INFO - [2024-06-13T23:12:13.434+0000] {dag.py:3834} INFO - Setting next_dagrun for upload_congress_data to None, run_after=None
[2024-06-13T23:12:13.441+0000] {processor.py:183} INFO - Processing /opt/airflow/dags/upload_congress_data.py took 0.082 seconds
[2024-06-13T23:12:43.750+0000] {processor.py:161} INFO - Started process (PID=964) to work on /opt/airflow/dags/upload_congress_data.py
[2024-06-13T23:12:43.752+0000] {processor.py:830} INFO - Processing file /opt/airflow/dags/upload_congress_data.py for tasks to queue
[2024-06-13T23:12:43.754+0000] {logging_mixin.py:188} INFO - [2024-06-13T23:12:43.754+0000] {dagbag.py:540} INFO - Filling up the DagBag from /opt/airflow/dags/upload_congress_data.py
[2024-06-13T23:12:43.784+0000] {logging_mixin.py:188} INFO - Bucket Name: congress_data_testproject-420401
[2024-06-13T23:12:43.790+0000] {processor.py:840} INFO - DAG(s) 'upload_congress_data' retrieved from /opt/airflow/dags/upload_congress_data.py
[2024-06-13T23:12:43.804+0000] {logging_mixin.py:188} INFO - [2024-06-13T23:12:43.804+0000] {dag.py:3047} INFO - Sync 1 DAGs
[2024-06-13T23:12:43.814+0000] {logging_mixin.py:188} INFO - [2024-06-13T23:12:43.814+0000] {dag.py:3834} INFO - Setting next_dagrun for upload_congress_data to None, run_after=None
[2024-06-13T23:12:43.821+0000] {processor.py:183} INFO - Processing /opt/airflow/dags/upload_congress_data.py took 0.075 seconds
[2024-06-13T23:13:14.181+0000] {processor.py:161} INFO - Started process (PID=972) to work on /opt/airflow/dags/upload_congress_data.py
[2024-06-13T23:13:14.183+0000] {processor.py:830} INFO - Processing file /opt/airflow/dags/upload_congress_data.py for tasks to queue
[2024-06-13T23:13:14.188+0000] {logging_mixin.py:188} INFO - [2024-06-13T23:13:14.187+0000] {dagbag.py:540} INFO - Filling up the DagBag from /opt/airflow/dags/upload_congress_data.py
[2024-06-13T23:13:14.229+0000] {logging_mixin.py:188} INFO - Bucket Name: congress_data_testproject-420401
[2024-06-13T23:13:14.239+0000] {processor.py:840} INFO - DAG(s) 'upload_congress_data' retrieved from /opt/airflow/dags/upload_congress_data.py
[2024-06-13T23:13:14.256+0000] {logging_mixin.py:188} INFO - [2024-06-13T23:13:14.255+0000] {dag.py:3047} INFO - Sync 1 DAGs
[2024-06-13T23:13:14.267+0000] {logging_mixin.py:188} INFO - [2024-06-13T23:13:14.267+0000] {dag.py:3834} INFO - Setting next_dagrun for upload_congress_data to None, run_after=None
[2024-06-13T23:13:14.277+0000] {processor.py:183} INFO - Processing /opt/airflow/dags/upload_congress_data.py took 0.104 seconds
[2024-06-13T23:13:44.612+0000] {processor.py:161} INFO - Started process (PID=980) to work on /opt/airflow/dags/upload_congress_data.py
[2024-06-13T23:13:44.613+0000] {processor.py:830} INFO - Processing file /opt/airflow/dags/upload_congress_data.py for tasks to queue
[2024-06-13T23:13:44.617+0000] {logging_mixin.py:188} INFO - [2024-06-13T23:13:44.616+0000] {dagbag.py:540} INFO - Filling up the DagBag from /opt/airflow/dags/upload_congress_data.py
[2024-06-13T23:13:44.650+0000] {logging_mixin.py:188} INFO - Bucket Name: congress_data_testproject-420401
[2024-06-13T23:13:44.657+0000] {processor.py:840} INFO - DAG(s) 'upload_congress_data' retrieved from /opt/airflow/dags/upload_congress_data.py
[2024-06-13T23:13:44.671+0000] {logging_mixin.py:188} INFO - [2024-06-13T23:13:44.671+0000] {dag.py:3047} INFO - Sync 1 DAGs
[2024-06-13T23:13:44.681+0000] {logging_mixin.py:188} INFO - [2024-06-13T23:13:44.681+0000] {dag.py:3834} INFO - Setting next_dagrun for upload_congress_data to None, run_after=None
[2024-06-13T23:13:44.688+0000] {processor.py:183} INFO - Processing /opt/airflow/dags/upload_congress_data.py took 0.081 seconds
[2024-06-13T23:14:15.536+0000] {processor.py:161} INFO - Started process (PID=988) to work on /opt/airflow/dags/upload_congress_data.py
[2024-06-13T23:14:15.538+0000] {processor.py:830} INFO - Processing file /opt/airflow/dags/upload_congress_data.py for tasks to queue
[2024-06-13T23:14:15.542+0000] {logging_mixin.py:188} INFO - [2024-06-13T23:14:15.541+0000] {dagbag.py:540} INFO - Filling up the DagBag from /opt/airflow/dags/upload_congress_data.py
[2024-06-13T23:14:15.573+0000] {logging_mixin.py:188} INFO - Bucket Name: congress_data_testproject-420401
[2024-06-13T23:14:15.581+0000] {processor.py:840} INFO - DAG(s) 'upload_congress_data' retrieved from /opt/airflow/dags/upload_congress_data.py
[2024-06-13T23:14:15.597+0000] {logging_mixin.py:188} INFO - [2024-06-13T23:14:15.597+0000] {dag.py:3047} INFO - Sync 1 DAGs
[2024-06-13T23:14:15.608+0000] {logging_mixin.py:188} INFO - [2024-06-13T23:14:15.607+0000] {dag.py:3834} INFO - Setting next_dagrun for upload_congress_data to None, run_after=None
[2024-06-13T23:14:15.616+0000] {processor.py:183} INFO - Processing /opt/airflow/dags/upload_congress_data.py took 0.087 seconds
[2024-06-13T23:14:45.914+0000] {processor.py:161} INFO - Started process (PID=996) to work on /opt/airflow/dags/upload_congress_data.py
[2024-06-13T23:14:45.915+0000] {processor.py:830} INFO - Processing file /opt/airflow/dags/upload_congress_data.py for tasks to queue
[2024-06-13T23:14:45.918+0000] {logging_mixin.py:188} INFO - [2024-06-13T23:14:45.918+0000] {dagbag.py:540} INFO - Filling up the DagBag from /opt/airflow/dags/upload_congress_data.py
[2024-06-13T23:14:45.942+0000] {logging_mixin.py:188} INFO - Bucket Name: congress_data_testproject-420401
[2024-06-13T23:14:45.949+0000] {processor.py:840} INFO - DAG(s) 'upload_congress_data' retrieved from /opt/airflow/dags/upload_congress_data.py
[2024-06-13T23:14:45.964+0000] {logging_mixin.py:188} INFO - [2024-06-13T23:14:45.964+0000] {dag.py:3047} INFO - Sync 1 DAGs
[2024-06-13T23:14:45.974+0000] {logging_mixin.py:188} INFO - [2024-06-13T23:14:45.974+0000] {dag.py:3834} INFO - Setting next_dagrun for upload_congress_data to None, run_after=None
[2024-06-13T23:14:45.982+0000] {processor.py:183} INFO - Processing /opt/airflow/dags/upload_congress_data.py took 0.073 seconds
[2024-06-13T23:15:16.296+0000] {processor.py:161} INFO - Started process (PID=1004) to work on /opt/airflow/dags/upload_congress_data.py
[2024-06-13T23:15:16.297+0000] {processor.py:830} INFO - Processing file /opt/airflow/dags/upload_congress_data.py for tasks to queue
[2024-06-13T23:15:16.299+0000] {logging_mixin.py:188} INFO - [2024-06-13T23:15:16.298+0000] {dagbag.py:540} INFO - Filling up the DagBag from /opt/airflow/dags/upload_congress_data.py
[2024-06-13T23:15:16.329+0000] {logging_mixin.py:188} INFO - Bucket Name: congress_data_testproject-420401
[2024-06-13T23:15:16.337+0000] {processor.py:840} INFO - DAG(s) 'upload_congress_data' retrieved from /opt/airflow/dags/upload_congress_data.py
[2024-06-13T23:15:16.354+0000] {logging_mixin.py:188} INFO - [2024-06-13T23:15:16.353+0000] {dag.py:3047} INFO - Sync 1 DAGs
[2024-06-13T23:15:16.378+0000] {logging_mixin.py:188} INFO - [2024-06-13T23:15:16.378+0000] {dag.py:3834} INFO - Setting next_dagrun for upload_congress_data to None, run_after=None
[2024-06-13T23:15:16.387+0000] {processor.py:183} INFO - Processing /opt/airflow/dags/upload_congress_data.py took 0.093 seconds
[2024-06-13T23:15:46.685+0000] {processor.py:161} INFO - Started process (PID=1012) to work on /opt/airflow/dags/upload_congress_data.py
[2024-06-13T23:15:46.685+0000] {processor.py:830} INFO - Processing file /opt/airflow/dags/upload_congress_data.py for tasks to queue
[2024-06-13T23:15:46.687+0000] {logging_mixin.py:188} INFO - [2024-06-13T23:15:46.687+0000] {dagbag.py:540} INFO - Filling up the DagBag from /opt/airflow/dags/upload_congress_data.py
[2024-06-13T23:15:46.710+0000] {logging_mixin.py:188} INFO - Bucket Name: congress_data_testproject-420401
[2024-06-13T23:15:46.716+0000] {processor.py:840} INFO - DAG(s) 'upload_congress_data' retrieved from /opt/airflow/dags/upload_congress_data.py
[2024-06-13T23:15:46.730+0000] {logging_mixin.py:188} INFO - [2024-06-13T23:15:46.730+0000] {dag.py:3047} INFO - Sync 1 DAGs
[2024-06-13T23:15:46.740+0000] {logging_mixin.py:188} INFO - [2024-06-13T23:15:46.740+0000] {dag.py:3834} INFO - Setting next_dagrun for upload_congress_data to None, run_after=None
[2024-06-13T23:15:46.748+0000] {processor.py:183} INFO - Processing /opt/airflow/dags/upload_congress_data.py took 0.066 seconds
[2024-06-13T23:16:17.077+0000] {processor.py:161} INFO - Started process (PID=1020) to work on /opt/airflow/dags/upload_congress_data.py
[2024-06-13T23:16:17.080+0000] {processor.py:830} INFO - Processing file /opt/airflow/dags/upload_congress_data.py for tasks to queue
[2024-06-13T23:16:17.085+0000] {logging_mixin.py:188} INFO - [2024-06-13T23:16:17.084+0000] {dagbag.py:540} INFO - Filling up the DagBag from /opt/airflow/dags/upload_congress_data.py
[2024-06-13T23:16:17.118+0000] {logging_mixin.py:188} INFO - Bucket Name: congress_data_testproject-420401
[2024-06-13T23:16:17.125+0000] {processor.py:840} INFO - DAG(s) 'upload_congress_data' retrieved from /opt/airflow/dags/upload_congress_data.py
[2024-06-13T23:16:17.140+0000] {logging_mixin.py:188} INFO - [2024-06-13T23:16:17.140+0000] {dag.py:3047} INFO - Sync 1 DAGs
[2024-06-13T23:16:17.150+0000] {logging_mixin.py:188} INFO - [2024-06-13T23:16:17.149+0000] {dag.py:3834} INFO - Setting next_dagrun for upload_congress_data to None, run_after=None
[2024-06-13T23:16:17.158+0000] {processor.py:183} INFO - Processing /opt/airflow/dags/upload_congress_data.py took 0.088 seconds
[2024-06-13T23:16:47.432+0000] {processor.py:161} INFO - Started process (PID=1028) to work on /opt/airflow/dags/upload_congress_data.py
[2024-06-13T23:16:47.433+0000] {processor.py:830} INFO - Processing file /opt/airflow/dags/upload_congress_data.py for tasks to queue
[2024-06-13T23:16:47.435+0000] {logging_mixin.py:188} INFO - [2024-06-13T23:16:47.434+0000] {dagbag.py:540} INFO - Filling up the DagBag from /opt/airflow/dags/upload_congress_data.py
[2024-06-13T23:16:47.466+0000] {logging_mixin.py:188} INFO - Bucket Name: congress_data_testproject-420401
[2024-06-13T23:16:47.474+0000] {processor.py:840} INFO - DAG(s) 'upload_congress_data' retrieved from /opt/airflow/dags/upload_congress_data.py
[2024-06-13T23:16:47.491+0000] {logging_mixin.py:188} INFO - [2024-06-13T23:16:47.491+0000] {dag.py:3047} INFO - Sync 1 DAGs
[2024-06-13T23:16:47.504+0000] {logging_mixin.py:188} INFO - [2024-06-13T23:16:47.503+0000] {dag.py:3834} INFO - Setting next_dagrun for upload_congress_data to None, run_after=None
[2024-06-13T23:16:47.513+0000] {processor.py:183} INFO - Processing /opt/airflow/dags/upload_congress_data.py took 0.084 seconds
[2024-06-13T23:17:17.778+0000] {processor.py:161} INFO - Started process (PID=1036) to work on /opt/airflow/dags/upload_congress_data.py
[2024-06-13T23:17:17.779+0000] {processor.py:830} INFO - Processing file /opt/airflow/dags/upload_congress_data.py for tasks to queue
[2024-06-13T23:17:17.781+0000] {logging_mixin.py:188} INFO - [2024-06-13T23:17:17.781+0000] {dagbag.py:540} INFO - Filling up the DagBag from /opt/airflow/dags/upload_congress_data.py
[2024-06-13T23:17:17.803+0000] {logging_mixin.py:188} INFO - Bucket Name: congress_data_testproject-420401
[2024-06-13T23:17:17.810+0000] {processor.py:840} INFO - DAG(s) 'upload_congress_data' retrieved from /opt/airflow/dags/upload_congress_data.py
[2024-06-13T23:17:17.824+0000] {logging_mixin.py:188} INFO - [2024-06-13T23:17:17.824+0000] {dag.py:3047} INFO - Sync 1 DAGs
[2024-06-13T23:17:17.835+0000] {logging_mixin.py:188} INFO - [2024-06-13T23:17:17.834+0000] {dag.py:3834} INFO - Setting next_dagrun for upload_congress_data to None, run_after=None
[2024-06-13T23:17:17.842+0000] {processor.py:183} INFO - Processing /opt/airflow/dags/upload_congress_data.py took 0.066 seconds
[2024-06-13T23:17:48.153+0000] {processor.py:161} INFO - Started process (PID=1044) to work on /opt/airflow/dags/upload_congress_data.py
[2024-06-13T23:17:48.154+0000] {processor.py:830} INFO - Processing file /opt/airflow/dags/upload_congress_data.py for tasks to queue
[2024-06-13T23:17:48.157+0000] {logging_mixin.py:188} INFO - [2024-06-13T23:17:48.157+0000] {dagbag.py:540} INFO - Filling up the DagBag from /opt/airflow/dags/upload_congress_data.py
[2024-06-13T23:17:48.193+0000] {logging_mixin.py:188} INFO - Bucket Name: congress_data_testproject-420401
[2024-06-13T23:17:48.199+0000] {processor.py:840} INFO - DAG(s) 'upload_congress_data' retrieved from /opt/airflow/dags/upload_congress_data.py
[2024-06-13T23:17:48.214+0000] {logging_mixin.py:188} INFO - [2024-06-13T23:17:48.213+0000] {dag.py:3047} INFO - Sync 1 DAGs
[2024-06-13T23:17:48.224+0000] {logging_mixin.py:188} INFO - [2024-06-13T23:17:48.224+0000] {dag.py:3834} INFO - Setting next_dagrun for upload_congress_data to None, run_after=None
[2024-06-13T23:17:48.231+0000] {processor.py:183} INFO - Processing /opt/airflow/dags/upload_congress_data.py took 0.083 seconds
[2024-06-13T23:18:18.535+0000] {processor.py:161} INFO - Started process (PID=1052) to work on /opt/airflow/dags/upload_congress_data.py
[2024-06-13T23:18:18.536+0000] {processor.py:830} INFO - Processing file /opt/airflow/dags/upload_congress_data.py for tasks to queue
[2024-06-13T23:18:18.538+0000] {logging_mixin.py:188} INFO - [2024-06-13T23:18:18.537+0000] {dagbag.py:540} INFO - Filling up the DagBag from /opt/airflow/dags/upload_congress_data.py
[2024-06-13T23:18:18.568+0000] {logging_mixin.py:188} INFO - Bucket Name: congress_data_testproject-420401
[2024-06-13T23:18:18.576+0000] {processor.py:840} INFO - DAG(s) 'upload_congress_data' retrieved from /opt/airflow/dags/upload_congress_data.py
[2024-06-13T23:18:18.596+0000] {logging_mixin.py:188} INFO - [2024-06-13T23:18:18.596+0000] {dag.py:3047} INFO - Sync 1 DAGs
[2024-06-13T23:18:18.608+0000] {logging_mixin.py:188} INFO - [2024-06-13T23:18:18.608+0000] {dag.py:3834} INFO - Setting next_dagrun for upload_congress_data to None, run_after=None
[2024-06-13T23:18:18.618+0000] {processor.py:183} INFO - Processing /opt/airflow/dags/upload_congress_data.py took 0.086 seconds
[2024-06-13T23:18:48.930+0000] {processor.py:161} INFO - Started process (PID=1060) to work on /opt/airflow/dags/upload_congress_data.py
[2024-06-13T23:18:48.933+0000] {processor.py:830} INFO - Processing file /opt/airflow/dags/upload_congress_data.py for tasks to queue
[2024-06-13T23:18:48.940+0000] {logging_mixin.py:188} INFO - [2024-06-13T23:18:48.939+0000] {dagbag.py:540} INFO - Filling up the DagBag from /opt/airflow/dags/upload_congress_data.py
[2024-06-13T23:18:48.974+0000] {logging_mixin.py:188} INFO - Bucket Name: congress_data_testproject-420401
[2024-06-13T23:18:48.987+0000] {processor.py:840} INFO - DAG(s) 'upload_congress_data' retrieved from /opt/airflow/dags/upload_congress_data.py
[2024-06-13T23:18:49.014+0000] {logging_mixin.py:188} INFO - [2024-06-13T23:18:49.014+0000] {dag.py:3047} INFO - Sync 1 DAGs
[2024-06-13T23:18:49.030+0000] {logging_mixin.py:188} INFO - [2024-06-13T23:18:49.030+0000] {dag.py:3834} INFO - Setting next_dagrun for upload_congress_data to None, run_after=None
[2024-06-13T23:18:49.043+0000] {processor.py:183} INFO - Processing /opt/airflow/dags/upload_congress_data.py took 0.121 seconds
[2024-06-13T23:19:19.789+0000] {processor.py:161} INFO - Started process (PID=1068) to work on /opt/airflow/dags/upload_congress_data.py
[2024-06-13T23:19:19.790+0000] {processor.py:830} INFO - Processing file /opt/airflow/dags/upload_congress_data.py for tasks to queue
[2024-06-13T23:19:19.794+0000] {logging_mixin.py:188} INFO - [2024-06-13T23:19:19.793+0000] {dagbag.py:540} INFO - Filling up the DagBag from /opt/airflow/dags/upload_congress_data.py
[2024-06-13T23:19:19.834+0000] {logging_mixin.py:188} INFO - Bucket Name: congress_data_testproject-420401
[2024-06-13T23:19:19.842+0000] {processor.py:840} INFO - DAG(s) 'upload_congress_data' retrieved from /opt/airflow/dags/upload_congress_data.py
[2024-06-13T23:19:19.868+0000] {logging_mixin.py:188} INFO - [2024-06-13T23:19:19.868+0000] {dag.py:3047} INFO - Sync 1 DAGs
[2024-06-13T23:19:19.886+0000] {logging_mixin.py:188} INFO - [2024-06-13T23:19:19.886+0000] {dag.py:3834} INFO - Setting next_dagrun for upload_congress_data to None, run_after=None
[2024-06-13T23:19:19.899+0000] {processor.py:183} INFO - Processing /opt/airflow/dags/upload_congress_data.py took 0.112 seconds
[2024-06-13T23:19:50.229+0000] {processor.py:161} INFO - Started process (PID=1076) to work on /opt/airflow/dags/upload_congress_data.py
[2024-06-13T23:19:50.230+0000] {processor.py:830} INFO - Processing file /opt/airflow/dags/upload_congress_data.py for tasks to queue
[2024-06-13T23:19:50.232+0000] {logging_mixin.py:188} INFO - [2024-06-13T23:19:50.232+0000] {dagbag.py:540} INFO - Filling up the DagBag from /opt/airflow/dags/upload_congress_data.py
[2024-06-13T23:19:50.256+0000] {logging_mixin.py:188} INFO - Bucket Name: congress_data_testproject-420401
[2024-06-13T23:19:50.262+0000] {processor.py:840} INFO - DAG(s) 'upload_congress_data' retrieved from /opt/airflow/dags/upload_congress_data.py
[2024-06-13T23:19:50.278+0000] {logging_mixin.py:188} INFO - [2024-06-13T23:19:50.277+0000] {dag.py:3047} INFO - Sync 1 DAGs
[2024-06-13T23:19:50.289+0000] {logging_mixin.py:188} INFO - [2024-06-13T23:19:50.288+0000] {dag.py:3834} INFO - Setting next_dagrun for upload_congress_data to None, run_after=None
[2024-06-13T23:19:50.297+0000] {processor.py:183} INFO - Processing /opt/airflow/dags/upload_congress_data.py took 0.071 seconds
[2024-06-13T23:20:20.616+0000] {processor.py:161} INFO - Started process (PID=1084) to work on /opt/airflow/dags/upload_congress_data.py
[2024-06-13T23:20:20.616+0000] {processor.py:830} INFO - Processing file /opt/airflow/dags/upload_congress_data.py for tasks to queue
[2024-06-13T23:20:20.618+0000] {logging_mixin.py:188} INFO - [2024-06-13T23:20:20.618+0000] {dagbag.py:540} INFO - Filling up the DagBag from /opt/airflow/dags/upload_congress_data.py
[2024-06-13T23:20:20.641+0000] {logging_mixin.py:188} INFO - Bucket Name: congress_data_testproject-420401
[2024-06-13T23:20:20.648+0000] {processor.py:840} INFO - DAG(s) 'upload_congress_data' retrieved from /opt/airflow/dags/upload_congress_data.py
[2024-06-13T23:20:20.664+0000] {logging_mixin.py:188} INFO - [2024-06-13T23:20:20.664+0000] {dag.py:3047} INFO - Sync 1 DAGs
[2024-06-13T23:20:20.675+0000] {logging_mixin.py:188} INFO - [2024-06-13T23:20:20.674+0000] {dag.py:3834} INFO - Setting next_dagrun for upload_congress_data to None, run_after=None
[2024-06-13T23:20:20.683+0000] {processor.py:183} INFO - Processing /opt/airflow/dags/upload_congress_data.py took 0.070 seconds
[2024-06-13T23:20:50.994+0000] {processor.py:161} INFO - Started process (PID=1092) to work on /opt/airflow/dags/upload_congress_data.py
[2024-06-13T23:20:50.995+0000] {processor.py:830} INFO - Processing file /opt/airflow/dags/upload_congress_data.py for tasks to queue
[2024-06-13T23:20:50.997+0000] {logging_mixin.py:188} INFO - [2024-06-13T23:20:50.997+0000] {dagbag.py:540} INFO - Filling up the DagBag from /opt/airflow/dags/upload_congress_data.py
[2024-06-13T23:20:51.032+0000] {logging_mixin.py:188} INFO - Bucket Name: congress_data_testproject-420401
[2024-06-13T23:20:51.040+0000] {processor.py:840} INFO - DAG(s) 'upload_congress_data' retrieved from /opt/airflow/dags/upload_congress_data.py
[2024-06-13T23:20:51.057+0000] {logging_mixin.py:188} INFO - [2024-06-13T23:20:51.057+0000] {dag.py:3047} INFO - Sync 1 DAGs
[2024-06-13T23:20:51.068+0000] {logging_mixin.py:188} INFO - [2024-06-13T23:20:51.068+0000] {dag.py:3834} INFO - Setting next_dagrun for upload_congress_data to None, run_after=None
[2024-06-13T23:20:51.078+0000] {processor.py:183} INFO - Processing /opt/airflow/dags/upload_congress_data.py took 0.087 seconds
[2024-06-13T23:21:21.380+0000] {processor.py:161} INFO - Started process (PID=1100) to work on /opt/airflow/dags/upload_congress_data.py
[2024-06-13T23:21:21.382+0000] {processor.py:830} INFO - Processing file /opt/airflow/dags/upload_congress_data.py for tasks to queue
[2024-06-13T23:21:21.397+0000] {logging_mixin.py:188} INFO - [2024-06-13T23:21:21.396+0000] {dagbag.py:540} INFO - Filling up the DagBag from /opt/airflow/dags/upload_congress_data.py
[2024-06-13T23:21:21.433+0000] {logging_mixin.py:188} INFO - Bucket Name: congress_data_testproject-420401
[2024-06-13T23:21:21.443+0000] {processor.py:840} INFO - DAG(s) 'upload_congress_data' retrieved from /opt/airflow/dags/upload_congress_data.py
[2024-06-13T23:21:21.459+0000] {logging_mixin.py:188} INFO - [2024-06-13T23:21:21.458+0000] {dag.py:3047} INFO - Sync 1 DAGs
[2024-06-13T23:21:21.470+0000] {logging_mixin.py:188} INFO - [2024-06-13T23:21:21.470+0000] {dag.py:3834} INFO - Setting next_dagrun for upload_congress_data to None, run_after=None
[2024-06-13T23:21:21.478+0000] {processor.py:183} INFO - Processing /opt/airflow/dags/upload_congress_data.py took 0.104 seconds
[2024-06-13T23:21:51.714+0000] {processor.py:161} INFO - Started process (PID=1108) to work on /opt/airflow/dags/upload_congress_data.py
[2024-06-13T23:21:51.716+0000] {processor.py:830} INFO - Processing file /opt/airflow/dags/upload_congress_data.py for tasks to queue
[2024-06-13T23:21:51.718+0000] {logging_mixin.py:188} INFO - [2024-06-13T23:21:51.717+0000] {dagbag.py:540} INFO - Filling up the DagBag from /opt/airflow/dags/upload_congress_data.py
[2024-06-13T23:21:51.747+0000] {logging_mixin.py:188} INFO - Bucket Name: congress_data_testproject-420401
[2024-06-13T23:21:51.754+0000] {processor.py:840} INFO - DAG(s) 'upload_congress_data' retrieved from /opt/airflow/dags/upload_congress_data.py
[2024-06-13T23:21:51.768+0000] {logging_mixin.py:188} INFO - [2024-06-13T23:21:51.768+0000] {dag.py:3047} INFO - Sync 1 DAGs
[2024-06-13T23:21:51.779+0000] {logging_mixin.py:188} INFO - [2024-06-13T23:21:51.779+0000] {dag.py:3834} INFO - Setting next_dagrun for upload_congress_data to None, run_after=None
[2024-06-13T23:21:51.787+0000] {processor.py:183} INFO - Processing /opt/airflow/dags/upload_congress_data.py took 0.076 seconds
[2024-06-13T23:22:22.040+0000] {processor.py:161} INFO - Started process (PID=1116) to work on /opt/airflow/dags/upload_congress_data.py
[2024-06-13T23:22:22.041+0000] {processor.py:830} INFO - Processing file /opt/airflow/dags/upload_congress_data.py for tasks to queue
[2024-06-13T23:22:22.043+0000] {logging_mixin.py:188} INFO - [2024-06-13T23:22:22.043+0000] {dagbag.py:540} INFO - Filling up the DagBag from /opt/airflow/dags/upload_congress_data.py
[2024-06-13T23:22:22.069+0000] {logging_mixin.py:188} INFO - Bucket Name: congress_data_testproject-420401
[2024-06-13T23:22:22.078+0000] {processor.py:840} INFO - DAG(s) 'upload_congress_data' retrieved from /opt/airflow/dags/upload_congress_data.py
[2024-06-13T23:22:22.096+0000] {logging_mixin.py:188} INFO - [2024-06-13T23:22:22.096+0000] {dag.py:3047} INFO - Sync 1 DAGs
[2024-06-13T23:22:22.107+0000] {logging_mixin.py:188} INFO - [2024-06-13T23:22:22.107+0000] {dag.py:3834} INFO - Setting next_dagrun for upload_congress_data to None, run_after=None
[2024-06-13T23:22:22.116+0000] {processor.py:183} INFO - Processing /opt/airflow/dags/upload_congress_data.py took 0.080 seconds
[2024-06-13T23:22:52.395+0000] {processor.py:161} INFO - Started process (PID=1124) to work on /opt/airflow/dags/upload_congress_data.py
[2024-06-13T23:22:52.396+0000] {processor.py:830} INFO - Processing file /opt/airflow/dags/upload_congress_data.py for tasks to queue
[2024-06-13T23:22:52.399+0000] {logging_mixin.py:188} INFO - [2024-06-13T23:22:52.399+0000] {dagbag.py:540} INFO - Filling up the DagBag from /opt/airflow/dags/upload_congress_data.py
[2024-06-13T23:22:52.431+0000] {logging_mixin.py:188} INFO - Bucket Name: congress_data_testproject-420401
[2024-06-13T23:22:52.440+0000] {processor.py:840} INFO - DAG(s) 'upload_congress_data' retrieved from /opt/airflow/dags/upload_congress_data.py
[2024-06-13T23:22:52.457+0000] {logging_mixin.py:188} INFO - [2024-06-13T23:22:52.457+0000] {dag.py:3047} INFO - Sync 1 DAGs
[2024-06-13T23:22:52.469+0000] {logging_mixin.py:188} INFO - [2024-06-13T23:22:52.469+0000] {dag.py:3834} INFO - Setting next_dagrun for upload_congress_data to None, run_after=None
[2024-06-13T23:22:52.479+0000] {processor.py:183} INFO - Processing /opt/airflow/dags/upload_congress_data.py took 0.087 seconds
[2024-06-13T23:23:22.758+0000] {processor.py:161} INFO - Started process (PID=1132) to work on /opt/airflow/dags/upload_congress_data.py
[2024-06-13T23:23:22.760+0000] {processor.py:830} INFO - Processing file /opt/airflow/dags/upload_congress_data.py for tasks to queue
[2024-06-13T23:23:22.763+0000] {logging_mixin.py:188} INFO - [2024-06-13T23:23:22.763+0000] {dagbag.py:540} INFO - Filling up the DagBag from /opt/airflow/dags/upload_congress_data.py
[2024-06-13T23:23:22.798+0000] {logging_mixin.py:188} INFO - Bucket Name: congress_data_testproject-420401
[2024-06-13T23:23:22.806+0000] {processor.py:840} INFO - DAG(s) 'upload_congress_data' retrieved from /opt/airflow/dags/upload_congress_data.py
[2024-06-13T23:23:22.821+0000] {logging_mixin.py:188} INFO - [2024-06-13T23:23:22.821+0000] {dag.py:3047} INFO - Sync 1 DAGs
[2024-06-13T23:23:22.831+0000] {logging_mixin.py:188} INFO - [2024-06-13T23:23:22.831+0000] {dag.py:3834} INFO - Setting next_dagrun for upload_congress_data to None, run_after=None
[2024-06-13T23:23:22.839+0000] {processor.py:183} INFO - Processing /opt/airflow/dags/upload_congress_data.py took 0.087 seconds
[2024-06-13T23:23:53.144+0000] {processor.py:161} INFO - Started process (PID=1140) to work on /opt/airflow/dags/upload_congress_data.py
[2024-06-13T23:23:53.145+0000] {processor.py:830} INFO - Processing file /opt/airflow/dags/upload_congress_data.py for tasks to queue
[2024-06-13T23:23:53.150+0000] {logging_mixin.py:188} INFO - [2024-06-13T23:23:53.150+0000] {dagbag.py:540} INFO - Filling up the DagBag from /opt/airflow/dags/upload_congress_data.py
[2024-06-13T23:23:53.192+0000] {logging_mixin.py:188} INFO - Bucket Name: congress_data_testproject-420401
[2024-06-13T23:23:53.201+0000] {processor.py:840} INFO - DAG(s) 'upload_congress_data' retrieved from /opt/airflow/dags/upload_congress_data.py
[2024-06-13T23:23:53.217+0000] {logging_mixin.py:188} INFO - [2024-06-13T23:23:53.216+0000] {dag.py:3047} INFO - Sync 1 DAGs
[2024-06-13T23:23:53.230+0000] {logging_mixin.py:188} INFO - [2024-06-13T23:23:53.230+0000] {dag.py:3834} INFO - Setting next_dagrun for upload_congress_data to None, run_after=None
[2024-06-13T23:23:53.238+0000] {processor.py:183} INFO - Processing /opt/airflow/dags/upload_congress_data.py took 0.101 seconds
[2024-06-13T23:24:23.957+0000] {processor.py:161} INFO - Started process (PID=1148) to work on /opt/airflow/dags/upload_congress_data.py
[2024-06-13T23:24:23.959+0000] {processor.py:830} INFO - Processing file /opt/airflow/dags/upload_congress_data.py for tasks to queue
[2024-06-13T23:24:23.962+0000] {logging_mixin.py:188} INFO - [2024-06-13T23:24:23.961+0000] {dagbag.py:540} INFO - Filling up the DagBag from /opt/airflow/dags/upload_congress_data.py
[2024-06-13T23:24:23.998+0000] {logging_mixin.py:188} INFO - Bucket Name: congress_data_testproject-420401
[2024-06-13T23:24:24.005+0000] {processor.py:840} INFO - DAG(s) 'upload_congress_data' retrieved from /opt/airflow/dags/upload_congress_data.py
[2024-06-13T23:24:24.020+0000] {logging_mixin.py:188} INFO - [2024-06-13T23:24:24.020+0000] {dag.py:3047} INFO - Sync 1 DAGs
[2024-06-13T23:24:24.029+0000] {logging_mixin.py:188} INFO - [2024-06-13T23:24:24.029+0000] {dag.py:3834} INFO - Setting next_dagrun for upload_congress_data to None, run_after=None
[2024-06-13T23:24:24.037+0000] {processor.py:183} INFO - Processing /opt/airflow/dags/upload_congress_data.py took 0.085 seconds
[2024-06-13T23:24:54.387+0000] {processor.py:161} INFO - Started process (PID=1156) to work on /opt/airflow/dags/upload_congress_data.py
[2024-06-13T23:24:54.389+0000] {processor.py:830} INFO - Processing file /opt/airflow/dags/upload_congress_data.py for tasks to queue
[2024-06-13T23:24:54.392+0000] {logging_mixin.py:188} INFO - [2024-06-13T23:24:54.391+0000] {dagbag.py:540} INFO - Filling up the DagBag from /opt/airflow/dags/upload_congress_data.py
[2024-06-13T23:24:54.425+0000] {logging_mixin.py:188} INFO - Bucket Name: congress_data_testproject-420401
[2024-06-13T23:24:54.432+0000] {processor.py:840} INFO - DAG(s) 'upload_congress_data' retrieved from /opt/airflow/dags/upload_congress_data.py
[2024-06-13T23:24:54.447+0000] {logging_mixin.py:188} INFO - [2024-06-13T23:24:54.447+0000] {dag.py:3047} INFO - Sync 1 DAGs
[2024-06-13T23:24:54.457+0000] {logging_mixin.py:188} INFO - [2024-06-13T23:24:54.457+0000] {dag.py:3834} INFO - Setting next_dagrun for upload_congress_data to None, run_after=None
[2024-06-13T23:24:54.464+0000] {processor.py:183} INFO - Processing /opt/airflow/dags/upload_congress_data.py took 0.083 seconds
[2024-06-13T23:25:24.847+0000] {processor.py:161} INFO - Started process (PID=1164) to work on /opt/airflow/dags/upload_congress_data.py
[2024-06-13T23:25:24.850+0000] {processor.py:830} INFO - Processing file /opt/airflow/dags/upload_congress_data.py for tasks to queue
[2024-06-13T23:25:24.855+0000] {logging_mixin.py:188} INFO - [2024-06-13T23:25:24.854+0000] {dagbag.py:540} INFO - Filling up the DagBag from /opt/airflow/dags/upload_congress_data.py
[2024-06-13T23:25:24.911+0000] {logging_mixin.py:188} INFO - Bucket Name: congress_data_testproject-420401
[2024-06-13T23:25:24.923+0000] {processor.py:840} INFO - DAG(s) 'upload_congress_data' retrieved from /opt/airflow/dags/upload_congress_data.py
[2024-06-13T23:25:24.942+0000] {logging_mixin.py:188} INFO - [2024-06-13T23:25:24.942+0000] {dag.py:3047} INFO - Sync 1 DAGs
[2024-06-13T23:25:24.956+0000] {logging_mixin.py:188} INFO - [2024-06-13T23:25:24.956+0000] {dag.py:3834} INFO - Setting next_dagrun for upload_congress_data to None, run_after=None
[2024-06-13T23:25:24.965+0000] {processor.py:183} INFO - Processing /opt/airflow/dags/upload_congress_data.py took 0.126 seconds
[2024-06-13T23:25:55.264+0000] {processor.py:161} INFO - Started process (PID=1172) to work on /opt/airflow/dags/upload_congress_data.py
[2024-06-13T23:25:55.265+0000] {processor.py:830} INFO - Processing file /opt/airflow/dags/upload_congress_data.py for tasks to queue
[2024-06-13T23:25:55.268+0000] {logging_mixin.py:188} INFO - [2024-06-13T23:25:55.268+0000] {dagbag.py:540} INFO - Filling up the DagBag from /opt/airflow/dags/upload_congress_data.py
[2024-06-13T23:25:55.301+0000] {logging_mixin.py:188} INFO - Bucket Name: congress_data_testproject-420401
[2024-06-13T23:25:55.308+0000] {processor.py:840} INFO - DAG(s) 'upload_congress_data' retrieved from /opt/airflow/dags/upload_congress_data.py
[2024-06-13T23:25:55.323+0000] {logging_mixin.py:188} INFO - [2024-06-13T23:25:55.323+0000] {dag.py:3047} INFO - Sync 1 DAGs
[2024-06-13T23:25:55.332+0000] {logging_mixin.py:188} INFO - [2024-06-13T23:25:55.332+0000] {dag.py:3834} INFO - Setting next_dagrun for upload_congress_data to None, run_after=None
[2024-06-13T23:25:55.340+0000] {processor.py:183} INFO - Processing /opt/airflow/dags/upload_congress_data.py took 0.082 seconds
[2024-06-13T23:26:25.679+0000] {processor.py:161} INFO - Started process (PID=1180) to work on /opt/airflow/dags/upload_congress_data.py
[2024-06-13T23:26:25.681+0000] {processor.py:830} INFO - Processing file /opt/airflow/dags/upload_congress_data.py for tasks to queue
[2024-06-13T23:26:25.686+0000] {logging_mixin.py:188} INFO - [2024-06-13T23:26:25.685+0000] {dagbag.py:540} INFO - Filling up the DagBag from /opt/airflow/dags/upload_congress_data.py
[2024-06-13T23:26:25.725+0000] {logging_mixin.py:188} INFO - Bucket Name: congress_data_testproject-420401
[2024-06-13T23:26:25.735+0000] {processor.py:840} INFO - DAG(s) 'upload_congress_data' retrieved from /opt/airflow/dags/upload_congress_data.py
[2024-06-13T23:26:25.754+0000] {logging_mixin.py:188} INFO - [2024-06-13T23:26:25.754+0000] {dag.py:3047} INFO - Sync 1 DAGs
[2024-06-13T23:26:25.769+0000] {logging_mixin.py:188} INFO - [2024-06-13T23:26:25.768+0000] {dag.py:3834} INFO - Setting next_dagrun for upload_congress_data to None, run_after=None
[2024-06-13T23:26:25.777+0000] {processor.py:183} INFO - Processing /opt/airflow/dags/upload_congress_data.py took 0.104 seconds
[2024-06-13T23:26:56.112+0000] {processor.py:161} INFO - Started process (PID=1188) to work on /opt/airflow/dags/upload_congress_data.py
[2024-06-13T23:26:56.114+0000] {processor.py:830} INFO - Processing file /opt/airflow/dags/upload_congress_data.py for tasks to queue
[2024-06-13T23:26:56.117+0000] {logging_mixin.py:188} INFO - [2024-06-13T23:26:56.116+0000] {dagbag.py:540} INFO - Filling up the DagBag from /opt/airflow/dags/upload_congress_data.py
[2024-06-13T23:26:56.153+0000] {logging_mixin.py:188} INFO - Bucket Name: congress_data_testproject-420401
[2024-06-13T23:26:56.160+0000] {processor.py:840} INFO - DAG(s) 'upload_congress_data' retrieved from /opt/airflow/dags/upload_congress_data.py
[2024-06-13T23:26:56.175+0000] {logging_mixin.py:188} INFO - [2024-06-13T23:26:56.175+0000] {dag.py:3047} INFO - Sync 1 DAGs
[2024-06-13T23:26:56.184+0000] {logging_mixin.py:188} INFO - [2024-06-13T23:26:56.184+0000] {dag.py:3834} INFO - Setting next_dagrun for upload_congress_data to None, run_after=None
[2024-06-13T23:26:56.192+0000] {processor.py:183} INFO - Processing /opt/airflow/dags/upload_congress_data.py took 0.086 seconds
[2024-06-13T23:27:26.498+0000] {processor.py:161} INFO - Started process (PID=1196) to work on /opt/airflow/dags/upload_congress_data.py
[2024-06-13T23:27:26.500+0000] {processor.py:830} INFO - Processing file /opt/airflow/dags/upload_congress_data.py for tasks to queue
[2024-06-13T23:27:26.503+0000] {logging_mixin.py:188} INFO - [2024-06-13T23:27:26.502+0000] {dagbag.py:540} INFO - Filling up the DagBag from /opt/airflow/dags/upload_congress_data.py
[2024-06-13T23:27:26.535+0000] {logging_mixin.py:188} INFO - Bucket Name: congress_data_testproject-420401
[2024-06-13T23:27:26.541+0000] {processor.py:840} INFO - DAG(s) 'upload_congress_data' retrieved from /opt/airflow/dags/upload_congress_data.py
[2024-06-13T23:27:26.555+0000] {logging_mixin.py:188} INFO - [2024-06-13T23:27:26.555+0000] {dag.py:3047} INFO - Sync 1 DAGs
[2024-06-13T23:27:26.565+0000] {logging_mixin.py:188} INFO - [2024-06-13T23:27:26.565+0000] {dag.py:3834} INFO - Setting next_dagrun for upload_congress_data to None, run_after=None
[2024-06-13T23:27:26.572+0000] {processor.py:183} INFO - Processing /opt/airflow/dags/upload_congress_data.py took 0.079 seconds
[2024-06-13T23:27:56.910+0000] {processor.py:161} INFO - Started process (PID=1204) to work on /opt/airflow/dags/upload_congress_data.py
[2024-06-13T23:27:56.912+0000] {processor.py:830} INFO - Processing file /opt/airflow/dags/upload_congress_data.py for tasks to queue
[2024-06-13T23:27:56.915+0000] {logging_mixin.py:188} INFO - [2024-06-13T23:27:56.914+0000] {dagbag.py:540} INFO - Filling up the DagBag from /opt/airflow/dags/upload_congress_data.py
[2024-06-13T23:27:56.949+0000] {logging_mixin.py:188} INFO - Bucket Name: congress_data_testproject-420401
[2024-06-13T23:27:56.955+0000] {processor.py:840} INFO - DAG(s) 'upload_congress_data' retrieved from /opt/airflow/dags/upload_congress_data.py
[2024-06-13T23:27:56.970+0000] {logging_mixin.py:188} INFO - [2024-06-13T23:27:56.970+0000] {dag.py:3047} INFO - Sync 1 DAGs
[2024-06-13T23:27:56.979+0000] {logging_mixin.py:188} INFO - [2024-06-13T23:27:56.979+0000] {dag.py:3834} INFO - Setting next_dagrun for upload_congress_data to None, run_after=None
[2024-06-13T23:27:56.987+0000] {processor.py:183} INFO - Processing /opt/airflow/dags/upload_congress_data.py took 0.081 seconds
[2024-06-13T23:28:27.294+0000] {processor.py:161} INFO - Started process (PID=1212) to work on /opt/airflow/dags/upload_congress_data.py
[2024-06-13T23:28:27.296+0000] {processor.py:830} INFO - Processing file /opt/airflow/dags/upload_congress_data.py for tasks to queue
[2024-06-13T23:28:27.298+0000] {logging_mixin.py:188} INFO - [2024-06-13T23:28:27.298+0000] {dagbag.py:540} INFO - Filling up the DagBag from /opt/airflow/dags/upload_congress_data.py
[2024-06-13T23:28:27.331+0000] {logging_mixin.py:188} INFO - Bucket Name: congress_data_testproject-420401
[2024-06-13T23:28:27.338+0000] {processor.py:840} INFO - DAG(s) 'upload_congress_data' retrieved from /opt/airflow/dags/upload_congress_data.py
[2024-06-13T23:28:27.353+0000] {logging_mixin.py:188} INFO - [2024-06-13T23:28:27.353+0000] {dag.py:3047} INFO - Sync 1 DAGs
[2024-06-13T23:28:27.362+0000] {logging_mixin.py:188} INFO - [2024-06-13T23:28:27.362+0000] {dag.py:3834} INFO - Setting next_dagrun for upload_congress_data to None, run_after=None
[2024-06-13T23:28:27.370+0000] {processor.py:183} INFO - Processing /opt/airflow/dags/upload_congress_data.py took 0.080 seconds
[2024-06-13T23:28:57.682+0000] {processor.py:161} INFO - Started process (PID=1220) to work on /opt/airflow/dags/upload_congress_data.py
[2024-06-13T23:28:57.684+0000] {processor.py:830} INFO - Processing file /opt/airflow/dags/upload_congress_data.py for tasks to queue
[2024-06-13T23:28:57.687+0000] {logging_mixin.py:188} INFO - [2024-06-13T23:28:57.687+0000] {dagbag.py:540} INFO - Filling up the DagBag from /opt/airflow/dags/upload_congress_data.py
[2024-06-13T23:28:57.722+0000] {logging_mixin.py:188} INFO - Bucket Name: congress_data_testproject-420401
[2024-06-13T23:28:57.728+0000] {processor.py:840} INFO - DAG(s) 'upload_congress_data' retrieved from /opt/airflow/dags/upload_congress_data.py
[2024-06-13T23:28:57.742+0000] {logging_mixin.py:188} INFO - [2024-06-13T23:28:57.742+0000] {dag.py:3047} INFO - Sync 1 DAGs
[2024-06-13T23:28:57.752+0000] {logging_mixin.py:188} INFO - [2024-06-13T23:28:57.752+0000] {dag.py:3834} INFO - Setting next_dagrun for upload_congress_data to None, run_after=None
[2024-06-13T23:28:57.760+0000] {processor.py:183} INFO - Processing /opt/airflow/dags/upload_congress_data.py took 0.083 seconds
[2024-06-13T23:29:28.685+0000] {processor.py:161} INFO - Started process (PID=1234) to work on /opt/airflow/dags/upload_congress_data.py
[2024-06-13T23:29:28.686+0000] {processor.py:830} INFO - Processing file /opt/airflow/dags/upload_congress_data.py for tasks to queue
[2024-06-13T23:29:28.690+0000] {logging_mixin.py:188} INFO - [2024-06-13T23:29:28.690+0000] {dagbag.py:540} INFO - Filling up the DagBag from /opt/airflow/dags/upload_congress_data.py
[2024-06-13T23:29:28.743+0000] {logging_mixin.py:188} INFO - Bucket Name: congress_data_testproject-420401
[2024-06-13T23:29:28.753+0000] {processor.py:840} INFO - DAG(s) 'upload_congress_data' retrieved from /opt/airflow/dags/upload_congress_data.py
[2024-06-13T23:29:28.770+0000] {logging_mixin.py:188} INFO - [2024-06-13T23:29:28.770+0000] {dag.py:3047} INFO - Sync 1 DAGs
[2024-06-13T23:29:28.782+0000] {logging_mixin.py:188} INFO - [2024-06-13T23:29:28.781+0000] {dag.py:3834} INFO - Setting next_dagrun for upload_congress_data to None, run_after=None
[2024-06-13T23:29:28.790+0000] {processor.py:183} INFO - Processing /opt/airflow/dags/upload_congress_data.py took 0.111 seconds
[2024-06-13T23:29:59.071+0000] {processor.py:161} INFO - Started process (PID=1242) to work on /opt/airflow/dags/upload_congress_data.py
[2024-06-13T23:29:59.072+0000] {processor.py:830} INFO - Processing file /opt/airflow/dags/upload_congress_data.py for tasks to queue
[2024-06-13T23:29:59.075+0000] {logging_mixin.py:188} INFO - [2024-06-13T23:29:59.075+0000] {dagbag.py:540} INFO - Filling up the DagBag from /opt/airflow/dags/upload_congress_data.py
[2024-06-13T23:29:59.109+0000] {logging_mixin.py:188} INFO - Bucket Name: congress_data_testproject-420401
[2024-06-13T23:29:59.115+0000] {processor.py:840} INFO - DAG(s) 'upload_congress_data' retrieved from /opt/airflow/dags/upload_congress_data.py
[2024-06-13T23:29:59.129+0000] {logging_mixin.py:188} INFO - [2024-06-13T23:29:59.129+0000] {dag.py:3047} INFO - Sync 1 DAGs
[2024-06-13T23:29:59.139+0000] {logging_mixin.py:188} INFO - [2024-06-13T23:29:59.139+0000] {dag.py:3834} INFO - Setting next_dagrun for upload_congress_data to None, run_after=None
[2024-06-13T23:29:59.147+0000] {processor.py:183} INFO - Processing /opt/airflow/dags/upload_congress_data.py took 0.081 seconds
[2024-06-13T23:30:29.447+0000] {processor.py:161} INFO - Started process (PID=1250) to work on /opt/airflow/dags/upload_congress_data.py
[2024-06-13T23:30:29.448+0000] {processor.py:830} INFO - Processing file /opt/airflow/dags/upload_congress_data.py for tasks to queue
[2024-06-13T23:30:29.450+0000] {logging_mixin.py:188} INFO - [2024-06-13T23:30:29.449+0000] {dagbag.py:540} INFO - Filling up the DagBag from /opt/airflow/dags/upload_congress_data.py
[2024-06-13T23:30:29.479+0000] {logging_mixin.py:188} INFO - Bucket Name: congress_data_testproject-420401
[2024-06-13T23:30:29.485+0000] {processor.py:840} INFO - DAG(s) 'upload_congress_data' retrieved from /opt/airflow/dags/upload_congress_data.py
[2024-06-13T23:30:29.499+0000] {logging_mixin.py:188} INFO - [2024-06-13T23:30:29.499+0000] {dag.py:3047} INFO - Sync 1 DAGs
[2024-06-13T23:30:29.509+0000] {logging_mixin.py:188} INFO - [2024-06-13T23:30:29.509+0000] {dag.py:3834} INFO - Setting next_dagrun for upload_congress_data to None, run_after=None
[2024-06-13T23:30:29.517+0000] {processor.py:183} INFO - Processing /opt/airflow/dags/upload_congress_data.py took 0.072 seconds
[2024-06-13T23:30:59.767+0000] {processor.py:161} INFO - Started process (PID=1257) to work on /opt/airflow/dags/upload_congress_data.py
[2024-06-13T23:30:59.767+0000] {processor.py:830} INFO - Processing file /opt/airflow/dags/upload_congress_data.py for tasks to queue
[2024-06-13T23:30:59.769+0000] {logging_mixin.py:188} INFO - [2024-06-13T23:30:59.769+0000] {dagbag.py:540} INFO - Filling up the DagBag from /opt/airflow/dags/upload_congress_data.py
[2024-06-13T23:30:59.792+0000] {logging_mixin.py:188} INFO - Bucket Name: congress_data_testproject-420401
[2024-06-13T23:30:59.798+0000] {processor.py:840} INFO - DAG(s) 'upload_congress_data' retrieved from /opt/airflow/dags/upload_congress_data.py
[2024-06-13T23:30:59.813+0000] {logging_mixin.py:188} INFO - [2024-06-13T23:30:59.812+0000] {dag.py:3047} INFO - Sync 1 DAGs
[2024-06-13T23:30:59.823+0000] {logging_mixin.py:188} INFO - [2024-06-13T23:30:59.823+0000] {dag.py:3834} INFO - Setting next_dagrun for upload_congress_data to None, run_after=None
[2024-06-13T23:30:59.831+0000] {processor.py:183} INFO - Processing /opt/airflow/dags/upload_congress_data.py took 0.067 seconds
[2024-06-13T23:31:30.179+0000] {processor.py:161} INFO - Started process (PID=1265) to work on /opt/airflow/dags/upload_congress_data.py
[2024-06-13T23:31:30.180+0000] {processor.py:830} INFO - Processing file /opt/airflow/dags/upload_congress_data.py for tasks to queue
[2024-06-13T23:31:30.183+0000] {logging_mixin.py:188} INFO - [2024-06-13T23:31:30.182+0000] {dagbag.py:540} INFO - Filling up the DagBag from /opt/airflow/dags/upload_congress_data.py
[2024-06-13T23:31:30.213+0000] {logging_mixin.py:188} INFO - Bucket Name: congress_data_testproject-420401
[2024-06-13T23:31:30.219+0000] {processor.py:840} INFO - DAG(s) 'upload_congress_data' retrieved from /opt/airflow/dags/upload_congress_data.py
[2024-06-13T23:31:30.235+0000] {logging_mixin.py:188} INFO - [2024-06-13T23:31:30.234+0000] {dag.py:3047} INFO - Sync 1 DAGs
[2024-06-13T23:31:30.244+0000] {logging_mixin.py:188} INFO - [2024-06-13T23:31:30.244+0000] {dag.py:3834} INFO - Setting next_dagrun for upload_congress_data to None, run_after=None
[2024-06-13T23:31:30.254+0000] {processor.py:183} INFO - Processing /opt/airflow/dags/upload_congress_data.py took 0.078 seconds
[2024-06-13T23:32:00.737+0000] {processor.py:161} INFO - Started process (PID=1273) to work on /opt/airflow/dags/upload_congress_data.py
[2024-06-13T23:32:00.738+0000] {processor.py:830} INFO - Processing file /opt/airflow/dags/upload_congress_data.py for tasks to queue
[2024-06-13T23:32:00.742+0000] {logging_mixin.py:188} INFO - [2024-06-13T23:32:00.741+0000] {dagbag.py:540} INFO - Filling up the DagBag from /opt/airflow/dags/upload_congress_data.py
[2024-06-13T23:32:00.774+0000] {logging_mixin.py:188} INFO - Bucket Name: congress_data_testproject-420401
[2024-06-13T23:32:00.785+0000] {processor.py:840} INFO - DAG(s) 'upload_congress_data' retrieved from /opt/airflow/dags/upload_congress_data.py
[2024-06-13T23:32:00.809+0000] {logging_mixin.py:188} INFO - [2024-06-13T23:32:00.809+0000] {dag.py:3047} INFO - Sync 1 DAGs
[2024-06-13T23:32:00.826+0000] {logging_mixin.py:188} INFO - [2024-06-13T23:32:00.826+0000] {dag.py:3834} INFO - Setting next_dagrun for upload_congress_data to None, run_after=None
[2024-06-13T23:32:00.834+0000] {processor.py:183} INFO - Processing /opt/airflow/dags/upload_congress_data.py took 0.102 seconds
