[2024-03-26T03:01:15.944+0000] {taskinstance.py:1979} INFO - Dependencies all met for dep_context=non-requeueable deps ti=<TaskInstance: upload_historical_congress_data.upload_historical_members scheduled__2024-03-15T00:00:00+00:00 [queued]>
[2024-03-26T03:01:15.954+0000] {taskinstance.py:1979} INFO - Dependencies all met for dep_context=requeueable deps ti=<TaskInstance: upload_historical_congress_data.upload_historical_members scheduled__2024-03-15T00:00:00+00:00 [queued]>
[2024-03-26T03:01:15.956+0000] {taskinstance.py:2193} INFO - Starting attempt 3 of 3
[2024-03-26T03:01:15.967+0000] {taskinstance.py:2217} INFO - Executing <Task(PythonOperator): upload_historical_members> on 2024-03-15 00:00:00+00:00
[2024-03-26T03:01:15.977+0000] {standard_task_runner.py:60} INFO - Started process 58 to run task
[2024-03-26T03:01:15.980+0000] {standard_task_runner.py:87} INFO - Running: ['***', 'tasks', 'run', 'upload_historical_congress_data', 'upload_historical_members', 'scheduled__2024-03-15T00:00:00+00:00', '--job-id', '79', '--raw', '--subdir', 'DAGS_FOLDER/upload_historical_congress_data.py', '--cfg-path', '/tmp/tmp4h3xbirk']
[2024-03-26T03:01:15.984+0000] {standard_task_runner.py:88} INFO - Job 79: Subtask upload_historical_members
[2024-03-26T03:01:16.031+0000] {task_command.py:423} INFO - Running <TaskInstance: upload_historical_congress_data.upload_historical_members scheduled__2024-03-15T00:00:00+00:00 [running]> on host 4fee77e26a47
[2024-03-26T03:01:16.099+0000] {taskinstance.py:2513} INFO - Exporting env vars: AIRFLOW_CTX_DAG_EMAIL='***@***.com' AIRFLOW_CTX_DAG_OWNER='***' AIRFLOW_CTX_DAG_ID='upload_historical_congress_data' AIRFLOW_CTX_TASK_ID='upload_historical_members' AIRFLOW_CTX_EXECUTION_DATE='2024-03-15T00:00:00+00:00' AIRFLOW_CTX_TRY_NUMBER='3' AIRFLOW_CTX_DAG_RUN_ID='scheduled__2024-03-15T00:00:00+00:00'
[2024-03-26T03:01:16.115+0000] {get_data.py:202} INFO - executing API call for https://api.congress.gov/v3/member?format=json&fromDateTime=2023-01-01T00:00:00Z&toDateTime=2024-03-15T00:00:00Z&offset=0&limit=250&api_key=WNue8kCDCOIlewAsULgnN8j6SqSgAZjE2sYbPsBb
[2024-03-26T03:01:20.752+0000] {get_data.py:202} INFO - executing API call for https://api.congress.gov/v3/member?format=json&fromDateTime=2023-01-01T00:00:00Z&toDateTime=2024-03-15T00:00:00Z&offset=0&limit=250&api_key=WNue8kCDCOIlewAsULgnN8j6SqSgAZjE2sYbPsBb
[2024-03-26T03:01:23.136+0000] {logging_mixin.py:188} INFO - Parquet data uploaded to gs://congress_data/member/1_250_member.parquet
[2024-03-26T03:01:23.138+0000] {logging_mixin.py:188} INFO - 250 of 675 member records uploaded
[2024-03-26T03:01:23.139+0000] {get_data.py:202} INFO - executing API call for https://api.congress.gov/v3/member?format=json&fromDateTime=2023-01-01T00:00:00Z&toDateTime=2024-03-15T00:00:00Z&offset=62500&limit=250&api_key=WNue8kCDCOIlewAsULgnN8j6SqSgAZjE2sYbPsBb
[2024-03-26T03:01:24.677+0000] {logging_mixin.py:188} INFO - Parquet data uploaded to gs://congress_data/member/62501_62500_member.parquet
[2024-03-26T03:01:24.683+0000] {logging_mixin.py:188} INFO - 62500 of 675 member records uploaded
[2024-03-26T03:01:24.688+0000] {get_data.py:202} INFO - executing API call for https://api.congress.gov/v3/member?format=json&fromDateTime=2023-01-01T00:00:00Z&toDateTime=2024-03-15T00:00:00Z&offset=125000&limit=250&api_key=WNue8kCDCOIlewAsULgnN8j6SqSgAZjE2sYbPsBb
[2024-03-26T03:01:26.184+0000] {logging_mixin.py:188} INFO - Parquet data uploaded to gs://congress_data/member/125001_125000_member.parquet
[2024-03-26T03:01:26.185+0000] {logging_mixin.py:188} INFO - 125000 of 675 member records uploaded
[2024-03-26T03:01:26.187+0000] {python.py:202} INFO - Done. Returned value was: None
[2024-03-26T03:01:26.195+0000] {taskinstance.py:1149} INFO - Marking task as SUCCESS. dag_id=upload_historical_congress_data, task_id=upload_historical_members, execution_date=20240315T000000, start_date=20240326T030115, end_date=20240326T030126
[2024-03-26T03:01:26.252+0000] {local_task_job_runner.py:234} INFO - Task exited with return code 0
[2024-03-26T03:01:26.269+0000] {taskinstance.py:3312} INFO - 1 downstream tasks scheduled from follow-on schedule check
[2024-03-26T03:39:41.696+0000] {taskinstance.py:1979} INFO - Dependencies all met for dep_context=non-requeueable deps ti=<TaskInstance: upload_historical_congress_data.upload_historical_members scheduled__2024-03-15T00:00:00+00:00 [queued]>
[2024-03-26T03:39:41.703+0000] {taskinstance.py:1979} INFO - Dependencies all met for dep_context=requeueable deps ti=<TaskInstance: upload_historical_congress_data.upload_historical_members scheduled__2024-03-15T00:00:00+00:00 [queued]>
[2024-03-26T03:39:41.705+0000] {taskinstance.py:2193} INFO - Starting attempt 3 of 5
[2024-03-26T03:39:41.714+0000] {taskinstance.py:2217} INFO - Executing <Task(PythonOperator): upload_historical_members> on 2024-03-15 00:00:00+00:00
[2024-03-26T03:39:41.718+0000] {standard_task_runner.py:60} INFO - Started process 83 to run task
[2024-03-26T03:39:41.721+0000] {standard_task_runner.py:87} INFO - Running: ['***', 'tasks', 'run', 'upload_historical_congress_data', 'upload_historical_members', 'scheduled__2024-03-15T00:00:00+00:00', '--job-id', '116', '--raw', '--subdir', 'DAGS_FOLDER/upload_historical_congress_data.py', '--cfg-path', '/tmp/tmp81nvkrv6']
[2024-03-26T03:39:41.725+0000] {standard_task_runner.py:88} INFO - Job 116: Subtask upload_historical_members
[2024-03-26T03:39:41.762+0000] {task_command.py:423} INFO - Running <TaskInstance: upload_historical_congress_data.upload_historical_members scheduled__2024-03-15T00:00:00+00:00 [running]> on host 2d1395ed6407
[2024-03-26T03:39:41.817+0000] {taskinstance.py:2513} INFO - Exporting env vars: AIRFLOW_CTX_DAG_EMAIL='***@***.com' AIRFLOW_CTX_DAG_OWNER='***' AIRFLOW_CTX_DAG_ID='upload_historical_congress_data' AIRFLOW_CTX_TASK_ID='upload_historical_members' AIRFLOW_CTX_EXECUTION_DATE='2024-03-15T00:00:00+00:00' AIRFLOW_CTX_TRY_NUMBER='3' AIRFLOW_CTX_DAG_RUN_ID='scheduled__2024-03-15T00:00:00+00:00'
[2024-03-26T03:39:41.825+0000] {get_data.py:202} INFO - executing API call for https://api.congress.gov/v3/member?format=json&fromDateTime=2023-01-01T00:00:00Z&toDateTime=2024-03-15T00:00:00Z&offset=0&limit=250&api_key=WNue8kCDCOIlewAsULgnN8j6SqSgAZjE2sYbPsBb
[2024-03-26T03:39:42.572+0000] {get_data.py:202} INFO - executing API call for https://api.congress.gov/v3/member?format=json&fromDateTime=2023-01-01T00:00:00Z&toDateTime=2024-03-15T00:00:00Z&offset=0&limit=250&api_key=WNue8kCDCOIlewAsULgnN8j6SqSgAZjE2sYbPsBb
[2024-03-26T03:39:44.436+0000] {logging_mixin.py:188} INFO - Parquet data uploaded to gs://congress_data/member/1_250_member.parquet
[2024-03-26T03:39:44.439+0000] {logging_mixin.py:188} INFO - 250 of 675 member records uploaded
[2024-03-26T03:39:44.442+0000] {get_data.py:202} INFO - executing API call for https://api.congress.gov/v3/member?format=json&fromDateTime=2023-01-01T00:00:00Z&toDateTime=2024-03-15T00:00:00Z&offset=250&limit=250&api_key=WNue8kCDCOIlewAsULgnN8j6SqSgAZjE2sYbPsBb
[2024-03-26T03:39:46.180+0000] {logging_mixin.py:188} INFO - Parquet data uploaded to gs://congress_data/member/251_500_member.parquet
[2024-03-26T03:39:46.181+0000] {logging_mixin.py:188} INFO - 500 of 675 member records uploaded
[2024-03-26T03:39:46.182+0000] {get_data.py:202} INFO - executing API call for https://api.congress.gov/v3/member?format=json&fromDateTime=2023-01-01T00:00:00Z&toDateTime=2024-03-15T00:00:00Z&offset=500&limit=250&api_key=WNue8kCDCOIlewAsULgnN8j6SqSgAZjE2sYbPsBb
[2024-03-26T03:39:47.837+0000] {logging_mixin.py:188} INFO - Parquet data uploaded to gs://congress_data/member/501_675_member.parquet
[2024-03-26T03:39:47.841+0000] {logging_mixin.py:188} INFO - 675 of 675 member records uploaded
[2024-03-26T03:39:47.845+0000] {python.py:202} INFO - Done. Returned value was: None
[2024-03-26T03:39:47.873+0000] {taskinstance.py:1149} INFO - Marking task as SUCCESS. dag_id=upload_historical_congress_data, task_id=upload_historical_members, execution_date=20240315T000000, start_date=20240326T033941, end_date=20240326T033947
[2024-03-26T03:39:47.919+0000] {local_task_job_runner.py:234} INFO - Task exited with return code 0
[2024-03-26T03:39:47.941+0000] {taskinstance.py:3312} INFO - 0 downstream tasks scheduled from follow-on schedule check
[2024-03-28T03:19:57.391+0000] {taskinstance.py:1979} INFO - Dependencies all met for dep_context=non-requeueable deps ti=<TaskInstance: upload_historical_congress_data.upload_historical_members scheduled__2024-03-15T00:00:00+00:00 [queued]>
[2024-03-28T03:19:57.401+0000] {taskinstance.py:1979} INFO - Dependencies all met for dep_context=requeueable deps ti=<TaskInstance: upload_historical_congress_data.upload_historical_members scheduled__2024-03-15T00:00:00+00:00 [queued]>
[2024-03-28T03:19:57.403+0000] {taskinstance.py:2193} INFO - Starting attempt 3 of 5
[2024-03-28T03:19:57.414+0000] {taskinstance.py:2217} INFO - Executing <Task(PythonOperator): upload_historical_members> on 2024-03-15 00:00:00+00:00
[2024-03-28T03:19:57.427+0000] {standard_task_runner.py:60} INFO - Started process 67 to run task
[2024-03-28T03:19:57.441+0000] {standard_task_runner.py:87} INFO - Running: ['***', 'tasks', 'run', 'upload_historical_congress_data', 'upload_historical_members', 'scheduled__2024-03-15T00:00:00+00:00', '--job-id', '139', '--raw', '--subdir', 'DAGS_FOLDER/upload_historical_congress_data.py', '--cfg-path', '/tmp/tmp9h6yn9ru']
[2024-03-28T03:19:57.458+0000] {standard_task_runner.py:88} INFO - Job 139: Subtask upload_historical_members
[2024-03-28T03:19:57.577+0000] {task_command.py:423} INFO - Running <TaskInstance: upload_historical_congress_data.upload_historical_members scheduled__2024-03-15T00:00:00+00:00 [running]> on host be5d54f7fe24
[2024-03-28T03:19:57.670+0000] {taskinstance.py:2513} INFO - Exporting env vars: AIRFLOW_CTX_DAG_EMAIL='***@***.com' AIRFLOW_CTX_DAG_OWNER='***' AIRFLOW_CTX_DAG_ID='upload_historical_congress_data' AIRFLOW_CTX_TASK_ID='upload_historical_members' AIRFLOW_CTX_EXECUTION_DATE='2024-03-15T00:00:00+00:00' AIRFLOW_CTX_TRY_NUMBER='3' AIRFLOW_CTX_DAG_RUN_ID='scheduled__2024-03-15T00:00:00+00:00'
[2024-03-28T03:19:57.687+0000] {get_data.py:202} INFO - executing API call for https://api.congress.gov/v3/member?format=json&fromDateTime=2023-01-01T00:00:00Z&toDateTime=2024-03-15T00:00:00Z&offset=0&limit=250&api_key=WNue8kCDCOIlewAsULgnN8j6SqSgAZjE2sYbPsBb
[2024-03-28T03:20:02.557+0000] {get_data.py:202} INFO - executing API call for https://api.congress.gov/v3/member?format=json&fromDateTime=2023-01-01T00:00:00Z&toDateTime=2024-03-15T00:00:00Z&offset=0&limit=250&api_key=WNue8kCDCOIlewAsULgnN8j6SqSgAZjE2sYbPsBb
[2024-03-28T03:20:05.282+0000] {logging_mixin.py:188} INFO - Parquet data uploaded to gs://congress_data/member/1_250_member.parquet
[2024-03-28T03:20:05.289+0000] {logging_mixin.py:188} INFO - 250 of 673 member records uploaded
[2024-03-28T03:20:05.291+0000] {get_data.py:202} INFO - executing API call for https://api.congress.gov/v3/member?format=json&fromDateTime=2023-01-01T00:00:00Z&toDateTime=2024-03-15T00:00:00Z&offset=250&limit=250&api_key=WNue8kCDCOIlewAsULgnN8j6SqSgAZjE2sYbPsBb
[2024-03-28T03:20:11.417+0000] {logging_mixin.py:188} INFO - Parquet data uploaded to gs://congress_data/member/251_500_member.parquet
[2024-03-28T03:20:11.429+0000] {logging_mixin.py:188} INFO - 500 of 673 member records uploaded
[2024-03-28T03:20:11.433+0000] {get_data.py:202} INFO - executing API call for https://api.congress.gov/v3/member?format=json&fromDateTime=2023-01-01T00:00:00Z&toDateTime=2024-03-15T00:00:00Z&offset=500&limit=250&api_key=WNue8kCDCOIlewAsULgnN8j6SqSgAZjE2sYbPsBb
[2024-03-28T03:20:15.921+0000] {logging_mixin.py:188} INFO - Parquet data uploaded to gs://congress_data/member/501_673_member.parquet
[2024-03-28T03:20:15.924+0000] {logging_mixin.py:188} INFO - 673 of 673 member records uploaded
[2024-03-28T03:20:15.929+0000] {python.py:202} INFO - Done. Returned value was: None
[2024-03-28T03:20:15.955+0000] {taskinstance.py:1149} INFO - Marking task as SUCCESS. dag_id=upload_historical_congress_data, task_id=upload_historical_members, execution_date=20240315T000000, start_date=20240328T031957, end_date=20240328T032015
[2024-03-28T03:20:16.021+0000] {local_task_job_runner.py:234} INFO - Task exited with return code 0
[2024-03-28T03:20:16.046+0000] {taskinstance.py:3312} INFO - 1 downstream tasks scheduled from follow-on schedule check
[2024-04-01T02:17:53.206+0000] {taskinstance.py:1979} INFO - Dependencies all met for dep_context=non-requeueable deps ti=<TaskInstance: upload_historical_congress_data.upload_historical_members scheduled__2024-03-15T00:00:00+00:00 [queued]>
[2024-04-01T02:17:53.212+0000] {taskinstance.py:1979} INFO - Dependencies all met for dep_context=requeueable deps ti=<TaskInstance: upload_historical_congress_data.upload_historical_members scheduled__2024-03-15T00:00:00+00:00 [queued]>
[2024-04-01T02:17:53.212+0000] {taskinstance.py:2193} INFO - Starting attempt 3 of 3
[2024-04-01T02:17:53.218+0000] {taskinstance.py:2217} INFO - Executing <Task(PythonOperator): upload_historical_members> on 2024-03-15 00:00:00+00:00
[2024-04-01T02:17:53.222+0000] {standard_task_runner.py:60} INFO - Started process 90 to run task
[2024-04-01T02:17:53.225+0000] {standard_task_runner.py:87} INFO - Running: ['***', 'tasks', 'run', 'upload_historical_congress_data', 'upload_historical_members', 'scheduled__2024-03-15T00:00:00+00:00', '--job-id', '22', '--raw', '--subdir', 'DAGS_FOLDER/upload_historical_congress_data.py', '--cfg-path', '/tmp/tmp_jpzcq8t']
[2024-04-01T02:17:53.228+0000] {standard_task_runner.py:88} INFO - Job 22: Subtask upload_historical_members
[2024-04-01T02:17:53.283+0000] {task_command.py:423} INFO - Running <TaskInstance: upload_historical_congress_data.upload_historical_members scheduled__2024-03-15T00:00:00+00:00 [running]> on host 65da93d0d171
[2024-04-01T02:17:53.335+0000] {taskinstance.py:2513} INFO - Exporting env vars: AIRFLOW_CTX_DAG_EMAIL='***@***.com' AIRFLOW_CTX_DAG_OWNER='***' AIRFLOW_CTX_DAG_ID='upload_historical_congress_data' AIRFLOW_CTX_TASK_ID='upload_historical_members' AIRFLOW_CTX_EXECUTION_DATE='2024-03-15T00:00:00+00:00' AIRFLOW_CTX_TRY_NUMBER='3' AIRFLOW_CTX_DAG_RUN_ID='scheduled__2024-03-15T00:00:00+00:00'
[2024-04-01T02:17:53.337+0000] {get_data.py:252} INFO - executing API call for https://api.congress.gov/v3/member?format=json&fromDateTime=2023-01-01T00:00:00Z&toDateTime=2024-03-15T00:00:00Z&offset=0&limit=250&api_key=WNue8kCDCOIlewAsULgnN8j6SqSgAZjE2sYbPsBb
[2024-04-01T02:17:53.860+0000] {get_data.py:252} INFO - executing API call for https://api.congress.gov/v3/member?format=json&fromDateTime=2023-01-01T00:00:00Z&toDateTime=2024-03-15T00:00:00Z&offset=0&limit=250&api_key=WNue8kCDCOIlewAsULgnN8j6SqSgAZjE2sYbPsBb
[2024-04-01T02:17:54.471+0000] {taskinstance.py:2731} ERROR - Task failed with exception
Traceback (most recent call last):
  File "/home/airflow/.local/lib/python3.11/site-packages/airflow/models/taskinstance.py", line 444, in _execute_task
    result = _execute_callable(context=context, **execute_callable_kwargs)
             ^^^^^^^^^^^^^^^^^^^^^^^^^^^^^^^^^^^^^^^^^^^^^^^^^^^^^^^^^^^^^
  File "/home/airflow/.local/lib/python3.11/site-packages/airflow/models/taskinstance.py", line 414, in _execute_callable
    return execute_callable(context=context, **execute_callable_kwargs)
           ^^^^^^^^^^^^^^^^^^^^^^^^^^^^^^^^^^^^^^^^^^^^^^^^^^^^^^^^^^^^
  File "/home/airflow/.local/lib/python3.11/site-packages/airflow/operators/python.py", line 200, in execute
    return_value = self.execute_callable()
                   ^^^^^^^^^^^^^^^^^^^^^^^
  File "/home/airflow/.local/lib/python3.11/site-packages/airflow/operators/python.py", line 217, in execute_callable
    return self.python_callable(*self.op_args, **self.op_kwargs)
           ^^^^^^^^^^^^^^^^^^^^^^^^^^^^^^^^^^^^^^^^^^^^^^^^^^^^^
  File "/opt/airflow/dags/scripts/python/get_data.py", line 184, in get_and_upload_data
    file_name = f'{data_type}/{i*limit+1}_{i*limit+len(getattr(data, data_type))}_{data_type}.parquet'
                                                       ^^^^^^^^^^^^^^^^^^^^^^^^
AttributeError: 'ApiResponse' object has no attribute 'member'
[2024-04-01T02:17:54.487+0000] {taskinstance.py:1149} INFO - Marking task as FAILED. dag_id=upload_historical_congress_data, task_id=upload_historical_members, execution_date=20240315T000000, start_date=20240401T021753, end_date=20240401T021754
[2024-04-01T02:17:54.500+0000] {standard_task_runner.py:107} ERROR - Failed to execute job 22 for task upload_historical_members ('ApiResponse' object has no attribute 'member'; 90)
[2024-04-01T02:17:54.539+0000] {local_task_job_runner.py:234} INFO - Task exited with return code 1
[2024-04-01T02:17:54.559+0000] {taskinstance.py:3312} INFO - 0 downstream tasks scheduled from follow-on schedule check
[2024-04-02T03:02:12.301+0000] {taskinstance.py:1979} INFO - Dependencies all met for dep_context=non-requeueable deps ti=<TaskInstance: upload_historical_congress_data.upload_historical_members scheduled__2024-03-15T00:00:00+00:00 [queued]>
[2024-04-02T03:02:12.307+0000] {taskinstance.py:1979} INFO - Dependencies all met for dep_context=requeueable deps ti=<TaskInstance: upload_historical_congress_data.upload_historical_members scheduled__2024-03-15T00:00:00+00:00 [queued]>
[2024-04-02T03:02:12.307+0000] {taskinstance.py:2193} INFO - Starting attempt 3 of 3
[2024-04-02T03:02:12.314+0000] {taskinstance.py:2217} INFO - Executing <Task(PythonOperator): upload_historical_members> on 2024-03-15 00:00:00+00:00
[2024-04-02T03:02:12.319+0000] {standard_task_runner.py:60} INFO - Started process 103 to run task
[2024-04-02T03:02:12.325+0000] {standard_task_runner.py:87} INFO - Running: ['***', 'tasks', 'run', 'upload_historical_congress_data', 'upload_historical_members', 'scheduled__2024-03-15T00:00:00+00:00', '--job-id', '85', '--raw', '--subdir', 'DAGS_FOLDER/upload_historical_congress_data.py', '--cfg-path', '/tmp/tmp46ai2pau']
[2024-04-02T03:02:12.328+0000] {standard_task_runner.py:88} INFO - Job 85: Subtask upload_historical_members
[2024-04-02T03:02:12.362+0000] {task_command.py:423} INFO - Running <TaskInstance: upload_historical_congress_data.upload_historical_members scheduled__2024-03-15T00:00:00+00:00 [running]> on host 308c9d5b795d
[2024-04-02T03:02:12.420+0000] {taskinstance.py:2513} INFO - Exporting env vars: AIRFLOW_CTX_DAG_EMAIL='***@***.com' AIRFLOW_CTX_DAG_OWNER='***' AIRFLOW_CTX_DAG_ID='upload_historical_congress_data' AIRFLOW_CTX_TASK_ID='upload_historical_members' AIRFLOW_CTX_EXECUTION_DATE='2024-03-15T00:00:00+00:00' AIRFLOW_CTX_TRY_NUMBER='3' AIRFLOW_CTX_DAG_RUN_ID='scheduled__2024-03-15T00:00:00+00:00'
[2024-04-02T03:02:12.423+0000] {get_data.py:172} INFO - Max records passed as None
[2024-04-02T03:02:12.423+0000] {get_data.py:262} INFO - executing API call for https://api.congress.gov/v3/member?format=json&fromDateTime=2023-01-01T00:00:00Z&toDateTime=2024-03-15T00:00:00Z&offset=0&limit=250&api_key=WNue8kCDCOIlewAsULgnN8j6SqSgAZjE2sYbPsBb
[2024-04-02T03:02:17.067+0000] {taskinstance.py:2731} ERROR - Task failed with exception
Traceback (most recent call last):
  File "/home/airflow/.local/lib/python3.11/site-packages/airflow/models/taskinstance.py", line 444, in _execute_task
    result = _execute_callable(context=context, **execute_callable_kwargs)
             ^^^^^^^^^^^^^^^^^^^^^^^^^^^^^^^^^^^^^^^^^^^^^^^^^^^^^^^^^^^^^
  File "/home/airflow/.local/lib/python3.11/site-packages/airflow/models/taskinstance.py", line 414, in _execute_callable
    return execute_callable(context=context, **execute_callable_kwargs)
           ^^^^^^^^^^^^^^^^^^^^^^^^^^^^^^^^^^^^^^^^^^^^^^^^^^^^^^^^^^^^
  File "/home/airflow/.local/lib/python3.11/site-packages/airflow/operators/python.py", line 200, in execute
    return_value = self.execute_callable()
                   ^^^^^^^^^^^^^^^^^^^^^^^
  File "/home/airflow/.local/lib/python3.11/site-packages/airflow/operators/python.py", line 217, in execute_callable
    return self.python_callable(*self.op_args, **self.op_kwargs)
           ^^^^^^^^^^^^^^^^^^^^^^^^^^^^^^^^^^^^^^^^^^^^^^^^^^^^^
  File "/opt/airflow/dags/scripts/python/get_data.py", line 185, in get_and_upload_data
    logging.into(f'About to start fetching {records_to_fetch} records')
    ^^^^^^^^^^^^
AttributeError: module 'logging' has no attribute 'into'
[2024-04-02T03:02:17.098+0000] {taskinstance.py:1149} INFO - Marking task as FAILED. dag_id=upload_historical_congress_data, task_id=upload_historical_members, execution_date=20240315T000000, start_date=20240402T030212, end_date=20240402T030217
[2024-04-02T03:02:17.114+0000] {standard_task_runner.py:107} ERROR - Failed to execute job 85 for task upload_historical_members (module 'logging' has no attribute 'into'; 103)
[2024-04-02T03:02:17.172+0000] {local_task_job_runner.py:234} INFO - Task exited with return code 1
[2024-04-02T03:02:17.196+0000] {taskinstance.py:3312} INFO - 0 downstream tasks scheduled from follow-on schedule check
