[2024-03-26T03:46:00.469+0000] {taskinstance.py:1979} INFO - Dependencies all met for dep_context=non-requeueable deps ti=<TaskInstance: upload_historical_congress_data.upload_historical_members scheduled__2024-03-15T00:00:00+00:00 [queued]>
[2024-03-26T03:46:00.476+0000] {taskinstance.py:1979} INFO - Dependencies all met for dep_context=requeueable deps ti=<TaskInstance: upload_historical_congress_data.upload_historical_members scheduled__2024-03-15T00:00:00+00:00 [queued]>
[2024-03-26T03:46:00.478+0000] {taskinstance.py:2193} INFO - Starting attempt 6 of 8
[2024-03-26T03:46:00.487+0000] {taskinstance.py:2217} INFO - Executing <Task(PythonOperator): upload_historical_members> on 2024-03-15 00:00:00+00:00
[2024-03-26T03:46:00.493+0000] {standard_task_runner.py:60} INFO - Started process 205 to run task
[2024-03-26T03:46:00.496+0000] {standard_task_runner.py:87} INFO - Running: ['***', 'tasks', 'run', 'upload_historical_congress_data', 'upload_historical_members', 'scheduled__2024-03-15T00:00:00+00:00', '--job-id', '125', '--raw', '--subdir', 'DAGS_FOLDER/upload_historical_congress_data.py', '--cfg-path', '/tmp/tmpl932qwil']
[2024-03-26T03:46:00.500+0000] {standard_task_runner.py:88} INFO - Job 125: Subtask upload_historical_members
[2024-03-26T03:46:00.542+0000] {task_command.py:423} INFO - Running <TaskInstance: upload_historical_congress_data.upload_historical_members scheduled__2024-03-15T00:00:00+00:00 [running]> on host 2d1395ed6407
[2024-03-26T03:46:00.602+0000] {taskinstance.py:2513} INFO - Exporting env vars: AIRFLOW_CTX_DAG_EMAIL='***@***.com' AIRFLOW_CTX_DAG_OWNER='***' AIRFLOW_CTX_DAG_ID='upload_historical_congress_data' AIRFLOW_CTX_TASK_ID='upload_historical_members' AIRFLOW_CTX_EXECUTION_DATE='2024-03-15T00:00:00+00:00' AIRFLOW_CTX_TRY_NUMBER='6' AIRFLOW_CTX_DAG_RUN_ID='scheduled__2024-03-15T00:00:00+00:00'
[2024-03-26T03:46:00.610+0000] {get_data.py:202} INFO - executing API call for https://api.congress.gov/v3/member?format=json&fromDateTime=2023-01-01T00:00:00Z&toDateTime=2024-03-15T00:00:00Z&offset=0&limit=250&api_key=WNue8kCDCOIlewAsULgnN8j6SqSgAZjE2sYbPsBb
[2024-03-26T03:46:01.360+0000] {get_data.py:202} INFO - executing API call for https://api.congress.gov/v3/member?format=json&fromDateTime=2023-01-01T00:00:00Z&toDateTime=2024-03-15T00:00:00Z&offset=0&limit=250&api_key=WNue8kCDCOIlewAsULgnN8j6SqSgAZjE2sYbPsBb
[2024-03-26T03:46:03.175+0000] {logging_mixin.py:188} INFO - Parquet data uploaded to gs://congress_data/member/1_250_member.parquet
[2024-03-26T03:46:03.184+0000] {logging_mixin.py:188} INFO - 250 of 675 member records uploaded
[2024-03-26T03:46:03.188+0000] {get_data.py:202} INFO - executing API call for https://api.congress.gov/v3/member?format=json&fromDateTime=2023-01-01T00:00:00Z&toDateTime=2024-03-15T00:00:00Z&offset=250&limit=250&api_key=WNue8kCDCOIlewAsULgnN8j6SqSgAZjE2sYbPsBb
[2024-03-26T03:46:05.164+0000] {logging_mixin.py:188} INFO - Parquet data uploaded to gs://congress_data/member/251_500_member.parquet
[2024-03-26T03:46:05.169+0000] {logging_mixin.py:188} INFO - 500 of 675 member records uploaded
[2024-03-26T03:46:05.173+0000] {get_data.py:202} INFO - executing API call for https://api.congress.gov/v3/member?format=json&fromDateTime=2023-01-01T00:00:00Z&toDateTime=2024-03-15T00:00:00Z&offset=500&limit=250&api_key=WNue8kCDCOIlewAsULgnN8j6SqSgAZjE2sYbPsBb
[2024-03-26T03:46:06.885+0000] {logging_mixin.py:188} INFO - Parquet data uploaded to gs://congress_data/member/501_675_member.parquet
[2024-03-26T03:46:06.887+0000] {logging_mixin.py:188} INFO - 675 of 675 member records uploaded
[2024-03-26T03:46:06.888+0000] {python.py:202} INFO - Done. Returned value was: None
[2024-03-26T03:46:06.901+0000] {taskinstance.py:1149} INFO - Marking task as SUCCESS. dag_id=upload_historical_congress_data, task_id=upload_historical_members, execution_date=20240315T000000, start_date=20240326T034600, end_date=20240326T034606
[2024-03-26T03:46:06.929+0000] {local_task_job_runner.py:234} INFO - Task exited with return code 0
[2024-03-26T03:46:06.949+0000] {taskinstance.py:3312} INFO - 1 downstream tasks scheduled from follow-on schedule check
