[2024-03-24T20:58:03.913+0000] {taskinstance.py:1979} INFO - Dependencies all met for dep_context=non-requeueable deps ti=<TaskInstance: upload_historical_congress_data.upload_historical_members scheduled__2024-03-15T00:00:00+00:00 [queued]>
[2024-03-24T20:58:03.923+0000] {taskinstance.py:1979} INFO - Dependencies all met for dep_context=requeueable deps ti=<TaskInstance: upload_historical_congress_data.upload_historical_members scheduled__2024-03-15T00:00:00+00:00 [queued]>
[2024-03-24T20:58:03.925+0000] {taskinstance.py:2193} INFO - Starting attempt 2 of 3
[2024-03-24T20:58:03.934+0000] {taskinstance.py:2217} INFO - Executing <Task(PythonOperator): upload_historical_members> on 2024-03-15 00:00:00+00:00
[2024-03-24T20:58:03.940+0000] {standard_task_runner.py:60} INFO - Started process 75 to run task
[2024-03-24T20:58:03.943+0000] {standard_task_runner.py:87} INFO - Running: ['***', 'tasks', 'run', 'upload_historical_congress_data', 'upload_historical_members', 'scheduled__2024-03-15T00:00:00+00:00', '--job-id', '75', '--raw', '--subdir', 'DAGS_FOLDER/upload_historical_congress_data.py', '--cfg-path', '/tmp/tmp2nd_8tdc']
[2024-03-24T20:58:03.947+0000] {standard_task_runner.py:88} INFO - Job 75: Subtask upload_historical_members
[2024-03-24T20:58:03.985+0000] {task_command.py:423} INFO - Running <TaskInstance: upload_historical_congress_data.upload_historical_members scheduled__2024-03-15T00:00:00+00:00 [running]> on host 4fee77e26a47
[2024-03-24T20:58:04.042+0000] {taskinstance.py:2513} INFO - Exporting env vars: AIRFLOW_CTX_DAG_EMAIL='***@***.com' AIRFLOW_CTX_DAG_OWNER='***' AIRFLOW_CTX_DAG_ID='upload_historical_congress_data' AIRFLOW_CTX_TASK_ID='upload_historical_members' AIRFLOW_CTX_EXECUTION_DATE='2024-03-15T00:00:00+00:00' AIRFLOW_CTX_TRY_NUMBER='2' AIRFLOW_CTX_DAG_RUN_ID='scheduled__2024-03-15T00:00:00+00:00'
[2024-03-24T20:58:04.050+0000] {get_data.py:199} INFO - executing API call for https://api.congress.gov/v3/member?format=json&fromDateTime=2023-01-01T00:00:00Z&toDateTime=2024-03-15T00:00:00Z&offset=0&limit=250&api_key=WNue8kCDCOIlewAsULgnN8j6SqSgAZjE2sYbPsBb
[2024-03-24T20:58:05.100+0000] {get_data.py:199} INFO - executing API call for https://api.congress.gov/v3/member?format=json&fromDateTime=2023-01-01T00:00:00Z&toDateTime=2024-03-15T00:00:00Z&offset=0&limit=250&api_key=WNue8kCDCOIlewAsULgnN8j6SqSgAZjE2sYbPsBb
[2024-03-24T20:58:06.039+0000] {taskinstance.py:2731} ERROR - Task failed with exception
Traceback (most recent call last):
  File "/home/airflow/.local/lib/python3.8/site-packages/airflow/models/taskinstance.py", line 444, in _execute_task
    result = _execute_callable(context=context, **execute_callable_kwargs)
  File "/home/airflow/.local/lib/python3.8/site-packages/airflow/models/taskinstance.py", line 414, in _execute_callable
    return execute_callable(context=context, **execute_callable_kwargs)
  File "/home/airflow/.local/lib/python3.8/site-packages/airflow/operators/python.py", line 200, in execute
    return_value = self.execute_callable()
  File "/home/airflow/.local/lib/python3.8/site-packages/airflow/operators/python.py", line 217, in execute_callable
    return self.python_callable(*self.op_args, **self.op_kwargs)
  File "/opt/airflow/dags/scripts/python/get_data.py", line 130, in get_and_upload_data
    file_name = f'{data_type}/{i*limit+1}_{i*limit+len(getattr(data, data_type))}_{data_type}.parquet'
AttributeError: 'ApiResponse' object has no attribute 'member'
[2024-03-24T20:58:06.054+0000] {taskinstance.py:1149} INFO - Marking task as UP_FOR_RETRY. dag_id=upload_historical_congress_data, task_id=upload_historical_members, execution_date=20240315T000000, start_date=20240324T205803, end_date=20240324T205806
[2024-03-24T20:58:06.065+0000] {standard_task_runner.py:107} ERROR - Failed to execute job 75 for task upload_historical_members ('ApiResponse' object has no attribute 'member'; 75)
[2024-03-24T20:58:06.113+0000] {local_task_job_runner.py:234} INFO - Task exited with return code 1
[2024-03-24T20:58:06.134+0000] {taskinstance.py:3312} INFO - 0 downstream tasks scheduled from follow-on schedule check
[2024-03-26T03:36:38.028+0000] {taskinstance.py:1979} INFO - Dependencies all met for dep_context=non-requeueable deps ti=<TaskInstance: upload_historical_congress_data.upload_historical_members scheduled__2024-03-15T00:00:00+00:00 [queued]>
[2024-03-26T03:36:38.064+0000] {taskinstance.py:1979} INFO - Dependencies all met for dep_context=requeueable deps ti=<TaskInstance: upload_historical_congress_data.upload_historical_members scheduled__2024-03-15T00:00:00+00:00 [queued]>
[2024-03-26T03:36:38.085+0000] {taskinstance.py:2193} INFO - Starting attempt 2 of 4
[2024-03-26T03:36:38.099+0000] {taskinstance.py:2217} INFO - Executing <Task(PythonOperator): upload_historical_members> on 2024-03-15 00:00:00+00:00
[2024-03-26T03:36:38.107+0000] {standard_task_runner.py:60} INFO - Started process 123 to run task
[2024-03-26T03:36:38.112+0000] {standard_task_runner.py:87} INFO - Running: ['***', 'tasks', 'run', 'upload_historical_congress_data', 'upload_historical_members', 'scheduled__2024-03-15T00:00:00+00:00', '--job-id', '109', '--raw', '--subdir', 'DAGS_FOLDER/upload_historical_congress_data.py', '--cfg-path', '/tmp/tmp3nsad0t7']
[2024-03-26T03:36:38.118+0000] {standard_task_runner.py:88} INFO - Job 109: Subtask upload_historical_members
[2024-03-26T03:36:38.169+0000] {task_command.py:423} INFO - Running <TaskInstance: upload_historical_congress_data.upload_historical_members scheduled__2024-03-15T00:00:00+00:00 [running]> on host 8f420781146d
[2024-03-26T03:36:38.231+0000] {taskinstance.py:2513} INFO - Exporting env vars: AIRFLOW_CTX_DAG_EMAIL='***@***.com' AIRFLOW_CTX_DAG_OWNER='***' AIRFLOW_CTX_DAG_ID='upload_historical_congress_data' AIRFLOW_CTX_TASK_ID='upload_historical_members' AIRFLOW_CTX_EXECUTION_DATE='2024-03-15T00:00:00+00:00' AIRFLOW_CTX_TRY_NUMBER='2' AIRFLOW_CTX_DAG_RUN_ID='scheduled__2024-03-15T00:00:00+00:00'
[2024-03-26T03:36:38.240+0000] {get_data.py:202} INFO - executing API call for https://api.congress.gov/v3/member?format=json&fromDateTime=2023-01-01T00:00:00Z&toDateTime=2024-03-15T00:00:00Z&offset=0&limit=250&api_key=WNue8kCDCOIlewAsULgnN8j6SqSgAZjE2sYbPsBb
[2024-03-26T03:36:39.026+0000] {get_data.py:202} INFO - executing API call for https://api.congress.gov/v3/member?format=json&fromDateTime=2023-01-01T00:00:00Z&toDateTime=2024-03-15T00:00:00Z&offset=0&limit=250&api_key=WNue8kCDCOIlewAsULgnN8j6SqSgAZjE2sYbPsBb
[2024-03-26T03:36:40.772+0000] {logging_mixin.py:188} INFO - Parquet data uploaded to gs://congress_data/member/1_250_member.parquet
[2024-03-26T03:36:40.775+0000] {logging_mixin.py:188} INFO - 250 of 675 member records uploaded
[2024-03-26T03:36:40.777+0000] {get_data.py:202} INFO - executing API call for https://api.congress.gov/v3/member?format=json&fromDateTime=2023-01-01T00:00:00Z&toDateTime=2024-03-15T00:00:00Z&offset=250&limit=250&api_key=WNue8kCDCOIlewAsULgnN8j6SqSgAZjE2sYbPsBb
[2024-03-26T03:36:42.770+0000] {logging_mixin.py:188} INFO - Parquet data uploaded to gs://congress_data/member/251_500_member.parquet
[2024-03-26T03:36:42.771+0000] {logging_mixin.py:188} INFO - 500 of 675 member records uploaded
[2024-03-26T03:36:42.772+0000] {get_data.py:202} INFO - executing API call for https://api.congress.gov/v3/member?format=json&fromDateTime=2023-01-01T00:00:00Z&toDateTime=2024-03-15T00:00:00Z&offset=500&limit=250&api_key=WNue8kCDCOIlewAsULgnN8j6SqSgAZjE2sYbPsBb
[2024-03-26T03:36:44.972+0000] {logging_mixin.py:188} INFO - Parquet data uploaded to gs://congress_data/member/501_675_member.parquet
[2024-03-26T03:36:44.977+0000] {logging_mixin.py:188} INFO - 675 of 675 member records uploaded
[2024-03-26T03:36:44.985+0000] {python.py:202} INFO - Done. Returned value was: None
[2024-03-26T03:36:45.007+0000] {taskinstance.py:1149} INFO - Marking task as SUCCESS. dag_id=upload_historical_congress_data, task_id=upload_historical_members, execution_date=20240315T000000, start_date=20240326T033638, end_date=20240326T033645
[2024-03-26T03:36:45.043+0000] {local_task_job_runner.py:234} INFO - Task exited with return code 0
[2024-03-26T03:36:45.067+0000] {taskinstance.py:3312} INFO - 0 downstream tasks scheduled from follow-on schedule check
[2024-03-26T03:48:29.770+0000] {taskinstance.py:1979} INFO - Dependencies all met for dep_context=non-requeueable deps ti=<TaskInstance: upload_historical_congress_data.upload_historical_members scheduled__2024-03-15T00:00:00+00:00 [queued]>
[2024-03-26T03:48:29.777+0000] {taskinstance.py:1979} INFO - Dependencies all met for dep_context=requeueable deps ti=<TaskInstance: upload_historical_congress_data.upload_historical_members scheduled__2024-03-15T00:00:00+00:00 [queued]>
[2024-03-26T03:48:29.778+0000] {taskinstance.py:2193} INFO - Starting attempt 2 of 4
[2024-03-26T03:48:29.788+0000] {taskinstance.py:2217} INFO - Executing <Task(PythonOperator): upload_historical_members> on 2024-03-15 00:00:00+00:00
[2024-03-26T03:48:29.793+0000] {standard_task_runner.py:60} INFO - Started process 87 to run task
[2024-03-26T03:48:29.796+0000] {standard_task_runner.py:87} INFO - Running: ['***', 'tasks', 'run', 'upload_historical_congress_data', 'upload_historical_members', 'scheduled__2024-03-15T00:00:00+00:00', '--job-id', '134', '--raw', '--subdir', 'DAGS_FOLDER/upload_historical_congress_data.py', '--cfg-path', '/tmp/tmp847_4m2m']
[2024-03-26T03:48:29.800+0000] {standard_task_runner.py:88} INFO - Job 134: Subtask upload_historical_members
[2024-03-26T03:48:29.840+0000] {task_command.py:423} INFO - Running <TaskInstance: upload_historical_congress_data.upload_historical_members scheduled__2024-03-15T00:00:00+00:00 [running]> on host 17495a5cc1fb
[2024-03-26T03:48:29.932+0000] {taskinstance.py:2513} INFO - Exporting env vars: AIRFLOW_CTX_DAG_EMAIL='***@***.com' AIRFLOW_CTX_DAG_OWNER='***' AIRFLOW_CTX_DAG_ID='upload_historical_congress_data' AIRFLOW_CTX_TASK_ID='upload_historical_members' AIRFLOW_CTX_EXECUTION_DATE='2024-03-15T00:00:00+00:00' AIRFLOW_CTX_TRY_NUMBER='2' AIRFLOW_CTX_DAG_RUN_ID='scheduled__2024-03-15T00:00:00+00:00'
[2024-03-26T03:48:29.942+0000] {get_data.py:202} INFO - executing API call for https://api.congress.gov/v3/member?format=json&fromDateTime=2023-01-01T00:00:00Z&toDateTime=2024-03-15T00:00:00Z&offset=0&limit=250&api_key=WNue8kCDCOIlewAsULgnN8j6SqSgAZjE2sYbPsBb
[2024-03-26T03:48:30.619+0000] {get_data.py:202} INFO - executing API call for https://api.congress.gov/v3/member?format=json&fromDateTime=2023-01-01T00:00:00Z&toDateTime=2024-03-15T00:00:00Z&offset=0&limit=250&api_key=WNue8kCDCOIlewAsULgnN8j6SqSgAZjE2sYbPsBb
[2024-03-26T03:48:32.427+0000] {logging_mixin.py:188} INFO - Parquet data uploaded to gs://congress_data/member/1_250_member.parquet
[2024-03-26T03:48:32.429+0000] {logging_mixin.py:188} INFO - 250 of 675 member records uploaded
[2024-03-26T03:48:32.432+0000] {get_data.py:202} INFO - executing API call for https://api.congress.gov/v3/member?format=json&fromDateTime=2023-01-01T00:00:00Z&toDateTime=2024-03-15T00:00:00Z&offset=250&limit=250&api_key=WNue8kCDCOIlewAsULgnN8j6SqSgAZjE2sYbPsBb
[2024-03-26T03:48:34.664+0000] {logging_mixin.py:188} INFO - Parquet data uploaded to gs://congress_data/member/251_500_member.parquet
[2024-03-26T03:48:34.665+0000] {logging_mixin.py:188} INFO - 500 of 675 member records uploaded
[2024-03-26T03:48:34.667+0000] {get_data.py:202} INFO - executing API call for https://api.congress.gov/v3/member?format=json&fromDateTime=2023-01-01T00:00:00Z&toDateTime=2024-03-15T00:00:00Z&offset=500&limit=250&api_key=WNue8kCDCOIlewAsULgnN8j6SqSgAZjE2sYbPsBb
[2024-03-26T03:48:36.407+0000] {logging_mixin.py:188} INFO - Parquet data uploaded to gs://congress_data/member/501_675_member.parquet
[2024-03-26T03:48:36.408+0000] {logging_mixin.py:188} INFO - 675 of 675 member records uploaded
[2024-03-26T03:48:36.410+0000] {python.py:202} INFO - Done. Returned value was: None
[2024-03-26T03:48:36.421+0000] {taskinstance.py:1149} INFO - Marking task as SUCCESS. dag_id=upload_historical_congress_data, task_id=upload_historical_members, execution_date=20240315T000000, start_date=20240326T034829, end_date=20240326T034836
[2024-03-26T03:48:36.457+0000] {local_task_job_runner.py:234} INFO - Task exited with return code 0
[2024-03-26T03:48:36.477+0000] {taskinstance.py:3312} INFO - 1 downstream tasks scheduled from follow-on schedule check
[2024-03-28T03:54:05.437+0000] {taskinstance.py:1979} INFO - Dependencies all met for dep_context=non-requeueable deps ti=<TaskInstance: upload_historical_congress_data.upload_historical_members scheduled__2024-03-15T00:00:00+00:00 [queued]>
[2024-03-28T03:54:05.448+0000] {taskinstance.py:1979} INFO - Dependencies all met for dep_context=requeueable deps ti=<TaskInstance: upload_historical_congress_data.upload_historical_members scheduled__2024-03-15T00:00:00+00:00 [queued]>
[2024-03-28T03:54:05.449+0000] {taskinstance.py:2193} INFO - Starting attempt 2 of 4
[2024-03-28T03:54:05.463+0000] {taskinstance.py:2217} INFO - Executing <Task(PythonOperator): upload_historical_members> on 2024-03-15 00:00:00+00:00
[2024-03-28T03:54:05.473+0000] {standard_task_runner.py:60} INFO - Started process 304 to run task
[2024-03-28T03:54:05.478+0000] {standard_task_runner.py:87} INFO - Running: ['***', 'tasks', 'run', 'upload_historical_congress_data', 'upload_historical_members', 'scheduled__2024-03-15T00:00:00+00:00', '--job-id', '164', '--raw', '--subdir', 'DAGS_FOLDER/upload_historical_congress_data.py', '--cfg-path', '/tmp/tmp2gndzfd1']
[2024-03-28T03:54:05.483+0000] {standard_task_runner.py:88} INFO - Job 164: Subtask upload_historical_members
[2024-03-28T03:54:05.572+0000] {task_command.py:423} INFO - Running <TaskInstance: upload_historical_congress_data.upload_historical_members scheduled__2024-03-15T00:00:00+00:00 [running]> on host be5d54f7fe24
[2024-03-28T03:54:05.678+0000] {taskinstance.py:2513} INFO - Exporting env vars: AIRFLOW_CTX_DAG_EMAIL='***@***.com' AIRFLOW_CTX_DAG_OWNER='***' AIRFLOW_CTX_DAG_ID='upload_historical_congress_data' AIRFLOW_CTX_TASK_ID='upload_historical_members' AIRFLOW_CTX_EXECUTION_DATE='2024-03-15T00:00:00+00:00' AIRFLOW_CTX_TRY_NUMBER='2' AIRFLOW_CTX_DAG_RUN_ID='scheduled__2024-03-15T00:00:00+00:00'
[2024-03-28T03:54:05.692+0000] {get_data.py:202} INFO - executing API call for https://api.congress.gov/v3/member?format=json&fromDateTime=2023-01-01T00:00:00Z&toDateTime=2024-03-15T00:00:00Z&offset=0&limit=250&api_key=WNue8kCDCOIlewAsULgnN8j6SqSgAZjE2sYbPsBb
[2024-03-28T03:54:06.503+0000] {get_data.py:202} INFO - executing API call for https://api.congress.gov/v3/member?format=json&fromDateTime=2023-01-01T00:00:00Z&toDateTime=2024-03-15T00:00:00Z&offset=0&limit=250&api_key=WNue8kCDCOIlewAsULgnN8j6SqSgAZjE2sYbPsBb
[2024-03-28T03:54:08.318+0000] {logging_mixin.py:188} INFO - Parquet data uploaded to gs://congress_data/member/1_250_member.parquet
[2024-03-28T03:54:08.330+0000] {logging_mixin.py:188} INFO - 250 of 673 member records uploaded
[2024-03-28T03:54:08.342+0000] {get_data.py:202} INFO - executing API call for https://api.congress.gov/v3/member?format=json&fromDateTime=2023-01-01T00:00:00Z&toDateTime=2024-03-15T00:00:00Z&offset=250&limit=250&api_key=WNue8kCDCOIlewAsULgnN8j6SqSgAZjE2sYbPsBb
[2024-03-28T03:54:10.792+0000] {logging_mixin.py:188} INFO - Parquet data uploaded to gs://congress_data/member/251_500_member.parquet
[2024-03-28T03:54:10.794+0000] {logging_mixin.py:188} INFO - 500 of 673 member records uploaded
[2024-03-28T03:54:10.795+0000] {get_data.py:202} INFO - executing API call for https://api.congress.gov/v3/member?format=json&fromDateTime=2023-01-01T00:00:00Z&toDateTime=2024-03-15T00:00:00Z&offset=500&limit=250&api_key=WNue8kCDCOIlewAsULgnN8j6SqSgAZjE2sYbPsBb
[2024-03-28T03:54:12.443+0000] {logging_mixin.py:188} INFO - Parquet data uploaded to gs://congress_data/member/501_673_member.parquet
[2024-03-28T03:54:12.447+0000] {logging_mixin.py:188} INFO - 673 of 673 member records uploaded
[2024-03-28T03:54:12.450+0000] {python.py:202} INFO - Done. Returned value was: None
[2024-03-28T03:54:12.477+0000] {taskinstance.py:1149} INFO - Marking task as SUCCESS. dag_id=upload_historical_congress_data, task_id=upload_historical_members, execution_date=20240315T000000, start_date=20240328T035405, end_date=20240328T035412
[2024-03-28T03:54:12.521+0000] {local_task_job_runner.py:234} INFO - Task exited with return code 0
[2024-03-28T03:54:12.548+0000] {taskinstance.py:3312} INFO - 1 downstream tasks scheduled from follow-on schedule check
[2024-04-01T02:16:49.439+0000] {taskinstance.py:1979} INFO - Dependencies all met for dep_context=non-requeueable deps ti=<TaskInstance: upload_historical_congress_data.upload_historical_members scheduled__2024-03-15T00:00:00+00:00 [queued]>
[2024-04-01T02:16:49.444+0000] {taskinstance.py:1979} INFO - Dependencies all met for dep_context=requeueable deps ti=<TaskInstance: upload_historical_congress_data.upload_historical_members scheduled__2024-03-15T00:00:00+00:00 [queued]>
[2024-04-01T02:16:49.444+0000] {taskinstance.py:2193} INFO - Starting attempt 2 of 3
[2024-04-01T02:16:49.450+0000] {taskinstance.py:2217} INFO - Executing <Task(PythonOperator): upload_historical_members> on 2024-03-15 00:00:00+00:00
[2024-04-01T02:16:49.456+0000] {standard_task_runner.py:60} INFO - Started process 73 to run task
[2024-04-01T02:16:49.464+0000] {standard_task_runner.py:87} INFO - Running: ['***', 'tasks', 'run', 'upload_historical_congress_data', 'upload_historical_members', 'scheduled__2024-03-15T00:00:00+00:00', '--job-id', '21', '--raw', '--subdir', 'DAGS_FOLDER/upload_historical_congress_data.py', '--cfg-path', '/tmp/tmp7xbg41h5']
[2024-04-01T02:16:49.479+0000] {standard_task_runner.py:88} INFO - Job 21: Subtask upload_historical_members
[2024-04-01T02:16:49.561+0000] {task_command.py:423} INFO - Running <TaskInstance: upload_historical_congress_data.upload_historical_members scheduled__2024-03-15T00:00:00+00:00 [running]> on host 65da93d0d171
[2024-04-01T02:16:49.632+0000] {taskinstance.py:2513} INFO - Exporting env vars: AIRFLOW_CTX_DAG_EMAIL='***@***.com' AIRFLOW_CTX_DAG_OWNER='***' AIRFLOW_CTX_DAG_ID='upload_historical_congress_data' AIRFLOW_CTX_TASK_ID='upload_historical_members' AIRFLOW_CTX_EXECUTION_DATE='2024-03-15T00:00:00+00:00' AIRFLOW_CTX_TRY_NUMBER='2' AIRFLOW_CTX_DAG_RUN_ID='scheduled__2024-03-15T00:00:00+00:00'
[2024-04-01T02:16:49.636+0000] {get_data.py:252} INFO - executing API call for https://api.congress.gov/v3/member?format=json&fromDateTime=2023-01-01T00:00:00Z&toDateTime=2024-03-15T00:00:00Z&offset=0&limit=250&api_key=WNue8kCDCOIlewAsULgnN8j6SqSgAZjE2sYbPsBb
[2024-04-01T02:16:50.437+0000] {get_data.py:252} INFO - executing API call for https://api.congress.gov/v3/member?format=json&fromDateTime=2023-01-01T00:00:00Z&toDateTime=2024-03-15T00:00:00Z&offset=0&limit=250&api_key=WNue8kCDCOIlewAsULgnN8j6SqSgAZjE2sYbPsBb
[2024-04-01T02:16:51.845+0000] {taskinstance.py:2731} ERROR - Task failed with exception
Traceback (most recent call last):
  File "/home/airflow/.local/lib/python3.11/site-packages/airflow/models/taskinstance.py", line 444, in _execute_task
    result = _execute_callable(context=context, **execute_callable_kwargs)
             ^^^^^^^^^^^^^^^^^^^^^^^^^^^^^^^^^^^^^^^^^^^^^^^^^^^^^^^^^^^^^
  File "/home/airflow/.local/lib/python3.11/site-packages/airflow/models/taskinstance.py", line 414, in _execute_callable
    return execute_callable(context=context, **execute_callable_kwargs)
           ^^^^^^^^^^^^^^^^^^^^^^^^^^^^^^^^^^^^^^^^^^^^^^^^^^^^^^^^^^^^
  File "/home/airflow/.local/lib/python3.11/site-packages/airflow/operators/python.py", line 200, in execute
    return_value = self.execute_callable()
                   ^^^^^^^^^^^^^^^^^^^^^^^
  File "/home/airflow/.local/lib/python3.11/site-packages/airflow/operators/python.py", line 217, in execute_callable
    return self.python_callable(*self.op_args, **self.op_kwargs)
           ^^^^^^^^^^^^^^^^^^^^^^^^^^^^^^^^^^^^^^^^^^^^^^^^^^^^^
  File "/opt/airflow/dags/scripts/python/get_data.py", line 184, in get_and_upload_data
    file_name = f'{data_type}/{i*limit+1}_{i*limit+len(getattr(data, data_type))}_{data_type}.parquet'
                                                       ^^^^^^^^^^^^^^^^^^^^^^^^
AttributeError: 'ApiResponse' object has no attribute 'member'
[2024-04-01T02:16:51.859+0000] {taskinstance.py:1149} INFO - Marking task as UP_FOR_RETRY. dag_id=upload_historical_congress_data, task_id=upload_historical_members, execution_date=20240315T000000, start_date=20240401T021649, end_date=20240401T021651
[2024-04-01T02:16:51.888+0000] {standard_task_runner.py:107} ERROR - Failed to execute job 21 for task upload_historical_members ('ApiResponse' object has no attribute 'member'; 73)
[2024-04-01T02:16:51.903+0000] {local_task_job_runner.py:234} INFO - Task exited with return code 1
[2024-04-01T02:16:51.937+0000] {taskinstance.py:3312} INFO - 0 downstream tasks scheduled from follow-on schedule check
[2024-04-02T02:57:30.696+0000] {taskinstance.py:1979} INFO - Dependencies all met for dep_context=non-requeueable deps ti=<TaskInstance: upload_historical_congress_data.upload_historical_members scheduled__2024-03-15T00:00:00+00:00 [queued]>
[2024-04-02T02:57:30.702+0000] {taskinstance.py:1979} INFO - Dependencies all met for dep_context=requeueable deps ti=<TaskInstance: upload_historical_congress_data.upload_historical_members scheduled__2024-03-15T00:00:00+00:00 [queued]>
[2024-04-02T02:57:30.703+0000] {taskinstance.py:2193} INFO - Starting attempt 2 of 3
[2024-04-02T02:57:30.711+0000] {taskinstance.py:2217} INFO - Executing <Task(PythonOperator): upload_historical_members> on 2024-03-15 00:00:00+00:00
[2024-04-02T02:57:30.716+0000] {standard_task_runner.py:60} INFO - Started process 75 to run task
[2024-04-02T02:57:30.720+0000] {standard_task_runner.py:87} INFO - Running: ['***', 'tasks', 'run', 'upload_historical_congress_data', 'upload_historical_members', 'scheduled__2024-03-15T00:00:00+00:00', '--job-id', '77', '--raw', '--subdir', 'DAGS_FOLDER/upload_historical_congress_data.py', '--cfg-path', '/tmp/tmp8zug_wj8']
[2024-04-02T02:57:30.727+0000] {standard_task_runner.py:88} INFO - Job 77: Subtask upload_historical_members
[2024-04-02T02:57:30.793+0000] {task_command.py:423} INFO - Running <TaskInstance: upload_historical_congress_data.upload_historical_members scheduled__2024-03-15T00:00:00+00:00 [running]> on host 308c9d5b795d
[2024-04-02T02:57:30.873+0000] {taskinstance.py:2513} INFO - Exporting env vars: AIRFLOW_CTX_DAG_EMAIL='***@***.com' AIRFLOW_CTX_DAG_OWNER='***' AIRFLOW_CTX_DAG_ID='upload_historical_congress_data' AIRFLOW_CTX_TASK_ID='upload_historical_members' AIRFLOW_CTX_EXECUTION_DATE='2024-03-15T00:00:00+00:00' AIRFLOW_CTX_TRY_NUMBER='2' AIRFLOW_CTX_DAG_RUN_ID='scheduled__2024-03-15T00:00:00+00:00'
[2024-04-02T02:57:30.876+0000] {taskinstance.py:2731} ERROR - Task failed with exception
Traceback (most recent call last):
  File "/home/airflow/.local/lib/python3.11/site-packages/airflow/models/taskinstance.py", line 444, in _execute_task
    result = _execute_callable(context=context, **execute_callable_kwargs)
             ^^^^^^^^^^^^^^^^^^^^^^^^^^^^^^^^^^^^^^^^^^^^^^^^^^^^^^^^^^^^^
  File "/home/airflow/.local/lib/python3.11/site-packages/airflow/models/taskinstance.py", line 414, in _execute_callable
    return execute_callable(context=context, **execute_callable_kwargs)
           ^^^^^^^^^^^^^^^^^^^^^^^^^^^^^^^^^^^^^^^^^^^^^^^^^^^^^^^^^^^^
  File "/home/airflow/.local/lib/python3.11/site-packages/airflow/operators/python.py", line 200, in execute
    return_value = self.execute_callable()
                   ^^^^^^^^^^^^^^^^^^^^^^^
  File "/home/airflow/.local/lib/python3.11/site-packages/airflow/operators/python.py", line 217, in execute_callable
    return self.python_callable(*self.op_args, **self.op_kwargs)
           ^^^^^^^^^^^^^^^^^^^^^^^^^^^^^^^^^^^^^^^^^^^^^^^^^^^^^
  File "/opt/airflow/dags/scripts/python/get_data.py", line 172, in get_and_upload_data
    logging.INFO(f'Max records passed as {max_records}')
TypeError: 'int' object is not callable
[2024-04-02T02:57:30.886+0000] {taskinstance.py:1149} INFO - Marking task as UP_FOR_RETRY. dag_id=upload_historical_congress_data, task_id=upload_historical_members, execution_date=20240315T000000, start_date=20240402T025730, end_date=20240402T025730
[2024-04-02T02:57:30.896+0000] {standard_task_runner.py:107} ERROR - Failed to execute job 77 for task upload_historical_members ('int' object is not callable; 75)
[2024-04-02T02:57:30.938+0000] {local_task_job_runner.py:234} INFO - Task exited with return code 1
[2024-04-02T02:57:30.957+0000] {taskinstance.py:3312} INFO - 0 downstream tasks scheduled from follow-on schedule check
[2024-04-02T03:01:10.655+0000] {taskinstance.py:1979} INFO - Dependencies all met for dep_context=non-requeueable deps ti=<TaskInstance: upload_historical_congress_data.upload_historical_members scheduled__2024-03-15T00:00:00+00:00 [queued]>
[2024-04-02T03:01:10.660+0000] {taskinstance.py:1979} INFO - Dependencies all met for dep_context=requeueable deps ti=<TaskInstance: upload_historical_congress_data.upload_historical_members scheduled__2024-03-15T00:00:00+00:00 [queued]>
[2024-04-02T03:01:10.661+0000] {taskinstance.py:2193} INFO - Starting attempt 2 of 3
[2024-04-02T03:01:10.669+0000] {taskinstance.py:2217} INFO - Executing <Task(PythonOperator): upload_historical_members> on 2024-03-15 00:00:00+00:00
[2024-04-02T03:01:10.674+0000] {standard_task_runner.py:60} INFO - Started process 82 to run task
[2024-04-02T03:01:10.678+0000] {standard_task_runner.py:87} INFO - Running: ['***', 'tasks', 'run', 'upload_historical_congress_data', 'upload_historical_members', 'scheduled__2024-03-15T00:00:00+00:00', '--job-id', '84', '--raw', '--subdir', 'DAGS_FOLDER/upload_historical_congress_data.py', '--cfg-path', '/tmp/tmpfcsie33r']
[2024-04-02T03:01:10.682+0000] {standard_task_runner.py:88} INFO - Job 84: Subtask upload_historical_members
[2024-04-02T03:01:10.792+0000] {task_command.py:423} INFO - Running <TaskInstance: upload_historical_congress_data.upload_historical_members scheduled__2024-03-15T00:00:00+00:00 [running]> on host 308c9d5b795d
[2024-04-02T03:01:10.861+0000] {taskinstance.py:2513} INFO - Exporting env vars: AIRFLOW_CTX_DAG_EMAIL='***@***.com' AIRFLOW_CTX_DAG_OWNER='***' AIRFLOW_CTX_DAG_ID='upload_historical_congress_data' AIRFLOW_CTX_TASK_ID='upload_historical_members' AIRFLOW_CTX_EXECUTION_DATE='2024-03-15T00:00:00+00:00' AIRFLOW_CTX_TRY_NUMBER='2' AIRFLOW_CTX_DAG_RUN_ID='scheduled__2024-03-15T00:00:00+00:00'
[2024-04-02T03:01:10.864+0000] {taskinstance.py:2731} ERROR - Task failed with exception
Traceback (most recent call last):
  File "/home/airflow/.local/lib/python3.11/site-packages/airflow/models/taskinstance.py", line 444, in _execute_task
    result = _execute_callable(context=context, **execute_callable_kwargs)
             ^^^^^^^^^^^^^^^^^^^^^^^^^^^^^^^^^^^^^^^^^^^^^^^^^^^^^^^^^^^^^
  File "/home/airflow/.local/lib/python3.11/site-packages/airflow/models/taskinstance.py", line 414, in _execute_callable
    return execute_callable(context=context, **execute_callable_kwargs)
           ^^^^^^^^^^^^^^^^^^^^^^^^^^^^^^^^^^^^^^^^^^^^^^^^^^^^^^^^^^^^
  File "/home/airflow/.local/lib/python3.11/site-packages/airflow/operators/python.py", line 200, in execute
    return_value = self.execute_callable()
                   ^^^^^^^^^^^^^^^^^^^^^^^
  File "/home/airflow/.local/lib/python3.11/site-packages/airflow/operators/python.py", line 217, in execute_callable
    return self.python_callable(*self.op_args, **self.op_kwargs)
           ^^^^^^^^^^^^^^^^^^^^^^^^^^^^^^^^^^^^^^^^^^^^^^^^^^^^^
  File "/opt/airflow/dags/scripts/python/get_data.py", line 172, in get_and_upload_data
    logging.INFO(f'Max records passed as {str(max_records)}')
TypeError: 'int' object is not callable
[2024-04-02T03:01:10.871+0000] {taskinstance.py:1149} INFO - Marking task as UP_FOR_RETRY. dag_id=upload_historical_congress_data, task_id=upload_historical_members, execution_date=20240315T000000, start_date=20240402T030110, end_date=20240402T030110
[2024-04-02T03:01:10.879+0000] {standard_task_runner.py:107} ERROR - Failed to execute job 84 for task upload_historical_members ('int' object is not callable; 82)
[2024-04-02T03:01:10.894+0000] {local_task_job_runner.py:234} INFO - Task exited with return code 1
[2024-04-02T03:01:10.911+0000] {taskinstance.py:3312} INFO - 0 downstream tasks scheduled from follow-on schedule check
