[2024-03-26T03:45:11.936+0000] {taskinstance.py:1979} INFO - Dependencies all met for dep_context=non-requeueable deps ti=<TaskInstance: upload_historical_congress_data.upload_historical_members scheduled__2024-03-15T00:00:00+00:00 [queued]>
[2024-03-26T03:45:11.948+0000] {taskinstance.py:1979} INFO - Dependencies all met for dep_context=requeueable deps ti=<TaskInstance: upload_historical_congress_data.upload_historical_members scheduled__2024-03-15T00:00:00+00:00 [queued]>
[2024-03-26T03:45:11.952+0000] {taskinstance.py:2193} INFO - Starting attempt 5 of 7
[2024-03-26T03:45:11.973+0000] {taskinstance.py:2217} INFO - Executing <Task(PythonOperator): upload_historical_members> on 2024-03-15 00:00:00+00:00
[2024-03-26T03:45:11.985+0000] {standard_task_runner.py:60} INFO - Started process 190 to run task
[2024-03-26T03:45:11.989+0000] {standard_task_runner.py:87} INFO - Running: ['***', 'tasks', 'run', 'upload_historical_congress_data', 'upload_historical_members', 'scheduled__2024-03-15T00:00:00+00:00', '--job-id', '123', '--raw', '--subdir', 'DAGS_FOLDER/upload_historical_congress_data.py', '--cfg-path', '/tmp/tmp7m8ywrf0']
[2024-03-26T03:45:11.995+0000] {standard_task_runner.py:88} INFO - Job 123: Subtask upload_historical_members
[2024-03-26T03:45:12.058+0000] {task_command.py:423} INFO - Running <TaskInstance: upload_historical_congress_data.upload_historical_members scheduled__2024-03-15T00:00:00+00:00 [running]> on host 2d1395ed6407
[2024-03-26T03:45:12.138+0000] {taskinstance.py:2513} INFO - Exporting env vars: AIRFLOW_CTX_DAG_EMAIL='***@***.com' AIRFLOW_CTX_DAG_OWNER='***' AIRFLOW_CTX_DAG_ID='upload_historical_congress_data' AIRFLOW_CTX_TASK_ID='upload_historical_members' AIRFLOW_CTX_EXECUTION_DATE='2024-03-15T00:00:00+00:00' AIRFLOW_CTX_TRY_NUMBER='5' AIRFLOW_CTX_DAG_RUN_ID='scheduled__2024-03-15T00:00:00+00:00'
[2024-03-26T03:45:12.151+0000] {get_data.py:202} INFO - executing API call for https://api.congress.gov/v3/member?format=json&fromDateTime=2023-01-01T00:00:00Z&toDateTime=2024-03-15T00:00:00Z&offset=0&limit=250&api_key=WNue8kCDCOIlewAsULgnN8j6SqSgAZjE2sYbPsBb
[2024-03-26T03:45:13.204+0000] {get_data.py:202} INFO - executing API call for https://api.congress.gov/v3/member?format=json&fromDateTime=2023-01-01T00:00:00Z&toDateTime=2024-03-15T00:00:00Z&offset=0&limit=250&api_key=WNue8kCDCOIlewAsULgnN8j6SqSgAZjE2sYbPsBb
[2024-03-26T03:45:15.127+0000] {logging_mixin.py:188} INFO - Parquet data uploaded to gs://congress_data/member/1_250_member.parquet
[2024-03-26T03:45:15.130+0000] {logging_mixin.py:188} INFO - 250 of 675 member records uploaded
[2024-03-26T03:45:15.134+0000] {get_data.py:202} INFO - executing API call for https://api.congress.gov/v3/member?format=json&fromDateTime=2023-01-01T00:00:00Z&toDateTime=2024-03-15T00:00:00Z&offset=250&limit=250&api_key=WNue8kCDCOIlewAsULgnN8j6SqSgAZjE2sYbPsBb
[2024-03-26T03:45:16.903+0000] {logging_mixin.py:188} INFO - Parquet data uploaded to gs://congress_data/member/251_500_member.parquet
[2024-03-26T03:45:16.909+0000] {logging_mixin.py:188} INFO - 500 of 675 member records uploaded
[2024-03-26T03:45:16.912+0000] {get_data.py:202} INFO - executing API call for https://api.congress.gov/v3/member?format=json&fromDateTime=2023-01-01T00:00:00Z&toDateTime=2024-03-15T00:00:00Z&offset=500&limit=250&api_key=WNue8kCDCOIlewAsULgnN8j6SqSgAZjE2sYbPsBb
[2024-03-26T03:45:18.605+0000] {logging_mixin.py:188} INFO - Parquet data uploaded to gs://congress_data/member/501_675_member.parquet
[2024-03-26T03:45:18.611+0000] {logging_mixin.py:188} INFO - 675 of 675 member records uploaded
[2024-03-26T03:45:18.614+0000] {python.py:202} INFO - Done. Returned value was: None
[2024-03-26T03:45:18.647+0000] {taskinstance.py:1149} INFO - Marking task as SUCCESS. dag_id=upload_historical_congress_data, task_id=upload_historical_members, execution_date=20240315T000000, start_date=20240326T034511, end_date=20240326T034518
[2024-03-26T03:45:18.705+0000] {local_task_job_runner.py:234} INFO - Task exited with return code 0
[2024-03-26T03:45:18.726+0000] {taskinstance.py:3312} INFO - 1 downstream tasks scheduled from follow-on schedule check
