[2024-04-14T21:42:34.300+0000] {processor.py:161} INFO - Started process (PID=39) to work on /opt/airflow/dags/data/bills/s/BILLSTATUS-118-s.zip
[2024-04-14T21:42:34.301+0000] {processor.py:830} INFO - Processing file /opt/airflow/dags/data/bills/s/BILLSTATUS-118-s.zip for tasks to queue
[2024-04-14T21:42:34.303+0000] {logging_mixin.py:188} INFO - [2024-04-14T21:42:34.302+0000] {dagbag.py:540} INFO - Filling up the DagBag from /opt/airflow/dags/data/bills/s/BILLSTATUS-118-s.zip
[2024-04-14T21:42:34.326+0000] {processor.py:842} WARNING - No viable dags retrieved from /opt/airflow/dags/data/bills/s/BILLSTATUS-118-s.zip
[2024-04-14T21:42:34.339+0000] {processor.py:183} INFO - Processing /opt/airflow/dags/data/bills/s/BILLSTATUS-118-s.zip took 0.042 seconds
[2024-04-14T21:44:24.417+0000] {processor.py:161} INFO - Started process (PID=38) to work on /opt/airflow/dags/data/bills/s/BILLSTATUS-118-s.zip
[2024-04-14T21:44:24.418+0000] {processor.py:830} INFO - Processing file /opt/airflow/dags/data/bills/s/BILLSTATUS-118-s.zip for tasks to queue
[2024-04-14T21:44:24.420+0000] {logging_mixin.py:188} INFO - [2024-04-14T21:44:24.420+0000] {dagbag.py:540} INFO - Filling up the DagBag from /opt/airflow/dags/data/bills/s/BILLSTATUS-118-s.zip
[2024-04-14T21:44:24.450+0000] {processor.py:842} WARNING - No viable dags retrieved from /opt/airflow/dags/data/bills/s/BILLSTATUS-118-s.zip
[2024-04-14T21:44:24.470+0000] {processor.py:183} INFO - Processing /opt/airflow/dags/data/bills/s/BILLSTATUS-118-s.zip took 0.057 seconds
[2024-04-14T21:44:56.125+0000] {processor.py:161} INFO - Started process (PID=51) to work on /opt/airflow/dags/data/bills/s/BILLSTATUS-118-s.zip
[2024-04-14T21:44:56.134+0000] {processor.py:830} INFO - Processing file /opt/airflow/dags/data/bills/s/BILLSTATUS-118-s.zip for tasks to queue
[2024-04-14T21:44:56.164+0000] {logging_mixin.py:188} INFO - [2024-04-14T21:44:56.147+0000] {dagbag.py:540} INFO - Filling up the DagBag from /opt/airflow/dags/data/bills/s/BILLSTATUS-118-s.zip
[2024-04-14T21:44:56.266+0000] {processor.py:842} WARNING - No viable dags retrieved from /opt/airflow/dags/data/bills/s/BILLSTATUS-118-s.zip
[2024-04-14T21:44:56.334+0000] {processor.py:183} INFO - Processing /opt/airflow/dags/data/bills/s/BILLSTATUS-118-s.zip took 0.253 seconds
[2024-04-14T21:45:27.454+0000] {processor.py:161} INFO - Started process (PID=61) to work on /opt/airflow/dags/data/bills/s/BILLSTATUS-118-s.zip
[2024-04-14T21:45:27.456+0000] {processor.py:830} INFO - Processing file /opt/airflow/dags/data/bills/s/BILLSTATUS-118-s.zip for tasks to queue
[2024-04-14T21:45:27.463+0000] {logging_mixin.py:188} INFO - [2024-04-14T21:45:27.462+0000] {dagbag.py:540} INFO - Filling up the DagBag from /opt/airflow/dags/data/bills/s/BILLSTATUS-118-s.zip
[2024-04-14T21:45:27.505+0000] {processor.py:842} WARNING - No viable dags retrieved from /opt/airflow/dags/data/bills/s/BILLSTATUS-118-s.zip
[2024-04-14T21:45:27.528+0000] {processor.py:183} INFO - Processing /opt/airflow/dags/data/bills/s/BILLSTATUS-118-s.zip took 0.078 seconds
[2024-04-14T21:45:58.624+0000] {processor.py:161} INFO - Started process (PID=69) to work on /opt/airflow/dags/data/bills/s/BILLSTATUS-118-s.zip
[2024-04-14T21:45:58.626+0000] {processor.py:830} INFO - Processing file /opt/airflow/dags/data/bills/s/BILLSTATUS-118-s.zip for tasks to queue
[2024-04-14T21:45:58.629+0000] {logging_mixin.py:188} INFO - [2024-04-14T21:45:58.629+0000] {dagbag.py:540} INFO - Filling up the DagBag from /opt/airflow/dags/data/bills/s/BILLSTATUS-118-s.zip
[2024-04-14T21:45:58.637+0000] {processor.py:842} WARNING - No viable dags retrieved from /opt/airflow/dags/data/bills/s/BILLSTATUS-118-s.zip
[2024-04-14T21:45:58.657+0000] {processor.py:183} INFO - Processing /opt/airflow/dags/data/bills/s/BILLSTATUS-118-s.zip took 0.041 seconds
