[2024-05-21T00:10:33.940+0000] {processor.py:161} INFO - Started process (PID=10150) to work on /opt/airflow/dags/scripts/python/get_data.py
[2024-05-21T00:10:33.941+0000] {processor.py:830} INFO - Processing file /opt/airflow/dags/scripts/python/get_data.py for tasks to queue
[2024-05-21T00:10:33.943+0000] {logging_mixin.py:188} INFO - [2024-05-21T00:10:33.942+0000] {dagbag.py:540} INFO - Filling up the DagBag from /opt/airflow/dags/scripts/python/get_data.py
[2024-05-21T00:10:33.967+0000] {processor.py:842} WARNING - No viable dags retrieved from /opt/airflow/dags/scripts/python/get_data.py
[2024-05-21T00:10:33.979+0000] {processor.py:183} INFO - Processing /opt/airflow/dags/scripts/python/get_data.py took 0.041 seconds
[2024-05-21T01:04:11.126+0000] {processor.py:161} INFO - Started process (PID=10158) to work on /opt/airflow/dags/scripts/python/get_data.py
[2024-05-21T01:04:11.127+0000] {processor.py:830} INFO - Processing file /opt/airflow/dags/scripts/python/get_data.py for tasks to queue
[2024-05-21T01:04:11.129+0000] {logging_mixin.py:188} INFO - [2024-05-21T01:04:11.128+0000] {dagbag.py:540} INFO - Filling up the DagBag from /opt/airflow/dags/scripts/python/get_data.py
[2024-05-21T01:04:11.161+0000] {processor.py:842} WARNING - No viable dags retrieved from /opt/airflow/dags/scripts/python/get_data.py
[2024-05-21T01:04:11.174+0000] {processor.py:183} INFO - Processing /opt/airflow/dags/scripts/python/get_data.py took 0.050 seconds
[2024-05-21T01:11:48.291+0000] {processor.py:161} INFO - Started process (PID=10166) to work on /opt/airflow/dags/scripts/python/get_data.py
[2024-05-21T01:11:48.292+0000] {processor.py:830} INFO - Processing file /opt/airflow/dags/scripts/python/get_data.py for tasks to queue
[2024-05-21T01:11:48.294+0000] {logging_mixin.py:188} INFO - [2024-05-21T01:11:48.294+0000] {dagbag.py:540} INFO - Filling up the DagBag from /opt/airflow/dags/scripts/python/get_data.py
[2024-05-21T01:11:48.332+0000] {processor.py:842} WARNING - No viable dags retrieved from /opt/airflow/dags/scripts/python/get_data.py
[2024-05-21T01:11:48.349+0000] {processor.py:183} INFO - Processing /opt/airflow/dags/scripts/python/get_data.py took 0.061 seconds
[2024-05-21T02:28:28.993+0000] {processor.py:161} INFO - Started process (PID=10174) to work on /opt/airflow/dags/scripts/python/get_data.py
[2024-05-21T02:28:28.994+0000] {processor.py:830} INFO - Processing file /opt/airflow/dags/scripts/python/get_data.py for tasks to queue
[2024-05-21T02:28:28.995+0000] {logging_mixin.py:188} INFO - [2024-05-21T02:28:28.995+0000] {dagbag.py:540} INFO - Filling up the DagBag from /opt/airflow/dags/scripts/python/get_data.py
[2024-05-21T02:28:29.019+0000] {processor.py:842} WARNING - No viable dags retrieved from /opt/airflow/dags/scripts/python/get_data.py
[2024-05-21T02:28:29.031+0000] {processor.py:183} INFO - Processing /opt/airflow/dags/scripts/python/get_data.py took 0.040 seconds
[2024-05-21T04:01:35.154+0000] {processor.py:161} INFO - Started process (PID=10182) to work on /opt/airflow/dags/scripts/python/get_data.py
[2024-05-21T04:01:35.155+0000] {processor.py:830} INFO - Processing file /opt/airflow/dags/scripts/python/get_data.py for tasks to queue
[2024-05-21T04:01:35.162+0000] {logging_mixin.py:188} INFO - [2024-05-21T04:01:35.161+0000] {dagbag.py:540} INFO - Filling up the DagBag from /opt/airflow/dags/scripts/python/get_data.py
[2024-05-21T04:01:35.226+0000] {processor.py:842} WARNING - No viable dags retrieved from /opt/airflow/dags/scripts/python/get_data.py
[2024-05-21T04:01:35.256+0000] {processor.py:183} INFO - Processing /opt/airflow/dags/scripts/python/get_data.py took 0.108 seconds
[2024-05-21T04:49:41.638+0000] {processor.py:161} INFO - Started process (PID=10190) to work on /opt/airflow/dags/scripts/python/get_data.py
[2024-05-21T04:49:41.639+0000] {processor.py:830} INFO - Processing file /opt/airflow/dags/scripts/python/get_data.py for tasks to queue
[2024-05-21T04:49:41.642+0000] {logging_mixin.py:188} INFO - [2024-05-21T04:49:41.641+0000] {dagbag.py:540} INFO - Filling up the DagBag from /opt/airflow/dags/scripts/python/get_data.py
[2024-05-21T04:49:41.672+0000] {processor.py:842} WARNING - No viable dags retrieved from /opt/airflow/dags/scripts/python/get_data.py
[2024-05-21T04:49:41.703+0000] {processor.py:183} INFO - Processing /opt/airflow/dags/scripts/python/get_data.py took 0.068 seconds
[2024-05-21T06:05:48.735+0000] {processor.py:161} INFO - Started process (PID=10198) to work on /opt/airflow/dags/scripts/python/get_data.py
[2024-05-21T06:05:48.736+0000] {processor.py:830} INFO - Processing file /opt/airflow/dags/scripts/python/get_data.py for tasks to queue
[2024-05-21T06:05:48.741+0000] {logging_mixin.py:188} INFO - [2024-05-21T06:05:48.740+0000] {dagbag.py:540} INFO - Filling up the DagBag from /opt/airflow/dags/scripts/python/get_data.py
[2024-05-21T06:05:48.804+0000] {processor.py:842} WARNING - No viable dags retrieved from /opt/airflow/dags/scripts/python/get_data.py
[2024-05-21T06:05:48.838+0000] {processor.py:183} INFO - Processing /opt/airflow/dags/scripts/python/get_data.py took 0.108 seconds
[2024-05-21T07:17:38.296+0000] {processor.py:161} INFO - Started process (PID=10206) to work on /opt/airflow/dags/scripts/python/get_data.py
[2024-05-21T07:17:38.297+0000] {processor.py:830} INFO - Processing file /opt/airflow/dags/scripts/python/get_data.py for tasks to queue
[2024-05-21T07:17:38.299+0000] {logging_mixin.py:188} INFO - [2024-05-21T07:17:38.299+0000] {dagbag.py:540} INFO - Filling up the DagBag from /opt/airflow/dags/scripts/python/get_data.py
[2024-05-21T07:17:38.324+0000] {processor.py:842} WARNING - No viable dags retrieved from /opt/airflow/dags/scripts/python/get_data.py
[2024-05-21T07:17:38.336+0000] {processor.py:183} INFO - Processing /opt/airflow/dags/scripts/python/get_data.py took 0.044 seconds
[2024-05-21T08:35:04.280+0000] {processor.py:161} INFO - Started process (PID=10214) to work on /opt/airflow/dags/scripts/python/get_data.py
[2024-05-21T08:35:04.281+0000] {processor.py:830} INFO - Processing file /opt/airflow/dags/scripts/python/get_data.py for tasks to queue
[2024-05-21T08:35:04.283+0000] {logging_mixin.py:188} INFO - [2024-05-21T08:35:04.283+0000] {dagbag.py:540} INFO - Filling up the DagBag from /opt/airflow/dags/scripts/python/get_data.py
[2024-05-21T08:35:04.306+0000] {processor.py:842} WARNING - No viable dags retrieved from /opt/airflow/dags/scripts/python/get_data.py
[2024-05-21T08:35:04.319+0000] {processor.py:183} INFO - Processing /opt/airflow/dags/scripts/python/get_data.py took 0.043 seconds
[2024-05-21T09:50:34.111+0000] {processor.py:161} INFO - Started process (PID=10222) to work on /opt/airflow/dags/scripts/python/get_data.py
[2024-05-21T09:50:34.113+0000] {processor.py:830} INFO - Processing file /opt/airflow/dags/scripts/python/get_data.py for tasks to queue
[2024-05-21T09:50:34.124+0000] {logging_mixin.py:188} INFO - [2024-05-21T09:50:34.123+0000] {dagbag.py:540} INFO - Filling up the DagBag from /opt/airflow/dags/scripts/python/get_data.py
[2024-05-21T09:50:34.183+0000] {processor.py:842} WARNING - No viable dags retrieved from /opt/airflow/dags/scripts/python/get_data.py
[2024-05-21T09:50:34.217+0000] {processor.py:183} INFO - Processing /opt/airflow/dags/scripts/python/get_data.py took 0.111 seconds
[2024-05-21T11:28:59.922+0000] {processor.py:161} INFO - Started process (PID=10230) to work on /opt/airflow/dags/scripts/python/get_data.py
[2024-05-21T11:28:59.923+0000] {processor.py:830} INFO - Processing file /opt/airflow/dags/scripts/python/get_data.py for tasks to queue
[2024-05-21T11:28:59.925+0000] {logging_mixin.py:188} INFO - [2024-05-21T11:28:59.925+0000] {dagbag.py:540} INFO - Filling up the DagBag from /opt/airflow/dags/scripts/python/get_data.py
[2024-05-21T11:28:59.962+0000] {processor.py:842} WARNING - No viable dags retrieved from /opt/airflow/dags/scripts/python/get_data.py
[2024-05-21T11:28:59.991+0000] {processor.py:183} INFO - Processing /opt/airflow/dags/scripts/python/get_data.py took 0.073 seconds
[2024-05-21T12:52:36.159+0000] {processor.py:161} INFO - Started process (PID=10238) to work on /opt/airflow/dags/scripts/python/get_data.py
[2024-05-21T12:52:36.160+0000] {processor.py:830} INFO - Processing file /opt/airflow/dags/scripts/python/get_data.py for tasks to queue
[2024-05-21T12:52:36.161+0000] {logging_mixin.py:188} INFO - [2024-05-21T12:52:36.161+0000] {dagbag.py:540} INFO - Filling up the DagBag from /opt/airflow/dags/scripts/python/get_data.py
[2024-05-21T12:52:36.440+0000] {processor.py:842} WARNING - No viable dags retrieved from /opt/airflow/dags/scripts/python/get_data.py
[2024-05-21T12:52:36.452+0000] {processor.py:183} INFO - Processing /opt/airflow/dags/scripts/python/get_data.py took 0.295 seconds
[2024-05-21T13:35:23.553+0000] {processor.py:161} INFO - Started process (PID=10246) to work on /opt/airflow/dags/scripts/python/get_data.py
[2024-05-21T13:35:23.555+0000] {processor.py:830} INFO - Processing file /opt/airflow/dags/scripts/python/get_data.py for tasks to queue
[2024-05-21T13:35:23.559+0000] {logging_mixin.py:188} INFO - [2024-05-21T13:35:23.559+0000] {dagbag.py:540} INFO - Filling up the DagBag from /opt/airflow/dags/scripts/python/get_data.py
[2024-05-21T13:35:23.617+0000] {processor.py:842} WARNING - No viable dags retrieved from /opt/airflow/dags/scripts/python/get_data.py
[2024-05-21T13:35:23.661+0000] {processor.py:183} INFO - Processing /opt/airflow/dags/scripts/python/get_data.py took 0.112 seconds
[2024-05-21T15:02:02.039+0000] {processor.py:161} INFO - Started process (PID=10254) to work on /opt/airflow/dags/scripts/python/get_data.py
[2024-05-21T15:02:02.042+0000] {processor.py:830} INFO - Processing file /opt/airflow/dags/scripts/python/get_data.py for tasks to queue
[2024-05-21T15:02:02.049+0000] {logging_mixin.py:188} INFO - [2024-05-21T15:02:02.048+0000] {dagbag.py:540} INFO - Filling up the DagBag from /opt/airflow/dags/scripts/python/get_data.py
[2024-05-21T15:02:02.558+0000] {processor.py:842} WARNING - No viable dags retrieved from /opt/airflow/dags/scripts/python/get_data.py
[2024-05-21T15:02:02.576+0000] {processor.py:183} INFO - Processing /opt/airflow/dags/scripts/python/get_data.py took 0.548 seconds
[2024-05-21T16:03:03.662+0000] {processor.py:161} INFO - Started process (PID=10262) to work on /opt/airflow/dags/scripts/python/get_data.py
[2024-05-21T16:03:03.663+0000] {processor.py:830} INFO - Processing file /opt/airflow/dags/scripts/python/get_data.py for tasks to queue
[2024-05-21T16:03:03.665+0000] {logging_mixin.py:188} INFO - [2024-05-21T16:03:03.665+0000] {dagbag.py:540} INFO - Filling up the DagBag from /opt/airflow/dags/scripts/python/get_data.py
[2024-05-21T16:03:03.707+0000] {processor.py:842} WARNING - No viable dags retrieved from /opt/airflow/dags/scripts/python/get_data.py
[2024-05-21T16:03:03.736+0000] {processor.py:183} INFO - Processing /opt/airflow/dags/scripts/python/get_data.py took 0.077 seconds
[2024-05-21T16:43:22.060+0000] {processor.py:161} INFO - Started process (PID=10270) to work on /opt/airflow/dags/scripts/python/get_data.py
[2024-05-21T16:43:22.062+0000] {processor.py:830} INFO - Processing file /opt/airflow/dags/scripts/python/get_data.py for tasks to queue
[2024-05-21T16:43:22.067+0000] {logging_mixin.py:188} INFO - [2024-05-21T16:43:22.066+0000] {dagbag.py:540} INFO - Filling up the DagBag from /opt/airflow/dags/scripts/python/get_data.py
[2024-05-21T16:43:22.109+0000] {processor.py:842} WARNING - No viable dags retrieved from /opt/airflow/dags/scripts/python/get_data.py
[2024-05-21T16:43:22.152+0000] {processor.py:183} INFO - Processing /opt/airflow/dags/scripts/python/get_data.py took 0.099 seconds
[2024-05-21T17:30:10.938+0000] {processor.py:161} INFO - Started process (PID=10277) to work on /opt/airflow/dags/scripts/python/get_data.py
[2024-05-21T17:30:10.939+0000] {processor.py:830} INFO - Processing file /opt/airflow/dags/scripts/python/get_data.py for tasks to queue
[2024-05-21T17:30:10.940+0000] {logging_mixin.py:188} INFO - [2024-05-21T17:30:10.940+0000] {dagbag.py:540} INFO - Filling up the DagBag from /opt/airflow/dags/scripts/python/get_data.py
[2024-05-21T17:30:10.964+0000] {processor.py:842} WARNING - No viable dags retrieved from /opt/airflow/dags/scripts/python/get_data.py
[2024-05-21T17:30:10.975+0000] {processor.py:183} INFO - Processing /opt/airflow/dags/scripts/python/get_data.py took 0.039 seconds
[2024-05-21T18:53:35.021+0000] {processor.py:161} INFO - Started process (PID=10285) to work on /opt/airflow/dags/scripts/python/get_data.py
[2024-05-21T18:53:35.024+0000] {processor.py:830} INFO - Processing file /opt/airflow/dags/scripts/python/get_data.py for tasks to queue
[2024-05-21T18:53:35.030+0000] {logging_mixin.py:188} INFO - [2024-05-21T18:53:35.028+0000] {dagbag.py:540} INFO - Filling up the DagBag from /opt/airflow/dags/scripts/python/get_data.py
[2024-05-21T18:53:35.096+0000] {processor.py:842} WARNING - No viable dags retrieved from /opt/airflow/dags/scripts/python/get_data.py
[2024-05-21T18:53:35.125+0000] {processor.py:183} INFO - Processing /opt/airflow/dags/scripts/python/get_data.py took 0.108 seconds
[2024-05-21T20:07:01.641+0000] {processor.py:161} INFO - Started process (PID=10293) to work on /opt/airflow/dags/scripts/python/get_data.py
[2024-05-21T20:07:01.642+0000] {processor.py:830} INFO - Processing file /opt/airflow/dags/scripts/python/get_data.py for tasks to queue
[2024-05-21T20:07:01.643+0000] {logging_mixin.py:188} INFO - [2024-05-21T20:07:01.643+0000] {dagbag.py:540} INFO - Filling up the DagBag from /opt/airflow/dags/scripts/python/get_data.py
[2024-05-21T20:07:01.677+0000] {processor.py:842} WARNING - No viable dags retrieved from /opt/airflow/dags/scripts/python/get_data.py
[2024-05-21T20:07:01.688+0000] {processor.py:183} INFO - Processing /opt/airflow/dags/scripts/python/get_data.py took 0.049 seconds
[2024-05-21T21:08:05.821+0000] {processor.py:161} INFO - Started process (PID=10301) to work on /opt/airflow/dags/scripts/python/get_data.py
[2024-05-21T21:08:05.822+0000] {processor.py:830} INFO - Processing file /opt/airflow/dags/scripts/python/get_data.py for tasks to queue
[2024-05-21T21:08:05.824+0000] {logging_mixin.py:188} INFO - [2024-05-21T21:08:05.824+0000] {dagbag.py:540} INFO - Filling up the DagBag from /opt/airflow/dags/scripts/python/get_data.py
[2024-05-21T21:08:05.862+0000] {processor.py:842} WARNING - No viable dags retrieved from /opt/airflow/dags/scripts/python/get_data.py
[2024-05-21T21:08:05.878+0000] {processor.py:183} INFO - Processing /opt/airflow/dags/scripts/python/get_data.py took 0.060 seconds
[2024-05-21T22:25:55.740+0000] {processor.py:161} INFO - Started process (PID=10309) to work on /opt/airflow/dags/scripts/python/get_data.py
[2024-05-21T22:25:55.744+0000] {processor.py:830} INFO - Processing file /opt/airflow/dags/scripts/python/get_data.py for tasks to queue
[2024-05-21T22:25:55.748+0000] {logging_mixin.py:188} INFO - [2024-05-21T22:25:55.747+0000] {dagbag.py:540} INFO - Filling up the DagBag from /opt/airflow/dags/scripts/python/get_data.py
[2024-05-21T22:25:56.109+0000] {processor.py:842} WARNING - No viable dags retrieved from /opt/airflow/dags/scripts/python/get_data.py
[2024-05-21T22:25:56.174+0000] {processor.py:183} INFO - Processing /opt/airflow/dags/scripts/python/get_data.py took 0.441 seconds
[2024-05-21T23:43:19.284+0000] {processor.py:161} INFO - Started process (PID=10317) to work on /opt/airflow/dags/scripts/python/get_data.py
[2024-05-21T23:43:19.285+0000] {processor.py:830} INFO - Processing file /opt/airflow/dags/scripts/python/get_data.py for tasks to queue
[2024-05-21T23:43:19.286+0000] {logging_mixin.py:188} INFO - [2024-05-21T23:43:19.286+0000] {dagbag.py:540} INFO - Filling up the DagBag from /opt/airflow/dags/scripts/python/get_data.py
[2024-05-21T23:43:19.312+0000] {processor.py:842} WARNING - No viable dags retrieved from /opt/airflow/dags/scripts/python/get_data.py
[2024-05-21T23:43:19.325+0000] {processor.py:183} INFO - Processing /opt/airflow/dags/scripts/python/get_data.py took 0.043 seconds
