[2024-04-11T04:15:23.461+0000] {taskinstance.py:1979} INFO - Dependencies all met for dep_context=non-requeueable deps ti=<TaskInstance: upload_congress_data.get_votes_from_downloaded_bills manual__2024-04-11T04:13:26.714701+00:00 [queued]>
[2024-04-11T04:15:23.467+0000] {taskinstance.py:1979} INFO - Dependencies all met for dep_context=requeueable deps ti=<TaskInstance: upload_congress_data.get_votes_from_downloaded_bills manual__2024-04-11T04:13:26.714701+00:00 [queued]>
[2024-04-11T04:15:23.468+0000] {taskinstance.py:2193} INFO - Starting attempt 1 of 1
[2024-04-11T04:15:23.479+0000] {taskinstance.py:2217} INFO - Executing <Task(PythonOperator): get_votes_from_downloaded_bills> on 2024-04-11 04:13:26.714701+00:00
[2024-04-11T04:15:23.485+0000] {standard_task_runner.py:60} INFO - Started process 239 to run task
[2024-04-11T04:15:23.489+0000] {standard_task_runner.py:87} INFO - Running: ['***', 'tasks', 'run', 'upload_congress_data', 'get_votes_from_downloaded_bills', 'manual__2024-04-11T04:13:26.714701+00:00', '--job-id', '46', '--raw', '--subdir', 'DAGS_FOLDER/upload_congress_data.py', '--cfg-path', '/tmp/tmpu7qqfcfa']
[2024-04-11T04:15:23.494+0000] {standard_task_runner.py:88} INFO - Job 46: Subtask get_votes_from_downloaded_bills
[2024-04-11T04:15:23.534+0000] {task_command.py:423} INFO - Running <TaskInstance: upload_congress_data.get_votes_from_downloaded_bills manual__2024-04-11T04:13:26.714701+00:00 [running]> on host 48a386cc3b53
[2024-04-11T04:15:23.629+0000] {taskinstance.py:2513} INFO - Exporting env vars: AIRFLOW_CTX_DAG_OWNER='***' AIRFLOW_CTX_DAG_ID='upload_congress_data' AIRFLOW_CTX_TASK_ID='get_votes_from_downloaded_bills' AIRFLOW_CTX_EXECUTION_DATE='2024-04-11T04:13:26.714701+00:00' AIRFLOW_CTX_TRY_NUMBER='1' AIRFLOW_CTX_DAG_RUN_ID='manual__2024-04-11T04:13:26.714701+00:00'
[2024-04-11T04:15:23.870+0000] {get_data.py:133} INFO - Opened bill from file /opt/***/dags/data/bills/hjres/BILLSTATUS-118hjres68.json
[2024-04-11T04:15:24.782+0000] {get_data.py:133} INFO - Opened bill from file /opt/***/dags/data/bills/hjres/BILLSTATUS-118hjres44.json
[2024-04-11T04:15:26.106+0000] {get_data.py:133} INFO - Opened bill from file /opt/***/dags/data/bills/hjres/BILLSTATUS-118hjres45.json
[2024-04-11T04:15:28.266+0000] {get_data.py:133} INFO - Opened bill from file /opt/***/dags/data/bills/hjres/BILLSTATUS-118hjres24.json
[2024-04-11T04:15:29.199+0000] {get_data.py:133} INFO - Opened bill from file /opt/***/dags/data/bills/hjres/BILLSTATUS-118hjres39.json
[2024-04-11T04:15:32.084+0000] {get_data.py:133} INFO - Opened bill from file /opt/***/dags/data/bills/hjres/BILLSTATUS-118hjres42.json
[2024-04-11T04:15:34.247+0000] {get_data.py:133} INFO - Opened bill from file /opt/***/dags/data/bills/hjres/BILLSTATUS-118hjres74.json
[2024-04-11T04:15:35.507+0000] {get_data.py:133} INFO - Opened bill from file /opt/***/dags/data/bills/hjres/BILLSTATUS-118hjres7.json
[2024-04-11T04:15:36.892+0000] {get_data.py:133} INFO - Opened bill from file /opt/***/dags/data/bills/hjres/BILLSTATUS-118hjres79.json
[2024-04-11T04:15:38.087+0000] {get_data.py:133} INFO - Opened bill from file /opt/***/dags/data/bills/hjres/BILLSTATUS-118hjres98.json
[2024-04-11T04:15:38.370+0000] {logging_mixin.py:188} INFO - An exception occurred 'rollcall-vote' Failed to save one or more votes for {bill_type} {bill_number}
[2024-04-11T04:15:38.750+0000] {logging_mixin.py:188} INFO - An exception occurred 'rollcall-vote' Failed to save one or more votes for {bill_type} {bill_number}
[2024-04-11T04:15:38.988+0000] {logging_mixin.py:188} INFO - An exception occurred 'rollcall-vote' Failed to save one or more votes for {bill_type} {bill_number}
[2024-04-11T04:15:39.186+0000] {logging_mixin.py:188} INFO - An exception occurred 'rollcall-vote' Failed to save one or more votes for {bill_type} {bill_number}
[2024-04-11T04:15:39.192+0000] {get_data.py:133} INFO - Opened bill from file /opt/***/dags/data/bills/hjres/BILLSTATUS-118hjres70.json
[2024-04-11T04:15:39.926+0000] {get_data.py:133} INFO - Opened bill from file /opt/***/dags/data/bills/hjres/BILLSTATUS-118hjres27.json
[2024-04-11T04:15:41.691+0000] {get_data.py:133} INFO - Opened bill from file /opt/***/dags/data/bills/hjres/BILLSTATUS-118hjres88.json
[2024-04-11T04:15:42.285+0000] {get_data.py:133} INFO - Opened bill from file /opt/***/dags/data/bills/hjres/BILLSTATUS-118hjres30.json
[2024-04-11T04:15:45.286+0000] {get_data.py:133} INFO - Opened bill from file /opt/***/dags/data/bills/hjres/BILLSTATUS-118hjres26.json
[2024-04-11T04:15:46.509+0000] {get_data.py:133} INFO - Opened bill from file /opt/***/dags/data/bills/hjres/BILLSTATUS-118hjres71.json
[2024-04-11T04:15:46.954+0000] {get_data.py:133} INFO - Opened bill from file /opt/***/dags/data/bills/hconres/BILLSTATUS-118hconres7.json
[2024-04-11T04:15:47.129+0000] {logging_mixin.py:188} INFO - An exception occurred 'rollcall-vote' Failed to save one or more votes for {bill_type} {bill_number}
[2024-04-11T04:15:47.323+0000] {logging_mixin.py:188} INFO - An exception occurred 'rollcall-vote' Failed to save one or more votes for {bill_type} {bill_number}
[2024-04-11T04:15:47.328+0000] {get_data.py:133} INFO - Opened bill from file /opt/***/dags/data/bills/hconres/BILLSTATUS-118hconres30.json
[2024-04-11T04:15:47.814+0000] {get_data.py:133} INFO - Opened bill from file /opt/***/dags/data/bills/hconres/BILLSTATUS-118hconres57.json
[2024-04-11T04:15:48.547+0000] {get_data.py:133} INFO - Opened bill from file /opt/***/dags/data/bills/hconres/BILLSTATUS-118hconres40.json
[2024-04-11T04:15:49.094+0000] {get_data.py:133} INFO - Opened bill from file /opt/***/dags/data/bills/hconres/BILLSTATUS-118hconres21.json
[2024-04-11T04:15:49.838+0000] {get_data.py:133} INFO - Opened bill from file /opt/***/dags/data/bills/hconres/BILLSTATUS-118hconres3.json
[2024-04-11T04:15:50.085+0000] {logging_mixin.py:188} INFO - An exception occurred 'rollcall-vote' Failed to save one or more votes for {bill_type} {bill_number}
[2024-04-11T04:15:50.397+0000] {logging_mixin.py:188} INFO - An exception occurred 'rollcall-vote' Failed to save one or more votes for {bill_type} {bill_number}
[2024-04-11T04:15:50.403+0000] {get_data.py:133} INFO - Opened bill from file /opt/***/dags/data/bills/hconres/BILLSTATUS-118hconres86.json
[2024-04-11T04:15:50.717+0000] {logging_mixin.py:188} INFO - An exception occurred 'rollcall-vote' Failed to save one or more votes for {bill_type} {bill_number}
[2024-04-11T04:15:50.964+0000] {logging_mixin.py:188} INFO - An exception occurred 'rollcall-vote' Failed to save one or more votes for {bill_type} {bill_number}
[2024-04-11T04:15:50.970+0000] {get_data.py:133} INFO - Opened bill from file /opt/***/dags/data/bills/hconres/BILLSTATUS-118hconres9.json
[2024-04-11T04:15:51.448+0000] {get_data.py:133} INFO - Opened bill from file /opt/***/dags/data/bills/hconres/BILLSTATUS-118hconres25.json
[2024-04-11T04:15:52.307+0000] {get_data.py:133} INFO - Opened bill from file /opt/***/dags/data/bills/s/BILLSTATUS-118s870.json
[2024-04-11T04:15:54.131+0000] {get_data.py:133} INFO - Opened bill from file /opt/***/dags/data/bills/s/BILLSTATUS-118s3427.json
[2024-04-11T04:15:54.572+0000] {logging_mixin.py:188} INFO - An exception occurred 'rollcall-vote' Failed to save one or more votes for {bill_type} {bill_number}
[2024-04-11T04:15:54.816+0000] {logging_mixin.py:188} INFO - An exception occurred 'rollcall-vote' Failed to save one or more votes for {bill_type} {bill_number}
[2024-04-11T04:15:55.034+0000] {logging_mixin.py:188} INFO - An exception occurred 'rollcall-vote' Failed to save one or more votes for {bill_type} {bill_number}
[2024-04-11T04:15:55.321+0000] {logging_mixin.py:188} INFO - An exception occurred 'rollcall-vote' Failed to save one or more votes for {bill_type} {bill_number}
[2024-04-11T04:15:55.326+0000] {get_data.py:133} INFO - Opened bill from file /opt/***/dags/data/bills/s/BILLSTATUS-118s112.json
[2024-04-11T04:15:56.172+0000] {get_data.py:133} INFO - Opened bill from file /opt/***/dags/data/bills/s/BILLSTATUS-118s3250.json
[2024-04-11T04:15:56.465+0000] {logging_mixin.py:188} INFO - An exception occurred 'rollcall-vote' Failed to save one or more votes for {bill_type} {bill_number}
[2024-04-11T04:15:56.742+0000] {logging_mixin.py:188} INFO - An exception occurred 'rollcall-vote' Failed to save one or more votes for {bill_type} {bill_number}
[2024-04-11T04:15:57.124+0000] {logging_mixin.py:188} INFO - An exception occurred 'rollcall-vote' Failed to save one or more votes for {bill_type} {bill_number}
[2024-04-11T04:15:57.418+0000] {logging_mixin.py:188} INFO - An exception occurred 'rollcall-vote' Failed to save one or more votes for {bill_type} {bill_number}
[2024-04-11T04:15:57.428+0000] {get_data.py:133} INFO - Opened bill from file /opt/***/dags/data/bills/s/BILLSTATUS-118s2226.json
[2024-04-11T04:15:58.392+0000] {get_data.py:133} INFO - Opened bill from file /opt/***/dags/data/bills/s/BILLSTATUS-118s2051.json
[2024-04-11T04:15:58.939+0000] {get_data.py:133} INFO - Opened bill from file /opt/***/dags/data/bills/s/BILLSTATUS-118s788.json
[2024-04-11T04:15:59.898+0000] {get_data.py:133} INFO - Opened bill from file /opt/***/dags/data/bills/s/BILLSTATUS-118s475.json
[2024-04-11T04:16:00.991+0000] {get_data.py:133} INFO - Opened bill from file /opt/***/dags/data/bills/s/BILLSTATUS-118s619.json
[2024-04-11T04:16:02.066+0000] {get_data.py:133} INFO - Opened bill from file /opt/***/dags/data/bills/s/BILLSTATUS-118s316.json
[2024-04-11T04:16:05.387+0000] {get_data.py:133} INFO - Opened bill from file /opt/***/dags/data/bills/s/BILLSTATUS-118s3853.json
[2024-04-11T04:16:06.570+0000] {get_data.py:133} INFO - Opened bill from file /opt/***/dags/data/bills/s/BILLSTATUS-118s111.json
[2024-04-11T04:16:07.486+0000] {get_data.py:133} INFO - Opened bill from file /opt/***/dags/data/bills/s/BILLSTATUS-118s326.json
[2024-04-11T04:16:08.198+0000] {get_data.py:133} INFO - Opened bill from file /opt/***/dags/data/bills/sres/BILLSTATUS-118sres13.json
[2024-04-11T04:16:08.680+0000] {get_data.py:133} INFO - Opened bill from file /opt/***/dags/data/bills/sres/BILLSTATUS-118sres21.json
[2024-04-11T04:16:09.264+0000] {get_data.py:133} INFO - Opened bill from file /opt/***/dags/data/bills/sres/BILLSTATUS-118sres504.json
[2024-04-11T04:16:09.963+0000] {get_data.py:133} INFO - Opened bill from file /opt/***/dags/data/bills/sres/BILLSTATUS-118sres417.json
[2024-04-11T04:16:10.724+0000] {get_data.py:133} INFO - Opened bill from file /opt/***/dags/data/bills/hr/BILLSTATUS-118hr1339.json
[2024-04-11T04:16:11.281+0000] {get_data.py:133} INFO - Opened bill from file /opt/***/dags/data/bills/hr/BILLSTATUS-118hr2796.json
[2024-04-11T04:16:12.059+0000] {get_data.py:133} INFO - Opened bill from file /opt/***/dags/data/bills/hr/BILLSTATUS-118hr2811.json
[2024-04-11T04:16:12.846+0000] {get_data.py:133} INFO - Opened bill from file /opt/***/dags/data/bills/hr/BILLSTATUS-118hr23.json
[2024-04-11T04:16:13.239+0000] {logging_mixin.py:188} INFO - An exception occurred 'rollcall-vote' Failed to save one or more votes for {bill_type} {bill_number}
[2024-04-11T04:16:13.462+0000] {logging_mixin.py:188} INFO - An exception occurred 'rollcall-vote' Failed to save one or more votes for {bill_type} {bill_number}
[2024-04-11T04:16:13.684+0000] {logging_mixin.py:188} INFO - An exception occurred 'rollcall-vote' Failed to save one or more votes for {bill_type} {bill_number}
[2024-04-11T04:16:13.693+0000] {get_data.py:133} INFO - Opened bill from file /opt/***/dags/data/bills/hr/BILLSTATUS-118hr406.json
[2024-04-11T04:16:14.121+0000] {get_data.py:133} INFO - Opened bill from file /opt/***/dags/data/bills/hr/BILLSTATUS-118hr4984.json
[2024-04-11T04:16:14.283+0000] {logging_mixin.py:188} INFO - An exception occurred 'rollcall-vote' Failed to save one or more votes for {bill_type} {bill_number}
[2024-04-11T04:16:14.460+0000] {logging_mixin.py:188} INFO - An exception occurred 'rollcall-vote' Failed to save one or more votes for {bill_type} {bill_number}
[2024-04-11T04:16:14.688+0000] {logging_mixin.py:188} INFO - An exception occurred 'rollcall-vote' Failed to save one or more votes for {bill_type} {bill_number}
[2024-04-11T04:16:14.926+0000] {logging_mixin.py:188} INFO - An exception occurred 'rollcall-vote' Failed to save one or more votes for {bill_type} {bill_number}
[2024-04-11T04:16:14.929+0000] {get_data.py:133} INFO - Opened bill from file /opt/***/dags/data/bills/hr/BILLSTATUS-118hr538.json
[2024-04-11T04:16:15.512+0000] {get_data.py:133} INFO - Opened bill from file /opt/***/dags/data/bills/hr/BILLSTATUS-118hr3152.json
[2024-04-11T04:16:16.012+0000] {get_data.py:133} INFO - Opened bill from file /opt/***/dags/data/bills/hr/BILLSTATUS-118hr5585.json
[2024-04-11T04:16:16.264+0000] {logging_mixin.py:188} INFO - An exception occurred 'rollcall-vote' Failed to save one or more votes for {bill_type} {bill_number}
[2024-04-11T04:16:16.593+0000] {logging_mixin.py:188} INFO - An exception occurred 'rollcall-vote' Failed to save one or more votes for {bill_type} {bill_number}
[2024-04-11T04:16:16.806+0000] {logging_mixin.py:188} INFO - An exception occurred 'rollcall-vote' Failed to save one or more votes for {bill_type} {bill_number}
[2024-04-11T04:16:16.999+0000] {logging_mixin.py:188} INFO - An exception occurred 'rollcall-vote' Failed to save one or more votes for {bill_type} {bill_number}
[2024-04-11T04:16:17.002+0000] {get_data.py:133} INFO - Opened bill from file /opt/***/dags/data/bills/hr/BILLSTATUS-118hr4394.json
[2024-04-11T04:16:18.898+0000] {get_data.py:133} INFO - Opened bill from file /opt/***/dags/data/bills/hr/BILLSTATUS-118hr277.json
[2024-04-11T04:16:19.854+0000] {get_data.py:133} INFO - Opened bill from file /opt/***/dags/data/bills/hr/BILLSTATUS-118hr1159.json
[2024-04-11T04:16:20.240+0000] {get_data.py:133} INFO - Opened bill from file /opt/***/dags/data/bills/hr/BILLSTATUS-118hr7520.json
[2024-04-11T04:16:20.486+0000] {logging_mixin.py:188} INFO - An exception occurred 'rollcall-vote' Failed to save one or more votes for {bill_type} {bill_number}
[2024-04-11T04:16:20.687+0000] {logging_mixin.py:188} INFO - An exception occurred 'rollcall-vote' Failed to save one or more votes for {bill_type} {bill_number}
[2024-04-11T04:16:20.690+0000] {get_data.py:133} INFO - Opened bill from file /opt/***/dags/data/bills/hr/BILLSTATUS-118hr3099.json
[2024-04-11T04:16:21.117+0000] {get_data.py:133} INFO - Opened bill from file /opt/***/dags/data/bills/hr/BILLSTATUS-118hr7023.json
[2024-04-11T04:16:22.282+0000] {get_data.py:133} INFO - Opened bill from file /opt/***/dags/data/bills/hr/BILLSTATUS-118hr1548.json
[2024-04-11T04:16:22.837+0000] {get_data.py:133} INFO - Opened bill from file /opt/***/dags/data/bills/hr/BILLSTATUS-118hr1163.json
[2024-04-11T04:16:24.767+0000] {get_data.py:133} INFO - Opened bill from file /opt/***/dags/data/bills/hr/BILLSTATUS-118hr6976.json
[2024-04-11T04:16:25.206+0000] {logging_mixin.py:188} INFO - An exception occurred 'rollcall-vote' Failed to save one or more votes for {bill_type} {bill_number}
[2024-04-11T04:16:25.641+0000] {logging_mixin.py:188} INFO - An exception occurred 'rollcall-vote' Failed to save one or more votes for {bill_type} {bill_number}
[2024-04-11T04:16:25.994+0000] {logging_mixin.py:188} INFO - An exception occurred 'rollcall-vote' Failed to save one or more votes for {bill_type} {bill_number}
[2024-04-11T04:16:26.390+0000] {logging_mixin.py:188} INFO - An exception occurred 'rollcall-vote' Failed to save one or more votes for {bill_type} {bill_number}
[2024-04-11T04:16:26.398+0000] {get_data.py:133} INFO - Opened bill from file /opt/***/dags/data/bills/hr/BILLSTATUS-118hr3774.json
[2024-04-11T04:16:27.462+0000] {get_data.py:133} INFO - Opened bill from file /opt/***/dags/data/bills/hr/BILLSTATUS-118hr6126.json
[2024-04-11T04:16:28.850+0000] {get_data.py:133} INFO - Opened bill from file /opt/***/dags/data/bills/hr/BILLSTATUS-118hr467.json
[2024-04-11T04:16:30.602+0000] {get_data.py:133} INFO - Opened bill from file /opt/***/dags/data/bills/hr/BILLSTATUS-118hr3324.json
[2024-04-11T04:16:31.347+0000] {get_data.py:133} INFO - Opened bill from file /opt/***/dags/data/bills/hr/BILLSTATUS-118hr5862.json
[2024-04-11T04:16:31.794+0000] {logging_mixin.py:188} INFO - An exception occurred 'rollcall-vote' Failed to save one or more votes for {bill_type} {bill_number}
[2024-04-11T04:16:31.985+0000] {logging_mixin.py:188} INFO - An exception occurred 'rollcall-vote' Failed to save one or more votes for {bill_type} {bill_number}
[2024-04-11T04:16:32.201+0000] {logging_mixin.py:188} INFO - An exception occurred 'rollcall-vote' Failed to save one or more votes for {bill_type} {bill_number}
[2024-04-11T04:16:32.692+0000] {logging_mixin.py:188} INFO - An exception occurred 'rollcall-vote' Failed to save one or more votes for {bill_type} {bill_number}
[2024-04-11T04:16:32.697+0000] {get_data.py:133} INFO - Opened bill from file /opt/***/dags/data/bills/hr/BILLSTATUS-118hr1123.json
[2024-04-11T04:16:33.184+0000] {get_data.py:133} INFO - Opened bill from file /opt/***/dags/data/bills/hr/BILLSTATUS-118hr1836.json
[2024-04-11T04:16:33.372+0000] {logging_mixin.py:188} INFO - An exception occurred 'rollcall-vote' Failed to save one or more votes for {bill_type} {bill_number}
[2024-04-11T04:16:33.525+0000] {logging_mixin.py:188} INFO - An exception occurred 'rollcall-vote' Failed to save one or more votes for {bill_type} {bill_number}
[2024-04-11T04:16:33.530+0000] {get_data.py:133} INFO - Opened bill from file /opt/***/dags/data/bills/hr/BILLSTATUS-118hr3935.json
[2024-04-11T04:16:35.023+0000] {get_data.py:133} INFO - Opened bill from file /opt/***/dags/data/bills/hr/BILLSTATUS-118hr2670.json
[2024-04-11T04:16:42.776+0000] {get_data.py:133} INFO - Opened bill from file /opt/***/dags/data/bills/hr/BILLSTATUS-118hr2365.json
[2024-04-11T04:16:43.174+0000] {get_data.py:133} INFO - Opened bill from file /opt/***/dags/data/bills/hr/BILLSTATUS-118hr1226.json
[2024-04-11T04:16:43.548+0000] {get_data.py:133} INFO - Opened bill from file /opt/***/dags/data/bills/hr/BILLSTATUS-118hr4531.json
[2024-04-11T04:16:43.949+0000] {get_data.py:133} INFO - Opened bill from file /opt/***/dags/data/bills/hr/BILLSTATUS-118hr734.json
[2024-04-11T04:16:44.570+0000] {get_data.py:133} INFO - Opened bill from file /opt/***/dags/data/bills/hr/BILLSTATUS-118hr7521.json
[2024-04-11T04:16:44.734+0000] {logging_mixin.py:188} INFO - An exception occurred 'rollcall-vote' Failed to save one or more votes for {bill_type} {bill_number}
[2024-04-11T04:16:45.031+0000] {logging_mixin.py:188} INFO - An exception occurred 'rollcall-vote' Failed to save one or more votes for {bill_type} {bill_number}
[2024-04-11T04:16:45.035+0000] {get_data.py:133} INFO - Opened bill from file /opt/***/dags/data/bills/hr/BILLSTATUS-118hr5.json
[2024-04-11T04:16:45.663+0000] {get_data.py:133} INFO - Opened bill from file /opt/***/dags/data/bills/hr/BILLSTATUS-118hr3391.json
[2024-04-11T04:16:45.840+0000] {logging_mixin.py:188} INFO - An exception occurred 'rollcall-vote' Failed to save one or more votes for {bill_type} {bill_number}
[2024-04-11T04:16:46.031+0000] {logging_mixin.py:188} INFO - An exception occurred 'rollcall-vote' Failed to save one or more votes for {bill_type} {bill_number}
[2024-04-11T04:16:46.230+0000] {logging_mixin.py:188} INFO - An exception occurred 'rollcall-vote' Failed to save one or more votes for {bill_type} {bill_number}
[2024-04-11T04:16:46.375+0000] {logging_mixin.py:188} INFO - An exception occurred 'rollcall-vote' Failed to save one or more votes for {bill_type} {bill_number}
[2024-04-11T04:16:46.378+0000] {get_data.py:133} INFO - Opened bill from file /opt/***/dags/data/bills/hr/BILLSTATUS-118hr2754.json
[2024-04-11T04:16:46.551+0000] {logging_mixin.py:188} INFO - An exception occurred 'rollcall-vote' Failed to save one or more votes for {bill_type} {bill_number}
[2024-04-11T04:16:46.737+0000] {logging_mixin.py:188} INFO - An exception occurred 'rollcall-vote' Failed to save one or more votes for {bill_type} {bill_number}
[2024-04-11T04:16:46.923+0000] {logging_mixin.py:188} INFO - An exception occurred 'rollcall-vote' Failed to save one or more votes for {bill_type} {bill_number}
[2024-04-11T04:16:47.137+0000] {logging_mixin.py:188} INFO - An exception occurred 'rollcall-vote' Failed to save one or more votes for {bill_type} {bill_number}
[2024-04-11T04:16:47.142+0000] {get_data.py:133} INFO - Opened bill from file /opt/***/dags/data/bills/hr/BILLSTATUS-118hr485.json
[2024-04-11T04:16:47.319+0000] {logging_mixin.py:188} INFO - An exception occurred 'rollcall-vote' Failed to save one or more votes for {bill_type} {bill_number}
[2024-04-11T04:16:47.481+0000] {logging_mixin.py:188} INFO - An exception occurred 'rollcall-vote' Failed to save one or more votes for {bill_type} {bill_number}
[2024-04-11T04:16:47.733+0000] {logging_mixin.py:188} INFO - An exception occurred 'rollcall-vote' Failed to save one or more votes for {bill_type} {bill_number}
[2024-04-11T04:16:47.980+0000] {logging_mixin.py:188} INFO - An exception occurred 'rollcall-vote' Failed to save one or more votes for {bill_type} {bill_number}
[2024-04-11T04:16:48.193+0000] {logging_mixin.py:188} INFO - An exception occurred 'rollcall-vote' Failed to save one or more votes for {bill_type} {bill_number}
[2024-04-11T04:16:48.389+0000] {logging_mixin.py:188} INFO - An exception occurred 'rollcall-vote' Failed to save one or more votes for {bill_type} {bill_number}
[2024-04-11T04:16:48.391+0000] {get_data.py:133} INFO - Opened bill from file /opt/***/dags/data/bills/hr/BILLSTATUS-118hr1752.json
[2024-04-11T04:16:48.602+0000] {logging_mixin.py:188} INFO - An exception occurred 'rollcall-vote' Failed to save one or more votes for {bill_type} {bill_number}
[2024-04-11T04:16:48.899+0000] {logging_mixin.py:188} INFO - An exception occurred 'rollcall-vote' Failed to save one or more votes for {bill_type} {bill_number}
[2024-04-11T04:16:48.906+0000] {get_data.py:133} INFO - Opened bill from file /opt/***/dags/data/bills/hr/BILLSTATUS-118hr1093.json
[2024-04-11T04:16:49.349+0000] {get_data.py:133} INFO - Opened bill from file /opt/***/dags/data/bills/hr/BILLSTATUS-118hr1640.json
[2024-04-11T04:16:49.869+0000] {get_data.py:133} INFO - Opened bill from file /opt/***/dags/data/bills/hr/BILLSTATUS-118hr3981.json
[2024-04-11T04:16:50.421+0000] {get_data.py:133} INFO - Opened bill from file /opt/***/dags/data/bills/hr/BILLSTATUS-118hr542.json
[2024-04-11T04:16:51.598+0000] {get_data.py:133} INFO - Opened bill from file /opt/***/dags/data/bills/hr/BILLSTATUS-118hr22.json
[2024-04-11T04:16:52.235+0000] {logging_mixin.py:188} INFO - An exception occurred 'rollcall-vote' Failed to save one or more votes for {bill_type} {bill_number}
[2024-04-11T04:16:52.744+0000] {logging_mixin.py:188} INFO - An exception occurred 'rollcall-vote' Failed to save one or more votes for {bill_type} {bill_number}
[2024-04-11T04:16:52.750+0000] {get_data.py:133} INFO - Opened bill from file /opt/***/dags/data/bills/hr/BILLSTATUS-118hr2797.json
[2024-04-11T04:16:53.675+0000] {get_data.py:133} INFO - Opened bill from file /opt/***/dags/data/bills/hr/BILLSTATUS-118hr1154.json
[2024-04-11T04:16:54.953+0000] {get_data.py:133} INFO - Opened bill from file /opt/***/dags/data/bills/hr/BILLSTATUS-118hr1338.json
[2024-04-11T04:16:56.323+0000] {get_data.py:133} INFO - Opened bill from file /opt/***/dags/data/bills/hr/BILLSTATUS-118hr2.json
[2024-04-11T04:16:58.106+0000] {get_data.py:133} INFO - Opened bill from file /opt/***/dags/data/bills/hr/BILLSTATUS-118hr7463.json
[2024-04-11T04:17:24.061+0000] {logging_mixin.py:188} INFO - An exception occurred 'rollcall-vote' Failed to save one or more votes for {bill_type} {bill_number}
[2024-04-11T04:17:24.692+0000] {logging_mixin.py:188} INFO - An exception occurred 'rollcall-vote' Failed to save one or more votes for {bill_type} {bill_number}
[2024-04-11T04:17:25.294+0000] {logging_mixin.py:188} INFO - An exception occurred 'rollcall-vote' Failed to save one or more votes for {bill_type} {bill_number}
[2024-04-11T04:17:25.682+0000] {logging_mixin.py:188} INFO - An exception occurred 'rollcall-vote' Failed to save one or more votes for {bill_type} {bill_number}
[2024-04-11T04:17:25.693+0000] {get_data.py:133} INFO - Opened bill from file /opt/***/dags/data/bills/hr/BILLSTATUS-118hr676.json
[2024-04-11T04:17:27.479+0000] {get_data.py:133} INFO - Opened bill from file /opt/***/dags/data/bills/hr/BILLSTATUS-118hr7176.json
[2024-04-11T04:17:27.901+0000] {logging_mixin.py:188} INFO - An exception occurred 'rollcall-vote' Failed to save one or more votes for {bill_type} {bill_number}
[2024-04-11T04:17:28.290+0000] {logging_mixin.py:188} INFO - An exception occurred 'rollcall-vote' Failed to save one or more votes for {bill_type} {bill_number}
[2024-04-11T04:17:28.558+0000] {logging_mixin.py:188} INFO - An exception occurred 'rollcall-vote' Failed to save one or more votes for {bill_type} {bill_number}
[2024-04-11T04:17:28.909+0000] {logging_mixin.py:188} INFO - An exception occurred 'rollcall-vote' Failed to save one or more votes for {bill_type} {bill_number}
[2024-04-11T04:17:29.179+0000] {logging_mixin.py:188} INFO - An exception occurred 'rollcall-vote' Failed to save one or more votes for {bill_type} {bill_number}
[2024-04-11T04:17:29.392+0000] {logging_mixin.py:188} INFO - An exception occurred 'rollcall-vote' Failed to save one or more votes for {bill_type} {bill_number}
[2024-04-11T04:17:29.394+0000] {get_data.py:133} INFO - Opened bill from file /opt/***/dags/data/bills/hr/BILLSTATUS-118hr1734.json
[2024-04-11T04:17:29.909+0000] {get_data.py:133} INFO - Opened bill from file /opt/***/dags/data/bills/hr/BILLSTATUS-118hr3089.json
[2024-04-11T04:17:30.799+0000] {get_data.py:133} INFO - Opened bill from file /opt/***/dags/data/bills/hr/BILLSTATUS-118hr288.json
[2024-04-11T04:17:32.478+0000] {get_data.py:133} INFO - Opened bill from file /opt/***/dags/data/bills/hr/BILLSTATUS-118hr1149.json
[2024-04-11T04:17:33.415+0000] {get_data.py:133} INFO - Opened bill from file /opt/***/dags/data/bills/hr/BILLSTATUS-118hr359.json
[2024-04-11T04:17:34.928+0000] {get_data.py:133} INFO - Opened bill from file /opt/***/dags/data/bills/hr/BILLSTATUS-118hr4367.json
[2024-04-11T04:17:36.478+0000] {get_data.py:133} INFO - Opened bill from file /opt/***/dags/data/bills/hr/BILLSTATUS-118hr4664.json
[2024-04-11T04:17:36.480+0000] {get_data.py:133} INFO - Opened bill from file /opt/***/dags/data/bills/hr/BILLSTATUS-118hr6679.json
[2024-04-11T04:17:36.797+0000] {logging_mixin.py:188} INFO - An exception occurred 'rollcall-vote' Failed to save one or more votes for {bill_type} {bill_number}
[2024-04-11T04:17:37.007+0000] {logging_mixin.py:188} INFO - An exception occurred 'rollcall-vote' Failed to save one or more votes for {bill_type} {bill_number}
[2024-04-11T04:17:37.360+0000] {logging_mixin.py:188} INFO - An exception occurred 'rollcall-vote' Failed to save one or more votes for {bill_type} {bill_number}
[2024-04-11T04:17:37.910+0000] {logging_mixin.py:188} INFO - An exception occurred 'rollcall-vote' Failed to save one or more votes for {bill_type} {bill_number}
[2024-04-11T04:17:37.916+0000] {get_data.py:133} INFO - Opened bill from file /opt/***/dags/data/bills/hr/BILLSTATUS-118hr5110.json
[2024-04-11T04:17:38.647+0000] {get_data.py:133} INFO - Opened bill from file /opt/***/dags/data/bills/hr/BILLSTATUS-118hr400.json
[2024-04-11T04:17:38.869+0000] {logging_mixin.py:188} INFO - An exception occurred 'rollcall-vote' Failed to save one or more votes for {bill_type} {bill_number}
[2024-04-11T04:17:39.109+0000] {logging_mixin.py:188} INFO - An exception occurred 'rollcall-vote' Failed to save one or more votes for {bill_type} {bill_number}
[2024-04-11T04:17:39.111+0000] {get_data.py:133} INFO - Opened bill from file /opt/***/dags/data/bills/hr/BILLSTATUS-118hr139.json
[2024-04-11T04:17:39.465+0000] {get_data.py:133} INFO - Opened bill from file /opt/***/dags/data/bills/hr/BILLSTATUS-118hr302.json
[2024-04-11T04:17:39.822+0000] {get_data.py:133} INFO - Opened bill from file /opt/***/dags/data/bills/hr/BILLSTATUS-118hr1606.json
[2024-04-11T04:17:40.145+0000] {get_data.py:133} INFO - Opened bill from file /opt/***/dags/data/bills/hr/BILLSTATUS-118hr6655.json
[2024-04-11T04:17:40.472+0000] {get_data.py:133} INFO - Opened bill from file /opt/***/dags/data/bills/hr/BILLSTATUS-118hr1715.json
[2024-04-11T04:17:40.860+0000] {get_data.py:133} INFO - Opened bill from file /opt/***/dags/data/bills/hr/BILLSTATUS-118hr2494.json
[2024-04-11T04:17:41.227+0000] {get_data.py:133} INFO - Opened bill from file /opt/***/dags/data/bills/hr/BILLSTATUS-118hr2882.json
[2024-04-11T04:17:45.185+0000] {logging_mixin.py:188} INFO - An exception occurred 'rollcall-vote' Failed to save one or more votes for {bill_type} {bill_number}
[2024-04-11T04:17:45.345+0000] {logging_mixin.py:188} INFO - An exception occurred 'rollcall-vote' Failed to save one or more votes for {bill_type} {bill_number}
[2024-04-11T04:17:45.520+0000] {logging_mixin.py:188} INFO - An exception occurred 'rollcall-vote' Failed to save one or more votes for {bill_type} {bill_number}
[2024-04-11T04:17:45.751+0000] {logging_mixin.py:188} INFO - An exception occurred 'rollcall-vote' Failed to save one or more votes for {bill_type} {bill_number}
[2024-04-11T04:17:45.758+0000] {get_data.py:133} INFO - Opened bill from file /opt/***/dags/data/bills/hr/BILLSTATUS-118hr1607.json
[2024-04-11T04:17:46.199+0000] {get_data.py:133} INFO - Opened bill from file /opt/***/dags/data/bills/hr/BILLSTATUS-118hr753.json
[2024-04-11T04:17:46.589+0000] {get_data.py:133} INFO - Opened bill from file /opt/***/dags/data/bills/hr/BILLSTATUS-118hr7511.json
[2024-04-11T04:17:46.749+0000] {logging_mixin.py:188} INFO - An exception occurred 'rollcall-vote' Failed to save one or more votes for {bill_type} {bill_number}
[2024-04-11T04:17:46.961+0000] {logging_mixin.py:188} INFO - An exception occurred 'rollcall-vote' Failed to save one or more votes for {bill_type} {bill_number}
[2024-04-11T04:17:46.963+0000] {get_data.py:133} INFO - Opened bill from file /opt/***/dags/data/bills/hr/BILLSTATUS-118hr7454.json
[2024-04-11T04:17:47.113+0000] {logging_mixin.py:188} INFO - An exception occurred 'rollcall-vote' Failed to save one or more votes for {bill_type} {bill_number}
[2024-04-11T04:17:47.305+0000] {logging_mixin.py:188} INFO - An exception occurred 'rollcall-vote' Failed to save one or more votes for {bill_type} {bill_number}
[2024-04-11T04:17:47.624+0000] {logging_mixin.py:188} INFO - An exception occurred 'rollcall-vote' Failed to save one or more votes for {bill_type} {bill_number}
[2024-04-11T04:17:47.910+0000] {logging_mixin.py:188} INFO - An exception occurred 'rollcall-vote' Failed to save one or more votes for {bill_type} {bill_number}
[2024-04-11T04:17:47.911+0000] {get_data.py:133} INFO - Opened bill from file /opt/***/dags/data/bills/hr/BILLSTATUS-118hr1353.json
[2024-04-11T04:17:48.528+0000] {get_data.py:133} INFO - Opened bill from file /opt/***/dags/data/bills/hr/BILLSTATUS-118hr4468.json
[2024-04-11T04:17:49.108+0000] {get_data.py:133} INFO - Opened bill from file /opt/***/dags/data/bills/hr/BILLSTATUS-118hr2379.json
[2024-04-11T04:17:49.456+0000] {get_data.py:133} INFO - Opened bill from file /opt/***/dags/data/bills/hr/BILLSTATUS-118hr1105.json
[2024-04-11T04:17:49.838+0000] {get_data.py:133} INFO - Opened bill from file /opt/***/dags/data/bills/hr/BILLSTATUS-118hr6678.json
[2024-04-11T04:17:49.990+0000] {logging_mixin.py:188} INFO - An exception occurred 'rollcall-vote' Failed to save one or more votes for {bill_type} {bill_number}
[2024-04-11T04:17:50.167+0000] {logging_mixin.py:188} INFO - An exception occurred 'rollcall-vote' Failed to save one or more votes for {bill_type} {bill_number}
[2024-04-11T04:17:50.321+0000] {logging_mixin.py:188} INFO - An exception occurred 'rollcall-vote' Failed to save one or more votes for {bill_type} {bill_number}
[2024-04-11T04:17:50.483+0000] {logging_mixin.py:188} INFO - An exception occurred 'rollcall-vote' Failed to save one or more votes for {bill_type} {bill_number}
[2024-04-11T04:17:50.490+0000] {get_data.py:133} INFO - Opened bill from file /opt/***/dags/data/bills/hr/BILLSTATUS-118hr4665.json
[2024-04-11T04:17:51.075+0000] {get_data.py:133} INFO - Opened bill from file /opt/***/dags/data/bills/hr/BILLSTATUS-118hr533.json
[2024-04-11T04:17:51.314+0000] {logging_mixin.py:188} INFO - An exception occurred 'rollcall-vote' Failed to save one or more votes for {bill_type} {bill_number}
[2024-04-11T04:17:51.463+0000] {logging_mixin.py:188} INFO - An exception occurred 'rollcall-vote' Failed to save one or more votes for {bill_type} {bill_number}
[2024-04-11T04:17:51.644+0000] {logging_mixin.py:188} INFO - An exception occurred 'rollcall-vote' Failed to save one or more votes for {bill_type} {bill_number}
[2024-04-11T04:17:51.905+0000] {logging_mixin.py:188} INFO - An exception occurred 'rollcall-vote' Failed to save one or more votes for {bill_type} {bill_number}
[2024-04-11T04:17:51.907+0000] {get_data.py:133} INFO - Opened bill from file /opt/***/dags/data/bills/hr/BILLSTATUS-118hr4366.json
[2024-04-11T04:17:56.191+0000] {get_data.py:133} INFO - Opened bill from file /opt/***/dags/data/bills/hr/BILLSTATUS-118hr5961.json
[2024-04-11T04:17:56.644+0000] {get_data.py:133} INFO - Opened bill from file /opt/***/dags/data/bills/hr/BILLSTATUS-118hr1076.json
[2024-04-11T04:17:57.053+0000] {get_data.py:133} INFO - Opened bill from file /opt/***/dags/data/bills/hr/BILLSTATUS-118hr6009.json
[2024-04-11T04:17:57.278+0000] {logging_mixin.py:188} INFO - An exception occurred 'rollcall-vote' Failed to save one or more votes for {bill_type} {bill_number}
[2024-04-11T04:17:57.428+0000] {logging_mixin.py:188} INFO - An exception occurred 'rollcall-vote' Failed to save one or more votes for {bill_type} {bill_number}
[2024-04-11T04:17:57.648+0000] {logging_mixin.py:188} INFO - An exception occurred 'rollcall-vote' Failed to save one or more votes for {bill_type} {bill_number}
[2024-04-11T04:17:57.660+0000] {get_data.py:133} INFO - Opened bill from file /opt/***/dags/data/bills/hr/BILLSTATUS-118hr7024.json
[2024-04-11T04:17:57.845+0000] {logging_mixin.py:188} INFO - An exception occurred 'rollcall-vote' Failed to save one or more votes for {bill_type} {bill_number}
[2024-04-11T04:17:58.017+0000] {logging_mixin.py:188} INFO - An exception occurred 'rollcall-vote' Failed to save one or more votes for {bill_type} {bill_number}
[2024-04-11T04:17:58.187+0000] {logging_mixin.py:188} INFO - An exception occurred 'rollcall-vote' Failed to save one or more votes for {bill_type} {bill_number}
[2024-04-11T04:17:58.369+0000] {logging_mixin.py:188} INFO - An exception occurred 'rollcall-vote' Failed to save one or more votes for {bill_type} {bill_number}
[2024-04-11T04:17:58.372+0000] {get_data.py:133} INFO - Opened bill from file /opt/***/dags/data/bills/hr/BILLSTATUS-118hr3821.json
[2024-04-11T04:17:58.544+0000] {logging_mixin.py:188} INFO - An exception occurred 'rollcall-vote' Failed to save one or more votes for {bill_type} {bill_number}
[2024-04-11T04:17:58.746+0000] {logging_mixin.py:188} INFO - An exception occurred 'rollcall-vote' Failed to save one or more votes for {bill_type} {bill_number}
[2024-04-11T04:17:58.949+0000] {logging_mixin.py:188} INFO - An exception occurred 'rollcall-vote' Failed to save one or more votes for {bill_type} {bill_number}
[2024-04-11T04:17:59.141+0000] {logging_mixin.py:188} INFO - An exception occurred 'rollcall-vote' Failed to save one or more votes for {bill_type} {bill_number}
[2024-04-11T04:17:59.144+0000] {get_data.py:133} INFO - Opened bill from file /opt/***/dags/data/bills/hr/BILLSTATUS-118hr3564.json
[2024-04-11T04:17:59.653+0000] {get_data.py:133} INFO - Opened bill from file /opt/***/dags/data/bills/hr/BILLSTATUS-118hr159.json
[2024-04-11T04:17:59.882+0000] {logging_mixin.py:188} INFO - An exception occurred 'rollcall-vote' Failed to save one or more votes for {bill_type} {bill_number}
[2024-04-11T04:18:00.092+0000] {logging_mixin.py:188} INFO - An exception occurred 'rollcall-vote' Failed to save one or more votes for {bill_type} {bill_number}
[2024-04-11T04:18:00.096+0000] {get_data.py:133} INFO - Opened bill from file /opt/***/dags/data/bills/hr/BILLSTATUS-118hr4723.json
[2024-04-11T04:18:00.280+0000] {logging_mixin.py:188} INFO - An exception occurred 'rollcall-vote' Failed to save one or more votes for {bill_type} {bill_number}
[2024-04-11T04:18:00.499+0000] {logging_mixin.py:188} INFO - An exception occurred 'rollcall-vote' Failed to save one or more votes for {bill_type} {bill_number}
[2024-04-11T04:18:00.508+0000] {get_data.py:133} INFO - Opened bill from file /opt/***/dags/data/bills/hr/BILLSTATUS-118hr4365.json
[2024-04-11T04:18:01.608+0000] {get_data.py:133} INFO - Opened bill from file /opt/***/dags/data/bills/hr/BILLSTATUS-118hr3224.json
[2024-04-11T04:18:02.090+0000] {get_data.py:133} INFO - Opened bill from file /opt/***/dags/data/bills/hr/BILLSTATUS-118hr662.json
[2024-04-11T04:18:02.790+0000] {get_data.py:133} INFO - Opened bill from file /opt/***/dags/data/bills/hr/BILLSTATUS-118hr3843.json
[2024-04-11T04:18:03.173+0000] {logging_mixin.py:188} INFO - An exception occurred 'rollcall-vote' Failed to save one or more votes for {bill_type} {bill_number}
[2024-04-11T04:18:03.408+0000] {logging_mixin.py:188} INFO - An exception occurred 'rollcall-vote' Failed to save one or more votes for {bill_type} {bill_number}
[2024-04-11T04:18:03.612+0000] {logging_mixin.py:188} INFO - An exception occurred 'rollcall-vote' Failed to save one or more votes for {bill_type} {bill_number}
[2024-04-11T04:18:03.802+0000] {logging_mixin.py:188} INFO - An exception occurred 'rollcall-vote' Failed to save one or more votes for {bill_type} {bill_number}
[2024-04-11T04:18:03.807+0000] {get_data.py:133} INFO - Opened bill from file /opt/***/dags/data/bills/hr/BILLSTATUS-118hr300.json
[2024-04-11T04:18:03.975+0000] {logging_mixin.py:188} INFO - An exception occurred 'rollcall-vote' Failed to save one or more votes for {bill_type} {bill_number}
[2024-04-11T04:18:04.182+0000] {logging_mixin.py:188} INFO - An exception occurred 'rollcall-vote' Failed to save one or more votes for {bill_type} {bill_number}
[2024-04-11T04:18:04.189+0000] {get_data.py:133} INFO - Opened bill from file /opt/***/dags/data/bills/hr/BILLSTATUS-118hr357.json
[2024-04-11T04:18:04.818+0000] {get_data.py:133} INFO - Opened bill from file /opt/***/dags/data/bills/hr/BILLSTATUS-118hr1096.json
[2024-04-11T04:18:05.226+0000] {get_data.py:133} INFO - Opened bill from file /opt/***/dags/data/bills/hr/BILLSTATUS-118hr4502.json
[2024-04-11T04:18:05.636+0000] {get_data.py:133} INFO - Opened bill from file /opt/***/dags/data/bills/hr/BILLSTATUS-118hr1147.json
[2024-04-11T04:18:06.054+0000] {get_data.py:133} INFO - Opened bill from file /opt/***/dags/data/bills/hr/BILLSTATUS-118hr5692.json
[2024-04-11T04:18:06.478+0000] {get_data.py:133} INFO - Opened bill from file /opt/***/dags/data/bills/hr/BILLSTATUS-118hr6544.json
[2024-04-11T04:18:06.637+0000] {logging_mixin.py:188} INFO - An exception occurred 'rollcall-vote' Failed to save one or more votes for {bill_type} {bill_number}
[2024-04-11T04:18:06.805+0000] {logging_mixin.py:188} INFO - An exception occurred 'rollcall-vote' Failed to save one or more votes for {bill_type} {bill_number}
[2024-04-11T04:18:06.962+0000] {logging_mixin.py:188} INFO - An exception occurred 'rollcall-vote' Failed to save one or more votes for {bill_type} {bill_number}
[2024-04-11T04:18:07.142+0000] {logging_mixin.py:188} INFO - An exception occurred 'rollcall-vote' Failed to save one or more votes for {bill_type} {bill_number}
[2024-04-11T04:18:07.146+0000] {get_data.py:133} INFO - Opened bill from file /opt/***/dags/data/bills/hr/BILLSTATUS-118hr3746.json
[2024-04-11T04:18:08.188+0000] {get_data.py:133} INFO - Opened bill from file /opt/***/dags/data/bills/hr/BILLSTATUS-118hr140.json
[2024-04-11T04:18:08.759+0000] {get_data.py:133} INFO - Opened bill from file /opt/***/dags/data/bills/hr/BILLSTATUS-118hr1669.json
[2024-04-11T04:18:09.118+0000] {get_data.py:133} INFO - Opened bill from file /opt/***/dags/data/bills/hr/BILLSTATUS-118hr3091.json
[2024-04-11T04:18:09.528+0000] {get_data.py:133} INFO - Opened bill from file /opt/***/dags/data/bills/hr/BILLSTATUS-118hr382.json
[2024-04-11T04:18:10.032+0000] {logging_mixin.py:188} INFO - An exception occurred 'rollcall-vote' Failed to save one or more votes for {bill_type} {bill_number}
[2024-04-11T04:18:10.036+0000] {get_data.py:133} INFO - Opened bill from file /opt/***/dags/data/bills/hr/BILLSTATUS-118hr3838.json
[2024-04-11T04:18:10.183+0000] {logging_mixin.py:188} INFO - An exception occurred 'rollcall-vote' Failed to save one or more votes for {bill_type} {bill_number}
[2024-04-11T04:18:10.389+0000] {logging_mixin.py:188} INFO - An exception occurred 'rollcall-vote' Failed to save one or more votes for {bill_type} {bill_number}
[2024-04-11T04:18:10.534+0000] {logging_mixin.py:188} INFO - An exception occurred 'rollcall-vote' Failed to save one or more votes for {bill_type} {bill_number}
[2024-04-11T04:18:10.758+0000] {logging_mixin.py:188} INFO - An exception occurred 'rollcall-vote' Failed to save one or more votes for {bill_type} {bill_number}
[2024-04-11T04:18:10.760+0000] {get_data.py:133} INFO - Opened bill from file /opt/***/dags/data/bills/hr/BILLSTATUS-118hr5283.json
[2024-04-11T04:18:11.240+0000] {get_data.py:133} INFO - Opened bill from file /opt/***/dags/data/bills/hr/BILLSTATUS-118hr1151.json
[2024-04-11T04:18:11.867+0000] {get_data.py:133} INFO - Opened bill from file /opt/***/dags/data/bills/hr/BILLSTATUS-118hr2792.json
[2024-04-11T04:18:12.413+0000] {get_data.py:133} INFO - Opened bill from file /opt/***/dags/data/bills/hr/BILLSTATUS-118hr443.json
[2024-04-11T04:18:12.625+0000] {logging_mixin.py:188} INFO - An exception occurred 'rollcall-vote' Failed to save one or more votes for {bill_type} {bill_number}
[2024-04-11T04:18:12.828+0000] {logging_mixin.py:188} INFO - An exception occurred 'rollcall-vote' Failed to save one or more votes for {bill_type} {bill_number}
[2024-04-11T04:18:13.114+0000] {logging_mixin.py:188} INFO - An exception occurred 'rollcall-vote' Failed to save one or more votes for {bill_type} {bill_number}
[2024-04-11T04:18:13.316+0000] {logging_mixin.py:188} INFO - An exception occurred 'rollcall-vote' Failed to save one or more votes for {bill_type} {bill_number}
[2024-04-11T04:18:13.319+0000] {get_data.py:133} INFO - Opened bill from file /opt/***/dags/data/bills/hr/BILLSTATUS-118hr2793.json
[2024-04-11T04:18:13.859+0000] {get_data.py:133} INFO - Opened bill from file /opt/***/dags/data/bills/hr/BILLSTATUS-118hr1107.json
[2024-04-11T04:18:14.365+0000] {get_data.py:133} INFO - Opened bill from file /opt/***/dags/data/bills/hr/BILLSTATUS-118hr26.json
[2024-04-11T04:18:14.526+0000] {logging_mixin.py:188} INFO - An exception occurred 'rollcall-vote' Failed to save one or more votes for {bill_type} {bill_number}
[2024-04-11T04:18:14.744+0000] {logging_mixin.py:188} INFO - An exception occurred 'rollcall-vote' Failed to save one or more votes for {bill_type} {bill_number}
[2024-04-11T04:18:14.968+0000] {logging_mixin.py:188} INFO - An exception occurred 'rollcall-vote' Failed to save one or more votes for {bill_type} {bill_number}
[2024-04-11T04:18:14.975+0000] {get_data.py:133} INFO - Opened bill from file /opt/***/dags/data/bills/hr/BILLSTATUS-118hr815.json
[2024-04-11T04:18:18.452+0000] {get_data.py:133} INFO - Opened bill from file /opt/***/dags/data/bills/hr/BILLSTATUS-118hr839.json
[2024-04-11T04:18:18.626+0000] {logging_mixin.py:188} INFO - An exception occurred 'rollcall-vote' Failed to save one or more votes for {bill_type} {bill_number}
[2024-04-11T04:18:18.776+0000] {logging_mixin.py:188} INFO - An exception occurred 'rollcall-vote' Failed to save one or more votes for {bill_type} {bill_number}
[2024-04-11T04:18:18.968+0000] {logging_mixin.py:188} INFO - An exception occurred 'rollcall-vote' Failed to save one or more votes for {bill_type} {bill_number}
[2024-04-11T04:18:19.168+0000] {logging_mixin.py:188} INFO - An exception occurred 'rollcall-vote' Failed to save one or more votes for {bill_type} {bill_number}
[2024-04-11T04:18:19.176+0000] {get_data.py:133} INFO - Opened bill from file /opt/***/dags/data/bills/hr/BILLSTATUS-118hr497.json
[2024-04-11T04:18:19.385+0000] {logging_mixin.py:188} INFO - An exception occurred 'rollcall-vote' Failed to save one or more votes for {bill_type} {bill_number}
[2024-04-11T04:18:19.537+0000] {logging_mixin.py:188} INFO - An exception occurred 'rollcall-vote' Failed to save one or more votes for {bill_type} {bill_number}
[2024-04-11T04:18:19.702+0000] {logging_mixin.py:188} INFO - An exception occurred 'rollcall-vote' Failed to save one or more votes for {bill_type} {bill_number}
[2024-04-11T04:18:19.708+0000] {get_data.py:133} INFO - Opened bill from file /opt/***/dags/data/bills/hr/BILLSTATUS-118hr4368.json
[2024-04-11T04:18:20.634+0000] {get_data.py:133} INFO - Opened bill from file /opt/***/dags/data/bills/hr/BILLSTATUS-118hr7102.json
[2024-04-11T04:18:20.860+0000] {logging_mixin.py:188} INFO - An exception occurred 'rollcall-vote' Failed to save one or more votes for {bill_type} {bill_number}
[2024-04-11T04:18:21.033+0000] {logging_mixin.py:188} INFO - An exception occurred 'rollcall-vote' Failed to save one or more votes for {bill_type} {bill_number}
[2024-04-11T04:18:21.250+0000] {logging_mixin.py:188} INFO - An exception occurred 'rollcall-vote' Failed to save one or more votes for {bill_type} {bill_number}
[2024-04-11T04:18:21.438+0000] {logging_mixin.py:188} INFO - An exception occurred 'rollcall-vote' Failed to save one or more votes for {bill_type} {bill_number}
[2024-04-11T04:18:21.443+0000] {get_data.py:133} INFO - Opened bill from file /opt/***/dags/data/bills/hr/BILLSTATUS-118hr593.json
[2024-04-11T04:18:21.886+0000] {get_data.py:133} INFO - Opened bill from file /opt/***/dags/data/bills/hr/BILLSTATUS-118hr340.json
[2024-04-11T04:18:22.253+0000] {get_data.py:133} INFO - Opened bill from file /opt/***/dags/data/bills/hr/BILLSTATUS-118hr788.json
[2024-04-11T04:18:22.411+0000] {logging_mixin.py:188} INFO - An exception occurred 'rollcall-vote' Failed to save one or more votes for {bill_type} {bill_number}
[2024-04-11T04:18:22.562+0000] {logging_mixin.py:188} INFO - An exception occurred 'rollcall-vote' Failed to save one or more votes for {bill_type} {bill_number}
[2024-04-11T04:18:22.754+0000] {logging_mixin.py:188} INFO - An exception occurred 'rollcall-vote' Failed to save one or more votes for {bill_type} {bill_number}
[2024-04-11T04:18:22.929+0000] {logging_mixin.py:188} INFO - An exception occurred 'rollcall-vote' Failed to save one or more votes for {bill_type} {bill_number}
[2024-04-11T04:18:23.162+0000] {logging_mixin.py:188} INFO - An exception occurred 'rollcall-vote' Failed to save one or more votes for {bill_type} {bill_number}
[2024-04-11T04:18:23.349+0000] {logging_mixin.py:188} INFO - An exception occurred 'rollcall-vote' Failed to save one or more votes for {bill_type} {bill_number}
[2024-04-11T04:18:23.351+0000] {get_data.py:133} INFO - Opened bill from file /opt/***/dags/data/bills/hr/BILLSTATUS-118hr6363.json
[2024-04-11T04:18:24.439+0000] {get_data.py:133} INFO - Opened bill from file /opt/***/dags/data/bills/hr/BILLSTATUS-118hr1.json
[2024-04-11T04:18:25.044+0000] {get_data.py:133} INFO - Opened bill from file /opt/***/dags/data/bills/hr/BILLSTATUS-118hr4470.json
[2024-04-11T04:18:25.545+0000] {get_data.py:133} INFO - Opened bill from file /opt/***/dags/data/bills/hr/BILLSTATUS-118hr663.json
[2024-04-11T04:18:25.893+0000] {get_data.py:133} INFO - Opened bill from file /opt/***/dags/data/bills/hr/BILLSTATUS-118hr2766.json
[2024-04-11T04:18:26.094+0000] {logging_mixin.py:188} INFO - An exception occurred 'rollcall-vote' Failed to save one or more votes for {bill_type} {bill_number}
[2024-04-11T04:18:26.285+0000] {logging_mixin.py:188} INFO - An exception occurred 'rollcall-vote' Failed to save one or more votes for {bill_type} {bill_number}
[2024-04-11T04:18:26.475+0000] {logging_mixin.py:188} INFO - An exception occurred 'rollcall-vote' Failed to save one or more votes for {bill_type} {bill_number}
[2024-04-11T04:18:26.673+0000] {logging_mixin.py:188} INFO - An exception occurred 'rollcall-vote' Failed to save one or more votes for {bill_type} {bill_number}
[2024-04-11T04:18:26.684+0000] {get_data.py:133} INFO - Opened bill from file /opt/***/dags/data/bills/hr/BILLSTATUS-118hr589.json
[2024-04-11T04:18:27.104+0000] {get_data.py:133} INFO - Opened bill from file /opt/***/dags/data/bills/hr/BILLSTATUS-118hr1023.json
[2024-04-11T04:18:27.645+0000] {get_data.py:133} INFO - Opened bill from file /opt/***/dags/data/bills/hr/BILLSTATUS-118hr4364.json
[2024-04-11T04:18:28.383+0000] {get_data.py:133} INFO - Opened bill from file /opt/***/dags/data/bills/hr/BILLSTATUS-118hr347.json
[2024-04-11T04:18:28.820+0000] {get_data.py:133} INFO - Opened bill from file /opt/***/dags/data/bills/hr/BILLSTATUS-118hr886.json
[2024-04-11T04:18:28.966+0000] {logging_mixin.py:188} INFO - An exception occurred 'rollcall-vote' Failed to save one or more votes for {bill_type} {bill_number}
[2024-04-11T04:18:29.135+0000] {logging_mixin.py:188} INFO - An exception occurred 'rollcall-vote' Failed to save one or more votes for {bill_type} {bill_number}
[2024-04-11T04:18:29.141+0000] {get_data.py:133} INFO - Opened bill from file /opt/***/dags/data/bills/hr/BILLSTATUS-118hr185.json
[2024-04-11T04:18:29.846+0000] {get_data.py:133} INFO - Opened bill from file /opt/***/dags/data/bills/hr/BILLSTATUS-118hr3941.json
[2024-04-11T04:18:30.396+0000] {get_data.py:133} INFO - Opened bill from file /opt/***/dags/data/bills/hr/BILLSTATUS-118hr5856.json
[2024-04-11T04:18:30.567+0000] {logging_mixin.py:188} INFO - An exception occurred 'rollcall-vote' Failed to save one or more votes for {bill_type} {bill_number}
[2024-04-11T04:18:30.829+0000] {logging_mixin.py:188} INFO - An exception occurred 'rollcall-vote' Failed to save one or more votes for {bill_type} {bill_number}
[2024-04-11T04:18:31.136+0000] {logging_mixin.py:188} INFO - An exception occurred 'rollcall-vote' Failed to save one or more votes for {bill_type} {bill_number}
[2024-04-11T04:18:31.345+0000] {logging_mixin.py:188} INFO - An exception occurred 'rollcall-vote' Failed to save one or more votes for {bill_type} {bill_number}
[2024-04-11T04:18:31.352+0000] {get_data.py:133} INFO - Opened bill from file /opt/***/dags/data/bills/hr/BILLSTATUS-118hr21.json
[2024-04-11T04:18:31.544+0000] {logging_mixin.py:188} INFO - An exception occurred 'rollcall-vote' Failed to save one or more votes for {bill_type} {bill_number}
[2024-04-11T04:18:31.721+0000] {logging_mixin.py:188} INFO - An exception occurred 'rollcall-vote' Failed to save one or more votes for {bill_type} {bill_number}
[2024-04-11T04:18:31.727+0000] {get_data.py:133} INFO - Opened bill from file /opt/***/dags/data/bills/hr/BILLSTATUS-118hr3202.json
[2024-04-11T04:18:31.895+0000] {logging_mixin.py:188} INFO - An exception occurred 'rollcall-vote' Failed to save one or more votes for {bill_type} {bill_number}
[2024-04-11T04:18:32.073+0000] {logging_mixin.py:188} INFO - An exception occurred 'rollcall-vote' Failed to save one or more votes for {bill_type} {bill_number}
[2024-04-11T04:18:32.247+0000] {logging_mixin.py:188} INFO - An exception occurred 'rollcall-vote' Failed to save one or more votes for {bill_type} {bill_number}
[2024-04-11T04:18:32.433+0000] {logging_mixin.py:188} INFO - An exception occurred 'rollcall-vote' Failed to save one or more votes for {bill_type} {bill_number}
[2024-04-11T04:18:32.435+0000] {get_data.py:133} INFO - Opened bill from file /opt/***/dags/data/bills/hr/BILLSTATUS-118hr6503.json
[2024-04-11T04:18:32.801+0000] {get_data.py:133} INFO - Opened bill from file /opt/***/dags/data/bills/hr/BILLSTATUS-118hr5378.json
[2024-04-11T04:18:33.297+0000] {get_data.py:133} INFO - Opened bill from file /opt/***/dags/data/bills/hr/BILLSTATUS-118hr500.json
[2024-04-11T04:18:33.451+0000] {logging_mixin.py:188} INFO - An exception occurred 'rollcall-vote' Failed to save one or more votes for {bill_type} {bill_number}
[2024-04-11T04:18:33.627+0000] {logging_mixin.py:188} INFO - An exception occurred 'rollcall-vote' Failed to save one or more votes for {bill_type} {bill_number}
[2024-04-11T04:18:33.633+0000] {get_data.py:133} INFO - Opened bill from file /opt/***/dags/data/bills/hr/BILLSTATUS-118hr1435.json
[2024-04-11T04:18:34.235+0000] {get_data.py:133} INFO - Opened bill from file /opt/***/dags/data/bills/hr/BILLSTATUS-118hr5860.json
[2024-04-11T04:18:35.314+0000] {get_data.py:133} INFO - Opened bill from file /opt/***/dags/data/bills/hr/BILLSTATUS-118hr3799.json
[2024-04-11T04:18:36.205+0000] {get_data.py:133} INFO - Opened bill from file /opt/***/dags/data/bills/hr/BILLSTATUS-118hr2872.json
[2024-04-11T04:18:36.364+0000] {logging_mixin.py:188} INFO - An exception occurred 'rollcall-vote' Failed to save one or more votes for {bill_type} {bill_number}
[2024-04-11T04:18:36.563+0000] {logging_mixin.py:188} INFO - An exception occurred 'rollcall-vote' Failed to save one or more votes for {bill_type} {bill_number}
[2024-04-11T04:18:36.794+0000] {logging_mixin.py:188} INFO - An exception occurred 'rollcall-vote' Failed to save one or more votes for {bill_type} {bill_number}
[2024-04-11T04:18:36.945+0000] {logging_mixin.py:188} INFO - An exception occurred 'rollcall-vote' Failed to save one or more votes for {bill_type} {bill_number}
[2024-04-11T04:18:40.661+0000] {get_data.py:133} INFO - Opened bill from file /opt/***/dags/data/bills/hr/BILLSTATUS-118hr3672.json
[2024-04-11T04:18:42.568+0000] {get_data.py:133} INFO - Opened bill from file /opt/***/dags/data/bills/hr/BILLSTATUS-118hr5933.json
[2024-04-11T04:18:44.266+0000] {get_data.py:133} INFO - Opened bill from file /opt/***/dags/data/bills/hr/BILLSTATUS-118hr5525.json
