[2024-04-09T04:48:15.374+0000] {taskinstance.py:1979} INFO - Dependencies all met for dep_context=non-requeueable deps ti=<TaskInstance: upload_congress_data.convert_bill_files manual__2024-04-09T04:41:59.682977+00:00 [queued]>
[2024-04-09T04:48:15.380+0000] {taskinstance.py:1979} INFO - Dependencies all met for dep_context=requeueable deps ti=<TaskInstance: upload_congress_data.convert_bill_files manual__2024-04-09T04:41:59.682977+00:00 [queued]>
[2024-04-09T04:48:15.381+0000] {taskinstance.py:2193} INFO - Starting attempt 1 of 1
[2024-04-09T04:48:15.388+0000] {taskinstance.py:2217} INFO - Executing <Task(PythonOperator): convert_bill_files> on 2024-04-09 04:41:59.682977+00:00
[2024-04-09T04:48:15.396+0000] {standard_task_runner.py:60} INFO - Started process 617 to run task
[2024-04-09T04:48:15.399+0000] {standard_task_runner.py:87} INFO - Running: ['***', 'tasks', 'run', 'upload_congress_data', 'convert_bill_files', 'manual__2024-04-09T04:41:59.682977+00:00', '--job-id', '10', '--raw', '--subdir', 'DAGS_FOLDER/upload_congress_data.py', '--cfg-path', '/tmp/tmp6gzgbbg9']
[2024-04-09T04:48:15.402+0000] {standard_task_runner.py:88} INFO - Job 10: Subtask convert_bill_files
[2024-04-09T04:48:15.458+0000] {task_command.py:423} INFO - Running <TaskInstance: upload_congress_data.convert_bill_files manual__2024-04-09T04:41:59.682977+00:00 [running]> on host f811dc6f69ec
[2024-04-09T04:48:15.557+0000] {taskinstance.py:2513} INFO - Exporting env vars: AIRFLOW_CTX_DAG_OWNER='***' AIRFLOW_CTX_DAG_ID='upload_congress_data' AIRFLOW_CTX_TASK_ID='convert_bill_files' AIRFLOW_CTX_EXECUTION_DATE='2024-04-09T04:41:59.682977+00:00' AIRFLOW_CTX_TRY_NUMBER='1' AIRFLOW_CTX_DAG_RUN_ID='manual__2024-04-09T04:41:59.682977+00:00'
[2024-04-09T04:48:15.585+0000] {logging_mixin.py:188} INFO - Converted /opt/***/dags/data/hjres/BILLSTATUS-118hjres39.xml to /opt/***/dags/data/hjres/BILLSTATUS-118hjres39.json
[2024-04-09T04:48:15.593+0000] {logging_mixin.py:188} INFO - Converted /opt/***/dags/data/hjres/BILLSTATUS-118hjres7.xml to /opt/***/dags/data/hjres/BILLSTATUS-118hjres7.json
[2024-04-09T04:48:15.601+0000] {logging_mixin.py:188} INFO - Converted /opt/***/dags/data/hjres/BILLSTATUS-118hjres88.xml to /opt/***/dags/data/hjres/BILLSTATUS-118hjres88.json
[2024-04-09T04:48:15.617+0000] {logging_mixin.py:188} INFO - Converted /opt/***/dags/data/hjres/BILLSTATUS-118hjres74.xml to /opt/***/dags/data/hjres/BILLSTATUS-118hjres74.json
[2024-04-09T04:48:15.624+0000] {logging_mixin.py:188} INFO - Converted /opt/***/dags/data/hjres/BILLSTATUS-118hjres70.xml to /opt/***/dags/data/hjres/BILLSTATUS-118hjres70.json
[2024-04-09T04:48:15.631+0000] {logging_mixin.py:188} INFO - Converted /opt/***/dags/data/hjres/BILLSTATUS-118hjres71.xml to /opt/***/dags/data/hjres/BILLSTATUS-118hjres71.json
[2024-04-09T04:48:15.638+0000] {logging_mixin.py:188} INFO - Converted /opt/***/dags/data/hjres/BILLSTATUS-118hjres98.xml to /opt/***/dags/data/hjres/BILLSTATUS-118hjres98.json
[2024-04-09T04:48:15.655+0000] {logging_mixin.py:188} INFO - Converted /opt/***/dags/data/hjres/BILLSTATUS-118hjres42.xml to /opt/***/dags/data/hjres/BILLSTATUS-118hjres42.json
[2024-04-09T04:48:15.690+0000] {logging_mixin.py:188} INFO - Converted /opt/***/dags/data/hjres/BILLSTATUS-118hjres68.xml to /opt/***/dags/data/hjres/BILLSTATUS-118hjres68.json
[2024-04-09T04:48:15.715+0000] {logging_mixin.py:188} INFO - Converted /opt/***/dags/data/hjres/BILLSTATUS-118hjres79.xml to /opt/***/dags/data/hjres/BILLSTATUS-118hjres79.json
[2024-04-09T04:48:15.727+0000] {logging_mixin.py:188} INFO - Converted /opt/***/dags/data/hjres/BILLSTATUS-118hjres45.xml to /opt/***/dags/data/hjres/BILLSTATUS-118hjres45.json
[2024-04-09T04:48:15.738+0000] {logging_mixin.py:188} INFO - Converted /opt/***/dags/data/hjres/BILLSTATUS-118hjres44.xml to /opt/***/dags/data/hjres/BILLSTATUS-118hjres44.json
[2024-04-09T04:48:15.799+0000] {logging_mixin.py:188} INFO - Converted /opt/***/dags/data/hjres/BILLSTATUS-118hjres26.xml to /opt/***/dags/data/hjres/BILLSTATUS-118hjres26.json
[2024-04-09T04:48:15.812+0000] {logging_mixin.py:188} INFO - Converted /opt/***/dags/data/hjres/BILLSTATUS-118hjres27.xml to /opt/***/dags/data/hjres/BILLSTATUS-118hjres27.json
[2024-04-09T04:48:15.828+0000] {logging_mixin.py:188} INFO - Converted /opt/***/dags/data/hjres/BILLSTATUS-118hjres30.xml to /opt/***/dags/data/hjres/BILLSTATUS-118hjres30.json
[2024-04-09T04:48:15.833+0000] {logging_mixin.py:188} INFO - Converted /opt/***/dags/data/hjres/BILLSTATUS-118hjres24.xml to /opt/***/dags/data/hjres/BILLSTATUS-118hjres24.json
[2024-04-09T04:48:15.936+0000] {logging_mixin.py:188} INFO - Converted /opt/***/dags/data/hconres/BILLSTATUS-118hconres9.xml to /opt/***/dags/data/hconres/BILLSTATUS-118hconres9.json
[2024-04-09T04:48:15.970+0000] {logging_mixin.py:188} INFO - Converted /opt/***/dags/data/hconres/BILLSTATUS-118hconres3.xml to /opt/***/dags/data/hconres/BILLSTATUS-118hconres3.json
[2024-04-09T04:48:15.981+0000] {logging_mixin.py:188} INFO - Converted /opt/***/dags/data/hconres/BILLSTATUS-118hconres25.xml to /opt/***/dags/data/hconres/BILLSTATUS-118hconres25.json
[2024-04-09T04:48:15.993+0000] {logging_mixin.py:188} INFO - Converted /opt/***/dags/data/hconres/BILLSTATUS-118hconres30.xml to /opt/***/dags/data/hconres/BILLSTATUS-118hconres30.json
[2024-04-09T04:48:16.006+0000] {logging_mixin.py:188} INFO - Converted /opt/***/dags/data/hconres/BILLSTATUS-118hconres21.xml to /opt/***/dags/data/hconres/BILLSTATUS-118hconres21.json
[2024-04-09T04:48:16.045+0000] {logging_mixin.py:188} INFO - Converted /opt/***/dags/data/hconres/BILLSTATUS-118hconres7.xml to /opt/***/dags/data/hconres/BILLSTATUS-118hconres7.json
[2024-04-09T04:48:16.063+0000] {logging_mixin.py:188} INFO - Converted /opt/***/dags/data/hconres/BILLSTATUS-118hconres86.xml to /opt/***/dags/data/hconres/BILLSTATUS-118hconres86.json
[2024-04-09T04:48:16.092+0000] {logging_mixin.py:188} INFO - Converted /opt/***/dags/data/hconres/BILLSTATUS-118hconres57.xml to /opt/***/dags/data/hconres/BILLSTATUS-118hconres57.json
[2024-04-09T04:48:16.110+0000] {logging_mixin.py:188} INFO - Converted /opt/***/dags/data/hconres/BILLSTATUS-118hconres40.xml to /opt/***/dags/data/hconres/BILLSTATUS-118hconres40.json
[2024-04-09T04:48:16.257+0000] {logging_mixin.py:188} INFO - Converted /opt/***/dags/data/s/BILLSTATUS-118s3250.xml to /opt/***/dags/data/s/BILLSTATUS-118s3250.json
[2024-04-09T04:48:17.919+0000] {logging_mixin.py:188} INFO - Converted /opt/***/dags/data/s/BILLSTATUS-118s788.xml to /opt/***/dags/data/s/BILLSTATUS-118s788.json
[2024-04-09T04:48:19.884+0000] {logging_mixin.py:188} INFO - Converted /opt/***/dags/data/s/BILLSTATUS-118s316.xml to /opt/***/dags/data/s/BILLSTATUS-118s316.json
[2024-04-09T04:48:20.344+0000] {logging_mixin.py:188} INFO - Converted /opt/***/dags/data/s/BILLSTATUS-118s3427.xml to /opt/***/dags/data/s/BILLSTATUS-118s3427.json
[2024-04-09T04:48:20.408+0000] {logging_mixin.py:188} INFO - Converted /opt/***/dags/data/s/BILLSTATUS-118s475.xml to /opt/***/dags/data/s/BILLSTATUS-118s475.json
[2024-04-09T04:48:20.536+0000] {logging_mixin.py:188} INFO - Converted /opt/***/dags/data/s/BILLSTATUS-118s111.xml to /opt/***/dags/data/s/BILLSTATUS-118s111.json
[2024-04-09T04:48:21.263+0000] {logging_mixin.py:188} INFO - Converted /opt/***/dags/data/s/BILLSTATUS-118s112.xml to /opt/***/dags/data/s/BILLSTATUS-118s112.json
[2024-04-09T04:48:22.677+0000] {logging_mixin.py:188} INFO - Converted /opt/***/dags/data/s/BILLSTATUS-118s326.xml to /opt/***/dags/data/s/BILLSTATUS-118s326.json
[2024-04-09T04:48:22.805+0000] {logging_mixin.py:188} INFO - Converted /opt/***/dags/data/s/BILLSTATUS-118s870.xml to /opt/***/dags/data/s/BILLSTATUS-118s870.json
[2024-04-09T04:48:24.216+0000] {logging_mixin.py:188} INFO - Converted /opt/***/dags/data/s/BILLSTATUS-118s3853.xml to /opt/***/dags/data/s/BILLSTATUS-118s3853.json
[2024-04-09T04:48:24.538+0000] {logging_mixin.py:188} INFO - Converted /opt/***/dags/data/s/BILLSTATUS-118s2226.xml to /opt/***/dags/data/s/BILLSTATUS-118s2226.json
[2024-04-09T04:48:24.732+0000] {logging_mixin.py:188} INFO - Converted /opt/***/dags/data/s/BILLSTATUS-118s619.xml to /opt/***/dags/data/s/BILLSTATUS-118s619.json
[2024-04-09T04:48:26.577+0000] {logging_mixin.py:188} INFO - Converted /opt/***/dags/data/sres/BILLSTATUS-118sres13.xml to /opt/***/dags/data/sres/BILLSTATUS-118sres13.json
[2024-04-09T04:48:26.856+0000] {logging_mixin.py:188} INFO - Converted /opt/***/dags/data/sres/BILLSTATUS-118sres417.xml to /opt/***/dags/data/sres/BILLSTATUS-118sres417.json
[2024-04-09T04:48:27.136+0000] {logging_mixin.py:188} INFO - Converted /opt/***/dags/data/sres/BILLSTATUS-118sres21.xml to /opt/***/dags/data/sres/BILLSTATUS-118sres21.json
[2024-04-09T04:48:27.577+0000] {logging_mixin.py:188} INFO - Converted /opt/***/dags/data/sres/BILLSTATUS-118sres504.xml to /opt/***/dags/data/sres/BILLSTATUS-118sres504.json
[2024-04-09T04:48:27.969+0000] {logging_mixin.py:188} INFO - Converted /opt/***/dags/data/hr/BILLSTATUS-118hr2766.xml to /opt/***/dags/data/hr/BILLSTATUS-118hr2766.json
[2024-04-09T04:48:28.014+0000] {logging_mixin.py:188} INFO - Converted /opt/***/dags/data/hr/BILLSTATUS-118hr2799.xml to /opt/***/dags/data/hr/BILLSTATUS-118hr2799.json
[2024-04-09T04:48:28.040+0000] {logging_mixin.py:188} INFO - Converted /opt/***/dags/data/hr/BILLSTATUS-118hr7024.xml to /opt/***/dags/data/hr/BILLSTATUS-118hr7024.json
[2024-04-09T04:48:28.355+0000] {logging_mixin.py:188} INFO - Converted /opt/***/dags/data/hr/BILLSTATUS-118hr2.xml to /opt/***/dags/data/hr/BILLSTATUS-118hr2.json
[2024-04-09T04:48:28.390+0000] {logging_mixin.py:188} INFO - Converted /opt/***/dags/data/hr/BILLSTATUS-118hr542.xml to /opt/***/dags/data/hr/BILLSTATUS-118hr542.json
[2024-04-09T04:48:28.647+0000] {logging_mixin.py:188} INFO - Converted /opt/***/dags/data/hr/BILLSTATUS-118hr185.xml to /opt/***/dags/data/hr/BILLSTATUS-118hr185.json
[2024-04-09T04:48:28.662+0000] {logging_mixin.py:188} INFO - Converted /opt/***/dags/data/hr/BILLSTATUS-118hr5961.xml to /opt/***/dags/data/hr/BILLSTATUS-118hr5961.json
[2024-04-09T04:48:28.706+0000] {logging_mixin.py:188} INFO - Converted /opt/***/dags/data/hr/BILLSTATUS-118hr813.xml to /opt/***/dags/data/hr/BILLSTATUS-118hr813.json
[2024-04-09T04:48:28.752+0000] {logging_mixin.py:188} INFO - Converted /opt/***/dags/data/hr/BILLSTATUS-118hr4470.xml to /opt/***/dags/data/hr/BILLSTATUS-118hr4470.json
[2024-04-09T04:48:28.820+0000] {logging_mixin.py:188} INFO - Converted /opt/***/dags/data/hr/BILLSTATUS-118hr6918.xml to /opt/***/dags/data/hr/BILLSTATUS-118hr6918.json
[2024-04-09T04:48:28.831+0000] {logging_mixin.py:188} INFO - Converted /opt/***/dags/data/hr/BILLSTATUS-118hr1093.xml to /opt/***/dags/data/hr/BILLSTATUS-118hr1093.json
[2024-04-09T04:48:28.840+0000] {logging_mixin.py:188} INFO - Converted /opt/***/dags/data/hr/BILLSTATUS-118hr3848.xml to /opt/***/dags/data/hr/BILLSTATUS-118hr3848.json
[2024-04-09T04:48:28.951+0000] {logging_mixin.py:188} INFO - Converted /opt/***/dags/data/hr/BILLSTATUS-118hr1734.xml to /opt/***/dags/data/hr/BILLSTATUS-118hr1734.json
[2024-04-09T04:48:29.003+0000] {logging_mixin.py:188} INFO - Converted /opt/***/dags/data/hr/BILLSTATUS-118hr346.xml to /opt/***/dags/data/hr/BILLSTATUS-118hr346.json
[2024-04-09T04:48:29.035+0000] {logging_mixin.py:188} INFO - Converted /opt/***/dags/data/hr/BILLSTATUS-118hr4664.xml to /opt/***/dags/data/hr/BILLSTATUS-118hr4664.json
[2024-04-09T04:48:29.075+0000] {logging_mixin.py:188} INFO - Converted /opt/***/dags/data/hr/BILLSTATUS-118hr5585.xml to /opt/***/dags/data/hr/BILLSTATUS-118hr5585.json
[2024-04-09T04:48:29.184+0000] {logging_mixin.py:188} INFO - Converted /opt/***/dags/data/hr/BILLSTATUS-118hr6503.xml to /opt/***/dags/data/hr/BILLSTATUS-118hr6503.json
[2024-04-09T04:48:29.252+0000] {logging_mixin.py:188} INFO - Converted /opt/***/dags/data/hr/BILLSTATUS-118hr839.xml to /opt/***/dags/data/hr/BILLSTATUS-118hr839.json
[2024-04-09T04:48:29.373+0000] {logging_mixin.py:188} INFO - Converted /opt/***/dags/data/hr/BILLSTATUS-118hr1640.xml to /opt/***/dags/data/hr/BILLSTATUS-118hr1640.json
[2024-04-09T04:48:29.512+0000] {logging_mixin.py:188} INFO - Converted /opt/***/dags/data/hr/BILLSTATUS-118hr1.xml to /opt/***/dags/data/hr/BILLSTATUS-118hr1.json
[2024-04-09T04:48:29.535+0000] {logging_mixin.py:188} INFO - Converted /opt/***/dags/data/hr/BILLSTATUS-118hr1669.xml to /opt/***/dags/data/hr/BILLSTATUS-118hr1669.json
[2024-04-09T04:48:30.008+0000] {logging_mixin.py:188} INFO - Converted /opt/***/dags/data/hr/BILLSTATUS-118hr4665.xml to /opt/***/dags/data/hr/BILLSTATUS-118hr4665.json
[2024-04-09T04:48:30.046+0000] {logging_mixin.py:188} INFO - Converted /opt/***/dags/data/hr/BILLSTATUS-118hr347.xml to /opt/***/dags/data/hr/BILLSTATUS-118hr347.json
[2024-04-09T04:48:30.141+0000] {logging_mixin.py:188} INFO - Converted /opt/***/dags/data/hr/BILLSTATUS-118hr357.xml to /opt/***/dags/data/hr/BILLSTATUS-118hr357.json
[2024-04-09T04:48:30.314+0000] {logging_mixin.py:188} INFO - Converted /opt/***/dags/data/hr/BILLSTATUS-118hr3324.xml to /opt/***/dags/data/hr/BILLSTATUS-118hr3324.json
[2024-04-09T04:48:30.376+0000] {logging_mixin.py:188} INFO - Converted /opt/***/dags/data/hr/BILLSTATUS-118hr753.xml to /opt/***/dags/data/hr/BILLSTATUS-118hr753.json
[2024-04-09T04:48:30.555+0000] {logging_mixin.py:188} INFO - Converted /opt/***/dags/data/hr/BILLSTATUS-118hr1123.xml to /opt/***/dags/data/hr/BILLSTATUS-118hr1123.json
[2024-04-09T04:48:30.619+0000] {logging_mixin.py:188} INFO - Converted /opt/***/dags/data/hr/BILLSTATUS-118hr3091.xml to /opt/***/dags/data/hr/BILLSTATUS-118hr3091.json
[2024-04-09T04:48:30.672+0000] {logging_mixin.py:188} INFO - Converted /opt/***/dags/data/hr/BILLSTATUS-118hr5.xml to /opt/***/dags/data/hr/BILLSTATUS-118hr5.json
[2024-04-09T04:48:30.740+0000] {logging_mixin.py:188} INFO - Converted /opt/***/dags/data/hr/BILLSTATUS-118hr593.xml to /opt/***/dags/data/hr/BILLSTATUS-118hr593.json
[2024-04-09T04:48:30.815+0000] {logging_mixin.py:188} INFO - Converted /opt/***/dags/data/hr/BILLSTATUS-118hr2365.xml to /opt/***/dags/data/hr/BILLSTATUS-118hr2365.json
[2024-04-09T04:48:30.845+0000] {logging_mixin.py:188} INFO - Converted /opt/***/dags/data/hr/BILLSTATUS-118hr5378.xml to /opt/***/dags/data/hr/BILLSTATUS-118hr5378.json
[2024-04-09T04:48:30.892+0000] {logging_mixin.py:188} INFO - Converted /opt/***/dags/data/hr/BILLSTATUS-118hr7023.xml to /opt/***/dags/data/hr/BILLSTATUS-118hr7023.json
[2024-04-09T04:48:31.021+0000] {logging_mixin.py:188} INFO - Converted /opt/***/dags/data/hr/BILLSTATUS-118hr4502.xml to /opt/***/dags/data/hr/BILLSTATUS-118hr4502.json
[2024-04-09T04:48:31.074+0000] {logging_mixin.py:188} INFO - Converted /opt/***/dags/data/hr/BILLSTATUS-118hr815.xml to /opt/***/dags/data/hr/BILLSTATUS-118hr815.json
[2024-04-09T04:48:31.172+0000] {logging_mixin.py:188} INFO - Converted /opt/***/dags/data/hr/BILLSTATUS-118hr140.xml to /opt/***/dags/data/hr/BILLSTATUS-118hr140.json
[2024-04-09T04:48:31.397+0000] {logging_mixin.py:188} INFO - Converted /opt/***/dags/data/hr/BILLSTATUS-118hr340.xml to /opt/***/dags/data/hr/BILLSTATUS-118hr340.json
[2024-04-09T04:48:31.946+0000] {logging_mixin.py:188} INFO - Converted /opt/***/dags/data/hr/BILLSTATUS-118hr1530.xml to /opt/***/dags/data/hr/BILLSTATUS-118hr1530.json
[2024-04-09T04:48:32.834+0000] {logging_mixin.py:188} INFO - Converted /opt/***/dags/data/hr/BILLSTATUS-118hr1121.xml to /opt/***/dags/data/hr/BILLSTATUS-118hr1121.json
[2024-04-09T04:48:35.591+0000] {logging_mixin.py:188} INFO - Converted /opt/***/dags/data/hr/BILLSTATUS-118hr6276.xml to /opt/***/dags/data/hr/BILLSTATUS-118hr6276.json
[2024-04-09T04:48:35.619+0000] {logging_mixin.py:188} INFO - Converted /opt/***/dags/data/hr/BILLSTATUS-118hr1096.xml to /opt/***/dags/data/hr/BILLSTATUS-118hr1096.json
[2024-04-09T04:48:35.684+0000] {logging_mixin.py:188} INFO - Converted /opt/***/dags/data/hr/BILLSTATUS-118hr382.xml to /opt/***/dags/data/hr/BILLSTATUS-118hr382.json
[2024-04-09T04:48:35.799+0000] {logging_mixin.py:188} INFO - Converted /opt/***/dags/data/hr/BILLSTATUS-118hr1727.xml to /opt/***/dags/data/hr/BILLSTATUS-118hr1727.json
[2024-04-09T04:48:36.213+0000] {logging_mixin.py:188} INFO - Converted /opt/***/dags/data/hr/BILLSTATUS-118hr5283.xml to /opt/***/dags/data/hr/BILLSTATUS-118hr5283.json
[2024-04-09T04:48:36.252+0000] {logging_mixin.py:188} INFO - Converted /opt/***/dags/data/hr/BILLSTATUS-118hr497.xml to /opt/***/dags/data/hr/BILLSTATUS-118hr497.json
[2024-04-09T04:48:36.436+0000] {logging_mixin.py:188} INFO - Converted /opt/***/dags/data/hr/BILLSTATUS-118hr21.xml to /opt/***/dags/data/hr/BILLSTATUS-118hr21.json
[2024-04-09T04:48:36.937+0000] {logging_mixin.py:188} INFO - Converted /opt/***/dags/data/hr/BILLSTATUS-118hr1147.xml to /opt/***/dags/data/hr/BILLSTATUS-118hr1147.json
[2024-04-09T04:48:37.006+0000] {logging_mixin.py:188} INFO - Converted /opt/***/dags/data/hr/BILLSTATUS-118hr5862.xml to /opt/***/dags/data/hr/BILLSTATUS-118hr5862.json
[2024-04-09T04:48:37.046+0000] {logging_mixin.py:188} INFO - Converted /opt/***/dags/data/hr/BILLSTATUS-118hr5692.xml to /opt/***/dags/data/hr/BILLSTATUS-118hr5692.json
[2024-04-09T04:48:37.098+0000] {logging_mixin.py:188} INFO - Converted /opt/***/dags/data/hr/BILLSTATUS-118hr2670.xml to /opt/***/dags/data/hr/BILLSTATUS-118hr2670.json
[2024-04-09T04:48:37.429+0000] {logging_mixin.py:188} INFO - Converted /opt/***/dags/data/hr/BILLSTATUS-118hr7454.xml to /opt/***/dags/data/hr/BILLSTATUS-118hr7454.json
[2024-04-09T04:48:37.439+0000] {logging_mixin.py:188} INFO - Converted /opt/***/dags/data/hr/BILLSTATUS-118hr5525.xml to /opt/***/dags/data/hr/BILLSTATUS-118hr5525.json
[2024-04-09T04:48:37.466+0000] {logging_mixin.py:188} INFO - Converted /opt/***/dags/data/hr/BILLSTATUS-118hr443.xml to /opt/***/dags/data/hr/BILLSTATUS-118hr443.json
[2024-04-09T04:48:37.595+0000] {logging_mixin.py:188} INFO - Converted /opt/***/dags/data/hr/BILLSTATUS-118hr4820.xml to /opt/***/dags/data/hr/BILLSTATUS-118hr4820.json
[2024-04-09T04:48:37.874+0000] {logging_mixin.py:188} INFO - Converted /opt/***/dags/data/hr/BILLSTATUS-118hr22.xml to /opt/***/dags/data/hr/BILLSTATUS-118hr22.json
[2024-04-09T04:48:38.013+0000] {logging_mixin.py:188} INFO - Converted /opt/***/dags/data/hr/BILLSTATUS-118hr1435.xml to /opt/***/dags/data/hr/BILLSTATUS-118hr1435.json
[2024-04-09T04:48:38.056+0000] {logging_mixin.py:188} INFO - Converted /opt/***/dags/data/hr/BILLSTATUS-118hr2882.xml to /opt/***/dags/data/hr/BILLSTATUS-118hr2882.json
[2024-04-09T04:48:38.071+0000] {logging_mixin.py:188} INFO - Converted /opt/***/dags/data/hr/BILLSTATUS-118hr1353.xml to /opt/***/dags/data/hr/BILLSTATUS-118hr1353.json
[2024-04-09T04:48:38.169+0000] {logging_mixin.py:188} INFO - Converted /opt/***/dags/data/hr/BILLSTATUS-118hr5860.xml to /opt/***/dags/data/hr/BILLSTATUS-118hr5860.json
[2024-04-09T04:48:38.192+0000] {logging_mixin.py:188} INFO - Converted /opt/***/dags/data/hr/BILLSTATUS-118hr7520.xml to /opt/***/dags/data/hr/BILLSTATUS-118hr7520.json
[2024-04-09T04:48:38.199+0000] {logging_mixin.py:188} INFO - Converted /opt/***/dags/data/hr/BILLSTATUS-118hr1151.xml to /opt/***/dags/data/hr/BILLSTATUS-118hr1151.json
[2024-04-09T04:48:38.219+0000] {logging_mixin.py:188} INFO - Converted /opt/***/dags/data/hr/BILLSTATUS-118hr3746.xml to /opt/***/dags/data/hr/BILLSTATUS-118hr3746.json
[2024-04-09T04:48:38.438+0000] {logging_mixin.py:188} INFO - Converted /opt/***/dags/data/hr/BILLSTATUS-118hr7521.xml to /opt/***/dags/data/hr/BILLSTATUS-118hr7521.json
[2024-04-09T04:48:41.317+0000] {logging_mixin.py:188} INFO - Converted /opt/***/dags/data/hr/BILLSTATUS-118hr734.xml to /opt/***/dags/data/hr/BILLSTATUS-118hr734.json
[2024-04-09T04:48:41.607+0000] {logging_mixin.py:188} INFO - Converted /opt/***/dags/data/hr/BILLSTATUS-118hr23.xml to /opt/***/dags/data/hr/BILLSTATUS-118hr23.json
[2024-04-09T04:48:41.653+0000] {logging_mixin.py:188} INFO - Converted /opt/***/dags/data/hr/BILLSTATUS-118hr1226.xml to /opt/***/dags/data/hr/BILLSTATUS-118hr1226.json
[2024-04-09T04:48:41.760+0000] {logging_mixin.py:188} INFO - Converted /opt/***/dags/data/hr/BILLSTATUS-118hr4821.xml to /opt/***/dags/data/hr/BILLSTATUS-118hr4821.json
[2024-04-09T04:48:41.869+0000] {logging_mixin.py:188} INFO - Converted /opt/***/dags/data/hr/BILLSTATUS-118hr5524.xml to /opt/***/dags/data/hr/BILLSTATUS-118hr5524.json
[2024-04-09T04:48:42.036+0000] {logging_mixin.py:188} INFO - Converted /opt/***/dags/data/hr/BILLSTATUS-118hr1752.xml to /opt/***/dags/data/hr/BILLSTATUS-118hr1752.json
[2024-04-09T04:48:42.092+0000] {logging_mixin.py:188} INFO - Converted /opt/***/dags/data/hr/BILLSTATUS-118hr485.xml to /opt/***/dags/data/hr/BILLSTATUS-118hr485.json
[2024-04-09T04:48:42.148+0000] {logging_mixin.py:188} INFO - Converted /opt/***/dags/data/hr/BILLSTATUS-118hr3838.xml to /opt/***/dags/data/hr/BILLSTATUS-118hr3838.json
[2024-04-09T04:48:42.319+0000] {logging_mixin.py:188} INFO - Converted /opt/***/dags/data/hr/BILLSTATUS-118hr4366.xml to /opt/***/dags/data/hr/BILLSTATUS-118hr4366.json
[2024-04-09T04:48:42.463+0000] {logging_mixin.py:188} INFO - Converted /opt/***/dags/data/hr/BILLSTATUS-118hr6363.xml to /opt/***/dags/data/hr/BILLSTATUS-118hr6363.json
[2024-04-09T04:48:42.624+0000] {logging_mixin.py:188} INFO - Converted /opt/***/dags/data/hr/BILLSTATUS-118hr1154.xml to /opt/***/dags/data/hr/BILLSTATUS-118hr1154.json
[2024-04-09T04:48:42.898+0000] {logging_mixin.py:188} INFO - Converted /opt/***/dags/data/hr/BILLSTATUS-118hr533.xml to /opt/***/dags/data/hr/BILLSTATUS-118hr533.json
[2024-04-09T04:48:43.107+0000] {logging_mixin.py:188} INFO - Converted /opt/***/dags/data/hr/BILLSTATUS-118hr5119.xml to /opt/***/dags/data/hr/BILLSTATUS-118hr5119.json
[2024-04-09T04:48:43.178+0000] {logging_mixin.py:188} INFO - Converted /opt/***/dags/data/hr/BILLSTATUS-118hr3391.xml to /opt/***/dags/data/hr/BILLSTATUS-118hr3391.json
[2024-04-09T04:48:43.362+0000] {logging_mixin.py:188} INFO - Converted /opt/***/dags/data/hr/BILLSTATUS-118hr4367.xml to /opt/***/dags/data/hr/BILLSTATUS-118hr4367.json
[2024-04-09T04:48:43.412+0000] {logging_mixin.py:188} INFO - Converted /opt/***/dags/data/hr/BILLSTATUS-118hr26.xml to /opt/***/dags/data/hr/BILLSTATUS-118hr26.json
[2024-04-09T04:48:43.758+0000] {logging_mixin.py:188} INFO - Converted /opt/***/dags/data/hr/BILLSTATUS-118hr1023.xml to /opt/***/dags/data/hr/BILLSTATUS-118hr1023.json
[2024-04-09T04:48:43.801+0000] {logging_mixin.py:188} INFO - Converted /opt/***/dags/data/hr/BILLSTATUS-118hr3152.xml to /opt/***/dags/data/hr/BILLSTATUS-118hr3152.json
[2024-04-09T04:48:44.252+0000] {logging_mixin.py:188} INFO - Converted /opt/***/dags/data/hr/BILLSTATUS-118hr4365.xml to /opt/***/dags/data/hr/BILLSTATUS-118hr4365.json
[2024-04-09T04:48:44.342+0000] {logging_mixin.py:188} INFO - Converted /opt/***/dags/data/hr/BILLSTATUS-118hr1547.xml to /opt/***/dags/data/hr/BILLSTATUS-118hr1547.json
[2024-04-09T04:48:44.699+0000] {logging_mixin.py:188} INFO - Converted /opt/***/dags/data/hr/BILLSTATUS-118hr3224.xml to /opt/***/dags/data/hr/BILLSTATUS-118hr3224.json
[2024-04-09T04:48:45.055+0000] {logging_mixin.py:188} INFO - Converted /opt/***/dags/data/hr/BILLSTATUS-118hr4984.xml to /opt/***/dags/data/hr/BILLSTATUS-118hr4984.json
[2024-04-09T04:48:45.100+0000] {logging_mixin.py:188} INFO - Converted /opt/***/dags/data/hr/BILLSTATUS-118hr1156.xml to /opt/***/dags/data/hr/BILLSTATUS-118hr1156.json
[2024-04-09T05:04:56.271+0000] {logging_mixin.py:188} INFO - Converted /opt/***/dags/data/hr/BILLSTATUS-118hr4364.xml to /opt/***/dags/data/hr/BILLSTATUS-118hr4364.json
[2024-04-09T05:04:56.646+0000] {logging_mixin.py:188} INFO - Converted /opt/***/dags/data/hr/BILLSTATUS-118hr139.xml to /opt/***/dags/data/hr/BILLSTATUS-118hr139.json
[2024-04-09T05:04:56.744+0000] {logging_mixin.py:188} INFO - Converted /opt/***/dags/data/hr/BILLSTATUS-118hr663.xml to /opt/***/dags/data/hr/BILLSTATUS-118hr663.json
[2024-04-09T05:04:56.996+0000] {logging_mixin.py:188} INFO - Converted /opt/***/dags/data/hr/BILLSTATUS-118hr5856.xml to /opt/***/dags/data/hr/BILLSTATUS-118hr5856.json
[2024-04-09T05:04:57.038+0000] {logging_mixin.py:188} INFO - Converted /opt/***/dags/data/hr/BILLSTATUS-118hr1615.xml to /opt/***/dags/data/hr/BILLSTATUS-118hr1615.json
[2024-04-09T05:04:57.320+0000] {logging_mixin.py:188} INFO - Converted /opt/***/dags/data/hr/BILLSTATUS-118hr500.xml to /opt/***/dags/data/hr/BILLSTATUS-118hr500.json
[2024-04-09T05:04:57.333+0000] {logging_mixin.py:188} INFO - Converted /opt/***/dags/data/hr/BILLSTATUS-118hr3981.xml to /opt/***/dags/data/hr/BILLSTATUS-118hr3981.json
[2024-04-09T05:04:57.567+0000] {logging_mixin.py:188} INFO - Converted /opt/***/dags/data/hr/BILLSTATUS-118hr5894.xml to /opt/***/dags/data/hr/BILLSTATUS-118hr5894.json
[2024-04-09T05:04:57.699+0000] {logging_mixin.py:188} INFO - Converted /opt/***/dags/data/hr/BILLSTATUS-118hr662.xml to /opt/***/dags/data/hr/BILLSTATUS-118hr662.json
[2024-04-09T05:04:57.756+0000] {logging_mixin.py:188} INFO - Converted /opt/***/dags/data/hr/BILLSTATUS-118hr676.xml to /opt/***/dags/data/hr/BILLSTATUS-118hr676.json
[2024-04-09T05:04:57.807+0000] {logging_mixin.py:188} INFO - Converted /opt/***/dags/data/hr/BILLSTATUS-118hr4368.xml to /opt/***/dags/data/hr/BILLSTATUS-118hr4368.json
[2024-04-09T05:04:57.825+0000] {logging_mixin.py:188} INFO - Converted /opt/***/dags/data/hr/BILLSTATUS-118hr886.xml to /opt/***/dags/data/hr/BILLSTATUS-118hr886.json
[2024-04-09T05:04:57.993+0000] {logging_mixin.py:188} INFO - Converted /opt/***/dags/data/hr/BILLSTATUS-118hr7463.xml to /opt/***/dags/data/hr/BILLSTATUS-118hr7463.json
[2024-04-09T05:04:58.432+0000] {logging_mixin.py:188} INFO - Converted /opt/***/dags/data/hr/BILLSTATUS-118hr1548.xml to /opt/***/dags/data/hr/BILLSTATUS-118hr1548.json
[2024-04-09T05:04:59.116+0000] {logging_mixin.py:188} INFO - Converted /opt/***/dags/data/hr/BILLSTATUS-118hr3941.xml to /opt/***/dags/data/hr/BILLSTATUS-118hr3941.json
[2024-04-09T05:04:59.125+0000] {logging_mixin.py:188} INFO - Converted /opt/***/dags/data/hr/BILLSTATUS-118hr3799.xml to /opt/***/dags/data/hr/BILLSTATUS-118hr3799.json
[2024-04-09T05:04:59.732+0000] {logging_mixin.py:188} INFO - Converted /opt/***/dags/data/hr/BILLSTATUS-118hr1159.xml to /opt/***/dags/data/hr/BILLSTATUS-118hr1159.json
[2024-04-09T05:05:00.280+0000] {logging_mixin.py:188} INFO - Converted /opt/***/dags/data/hr/BILLSTATUS-118hr3202.xml to /opt/***/dags/data/hr/BILLSTATUS-118hr3202.json
[2024-04-09T05:05:00.294+0000] {logging_mixin.py:188} INFO - Converted /opt/***/dags/data/hr/BILLSTATUS-118hr3564.xml to /opt/***/dags/data/hr/BILLSTATUS-118hr3564.json
[2024-04-09T05:05:00.371+0000] {logging_mixin.py:188} INFO - Converted /opt/***/dags/data/hr/BILLSTATUS-118hr4394.xml to /opt/***/dags/data/hr/BILLSTATUS-118hr4394.json
[2024-04-09T05:05:00.513+0000] {logging_mixin.py:188} INFO - Converted /opt/***/dags/data/hr/BILLSTATUS-118hr3821.xml to /opt/***/dags/data/hr/BILLSTATUS-118hr3821.json
[2024-04-09T05:05:00.677+0000] {logging_mixin.py:188} INFO - Converted /opt/***/dags/data/hr/BILLSTATUS-118hr467.xml to /opt/***/dags/data/hr/BILLSTATUS-118hr467.json
[2024-04-09T05:05:00.889+0000] {logging_mixin.py:188} INFO - Converted /opt/***/dags/data/hr/BILLSTATUS-118hr6544.xml to /opt/***/dags/data/hr/BILLSTATUS-118hr6544.json
[2024-04-09T05:05:01.395+0000] {logging_mixin.py:188} INFO - Converted /opt/***/dags/data/hr/BILLSTATUS-118hr1149.xml to /opt/***/dags/data/hr/BILLSTATUS-118hr1149.json
[2024-04-09T05:05:01.425+0000] {logging_mixin.py:188} INFO - Converted /opt/***/dags/data/hr/BILLSTATUS-118hr1607.xml to /opt/***/dags/data/hr/BILLSTATUS-118hr1607.json
[2024-04-09T05:05:01.548+0000] {logging_mixin.py:188} INFO - Converted /opt/***/dags/data/hr/BILLSTATUS-118hr7511.xml to /opt/***/dags/data/hr/BILLSTATUS-118hr7511.json
[2024-04-09T05:05:01.560+0000] {logging_mixin.py:188} INFO - Converted /opt/***/dags/data/hr/BILLSTATUS-118hr1606.xml to /opt/***/dags/data/hr/BILLSTATUS-118hr1606.json
[2024-04-09T05:05:01.645+0000] {logging_mixin.py:188} INFO - Converted /opt/***/dags/data/hr/BILLSTATUS-118hr5110.xml to /opt/***/dags/data/hr/BILLSTATUS-118hr5110.json
[2024-04-09T05:05:01.937+0000] {logging_mixin.py:188} INFO - Converted /opt/***/dags/data/hr/BILLSTATUS-118hr6009.xml to /opt/***/dags/data/hr/BILLSTATUS-118hr6009.json
[2024-04-09T05:05:02.030+0000] {logging_mixin.py:188} INFO - Converted /opt/***/dags/data/hr/BILLSTATUS-118hr300.xml to /opt/***/dags/data/hr/BILLSTATUS-118hr300.json
[2024-04-09T05:05:02.046+0000] {logging_mixin.py:188} INFO - Converted /opt/***/dags/data/hr/BILLSTATUS-118hr5528.xml to /opt/***/dags/data/hr/BILLSTATUS-118hr5528.json
[2024-04-09T05:05:02.089+0000] {logging_mixin.py:188} INFO - Converted /opt/***/dags/data/hr/BILLSTATUS-118hr302.xml to /opt/***/dags/data/hr/BILLSTATUS-118hr302.json
[2024-04-09T05:05:02.177+0000] {logging_mixin.py:188} INFO - Converted /opt/***/dags/data/hr/BILLSTATUS-118hr6976.xml to /opt/***/dags/data/hr/BILLSTATUS-118hr6976.json
[2024-04-09T05:05:02.351+0000] {logging_mixin.py:188} INFO - Converted /opt/***/dags/data/hr/BILLSTATUS-118hr5933.xml to /opt/***/dags/data/hr/BILLSTATUS-118hr5933.json
[2024-04-09T05:05:02.464+0000] {logging_mixin.py:188} INFO - Converted /opt/***/dags/data/hr/BILLSTATUS-118hr2872.xml to /opt/***/dags/data/hr/BILLSTATUS-118hr2872.json
[2024-04-09T05:05:02.534+0000] {logging_mixin.py:188} INFO - Converted /opt/***/dags/data/hr/BILLSTATUS-118hr538.xml to /opt/***/dags/data/hr/BILLSTATUS-118hr538.json
[2024-04-09T05:05:02.623+0000] {logging_mixin.py:188} INFO - Converted /opt/***/dags/data/hr/BILLSTATUS-118hr2494.xml to /opt/***/dags/data/hr/BILLSTATUS-118hr2494.json
[2024-04-09T05:05:02.700+0000] {logging_mixin.py:188} INFO - Converted /opt/***/dags/data/hr/BILLSTATUS-118hr288.xml to /opt/***/dags/data/hr/BILLSTATUS-118hr288.json
[2024-04-09T05:05:02.744+0000] {logging_mixin.py:188} INFO - Converted /opt/***/dags/data/hr/BILLSTATUS-118hr1836.xml to /opt/***/dags/data/hr/BILLSTATUS-118hr1836.json
[2024-04-09T05:05:02.759+0000] {logging_mixin.py:188} INFO - Converted /opt/***/dags/data/hr/BILLSTATUS-118hr3774.xml to /opt/***/dags/data/hr/BILLSTATUS-118hr3774.json
[2024-04-09T05:05:02.765+0000] {logging_mixin.py:188} INFO - Converted /opt/***/dags/data/hr/BILLSTATUS-118hr1163.xml to /opt/***/dags/data/hr/BILLSTATUS-118hr1163.json
[2024-04-09T05:05:02.798+0000] {logging_mixin.py:188} INFO - Converted /opt/***/dags/data/hr/BILLSTATUS-118hr277.xml to /opt/***/dags/data/hr/BILLSTATUS-118hr277.json
[2024-04-09T05:05:03.042+0000] {logging_mixin.py:188} INFO - Converted /opt/***/dags/data/hr/BILLSTATUS-118hr7102.xml to /opt/***/dags/data/hr/BILLSTATUS-118hr7102.json
[2024-04-09T05:05:03.053+0000] {logging_mixin.py:188} INFO - Converted /opt/***/dags/data/hr/BILLSTATUS-118hr1567.xml to /opt/***/dags/data/hr/BILLSTATUS-118hr1567.json
[2024-04-09T05:05:03.688+0000] {logging_mixin.py:188} INFO - Converted /opt/***/dags/data/hr/BILLSTATUS-118hr589.xml to /opt/***/dags/data/hr/BILLSTATUS-118hr589.json
[2024-04-09T05:05:03.765+0000] {logging_mixin.py:188} INFO - Converted /opt/***/dags/data/hr/BILLSTATUS-118hr3935.xml to /opt/***/dags/data/hr/BILLSTATUS-118hr3935.json
[2024-04-09T05:05:03.832+0000] {logging_mixin.py:188} INFO - Converted /opt/***/dags/data/hr/BILLSTATUS-118hr1105.xml to /opt/***/dags/data/hr/BILLSTATUS-118hr1105.json
[2024-04-09T05:05:03.909+0000] {logging_mixin.py:188} INFO - Converted /opt/***/dags/data/hr/BILLSTATUS-118hr4531.xml to /opt/***/dags/data/hr/BILLSTATUS-118hr4531.json
[2024-04-09T05:05:04.198+0000] {logging_mixin.py:188} INFO - Converted /opt/***/dags/data/hr/BILLSTATUS-118hr359.xml to /opt/***/dags/data/hr/BILLSTATUS-118hr359.json
[2024-04-09T05:05:04.220+0000] {logging_mixin.py:188} INFO - Converted /opt/***/dags/data/hr/BILLSTATUS-118hr3672.xml to /opt/***/dags/data/hr/BILLSTATUS-118hr3672.json
[2024-04-09T05:05:04.240+0000] {logging_mixin.py:188} INFO - Converted /opt/***/dags/data/hr/BILLSTATUS-118hr1715.xml to /opt/***/dags/data/hr/BILLSTATUS-118hr1715.json
[2024-04-09T05:05:04.334+0000] {logging_mixin.py:188} INFO - Converted /opt/***/dags/data/hr/BILLSTATUS-118hr3843.xml to /opt/***/dags/data/hr/BILLSTATUS-118hr3843.json
[2024-04-09T05:05:04.349+0000] {logging_mixin.py:188} INFO - Converted /opt/***/dags/data/hr/BILLSTATUS-118hr159.xml to /opt/***/dags/data/hr/BILLSTATUS-118hr159.json
[2024-04-09T05:05:04.435+0000] {logging_mixin.py:188} INFO - Converted /opt/***/dags/data/hr/BILLSTATUS-118hr2793.xml to /opt/***/dags/data/hr/BILLSTATUS-118hr2793.json
[2024-04-09T05:05:04.500+0000] {logging_mixin.py:188} INFO - Converted /opt/***/dags/data/hr/BILLSTATUS-118hr1339.xml to /opt/***/dags/data/hr/BILLSTATUS-118hr1339.json
[2024-04-09T05:05:04.531+0000] {logging_mixin.py:188} INFO - Converted /opt/***/dags/data/hr/BILLSTATUS-118hr788.xml to /opt/***/dags/data/hr/BILLSTATUS-118hr788.json
[2024-04-09T05:05:04.562+0000] {logging_mixin.py:188} INFO - Converted /opt/***/dags/data/hr/BILLSTATUS-118hr1107.xml to /opt/***/dags/data/hr/BILLSTATUS-118hr1107.json
[2024-04-09T05:05:04.613+0000] {logging_mixin.py:188} INFO - Converted /opt/***/dags/data/hr/BILLSTATUS-118hr5375.xml to /opt/***/dags/data/hr/BILLSTATUS-118hr5375.json
[2024-04-09T05:05:04.646+0000] {logging_mixin.py:188} INFO - Converted /opt/***/dags/data/hr/BILLSTATUS-118hr6126.xml to /opt/***/dags/data/hr/BILLSTATUS-118hr6126.json
[2024-04-09T05:05:04.707+0000] {logging_mixin.py:188} INFO - Converted /opt/***/dags/data/hr/BILLSTATUS-118hr3089.xml to /opt/***/dags/data/hr/BILLSTATUS-118hr3089.json
[2024-04-09T05:05:04.869+0000] {logging_mixin.py:188} INFO - Converted /opt/***/dags/data/hr/BILLSTATUS-118hr1338.xml to /opt/***/dags/data/hr/BILLSTATUS-118hr1338.json
[2024-04-09T05:05:04.939+0000] {logging_mixin.py:188} INFO - Converted /opt/***/dags/data/hr/BILLSTATUS-118hr2792.xml to /opt/***/dags/data/hr/BILLSTATUS-118hr2792.json
[2024-04-09T05:05:05.168+0000] {logging_mixin.py:188} INFO - Converted /opt/***/dags/data/hr/BILLSTATUS-118hr400.xml to /opt/***/dags/data/hr/BILLSTATUS-118hr400.json
[2024-04-09T05:05:05.281+0000] {logging_mixin.py:188} INFO - Converted /opt/***/dags/data/hr/BILLSTATUS-118hr1076.xml to /opt/***/dags/data/hr/BILLSTATUS-118hr1076.json
[2024-04-09T05:05:05.457+0000] {logging_mixin.py:188} INFO - Converted /opt/***/dags/data/hr/BILLSTATUS-118hr2796.xml to /opt/***/dags/data/hr/BILLSTATUS-118hr2796.json
[2024-04-09T05:05:05.548+0000] {logging_mixin.py:188} INFO - Converted /opt/***/dags/data/hr/BILLSTATUS-118hr2812.xml to /opt/***/dags/data/hr/BILLSTATUS-118hr2812.json
[2024-04-09T05:05:05.611+0000] {logging_mixin.py:188} INFO - Converted /opt/***/dags/data/hr/BILLSTATUS-118hr6679.xml to /opt/***/dags/data/hr/BILLSTATUS-118hr6679.json
[2024-04-09T05:05:05.644+0000] {logging_mixin.py:188} INFO - Converted /opt/***/dags/data/hr/BILLSTATUS-118hr2379.xml to /opt/***/dags/data/hr/BILLSTATUS-118hr2379.json
[2024-04-09T05:05:05.721+0000] {logging_mixin.py:188} INFO - Converted /opt/***/dags/data/hr/BILLSTATUS-118hr3099.xml to /opt/***/dags/data/hr/BILLSTATUS-118hr3099.json
[2024-04-09T05:05:05.738+0000] {logging_mixin.py:188} INFO - Converted /opt/***/dags/data/hr/BILLSTATUS-118hr6678.xml to /opt/***/dags/data/hr/BILLSTATUS-118hr6678.json
[2024-04-09T05:05:06.064+0000] {logging_mixin.py:188} INFO - Converted /opt/***/dags/data/hr/BILLSTATUS-118hr2797.xml to /opt/***/dags/data/hr/BILLSTATUS-118hr2797.json
[2024-04-09T05:05:06.095+0000] {logging_mixin.py:188} INFO - Converted /opt/***/dags/data/hr/BILLSTATUS-118hr7176.xml to /opt/***/dags/data/hr/BILLSTATUS-118hr7176.json
[2024-04-09T05:05:06.161+0000] {logging_mixin.py:188} INFO - Converted /opt/***/dags/data/hr/BILLSTATUS-118hr2754.xml to /opt/***/dags/data/hr/BILLSTATUS-118hr2754.json
[2024-04-09T05:05:06.556+0000] {logging_mixin.py:188} INFO - Converted /opt/***/dags/data/hr/BILLSTATUS-118hr2795.xml to /opt/***/dags/data/hr/BILLSTATUS-118hr2795.json
[2024-04-09T05:05:06.685+0000] {logging_mixin.py:188} INFO - Converted /opt/***/dags/data/hr/BILLSTATUS-118hr2811.xml to /opt/***/dags/data/hr/BILLSTATUS-118hr2811.json
[2024-04-09T05:05:06.713+0000] {logging_mixin.py:188} INFO - Converted /opt/***/dags/data/hr/BILLSTATUS-118hr4723.xml to /opt/***/dags/data/hr/BILLSTATUS-118hr4723.json
[2024-04-09T05:05:06.865+0000] {logging_mixin.py:188} INFO - Converted /opt/***/dags/data/hr/BILLSTATUS-118hr7217.xml to /opt/***/dags/data/hr/BILLSTATUS-118hr7217.json
[2024-04-09T05:05:07.110+0000] {logging_mixin.py:188} INFO - Converted /opt/***/dags/data/hr/BILLSTATUS-118hr4468.xml to /opt/***/dags/data/hr/BILLSTATUS-118hr4468.json
[2024-04-09T05:05:07.172+0000] {logging_mixin.py:188} INFO - Converted /opt/***/dags/data/hr/BILLSTATUS-118hr6914.xml to /opt/***/dags/data/hr/BILLSTATUS-118hr6914.json
[2024-04-09T05:05:07.238+0000] {logging_mixin.py:188} INFO - Converted /opt/***/dags/data/hr/BILLSTATUS-118hr406.xml to /opt/***/dags/data/hr/BILLSTATUS-118hr406.json
[2024-04-09T05:05:07.282+0000] {logging_mixin.py:188} INFO - Converted /opt/***/dags/data/sjres/BILLSTATUS-118sjres23.xml to /opt/***/dags/data/sjres/BILLSTATUS-118sjres23.json
[2024-04-09T05:05:07.296+0000] {logging_mixin.py:188} INFO - Converted /opt/***/dags/data/sjres/BILLSTATUS-118sjres18.xml to /opt/***/dags/data/sjres/BILLSTATUS-118sjres18.json
[2024-04-09T05:05:07.303+0000] {logging_mixin.py:188} INFO - Converted /opt/***/dags/data/sjres/BILLSTATUS-118sjres24.xml to /opt/***/dags/data/sjres/BILLSTATUS-118sjres24.json
[2024-04-09T05:05:07.324+0000] {logging_mixin.py:188} INFO - Converted /opt/***/dags/data/sjres/BILLSTATUS-118sjres32.xml to /opt/***/dags/data/sjres/BILLSTATUS-118sjres32.json
[2024-04-09T05:05:07.354+0000] {logging_mixin.py:188} INFO - Converted /opt/***/dags/data/sjres/BILLSTATUS-118sjres9.xml to /opt/***/dags/data/sjres/BILLSTATUS-118sjres9.json
[2024-04-09T05:05:07.373+0000] {logging_mixin.py:188} INFO - Converted /opt/***/dags/data/sjres/BILLSTATUS-118sjres43.xml to /opt/***/dags/data/sjres/BILLSTATUS-118sjres43.json
[2024-04-09T05:05:07.395+0000] {logging_mixin.py:188} INFO - Converted /opt/***/dags/data/sjres/BILLSTATUS-118sjres42.xml to /opt/***/dags/data/sjres/BILLSTATUS-118sjres42.json
[2024-04-09T05:05:07.405+0000] {taskinstance.py:2731} ERROR - Task failed with exception
Traceback (most recent call last):
  File "/opt/airflow/dags/scripts/python/xmlConvert.py", line 27, in convert_folder_xml_to_newline_json
    json_data = enforce_schema(json_data=json_data['billStatus'])
                ^^^^^^^^^^^^^^^^^^^^^^^^^^^^^^^^^^^^^^^^^^^^^^^^^
  File "/opt/airflow/dags/scripts/python/xmlConvert.py", line 97, in enforce_schema
    "item": [subject_dict(subject) for subject in ensure_list(json_data.get("bill", {}).get("subjects", {}).get("legislativeSubjects", {}).get("item", []))]
                                                              ^^^^^^^^^^^^^^^^^^^^^^^^^^^^^^^^^^^^^^^^^^^^^^^^^^^^^^^^^^^^^^^^^^^^^^^^^^^^^^^^
AttributeError: 'NoneType' object has no attribute 'get'

During handling of the above exception, another exception occurred:

Traceback (most recent call last):
  File "/home/airflow/.local/lib/python3.11/site-packages/airflow/models/taskinstance.py", line 444, in _execute_task
    result = _execute_callable(context=context, **execute_callable_kwargs)
             ^^^^^^^^^^^^^^^^^^^^^^^^^^^^^^^^^^^^^^^^^^^^^^^^^^^^^^^^^^^^^
  File "/home/airflow/.local/lib/python3.11/site-packages/airflow/models/taskinstance.py", line 414, in _execute_callable
    return execute_callable(context=context, **execute_callable_kwargs)
           ^^^^^^^^^^^^^^^^^^^^^^^^^^^^^^^^^^^^^^^^^^^^^^^^^^^^^^^^^^^^
  File "/home/airflow/.local/lib/python3.11/site-packages/airflow/operators/python.py", line 200, in execute
    return_value = self.execute_callable()
                   ^^^^^^^^^^^^^^^^^^^^^^^
  File "/home/airflow/.local/lib/python3.11/site-packages/airflow/operators/python.py", line 217, in execute_callable
    return self.python_callable(*self.op_args, **self.op_kwargs)
           ^^^^^^^^^^^^^^^^^^^^^^^^^^^^^^^^^^^^^^^^^^^^^^^^^^^^^
  File "/opt/airflow/dags/scripts/python/xmlConvert.py", line 41, in convert_folder_xml_to_newline_json
    raise Exception(f'failed to convert data for {xml_file}')
Exception: failed to convert data for /opt/***/dags/data/sjres/BILLSTATUS-118sjres51.xml
[2024-04-09T05:05:07.438+0000] {taskinstance.py:1149} INFO - Marking task as FAILED. dag_id=upload_congress_data, task_id=convert_bill_files, execution_date=20240409T044159, start_date=20240409T044815, end_date=20240409T050507
[2024-04-09T05:05:07.465+0000] {standard_task_runner.py:107} ERROR - Failed to execute job 10 for task convert_bill_files (failed to convert data for /opt/***/dags/data/sjres/BILLSTATUS-118sjres51.xml; 617)
[2024-04-09T05:05:07.506+0000] {local_task_job_runner.py:234} INFO - Task exited with return code 1
[2024-04-09T05:05:07.570+0000] {taskinstance.py:3312} INFO - 0 downstream tasks scheduled from follow-on schedule check
