[2024-04-12T17:44:09.201+0000] {taskinstance.py:1979} INFO - Dependencies all met for dep_context=non-requeueable deps ti=<TaskInstance: upload_congress_data.upload_bill_status_to_gcs scheduled__2024-03-15T00:00:00+00:00 [queued]>
[2024-04-12T17:44:09.207+0000] {taskinstance.py:1979} INFO - Dependencies all met for dep_context=requeueable deps ti=<TaskInstance: upload_congress_data.upload_bill_status_to_gcs scheduled__2024-03-15T00:00:00+00:00 [queued]>
[2024-04-12T17:44:09.208+0000] {taskinstance.py:2193} INFO - Starting attempt 1 of 1
[2024-04-12T17:44:09.218+0000] {taskinstance.py:2217} INFO - Executing <Task(PythonOperator): upload_bill_status_to_gcs> on 2024-03-15 00:00:00+00:00
[2024-04-12T17:44:09.225+0000] {standard_task_runner.py:60} INFO - Started process 152 to run task
[2024-04-12T17:44:09.229+0000] {standard_task_runner.py:87} INFO - Running: ['***', 'tasks', 'run', 'upload_congress_data', 'upload_bill_status_to_gcs', 'scheduled__2024-03-15T00:00:00+00:00', '--job-id', '7', '--raw', '--subdir', 'DAGS_FOLDER/upload_congress_data.py', '--cfg-path', '/tmp/tmpoh2m4rma']
[2024-04-12T17:44:09.233+0000] {standard_task_runner.py:88} INFO - Job 7: Subtask upload_bill_status_to_gcs
[2024-04-12T17:44:09.314+0000] {task_command.py:423} INFO - Running <TaskInstance: upload_congress_data.upload_bill_status_to_gcs scheduled__2024-03-15T00:00:00+00:00 [running]> on host 08bbc0b56ffc
[2024-04-12T17:44:09.382+0000] {taskinstance.py:2513} INFO - Exporting env vars: AIRFLOW_CTX_DAG_OWNER='***' AIRFLOW_CTX_DAG_ID='upload_congress_data' AIRFLOW_CTX_TASK_ID='upload_bill_status_to_gcs' AIRFLOW_CTX_EXECUTION_DATE='2024-03-15T00:00:00+00:00' AIRFLOW_CTX_TRY_NUMBER='1' AIRFLOW_CTX_DAG_RUN_ID='scheduled__2024-03-15T00:00:00+00:00'
[2024-04-12T17:44:10.300+0000] {logging_mixin.py:188} INFO - Uploaded /opt/***/dags/data/bills/hjres/BILLSTATUS-118hjres68.json to gs://congress_data/bill_status/hjres/BILLSTATUS-118hjres68.json
[2024-04-12T17:44:10.741+0000] {logging_mixin.py:188} INFO - Uploaded /opt/***/dags/data/bills/hjres/BILLSTATUS-118hjres44.json to gs://congress_data/bill_status/hjres/BILLSTATUS-118hjres44.json
[2024-04-12T17:44:11.177+0000] {logging_mixin.py:188} INFO - Uploaded /opt/***/dags/data/bills/hjres/BILLSTATUS-118hjres45.json to gs://congress_data/bill_status/hjres/BILLSTATUS-118hjres45.json
[2024-04-12T17:44:11.679+0000] {logging_mixin.py:188} INFO - Uploaded /opt/***/dags/data/bills/hjres/BILLSTATUS-118hjres24.json to gs://congress_data/bill_status/hjres/BILLSTATUS-118hjres24.json
[2024-04-12T17:44:12.111+0000] {logging_mixin.py:188} INFO - Uploaded /opt/***/dags/data/bills/hjres/BILLSTATUS-118hjres39.json to gs://congress_data/bill_status/hjres/BILLSTATUS-118hjres39.json
[2024-04-12T17:44:12.595+0000] {logging_mixin.py:188} INFO - Uploaded /opt/***/dags/data/bills/hjres/BILLSTATUS-118hjres42.json to gs://congress_data/bill_status/hjres/BILLSTATUS-118hjres42.json
[2024-04-12T17:44:13.036+0000] {logging_mixin.py:188} INFO - Uploaded /opt/***/dags/data/bills/hjres/BILLSTATUS-118hjres74.json to gs://congress_data/bill_status/hjres/BILLSTATUS-118hjres74.json
[2024-04-12T17:44:13.532+0000] {logging_mixin.py:188} INFO - Uploaded /opt/***/dags/data/bills/hjres/BILLSTATUS-118hjres7.json to gs://congress_data/bill_status/hjres/BILLSTATUS-118hjres7.json
[2024-04-12T17:44:13.985+0000] {logging_mixin.py:188} INFO - Uploaded /opt/***/dags/data/bills/hjres/BILLSTATUS-118hjres79.json to gs://congress_data/bill_status/hjres/BILLSTATUS-118hjres79.json
[2024-04-12T17:44:14.418+0000] {logging_mixin.py:188} INFO - Uploaded /opt/***/dags/data/bills/hjres/BILLSTATUS-118hjres98.json to gs://congress_data/bill_status/hjres/BILLSTATUS-118hjres98.json
[2024-04-12T17:44:14.902+0000] {logging_mixin.py:188} INFO - Uploaded /opt/***/dags/data/bills/hjres/BILLSTATUS-118hjres70.json to gs://congress_data/bill_status/hjres/BILLSTATUS-118hjres70.json
[2024-04-12T17:44:15.326+0000] {logging_mixin.py:188} INFO - Uploaded /opt/***/dags/data/bills/hjres/BILLSTATUS-118hjres27.json to gs://congress_data/bill_status/hjres/BILLSTATUS-118hjres27.json
[2024-04-12T17:44:15.796+0000] {logging_mixin.py:188} INFO - Uploaded /opt/***/dags/data/bills/hjres/BILLSTATUS-118hjres88.json to gs://congress_data/bill_status/hjres/BILLSTATUS-118hjres88.json
[2024-04-12T17:44:16.259+0000] {logging_mixin.py:188} INFO - Uploaded /opt/***/dags/data/bills/hjres/BILLSTATUS-118hjres30.json to gs://congress_data/bill_status/hjres/BILLSTATUS-118hjres30.json
[2024-04-12T17:44:16.719+0000] {logging_mixin.py:188} INFO - Uploaded /opt/***/dags/data/bills/hjres/BILLSTATUS-118hjres26.json to gs://congress_data/bill_status/hjres/BILLSTATUS-118hjres26.json
[2024-04-12T17:44:17.141+0000] {logging_mixin.py:188} INFO - Uploaded /opt/***/dags/data/bills/hjres/BILLSTATUS-118hjres71.json to gs://congress_data/bill_status/hjres/BILLSTATUS-118hjres71.json
[2024-04-12T17:44:17.593+0000] {logging_mixin.py:188} INFO - Uploaded /opt/***/dags/data/bills/hconres/BILLSTATUS-118hconres7.json to gs://congress_data/bill_status/hconres/BILLSTATUS-118hconres7.json
[2024-04-12T17:44:18.056+0000] {logging_mixin.py:188} INFO - Uploaded /opt/***/dags/data/bills/hconres/BILLSTATUS-118hconres30.json to gs://congress_data/bill_status/hconres/BILLSTATUS-118hconres30.json
[2024-04-12T17:44:18.520+0000] {logging_mixin.py:188} INFO - Uploaded /opt/***/dags/data/bills/hconres/BILLSTATUS-118hconres57.json to gs://congress_data/bill_status/hconres/BILLSTATUS-118hconres57.json
[2024-04-12T17:44:18.973+0000] {logging_mixin.py:188} INFO - Uploaded /opt/***/dags/data/bills/hconres/BILLSTATUS-118hconres40.json to gs://congress_data/bill_status/hconres/BILLSTATUS-118hconres40.json
[2024-04-12T17:44:19.440+0000] {logging_mixin.py:188} INFO - Uploaded /opt/***/dags/data/bills/hconres/BILLSTATUS-118hconres21.json to gs://congress_data/bill_status/hconres/BILLSTATUS-118hconres21.json
[2024-04-12T17:44:19.863+0000] {logging_mixin.py:188} INFO - Uploaded /opt/***/dags/data/bills/hconres/BILLSTATUS-118hconres3.json to gs://congress_data/bill_status/hconres/BILLSTATUS-118hconres3.json
[2024-04-12T17:44:20.300+0000] {logging_mixin.py:188} INFO - Uploaded /opt/***/dags/data/bills/hconres/BILLSTATUS-118hconres86.json to gs://congress_data/bill_status/hconres/BILLSTATUS-118hconres86.json
[2024-04-12T17:44:20.724+0000] {logging_mixin.py:188} INFO - Uploaded /opt/***/dags/data/bills/hconres/BILLSTATUS-118hconres9.json to gs://congress_data/bill_status/hconres/BILLSTATUS-118hconres9.json
[2024-04-12T17:44:21.160+0000] {logging_mixin.py:188} INFO - Uploaded /opt/***/dags/data/bills/hconres/BILLSTATUS-118hconres25.json to gs://congress_data/bill_status/hconres/BILLSTATUS-118hconres25.json
[2024-04-12T17:44:21.602+0000] {logging_mixin.py:188} INFO - Uploaded /opt/***/dags/data/bills/s/BILLSTATUS-118s870.json to gs://congress_data/bill_status/s/BILLSTATUS-118s870.json
[2024-04-12T17:44:22.024+0000] {logging_mixin.py:188} INFO - Uploaded /opt/***/dags/data/bills/s/BILLSTATUS-118s3427.json to gs://congress_data/bill_status/s/BILLSTATUS-118s3427.json
[2024-04-12T17:44:22.450+0000] {logging_mixin.py:188} INFO - Uploaded /opt/***/dags/data/bills/s/BILLSTATUS-118s112.json to gs://congress_data/bill_status/s/BILLSTATUS-118s112.json
[2024-04-12T17:44:22.878+0000] {logging_mixin.py:188} INFO - Uploaded /opt/***/dags/data/bills/s/BILLSTATUS-118s3250.json to gs://congress_data/bill_status/s/BILLSTATUS-118s3250.json
[2024-04-12T17:44:23.310+0000] {logging_mixin.py:188} INFO - Uploaded /opt/***/dags/data/bills/s/BILLSTATUS-118s2226.json to gs://congress_data/bill_status/s/BILLSTATUS-118s2226.json
[2024-04-12T17:44:23.806+0000] {logging_mixin.py:188} INFO - Uploaded /opt/***/dags/data/bills/s/BILLSTATUS-118s2051.json to gs://congress_data/bill_status/s/BILLSTATUS-118s2051.json
[2024-04-12T17:44:24.276+0000] {logging_mixin.py:188} INFO - Uploaded /opt/***/dags/data/bills/s/BILLSTATUS-118s788.json to gs://congress_data/bill_status/s/BILLSTATUS-118s788.json
[2024-04-12T17:44:24.711+0000] {logging_mixin.py:188} INFO - Uploaded /opt/***/dags/data/bills/s/BILLSTATUS-118s475.json to gs://congress_data/bill_status/s/BILLSTATUS-118s475.json
[2024-04-12T17:44:25.159+0000] {logging_mixin.py:188} INFO - Uploaded /opt/***/dags/data/bills/s/BILLSTATUS-118s619.json to gs://congress_data/bill_status/s/BILLSTATUS-118s619.json
[2024-04-12T17:44:25.602+0000] {logging_mixin.py:188} INFO - Uploaded /opt/***/dags/data/bills/s/BILLSTATUS-118s316.json to gs://congress_data/bill_status/s/BILLSTATUS-118s316.json
[2024-04-12T17:44:26.031+0000] {logging_mixin.py:188} INFO - Uploaded /opt/***/dags/data/bills/s/BILLSTATUS-118s382.json to gs://congress_data/bill_status/s/BILLSTATUS-118s382.json
[2024-04-12T17:44:26.477+0000] {logging_mixin.py:188} INFO - Uploaded /opt/***/dags/data/bills/s/BILLSTATUS-118s3853.json to gs://congress_data/bill_status/s/BILLSTATUS-118s3853.json
[2024-04-12T17:44:26.954+0000] {logging_mixin.py:188} INFO - Uploaded /opt/***/dags/data/bills/s/BILLSTATUS-118s111.json to gs://congress_data/bill_status/s/BILLSTATUS-118s111.json
[2024-04-12T17:44:27.439+0000] {logging_mixin.py:188} INFO - Uploaded /opt/***/dags/data/bills/s/BILLSTATUS-118s326.json to gs://congress_data/bill_status/s/BILLSTATUS-118s326.json
[2024-04-12T17:44:27.911+0000] {logging_mixin.py:188} INFO - Uploaded /opt/***/dags/data/bills/sres/BILLSTATUS-118sres13.json to gs://congress_data/bill_status/sres/BILLSTATUS-118sres13.json
[2024-04-12T17:44:28.374+0000] {logging_mixin.py:188} INFO - Uploaded /opt/***/dags/data/bills/sres/BILLSTATUS-118sres21.json to gs://congress_data/bill_status/sres/BILLSTATUS-118sres21.json
[2024-04-12T17:44:28.787+0000] {logging_mixin.py:188} INFO - Uploaded /opt/***/dags/data/bills/sres/BILLSTATUS-118sres504.json to gs://congress_data/bill_status/sres/BILLSTATUS-118sres504.json
[2024-04-12T17:44:29.252+0000] {logging_mixin.py:188} INFO - Uploaded /opt/***/dags/data/bills/sres/BILLSTATUS-118sres417.json to gs://congress_data/bill_status/sres/BILLSTATUS-118sres417.json
[2024-04-12T17:44:29.720+0000] {logging_mixin.py:188} INFO - Uploaded /opt/***/dags/data/bills/hr/BILLSTATUS-118hr1339.json to gs://congress_data/bill_status/hr/BILLSTATUS-118hr1339.json
[2024-04-12T17:44:30.151+0000] {logging_mixin.py:188} INFO - Uploaded /opt/***/dags/data/bills/hr/BILLSTATUS-118hr2796.json to gs://congress_data/bill_status/hr/BILLSTATUS-118hr2796.json
[2024-04-12T17:44:30.575+0000] {logging_mixin.py:188} INFO - Uploaded /opt/***/dags/data/bills/hr/BILLSTATUS-118hr2811.json to gs://congress_data/bill_status/hr/BILLSTATUS-118hr2811.json
[2024-04-12T17:44:31.090+0000] {logging_mixin.py:188} INFO - Uploaded /opt/***/dags/data/bills/hr/BILLSTATUS-118hr23.json to gs://congress_data/bill_status/hr/BILLSTATUS-118hr23.json
[2024-04-12T17:44:31.526+0000] {logging_mixin.py:188} INFO - Uploaded /opt/***/dags/data/bills/hr/BILLSTATUS-118hr406.json to gs://congress_data/bill_status/hr/BILLSTATUS-118hr406.json
[2024-04-12T17:44:31.983+0000] {logging_mixin.py:188} INFO - Uploaded /opt/***/dags/data/bills/hr/BILLSTATUS-118hr4984.json to gs://congress_data/bill_status/hr/BILLSTATUS-118hr4984.json
[2024-04-12T17:44:32.445+0000] {logging_mixin.py:188} INFO - Uploaded /opt/***/dags/data/bills/hr/BILLSTATUS-118hr538.json to gs://congress_data/bill_status/hr/BILLSTATUS-118hr538.json
[2024-04-12T17:44:32.868+0000] {logging_mixin.py:188} INFO - Uploaded /opt/***/dags/data/bills/hr/BILLSTATUS-118hr3152.json to gs://congress_data/bill_status/hr/BILLSTATUS-118hr3152.json
[2024-04-12T17:44:33.307+0000] {logging_mixin.py:188} INFO - Uploaded /opt/***/dags/data/bills/hr/BILLSTATUS-118hr5585.json to gs://congress_data/bill_status/hr/BILLSTATUS-118hr5585.json
[2024-04-12T17:44:33.739+0000] {logging_mixin.py:188} INFO - Uploaded /opt/***/dags/data/bills/hr/BILLSTATUS-118hr4394.json to gs://congress_data/bill_status/hr/BILLSTATUS-118hr4394.json
[2024-04-12T17:44:34.275+0000] {logging_mixin.py:188} INFO - Uploaded /opt/***/dags/data/bills/hr/BILLSTATUS-118hr277.json to gs://congress_data/bill_status/hr/BILLSTATUS-118hr277.json
[2024-04-12T17:44:34.706+0000] {logging_mixin.py:188} INFO - Uploaded /opt/***/dags/data/bills/hr/BILLSTATUS-118hr1159.json to gs://congress_data/bill_status/hr/BILLSTATUS-118hr1159.json
[2024-04-12T17:44:35.140+0000] {logging_mixin.py:188} INFO - Uploaded /opt/***/dags/data/bills/hr/BILLSTATUS-118hr7520.json to gs://congress_data/bill_status/hr/BILLSTATUS-118hr7520.json
[2024-04-12T17:44:35.562+0000] {logging_mixin.py:188} INFO - Uploaded /opt/***/dags/data/bills/hr/BILLSTATUS-118hr3099.json to gs://congress_data/bill_status/hr/BILLSTATUS-118hr3099.json
[2024-04-12T17:44:36.059+0000] {logging_mixin.py:188} INFO - Uploaded /opt/***/dags/data/bills/hr/BILLSTATUS-118hr7023.json to gs://congress_data/bill_status/hr/BILLSTATUS-118hr7023.json
[2024-04-12T17:44:36.487+0000] {logging_mixin.py:188} INFO - Uploaded /opt/***/dags/data/bills/hr/BILLSTATUS-118hr1548.json to gs://congress_data/bill_status/hr/BILLSTATUS-118hr1548.json
[2024-04-12T17:44:36.953+0000] {logging_mixin.py:188} INFO - Uploaded /opt/***/dags/data/bills/hr/BILLSTATUS-118hr1163.json to gs://congress_data/bill_status/hr/BILLSTATUS-118hr1163.json
[2024-04-12T17:44:37.397+0000] {logging_mixin.py:188} INFO - Uploaded /opt/***/dags/data/bills/hr/BILLSTATUS-118hr6976.json to gs://congress_data/bill_status/hr/BILLSTATUS-118hr6976.json
[2024-04-12T17:44:37.814+0000] {logging_mixin.py:188} INFO - Uploaded /opt/***/dags/data/bills/hr/BILLSTATUS-118hr3774.json to gs://congress_data/bill_status/hr/BILLSTATUS-118hr3774.json
[2024-04-12T17:44:38.246+0000] {logging_mixin.py:188} INFO - Uploaded /opt/***/dags/data/bills/hr/BILLSTATUS-118hr6126.json to gs://congress_data/bill_status/hr/BILLSTATUS-118hr6126.json
[2024-04-12T17:44:38.674+0000] {logging_mixin.py:188} INFO - Uploaded /opt/***/dags/data/bills/hr/BILLSTATUS-118hr467.json to gs://congress_data/bill_status/hr/BILLSTATUS-118hr467.json
[2024-04-12T17:44:39.104+0000] {logging_mixin.py:188} INFO - Uploaded /opt/***/dags/data/bills/hr/BILLSTATUS-118hr3324.json to gs://congress_data/bill_status/hr/BILLSTATUS-118hr3324.json
[2024-04-12T17:44:39.568+0000] {logging_mixin.py:188} INFO - Uploaded /opt/***/dags/data/bills/hr/BILLSTATUS-118hr5862.json to gs://congress_data/bill_status/hr/BILLSTATUS-118hr5862.json
[2024-04-12T17:44:40.087+0000] {logging_mixin.py:188} INFO - Uploaded /opt/***/dags/data/bills/hr/BILLSTATUS-118hr1123.json to gs://congress_data/bill_status/hr/BILLSTATUS-118hr1123.json
[2024-04-12T17:44:40.505+0000] {logging_mixin.py:188} INFO - Uploaded /opt/***/dags/data/bills/hr/BILLSTATUS-118hr1836.json to gs://congress_data/bill_status/hr/BILLSTATUS-118hr1836.json
[2024-04-12T17:44:41.012+0000] {logging_mixin.py:188} INFO - Uploaded /opt/***/dags/data/bills/hr/BILLSTATUS-118hr3935.json to gs://congress_data/bill_status/hr/BILLSTATUS-118hr3935.json
[2024-04-12T17:44:41.491+0000] {logging_mixin.py:188} INFO - Uploaded /opt/***/dags/data/bills/hr/BILLSTATUS-118hr2670.json to gs://congress_data/bill_status/hr/BILLSTATUS-118hr2670.json
[2024-04-12T17:44:41.927+0000] {logging_mixin.py:188} INFO - Uploaded /opt/***/dags/data/bills/hr/BILLSTATUS-118hr2365.json to gs://congress_data/bill_status/hr/BILLSTATUS-118hr2365.json
[2024-04-12T17:44:42.360+0000] {logging_mixin.py:188} INFO - Uploaded /opt/***/dags/data/bills/hr/BILLSTATUS-118hr1226.json to gs://congress_data/bill_status/hr/BILLSTATUS-118hr1226.json
[2024-04-12T17:44:42.782+0000] {logging_mixin.py:188} INFO - Uploaded /opt/***/dags/data/bills/hr/BILLSTATUS-118hr4531.json to gs://congress_data/bill_status/hr/BILLSTATUS-118hr4531.json
[2024-04-12T17:44:43.230+0000] {logging_mixin.py:188} INFO - Uploaded /opt/***/dags/data/bills/hr/BILLSTATUS-118hr734.json to gs://congress_data/bill_status/hr/BILLSTATUS-118hr734.json
[2024-04-12T17:44:43.692+0000] {logging_mixin.py:188} INFO - Uploaded /opt/***/dags/data/bills/hr/BILLSTATUS-118hr7521.json to gs://congress_data/bill_status/hr/BILLSTATUS-118hr7521.json
[2024-04-12T17:44:44.137+0000] {logging_mixin.py:188} INFO - Uploaded /opt/***/dags/data/bills/hr/BILLSTATUS-118hr5.json to gs://congress_data/bill_status/hr/BILLSTATUS-118hr5.json
[2024-04-12T17:44:44.587+0000] {logging_mixin.py:188} INFO - Uploaded /opt/***/dags/data/bills/hr/BILLSTATUS-118hr3391.json to gs://congress_data/bill_status/hr/BILLSTATUS-118hr3391.json
[2024-04-12T17:44:45.062+0000] {logging_mixin.py:188} INFO - Uploaded /opt/***/dags/data/bills/hr/BILLSTATUS-118hr2754.json to gs://congress_data/bill_status/hr/BILLSTATUS-118hr2754.json
[2024-04-12T17:44:45.538+0000] {logging_mixin.py:188} INFO - Uploaded /opt/***/dags/data/bills/hr/BILLSTATUS-118hr485.json to gs://congress_data/bill_status/hr/BILLSTATUS-118hr485.json
[2024-04-12T17:44:45.982+0000] {logging_mixin.py:188} INFO - Uploaded /opt/***/dags/data/bills/hr/BILLSTATUS-118hr1752.json to gs://congress_data/bill_status/hr/BILLSTATUS-118hr1752.json
[2024-04-12T17:44:46.544+0000] {logging_mixin.py:188} INFO - Uploaded /opt/***/dags/data/bills/hr/BILLSTATUS-118hr1093.json to gs://congress_data/bill_status/hr/BILLSTATUS-118hr1093.json
[2024-04-12T17:44:46.977+0000] {logging_mixin.py:188} INFO - Uploaded /opt/***/dags/data/bills/hr/BILLSTATUS-118hr1640.json to gs://congress_data/bill_status/hr/BILLSTATUS-118hr1640.json
[2024-04-12T17:44:47.514+0000] {logging_mixin.py:188} INFO - Uploaded /opt/***/dags/data/bills/hr/BILLSTATUS-118hr3981.json to gs://congress_data/bill_status/hr/BILLSTATUS-118hr3981.json
[2024-04-12T17:44:47.934+0000] {logging_mixin.py:188} INFO - Uploaded /opt/***/dags/data/bills/hr/BILLSTATUS-118hr542.json to gs://congress_data/bill_status/hr/BILLSTATUS-118hr542.json
[2024-04-12T17:44:48.358+0000] {logging_mixin.py:188} INFO - Uploaded /opt/***/dags/data/bills/hr/BILLSTATUS-118hr22.json to gs://congress_data/bill_status/hr/BILLSTATUS-118hr22.json
[2024-04-12T17:44:48.833+0000] {logging_mixin.py:188} INFO - Uploaded /opt/***/dags/data/bills/hr/BILLSTATUS-118hr2797.json to gs://congress_data/bill_status/hr/BILLSTATUS-118hr2797.json
[2024-04-12T17:44:49.277+0000] {logging_mixin.py:188} INFO - Uploaded /opt/***/dags/data/bills/hr/BILLSTATUS-118hr1154.json to gs://congress_data/bill_status/hr/BILLSTATUS-118hr1154.json
[2024-04-12T17:44:49.695+0000] {logging_mixin.py:188} INFO - Uploaded /opt/***/dags/data/bills/hr/BILLSTATUS-118hr1338.json to gs://congress_data/bill_status/hr/BILLSTATUS-118hr1338.json
[2024-04-12T17:44:50.161+0000] {logging_mixin.py:188} INFO - Uploaded /opt/***/dags/data/bills/hr/BILLSTATUS-118hr2.json to gs://congress_data/bill_status/hr/BILLSTATUS-118hr2.json
[2024-04-12T17:44:50.594+0000] {logging_mixin.py:188} INFO - Uploaded /opt/***/dags/data/bills/hr/BILLSTATUS-118hr7463.json to gs://congress_data/bill_status/hr/BILLSTATUS-118hr7463.json
[2024-04-12T17:44:51.019+0000] {logging_mixin.py:188} INFO - Uploaded /opt/***/dags/data/bills/hr/BILLSTATUS-118hr676.json to gs://congress_data/bill_status/hr/BILLSTATUS-118hr676.json
[2024-04-12T17:44:51.464+0000] {logging_mixin.py:188} INFO - Uploaded /opt/***/dags/data/bills/hr/BILLSTATUS-118hr7176.json to gs://congress_data/bill_status/hr/BILLSTATUS-118hr7176.json
[2024-04-12T17:44:51.894+0000] {logging_mixin.py:188} INFO - Uploaded /opt/***/dags/data/bills/hr/BILLSTATUS-118hr1734.json to gs://congress_data/bill_status/hr/BILLSTATUS-118hr1734.json
[2024-04-12T17:44:52.364+0000] {logging_mixin.py:188} INFO - Uploaded /opt/***/dags/data/bills/hr/BILLSTATUS-118hr3089.json to gs://congress_data/bill_status/hr/BILLSTATUS-118hr3089.json
[2024-04-12T17:44:52.809+0000] {logging_mixin.py:188} INFO - Uploaded /opt/***/dags/data/bills/hr/BILLSTATUS-118hr288.json to gs://congress_data/bill_status/hr/BILLSTATUS-118hr288.json
[2024-04-12T17:44:53.235+0000] {logging_mixin.py:188} INFO - Uploaded /opt/***/dags/data/bills/hr/BILLSTATUS-118hr1149.json to gs://congress_data/bill_status/hr/BILLSTATUS-118hr1149.json
[2024-04-12T17:44:53.658+0000] {logging_mixin.py:188} INFO - Uploaded /opt/***/dags/data/bills/hr/BILLSTATUS-118hr359.json to gs://congress_data/bill_status/hr/BILLSTATUS-118hr359.json
[2024-04-12T17:44:54.085+0000] {logging_mixin.py:188} INFO - Uploaded /opt/***/dags/data/bills/hr/BILLSTATUS-118hr4367.json to gs://congress_data/bill_status/hr/BILLSTATUS-118hr4367.json
[2024-04-12T17:44:54.564+0000] {logging_mixin.py:188} INFO - Uploaded /opt/***/dags/data/bills/hr/BILLSTATUS-118hr4664.json to gs://congress_data/bill_status/hr/BILLSTATUS-118hr4664.json
[2024-04-12T17:44:55.002+0000] {logging_mixin.py:188} INFO - Uploaded /opt/***/dags/data/bills/hr/BILLSTATUS-118hr6679.json to gs://congress_data/bill_status/hr/BILLSTATUS-118hr6679.json
[2024-04-12T17:44:55.427+0000] {logging_mixin.py:188} INFO - Uploaded /opt/***/dags/data/bills/hr/BILLSTATUS-118hr5110.json to gs://congress_data/bill_status/hr/BILLSTATUS-118hr5110.json
[2024-04-12T17:44:55.934+0000] {logging_mixin.py:188} INFO - Uploaded /opt/***/dags/data/bills/hr/BILLSTATUS-118hr400.json to gs://congress_data/bill_status/hr/BILLSTATUS-118hr400.json
[2024-04-12T17:44:56.383+0000] {logging_mixin.py:188} INFO - Uploaded /opt/***/dags/data/bills/hr/BILLSTATUS-118hr139.json to gs://congress_data/bill_status/hr/BILLSTATUS-118hr139.json
[2024-04-12T17:44:56.812+0000] {logging_mixin.py:188} INFO - Uploaded /opt/***/dags/data/bills/hr/BILLSTATUS-118hr302.json to gs://congress_data/bill_status/hr/BILLSTATUS-118hr302.json
[2024-04-12T17:44:57.272+0000] {logging_mixin.py:188} INFO - Uploaded /opt/***/dags/data/bills/hr/BILLSTATUS-118hr1606.json to gs://congress_data/bill_status/hr/BILLSTATUS-118hr1606.json
[2024-04-12T17:44:57.723+0000] {logging_mixin.py:188} INFO - Uploaded /opt/***/dags/data/bills/hr/BILLSTATUS-118hr6655.json to gs://congress_data/bill_status/hr/BILLSTATUS-118hr6655.json
[2024-04-12T17:44:58.171+0000] {logging_mixin.py:188} INFO - Uploaded /opt/***/dags/data/bills/hr/BILLSTATUS-118hr1715.json to gs://congress_data/bill_status/hr/BILLSTATUS-118hr1715.json
[2024-04-12T17:44:58.600+0000] {logging_mixin.py:188} INFO - Uploaded /opt/***/dags/data/bills/hr/BILLSTATUS-118hr2494.json to gs://congress_data/bill_status/hr/BILLSTATUS-118hr2494.json
[2024-04-12T17:44:59.056+0000] {logging_mixin.py:188} INFO - Uploaded /opt/***/dags/data/bills/hr/BILLSTATUS-118hr2882.json to gs://congress_data/bill_status/hr/BILLSTATUS-118hr2882.json
[2024-04-12T17:44:59.485+0000] {logging_mixin.py:188} INFO - Uploaded /opt/***/dags/data/bills/hr/BILLSTATUS-118hr1607.json to gs://congress_data/bill_status/hr/BILLSTATUS-118hr1607.json
[2024-04-12T17:44:59.982+0000] {logging_mixin.py:188} INFO - Uploaded /opt/***/dags/data/bills/hr/BILLSTATUS-118hr753.json to gs://congress_data/bill_status/hr/BILLSTATUS-118hr753.json
[2024-04-12T17:45:00.407+0000] {logging_mixin.py:188} INFO - Uploaded /opt/***/dags/data/bills/hr/BILLSTATUS-118hr7511.json to gs://congress_data/bill_status/hr/BILLSTATUS-118hr7511.json
[2024-04-12T17:45:00.844+0000] {logging_mixin.py:188} INFO - Uploaded /opt/***/dags/data/bills/hr/BILLSTATUS-118hr7454.json to gs://congress_data/bill_status/hr/BILLSTATUS-118hr7454.json
[2024-04-12T17:45:01.317+0000] {logging_mixin.py:188} INFO - Uploaded /opt/***/dags/data/bills/hr/BILLSTATUS-118hr1353.json to gs://congress_data/bill_status/hr/BILLSTATUS-118hr1353.json
[2024-04-12T17:45:01.753+0000] {logging_mixin.py:188} INFO - Uploaded /opt/***/dags/data/bills/hr/BILLSTATUS-118hr3250.json to gs://congress_data/bill_status/hr/BILLSTATUS-118hr3250.json
[2024-04-12T17:45:02.224+0000] {logging_mixin.py:188} INFO - Uploaded /opt/***/dags/data/bills/hr/BILLSTATUS-118hr4468.json to gs://congress_data/bill_status/hr/BILLSTATUS-118hr4468.json
[2024-04-12T17:45:02.671+0000] {logging_mixin.py:188} INFO - Uploaded /opt/***/dags/data/bills/hr/BILLSTATUS-118hr2379.json to gs://congress_data/bill_status/hr/BILLSTATUS-118hr2379.json
[2024-04-12T17:45:03.103+0000] {logging_mixin.py:188} INFO - Uploaded /opt/***/dags/data/bills/hr/BILLSTATUS-118hr1105.json to gs://congress_data/bill_status/hr/BILLSTATUS-118hr1105.json
[2024-04-12T17:45:03.533+0000] {logging_mixin.py:188} INFO - Uploaded /opt/***/dags/data/bills/hr/BILLSTATUS-118hr6678.json to gs://congress_data/bill_status/hr/BILLSTATUS-118hr6678.json
[2024-04-12T17:45:04.028+0000] {logging_mixin.py:188} INFO - Uploaded /opt/***/dags/data/bills/hr/BILLSTATUS-118hr4665.json to gs://congress_data/bill_status/hr/BILLSTATUS-118hr4665.json
[2024-04-12T17:45:04.517+0000] {logging_mixin.py:188} INFO - Uploaded /opt/***/dags/data/bills/hr/BILLSTATUS-118hr533.json to gs://congress_data/bill_status/hr/BILLSTATUS-118hr533.json
[2024-04-12T17:45:04.991+0000] {logging_mixin.py:188} INFO - Uploaded /opt/***/dags/data/bills/hr/BILLSTATUS-118hr4366.json to gs://congress_data/bill_status/hr/BILLSTATUS-118hr4366.json
[2024-04-12T17:45:05.433+0000] {logging_mixin.py:188} INFO - Uploaded /opt/***/dags/data/bills/hr/BILLSTATUS-118hr5961.json to gs://congress_data/bill_status/hr/BILLSTATUS-118hr5961.json
[2024-04-12T17:45:05.918+0000] {logging_mixin.py:188} INFO - Uploaded /opt/***/dags/data/bills/hr/BILLSTATUS-118hr1076.json to gs://congress_data/bill_status/hr/BILLSTATUS-118hr1076.json
[2024-04-12T17:45:06.365+0000] {logging_mixin.py:188} INFO - Uploaded /opt/***/dags/data/bills/hr/BILLSTATUS-118hr6009.json to gs://congress_data/bill_status/hr/BILLSTATUS-118hr6009.json
[2024-04-12T17:45:06.793+0000] {logging_mixin.py:188} INFO - Uploaded /opt/***/dags/data/bills/hr/BILLSTATUS-118hr7024.json to gs://congress_data/bill_status/hr/BILLSTATUS-118hr7024.json
[2024-04-12T17:45:07.228+0000] {logging_mixin.py:188} INFO - Uploaded /opt/***/dags/data/bills/hr/BILLSTATUS-118hr3821.json to gs://congress_data/bill_status/hr/BILLSTATUS-118hr3821.json
[2024-04-12T17:45:07.710+0000] {logging_mixin.py:188} INFO - Uploaded /opt/***/dags/data/bills/hr/BILLSTATUS-118hr3564.json to gs://congress_data/bill_status/hr/BILLSTATUS-118hr3564.json
[2024-04-12T17:45:08.202+0000] {logging_mixin.py:188} INFO - Uploaded /opt/***/dags/data/bills/hr/BILLSTATUS-118hr159.json to gs://congress_data/bill_status/hr/BILLSTATUS-118hr159.json
[2024-04-12T17:45:08.668+0000] {logging_mixin.py:188} INFO - Uploaded /opt/***/dags/data/bills/hr/BILLSTATUS-118hr4723.json to gs://congress_data/bill_status/hr/BILLSTATUS-118hr4723.json
[2024-04-12T17:45:09.099+0000] {logging_mixin.py:188} INFO - Uploaded /opt/***/dags/data/bills/hr/BILLSTATUS-118hr4365.json to gs://congress_data/bill_status/hr/BILLSTATUS-118hr4365.json
[2024-04-12T17:45:09.532+0000] {logging_mixin.py:188} INFO - Uploaded /opt/***/dags/data/bills/hr/BILLSTATUS-118hr3224.json to gs://congress_data/bill_status/hr/BILLSTATUS-118hr3224.json
[2024-04-12T17:45:09.966+0000] {logging_mixin.py:188} INFO - Uploaded /opt/***/dags/data/bills/hr/BILLSTATUS-118hr662.json to gs://congress_data/bill_status/hr/BILLSTATUS-118hr662.json
[2024-04-12T17:45:10.405+0000] {logging_mixin.py:188} INFO - Uploaded /opt/***/dags/data/bills/hr/BILLSTATUS-118hr3843.json to gs://congress_data/bill_status/hr/BILLSTATUS-118hr3843.json
[2024-04-12T17:45:10.853+0000] {logging_mixin.py:188} INFO - Uploaded /opt/***/dags/data/bills/hr/BILLSTATUS-118hr300.json to gs://congress_data/bill_status/hr/BILLSTATUS-118hr300.json
[2024-04-12T17:45:11.293+0000] {logging_mixin.py:188} INFO - Uploaded /opt/***/dags/data/bills/hr/BILLSTATUS-118hr357.json to gs://congress_data/bill_status/hr/BILLSTATUS-118hr357.json
[2024-04-12T17:45:11.774+0000] {logging_mixin.py:188} INFO - Uploaded /opt/***/dags/data/bills/hr/BILLSTATUS-118hr1096.json to gs://congress_data/bill_status/hr/BILLSTATUS-118hr1096.json
[2024-04-12T17:45:12.205+0000] {logging_mixin.py:188} INFO - Uploaded /opt/***/dags/data/bills/hr/BILLSTATUS-118hr4502.json to gs://congress_data/bill_status/hr/BILLSTATUS-118hr4502.json
[2024-04-12T17:45:12.660+0000] {logging_mixin.py:188} INFO - Uploaded /opt/***/dags/data/bills/hr/BILLSTATUS-118hr1147.json to gs://congress_data/bill_status/hr/BILLSTATUS-118hr1147.json
[2024-04-12T17:45:13.149+0000] {logging_mixin.py:188} INFO - Uploaded /opt/***/dags/data/bills/hr/BILLSTATUS-118hr5692.json to gs://congress_data/bill_status/hr/BILLSTATUS-118hr5692.json
[2024-04-12T17:45:13.577+0000] {logging_mixin.py:188} INFO - Uploaded /opt/***/dags/data/bills/hr/BILLSTATUS-118hr6544.json to gs://congress_data/bill_status/hr/BILLSTATUS-118hr6544.json
[2024-04-12T17:45:14.025+0000] {logging_mixin.py:188} INFO - Uploaded /opt/***/dags/data/bills/hr/BILLSTATUS-118hr3746.json to gs://congress_data/bill_status/hr/BILLSTATUS-118hr3746.json
[2024-04-12T17:45:14.463+0000] {logging_mixin.py:188} INFO - Uploaded /opt/***/dags/data/bills/hr/BILLSTATUS-118hr140.json to gs://congress_data/bill_status/hr/BILLSTATUS-118hr140.json
[2024-04-12T17:45:14.911+0000] {logging_mixin.py:188} INFO - Uploaded /opt/***/dags/data/bills/hr/BILLSTATUS-118hr1669.json to gs://congress_data/bill_status/hr/BILLSTATUS-118hr1669.json
[2024-04-12T17:45:15.342+0000] {logging_mixin.py:188} INFO - Uploaded /opt/***/dags/data/bills/hr/BILLSTATUS-118hr3091.json to gs://congress_data/bill_status/hr/BILLSTATUS-118hr3091.json
[2024-04-12T17:45:15.815+0000] {logging_mixin.py:188} INFO - Uploaded /opt/***/dags/data/bills/hr/BILLSTATUS-118hr382.json to gs://congress_data/bill_status/hr/BILLSTATUS-118hr382.json
[2024-04-12T17:45:16.254+0000] {logging_mixin.py:188} INFO - Uploaded /opt/***/dags/data/bills/hr/BILLSTATUS-118hr3838.json to gs://congress_data/bill_status/hr/BILLSTATUS-118hr3838.json
[2024-04-12T17:45:16.683+0000] {logging_mixin.py:188} INFO - Uploaded /opt/***/dags/data/bills/hr/BILLSTATUS-118hr5283.json to gs://congress_data/bill_status/hr/BILLSTATUS-118hr5283.json
[2024-04-12T17:45:17.111+0000] {logging_mixin.py:188} INFO - Uploaded /opt/***/dags/data/bills/hr/BILLSTATUS-118hr1151.json to gs://congress_data/bill_status/hr/BILLSTATUS-118hr1151.json
[2024-04-12T17:45:17.547+0000] {logging_mixin.py:188} INFO - Uploaded /opt/***/dags/data/bills/hr/BILLSTATUS-118hr2792.json to gs://congress_data/bill_status/hr/BILLSTATUS-118hr2792.json
[2024-04-12T17:45:17.980+0000] {logging_mixin.py:188} INFO - Uploaded /opt/***/dags/data/bills/hr/BILLSTATUS-118hr443.json to gs://congress_data/bill_status/hr/BILLSTATUS-118hr443.json
[2024-04-12T17:45:18.421+0000] {logging_mixin.py:188} INFO - Uploaded /opt/***/dags/data/bills/hr/BILLSTATUS-118hr2793.json to gs://congress_data/bill_status/hr/BILLSTATUS-118hr2793.json
[2024-04-12T17:45:18.919+0000] {logging_mixin.py:188} INFO - Uploaded /opt/***/dags/data/bills/hr/BILLSTATUS-118hr1107.json to gs://congress_data/bill_status/hr/BILLSTATUS-118hr1107.json
[2024-04-12T17:45:19.346+0000] {logging_mixin.py:188} INFO - Uploaded /opt/***/dags/data/bills/hr/BILLSTATUS-118hr26.json to gs://congress_data/bill_status/hr/BILLSTATUS-118hr26.json
[2024-04-12T17:45:19.785+0000] {logging_mixin.py:188} INFO - Uploaded /opt/***/dags/data/bills/hr/BILLSTATUS-118hr815.json to gs://congress_data/bill_status/hr/BILLSTATUS-118hr815.json
[2024-04-12T17:45:20.228+0000] {logging_mixin.py:188} INFO - Uploaded /opt/***/dags/data/bills/hr/BILLSTATUS-118hr839.json to gs://congress_data/bill_status/hr/BILLSTATUS-118hr839.json
[2024-04-12T17:45:20.675+0000] {logging_mixin.py:188} INFO - Uploaded /opt/***/dags/data/bills/hr/BILLSTATUS-118hr497.json to gs://congress_data/bill_status/hr/BILLSTATUS-118hr497.json
[2024-04-12T17:45:21.127+0000] {logging_mixin.py:188} INFO - Uploaded /opt/***/dags/data/bills/hr/BILLSTATUS-118hr4368.json to gs://congress_data/bill_status/hr/BILLSTATUS-118hr4368.json
[2024-04-12T17:45:21.665+0000] {logging_mixin.py:188} INFO - Uploaded /opt/***/dags/data/bills/hr/BILLSTATUS-118hr7102.json to gs://congress_data/bill_status/hr/BILLSTATUS-118hr7102.json
[2024-04-12T17:45:22.122+0000] {logging_mixin.py:188} INFO - Uploaded /opt/***/dags/data/bills/hr/BILLSTATUS-118hr593.json to gs://congress_data/bill_status/hr/BILLSTATUS-118hr593.json
[2024-04-12T17:45:22.552+0000] {logging_mixin.py:188} INFO - Uploaded /opt/***/dags/data/bills/hr/BILLSTATUS-118hr340.json to gs://congress_data/bill_status/hr/BILLSTATUS-118hr340.json
[2024-04-12T17:45:22.998+0000] {logging_mixin.py:188} INFO - Uploaded /opt/***/dags/data/bills/hr/BILLSTATUS-118hr788.json to gs://congress_data/bill_status/hr/BILLSTATUS-118hr788.json
[2024-04-12T17:45:23.419+0000] {logging_mixin.py:188} INFO - Uploaded /opt/***/dags/data/bills/hr/BILLSTATUS-118hr6363.json to gs://congress_data/bill_status/hr/BILLSTATUS-118hr6363.json
[2024-04-12T17:45:23.881+0000] {logging_mixin.py:188} INFO - Uploaded /opt/***/dags/data/bills/hr/BILLSTATUS-118hr1.json to gs://congress_data/bill_status/hr/BILLSTATUS-118hr1.json
[2024-04-12T17:45:24.317+0000] {logging_mixin.py:188} INFO - Uploaded /opt/***/dags/data/bills/hr/BILLSTATUS-118hr4470.json to gs://congress_data/bill_status/hr/BILLSTATUS-118hr4470.json
[2024-04-12T17:45:24.770+0000] {logging_mixin.py:188} INFO - Uploaded /opt/***/dags/data/bills/hr/BILLSTATUS-118hr663.json to gs://congress_data/bill_status/hr/BILLSTATUS-118hr663.json
[2024-04-12T17:45:25.221+0000] {logging_mixin.py:188} INFO - Uploaded /opt/***/dags/data/bills/hr/BILLSTATUS-118hr2766.json to gs://congress_data/bill_status/hr/BILLSTATUS-118hr2766.json
[2024-04-12T17:45:25.658+0000] {logging_mixin.py:188} INFO - Uploaded /opt/***/dags/data/bills/hr/BILLSTATUS-118hr589.json to gs://congress_data/bill_status/hr/BILLSTATUS-118hr589.json
[2024-04-12T17:45:26.136+0000] {logging_mixin.py:188} INFO - Uploaded /opt/***/dags/data/bills/hr/BILLSTATUS-118hr1023.json to gs://congress_data/bill_status/hr/BILLSTATUS-118hr1023.json
[2024-04-12T17:45:26.608+0000] {logging_mixin.py:188} INFO - Uploaded /opt/***/dags/data/bills/hr/BILLSTATUS-118hr4364.json to gs://congress_data/bill_status/hr/BILLSTATUS-118hr4364.json
[2024-04-12T17:45:27.071+0000] {logging_mixin.py:188} INFO - Uploaded /opt/***/dags/data/bills/hr/BILLSTATUS-118hr347.json to gs://congress_data/bill_status/hr/BILLSTATUS-118hr347.json
[2024-04-12T17:45:27.524+0000] {logging_mixin.py:188} INFO - Uploaded /opt/***/dags/data/bills/hr/BILLSTATUS-118hr886.json to gs://congress_data/bill_status/hr/BILLSTATUS-118hr886.json
[2024-04-12T17:45:27.963+0000] {logging_mixin.py:188} INFO - Uploaded /opt/***/dags/data/bills/hr/BILLSTATUS-118hr185.json to gs://congress_data/bill_status/hr/BILLSTATUS-118hr185.json
[2024-04-12T17:45:28.399+0000] {logging_mixin.py:188} INFO - Uploaded /opt/***/dags/data/bills/hr/BILLSTATUS-118hr3941.json to gs://congress_data/bill_status/hr/BILLSTATUS-118hr3941.json
[2024-04-12T17:45:28.913+0000] {logging_mixin.py:188} INFO - Uploaded /opt/***/dags/data/bills/hr/BILLSTATUS-118hr5856.json to gs://congress_data/bill_status/hr/BILLSTATUS-118hr5856.json
[2024-04-12T17:45:29.351+0000] {logging_mixin.py:188} INFO - Uploaded /opt/***/dags/data/bills/hr/BILLSTATUS-118hr21.json to gs://congress_data/bill_status/hr/BILLSTATUS-118hr21.json
[2024-04-12T17:45:29.834+0000] {logging_mixin.py:188} INFO - Uploaded /opt/***/dags/data/bills/hr/BILLSTATUS-118hr3202.json to gs://congress_data/bill_status/hr/BILLSTATUS-118hr3202.json
[2024-04-12T17:45:30.299+0000] {logging_mixin.py:188} INFO - Uploaded /opt/***/dags/data/bills/hr/BILLSTATUS-118hr6503.json to gs://congress_data/bill_status/hr/BILLSTATUS-118hr6503.json
[2024-04-12T17:45:30.801+0000] {logging_mixin.py:188} INFO - Uploaded /opt/***/dags/data/bills/hr/BILLSTATUS-118hr5378.json to gs://congress_data/bill_status/hr/BILLSTATUS-118hr5378.json
[2024-04-12T17:45:31.259+0000] {logging_mixin.py:188} INFO - Uploaded /opt/***/dags/data/bills/hr/BILLSTATUS-118hr500.json to gs://congress_data/bill_status/hr/BILLSTATUS-118hr500.json
[2024-04-12T17:45:31.739+0000] {logging_mixin.py:188} INFO - Uploaded /opt/***/dags/data/bills/hr/BILLSTATUS-118hr2560.json to gs://congress_data/bill_status/hr/BILLSTATUS-118hr2560.json
[2024-04-12T17:45:32.173+0000] {logging_mixin.py:188} INFO - Uploaded /opt/***/dags/data/bills/hr/BILLSTATUS-118hr1435.json to gs://congress_data/bill_status/hr/BILLSTATUS-118hr1435.json
[2024-04-12T17:45:32.613+0000] {logging_mixin.py:188} INFO - Uploaded /opt/***/dags/data/bills/hr/BILLSTATUS-118hr5860.json to gs://congress_data/bill_status/hr/BILLSTATUS-118hr5860.json
[2024-04-12T17:45:33.124+0000] {logging_mixin.py:188} INFO - Uploaded /opt/***/dags/data/bills/hr/BILLSTATUS-118hr3799.json to gs://congress_data/bill_status/hr/BILLSTATUS-118hr3799.json
[2024-04-12T17:45:33.563+0000] {logging_mixin.py:188} INFO - Uploaded /opt/***/dags/data/bills/hr/BILLSTATUS-118hr2872.json to gs://congress_data/bill_status/hr/BILLSTATUS-118hr2872.json
[2024-04-12T17:45:33.993+0000] {logging_mixin.py:188} INFO - Uploaded /opt/***/dags/data/bills/hr/BILLSTATUS-118hr3672.json to gs://congress_data/bill_status/hr/BILLSTATUS-118hr3672.json
[2024-04-12T17:45:34.422+0000] {logging_mixin.py:188} INFO - Uploaded /opt/***/dags/data/bills/hr/BILLSTATUS-118hr5933.json to gs://congress_data/bill_status/hr/BILLSTATUS-118hr5933.json
[2024-04-12T17:45:34.856+0000] {logging_mixin.py:188} INFO - Uploaded /opt/***/dags/data/bills/hr/BILLSTATUS-118hr5525.json to gs://congress_data/bill_status/hr/BILLSTATUS-118hr5525.json
[2024-04-12T17:45:35.294+0000] {logging_mixin.py:188} INFO - Uploaded /opt/***/dags/data/bills/hr/BILLSTATUS-118hr4820.json to gs://congress_data/bill_status/hr/BILLSTATUS-118hr4820.json
[2024-04-12T17:45:35.801+0000] {logging_mixin.py:188} INFO - Uploaded /opt/***/dags/data/bills/hr/BILLSTATUS-118hr6276.json to gs://congress_data/bill_status/hr/BILLSTATUS-118hr6276.json
[2024-04-12T17:45:36.242+0000] {logging_mixin.py:188} INFO - Uploaded /opt/***/dags/data/bills/hr/BILLSTATUS-118hr5119.json to gs://congress_data/bill_status/hr/BILLSTATUS-118hr5119.json
[2024-04-12T17:45:36.720+0000] {logging_mixin.py:188} INFO - Uploaded /opt/***/dags/data/bills/hr/BILLSTATUS-118hr2799.json to gs://congress_data/bill_status/hr/BILLSTATUS-118hr2799.json
[2024-04-12T17:45:37.160+0000] {logging_mixin.py:188} INFO - Uploaded /opt/***/dags/data/bills/hr/BILLSTATUS-118hr5375.json to gs://congress_data/bill_status/hr/BILLSTATUS-118hr5375.json
[2024-04-12T17:45:37.611+0000] {logging_mixin.py:188} INFO - Uploaded /opt/***/dags/data/bills/hr/BILLSTATUS-118hr6918.json to gs://congress_data/bill_status/hr/BILLSTATUS-118hr6918.json
[2024-04-12T17:45:38.069+0000] {logging_mixin.py:188} INFO - Uploaded /opt/***/dags/data/bills/hr/BILLSTATUS-118hr1727.json to gs://congress_data/bill_status/hr/BILLSTATUS-118hr1727.json
[2024-04-12T17:45:38.517+0000] {logging_mixin.py:188} INFO - Uploaded /opt/***/dags/data/bills/hr/BILLSTATUS-118hr4821.json to gs://congress_data/bill_status/hr/BILLSTATUS-118hr4821.json
[2024-04-12T17:45:38.946+0000] {logging_mixin.py:188} INFO - Uploaded /opt/***/dags/data/bills/hr/BILLSTATUS-118hr1567.json to gs://congress_data/bill_status/hr/BILLSTATUS-118hr1567.json
[2024-04-12T17:45:39.374+0000] {logging_mixin.py:188} INFO - Uploaded /opt/***/dags/data/bills/hr/BILLSTATUS-118hr5524.json to gs://congress_data/bill_status/hr/BILLSTATUS-118hr5524.json
[2024-04-12T17:45:39.832+0000] {logging_mixin.py:188} INFO - Uploaded /opt/***/dags/data/bills/hr/BILLSTATUS-118hr1530.json to gs://congress_data/bill_status/hr/BILLSTATUS-118hr1530.json
[2024-04-12T17:45:40.259+0000] {logging_mixin.py:188} INFO - Uploaded /opt/***/dags/data/bills/hr/BILLSTATUS-118hr3848.json to gs://congress_data/bill_status/hr/BILLSTATUS-118hr3848.json
[2024-04-12T17:45:40.744+0000] {logging_mixin.py:188} INFO - Uploaded /opt/***/dags/data/bills/hr/BILLSTATUS-118hr1121.json to gs://congress_data/bill_status/hr/BILLSTATUS-118hr1121.json
[2024-04-12T17:45:41.201+0000] {logging_mixin.py:188} INFO - Uploaded /opt/***/dags/data/bills/hr/BILLSTATUS-118hr1156.json to gs://congress_data/bill_status/hr/BILLSTATUS-118hr1156.json
[2024-04-12T17:45:41.646+0000] {logging_mixin.py:188} INFO - Uploaded /opt/***/dags/data/bills/hr/BILLSTATUS-118hr2795.json to gs://congress_data/bill_status/hr/BILLSTATUS-118hr2795.json
[2024-04-12T17:45:42.126+0000] {logging_mixin.py:188} INFO - Uploaded /opt/***/dags/data/bills/hr/BILLSTATUS-118hr2812.json to gs://congress_data/bill_status/hr/BILLSTATUS-118hr2812.json
[2024-04-12T17:45:42.574+0000] {logging_mixin.py:188} INFO - Uploaded /opt/***/dags/data/bills/hr/BILLSTATUS-118hr6914.json to gs://congress_data/bill_status/hr/BILLSTATUS-118hr6914.json
[2024-04-12T17:45:43.009+0000] {logging_mixin.py:188} INFO - Uploaded /opt/***/dags/data/bills/hr/BILLSTATUS-118hr813.json to gs://congress_data/bill_status/hr/BILLSTATUS-118hr813.json
[2024-04-12T17:45:43.554+0000] {logging_mixin.py:188} INFO - Uploaded /opt/***/dags/data/bills/hr/BILLSTATUS-118hr1547.json to gs://congress_data/bill_status/hr/BILLSTATUS-118hr1547.json
[2024-04-12T17:45:43.969+0000] {logging_mixin.py:188} INFO - Uploaded /opt/***/dags/data/bills/hr/BILLSTATUS-118hr7217.json to gs://congress_data/bill_status/hr/BILLSTATUS-118hr7217.json
[2024-04-12T17:45:44.427+0000] {logging_mixin.py:188} INFO - Uploaded /opt/***/dags/data/bills/hr/BILLSTATUS-118hr5894.json to gs://congress_data/bill_status/hr/BILLSTATUS-118hr5894.json
[2024-04-12T17:45:44.854+0000] {logging_mixin.py:188} INFO - Uploaded /opt/***/dags/data/bills/hr/BILLSTATUS-118hr5528.json to gs://congress_data/bill_status/hr/BILLSTATUS-118hr5528.json
[2024-04-12T17:45:45.286+0000] {logging_mixin.py:188} INFO - Uploaded /opt/***/dags/data/bills/hr/BILLSTATUS-118hr1615.json to gs://congress_data/bill_status/hr/BILLSTATUS-118hr1615.json
[2024-04-12T17:45:45.713+0000] {logging_mixin.py:188} INFO - Uploaded /opt/***/dags/data/bills/hr/BILLSTATUS-118hr346.json to gs://congress_data/bill_status/hr/BILLSTATUS-118hr346.json
[2024-04-12T17:45:46.152+0000] {logging_mixin.py:188} INFO - Uploaded /opt/***/dags/data/bills/sjres/BILLSTATUS-118sjres24.json to gs://congress_data/bill_status/sjres/BILLSTATUS-118sjres24.json
[2024-04-12T17:45:46.614+0000] {logging_mixin.py:188} INFO - Uploaded /opt/***/dags/data/bills/sjres/BILLSTATUS-118sjres32.json to gs://congress_data/bill_status/sjres/BILLSTATUS-118sjres32.json
[2024-04-12T17:45:47.040+0000] {logging_mixin.py:188} INFO - Uploaded /opt/***/dags/data/bills/sjres/BILLSTATUS-118sjres44.json to gs://congress_data/bill_status/sjres/BILLSTATUS-118sjres44.json
[2024-04-12T17:45:47.476+0000] {logging_mixin.py:188} INFO - Uploaded /opt/***/dags/data/bills/sjres/BILLSTATUS-118sjres38.json to gs://congress_data/bill_status/sjres/BILLSTATUS-118sjres38.json
[2024-04-12T17:45:47.912+0000] {logging_mixin.py:188} INFO - Uploaded /opt/***/dags/data/bills/sjres/BILLSTATUS-118sjres43.json to gs://congress_data/bill_status/sjres/BILLSTATUS-118sjres43.json
[2024-04-12T17:45:48.361+0000] {logging_mixin.py:188} INFO - Uploaded /opt/***/dags/data/bills/sjres/BILLSTATUS-118sjres4.json to gs://congress_data/bill_status/sjres/BILLSTATUS-118sjres4.json
[2024-04-12T17:45:48.944+0000] {logging_mixin.py:188} INFO - Uploaded /opt/***/dags/data/bills/sjres/BILLSTATUS-118sjres18.json to gs://congress_data/bill_status/sjres/BILLSTATUS-118sjres18.json
[2024-04-12T17:45:49.443+0000] {logging_mixin.py:188} INFO - Uploaded /opt/***/dags/data/bills/sjres/BILLSTATUS-118sjres9.json to gs://congress_data/bill_status/sjres/BILLSTATUS-118sjres9.json
[2024-04-12T17:45:49.886+0000] {logging_mixin.py:188} INFO - Uploaded /opt/***/dags/data/bills/sjres/BILLSTATUS-118sjres62.json to gs://congress_data/bill_status/sjres/BILLSTATUS-118sjres62.json
[2024-04-12T17:45:50.326+0000] {logging_mixin.py:188} INFO - Uploaded /opt/***/dags/data/bills/sjres/BILLSTATUS-118sjres23.json to gs://congress_data/bill_status/sjres/BILLSTATUS-118sjres23.json
[2024-04-12T17:45:50.781+0000] {logging_mixin.py:188} INFO - Uploaded /opt/***/dags/data/bills/sjres/BILLSTATUS-118sjres42.json to gs://congress_data/bill_status/sjres/BILLSTATUS-118sjres42.json
[2024-04-12T17:45:51.219+0000] {logging_mixin.py:188} INFO - Uploaded /opt/***/dags/data/bills/sjres/BILLSTATUS-118sjres61.json to gs://congress_data/bill_status/sjres/BILLSTATUS-118sjres61.json
[2024-04-12T17:45:51.681+0000] {logging_mixin.py:188} INFO - Uploaded /opt/***/dags/data/bills/sjres/BILLSTATUS-118sjres60.json to gs://congress_data/bill_status/sjres/BILLSTATUS-118sjres60.json
[2024-04-12T17:45:52.116+0000] {logging_mixin.py:188} INFO - Uploaded /opt/***/dags/data/bills/sjres/BILLSTATUS-118sjres51.json to gs://congress_data/bill_status/sjres/BILLSTATUS-118sjres51.json
[2024-04-12T17:45:52.550+0000] {logging_mixin.py:188} INFO - Uploaded /opt/***/dags/data/bills/sjres/BILLSTATUS-118sjres10.json to gs://congress_data/bill_status/sjres/BILLSTATUS-118sjres10.json
[2024-04-12T17:45:53.009+0000] {logging_mixin.py:188} INFO - Uploaded /opt/***/dags/data/bills/sjres/BILLSTATUS-118sjres11.json to gs://congress_data/bill_status/sjres/BILLSTATUS-118sjres11.json
[2024-04-12T17:45:53.010+0000] {python.py:202} INFO - Done. Returned value was: None
[2024-04-12T17:45:53.048+0000] {taskinstance.py:1149} INFO - Marking task as SUCCESS. dag_id=upload_congress_data, task_id=upload_bill_status_to_gcs, execution_date=20240315T000000, start_date=20240412T174409, end_date=20240412T174553
[2024-04-12T17:45:53.131+0000] {local_task_job_runner.py:234} INFO - Task exited with return code 0
[2024-04-12T17:45:53.156+0000] {taskinstance.py:3312} INFO - 1 downstream tasks scheduled from follow-on schedule check
[2024-04-14T21:55:26.834+0000] {taskinstance.py:1979} INFO - Dependencies all met for dep_context=non-requeueable deps ti=<TaskInstance: upload_congress_data.upload_bill_status_to_gcs scheduled__2024-03-15T00:00:00+00:00 [queued]>
[2024-04-14T21:55:26.842+0000] {taskinstance.py:1979} INFO - Dependencies all met for dep_context=requeueable deps ti=<TaskInstance: upload_congress_data.upload_bill_status_to_gcs scheduled__2024-03-15T00:00:00+00:00 [queued]>
[2024-04-14T21:55:26.843+0000] {taskinstance.py:2193} INFO - Starting attempt 1 of 1
[2024-04-14T21:55:26.864+0000] {taskinstance.py:2217} INFO - Executing <Task(PythonOperator): upload_bill_status_to_gcs> on 2024-03-15 00:00:00+00:00
[2024-04-14T21:55:26.877+0000] {standard_task_runner.py:60} INFO - Started process 139 to run task
[2024-04-14T21:55:26.884+0000] {standard_task_runner.py:87} INFO - Running: ['***', 'tasks', 'run', 'upload_congress_data', 'upload_bill_status_to_gcs', 'scheduled__2024-03-15T00:00:00+00:00', '--job-id', '9', '--raw', '--subdir', 'DAGS_FOLDER/upload_congress_data.py', '--cfg-path', '/tmp/tmptwcvhsnc']
[2024-04-14T21:55:26.888+0000] {standard_task_runner.py:88} INFO - Job 9: Subtask upload_bill_status_to_gcs
[2024-04-14T21:55:26.950+0000] {task_command.py:423} INFO - Running <TaskInstance: upload_congress_data.upload_bill_status_to_gcs scheduled__2024-03-15T00:00:00+00:00 [running]> on host 197983b7f77b
[2024-04-14T21:55:27.021+0000] {taskinstance.py:2513} INFO - Exporting env vars: AIRFLOW_CTX_DAG_OWNER='***' AIRFLOW_CTX_DAG_ID='upload_congress_data' AIRFLOW_CTX_TASK_ID='upload_bill_status_to_gcs' AIRFLOW_CTX_EXECUTION_DATE='2024-03-15T00:00:00+00:00' AIRFLOW_CTX_TRY_NUMBER='1' AIRFLOW_CTX_DAG_RUN_ID='scheduled__2024-03-15T00:00:00+00:00'
[2024-04-14T21:55:28.059+0000] {logging_mixin.py:188} INFO - Uploaded /opt/***/dags/data/bills/hjres/BILLSTATUS-118hjres68.json to gs://congress_data/bill_status/hjres/BILLSTATUS-118hjres68.json
[2024-04-14T21:55:28.566+0000] {logging_mixin.py:188} INFO - Uploaded /opt/***/dags/data/bills/hjres/BILLSTATUS-118hjres44.json to gs://congress_data/bill_status/hjres/BILLSTATUS-118hjres44.json
[2024-04-14T21:55:29.095+0000] {logging_mixin.py:188} INFO - Uploaded /opt/***/dags/data/bills/hjres/BILLSTATUS-118hjres45.json to gs://congress_data/bill_status/hjres/BILLSTATUS-118hjres45.json
[2024-04-14T21:55:29.589+0000] {logging_mixin.py:188} INFO - Uploaded /opt/***/dags/data/bills/hjres/BILLSTATUS-118hjres24.json to gs://congress_data/bill_status/hjres/BILLSTATUS-118hjres24.json
[2024-04-14T21:55:30.037+0000] {logging_mixin.py:188} INFO - Uploaded /opt/***/dags/data/bills/hjres/BILLSTATUS-118hjres39.json to gs://congress_data/bill_status/hjres/BILLSTATUS-118hjres39.json
[2024-04-14T21:55:30.594+0000] {logging_mixin.py:188} INFO - Uploaded /opt/***/dags/data/bills/hjres/BILLSTATUS-118hjres42.json to gs://congress_data/bill_status/hjres/BILLSTATUS-118hjres42.json
[2024-04-14T21:55:31.040+0000] {logging_mixin.py:188} INFO - Uploaded /opt/***/dags/data/bills/hjres/BILLSTATUS-118hjres74.json to gs://congress_data/bill_status/hjres/BILLSTATUS-118hjres74.json
[2024-04-14T21:55:31.494+0000] {logging_mixin.py:188} INFO - Uploaded /opt/***/dags/data/bills/hjres/BILLSTATUS-118hjres7.json to gs://congress_data/bill_status/hjres/BILLSTATUS-118hjres7.json
[2024-04-14T21:55:31.955+0000] {logging_mixin.py:188} INFO - Uploaded /opt/***/dags/data/bills/hjres/BILLSTATUS-118hjres79.json to gs://congress_data/bill_status/hjres/BILLSTATUS-118hjres79.json
[2024-04-14T21:55:32.426+0000] {logging_mixin.py:188} INFO - Uploaded /opt/***/dags/data/bills/hjres/BILLSTATUS-118hjres98.json to gs://congress_data/bill_status/hjres/BILLSTATUS-118hjres98.json
[2024-04-14T21:55:32.917+0000] {logging_mixin.py:188} INFO - Uploaded /opt/***/dags/data/bills/hjres/BILLSTATUS-118hjres70.json to gs://congress_data/bill_status/hjres/BILLSTATUS-118hjres70.json
[2024-04-14T21:55:33.432+0000] {logging_mixin.py:188} INFO - Uploaded /opt/***/dags/data/bills/hjres/BILLSTATUS-118hjres27.json to gs://congress_data/bill_status/hjres/BILLSTATUS-118hjres27.json
[2024-04-14T21:55:33.899+0000] {logging_mixin.py:188} INFO - Uploaded /opt/***/dags/data/bills/hjres/BILLSTATUS-118hjres88.json to gs://congress_data/bill_status/hjres/BILLSTATUS-118hjres88.json
[2024-04-14T21:55:34.382+0000] {logging_mixin.py:188} INFO - Uploaded /opt/***/dags/data/bills/hjres/BILLSTATUS-118hjres30.json to gs://congress_data/bill_status/hjres/BILLSTATUS-118hjres30.json
[2024-04-14T21:55:34.878+0000] {logging_mixin.py:188} INFO - Uploaded /opt/***/dags/data/bills/hjres/BILLSTATUS-118hjres26.json to gs://congress_data/bill_status/hjres/BILLSTATUS-118hjres26.json
[2024-04-14T21:55:35.317+0000] {logging_mixin.py:188} INFO - Uploaded /opt/***/dags/data/bills/hjres/BILLSTATUS-118hjres71.json to gs://congress_data/bill_status/hjres/BILLSTATUS-118hjres71.json
[2024-04-14T21:55:35.768+0000] {logging_mixin.py:188} INFO - Uploaded /opt/***/dags/data/bills/hconres/BILLSTATUS-118hconres7.json to gs://congress_data/bill_status/hconres/BILLSTATUS-118hconres7.json
[2024-04-14T21:55:36.220+0000] {logging_mixin.py:188} INFO - Uploaded /opt/***/dags/data/bills/hconres/BILLSTATUS-118hconres30.json to gs://congress_data/bill_status/hconres/BILLSTATUS-118hconres30.json
[2024-04-14T21:55:36.665+0000] {logging_mixin.py:188} INFO - Uploaded /opt/***/dags/data/bills/hconres/BILLSTATUS-118hconres57.json to gs://congress_data/bill_status/hconres/BILLSTATUS-118hconres57.json
[2024-04-14T21:55:37.109+0000] {logging_mixin.py:188} INFO - Uploaded /opt/***/dags/data/bills/hconres/BILLSTATUS-118hconres40.json to gs://congress_data/bill_status/hconres/BILLSTATUS-118hconres40.json
[2024-04-14T21:55:37.532+0000] {logging_mixin.py:188} INFO - Uploaded /opt/***/dags/data/bills/hconres/BILLSTATUS-118hconres21.json to gs://congress_data/bill_status/hconres/BILLSTATUS-118hconres21.json
[2024-04-14T21:55:37.963+0000] {logging_mixin.py:188} INFO - Uploaded /opt/***/dags/data/bills/hconres/BILLSTATUS-118hconres3.json to gs://congress_data/bill_status/hconres/BILLSTATUS-118hconres3.json
[2024-04-14T21:55:38.389+0000] {logging_mixin.py:188} INFO - Uploaded /opt/***/dags/data/bills/hconres/BILLSTATUS-118hconres86.json to gs://congress_data/bill_status/hconres/BILLSTATUS-118hconres86.json
[2024-04-14T21:55:38.821+0000] {logging_mixin.py:188} INFO - Uploaded /opt/***/dags/data/bills/hconres/BILLSTATUS-118hconres9.json to gs://congress_data/bill_status/hconres/BILLSTATUS-118hconres9.json
[2024-04-14T21:55:39.276+0000] {logging_mixin.py:188} INFO - Uploaded /opt/***/dags/data/bills/hconres/BILLSTATUS-118hconres25.json to gs://congress_data/bill_status/hconres/BILLSTATUS-118hconres25.json
[2024-04-14T21:55:39.806+0000] {logging_mixin.py:188} INFO - Uploaded /opt/***/dags/data/bills/s/BILLSTATUS-118s870.json to gs://congress_data/bill_status/s/BILLSTATUS-118s870.json
[2024-04-14T21:55:40.239+0000] {logging_mixin.py:188} INFO - Uploaded /opt/***/dags/data/bills/s/BILLSTATUS-118s3427.json to gs://congress_data/bill_status/s/BILLSTATUS-118s3427.json
[2024-04-14T21:55:40.741+0000] {logging_mixin.py:188} INFO - Uploaded /opt/***/dags/data/bills/s/BILLSTATUS-118s112.json to gs://congress_data/bill_status/s/BILLSTATUS-118s112.json
[2024-04-14T21:55:41.190+0000] {logging_mixin.py:188} INFO - Uploaded /opt/***/dags/data/bills/s/BILLSTATUS-118s3250.json to gs://congress_data/bill_status/s/BILLSTATUS-118s3250.json
[2024-04-14T21:55:41.627+0000] {logging_mixin.py:188} INFO - Uploaded /opt/***/dags/data/bills/s/BILLSTATUS-118s2226.json to gs://congress_data/bill_status/s/BILLSTATUS-118s2226.json
[2024-04-14T21:55:42.115+0000] {logging_mixin.py:188} INFO - Uploaded /opt/***/dags/data/bills/s/BILLSTATUS-118s2051.json to gs://congress_data/bill_status/s/BILLSTATUS-118s2051.json
[2024-04-14T21:55:42.684+0000] {logging_mixin.py:188} INFO - Uploaded /opt/***/dags/data/bills/s/BILLSTATUS-118s788.json to gs://congress_data/bill_status/s/BILLSTATUS-118s788.json
[2024-04-14T21:55:43.133+0000] {logging_mixin.py:188} INFO - Uploaded /opt/***/dags/data/bills/s/BILLSTATUS-118s475.json to gs://congress_data/bill_status/s/BILLSTATUS-118s475.json
[2024-04-14T21:55:43.559+0000] {logging_mixin.py:188} INFO - Uploaded /opt/***/dags/data/bills/s/BILLSTATUS-118s619.json to gs://congress_data/bill_status/s/BILLSTATUS-118s619.json
[2024-04-14T21:55:43.996+0000] {logging_mixin.py:188} INFO - Uploaded /opt/***/dags/data/bills/s/BILLSTATUS-118s316.json to gs://congress_data/bill_status/s/BILLSTATUS-118s316.json
[2024-04-14T21:55:44.437+0000] {logging_mixin.py:188} INFO - Uploaded /opt/***/dags/data/bills/s/BILLSTATUS-118s382.json to gs://congress_data/bill_status/s/BILLSTATUS-118s382.json
[2024-04-14T21:55:44.878+0000] {logging_mixin.py:188} INFO - Uploaded /opt/***/dags/data/bills/s/BILLSTATUS-118s3853.json to gs://congress_data/bill_status/s/BILLSTATUS-118s3853.json
[2024-04-14T21:55:45.308+0000] {logging_mixin.py:188} INFO - Uploaded /opt/***/dags/data/bills/s/BILLSTATUS-118s111.json to gs://congress_data/bill_status/s/BILLSTATUS-118s111.json
[2024-04-14T21:55:45.809+0000] {logging_mixin.py:188} INFO - Uploaded /opt/***/dags/data/bills/s/BILLSTATUS-118s326.json to gs://congress_data/bill_status/s/BILLSTATUS-118s326.json
[2024-04-14T21:55:46.292+0000] {logging_mixin.py:188} INFO - Uploaded /opt/***/dags/data/bills/sres/BILLSTATUS-118sres13.json to gs://congress_data/bill_status/sres/BILLSTATUS-118sres13.json
[2024-04-14T21:55:46.819+0000] {logging_mixin.py:188} INFO - Uploaded /opt/***/dags/data/bills/sres/BILLSTATUS-118sres21.json to gs://congress_data/bill_status/sres/BILLSTATUS-118sres21.json
[2024-04-14T21:55:47.255+0000] {logging_mixin.py:188} INFO - Uploaded /opt/***/dags/data/bills/sres/BILLSTATUS-118sres504.json to gs://congress_data/bill_status/sres/BILLSTATUS-118sres504.json
[2024-04-14T21:55:47.776+0000] {logging_mixin.py:188} INFO - Uploaded /opt/***/dags/data/bills/sres/BILLSTATUS-118sres417.json to gs://congress_data/bill_status/sres/BILLSTATUS-118sres417.json
[2024-04-14T21:55:48.208+0000] {logging_mixin.py:188} INFO - Uploaded /opt/***/dags/data/bills/hr/BILLSTATUS-118hr1339.json to gs://congress_data/bill_status/hr/BILLSTATUS-118hr1339.json
[2024-04-14T21:55:48.653+0000] {logging_mixin.py:188} INFO - Uploaded /opt/***/dags/data/bills/hr/BILLSTATUS-118hr2796.json to gs://congress_data/bill_status/hr/BILLSTATUS-118hr2796.json
[2024-04-14T21:55:49.079+0000] {logging_mixin.py:188} INFO - Uploaded /opt/***/dags/data/bills/hr/BILLSTATUS-118hr2811.json to gs://congress_data/bill_status/hr/BILLSTATUS-118hr2811.json
[2024-04-14T21:55:49.505+0000] {logging_mixin.py:188} INFO - Uploaded /opt/***/dags/data/bills/hr/BILLSTATUS-118hr23.json to gs://congress_data/bill_status/hr/BILLSTATUS-118hr23.json
[2024-04-14T21:55:49.912+0000] {logging_mixin.py:188} INFO - Uploaded /opt/***/dags/data/bills/hr/BILLSTATUS-118hr406.json to gs://congress_data/bill_status/hr/BILLSTATUS-118hr406.json
[2024-04-14T21:55:50.375+0000] {logging_mixin.py:188} INFO - Uploaded /opt/***/dags/data/bills/hr/BILLSTATUS-118hr4984.json to gs://congress_data/bill_status/hr/BILLSTATUS-118hr4984.json
[2024-04-14T21:55:50.797+0000] {logging_mixin.py:188} INFO - Uploaded /opt/***/dags/data/bills/hr/BILLSTATUS-118hr538.json to gs://congress_data/bill_status/hr/BILLSTATUS-118hr538.json
[2024-04-14T21:55:51.215+0000] {logging_mixin.py:188} INFO - Uploaded /opt/***/dags/data/bills/hr/BILLSTATUS-118hr3152.json to gs://congress_data/bill_status/hr/BILLSTATUS-118hr3152.json
[2024-04-14T21:55:51.640+0000] {logging_mixin.py:188} INFO - Uploaded /opt/***/dags/data/bills/hr/BILLSTATUS-118hr5585.json to gs://congress_data/bill_status/hr/BILLSTATUS-118hr5585.json
[2024-04-14T21:55:52.105+0000] {logging_mixin.py:188} INFO - Uploaded /opt/***/dags/data/bills/hr/BILLSTATUS-118hr4394.json to gs://congress_data/bill_status/hr/BILLSTATUS-118hr4394.json
[2024-04-14T21:55:52.535+0000] {logging_mixin.py:188} INFO - Uploaded /opt/***/dags/data/bills/hr/BILLSTATUS-118hr277.json to gs://congress_data/bill_status/hr/BILLSTATUS-118hr277.json
[2024-04-14T21:55:53.022+0000] {logging_mixin.py:188} INFO - Uploaded /opt/***/dags/data/bills/hr/BILLSTATUS-118hr1159.json to gs://congress_data/bill_status/hr/BILLSTATUS-118hr1159.json
[2024-04-14T21:55:53.460+0000] {logging_mixin.py:188} INFO - Uploaded /opt/***/dags/data/bills/hr/BILLSTATUS-118hr7520.json to gs://congress_data/bill_status/hr/BILLSTATUS-118hr7520.json
[2024-04-14T21:55:53.906+0000] {logging_mixin.py:188} INFO - Uploaded /opt/***/dags/data/bills/hr/BILLSTATUS-118hr3099.json to gs://congress_data/bill_status/hr/BILLSTATUS-118hr3099.json
[2024-04-14T21:55:54.368+0000] {logging_mixin.py:188} INFO - Uploaded /opt/***/dags/data/bills/hr/BILLSTATUS-118hr7023.json to gs://congress_data/bill_status/hr/BILLSTATUS-118hr7023.json
[2024-04-14T21:55:54.800+0000] {logging_mixin.py:188} INFO - Uploaded /opt/***/dags/data/bills/hr/BILLSTATUS-118hr1548.json to gs://congress_data/bill_status/hr/BILLSTATUS-118hr1548.json
[2024-04-14T21:55:55.240+0000] {logging_mixin.py:188} INFO - Uploaded /opt/***/dags/data/bills/hr/BILLSTATUS-118hr1163.json to gs://congress_data/bill_status/hr/BILLSTATUS-118hr1163.json
[2024-04-14T21:55:55.670+0000] {logging_mixin.py:188} INFO - Uploaded /opt/***/dags/data/bills/hr/BILLSTATUS-118hr6976.json to gs://congress_data/bill_status/hr/BILLSTATUS-118hr6976.json
[2024-04-14T21:55:56.106+0000] {logging_mixin.py:188} INFO - Uploaded /opt/***/dags/data/bills/hr/BILLSTATUS-118hr3774.json to gs://congress_data/bill_status/hr/BILLSTATUS-118hr3774.json
[2024-04-14T21:55:56.539+0000] {logging_mixin.py:188} INFO - Uploaded /opt/***/dags/data/bills/hr/BILLSTATUS-118hr6126.json to gs://congress_data/bill_status/hr/BILLSTATUS-118hr6126.json
[2024-04-14T21:55:56.967+0000] {logging_mixin.py:188} INFO - Uploaded /opt/***/dags/data/bills/hr/BILLSTATUS-118hr467.json to gs://congress_data/bill_status/hr/BILLSTATUS-118hr467.json
[2024-04-14T21:55:57.388+0000] {logging_mixin.py:188} INFO - Uploaded /opt/***/dags/data/bills/hr/BILLSTATUS-118hr3324.json to gs://congress_data/bill_status/hr/BILLSTATUS-118hr3324.json
[2024-04-14T21:55:57.820+0000] {logging_mixin.py:188} INFO - Uploaded /opt/***/dags/data/bills/hr/BILLSTATUS-118hr5862.json to gs://congress_data/bill_status/hr/BILLSTATUS-118hr5862.json
[2024-04-14T21:55:58.300+0000] {logging_mixin.py:188} INFO - Uploaded /opt/***/dags/data/bills/hr/BILLSTATUS-118hr1123.json to gs://congress_data/bill_status/hr/BILLSTATUS-118hr1123.json
[2024-04-14T21:55:58.728+0000] {logging_mixin.py:188} INFO - Uploaded /opt/***/dags/data/bills/hr/BILLSTATUS-118hr1836.json to gs://congress_data/bill_status/hr/BILLSTATUS-118hr1836.json
[2024-04-14T21:55:59.226+0000] {logging_mixin.py:188} INFO - Uploaded /opt/***/dags/data/bills/hr/BILLSTATUS-118hr3935.json to gs://congress_data/bill_status/hr/BILLSTATUS-118hr3935.json
[2024-04-14T21:55:59.646+0000] {logging_mixin.py:188} INFO - Uploaded /opt/***/dags/data/bills/hr/BILLSTATUS-118hr2670.json to gs://congress_data/bill_status/hr/BILLSTATUS-118hr2670.json
[2024-04-14T21:56:00.078+0000] {logging_mixin.py:188} INFO - Uploaded /opt/***/dags/data/bills/hr/BILLSTATUS-118hr2365.json to gs://congress_data/bill_status/hr/BILLSTATUS-118hr2365.json
[2024-04-14T21:56:00.509+0000] {logging_mixin.py:188} INFO - Uploaded /opt/***/dags/data/bills/hr/BILLSTATUS-118hr1226.json to gs://congress_data/bill_status/hr/BILLSTATUS-118hr1226.json
[2024-04-14T21:56:00.927+0000] {logging_mixin.py:188} INFO - Uploaded /opt/***/dags/data/bills/hr/BILLSTATUS-118hr4531.json to gs://congress_data/bill_status/hr/BILLSTATUS-118hr4531.json
[2024-04-14T21:56:01.376+0000] {logging_mixin.py:188} INFO - Uploaded /opt/***/dags/data/bills/hr/BILLSTATUS-118hr734.json to gs://congress_data/bill_status/hr/BILLSTATUS-118hr734.json
[2024-04-14T21:56:01.800+0000] {logging_mixin.py:188} INFO - Uploaded /opt/***/dags/data/bills/hr/BILLSTATUS-118hr7521.json to gs://congress_data/bill_status/hr/BILLSTATUS-118hr7521.json
[2024-04-14T21:56:02.234+0000] {logging_mixin.py:188} INFO - Uploaded /opt/***/dags/data/bills/hr/BILLSTATUS-118hr5.json to gs://congress_data/bill_status/hr/BILLSTATUS-118hr5.json
[2024-04-14T21:56:02.691+0000] {logging_mixin.py:188} INFO - Uploaded /opt/***/dags/data/bills/hr/BILLSTATUS-118hr3391.json to gs://congress_data/bill_status/hr/BILLSTATUS-118hr3391.json
[2024-04-14T21:56:03.132+0000] {logging_mixin.py:188} INFO - Uploaded /opt/***/dags/data/bills/hr/BILLSTATUS-118hr2754.json to gs://congress_data/bill_status/hr/BILLSTATUS-118hr2754.json
[2024-04-14T21:56:03.554+0000] {logging_mixin.py:188} INFO - Uploaded /opt/***/dags/data/bills/hr/BILLSTATUS-118hr485.json to gs://congress_data/bill_status/hr/BILLSTATUS-118hr485.json
[2024-04-14T21:56:03.978+0000] {logging_mixin.py:188} INFO - Uploaded /opt/***/dags/data/bills/hr/BILLSTATUS-118hr1752.json to gs://congress_data/bill_status/hr/BILLSTATUS-118hr1752.json
[2024-04-14T21:56:04.401+0000] {logging_mixin.py:188} INFO - Uploaded /opt/***/dags/data/bills/hr/BILLSTATUS-118hr1093.json to gs://congress_data/bill_status/hr/BILLSTATUS-118hr1093.json
[2024-04-14T21:56:04.821+0000] {logging_mixin.py:188} INFO - Uploaded /opt/***/dags/data/bills/hr/BILLSTATUS-118hr1640.json to gs://congress_data/bill_status/hr/BILLSTATUS-118hr1640.json
[2024-04-14T21:56:05.281+0000] {logging_mixin.py:188} INFO - Uploaded /opt/***/dags/data/bills/hr/BILLSTATUS-118hr3981.json to gs://congress_data/bill_status/hr/BILLSTATUS-118hr3981.json
[2024-04-14T21:56:05.737+0000] {logging_mixin.py:188} INFO - Uploaded /opt/***/dags/data/bills/hr/BILLSTATUS-118hr542.json to gs://congress_data/bill_status/hr/BILLSTATUS-118hr542.json
[2024-04-14T21:56:06.165+0000] {logging_mixin.py:188} INFO - Uploaded /opt/***/dags/data/bills/hr/BILLSTATUS-118hr22.json to gs://congress_data/bill_status/hr/BILLSTATUS-118hr22.json
[2024-04-14T21:56:06.621+0000] {logging_mixin.py:188} INFO - Uploaded /opt/***/dags/data/bills/hr/BILLSTATUS-118hr2797.json to gs://congress_data/bill_status/hr/BILLSTATUS-118hr2797.json
[2024-04-14T21:56:07.071+0000] {logging_mixin.py:188} INFO - Uploaded /opt/***/dags/data/bills/hr/BILLSTATUS-118hr1154.json to gs://congress_data/bill_status/hr/BILLSTATUS-118hr1154.json
[2024-04-14T21:56:07.534+0000] {logging_mixin.py:188} INFO - Uploaded /opt/***/dags/data/bills/hr/BILLSTATUS-118hr1338.json to gs://congress_data/bill_status/hr/BILLSTATUS-118hr1338.json
[2024-04-14T21:56:07.959+0000] {logging_mixin.py:188} INFO - Uploaded /opt/***/dags/data/bills/hr/BILLSTATUS-118hr2.json to gs://congress_data/bill_status/hr/BILLSTATUS-118hr2.json
[2024-04-14T21:56:08.388+0000] {logging_mixin.py:188} INFO - Uploaded /opt/***/dags/data/bills/hr/BILLSTATUS-118hr7463.json to gs://congress_data/bill_status/hr/BILLSTATUS-118hr7463.json
[2024-04-14T21:56:08.831+0000] {logging_mixin.py:188} INFO - Uploaded /opt/***/dags/data/bills/hr/BILLSTATUS-118hr676.json to gs://congress_data/bill_status/hr/BILLSTATUS-118hr676.json
[2024-04-14T21:56:09.324+0000] {logging_mixin.py:188} INFO - Uploaded /opt/***/dags/data/bills/hr/BILLSTATUS-118hr7176.json to gs://congress_data/bill_status/hr/BILLSTATUS-118hr7176.json
[2024-04-14T21:56:09.746+0000] {logging_mixin.py:188} INFO - Uploaded /opt/***/dags/data/bills/hr/BILLSTATUS-118hr1734.json to gs://congress_data/bill_status/hr/BILLSTATUS-118hr1734.json
[2024-04-14T21:56:10.193+0000] {logging_mixin.py:188} INFO - Uploaded /opt/***/dags/data/bills/hr/BILLSTATUS-118hr3089.json to gs://congress_data/bill_status/hr/BILLSTATUS-118hr3089.json
[2024-04-14T21:56:10.676+0000] {logging_mixin.py:188} INFO - Uploaded /opt/***/dags/data/bills/hr/BILLSTATUS-118hr288.json to gs://congress_data/bill_status/hr/BILLSTATUS-118hr288.json
[2024-04-14T21:56:11.130+0000] {logging_mixin.py:188} INFO - Uploaded /opt/***/dags/data/bills/hr/BILLSTATUS-118hr1149.json to gs://congress_data/bill_status/hr/BILLSTATUS-118hr1149.json
[2024-04-14T21:56:11.654+0000] {logging_mixin.py:188} INFO - Uploaded /opt/***/dags/data/bills/hr/BILLSTATUS-118hr359.json to gs://congress_data/bill_status/hr/BILLSTATUS-118hr359.json
[2024-04-14T21:56:12.086+0000] {logging_mixin.py:188} INFO - Uploaded /opt/***/dags/data/bills/hr/BILLSTATUS-118hr4367.json to gs://congress_data/bill_status/hr/BILLSTATUS-118hr4367.json
[2024-04-14T21:56:12.608+0000] {logging_mixin.py:188} INFO - Uploaded /opt/***/dags/data/bills/hr/BILLSTATUS-118hr4664.json to gs://congress_data/bill_status/hr/BILLSTATUS-118hr4664.json
[2024-04-14T21:56:13.038+0000] {logging_mixin.py:188} INFO - Uploaded /opt/***/dags/data/bills/hr/BILLSTATUS-118hr6679.json to gs://congress_data/bill_status/hr/BILLSTATUS-118hr6679.json
[2024-04-14T21:56:13.477+0000] {logging_mixin.py:188} INFO - Uploaded /opt/***/dags/data/bills/hr/BILLSTATUS-118hr5110.json to gs://congress_data/bill_status/hr/BILLSTATUS-118hr5110.json
[2024-04-14T21:56:13.942+0000] {logging_mixin.py:188} INFO - Uploaded /opt/***/dags/data/bills/hr/BILLSTATUS-118hr400.json to gs://congress_data/bill_status/hr/BILLSTATUS-118hr400.json
[2024-04-14T21:56:14.368+0000] {logging_mixin.py:188} INFO - Uploaded /opt/***/dags/data/bills/hr/BILLSTATUS-118hr139.json to gs://congress_data/bill_status/hr/BILLSTATUS-118hr139.json
[2024-04-14T21:56:14.786+0000] {logging_mixin.py:188} INFO - Uploaded /opt/***/dags/data/bills/hr/BILLSTATUS-118hr302.json to gs://congress_data/bill_status/hr/BILLSTATUS-118hr302.json
[2024-04-14T21:56:15.210+0000] {logging_mixin.py:188} INFO - Uploaded /opt/***/dags/data/bills/hr/BILLSTATUS-118hr1606.json to gs://congress_data/bill_status/hr/BILLSTATUS-118hr1606.json
[2024-04-14T21:56:15.637+0000] {logging_mixin.py:188} INFO - Uploaded /opt/***/dags/data/bills/hr/BILLSTATUS-118hr6655.json to gs://congress_data/bill_status/hr/BILLSTATUS-118hr6655.json
[2024-04-14T21:56:16.080+0000] {logging_mixin.py:188} INFO - Uploaded /opt/***/dags/data/bills/hr/BILLSTATUS-118hr1715.json to gs://congress_data/bill_status/hr/BILLSTATUS-118hr1715.json
[2024-04-14T21:56:16.513+0000] {logging_mixin.py:188} INFO - Uploaded /opt/***/dags/data/bills/hr/BILLSTATUS-118hr2494.json to gs://congress_data/bill_status/hr/BILLSTATUS-118hr2494.json
[2024-04-14T21:56:16.954+0000] {logging_mixin.py:188} INFO - Uploaded /opt/***/dags/data/bills/hr/BILLSTATUS-118hr2882.json to gs://congress_data/bill_status/hr/BILLSTATUS-118hr2882.json
[2024-04-14T21:56:17.381+0000] {logging_mixin.py:188} INFO - Uploaded /opt/***/dags/data/bills/hr/BILLSTATUS-118hr1607.json to gs://congress_data/bill_status/hr/BILLSTATUS-118hr1607.json
[2024-04-14T21:56:17.889+0000] {logging_mixin.py:188} INFO - Uploaded /opt/***/dags/data/bills/hr/BILLSTATUS-118hr753.json to gs://congress_data/bill_status/hr/BILLSTATUS-118hr753.json
[2024-04-14T21:56:18.332+0000] {logging_mixin.py:188} INFO - Uploaded /opt/***/dags/data/bills/hr/BILLSTATUS-118hr7511.json to gs://congress_data/bill_status/hr/BILLSTATUS-118hr7511.json
[2024-04-14T21:56:18.840+0000] {logging_mixin.py:188} INFO - Uploaded /opt/***/dags/data/bills/hr/BILLSTATUS-118hr7454.json to gs://congress_data/bill_status/hr/BILLSTATUS-118hr7454.json
[2024-04-14T21:56:19.335+0000] {logging_mixin.py:188} INFO - Uploaded /opt/***/dags/data/bills/hr/BILLSTATUS-118hr1353.json to gs://congress_data/bill_status/hr/BILLSTATUS-118hr1353.json
[2024-04-14T21:56:19.819+0000] {logging_mixin.py:188} INFO - Uploaded /opt/***/dags/data/bills/hr/BILLSTATUS-118hr3250.json to gs://congress_data/bill_status/hr/BILLSTATUS-118hr3250.json
[2024-04-14T21:56:20.286+0000] {logging_mixin.py:188} INFO - Uploaded /opt/***/dags/data/bills/hr/BILLSTATUS-118hr4468.json to gs://congress_data/bill_status/hr/BILLSTATUS-118hr4468.json
[2024-04-14T21:56:20.732+0000] {logging_mixin.py:188} INFO - Uploaded /opt/***/dags/data/bills/hr/BILLSTATUS-118hr2379.json to gs://congress_data/bill_status/hr/BILLSTATUS-118hr2379.json
[2024-04-14T21:56:21.154+0000] {logging_mixin.py:188} INFO - Uploaded /opt/***/dags/data/bills/hr/BILLSTATUS-118hr1105.json to gs://congress_data/bill_status/hr/BILLSTATUS-118hr1105.json
[2024-04-14T21:56:21.640+0000] {logging_mixin.py:188} INFO - Uploaded /opt/***/dags/data/bills/hr/BILLSTATUS-118hr6678.json to gs://congress_data/bill_status/hr/BILLSTATUS-118hr6678.json
[2024-04-14T21:56:22.150+0000] {logging_mixin.py:188} INFO - Uploaded /opt/***/dags/data/bills/hr/BILLSTATUS-118hr4665.json to gs://congress_data/bill_status/hr/BILLSTATUS-118hr4665.json
[2024-04-14T21:56:22.571+0000] {logging_mixin.py:188} INFO - Uploaded /opt/***/dags/data/bills/hr/BILLSTATUS-118hr533.json to gs://congress_data/bill_status/hr/BILLSTATUS-118hr533.json
[2024-04-14T21:56:23.087+0000] {logging_mixin.py:188} INFO - Uploaded /opt/***/dags/data/bills/hr/BILLSTATUS-118hr4366.json to gs://congress_data/bill_status/hr/BILLSTATUS-118hr4366.json
[2024-04-14T21:56:23.585+0000] {logging_mixin.py:188} INFO - Uploaded /opt/***/dags/data/bills/hr/BILLSTATUS-118hr5961.json to gs://congress_data/bill_status/hr/BILLSTATUS-118hr5961.json
[2024-04-14T21:56:24.014+0000] {logging_mixin.py:188} INFO - Uploaded /opt/***/dags/data/bills/hr/BILLSTATUS-118hr1076.json to gs://congress_data/bill_status/hr/BILLSTATUS-118hr1076.json
[2024-04-14T21:56:24.461+0000] {logging_mixin.py:188} INFO - Uploaded /opt/***/dags/data/bills/hr/BILLSTATUS-118hr6009.json to gs://congress_data/bill_status/hr/BILLSTATUS-118hr6009.json
[2024-04-14T21:56:24.894+0000] {logging_mixin.py:188} INFO - Uploaded /opt/***/dags/data/bills/hr/BILLSTATUS-118hr7024.json to gs://congress_data/bill_status/hr/BILLSTATUS-118hr7024.json
[2024-04-14T21:56:25.336+0000] {logging_mixin.py:188} INFO - Uploaded /opt/***/dags/data/bills/hr/BILLSTATUS-118hr3821.json to gs://congress_data/bill_status/hr/BILLSTATUS-118hr3821.json
[2024-04-14T21:56:25.758+0000] {logging_mixin.py:188} INFO - Uploaded /opt/***/dags/data/bills/hr/BILLSTATUS-118hr3564.json to gs://congress_data/bill_status/hr/BILLSTATUS-118hr3564.json
[2024-04-14T21:56:26.229+0000] {logging_mixin.py:188} INFO - Uploaded /opt/***/dags/data/bills/hr/BILLSTATUS-118hr159.json to gs://congress_data/bill_status/hr/BILLSTATUS-118hr159.json
[2024-04-14T21:56:26.653+0000] {logging_mixin.py:188} INFO - Uploaded /opt/***/dags/data/bills/hr/BILLSTATUS-118hr4723.json to gs://congress_data/bill_status/hr/BILLSTATUS-118hr4723.json
[2024-04-14T21:56:27.096+0000] {logging_mixin.py:188} INFO - Uploaded /opt/***/dags/data/bills/hr/BILLSTATUS-118hr4365.json to gs://congress_data/bill_status/hr/BILLSTATUS-118hr4365.json
[2024-04-14T21:56:27.526+0000] {logging_mixin.py:188} INFO - Uploaded /opt/***/dags/data/bills/hr/BILLSTATUS-118hr3224.json to gs://congress_data/bill_status/hr/BILLSTATUS-118hr3224.json
[2024-04-14T21:56:28.001+0000] {logging_mixin.py:188} INFO - Uploaded /opt/***/dags/data/bills/hr/BILLSTATUS-118hr662.json to gs://congress_data/bill_status/hr/BILLSTATUS-118hr662.json
[2024-04-14T21:56:28.436+0000] {logging_mixin.py:188} INFO - Uploaded /opt/***/dags/data/bills/hr/BILLSTATUS-118hr3843.json to gs://congress_data/bill_status/hr/BILLSTATUS-118hr3843.json
[2024-04-14T21:56:28.865+0000] {logging_mixin.py:188} INFO - Uploaded /opt/***/dags/data/bills/hr/BILLSTATUS-118hr300.json to gs://congress_data/bill_status/hr/BILLSTATUS-118hr300.json
[2024-04-14T21:56:29.288+0000] {logging_mixin.py:188} INFO - Uploaded /opt/***/dags/data/bills/hr/BILLSTATUS-118hr357.json to gs://congress_data/bill_status/hr/BILLSTATUS-118hr357.json
[2024-04-14T21:56:29.705+0000] {logging_mixin.py:188} INFO - Uploaded /opt/***/dags/data/bills/hr/BILLSTATUS-118hr1096.json to gs://congress_data/bill_status/hr/BILLSTATUS-118hr1096.json
[2024-04-14T21:56:30.147+0000] {logging_mixin.py:188} INFO - Uploaded /opt/***/dags/data/bills/hr/BILLSTATUS-118hr4502.json to gs://congress_data/bill_status/hr/BILLSTATUS-118hr4502.json
[2024-04-14T21:56:30.572+0000] {logging_mixin.py:188} INFO - Uploaded /opt/***/dags/data/bills/hr/BILLSTATUS-118hr1147.json to gs://congress_data/bill_status/hr/BILLSTATUS-118hr1147.json
[2024-04-14T21:56:31.023+0000] {logging_mixin.py:188} INFO - Uploaded /opt/***/dags/data/bills/hr/BILLSTATUS-118hr5692.json to gs://congress_data/bill_status/hr/BILLSTATUS-118hr5692.json
[2024-04-14T21:56:31.458+0000] {logging_mixin.py:188} INFO - Uploaded /opt/***/dags/data/bills/hr/BILLSTATUS-118hr6544.json to gs://congress_data/bill_status/hr/BILLSTATUS-118hr6544.json
[2024-04-14T21:56:31.887+0000] {logging_mixin.py:188} INFO - Uploaded /opt/***/dags/data/bills/hr/BILLSTATUS-118hr3746.json to gs://congress_data/bill_status/hr/BILLSTATUS-118hr3746.json
[2024-04-14T21:56:32.419+0000] {logging_mixin.py:188} INFO - Uploaded /opt/***/dags/data/bills/hr/BILLSTATUS-118hr140.json to gs://congress_data/bill_status/hr/BILLSTATUS-118hr140.json
[2024-04-14T21:56:32.833+0000] {logging_mixin.py:188} INFO - Uploaded /opt/***/dags/data/bills/hr/BILLSTATUS-118hr1669.json to gs://congress_data/bill_status/hr/BILLSTATUS-118hr1669.json
[2024-04-14T21:56:33.250+0000] {logging_mixin.py:188} INFO - Uploaded /opt/***/dags/data/bills/hr/BILLSTATUS-118hr3091.json to gs://congress_data/bill_status/hr/BILLSTATUS-118hr3091.json
[2024-04-14T21:56:33.683+0000] {logging_mixin.py:188} INFO - Uploaded /opt/***/dags/data/bills/hr/BILLSTATUS-118hr382.json to gs://congress_data/bill_status/hr/BILLSTATUS-118hr382.json
[2024-04-14T21:56:34.104+0000] {logging_mixin.py:188} INFO - Uploaded /opt/***/dags/data/bills/hr/BILLSTATUS-118hr3838.json to gs://congress_data/bill_status/hr/BILLSTATUS-118hr3838.json
[2024-04-14T21:56:34.538+0000] {logging_mixin.py:188} INFO - Uploaded /opt/***/dags/data/bills/hr/BILLSTATUS-118hr5283.json to gs://congress_data/bill_status/hr/BILLSTATUS-118hr5283.json
[2024-04-14T21:56:34.957+0000] {logging_mixin.py:188} INFO - Uploaded /opt/***/dags/data/bills/hr/BILLSTATUS-118hr1151.json to gs://congress_data/bill_status/hr/BILLSTATUS-118hr1151.json
[2024-04-14T21:56:35.379+0000] {logging_mixin.py:188} INFO - Uploaded /opt/***/dags/data/bills/hr/BILLSTATUS-118hr2792.json to gs://congress_data/bill_status/hr/BILLSTATUS-118hr2792.json
[2024-04-14T21:56:35.848+0000] {logging_mixin.py:188} INFO - Uploaded /opt/***/dags/data/bills/hr/BILLSTATUS-118hr443.json to gs://congress_data/bill_status/hr/BILLSTATUS-118hr443.json
[2024-04-14T21:56:36.289+0000] {logging_mixin.py:188} INFO - Uploaded /opt/***/dags/data/bills/hr/BILLSTATUS-118hr2793.json to gs://congress_data/bill_status/hr/BILLSTATUS-118hr2793.json
[2024-04-14T21:56:36.725+0000] {logging_mixin.py:188} INFO - Uploaded /opt/***/dags/data/bills/hr/BILLSTATUS-118hr1107.json to gs://congress_data/bill_status/hr/BILLSTATUS-118hr1107.json
[2024-04-14T21:56:37.162+0000] {logging_mixin.py:188} INFO - Uploaded /opt/***/dags/data/bills/hr/BILLSTATUS-118hr26.json to gs://congress_data/bill_status/hr/BILLSTATUS-118hr26.json
[2024-04-14T21:56:37.617+0000] {logging_mixin.py:188} INFO - Uploaded /opt/***/dags/data/bills/hr/BILLSTATUS-118hr815.json to gs://congress_data/bill_status/hr/BILLSTATUS-118hr815.json
[2024-04-14T21:56:38.035+0000] {logging_mixin.py:188} INFO - Uploaded /opt/***/dags/data/bills/hr/BILLSTATUS-118hr839.json to gs://congress_data/bill_status/hr/BILLSTATUS-118hr839.json
[2024-04-14T21:56:38.472+0000] {logging_mixin.py:188} INFO - Uploaded /opt/***/dags/data/bills/hr/BILLSTATUS-118hr497.json to gs://congress_data/bill_status/hr/BILLSTATUS-118hr497.json
[2024-04-14T21:56:38.920+0000] {logging_mixin.py:188} INFO - Uploaded /opt/***/dags/data/bills/hr/BILLSTATUS-118hr4368.json to gs://congress_data/bill_status/hr/BILLSTATUS-118hr4368.json
[2024-04-14T21:56:39.349+0000] {logging_mixin.py:188} INFO - Uploaded /opt/***/dags/data/bills/hr/BILLSTATUS-118hr7102.json to gs://congress_data/bill_status/hr/BILLSTATUS-118hr7102.json
[2024-04-14T21:56:39.843+0000] {logging_mixin.py:188} INFO - Uploaded /opt/***/dags/data/bills/hr/BILLSTATUS-118hr593.json to gs://congress_data/bill_status/hr/BILLSTATUS-118hr593.json
[2024-04-14T21:56:40.309+0000] {logging_mixin.py:188} INFO - Uploaded /opt/***/dags/data/bills/hr/BILLSTATUS-118hr340.json to gs://congress_data/bill_status/hr/BILLSTATUS-118hr340.json
[2024-04-14T21:56:40.750+0000] {logging_mixin.py:188} INFO - Uploaded /opt/***/dags/data/bills/hr/BILLSTATUS-118hr788.json to gs://congress_data/bill_status/hr/BILLSTATUS-118hr788.json
[2024-04-14T21:56:41.182+0000] {logging_mixin.py:188} INFO - Uploaded /opt/***/dags/data/bills/hr/BILLSTATUS-118hr6363.json to gs://congress_data/bill_status/hr/BILLSTATUS-118hr6363.json
[2024-04-14T21:56:41.607+0000] {logging_mixin.py:188} INFO - Uploaded /opt/***/dags/data/bills/hr/BILLSTATUS-118hr1.json to gs://congress_data/bill_status/hr/BILLSTATUS-118hr1.json
[2024-04-14T21:56:42.032+0000] {logging_mixin.py:188} INFO - Uploaded /opt/***/dags/data/bills/hr/BILLSTATUS-118hr4470.json to gs://congress_data/bill_status/hr/BILLSTATUS-118hr4470.json
[2024-04-14T21:56:42.484+0000] {logging_mixin.py:188} INFO - Uploaded /opt/***/dags/data/bills/hr/BILLSTATUS-118hr663.json to gs://congress_data/bill_status/hr/BILLSTATUS-118hr663.json
[2024-04-14T21:56:43.010+0000] {logging_mixin.py:188} INFO - Uploaded /opt/***/dags/data/bills/hr/BILLSTATUS-118hr2766.json to gs://congress_data/bill_status/hr/BILLSTATUS-118hr2766.json
[2024-04-14T21:56:43.423+0000] {logging_mixin.py:188} INFO - Uploaded /opt/***/dags/data/bills/hr/BILLSTATUS-118hr589.json to gs://congress_data/bill_status/hr/BILLSTATUS-118hr589.json
[2024-04-14T21:56:43.888+0000] {logging_mixin.py:188} INFO - Uploaded /opt/***/dags/data/bills/hr/BILLSTATUS-118hr1023.json to gs://congress_data/bill_status/hr/BILLSTATUS-118hr1023.json
[2024-04-14T21:56:44.324+0000] {logging_mixin.py:188} INFO - Uploaded /opt/***/dags/data/bills/hr/BILLSTATUS-118hr4364.json to gs://congress_data/bill_status/hr/BILLSTATUS-118hr4364.json
[2024-04-14T21:56:44.751+0000] {logging_mixin.py:188} INFO - Uploaded /opt/***/dags/data/bills/hr/BILLSTATUS-118hr347.json to gs://congress_data/bill_status/hr/BILLSTATUS-118hr347.json
[2024-04-14T21:56:45.227+0000] {logging_mixin.py:188} INFO - Uploaded /opt/***/dags/data/bills/hr/BILLSTATUS-118hr886.json to gs://congress_data/bill_status/hr/BILLSTATUS-118hr886.json
[2024-04-14T21:56:45.697+0000] {logging_mixin.py:188} INFO - Uploaded /opt/***/dags/data/bills/hr/BILLSTATUS-118hr185.json to gs://congress_data/bill_status/hr/BILLSTATUS-118hr185.json
[2024-04-14T21:56:46.122+0000] {logging_mixin.py:188} INFO - Uploaded /opt/***/dags/data/bills/hr/BILLSTATUS-118hr3941.json to gs://congress_data/bill_status/hr/BILLSTATUS-118hr3941.json
[2024-04-14T21:56:46.564+0000] {logging_mixin.py:188} INFO - Uploaded /opt/***/dags/data/bills/hr/BILLSTATUS-118hr5856.json to gs://congress_data/bill_status/hr/BILLSTATUS-118hr5856.json
[2024-04-14T21:56:47.053+0000] {logging_mixin.py:188} INFO - Uploaded /opt/***/dags/data/bills/hr/BILLSTATUS-118hr21.json to gs://congress_data/bill_status/hr/BILLSTATUS-118hr21.json
[2024-04-14T21:56:47.503+0000] {logging_mixin.py:188} INFO - Uploaded /opt/***/dags/data/bills/hr/BILLSTATUS-118hr3202.json to gs://congress_data/bill_status/hr/BILLSTATUS-118hr3202.json
[2024-04-14T21:56:47.941+0000] {logging_mixin.py:188} INFO - Uploaded /opt/***/dags/data/bills/hr/BILLSTATUS-118hr6503.json to gs://congress_data/bill_status/hr/BILLSTATUS-118hr6503.json
[2024-04-14T21:56:48.377+0000] {logging_mixin.py:188} INFO - Uploaded /opt/***/dags/data/bills/hr/BILLSTATUS-118hr5378.json to gs://congress_data/bill_status/hr/BILLSTATUS-118hr5378.json
[2024-04-14T21:56:48.835+0000] {logging_mixin.py:188} INFO - Uploaded /opt/***/dags/data/bills/hr/BILLSTATUS-118hr500.json to gs://congress_data/bill_status/hr/BILLSTATUS-118hr500.json
[2024-04-14T21:56:49.273+0000] {logging_mixin.py:188} INFO - Uploaded /opt/***/dags/data/bills/hr/BILLSTATUS-118hr2560.json to gs://congress_data/bill_status/hr/BILLSTATUS-118hr2560.json
[2024-04-14T21:56:49.702+0000] {logging_mixin.py:188} INFO - Uploaded /opt/***/dags/data/bills/hr/BILLSTATUS-118hr1435.json to gs://congress_data/bill_status/hr/BILLSTATUS-118hr1435.json
[2024-04-14T21:56:50.126+0000] {logging_mixin.py:188} INFO - Uploaded /opt/***/dags/data/bills/hr/BILLSTATUS-118hr5860.json to gs://congress_data/bill_status/hr/BILLSTATUS-118hr5860.json
[2024-04-14T21:56:50.555+0000] {logging_mixin.py:188} INFO - Uploaded /opt/***/dags/data/bills/hr/BILLSTATUS-118hr3799.json to gs://congress_data/bill_status/hr/BILLSTATUS-118hr3799.json
[2024-04-14T21:56:50.983+0000] {logging_mixin.py:188} INFO - Uploaded /opt/***/dags/data/bills/hr/BILLSTATUS-118hr2872.json to gs://congress_data/bill_status/hr/BILLSTATUS-118hr2872.json
[2024-04-14T21:56:51.422+0000] {logging_mixin.py:188} INFO - Uploaded /opt/***/dags/data/bills/hr/BILLSTATUS-118hr3672.json to gs://congress_data/bill_status/hr/BILLSTATUS-118hr3672.json
[2024-04-14T21:56:51.831+0000] {logging_mixin.py:188} INFO - Uploaded /opt/***/dags/data/bills/hr/BILLSTATUS-118hr5933.json to gs://congress_data/bill_status/hr/BILLSTATUS-118hr5933.json
[2024-04-14T21:56:52.263+0000] {logging_mixin.py:188} INFO - Uploaded /opt/***/dags/data/bills/hr/BILLSTATUS-118hr5525.json to gs://congress_data/bill_status/hr/BILLSTATUS-118hr5525.json
[2024-04-14T21:56:52.696+0000] {logging_mixin.py:188} INFO - Uploaded /opt/***/dags/data/bills/hr/BILLSTATUS-118hr4820.json to gs://congress_data/bill_status/hr/BILLSTATUS-118hr4820.json
[2024-04-14T21:56:53.121+0000] {logging_mixin.py:188} INFO - Uploaded /opt/***/dags/data/bills/hr/BILLSTATUS-118hr7888.json to gs://congress_data/bill_status/hr/BILLSTATUS-118hr7888.json
[2024-04-14T21:56:53.546+0000] {logging_mixin.py:188} INFO - Uploaded /opt/***/dags/data/bills/hr/BILLSTATUS-118hr6276.json to gs://congress_data/bill_status/hr/BILLSTATUS-118hr6276.json
[2024-04-14T21:56:53.987+0000] {logging_mixin.py:188} INFO - Uploaded /opt/***/dags/data/bills/hr/BILLSTATUS-118hr5119.json to gs://congress_data/bill_status/hr/BILLSTATUS-118hr5119.json
[2024-04-14T21:56:54.409+0000] {logging_mixin.py:188} INFO - Uploaded /opt/***/dags/data/bills/hr/BILLSTATUS-118hr2799.json to gs://congress_data/bill_status/hr/BILLSTATUS-118hr2799.json
[2024-04-14T21:56:54.843+0000] {logging_mixin.py:188} INFO - Uploaded /opt/***/dags/data/bills/hr/BILLSTATUS-118hr5375.json to gs://congress_data/bill_status/hr/BILLSTATUS-118hr5375.json
[2024-04-14T21:56:55.279+0000] {logging_mixin.py:188} INFO - Uploaded /opt/***/dags/data/bills/hr/BILLSTATUS-118hr6918.json to gs://congress_data/bill_status/hr/BILLSTATUS-118hr6918.json
[2024-04-14T21:56:55.769+0000] {logging_mixin.py:188} INFO - Uploaded /opt/***/dags/data/bills/hr/BILLSTATUS-118hr1727.json to gs://congress_data/bill_status/hr/BILLSTATUS-118hr1727.json
[2024-04-14T21:56:56.290+0000] {logging_mixin.py:188} INFO - Uploaded /opt/***/dags/data/bills/hr/BILLSTATUS-118hr4821.json to gs://congress_data/bill_status/hr/BILLSTATUS-118hr4821.json
[2024-04-14T21:56:56.715+0000] {logging_mixin.py:188} INFO - Uploaded /opt/***/dags/data/bills/hr/BILLSTATUS-118hr1567.json to gs://congress_data/bill_status/hr/BILLSTATUS-118hr1567.json
[2024-04-14T21:56:57.132+0000] {logging_mixin.py:188} INFO - Uploaded /opt/***/dags/data/bills/hr/BILLSTATUS-118hr5524.json to gs://congress_data/bill_status/hr/BILLSTATUS-118hr5524.json
[2024-04-14T21:56:57.565+0000] {logging_mixin.py:188} INFO - Uploaded /opt/***/dags/data/bills/hr/BILLSTATUS-118hr1530.json to gs://congress_data/bill_status/hr/BILLSTATUS-118hr1530.json
[2024-04-14T21:56:58.025+0000] {logging_mixin.py:188} INFO - Uploaded /opt/***/dags/data/bills/hr/BILLSTATUS-118hr3848.json to gs://congress_data/bill_status/hr/BILLSTATUS-118hr3848.json
[2024-04-14T21:56:58.503+0000] {logging_mixin.py:188} INFO - Uploaded /opt/***/dags/data/bills/hr/BILLSTATUS-118hr1121.json to gs://congress_data/bill_status/hr/BILLSTATUS-118hr1121.json
[2024-04-14T21:56:58.929+0000] {logging_mixin.py:188} INFO - Uploaded /opt/***/dags/data/bills/hr/BILLSTATUS-118hr1156.json to gs://congress_data/bill_status/hr/BILLSTATUS-118hr1156.json
[2024-04-14T21:56:59.347+0000] {logging_mixin.py:188} INFO - Uploaded /opt/***/dags/data/bills/hr/BILLSTATUS-118hr2795.json to gs://congress_data/bill_status/hr/BILLSTATUS-118hr2795.json
[2024-04-14T21:56:59.770+0000] {logging_mixin.py:188} INFO - Uploaded /opt/***/dags/data/bills/hr/BILLSTATUS-118hr2812.json to gs://congress_data/bill_status/hr/BILLSTATUS-118hr2812.json
[2024-04-14T21:57:00.204+0000] {logging_mixin.py:188} INFO - Uploaded /opt/***/dags/data/bills/hr/BILLSTATUS-118hr6914.json to gs://congress_data/bill_status/hr/BILLSTATUS-118hr6914.json
[2024-04-14T21:57:00.626+0000] {logging_mixin.py:188} INFO - Uploaded /opt/***/dags/data/bills/hr/BILLSTATUS-118hr813.json to gs://congress_data/bill_status/hr/BILLSTATUS-118hr813.json
[2024-04-14T21:57:01.040+0000] {logging_mixin.py:188} INFO - Uploaded /opt/***/dags/data/bills/hr/BILLSTATUS-118hr1547.json to gs://congress_data/bill_status/hr/BILLSTATUS-118hr1547.json
[2024-04-14T21:57:01.507+0000] {logging_mixin.py:188} INFO - Uploaded /opt/***/dags/data/bills/hr/BILLSTATUS-118hr7217.json to gs://congress_data/bill_status/hr/BILLSTATUS-118hr7217.json
[2024-04-14T21:57:01.927+0000] {logging_mixin.py:188} INFO - Uploaded /opt/***/dags/data/bills/hr/BILLSTATUS-118hr5894.json to gs://congress_data/bill_status/hr/BILLSTATUS-118hr5894.json
[2024-04-14T21:57:02.379+0000] {logging_mixin.py:188} INFO - Uploaded /opt/***/dags/data/bills/hr/BILLSTATUS-118hr5528.json to gs://congress_data/bill_status/hr/BILLSTATUS-118hr5528.json
[2024-04-14T21:57:02.838+0000] {logging_mixin.py:188} INFO - Uploaded /opt/***/dags/data/bills/hr/BILLSTATUS-118hr1615.json to gs://congress_data/bill_status/hr/BILLSTATUS-118hr1615.json
[2024-04-14T21:57:03.301+0000] {logging_mixin.py:188} INFO - Uploaded /opt/***/dags/data/bills/hr/BILLSTATUS-118hr346.json to gs://congress_data/bill_status/hr/BILLSTATUS-118hr346.json
[2024-04-14T21:57:03.764+0000] {logging_mixin.py:188} INFO - Uploaded /opt/***/dags/data/bills/sjres/BILLSTATUS-118sjres24.json to gs://congress_data/bill_status/sjres/BILLSTATUS-118sjres24.json
[2024-04-14T21:57:04.189+0000] {logging_mixin.py:188} INFO - Uploaded /opt/***/dags/data/bills/sjres/BILLSTATUS-118sjres32.json to gs://congress_data/bill_status/sjres/BILLSTATUS-118sjres32.json
[2024-04-14T21:57:04.608+0000] {logging_mixin.py:188} INFO - Uploaded /opt/***/dags/data/bills/sjres/BILLSTATUS-118sjres44.json to gs://congress_data/bill_status/sjres/BILLSTATUS-118sjres44.json
[2024-04-14T21:57:05.024+0000] {logging_mixin.py:188} INFO - Uploaded /opt/***/dags/data/bills/sjres/BILLSTATUS-118sjres38.json to gs://congress_data/bill_status/sjres/BILLSTATUS-118sjres38.json
[2024-04-14T21:57:05.443+0000] {logging_mixin.py:188} INFO - Uploaded /opt/***/dags/data/bills/sjres/BILLSTATUS-118sjres43.json to gs://congress_data/bill_status/sjres/BILLSTATUS-118sjres43.json
[2024-04-14T21:57:05.890+0000] {logging_mixin.py:188} INFO - Uploaded /opt/***/dags/data/bills/sjres/BILLSTATUS-118sjres4.json to gs://congress_data/bill_status/sjres/BILLSTATUS-118sjres4.json
[2024-04-14T21:57:06.364+0000] {logging_mixin.py:188} INFO - Uploaded /opt/***/dags/data/bills/sjres/BILLSTATUS-118sjres18.json to gs://congress_data/bill_status/sjres/BILLSTATUS-118sjres18.json
[2024-04-14T21:57:06.777+0000] {logging_mixin.py:188} INFO - Uploaded /opt/***/dags/data/bills/sjres/BILLSTATUS-118sjres9.json to gs://congress_data/bill_status/sjres/BILLSTATUS-118sjres9.json
[2024-04-14T21:57:07.223+0000] {logging_mixin.py:188} INFO - Uploaded /opt/***/dags/data/bills/sjres/BILLSTATUS-118sjres62.json to gs://congress_data/bill_status/sjres/BILLSTATUS-118sjres62.json
[2024-04-14T21:57:07.656+0000] {logging_mixin.py:188} INFO - Uploaded /opt/***/dags/data/bills/sjres/BILLSTATUS-118sjres23.json to gs://congress_data/bill_status/sjres/BILLSTATUS-118sjres23.json
[2024-04-14T21:57:08.121+0000] {logging_mixin.py:188} INFO - Uploaded /opt/***/dags/data/bills/sjres/BILLSTATUS-118sjres42.json to gs://congress_data/bill_status/sjres/BILLSTATUS-118sjres42.json
[2024-04-14T21:57:08.547+0000] {logging_mixin.py:188} INFO - Uploaded /opt/***/dags/data/bills/sjres/BILLSTATUS-118sjres61.json to gs://congress_data/bill_status/sjres/BILLSTATUS-118sjres61.json
[2024-04-14T21:57:09.023+0000] {logging_mixin.py:188} INFO - Uploaded /opt/***/dags/data/bills/sjres/BILLSTATUS-118sjres60.json to gs://congress_data/bill_status/sjres/BILLSTATUS-118sjres60.json
[2024-04-14T21:57:09.446+0000] {logging_mixin.py:188} INFO - Uploaded /opt/***/dags/data/bills/sjres/BILLSTATUS-118sjres51.json to gs://congress_data/bill_status/sjres/BILLSTATUS-118sjres51.json
[2024-04-14T21:57:09.918+0000] {logging_mixin.py:188} INFO - Uploaded /opt/***/dags/data/bills/sjres/BILLSTATUS-118sjres10.json to gs://congress_data/bill_status/sjres/BILLSTATUS-118sjres10.json
[2024-04-14T21:57:10.382+0000] {logging_mixin.py:188} INFO - Uploaded /opt/***/dags/data/bills/sjres/BILLSTATUS-118sjres11.json to gs://congress_data/bill_status/sjres/BILLSTATUS-118sjres11.json
[2024-04-14T21:57:10.383+0000] {python.py:202} INFO - Done. Returned value was: None
[2024-04-14T21:57:10.415+0000] {taskinstance.py:1149} INFO - Marking task as SUCCESS. dag_id=upload_congress_data, task_id=upload_bill_status_to_gcs, execution_date=20240315T000000, start_date=20240414T215526, end_date=20240414T215710
[2024-04-14T21:57:10.466+0000] {local_task_job_runner.py:234} INFO - Task exited with return code 0
[2024-04-14T21:57:10.538+0000] {taskinstance.py:3312} INFO - 1 downstream tasks scheduled from follow-on schedule check
