[2024-04-14T20:48:12.299+0000] {processor.py:161} INFO - Started process (PID=57) to work on /opt/airflow/dags/data/bills/hr/BILLSTATUS-118-hr.zip
[2024-04-14T20:48:12.326+0000] {processor.py:830} INFO - Processing file /opt/airflow/dags/data/bills/hr/BILLSTATUS-118-hr.zip for tasks to queue
[2024-04-14T20:48:12.408+0000] {logging_mixin.py:188} INFO - [2024-04-14T20:48:12.408+0000] {dagbag.py:540} INFO - Filling up the DagBag from /opt/airflow/dags/data/bills/hr/BILLSTATUS-118-hr.zip
[2024-04-14T20:48:12.550+0000] {processor.py:842} WARNING - No viable dags retrieved from /opt/airflow/dags/data/bills/hr/BILLSTATUS-118-hr.zip
[2024-04-14T20:48:12.621+0000] {processor.py:183} INFO - Processing /opt/airflow/dags/data/bills/hr/BILLSTATUS-118-hr.zip took 0.330 seconds
[2024-04-14T20:48:52.742+0000] {processor.py:161} INFO - Started process (PID=67) to work on /opt/airflow/dags/data/bills/hr/BILLSTATUS-118-hr.zip
[2024-04-14T20:48:52.760+0000] {processor.py:830} INFO - Processing file /opt/airflow/dags/data/bills/hr/BILLSTATUS-118-hr.zip for tasks to queue
[2024-04-14T20:48:52.764+0000] {logging_mixin.py:188} INFO - [2024-04-14T20:48:52.764+0000] {dagbag.py:540} INFO - Filling up the DagBag from /opt/airflow/dags/data/bills/hr/BILLSTATUS-118-hr.zip
[2024-04-14T20:48:52.917+0000] {processor.py:842} WARNING - No viable dags retrieved from /opt/airflow/dags/data/bills/hr/BILLSTATUS-118-hr.zip
[2024-04-14T20:48:53.514+0000] {processor.py:183} INFO - Processing /opt/airflow/dags/data/bills/hr/BILLSTATUS-118-hr.zip took 0.809 seconds
[2024-04-14T20:49:31.326+0000] {processor.py:161} INFO - Started process (PID=97) to work on /opt/airflow/dags/data/bills/hr/BILLSTATUS-118-hr.zip
[2024-04-14T20:49:31.356+0000] {processor.py:830} INFO - Processing file /opt/airflow/dags/data/bills/hr/BILLSTATUS-118-hr.zip for tasks to queue
[2024-04-14T20:49:31.377+0000] {logging_mixin.py:188} INFO - [2024-04-14T20:49:31.375+0000] {dagbag.py:540} INFO - Filling up the DagBag from /opt/airflow/dags/data/bills/hr/BILLSTATUS-118-hr.zip
[2024-04-14T20:49:32.381+0000] {processor.py:842} WARNING - No viable dags retrieved from /opt/airflow/dags/data/bills/hr/BILLSTATUS-118-hr.zip
[2024-04-14T20:49:32.596+0000] {processor.py:183} INFO - Processing /opt/airflow/dags/data/bills/hr/BILLSTATUS-118-hr.zip took 1.341 seconds
[2024-04-14T20:50:04.721+0000] {processor.py:161} INFO - Started process (PID=100) to work on /opt/airflow/dags/data/bills/hr/BILLSTATUS-118-hr.zip
[2024-04-14T20:50:04.723+0000] {processor.py:830} INFO - Processing file /opt/airflow/dags/data/bills/hr/BILLSTATUS-118-hr.zip for tasks to queue
[2024-04-14T20:50:04.730+0000] {logging_mixin.py:188} INFO - [2024-04-14T20:50:04.729+0000] {dagbag.py:540} INFO - Filling up the DagBag from /opt/airflow/dags/data/bills/hr/BILLSTATUS-118-hr.zip
[2024-04-14T20:50:11.257+0000] {processor.py:842} WARNING - No viable dags retrieved from /opt/airflow/dags/data/bills/hr/BILLSTATUS-118-hr.zip
[2024-04-14T20:50:11.358+0000] {processor.py:183} INFO - Processing /opt/airflow/dags/data/bills/hr/BILLSTATUS-118-hr.zip took 6.649 seconds
[2024-04-14T20:50:45.529+0000] {processor.py:161} INFO - Started process (PID=115) to work on /opt/airflow/dags/data/bills/hr/BILLSTATUS-118-hr.zip
[2024-04-14T20:50:45.549+0000] {processor.py:830} INFO - Processing file /opt/airflow/dags/data/bills/hr/BILLSTATUS-118-hr.zip for tasks to queue
[2024-04-14T20:53:47.141+0000] {processor.py:161} INFO - Started process (PID=44) to work on /opt/airflow/dags/data/bills/hr/BILLSTATUS-118-hr.zip
[2024-04-14T20:53:47.144+0000] {processor.py:830} INFO - Processing file /opt/airflow/dags/data/bills/hr/BILLSTATUS-118-hr.zip for tasks to queue
[2024-04-14T20:53:47.149+0000] {logging_mixin.py:188} INFO - [2024-04-14T20:53:47.148+0000] {dagbag.py:540} INFO - Filling up the DagBag from /opt/airflow/dags/data/bills/hr/BILLSTATUS-118-hr.zip
[2024-04-14T20:53:47.255+0000] {processor.py:842} WARNING - No viable dags retrieved from /opt/airflow/dags/data/bills/hr/BILLSTATUS-118-hr.zip
[2024-04-14T20:53:47.282+0000] {processor.py:183} INFO - Processing /opt/airflow/dags/data/bills/hr/BILLSTATUS-118-hr.zip took 0.147 seconds
[2024-04-14T20:54:18.472+0000] {processor.py:161} INFO - Started process (PID=53) to work on /opt/airflow/dags/data/bills/hr/BILLSTATUS-118-hr.zip
[2024-04-14T20:54:18.550+0000] {processor.py:830} INFO - Processing file /opt/airflow/dags/data/bills/hr/BILLSTATUS-118-hr.zip for tasks to queue
[2024-04-14T20:54:18.554+0000] {logging_mixin.py:188} INFO - [2024-04-14T20:54:18.554+0000] {dagbag.py:540} INFO - Filling up the DagBag from /opt/airflow/dags/data/bills/hr/BILLSTATUS-118-hr.zip
[2024-04-14T20:54:18.635+0000] {processor.py:842} WARNING - No viable dags retrieved from /opt/airflow/dags/data/bills/hr/BILLSTATUS-118-hr.zip
[2024-04-14T20:54:18.671+0000] {processor.py:183} INFO - Processing /opt/airflow/dags/data/bills/hr/BILLSTATUS-118-hr.zip took 0.207 seconds
[2024-04-14T20:54:51.284+0000] {processor.py:161} INFO - Started process (PID=62) to work on /opt/airflow/dags/data/bills/hr/BILLSTATUS-118-hr.zip
[2024-04-14T20:54:51.288+0000] {processor.py:830} INFO - Processing file /opt/airflow/dags/data/bills/hr/BILLSTATUS-118-hr.zip for tasks to queue
[2024-04-14T20:54:51.323+0000] {logging_mixin.py:188} INFO - [2024-04-14T20:54:51.319+0000] {dagbag.py:540} INFO - Filling up the DagBag from /opt/airflow/dags/data/bills/hr/BILLSTATUS-118-hr.zip
[2024-04-14T20:54:51.515+0000] {processor.py:842} WARNING - No viable dags retrieved from /opt/airflow/dags/data/bills/hr/BILLSTATUS-118-hr.zip
[2024-04-14T20:54:51.579+0000] {processor.py:183} INFO - Processing /opt/airflow/dags/data/bills/hr/BILLSTATUS-118-hr.zip took 0.311 seconds
[2024-04-14T20:55:30.107+0000] {processor.py:161} INFO - Started process (PID=72) to work on /opt/airflow/dags/data/bills/hr/BILLSTATUS-118-hr.zip
[2024-04-14T20:55:30.114+0000] {processor.py:830} INFO - Processing file /opt/airflow/dags/data/bills/hr/BILLSTATUS-118-hr.zip for tasks to queue
[2024-04-14T20:55:30.127+0000] {logging_mixin.py:188} INFO - [2024-04-14T20:55:30.124+0000] {dagbag.py:540} INFO - Filling up the DagBag from /opt/airflow/dags/data/bills/hr/BILLSTATUS-118-hr.zip
[2024-04-14T20:55:30.773+0000] {processor.py:842} WARNING - No viable dags retrieved from /opt/airflow/dags/data/bills/hr/BILLSTATUS-118-hr.zip
[2024-04-14T20:55:30.844+0000] {processor.py:183} INFO - Processing /opt/airflow/dags/data/bills/hr/BILLSTATUS-118-hr.zip took 0.749 seconds
[2024-04-14T20:56:02.461+0000] {processor.py:161} INFO - Started process (PID=81) to work on /opt/airflow/dags/data/bills/hr/BILLSTATUS-118-hr.zip
[2024-04-14T20:56:02.463+0000] {processor.py:830} INFO - Processing file /opt/airflow/dags/data/bills/hr/BILLSTATUS-118-hr.zip for tasks to queue
[2024-04-14T20:56:02.466+0000] {logging_mixin.py:188} INFO - [2024-04-14T20:56:02.466+0000] {dagbag.py:540} INFO - Filling up the DagBag from /opt/airflow/dags/data/bills/hr/BILLSTATUS-118-hr.zip
[2024-04-14T20:56:02.574+0000] {processor.py:842} WARNING - No viable dags retrieved from /opt/airflow/dags/data/bills/hr/BILLSTATUS-118-hr.zip
[2024-04-14T20:56:02.622+0000] {processor.py:183} INFO - Processing /opt/airflow/dags/data/bills/hr/BILLSTATUS-118-hr.zip took 0.167 seconds
[2024-04-14T20:56:41.869+0000] {processor.py:161} INFO - Started process (PID=90) to work on /opt/airflow/dags/data/bills/hr/BILLSTATUS-118-hr.zip
[2024-04-14T20:56:41.923+0000] {processor.py:830} INFO - Processing file /opt/airflow/dags/data/bills/hr/BILLSTATUS-118-hr.zip for tasks to queue
[2024-04-14T20:56:42.052+0000] {logging_mixin.py:188} INFO - [2024-04-14T20:56:42.031+0000] {dagbag.py:540} INFO - Filling up the DagBag from /opt/airflow/dags/data/bills/hr/BILLSTATUS-118-hr.zip
[2024-04-14T20:57:18.962+0000] {processor.py:842} WARNING - No viable dags retrieved from /opt/airflow/dags/data/bills/hr/BILLSTATUS-118-hr.zip
[2024-04-14T20:57:19.077+0000] {processor.py:183} INFO - Processing /opt/airflow/dags/data/bills/hr/BILLSTATUS-118-hr.zip took 37.525 seconds
[2024-04-14T20:57:53.908+0000] {processor.py:161} INFO - Started process (PID=106) to work on /opt/airflow/dags/data/bills/hr/BILLSTATUS-118-hr.zip
[2024-04-14T20:57:53.922+0000] {processor.py:830} INFO - Processing file /opt/airflow/dags/data/bills/hr/BILLSTATUS-118-hr.zip for tasks to queue
[2024-04-14T20:57:53.933+0000] {logging_mixin.py:188} INFO - [2024-04-14T20:57:53.932+0000] {dagbag.py:540} INFO - Filling up the DagBag from /opt/airflow/dags/data/bills/hr/BILLSTATUS-118-hr.zip
[2024-04-14T20:58:05.477+0000] {processor.py:842} WARNING - No viable dags retrieved from /opt/airflow/dags/data/bills/hr/BILLSTATUS-118-hr.zip
[2024-04-14T20:58:05.605+0000] {processor.py:183} INFO - Processing /opt/airflow/dags/data/bills/hr/BILLSTATUS-118-hr.zip took 11.745 seconds
