[2024-04-25T03:59:58.735+0000] {processor.py:161} INFO - Started process (PID=32) to work on /opt/airflow/dags/scripts/python/get_data.py
[2024-04-25T03:59:58.738+0000] {processor.py:830} INFO - Processing file /opt/airflow/dags/scripts/python/get_data.py for tasks to queue
[2024-04-25T03:59:58.748+0000] {logging_mixin.py:188} INFO - [2024-04-25T03:59:58.747+0000] {dagbag.py:540} INFO - Filling up the DagBag from /opt/airflow/dags/scripts/python/get_data.py
[2024-04-25T03:59:58.801+0000] {processor.py:842} WARNING - No viable dags retrieved from /opt/airflow/dags/scripts/python/get_data.py
[2024-04-25T03:59:58.850+0000] {processor.py:183} INFO - Processing /opt/airflow/dags/scripts/python/get_data.py took 0.121 seconds
[2024-04-25T04:00:29.238+0000] {processor.py:161} INFO - Started process (PID=40) to work on /opt/airflow/dags/scripts/python/get_data.py
[2024-04-25T04:00:29.239+0000] {processor.py:830} INFO - Processing file /opt/airflow/dags/scripts/python/get_data.py for tasks to queue
[2024-04-25T04:00:29.241+0000] {logging_mixin.py:188} INFO - [2024-04-25T04:00:29.241+0000] {dagbag.py:540} INFO - Filling up the DagBag from /opt/airflow/dags/scripts/python/get_data.py
[2024-04-25T04:00:29.277+0000] {processor.py:842} WARNING - No viable dags retrieved from /opt/airflow/dags/scripts/python/get_data.py
[2024-04-25T04:00:29.296+0000] {processor.py:183} INFO - Processing /opt/airflow/dags/scripts/python/get_data.py took 0.061 seconds
[2024-04-25T04:00:59.892+0000] {processor.py:161} INFO - Started process (PID=54) to work on /opt/airflow/dags/scripts/python/get_data.py
[2024-04-25T04:00:59.895+0000] {processor.py:830} INFO - Processing file /opt/airflow/dags/scripts/python/get_data.py for tasks to queue
[2024-04-25T04:00:59.899+0000] {logging_mixin.py:188} INFO - [2024-04-25T04:00:59.898+0000] {dagbag.py:540} INFO - Filling up the DagBag from /opt/airflow/dags/scripts/python/get_data.py
[2024-04-25T04:00:59.948+0000] {processor.py:842} WARNING - No viable dags retrieved from /opt/airflow/dags/scripts/python/get_data.py
[2024-04-25T04:00:59.965+0000] {processor.py:183} INFO - Processing /opt/airflow/dags/scripts/python/get_data.py took 0.076 seconds
[2024-04-25T04:01:30.334+0000] {processor.py:161} INFO - Started process (PID=62) to work on /opt/airflow/dags/scripts/python/get_data.py
[2024-04-25T04:01:30.336+0000] {processor.py:830} INFO - Processing file /opt/airflow/dags/scripts/python/get_data.py for tasks to queue
[2024-04-25T04:01:30.340+0000] {logging_mixin.py:188} INFO - [2024-04-25T04:01:30.340+0000] {dagbag.py:540} INFO - Filling up the DagBag from /opt/airflow/dags/scripts/python/get_data.py
[2024-04-25T04:01:30.381+0000] {processor.py:842} WARNING - No viable dags retrieved from /opt/airflow/dags/scripts/python/get_data.py
[2024-04-25T04:01:30.418+0000] {processor.py:183} INFO - Processing /opt/airflow/dags/scripts/python/get_data.py took 0.088 seconds
[2024-04-25T04:02:00.747+0000] {processor.py:161} INFO - Started process (PID=70) to work on /opt/airflow/dags/scripts/python/get_data.py
[2024-04-25T04:02:00.748+0000] {processor.py:830} INFO - Processing file /opt/airflow/dags/scripts/python/get_data.py for tasks to queue
[2024-04-25T04:02:00.751+0000] {logging_mixin.py:188} INFO - [2024-04-25T04:02:00.751+0000] {dagbag.py:540} INFO - Filling up the DagBag from /opt/airflow/dags/scripts/python/get_data.py
[2024-04-25T04:02:00.783+0000] {processor.py:842} WARNING - No viable dags retrieved from /opt/airflow/dags/scripts/python/get_data.py
[2024-04-25T04:02:00.799+0000] {processor.py:183} INFO - Processing /opt/airflow/dags/scripts/python/get_data.py took 0.063 seconds
[2024-04-25T04:02:31.064+0000] {processor.py:161} INFO - Started process (PID=85) to work on /opt/airflow/dags/scripts/python/get_data.py
[2024-04-25T04:02:31.065+0000] {processor.py:830} INFO - Processing file /opt/airflow/dags/scripts/python/get_data.py for tasks to queue
[2024-04-25T04:02:31.067+0000] {logging_mixin.py:188} INFO - [2024-04-25T04:02:31.066+0000] {dagbag.py:540} INFO - Filling up the DagBag from /opt/airflow/dags/scripts/python/get_data.py
[2024-04-25T04:02:31.116+0000] {processor.py:842} WARNING - No viable dags retrieved from /opt/airflow/dags/scripts/python/get_data.py
[2024-04-25T04:02:31.132+0000] {processor.py:183} INFO - Processing /opt/airflow/dags/scripts/python/get_data.py took 0.072 seconds
