[2024-04-10T04:55:27.884+0000] {taskinstance.py:1979} INFO - Dependencies all met for dep_context=non-requeueable deps ti=<TaskInstance: upload_congress_data.get_votes_from_downloaded_bills manual__2024-04-10T04:27:13.993045+00:00 [queued]>
[2024-04-10T04:55:27.889+0000] {taskinstance.py:1979} INFO - Dependencies all met for dep_context=requeueable deps ti=<TaskInstance: upload_congress_data.get_votes_from_downloaded_bills manual__2024-04-10T04:27:13.993045+00:00 [queued]>
[2024-04-10T04:55:27.890+0000] {taskinstance.py:2193} INFO - Starting attempt 2 of 2
[2024-04-10T04:55:27.896+0000] {taskinstance.py:2217} INFO - Executing <Task(PythonOperator): get_votes_from_downloaded_bills> on 2024-04-10 04:27:13.993045+00:00
[2024-04-10T04:55:27.911+0000] {standard_task_runner.py:60} INFO - Started process 549 to run task
[2024-04-10T04:55:27.915+0000] {standard_task_runner.py:87} INFO - Running: ['***', 'tasks', 'run', 'upload_congress_data', 'get_votes_from_downloaded_bills', 'manual__2024-04-10T04:27:13.993045+00:00', '--job-id', '19', '--raw', '--subdir', 'DAGS_FOLDER/upload_congress_data.py', '--cfg-path', '/tmp/tmp6ompwhwr']
[2024-04-10T04:55:27.918+0000] {standard_task_runner.py:88} INFO - Job 19: Subtask get_votes_from_downloaded_bills
[2024-04-10T04:55:27.974+0000] {task_command.py:423} INFO - Running <TaskInstance: upload_congress_data.get_votes_from_downloaded_bills manual__2024-04-10T04:27:13.993045+00:00 [running]> on host 82ce950841ce
[2024-04-10T04:55:28.043+0000] {taskinstance.py:2513} INFO - Exporting env vars: AIRFLOW_CTX_DAG_OWNER='***' AIRFLOW_CTX_DAG_ID='upload_congress_data' AIRFLOW_CTX_TASK_ID='get_votes_from_downloaded_bills' AIRFLOW_CTX_EXECUTION_DATE='2024-04-10T04:27:13.993045+00:00' AIRFLOW_CTX_TRY_NUMBER='2' AIRFLOW_CTX_DAG_RUN_ID='manual__2024-04-10T04:27:13.993045+00:00'
[2024-04-10T04:55:52.423+0000] {logging_mixin.py:188} INFO - An exception occurred 'rollcall-vote' Failed to save one or more votes for {bill_type} {bill_number}
[2024-04-10T04:55:53.266+0000] {logging_mixin.py:188} INFO - An exception occurred 'rollcall-vote' Failed to save one or more votes for {bill_type} {bill_number}
[2024-04-10T04:55:54.127+0000] {logging_mixin.py:188} INFO - An exception occurred 'rollcall-vote' Failed to save one or more votes for {bill_type} {bill_number}
[2024-04-10T04:55:55.036+0000] {logging_mixin.py:188} INFO - An exception occurred 'rollcall-vote' Failed to save one or more votes for {bill_type} {bill_number}
[2024-04-10T04:56:12.370+0000] {logging_mixin.py:188} INFO - An exception occurred 'rollcall-vote' Failed to save one or more votes for {bill_type} {bill_number}
[2024-04-10T04:56:13.201+0000] {logging_mixin.py:188} INFO - An exception occurred 'rollcall-vote' Failed to save one or more votes for {bill_type} {bill_number}
[2024-04-10T04:56:22.777+0000] {logging_mixin.py:188} INFO - An exception occurred 'rollcall-vote' Failed to save one or more votes for {bill_type} {bill_number}
[2024-04-10T04:56:23.674+0000] {logging_mixin.py:188} INFO - An exception occurred 'rollcall-vote' Failed to save one or more votes for {bill_type} {bill_number}
[2024-04-10T04:56:24.519+0000] {logging_mixin.py:188} INFO - An exception occurred 'rollcall-vote' Failed to save one or more votes for {bill_type} {bill_number}
[2024-04-10T04:56:25.446+0000] {logging_mixin.py:188} INFO - An exception occurred 'rollcall-vote' Failed to save one or more votes for {bill_type} {bill_number}
[2024-04-10T04:56:30.317+0000] {logging_mixin.py:188} INFO - An exception occurred 'rollcall-vote' Failed to save one or more votes for {bill_type} {bill_number}
[2024-04-10T04:56:31.401+0000] {logging_mixin.py:188} INFO - An exception occurred 'rollcall-vote' Failed to save one or more votes for {bill_type} {bill_number}
[2024-04-10T04:56:32.192+0000] {logging_mixin.py:188} INFO - An exception occurred 'rollcall-vote' Failed to save one or more votes for {bill_type} {bill_number}
[2024-04-10T04:56:32.980+0000] {logging_mixin.py:188} INFO - An exception occurred 'rollcall-vote' Failed to save one or more votes for {bill_type} {bill_number}
[2024-04-10T04:56:40.483+0000] {logging_mixin.py:188} INFO - An exception occurred 'rollcall-vote' Failed to save one or more votes for {bill_type} {bill_number}
[2024-04-10T04:56:41.043+0000] {logging_mixin.py:188} INFO - An exception occurred 'rollcall-vote' Failed to save one or more votes for {bill_type} {bill_number}
[2024-04-10T04:56:41.751+0000] {logging_mixin.py:188} INFO - An exception occurred 'rollcall-vote' Failed to save one or more votes for {bill_type} {bill_number}
[2024-04-10T04:56:42.610+0000] {logging_mixin.py:188} INFO - An exception occurred 'rollcall-vote' Failed to save one or more votes for {bill_type} {bill_number}
