[2024-04-02T04:06:13.875+0000] {taskinstance.py:1979} INFO - Dependencies all met for dep_context=non-requeueable deps ti=<TaskInstance: upload_historical_congress_data.get_and_upload_votes_to_gcs manual__2024-04-02T04:05:39.728090+00:00 [queued]>
[2024-04-02T04:06:13.880+0000] {taskinstance.py:1979} INFO - Dependencies all met for dep_context=requeueable deps ti=<TaskInstance: upload_historical_congress_data.get_and_upload_votes_to_gcs manual__2024-04-02T04:05:39.728090+00:00 [queued]>
[2024-04-02T04:06:13.880+0000] {taskinstance.py:2193} INFO - Starting attempt 1 of 3
[2024-04-02T04:06:13.887+0000] {taskinstance.py:2217} INFO - Executing <Task(PythonOperator): get_and_upload_votes_to_gcs> on 2024-04-02 04:05:39.728090+00:00
[2024-04-02T04:06:13.891+0000] {standard_task_runner.py:60} INFO - Started process 79 to run task
[2024-04-02T04:06:13.894+0000] {standard_task_runner.py:87} INFO - Running: ['***', 'tasks', 'run', 'upload_historical_congress_data', 'get_and_upload_votes_to_gcs', 'manual__2024-04-02T04:05:39.728090+00:00', '--job-id', '169', '--raw', '--subdir', 'DAGS_FOLDER/upload_historical_congress_data.py', '--cfg-path', '/tmp/tmpkj2gw24f']
[2024-04-02T04:06:13.897+0000] {standard_task_runner.py:88} INFO - Job 169: Subtask get_and_upload_votes_to_gcs
[2024-04-02T04:06:13.926+0000] {task_command.py:423} INFO - Running <TaskInstance: upload_historical_congress_data.get_and_upload_votes_to_gcs manual__2024-04-02T04:05:39.728090+00:00 [running]> on host 308c9d5b795d
[2024-04-02T04:06:13.971+0000] {taskinstance.py:2513} INFO - Exporting env vars: AIRFLOW_CTX_DAG_EMAIL='***@***.com' AIRFLOW_CTX_DAG_OWNER='***' AIRFLOW_CTX_DAG_ID='upload_historical_congress_data' AIRFLOW_CTX_TASK_ID='get_and_upload_votes_to_gcs' AIRFLOW_CTX_EXECUTION_DATE='2024-04-02T04:05:39.728090+00:00' AIRFLOW_CTX_TRY_NUMBER='1' AIRFLOW_CTX_DAG_RUN_ID='manual__2024-04-02T04:05:39.728090+00:00'
[2024-04-02T04:06:13.977+0000] {get_data.py:121} INFO - Congress = 118
[2024-04-02T04:06:13.977+0000] {get_data.py:269} INFO - executing API call for https://api.congress.gov/v3/bill/118/hr/7654/actions?offset=0&limit=250&api_key=WNue8kCDCOIlewAsULgnN8j6SqSgAZjE2sYbPsBb
[2024-04-02T04:06:14.400+0000] {get_data.py:121} INFO - Congress = 118
[2024-04-02T04:06:14.401+0000] {get_data.py:269} INFO - executing API call for https://api.congress.gov/v3/bill/118/hr/7657/actions?offset=0&limit=250&api_key=WNue8kCDCOIlewAsULgnN8j6SqSgAZjE2sYbPsBb
[2024-04-02T04:06:14.818+0000] {get_data.py:121} INFO - Congress = 118
[2024-04-02T04:06:14.819+0000] {get_data.py:269} INFO - executing API call for https://api.congress.gov/v3/bill/118/hr/7674/actions?offset=0&limit=250&api_key=WNue8kCDCOIlewAsULgnN8j6SqSgAZjE2sYbPsBb
[2024-04-02T04:06:15.246+0000] {get_data.py:121} INFO - Congress = 118
[2024-04-02T04:06:15.247+0000] {get_data.py:269} INFO - executing API call for https://api.congress.gov/v3/bill/118/hr/7573/actions?offset=0&limit=250&api_key=WNue8kCDCOIlewAsULgnN8j6SqSgAZjE2sYbPsBb
[2024-04-02T04:06:15.639+0000] {get_data.py:121} INFO - Congress = 118
[2024-04-02T04:06:15.640+0000] {get_data.py:269} INFO - executing API call for https://api.congress.gov/v3/bill/118/hr/4506/actions?offset=0&limit=250&api_key=WNue8kCDCOIlewAsULgnN8j6SqSgAZjE2sYbPsBb
[2024-04-02T04:06:16.084+0000] {get_data.py:121} INFO - Congress = 118
[2024-04-02T04:06:16.085+0000] {get_data.py:269} INFO - executing API call for https://api.congress.gov/v3/bill/118/hr/7844/actions?offset=0&limit=250&api_key=WNue8kCDCOIlewAsULgnN8j6SqSgAZjE2sYbPsBb
[2024-04-02T04:06:16.549+0000] {get_data.py:121} INFO - Congress = 118
[2024-04-02T04:06:16.550+0000] {get_data.py:269} INFO - executing API call for https://api.congress.gov/v3/bill/118/hr/1023/actions?offset=0&limit=250&api_key=WNue8kCDCOIlewAsULgnN8j6SqSgAZjE2sYbPsBb
[2024-04-02T04:06:18.595+0000] {logging_mixin.py:188} INFO - Parquet data uploaded to gs://congress_data/votes/House/hr_1023_104/.parquet
[2024-04-02T04:06:20.316+0000] {logging_mixin.py:188} INFO - Parquet data uploaded to gs://congress_data/votes/House/hr_1023_104/.parquet
[2024-04-02T04:06:21.202+0000] {logging_mixin.py:188} INFO - Parquet data uploaded to gs://congress_data/votes/House/hr_1023_103/.parquet
[2024-04-02T04:06:21.203+0000] {get_data.py:121} INFO - Congress = 118
[2024-04-02T04:06:21.203+0000] {get_data.py:269} INFO - executing API call for https://api.congress.gov/v3/bill/118/hr/3724/actions?offset=0&limit=250&api_key=WNue8kCDCOIlewAsULgnN8j6SqSgAZjE2sYbPsBb
[2024-04-02T04:06:21.867+0000] {get_data.py:121} INFO - Congress = 118
[2024-04-02T04:06:21.869+0000] {get_data.py:269} INFO - executing API call for https://api.congress.gov/v3/bill/118/hr/7653/actions?offset=0&limit=250&api_key=WNue8kCDCOIlewAsULgnN8j6SqSgAZjE2sYbPsBb
[2024-04-02T04:06:22.334+0000] {get_data.py:121} INFO - Congress = 118
[2024-04-02T04:06:22.335+0000] {get_data.py:269} INFO - executing API call for https://api.congress.gov/v3/bill/118/hr/7734/actions?offset=0&limit=250&api_key=WNue8kCDCOIlewAsULgnN8j6SqSgAZjE2sYbPsBb
[2024-04-02T04:06:22.763+0000] {get_data.py:121} INFO - Congress = 118
[2024-04-02T04:06:22.765+0000] {get_data.py:269} INFO - executing API call for https://api.congress.gov/v3/bill/118/hr/7691/actions?offset=0&limit=250&api_key=WNue8kCDCOIlewAsULgnN8j6SqSgAZjE2sYbPsBb
[2024-04-02T04:06:23.223+0000] {get_data.py:121} INFO - Congress = 118
[2024-04-02T04:06:23.225+0000] {get_data.py:269} INFO - executing API call for https://api.congress.gov/v3/bill/118/hr/7687/actions?offset=0&limit=250&api_key=WNue8kCDCOIlewAsULgnN8j6SqSgAZjE2sYbPsBb
[2024-04-02T04:06:23.678+0000] {get_data.py:121} INFO - Congress = 118
[2024-04-02T04:06:23.679+0000] {get_data.py:269} INFO - executing API call for https://api.congress.gov/v3/bill/118/s/3867/actions?offset=0&limit=250&api_key=WNue8kCDCOIlewAsULgnN8j6SqSgAZjE2sYbPsBb
[2024-04-02T04:06:24.101+0000] {get_data.py:121} INFO - Congress = 118
[2024-04-02T04:06:24.102+0000] {get_data.py:269} INFO - executing API call for https://api.congress.gov/v3/bill/118/s/3920/actions?offset=0&limit=250&api_key=WNue8kCDCOIlewAsULgnN8j6SqSgAZjE2sYbPsBb
[2024-04-02T04:06:24.508+0000] {get_data.py:121} INFO - Congress = 118
[2024-04-02T04:06:24.508+0000] {get_data.py:269} INFO - executing API call for https://api.congress.gov/v3/bill/118/s/3911/actions?offset=0&limit=250&api_key=WNue8kCDCOIlewAsULgnN8j6SqSgAZjE2sYbPsBb
[2024-04-02T04:06:24.874+0000] {get_data.py:121} INFO - Congress = 118
[2024-04-02T04:06:24.875+0000] {get_data.py:269} INFO - executing API call for https://api.congress.gov/v3/bill/118/s/3881/actions?offset=0&limit=250&api_key=WNue8kCDCOIlewAsULgnN8j6SqSgAZjE2sYbPsBb
[2024-04-02T04:06:25.263+0000] {get_data.py:121} INFO - Congress = 118
[2024-04-02T04:06:25.264+0000] {get_data.py:269} INFO - executing API call for https://api.congress.gov/v3/bill/118/s/1278/actions?offset=0&limit=250&api_key=WNue8kCDCOIlewAsULgnN8j6SqSgAZjE2sYbPsBb
[2024-04-02T04:06:26.052+0000] {get_data.py:121} INFO - Congress = 118
[2024-04-02T04:06:26.054+0000] {get_data.py:269} INFO - executing API call for https://api.congress.gov/v3/bill/118/s/3963/actions?offset=0&limit=250&api_key=WNue8kCDCOIlewAsULgnN8j6SqSgAZjE2sYbPsBb
[2024-04-02T04:06:26.449+0000] {get_data.py:121} INFO - Congress = 118
[2024-04-02T04:06:26.450+0000] {get_data.py:269} INFO - executing API call for https://api.congress.gov/v3/bill/118/s/3959/actions?offset=0&limit=250&api_key=WNue8kCDCOIlewAsULgnN8j6SqSgAZjE2sYbPsBb
[2024-04-02T04:06:26.853+0000] {get_data.py:121} INFO - Congress = 118
[2024-04-02T04:06:26.854+0000] {get_data.py:269} INFO - executing API call for https://api.congress.gov/v3/bill/118/sres/615/actions?offset=0&limit=250&api_key=WNue8kCDCOIlewAsULgnN8j6SqSgAZjE2sYbPsBb
[2024-04-02T04:06:27.250+0000] {get_data.py:121} INFO - Congress = 118
[2024-04-02T04:06:27.251+0000] {get_data.py:269} INFO - executing API call for https://api.congress.gov/v3/bill/118/s/3673/actions?offset=0&limit=250&api_key=WNue8kCDCOIlewAsULgnN8j6SqSgAZjE2sYbPsBb
[2024-04-02T04:06:27.797+0000] {get_data.py:121} INFO - Congress = 118
[2024-04-02T04:06:27.799+0000] {get_data.py:269} INFO - executing API call for https://api.congress.gov/v3/bill/118/s/2790/actions?offset=0&limit=250&api_key=WNue8kCDCOIlewAsULgnN8j6SqSgAZjE2sYbPsBb
[2024-04-02T04:06:28.236+0000] {get_data.py:121} INFO - Congress = 118
[2024-04-02T04:06:28.237+0000] {get_data.py:269} INFO - executing API call for https://api.congress.gov/v3/bill/118/s/3870/actions?offset=0&limit=250&api_key=WNue8kCDCOIlewAsULgnN8j6SqSgAZjE2sYbPsBb
[2024-04-02T04:06:28.652+0000] {get_data.py:121} INFO - Congress = 118
[2024-04-02T04:06:28.652+0000] {get_data.py:269} INFO - executing API call for https://api.congress.gov/v3/bill/118/s/3863/actions?offset=0&limit=250&api_key=WNue8kCDCOIlewAsULgnN8j6SqSgAZjE2sYbPsBb
[2024-04-02T04:06:29.050+0000] {get_data.py:121} INFO - Congress = 118
[2024-04-02T04:06:29.051+0000] {get_data.py:269} INFO - executing API call for https://api.congress.gov/v3/bill/118/hr/7503/actions?offset=0&limit=250&api_key=WNue8kCDCOIlewAsULgnN8j6SqSgAZjE2sYbPsBb
[2024-04-02T04:06:29.479+0000] {get_data.py:121} INFO - Congress = 118
[2024-04-02T04:06:29.480+0000] {get_data.py:269} INFO - executing API call for https://api.congress.gov/v3/bill/118/hr/7802/actions?offset=0&limit=250&api_key=WNue8kCDCOIlewAsULgnN8j6SqSgAZjE2sYbPsBb
[2024-04-02T04:06:29.937+0000] {get_data.py:121} INFO - Congress = 118
[2024-04-02T04:06:29.939+0000] {get_data.py:269} INFO - executing API call for https://api.congress.gov/v3/bill/118/hr/7793/actions?offset=0&limit=250&api_key=WNue8kCDCOIlewAsULgnN8j6SqSgAZjE2sYbPsBb
[2024-04-02T04:06:30.378+0000] {get_data.py:121} INFO - Congress = 118
[2024-04-02T04:06:30.378+0000] {get_data.py:269} INFO - executing API call for https://api.congress.gov/v3/bill/118/hr/7801/actions?offset=0&limit=250&api_key=WNue8kCDCOIlewAsULgnN8j6SqSgAZjE2sYbPsBb
[2024-04-02T04:06:30.801+0000] {get_data.py:121} INFO - Congress = 118
[2024-04-02T04:06:30.802+0000] {get_data.py:269} INFO - executing API call for https://api.congress.gov/v3/bill/118/hr/7809/actions?offset=0&limit=250&api_key=WNue8kCDCOIlewAsULgnN8j6SqSgAZjE2sYbPsBb
[2024-04-02T04:06:31.468+0000] {get_data.py:121} INFO - Congress = 118
[2024-04-02T04:06:31.469+0000] {get_data.py:269} INFO - executing API call for https://api.congress.gov/v3/bill/118/hr/7797/actions?offset=0&limit=250&api_key=WNue8kCDCOIlewAsULgnN8j6SqSgAZjE2sYbPsBb
[2024-04-02T04:06:31.862+0000] {get_data.py:121} INFO - Congress = 118
[2024-04-02T04:06:31.862+0000] {get_data.py:269} INFO - executing API call for https://api.congress.gov/v3/bill/118/hr/7796/actions?offset=0&limit=250&api_key=WNue8kCDCOIlewAsULgnN8j6SqSgAZjE2sYbPsBb
[2024-04-02T04:06:32.253+0000] {get_data.py:121} INFO - Congress = 118
[2024-04-02T04:06:32.253+0000] {get_data.py:269} INFO - executing API call for https://api.congress.gov/v3/bill/118/hr/7807/actions?offset=0&limit=250&api_key=WNue8kCDCOIlewAsULgnN8j6SqSgAZjE2sYbPsBb
[2024-04-02T04:06:32.653+0000] {get_data.py:121} INFO - Congress = 118
[2024-04-02T04:06:32.654+0000] {get_data.py:269} INFO - executing API call for https://api.congress.gov/v3/bill/118/hr/7814/actions?offset=0&limit=250&api_key=WNue8kCDCOIlewAsULgnN8j6SqSgAZjE2sYbPsBb
[2024-04-02T04:06:33.051+0000] {get_data.py:121} INFO - Congress = 118
[2024-04-02T04:06:33.052+0000] {get_data.py:269} INFO - executing API call for https://api.congress.gov/v3/bill/118/hr/7799/actions?offset=0&limit=250&api_key=WNue8kCDCOIlewAsULgnN8j6SqSgAZjE2sYbPsBb
[2024-04-02T04:06:33.483+0000] {get_data.py:121} INFO - Congress = 118
[2024-04-02T04:06:33.484+0000] {get_data.py:269} INFO - executing API call for https://api.congress.gov/v3/bill/118/hr/7805/actions?offset=0&limit=250&api_key=WNue8kCDCOIlewAsULgnN8j6SqSgAZjE2sYbPsBb
[2024-04-02T04:06:33.893+0000] {get_data.py:121} INFO - Congress = 118
[2024-04-02T04:06:33.893+0000] {get_data.py:269} INFO - executing API call for https://api.congress.gov/v3/bill/118/hr/7808/actions?offset=0&limit=250&api_key=WNue8kCDCOIlewAsULgnN8j6SqSgAZjE2sYbPsBb
[2024-04-02T04:06:34.297+0000] {get_data.py:121} INFO - Congress = 118
[2024-04-02T04:06:34.298+0000] {get_data.py:269} INFO - executing API call for https://api.congress.gov/v3/bill/118/hr/7810/actions?offset=0&limit=250&api_key=WNue8kCDCOIlewAsULgnN8j6SqSgAZjE2sYbPsBb
[2024-04-02T04:06:34.729+0000] {get_data.py:121} INFO - Congress = 118
[2024-04-02T04:06:34.730+0000] {get_data.py:269} INFO - executing API call for https://api.congress.gov/v3/bill/118/hr/7794/actions?offset=0&limit=250&api_key=WNue8kCDCOIlewAsULgnN8j6SqSgAZjE2sYbPsBb
[2024-04-02T04:06:35.150+0000] {get_data.py:121} INFO - Congress = 118
[2024-04-02T04:06:35.151+0000] {get_data.py:269} INFO - executing API call for https://api.congress.gov/v3/bill/118/hr/7812/actions?offset=0&limit=250&api_key=WNue8kCDCOIlewAsULgnN8j6SqSgAZjE2sYbPsBb
[2024-04-02T04:06:35.580+0000] {get_data.py:121} INFO - Congress = 118
[2024-04-02T04:06:35.582+0000] {get_data.py:269} INFO - executing API call for https://api.congress.gov/v3/bill/118/hr/5247/actions?offset=0&limit=250&api_key=WNue8kCDCOIlewAsULgnN8j6SqSgAZjE2sYbPsBb
[2024-04-02T04:06:36.034+0000] {get_data.py:121} INFO - Congress = 118
[2024-04-02T04:06:36.036+0000] {get_data.py:269} INFO - executing API call for https://api.congress.gov/v3/bill/118/hr/3303/actions?offset=0&limit=250&api_key=WNue8kCDCOIlewAsULgnN8j6SqSgAZjE2sYbPsBb
[2024-04-02T04:06:36.503+0000] {get_data.py:121} INFO - Congress = 118
[2024-04-02T04:06:36.503+0000] {get_data.py:269} INFO - executing API call for https://api.congress.gov/v3/bill/118/hr/5794/actions?offset=0&limit=250&api_key=WNue8kCDCOIlewAsULgnN8j6SqSgAZjE2sYbPsBb
[2024-04-02T04:06:36.948+0000] {get_data.py:121} INFO - Congress = 118
[2024-04-02T04:06:36.949+0000] {get_data.py:269} INFO - executing API call for https://api.congress.gov/v3/bill/118/hr/3225/actions?offset=0&limit=250&api_key=WNue8kCDCOIlewAsULgnN8j6SqSgAZjE2sYbPsBb
[2024-04-02T04:06:37.513+0000] {get_data.py:121} INFO - Congress = 118
[2024-04-02T04:06:37.514+0000] {get_data.py:269} INFO - executing API call for https://api.congress.gov/v3/bill/118/hr/7347/actions?offset=0&limit=250&api_key=WNue8kCDCOIlewAsULgnN8j6SqSgAZjE2sYbPsBb
[2024-04-02T04:06:38.026+0000] {get_data.py:121} INFO - Congress = 118
[2024-04-02T04:06:38.027+0000] {get_data.py:269} INFO - executing API call for https://api.congress.gov/v3/bill/118/hr/6324/actions?offset=0&limit=250&api_key=WNue8kCDCOIlewAsULgnN8j6SqSgAZjE2sYbPsBb
[2024-04-02T04:06:38.486+0000] {get_data.py:121} INFO - Congress = 118
[2024-04-02T04:06:38.487+0000] {get_data.py:269} INFO - executing API call for https://api.congress.gov/v3/bill/118/hr/3649/actions?offset=0&limit=250&api_key=WNue8kCDCOIlewAsULgnN8j6SqSgAZjE2sYbPsBb
[2024-04-02T04:06:38.956+0000] {get_data.py:121} INFO - Congress = 118
[2024-04-02T04:06:38.957+0000] {get_data.py:269} INFO - executing API call for https://api.congress.gov/v3/bill/118/hr/7738/actions?offset=0&limit=250&api_key=WNue8kCDCOIlewAsULgnN8j6SqSgAZjE2sYbPsBb
[2024-04-02T04:06:39.171+0000] {local_task_job_runner.py:302} WARNING - State of this instance has been externally set to restarting. Terminating instance.
[2024-04-02T04:06:39.179+0000] {process_utils.py:131} INFO - Sending 15 to group 79. PIDs of all processes in the group: [79]
[2024-04-02T04:06:39.180+0000] {process_utils.py:86} INFO - Sending the signal 15 to group 79
[2024-04-02T04:06:39.181+0000] {taskinstance.py:2483} ERROR - Received SIGTERM. Terminating subprocesses.
[2024-04-02T04:06:39.205+0000] {taskinstance.py:2731} ERROR - Task failed with exception
Traceback (most recent call last):
  File "/home/airflow/.local/lib/python3.11/site-packages/airflow/models/taskinstance.py", line 444, in _execute_task
    result = _execute_callable(context=context, **execute_callable_kwargs)
             ^^^^^^^^^^^^^^^^^^^^^^^^^^^^^^^^^^^^^^^^^^^^^^^^^^^^^^^^^^^^^
  File "/home/airflow/.local/lib/python3.11/site-packages/airflow/models/taskinstance.py", line 414, in _execute_callable
    return execute_callable(context=context, **execute_callable_kwargs)
           ^^^^^^^^^^^^^^^^^^^^^^^^^^^^^^^^^^^^^^^^^^^^^^^^^^^^^^^^^^^^
  File "/home/airflow/.local/lib/python3.11/site-packages/airflow/operators/python.py", line 200, in execute
    return_value = self.execute_callable()
                   ^^^^^^^^^^^^^^^^^^^^^^^
  File "/home/airflow/.local/lib/python3.11/site-packages/airflow/operators/python.py", line 217, in execute_callable
    return self.python_callable(*self.op_args, **self.op_kwargs)
           ^^^^^^^^^^^^^^^^^^^^^^^^^^^^^^^^^^^^^^^^^^^^^^^^^^^^^
  File "/opt/airflow/dags/scripts/python/get_data.py", line 129, in get_and_upload_votes
    api_response = get_api_response(params, 'actions')
                   ^^^^^^^^^^^^^^^^^^^^^^^^^^^^^^^^^^^
  File "/opt/airflow/dags/scripts/python/get_data.py", line 271, in get_api_response
    response = requests.get(path)
               ^^^^^^^^^^^^^^^^^^
  File "/home/airflow/.local/lib/python3.11/site-packages/requests/api.py", line 73, in get
    return request("get", url, params=params, **kwargs)
           ^^^^^^^^^^^^^^^^^^^^^^^^^^^^^^^^^^^^^^^^^^^^
  File "/home/airflow/.local/lib/python3.11/site-packages/requests/api.py", line 59, in request
    return session.request(method=method, url=url, **kwargs)
           ^^^^^^^^^^^^^^^^^^^^^^^^^^^^^^^^^^^^^^^^^^^^^^^^^
  File "/home/airflow/.local/lib/python3.11/site-packages/requests/sessions.py", line 589, in request
    resp = self.send(prep, **send_kwargs)
           ^^^^^^^^^^^^^^^^^^^^^^^^^^^^^^
  File "/home/airflow/.local/lib/python3.11/site-packages/requests/sessions.py", line 703, in send
    r = adapter.send(request, **kwargs)
        ^^^^^^^^^^^^^^^^^^^^^^^^^^^^^^^
  File "/home/airflow/.local/lib/python3.11/site-packages/requests/adapters.py", line 486, in send
    resp = conn.urlopen(
           ^^^^^^^^^^^^^
  File "/home/airflow/.local/lib/python3.11/site-packages/urllib3/connectionpool.py", line 793, in urlopen
    response = self._make_request(
               ^^^^^^^^^^^^^^^^^^^
  File "/home/airflow/.local/lib/python3.11/site-packages/urllib3/connectionpool.py", line 537, in _make_request
    response = conn.getresponse()
               ^^^^^^^^^^^^^^^^^^
  File "/home/airflow/.local/lib/python3.11/site-packages/urllib3/connection.py", line 466, in getresponse
    httplib_response = super().getresponse()
                       ^^^^^^^^^^^^^^^^^^^^^
  File "/usr/local/lib/python3.11/http/client.py", line 1390, in getresponse
    response.begin()
  File "/usr/local/lib/python3.11/http/client.py", line 325, in begin
    version, status, reason = self._read_status()
                              ^^^^^^^^^^^^^^^^^^^
  File "/usr/local/lib/python3.11/http/client.py", line 286, in _read_status
    line = str(self.fp.readline(_MAXLINE + 1), "iso-8859-1")
               ^^^^^^^^^^^^^^^^^^^^^^^^^^^^^^
  File "/usr/local/lib/python3.11/socket.py", line 706, in readinto
    return self._sock.recv_into(b)
           ^^^^^^^^^^^^^^^^^^^^^^^
  File "/usr/local/lib/python3.11/ssl.py", line 1314, in recv_into
    return self.read(nbytes, buffer)
           ^^^^^^^^^^^^^^^^^^^^^^^^^
  File "/usr/local/lib/python3.11/ssl.py", line 1166, in read
    return self._sslobj.read(len, buffer)
           ^^^^^^^^^^^^^^^^^^^^^^^^^^^^^^
  File "/home/airflow/.local/lib/python3.11/site-packages/airflow/models/taskinstance.py", line 2485, in signal_handler
    raise AirflowException("Task received SIGTERM signal")
airflow.exceptions.AirflowException: Task received SIGTERM signal
[2024-04-02T04:06:39.217+0000] {taskinstance.py:1149} INFO - Marking task as UP_FOR_RETRY. dag_id=upload_historical_congress_data, task_id=get_and_upload_votes_to_gcs, execution_date=20240402T040539, start_date=20240402T040613, end_date=20240402T040639
[2024-04-02T04:06:39.226+0000] {standard_task_runner.py:107} ERROR - Failed to execute job 169 for task get_and_upload_votes_to_gcs (Task received SIGTERM signal; 79)
[2024-04-02T04:06:39.274+0000] {process_utils.py:79} INFO - Process psutil.Process(pid=79, status='terminated', exitcode=1, started='04:06:13') (79) terminated with exit code 1
