[2024-06-26T19:53:27.438+0000] {taskinstance.py:1979} INFO - Dependencies all met for dep_context=non-requeueable deps ti=<TaskInstance: upload_congress_data.format_execution_date_task scheduled__2024-06-25T00:00:00+00:00 [queued]>
[2024-06-26T19:53:27.443+0000] {taskinstance.py:1979} INFO - Dependencies all met for dep_context=requeueable deps ti=<TaskInstance: upload_congress_data.format_execution_date_task scheduled__2024-06-25T00:00:00+00:00 [queued]>
[2024-06-26T19:53:27.444+0000] {taskinstance.py:2193} INFO - Starting attempt 1 of 3
[2024-06-26T19:53:27.451+0000] {taskinstance.py:2217} INFO - Executing <Task(PythonOperator): format_execution_date_task> on 2024-06-25 00:00:00+00:00
[2024-06-26T19:53:27.456+0000] {standard_task_runner.py:60} INFO - Started process 87 to run task
[2024-06-26T19:53:27.459+0000] {standard_task_runner.py:87} INFO - Running: ['***', 'tasks', 'run', 'upload_congress_data', 'format_execution_date_task', 'scheduled__2024-06-25T00:00:00+00:00', '--job-id', '3', '--raw', '--subdir', 'DAGS_FOLDER/upload_congress_data.py', '--cfg-path', '/tmp/tmph8zw16ub']
[2024-06-26T19:53:27.462+0000] {standard_task_runner.py:88} INFO - Job 3: Subtask format_execution_date_task
[2024-06-26T19:53:27.528+0000] {task_command.py:423} INFO - Running <TaskInstance: upload_congress_data.format_execution_date_task scheduled__2024-06-25T00:00:00+00:00 [running]> on host 18c05b8021f2
[2024-06-26T19:53:27.624+0000] {taskinstance.py:2513} INFO - Exporting env vars: AIRFLOW_CTX_DAG_EMAIL='***@***.com' AIRFLOW_CTX_DAG_OWNER='***' AIRFLOW_CTX_DAG_ID='upload_congress_data' AIRFLOW_CTX_TASK_ID='format_execution_date_task' AIRFLOW_CTX_EXECUTION_DATE='2024-06-25T00:00:00+00:00' AIRFLOW_CTX_TRY_NUMBER='1' AIRFLOW_CTX_DAG_RUN_ID='scheduled__2024-06-25T00:00:00+00:00'
[2024-06-26T19:53:27.626+0000] {warnings.py:110} WARNING - /home/***/.local/lib/python3.11/site-packages/***/utils/context.py:315: AirflowContextDeprecationWarning: Accessing 'execution_date' from the template is deprecated and will be removed in a future version. Please use 'data_interval_start' or 'logical_date' instead.
  warnings.warn(_create_deprecation_warning(k, replacements))

[2024-06-26T19:53:27.626+0000] {upload_congress_data.py:108} INFO - Formatted execution date: 2024-06-25T00:00:00Z
[2024-06-26T19:53:27.627+0000] {python.py:202} INFO - Done. Returned value was: 2024-06-25T00:00:00Z
[2024-06-26T19:53:27.642+0000] {taskinstance.py:1149} INFO - Marking task as SUCCESS. dag_id=upload_congress_data, task_id=format_execution_date_task, execution_date=20240625T000000, start_date=20240626T195327, end_date=20240626T195327
[2024-06-26T19:53:27.692+0000] {local_task_job_runner.py:234} INFO - Task exited with return code 0
[2024-06-26T19:53:27.716+0000] {taskinstance.py:3312} INFO - 1 downstream tasks scheduled from follow-on schedule check
[2024-06-26T19:54:30.753+0000] {taskinstance.py:1979} INFO - Dependencies all met for dep_context=non-requeueable deps ti=<TaskInstance: upload_congress_data.format_execution_date_task scheduled__2024-06-25T00:00:00+00:00 [queued]>
[2024-06-26T19:54:30.762+0000] {taskinstance.py:1979} INFO - Dependencies all met for dep_context=requeueable deps ti=<TaskInstance: upload_congress_data.format_execution_date_task scheduled__2024-06-25T00:00:00+00:00 [queued]>
[2024-06-26T19:54:30.762+0000] {taskinstance.py:2193} INFO - Starting attempt 1 of 3
[2024-06-26T19:54:30.771+0000] {taskinstance.py:2217} INFO - Executing <Task(PythonOperator): format_execution_date_task> on 2024-06-25 00:00:00+00:00
[2024-06-26T19:54:30.783+0000] {standard_task_runner.py:60} INFO - Started process 52 to run task
[2024-06-26T19:54:30.796+0000] {standard_task_runner.py:87} INFO - Running: ['***', 'tasks', 'run', 'upload_congress_data', 'format_execution_date_task', 'scheduled__2024-06-25T00:00:00+00:00', '--job-id', '3', '--raw', '--subdir', 'DAGS_FOLDER/upload_congress_data.py', '--cfg-path', '/tmp/tmpee06m1qk']
[2024-06-26T19:54:30.803+0000] {standard_task_runner.py:88} INFO - Job 3: Subtask format_execution_date_task
[2024-06-26T19:54:30.874+0000] {task_command.py:423} INFO - Running <TaskInstance: upload_congress_data.format_execution_date_task scheduled__2024-06-25T00:00:00+00:00 [running]> on host dc1d14f648c1
[2024-06-26T19:54:30.982+0000] {taskinstance.py:2513} INFO - Exporting env vars: AIRFLOW_CTX_DAG_EMAIL='***@***.com' AIRFLOW_CTX_DAG_OWNER='***' AIRFLOW_CTX_DAG_ID='upload_congress_data' AIRFLOW_CTX_TASK_ID='format_execution_date_task' AIRFLOW_CTX_EXECUTION_DATE='2024-06-25T00:00:00+00:00' AIRFLOW_CTX_TRY_NUMBER='1' AIRFLOW_CTX_DAG_RUN_ID='scheduled__2024-06-25T00:00:00+00:00'
[2024-06-26T19:54:30.985+0000] {warnings.py:110} WARNING - /home/***/.local/lib/python3.11/site-packages/***/utils/context.py:315: AirflowContextDeprecationWarning: Accessing 'execution_date' from the template is deprecated and will be removed in a future version. Please use 'data_interval_start' or 'logical_date' instead.
  warnings.warn(_create_deprecation_warning(k, replacements))

[2024-06-26T19:54:30.986+0000] {upload_congress_data.py:108} INFO - Formatted execution date: 2024-06-25T00:00:00Z
[2024-06-26T19:54:30.987+0000] {python.py:202} INFO - Done. Returned value was: 2024-06-25T00:00:00Z
[2024-06-26T19:54:31.012+0000] {taskinstance.py:1149} INFO - Marking task as SUCCESS. dag_id=upload_congress_data, task_id=format_execution_date_task, execution_date=20240625T000000, start_date=20240626T195430, end_date=20240626T195431
[2024-06-26T19:54:31.052+0000] {local_task_job_runner.py:234} INFO - Task exited with return code 0
[2024-06-26T19:54:31.101+0000] {taskinstance.py:3312} INFO - 1 downstream tasks scheduled from follow-on schedule check
