[2024-04-11T04:14:55.421+0000] {taskinstance.py:1979} INFO - Dependencies all met for dep_context=non-requeueable deps ti=<TaskInstance: upload_congress_data.convert_bill_files manual__2024-04-11T04:13:26.714701+00:00 [queued]>
[2024-04-11T04:14:55.426+0000] {taskinstance.py:1979} INFO - Dependencies all met for dep_context=requeueable deps ti=<TaskInstance: upload_congress_data.convert_bill_files manual__2024-04-11T04:13:26.714701+00:00 [queued]>
[2024-04-11T04:14:55.426+0000] {taskinstance.py:2193} INFO - Starting attempt 1 of 1
[2024-04-11T04:14:55.433+0000] {taskinstance.py:2217} INFO - Executing <Task(PythonOperator): convert_bill_files> on 2024-04-11 04:13:26.714701+00:00
[2024-04-11T04:14:55.443+0000] {standard_task_runner.py:60} INFO - Started process 226 to run task
[2024-04-11T04:14:55.446+0000] {standard_task_runner.py:87} INFO - Running: ['***', 'tasks', 'run', 'upload_congress_data', 'convert_bill_files', 'manual__2024-04-11T04:13:26.714701+00:00', '--job-id', '44', '--raw', '--subdir', 'DAGS_FOLDER/upload_congress_data.py', '--cfg-path', '/tmp/tmpijz5az6f']
[2024-04-11T04:14:55.450+0000] {standard_task_runner.py:88} INFO - Job 44: Subtask convert_bill_files
[2024-04-11T04:14:55.483+0000] {task_command.py:423} INFO - Running <TaskInstance: upload_congress_data.convert_bill_files manual__2024-04-11T04:13:26.714701+00:00 [running]> on host 48a386cc3b53
[2024-04-11T04:14:55.543+0000] {taskinstance.py:2513} INFO - Exporting env vars: AIRFLOW_CTX_DAG_OWNER='***' AIRFLOW_CTX_DAG_ID='upload_congress_data' AIRFLOW_CTX_TASK_ID='convert_bill_files' AIRFLOW_CTX_EXECUTION_DATE='2024-04-11T04:13:26.714701+00:00' AIRFLOW_CTX_TRY_NUMBER='1' AIRFLOW_CTX_DAG_RUN_ID='manual__2024-04-11T04:13:26.714701+00:00'
[2024-04-11T04:14:55.574+0000] {logging_mixin.py:188} INFO - Converted /opt/***/dags/data/bills/hjres/BILLSTATUS-118hjres39.xml to /opt/***/dags/data/bills/hjres/BILLSTATUS-118hjres39.json
[2024-04-11T04:14:55.581+0000] {logging_mixin.py:188} INFO - Converted /opt/***/dags/data/bills/hjres/BILLSTATUS-118hjres7.xml to /opt/***/dags/data/bills/hjres/BILLSTATUS-118hjres7.json
[2024-04-11T04:14:55.590+0000] {logging_mixin.py:188} INFO - Converted /opt/***/dags/data/bills/hjres/BILLSTATUS-118hjres88.xml to /opt/***/dags/data/bills/hjres/BILLSTATUS-118hjres88.json
[2024-04-11T04:14:55.653+0000] {logging_mixin.py:188} INFO - Converted /opt/***/dags/data/bills/hjres/BILLSTATUS-118hjres74.xml to /opt/***/dags/data/bills/hjres/BILLSTATUS-118hjres74.json
[2024-04-11T04:14:55.673+0000] {logging_mixin.py:188} INFO - Converted /opt/***/dags/data/bills/hjres/BILLSTATUS-118hjres70.xml to /opt/***/dags/data/bills/hjres/BILLSTATUS-118hjres70.json
[2024-04-11T04:14:55.686+0000] {logging_mixin.py:188} INFO - Converted /opt/***/dags/data/bills/hjres/BILLSTATUS-118hjres71.xml to /opt/***/dags/data/bills/hjres/BILLSTATUS-118hjres71.json
[2024-04-11T04:14:55.701+0000] {logging_mixin.py:188} INFO - Converted /opt/***/dags/data/bills/hjres/BILLSTATUS-118hjres98.xml to /opt/***/dags/data/bills/hjres/BILLSTATUS-118hjres98.json
[2024-04-11T04:14:55.714+0000] {logging_mixin.py:188} INFO - Converted /opt/***/dags/data/bills/hjres/BILLSTATUS-118hjres42.xml to /opt/***/dags/data/bills/hjres/BILLSTATUS-118hjres42.json
[2024-04-11T04:14:55.726+0000] {logging_mixin.py:188} INFO - Converted /opt/***/dags/data/bills/hjres/BILLSTATUS-118hjres68.xml to /opt/***/dags/data/bills/hjres/BILLSTATUS-118hjres68.json
[2024-04-11T04:14:55.737+0000] {logging_mixin.py:188} INFO - Converted /opt/***/dags/data/bills/hjres/BILLSTATUS-118hjres79.xml to /opt/***/dags/data/bills/hjres/BILLSTATUS-118hjres79.json
[2024-04-11T04:14:55.759+0000] {logging_mixin.py:188} INFO - Converted /opt/***/dags/data/bills/hjres/BILLSTATUS-118hjres45.xml to /opt/***/dags/data/bills/hjres/BILLSTATUS-118hjres45.json
[2024-04-11T04:14:55.768+0000] {logging_mixin.py:188} INFO - Converted /opt/***/dags/data/bills/hjres/BILLSTATUS-118hjres44.xml to /opt/***/dags/data/bills/hjres/BILLSTATUS-118hjres44.json
[2024-04-11T04:14:55.796+0000] {logging_mixin.py:188} INFO - Converted /opt/***/dags/data/bills/hjres/BILLSTATUS-118hjres26.xml to /opt/***/dags/data/bills/hjres/BILLSTATUS-118hjres26.json
[2024-04-11T04:14:55.806+0000] {logging_mixin.py:188} INFO - Converted /opt/***/dags/data/bills/hjres/BILLSTATUS-118hjres27.xml to /opt/***/dags/data/bills/hjres/BILLSTATUS-118hjres27.json
[2024-04-11T04:14:55.826+0000] {logging_mixin.py:188} INFO - Converted /opt/***/dags/data/bills/hjres/BILLSTATUS-118hjres30.xml to /opt/***/dags/data/bills/hjres/BILLSTATUS-118hjres30.json
[2024-04-11T04:14:55.831+0000] {logging_mixin.py:188} INFO - Converted /opt/***/dags/data/bills/hjres/BILLSTATUS-118hjres24.xml to /opt/***/dags/data/bills/hjres/BILLSTATUS-118hjres24.json
[2024-04-11T04:14:55.923+0000] {logging_mixin.py:188} INFO - Converted /opt/***/dags/data/bills/hconres/BILLSTATUS-118hconres9.xml to /opt/***/dags/data/bills/hconres/BILLSTATUS-118hconres9.json
[2024-04-11T04:14:55.952+0000] {logging_mixin.py:188} INFO - Converted /opt/***/dags/data/bills/hconres/BILLSTATUS-118hconres3.xml to /opt/***/dags/data/bills/hconres/BILLSTATUS-118hconres3.json
[2024-04-11T04:14:55.961+0000] {logging_mixin.py:188} INFO - Converted /opt/***/dags/data/bills/hconres/BILLSTATUS-118hconres25.xml to /opt/***/dags/data/bills/hconres/BILLSTATUS-118hconres25.json
[2024-04-11T04:14:55.979+0000] {logging_mixin.py:188} INFO - Converted /opt/***/dags/data/bills/hconres/BILLSTATUS-118hconres30.xml to /opt/***/dags/data/bills/hconres/BILLSTATUS-118hconres30.json
[2024-04-11T04:14:55.993+0000] {logging_mixin.py:188} INFO - Converted /opt/***/dags/data/bills/hconres/BILLSTATUS-118hconres21.xml to /opt/***/dags/data/bills/hconres/BILLSTATUS-118hconres21.json
[2024-04-11T04:14:56.010+0000] {logging_mixin.py:188} INFO - Converted /opt/***/dags/data/bills/hconres/BILLSTATUS-118hconres7.xml to /opt/***/dags/data/bills/hconres/BILLSTATUS-118hconres7.json
[2024-04-11T04:14:56.047+0000] {logging_mixin.py:188} INFO - Converted /opt/***/dags/data/bills/hconres/BILLSTATUS-118hconres86.xml to /opt/***/dags/data/bills/hconres/BILLSTATUS-118hconres86.json
[2024-04-11T04:14:56.072+0000] {logging_mixin.py:188} INFO - Converted /opt/***/dags/data/bills/hconres/BILLSTATUS-118hconres57.xml to /opt/***/dags/data/bills/hconres/BILLSTATUS-118hconres57.json
[2024-04-11T04:14:56.088+0000] {logging_mixin.py:188} INFO - Converted /opt/***/dags/data/bills/hconres/BILLSTATUS-118hconres40.xml to /opt/***/dags/data/bills/hconres/BILLSTATUS-118hconres40.json
[2024-04-11T04:14:56.219+0000] {logging_mixin.py:188} INFO - Converted /opt/***/dags/data/bills/s/BILLSTATUS-118s3250.xml to /opt/***/dags/data/bills/s/BILLSTATUS-118s3250.json
[2024-04-11T04:14:57.618+0000] {logging_mixin.py:188} INFO - Converted /opt/***/dags/data/bills/s/BILLSTATUS-118s788.xml to /opt/***/dags/data/bills/s/BILLSTATUS-118s788.json
[2024-04-11T04:14:59.429+0000] {logging_mixin.py:188} INFO - Converted /opt/***/dags/data/bills/s/BILLSTATUS-118s316.xml to /opt/***/dags/data/bills/s/BILLSTATUS-118s316.json
[2024-04-11T04:15:00.303+0000] {logging_mixin.py:188} INFO - Converted /opt/***/dags/data/bills/s/BILLSTATUS-118s3427.xml to /opt/***/dags/data/bills/s/BILLSTATUS-118s3427.json
[2024-04-11T04:15:00.519+0000] {logging_mixin.py:188} INFO - Converted /opt/***/dags/data/bills/s/BILLSTATUS-118s475.xml to /opt/***/dags/data/bills/s/BILLSTATUS-118s475.json
[2024-04-11T04:15:00.673+0000] {logging_mixin.py:188} INFO - Converted /opt/***/dags/data/bills/s/BILLSTATUS-118s111.xml to /opt/***/dags/data/bills/s/BILLSTATUS-118s111.json
[2024-04-11T04:15:01.311+0000] {logging_mixin.py:188} INFO - Converted /opt/***/dags/data/bills/s/BILLSTATUS-118s112.xml to /opt/***/dags/data/bills/s/BILLSTATUS-118s112.json
[2024-04-11T04:15:01.984+0000] {logging_mixin.py:188} INFO - Converted /opt/***/dags/data/bills/s/BILLSTATUS-118s2051.xml to /opt/***/dags/data/bills/s/BILLSTATUS-118s2051.json
[2024-04-11T04:15:02.545+0000] {logging_mixin.py:188} INFO - Converted /opt/***/dags/data/bills/s/BILLSTATUS-118s326.xml to /opt/***/dags/data/bills/s/BILLSTATUS-118s326.json
[2024-04-11T04:15:02.647+0000] {logging_mixin.py:188} INFO - Converted /opt/***/dags/data/bills/s/BILLSTATUS-118s870.xml to /opt/***/dags/data/bills/s/BILLSTATUS-118s870.json
[2024-04-11T04:15:03.535+0000] {logging_mixin.py:188} INFO - Converted /opt/***/dags/data/bills/s/BILLSTATUS-118s3853.xml to /opt/***/dags/data/bills/s/BILLSTATUS-118s3853.json
[2024-04-11T04:15:03.742+0000] {logging_mixin.py:188} INFO - Converted /opt/***/dags/data/bills/s/BILLSTATUS-118s2226.xml to /opt/***/dags/data/bills/s/BILLSTATUS-118s2226.json
[2024-04-11T04:15:03.920+0000] {logging_mixin.py:188} INFO - Converted /opt/***/dags/data/bills/s/BILLSTATUS-118s619.xml to /opt/***/dags/data/bills/s/BILLSTATUS-118s619.json
[2024-04-11T04:15:05.443+0000] {logging_mixin.py:188} INFO - Converted /opt/***/dags/data/bills/sres/BILLSTATUS-118sres13.xml to /opt/***/dags/data/bills/sres/BILLSTATUS-118sres13.json
[2024-04-11T04:15:05.604+0000] {logging_mixin.py:188} INFO - Converted /opt/***/dags/data/bills/sres/BILLSTATUS-118sres417.xml to /opt/***/dags/data/bills/sres/BILLSTATUS-118sres417.json
[2024-04-11T04:15:05.828+0000] {logging_mixin.py:188} INFO - Converted /opt/***/dags/data/bills/sres/BILLSTATUS-118sres21.xml to /opt/***/dags/data/bills/sres/BILLSTATUS-118sres21.json
[2024-04-11T04:15:06.105+0000] {logging_mixin.py:188} INFO - Converted /opt/***/dags/data/bills/sres/BILLSTATUS-118sres504.xml to /opt/***/dags/data/bills/sres/BILLSTATUS-118sres504.json
[2024-04-11T04:15:06.343+0000] {logging_mixin.py:188} INFO - Converted /opt/***/dags/data/bills/hr/BILLSTATUS-118hr2766.xml to /opt/***/dags/data/bills/hr/BILLSTATUS-118hr2766.json
[2024-04-11T04:15:06.382+0000] {logging_mixin.py:188} INFO - Converted /opt/***/dags/data/bills/hr/BILLSTATUS-118hr2799.xml to /opt/***/dags/data/bills/hr/BILLSTATUS-118hr2799.json
[2024-04-11T04:15:06.409+0000] {logging_mixin.py:188} INFO - Converted /opt/***/dags/data/bills/hr/BILLSTATUS-118hr7024.xml to /opt/***/dags/data/bills/hr/BILLSTATUS-118hr7024.json
[2024-04-11T04:15:06.650+0000] {logging_mixin.py:188} INFO - Converted /opt/***/dags/data/bills/hr/BILLSTATUS-118hr2.xml to /opt/***/dags/data/bills/hr/BILLSTATUS-118hr2.json
[2024-04-11T04:15:06.708+0000] {logging_mixin.py:188} INFO - Converted /opt/***/dags/data/bills/hr/BILLSTATUS-118hr542.xml to /opt/***/dags/data/bills/hr/BILLSTATUS-118hr542.json
[2024-04-11T04:15:06.931+0000] {logging_mixin.py:188} INFO - Converted /opt/***/dags/data/bills/hr/BILLSTATUS-118hr185.xml to /opt/***/dags/data/bills/hr/BILLSTATUS-118hr185.json
[2024-04-11T04:15:06.939+0000] {logging_mixin.py:188} INFO - Converted /opt/***/dags/data/bills/hr/BILLSTATUS-118hr5961.xml to /opt/***/dags/data/bills/hr/BILLSTATUS-118hr5961.json
[2024-04-11T04:15:06.970+0000] {logging_mixin.py:188} INFO - Converted /opt/***/dags/data/bills/hr/BILLSTATUS-118hr813.xml to /opt/***/dags/data/bills/hr/BILLSTATUS-118hr813.json
[2024-04-11T04:15:07.012+0000] {logging_mixin.py:188} INFO - Converted /opt/***/dags/data/bills/hr/BILLSTATUS-118hr4470.xml to /opt/***/dags/data/bills/hr/BILLSTATUS-118hr4470.json
[2024-04-11T04:15:07.059+0000] {logging_mixin.py:188} INFO - Converted /opt/***/dags/data/bills/hr/BILLSTATUS-118hr6918.xml to /opt/***/dags/data/bills/hr/BILLSTATUS-118hr6918.json
[2024-04-11T04:15:07.068+0000] {logging_mixin.py:188} INFO - Converted /opt/***/dags/data/bills/hr/BILLSTATUS-118hr1093.xml to /opt/***/dags/data/bills/hr/BILLSTATUS-118hr1093.json
[2024-04-11T04:15:07.077+0000] {logging_mixin.py:188} INFO - Converted /opt/***/dags/data/bills/hr/BILLSTATUS-118hr3848.xml to /opt/***/dags/data/bills/hr/BILLSTATUS-118hr3848.json
[2024-04-11T04:15:07.181+0000] {logging_mixin.py:188} INFO - Converted /opt/***/dags/data/bills/hr/BILLSTATUS-118hr1734.xml to /opt/***/dags/data/bills/hr/BILLSTATUS-118hr1734.json
[2024-04-11T04:15:07.231+0000] {logging_mixin.py:188} INFO - Converted /opt/***/dags/data/bills/hr/BILLSTATUS-118hr346.xml to /opt/***/dags/data/bills/hr/BILLSTATUS-118hr346.json
[2024-04-11T04:15:07.274+0000] {logging_mixin.py:188} INFO - Converted /opt/***/dags/data/bills/hr/BILLSTATUS-118hr4664.xml to /opt/***/dags/data/bills/hr/BILLSTATUS-118hr4664.json
[2024-04-11T04:15:07.320+0000] {logging_mixin.py:188} INFO - Converted /opt/***/dags/data/bills/hr/BILLSTATUS-118hr5585.xml to /opt/***/dags/data/bills/hr/BILLSTATUS-118hr5585.json
[2024-04-11T04:15:07.371+0000] {logging_mixin.py:188} INFO - Converted /opt/***/dags/data/bills/hr/BILLSTATUS-118hr6503.xml to /opt/***/dags/data/bills/hr/BILLSTATUS-118hr6503.json
[2024-04-11T04:15:07.431+0000] {logging_mixin.py:188} INFO - Converted /opt/***/dags/data/bills/hr/BILLSTATUS-118hr839.xml to /opt/***/dags/data/bills/hr/BILLSTATUS-118hr839.json
[2024-04-11T04:15:07.530+0000] {logging_mixin.py:188} INFO - Converted /opt/***/dags/data/bills/hr/BILLSTATUS-118hr1640.xml to /opt/***/dags/data/bills/hr/BILLSTATUS-118hr1640.json
[2024-04-11T04:15:07.622+0000] {logging_mixin.py:188} INFO - Converted /opt/***/dags/data/bills/hr/BILLSTATUS-118hr1.xml to /opt/***/dags/data/bills/hr/BILLSTATUS-118hr1.json
[2024-04-11T04:15:07.642+0000] {logging_mixin.py:188} INFO - Converted /opt/***/dags/data/bills/hr/BILLSTATUS-118hr1669.xml to /opt/***/dags/data/bills/hr/BILLSTATUS-118hr1669.json
[2024-04-11T04:15:07.981+0000] {logging_mixin.py:188} INFO - Converted /opt/***/dags/data/bills/hr/BILLSTATUS-118hr4665.xml to /opt/***/dags/data/bills/hr/BILLSTATUS-118hr4665.json
[2024-04-11T04:15:08.008+0000] {logging_mixin.py:188} INFO - Converted /opt/***/dags/data/bills/hr/BILLSTATUS-118hr347.xml to /opt/***/dags/data/bills/hr/BILLSTATUS-118hr347.json
[2024-04-11T04:15:08.066+0000] {logging_mixin.py:188} INFO - Converted /opt/***/dags/data/bills/hr/BILLSTATUS-118hr357.xml to /opt/***/dags/data/bills/hr/BILLSTATUS-118hr357.json
[2024-04-11T04:15:08.154+0000] {logging_mixin.py:188} INFO - Converted /opt/***/dags/data/bills/hr/BILLSTATUS-118hr3324.xml to /opt/***/dags/data/bills/hr/BILLSTATUS-118hr3324.json
[2024-04-11T04:15:08.199+0000] {logging_mixin.py:188} INFO - Converted /opt/***/dags/data/bills/hr/BILLSTATUS-118hr753.xml to /opt/***/dags/data/bills/hr/BILLSTATUS-118hr753.json
[2024-04-11T04:15:08.377+0000] {logging_mixin.py:188} INFO - Converted /opt/***/dags/data/bills/hr/BILLSTATUS-118hr1123.xml to /opt/***/dags/data/bills/hr/BILLSTATUS-118hr1123.json
[2024-04-11T04:15:08.426+0000] {logging_mixin.py:188} INFO - Converted /opt/***/dags/data/bills/hr/BILLSTATUS-118hr3091.xml to /opt/***/dags/data/bills/hr/BILLSTATUS-118hr3091.json
[2024-04-11T04:15:08.450+0000] {logging_mixin.py:188} INFO - Converted /opt/***/dags/data/bills/hr/BILLSTATUS-118hr5.xml to /opt/***/dags/data/bills/hr/BILLSTATUS-118hr5.json
[2024-04-11T04:15:08.479+0000] {logging_mixin.py:188} INFO - Converted /opt/***/dags/data/bills/hr/BILLSTATUS-118hr593.xml to /opt/***/dags/data/bills/hr/BILLSTATUS-118hr593.json
[2024-04-11T04:15:08.529+0000] {logging_mixin.py:188} INFO - Converted /opt/***/dags/data/bills/hr/BILLSTATUS-118hr2365.xml to /opt/***/dags/data/bills/hr/BILLSTATUS-118hr2365.json
[2024-04-11T04:15:08.549+0000] {logging_mixin.py:188} INFO - Converted /opt/***/dags/data/bills/hr/BILLSTATUS-118hr5378.xml to /opt/***/dags/data/bills/hr/BILLSTATUS-118hr5378.json
[2024-04-11T04:15:08.577+0000] {logging_mixin.py:188} INFO - Converted /opt/***/dags/data/bills/hr/BILLSTATUS-118hr7023.xml to /opt/***/dags/data/bills/hr/BILLSTATUS-118hr7023.json
[2024-04-11T04:15:08.624+0000] {logging_mixin.py:188} INFO - Converted /opt/***/dags/data/bills/hr/BILLSTATUS-118hr4502.xml to /opt/***/dags/data/bills/hr/BILLSTATUS-118hr4502.json
[2024-04-11T04:15:08.675+0000] {logging_mixin.py:188} INFO - Converted /opt/***/dags/data/bills/hr/BILLSTATUS-118hr815.xml to /opt/***/dags/data/bills/hr/BILLSTATUS-118hr815.json
[2024-04-11T04:15:08.810+0000] {logging_mixin.py:188} INFO - Converted /opt/***/dags/data/bills/hr/BILLSTATUS-118hr140.xml to /opt/***/dags/data/bills/hr/BILLSTATUS-118hr140.json
[2024-04-11T04:15:08.958+0000] {logging_mixin.py:188} INFO - Converted /opt/***/dags/data/bills/hr/BILLSTATUS-118hr340.xml to /opt/***/dags/data/bills/hr/BILLSTATUS-118hr340.json
[2024-04-11T04:15:09.055+0000] {logging_mixin.py:188} INFO - Converted /opt/***/dags/data/bills/hr/BILLSTATUS-118hr1530.xml to /opt/***/dags/data/bills/hr/BILLSTATUS-118hr1530.json
[2024-04-11T04:15:09.360+0000] {logging_mixin.py:188} INFO - Converted /opt/***/dags/data/bills/hr/BILLSTATUS-118hr1121.xml to /opt/***/dags/data/bills/hr/BILLSTATUS-118hr1121.json
[2024-04-11T04:15:09.616+0000] {logging_mixin.py:188} INFO - Converted /opt/***/dags/data/bills/hr/BILLSTATUS-118hr6276.xml to /opt/***/dags/data/bills/hr/BILLSTATUS-118hr6276.json
[2024-04-11T04:15:09.628+0000] {logging_mixin.py:188} INFO - Converted /opt/***/dags/data/bills/hr/BILLSTATUS-118hr1096.xml to /opt/***/dags/data/bills/hr/BILLSTATUS-118hr1096.json
[2024-04-11T04:15:09.660+0000] {logging_mixin.py:188} INFO - Converted /opt/***/dags/data/bills/hr/BILLSTATUS-118hr382.xml to /opt/***/dags/data/bills/hr/BILLSTATUS-118hr382.json
[2024-04-11T04:15:09.701+0000] {logging_mixin.py:188} INFO - Converted /opt/***/dags/data/bills/hr/BILLSTATUS-118hr1727.xml to /opt/***/dags/data/bills/hr/BILLSTATUS-118hr1727.json
[2024-04-11T04:15:09.866+0000] {logging_mixin.py:188} INFO - Converted /opt/***/dags/data/bills/hr/BILLSTATUS-118hr5283.xml to /opt/***/dags/data/bills/hr/BILLSTATUS-118hr5283.json
[2024-04-11T04:15:09.883+0000] {logging_mixin.py:188} INFO - Converted /opt/***/dags/data/bills/hr/BILLSTATUS-118hr497.xml to /opt/***/dags/data/bills/hr/BILLSTATUS-118hr497.json
[2024-04-11T04:15:09.973+0000] {logging_mixin.py:188} INFO - Converted /opt/***/dags/data/bills/hr/BILLSTATUS-118hr21.xml to /opt/***/dags/data/bills/hr/BILLSTATUS-118hr21.json
[2024-04-11T04:15:10.276+0000] {logging_mixin.py:188} INFO - Converted /opt/***/dags/data/bills/hr/BILLSTATUS-118hr1147.xml to /opt/***/dags/data/bills/hr/BILLSTATUS-118hr1147.json
[2024-04-11T04:15:10.310+0000] {logging_mixin.py:188} INFO - Converted /opt/***/dags/data/bills/hr/BILLSTATUS-118hr5862.xml to /opt/***/dags/data/bills/hr/BILLSTATUS-118hr5862.json
[2024-04-11T04:15:10.341+0000] {logging_mixin.py:188} INFO - Converted /opt/***/dags/data/bills/hr/BILLSTATUS-118hr5692.xml to /opt/***/dags/data/bills/hr/BILLSTATUS-118hr5692.json
[2024-04-11T04:15:10.377+0000] {logging_mixin.py:188} INFO - Converted /opt/***/dags/data/bills/hr/BILLSTATUS-118hr2670.xml to /opt/***/dags/data/bills/hr/BILLSTATUS-118hr2670.json
[2024-04-11T04:15:10.622+0000] {logging_mixin.py:188} INFO - Converted /opt/***/dags/data/bills/hr/BILLSTATUS-118hr7454.xml to /opt/***/dags/data/bills/hr/BILLSTATUS-118hr7454.json
[2024-04-11T04:15:10.629+0000] {logging_mixin.py:188} INFO - Converted /opt/***/dags/data/bills/hr/BILLSTATUS-118hr5525.xml to /opt/***/dags/data/bills/hr/BILLSTATUS-118hr5525.json
[2024-04-11T04:15:10.646+0000] {logging_mixin.py:188} INFO - Converted /opt/***/dags/data/bills/hr/BILLSTATUS-118hr443.xml to /opt/***/dags/data/bills/hr/BILLSTATUS-118hr443.json
[2024-04-11T04:15:10.707+0000] {logging_mixin.py:188} INFO - Converted /opt/***/dags/data/bills/hr/BILLSTATUS-118hr4820.xml to /opt/***/dags/data/bills/hr/BILLSTATUS-118hr4820.json
[2024-04-11T04:15:10.771+0000] {logging_mixin.py:188} INFO - Converted /opt/***/dags/data/bills/hr/BILLSTATUS-118hr22.xml to /opt/***/dags/data/bills/hr/BILLSTATUS-118hr22.json
[2024-04-11T04:15:10.888+0000] {logging_mixin.py:188} INFO - Converted /opt/***/dags/data/bills/hr/BILLSTATUS-118hr1435.xml to /opt/***/dags/data/bills/hr/BILLSTATUS-118hr1435.json
[2024-04-11T04:15:10.917+0000] {logging_mixin.py:188} INFO - Converted /opt/***/dags/data/bills/hr/BILLSTATUS-118hr2882.xml to /opt/***/dags/data/bills/hr/BILLSTATUS-118hr2882.json
[2024-04-11T04:15:10.924+0000] {logging_mixin.py:188} INFO - Converted /opt/***/dags/data/bills/hr/BILLSTATUS-118hr1353.xml to /opt/***/dags/data/bills/hr/BILLSTATUS-118hr1353.json
[2024-04-11T04:15:10.970+0000] {logging_mixin.py:188} INFO - Converted /opt/***/dags/data/bills/hr/BILLSTATUS-118hr5860.xml to /opt/***/dags/data/bills/hr/BILLSTATUS-118hr5860.json
[2024-04-11T04:15:10.984+0000] {logging_mixin.py:188} INFO - Converted /opt/***/dags/data/bills/hr/BILLSTATUS-118hr7520.xml to /opt/***/dags/data/bills/hr/BILLSTATUS-118hr7520.json
[2024-04-11T04:15:10.989+0000] {logging_mixin.py:188} INFO - Converted /opt/***/dags/data/bills/hr/BILLSTATUS-118hr1151.xml to /opt/***/dags/data/bills/hr/BILLSTATUS-118hr1151.json
[2024-04-11T04:15:11.004+0000] {logging_mixin.py:188} INFO - Converted /opt/***/dags/data/bills/hr/BILLSTATUS-118hr3746.xml to /opt/***/dags/data/bills/hr/BILLSTATUS-118hr3746.json
[2024-04-11T04:15:11.183+0000] {logging_mixin.py:188} INFO - Converted /opt/***/dags/data/bills/hr/BILLSTATUS-118hr7521.xml to /opt/***/dags/data/bills/hr/BILLSTATUS-118hr7521.json
[2024-04-11T04:15:11.278+0000] {logging_mixin.py:188} INFO - Converted /opt/***/dags/data/bills/hr/BILLSTATUS-118hr734.xml to /opt/***/dags/data/bills/hr/BILLSTATUS-118hr734.json
[2024-04-11T04:15:11.368+0000] {logging_mixin.py:188} INFO - Converted /opt/***/dags/data/bills/hr/BILLSTATUS-118hr23.xml to /opt/***/dags/data/bills/hr/BILLSTATUS-118hr23.json
[2024-04-11T04:15:11.401+0000] {logging_mixin.py:188} INFO - Converted /opt/***/dags/data/bills/hr/BILLSTATUS-118hr1226.xml to /opt/***/dags/data/bills/hr/BILLSTATUS-118hr1226.json
[2024-04-11T04:15:11.506+0000] {logging_mixin.py:188} INFO - Converted /opt/***/dags/data/bills/hr/BILLSTATUS-118hr4821.xml to /opt/***/dags/data/bills/hr/BILLSTATUS-118hr4821.json
[2024-04-11T04:15:11.563+0000] {logging_mixin.py:188} INFO - Converted /opt/***/dags/data/bills/hr/BILLSTATUS-118hr5524.xml to /opt/***/dags/data/bills/hr/BILLSTATUS-118hr5524.json
[2024-04-11T04:15:11.619+0000] {logging_mixin.py:188} INFO - Converted /opt/***/dags/data/bills/hr/BILLSTATUS-118hr1752.xml to /opt/***/dags/data/bills/hr/BILLSTATUS-118hr1752.json
[2024-04-11T04:15:11.649+0000] {logging_mixin.py:188} INFO - Converted /opt/***/dags/data/bills/hr/BILLSTATUS-118hr485.xml to /opt/***/dags/data/bills/hr/BILLSTATUS-118hr485.json
[2024-04-11T04:15:11.663+0000] {logging_mixin.py:188} INFO - Converted /opt/***/dags/data/bills/hr/BILLSTATUS-118hr3838.xml to /opt/***/dags/data/bills/hr/BILLSTATUS-118hr3838.json
[2024-04-11T04:15:11.759+0000] {logging_mixin.py:188} INFO - Converted /opt/***/dags/data/bills/hr/BILLSTATUS-118hr4366.xml to /opt/***/dags/data/bills/hr/BILLSTATUS-118hr4366.json
[2024-04-11T04:15:11.885+0000] {logging_mixin.py:188} INFO - Converted /opt/***/dags/data/bills/hr/BILLSTATUS-118hr6363.xml to /opt/***/dags/data/bills/hr/BILLSTATUS-118hr6363.json
[2024-04-11T04:15:11.999+0000] {logging_mixin.py:188} INFO - Converted /opt/***/dags/data/bills/hr/BILLSTATUS-118hr1154.xml to /opt/***/dags/data/bills/hr/BILLSTATUS-118hr1154.json
[2024-04-11T04:15:12.112+0000] {logging_mixin.py:188} INFO - Converted /opt/***/dags/data/bills/hr/BILLSTATUS-118hr533.xml to /opt/***/dags/data/bills/hr/BILLSTATUS-118hr533.json
[2024-04-11T04:15:12.256+0000] {logging_mixin.py:188} INFO - Converted /opt/***/dags/data/bills/hr/BILLSTATUS-118hr5119.xml to /opt/***/dags/data/bills/hr/BILLSTATUS-118hr5119.json
[2024-04-11T04:15:12.291+0000] {logging_mixin.py:188} INFO - Converted /opt/***/dags/data/bills/hr/BILLSTATUS-118hr3391.xml to /opt/***/dags/data/bills/hr/BILLSTATUS-118hr3391.json
[2024-04-11T04:15:12.356+0000] {logging_mixin.py:188} INFO - Converted /opt/***/dags/data/bills/hr/BILLSTATUS-118hr4367.xml to /opt/***/dags/data/bills/hr/BILLSTATUS-118hr4367.json
[2024-04-11T04:15:12.387+0000] {logging_mixin.py:188} INFO - Converted /opt/***/dags/data/bills/hr/BILLSTATUS-118hr26.xml to /opt/***/dags/data/bills/hr/BILLSTATUS-118hr26.json
[2024-04-11T04:15:12.575+0000] {logging_mixin.py:188} INFO - Converted /opt/***/dags/data/bills/hr/BILLSTATUS-118hr1023.xml to /opt/***/dags/data/bills/hr/BILLSTATUS-118hr1023.json
[2024-04-11T04:15:12.595+0000] {logging_mixin.py:188} INFO - Converted /opt/***/dags/data/bills/hr/BILLSTATUS-118hr3152.xml to /opt/***/dags/data/bills/hr/BILLSTATUS-118hr3152.json
[2024-04-11T04:15:12.675+0000] {logging_mixin.py:188} INFO - Converted /opt/***/dags/data/bills/hr/BILLSTATUS-118hr4365.xml to /opt/***/dags/data/bills/hr/BILLSTATUS-118hr4365.json
[2024-04-11T04:15:12.716+0000] {logging_mixin.py:188} INFO - Converted /opt/***/dags/data/bills/hr/BILLSTATUS-118hr1547.xml to /opt/***/dags/data/bills/hr/BILLSTATUS-118hr1547.json
[2024-04-11T04:15:12.859+0000] {logging_mixin.py:188} INFO - Converted /opt/***/dags/data/bills/hr/BILLSTATUS-118hr3224.xml to /opt/***/dags/data/bills/hr/BILLSTATUS-118hr3224.json
[2024-04-11T04:15:13.101+0000] {logging_mixin.py:188} INFO - Converted /opt/***/dags/data/bills/hr/BILLSTATUS-118hr4984.xml to /opt/***/dags/data/bills/hr/BILLSTATUS-118hr4984.json
[2024-04-11T04:15:13.125+0000] {logging_mixin.py:188} INFO - Converted /opt/***/dags/data/bills/hr/BILLSTATUS-118hr1156.xml to /opt/***/dags/data/bills/hr/BILLSTATUS-118hr1156.json
[2024-04-11T04:15:13.472+0000] {logging_mixin.py:188} INFO - Converted /opt/***/dags/data/bills/hr/BILLSTATUS-118hr4364.xml to /opt/***/dags/data/bills/hr/BILLSTATUS-118hr4364.json
[2024-04-11T04:15:13.670+0000] {logging_mixin.py:188} INFO - Converted /opt/***/dags/data/bills/hr/BILLSTATUS-118hr139.xml to /opt/***/dags/data/bills/hr/BILLSTATUS-118hr139.json
[2024-04-11T04:15:13.723+0000] {logging_mixin.py:188} INFO - Converted /opt/***/dags/data/bills/hr/BILLSTATUS-118hr663.xml to /opt/***/dags/data/bills/hr/BILLSTATUS-118hr663.json
[2024-04-11T04:15:13.826+0000] {logging_mixin.py:188} INFO - Converted /opt/***/dags/data/bills/hr/BILLSTATUS-118hr5856.xml to /opt/***/dags/data/bills/hr/BILLSTATUS-118hr5856.json
[2024-04-11T04:15:13.850+0000] {logging_mixin.py:188} INFO - Converted /opt/***/dags/data/bills/hr/BILLSTATUS-118hr1615.xml to /opt/***/dags/data/bills/hr/BILLSTATUS-118hr1615.json
[2024-04-11T04:15:14.020+0000] {logging_mixin.py:188} INFO - Converted /opt/***/dags/data/bills/hr/BILLSTATUS-118hr500.xml to /opt/***/dags/data/bills/hr/BILLSTATUS-118hr500.json
[2024-04-11T04:15:14.025+0000] {logging_mixin.py:188} INFO - Converted /opt/***/dags/data/bills/hr/BILLSTATUS-118hr3981.xml to /opt/***/dags/data/bills/hr/BILLSTATUS-118hr3981.json
[2024-04-11T04:15:14.153+0000] {logging_mixin.py:188} INFO - Converted /opt/***/dags/data/bills/hr/BILLSTATUS-118hr5894.xml to /opt/***/dags/data/bills/hr/BILLSTATUS-118hr5894.json
[2024-04-11T04:15:14.253+0000] {logging_mixin.py:188} INFO - Converted /opt/***/dags/data/bills/hr/BILLSTATUS-118hr662.xml to /opt/***/dags/data/bills/hr/BILLSTATUS-118hr662.json
[2024-04-11T04:15:14.277+0000] {logging_mixin.py:188} INFO - Converted /opt/***/dags/data/bills/hr/BILLSTATUS-118hr676.xml to /opt/***/dags/data/bills/hr/BILLSTATUS-118hr676.json
[2024-04-11T04:15:14.330+0000] {logging_mixin.py:188} INFO - Converted /opt/***/dags/data/bills/hr/BILLSTATUS-118hr4368.xml to /opt/***/dags/data/bills/hr/BILLSTATUS-118hr4368.json
[2024-04-11T04:15:14.340+0000] {logging_mixin.py:188} INFO - Converted /opt/***/dags/data/bills/hr/BILLSTATUS-118hr886.xml to /opt/***/dags/data/bills/hr/BILLSTATUS-118hr886.json
[2024-04-11T04:15:14.480+0000] {logging_mixin.py:188} INFO - Converted /opt/***/dags/data/bills/hr/BILLSTATUS-118hr7463.xml to /opt/***/dags/data/bills/hr/BILLSTATUS-118hr7463.json
[2024-04-11T04:15:14.674+0000] {logging_mixin.py:188} INFO - Converted /opt/***/dags/data/bills/hr/BILLSTATUS-118hr1548.xml to /opt/***/dags/data/bills/hr/BILLSTATUS-118hr1548.json
[2024-04-11T04:15:14.956+0000] {logging_mixin.py:188} INFO - Converted /opt/***/dags/data/bills/hr/BILLSTATUS-118hr3941.xml to /opt/***/dags/data/bills/hr/BILLSTATUS-118hr3941.json
[2024-04-11T04:15:14.963+0000] {logging_mixin.py:188} INFO - Converted /opt/***/dags/data/bills/hr/BILLSTATUS-118hr3799.xml to /opt/***/dags/data/bills/hr/BILLSTATUS-118hr3799.json
[2024-04-11T04:15:15.011+0000] {logging_mixin.py:188} INFO - Converted /opt/***/dags/data/bills/hr/BILLSTATUS-118hr1159.xml to /opt/***/dags/data/bills/hr/BILLSTATUS-118hr1159.json
[2024-04-11T04:15:15.116+0000] {logging_mixin.py:188} INFO - Converted /opt/***/dags/data/bills/hr/BILLSTATUS-118hr3202.xml to /opt/***/dags/data/bills/hr/BILLSTATUS-118hr3202.json
[2024-04-11T04:15:15.125+0000] {logging_mixin.py:188} INFO - Converted /opt/***/dags/data/bills/hr/BILLSTATUS-118hr3564.xml to /opt/***/dags/data/bills/hr/BILLSTATUS-118hr3564.json
[2024-04-11T04:15:15.197+0000] {logging_mixin.py:188} INFO - Converted /opt/***/dags/data/bills/hr/BILLSTATUS-118hr4394.xml to /opt/***/dags/data/bills/hr/BILLSTATUS-118hr4394.json
[2024-04-11T04:15:15.300+0000] {logging_mixin.py:188} INFO - Converted /opt/***/dags/data/bills/hr/BILLSTATUS-118hr3821.xml to /opt/***/dags/data/bills/hr/BILLSTATUS-118hr3821.json
[2024-04-11T04:15:15.396+0000] {logging_mixin.py:188} INFO - Converted /opt/***/dags/data/bills/hr/BILLSTATUS-118hr467.xml to /opt/***/dags/data/bills/hr/BILLSTATUS-118hr467.json
[2024-04-11T04:15:15.509+0000] {logging_mixin.py:188} INFO - Converted /opt/***/dags/data/bills/hr/BILLSTATUS-118hr6544.xml to /opt/***/dags/data/bills/hr/BILLSTATUS-118hr6544.json
[2024-04-11T04:15:15.791+0000] {logging_mixin.py:188} INFO - Converted /opt/***/dags/data/bills/hr/BILLSTATUS-118hr1149.xml to /opt/***/dags/data/bills/hr/BILLSTATUS-118hr1149.json
[2024-04-11T04:15:15.812+0000] {logging_mixin.py:188} INFO - Converted /opt/***/dags/data/bills/hr/BILLSTATUS-118hr1607.xml to /opt/***/dags/data/bills/hr/BILLSTATUS-118hr1607.json
[2024-04-11T04:15:15.922+0000] {logging_mixin.py:188} INFO - Converted /opt/***/dags/data/bills/hr/BILLSTATUS-118hr7511.xml to /opt/***/dags/data/bills/hr/BILLSTATUS-118hr7511.json
[2024-04-11T04:15:15.933+0000] {logging_mixin.py:188} INFO - Converted /opt/***/dags/data/bills/hr/BILLSTATUS-118hr1606.xml to /opt/***/dags/data/bills/hr/BILLSTATUS-118hr1606.json
[2024-04-11T04:15:16.009+0000] {logging_mixin.py:188} INFO - Converted /opt/***/dags/data/bills/hr/BILLSTATUS-118hr5110.xml to /opt/***/dags/data/bills/hr/BILLSTATUS-118hr5110.json
[2024-04-11T04:15:16.224+0000] {logging_mixin.py:188} INFO - Converted /opt/***/dags/data/bills/hr/BILLSTATUS-118hr6009.xml to /opt/***/dags/data/bills/hr/BILLSTATUS-118hr6009.json
[2024-04-11T04:15:16.275+0000] {logging_mixin.py:188} INFO - Converted /opt/***/dags/data/bills/hr/BILLSTATUS-118hr300.xml to /opt/***/dags/data/bills/hr/BILLSTATUS-118hr300.json
[2024-04-11T04:15:16.292+0000] {logging_mixin.py:188} INFO - Converted /opt/***/dags/data/bills/hr/BILLSTATUS-118hr5528.xml to /opt/***/dags/data/bills/hr/BILLSTATUS-118hr5528.json
[2024-04-11T04:15:16.340+0000] {logging_mixin.py:188} INFO - Converted /opt/***/dags/data/bills/hr/BILLSTATUS-118hr302.xml to /opt/***/dags/data/bills/hr/BILLSTATUS-118hr302.json
[2024-04-11T04:15:16.413+0000] {logging_mixin.py:188} INFO - Converted /opt/***/dags/data/bills/hr/BILLSTATUS-118hr6976.xml to /opt/***/dags/data/bills/hr/BILLSTATUS-118hr6976.json
[2024-04-11T04:15:16.519+0000] {logging_mixin.py:188} INFO - Converted /opt/***/dags/data/bills/hr/BILLSTATUS-118hr5933.xml to /opt/***/dags/data/bills/hr/BILLSTATUS-118hr5933.json
[2024-04-11T04:15:16.673+0000] {logging_mixin.py:188} INFO - Converted /opt/***/dags/data/bills/hr/BILLSTATUS-118hr2872.xml to /opt/***/dags/data/bills/hr/BILLSTATUS-118hr2872.json
[2024-04-11T04:15:16.776+0000] {logging_mixin.py:188} INFO - Converted /opt/***/dags/data/bills/hr/BILLSTATUS-118hr538.xml to /opt/***/dags/data/bills/hr/BILLSTATUS-118hr538.json
[2024-04-11T04:15:16.865+0000] {logging_mixin.py:188} INFO - Converted /opt/***/dags/data/bills/hr/BILLSTATUS-118hr2494.xml to /opt/***/dags/data/bills/hr/BILLSTATUS-118hr2494.json
[2024-04-11T04:15:16.883+0000] {logging_mixin.py:188} INFO - Converted /opt/***/dags/data/bills/hr/BILLSTATUS-118hr288.xml to /opt/***/dags/data/bills/hr/BILLSTATUS-118hr288.json
[2024-04-11T04:15:16.909+0000] {logging_mixin.py:188} INFO - Converted /opt/***/dags/data/bills/hr/BILLSTATUS-118hr1836.xml to /opt/***/dags/data/bills/hr/BILLSTATUS-118hr1836.json
[2024-04-11T04:15:16.926+0000] {logging_mixin.py:188} INFO - Converted /opt/***/dags/data/bills/hr/BILLSTATUS-118hr3774.xml to /opt/***/dags/data/bills/hr/BILLSTATUS-118hr3774.json
[2024-04-11T04:15:16.935+0000] {logging_mixin.py:188} INFO - Converted /opt/***/dags/data/bills/hr/BILLSTATUS-118hr1163.xml to /opt/***/dags/data/bills/hr/BILLSTATUS-118hr1163.json
[2024-04-11T04:15:16.985+0000] {logging_mixin.py:188} INFO - Converted /opt/***/dags/data/bills/hr/BILLSTATUS-118hr277.xml to /opt/***/dags/data/bills/hr/BILLSTATUS-118hr277.json
[2024-04-11T04:15:17.135+0000] {logging_mixin.py:188} INFO - Converted /opt/***/dags/data/bills/hr/BILLSTATUS-118hr7102.xml to /opt/***/dags/data/bills/hr/BILLSTATUS-118hr7102.json
[2024-04-11T04:15:17.146+0000] {logging_mixin.py:188} INFO - Converted /opt/***/dags/data/bills/hr/BILLSTATUS-118hr1567.xml to /opt/***/dags/data/bills/hr/BILLSTATUS-118hr1567.json
[2024-04-11T04:15:17.658+0000] {logging_mixin.py:188} INFO - Converted /opt/***/dags/data/bills/hr/BILLSTATUS-118hr589.xml to /opt/***/dags/data/bills/hr/BILLSTATUS-118hr589.json
[2024-04-11T04:15:17.706+0000] {logging_mixin.py:188} INFO - Converted /opt/***/dags/data/bills/hr/BILLSTATUS-118hr3935.xml to /opt/***/dags/data/bills/hr/BILLSTATUS-118hr3935.json
[2024-04-11T04:15:17.810+0000] {logging_mixin.py:188} INFO - Converted /opt/***/dags/data/bills/hr/BILLSTATUS-118hr1105.xml to /opt/***/dags/data/bills/hr/BILLSTATUS-118hr1105.json
[2024-04-11T04:15:17.887+0000] {logging_mixin.py:188} INFO - Converted /opt/***/dags/data/bills/hr/BILLSTATUS-118hr4531.xml to /opt/***/dags/data/bills/hr/BILLSTATUS-118hr4531.json
[2024-04-11T04:15:18.188+0000] {logging_mixin.py:188} INFO - Converted /opt/***/dags/data/bills/hr/BILLSTATUS-118hr359.xml to /opt/***/dags/data/bills/hr/BILLSTATUS-118hr359.json
[2024-04-11T04:15:18.203+0000] {logging_mixin.py:188} INFO - Converted /opt/***/dags/data/bills/hr/BILLSTATUS-118hr3672.xml to /opt/***/dags/data/bills/hr/BILLSTATUS-118hr3672.json
[2024-04-11T04:15:18.226+0000] {logging_mixin.py:188} INFO - Converted /opt/***/dags/data/bills/hr/BILLSTATUS-118hr1715.xml to /opt/***/dags/data/bills/hr/BILLSTATUS-118hr1715.json
[2024-04-11T04:15:18.297+0000] {logging_mixin.py:188} INFO - Converted /opt/***/dags/data/bills/hr/BILLSTATUS-118hr3843.xml to /opt/***/dags/data/bills/hr/BILLSTATUS-118hr3843.json
[2024-04-11T04:15:18.316+0000] {logging_mixin.py:188} INFO - Converted /opt/***/dags/data/bills/hr/BILLSTATUS-118hr159.xml to /opt/***/dags/data/bills/hr/BILLSTATUS-118hr159.json
[2024-04-11T04:15:18.417+0000] {logging_mixin.py:188} INFO - Converted /opt/***/dags/data/bills/hr/BILLSTATUS-118hr2793.xml to /opt/***/dags/data/bills/hr/BILLSTATUS-118hr2793.json
[2024-04-11T04:15:18.506+0000] {logging_mixin.py:188} INFO - Converted /opt/***/dags/data/bills/hr/BILLSTATUS-118hr1339.xml to /opt/***/dags/data/bills/hr/BILLSTATUS-118hr1339.json
[2024-04-11T04:15:18.525+0000] {logging_mixin.py:188} INFO - Converted /opt/***/dags/data/bills/hr/BILLSTATUS-118hr788.xml to /opt/***/dags/data/bills/hr/BILLSTATUS-118hr788.json
[2024-04-11T04:15:18.554+0000] {logging_mixin.py:188} INFO - Converted /opt/***/dags/data/bills/hr/BILLSTATUS-118hr1107.xml to /opt/***/dags/data/bills/hr/BILLSTATUS-118hr1107.json
[2024-04-11T04:15:18.585+0000] {logging_mixin.py:188} INFO - Converted /opt/***/dags/data/bills/hr/BILLSTATUS-118hr5375.xml to /opt/***/dags/data/bills/hr/BILLSTATUS-118hr5375.json
[2024-04-11T04:15:18.611+0000] {logging_mixin.py:188} INFO - Converted /opt/***/dags/data/bills/hr/BILLSTATUS-118hr6126.xml to /opt/***/dags/data/bills/hr/BILLSTATUS-118hr6126.json
[2024-04-11T04:15:18.670+0000] {logging_mixin.py:188} INFO - Converted /opt/***/dags/data/bills/hr/BILLSTATUS-118hr3089.xml to /opt/***/dags/data/bills/hr/BILLSTATUS-118hr3089.json
[2024-04-11T04:15:18.735+0000] {logging_mixin.py:188} INFO - Converted /opt/***/dags/data/bills/hr/BILLSTATUS-118hr6655.xml to /opt/***/dags/data/bills/hr/BILLSTATUS-118hr6655.json
[2024-04-11T04:15:18.828+0000] {logging_mixin.py:188} INFO - Converted /opt/***/dags/data/bills/hr/BILLSTATUS-118hr1338.xml to /opt/***/dags/data/bills/hr/BILLSTATUS-118hr1338.json
[2024-04-11T04:15:18.920+0000] {logging_mixin.py:188} INFO - Converted /opt/***/dags/data/bills/hr/BILLSTATUS-118hr2792.xml to /opt/***/dags/data/bills/hr/BILLSTATUS-118hr2792.json
[2024-04-11T04:15:19.091+0000] {logging_mixin.py:188} INFO - Converted /opt/***/dags/data/bills/hr/BILLSTATUS-118hr400.xml to /opt/***/dags/data/bills/hr/BILLSTATUS-118hr400.json
[2024-04-11T04:15:19.310+0000] {logging_mixin.py:188} INFO - Converted /opt/***/dags/data/bills/hr/BILLSTATUS-118hr1076.xml to /opt/***/dags/data/bills/hr/BILLSTATUS-118hr1076.json
[2024-04-11T04:15:19.501+0000] {logging_mixin.py:188} INFO - Converted /opt/***/dags/data/bills/hr/BILLSTATUS-118hr2796.xml to /opt/***/dags/data/bills/hr/BILLSTATUS-118hr2796.json
[2024-04-11T04:15:19.603+0000] {logging_mixin.py:188} INFO - Converted /opt/***/dags/data/bills/hr/BILLSTATUS-118hr2812.xml to /opt/***/dags/data/bills/hr/BILLSTATUS-118hr2812.json
[2024-04-11T04:15:19.725+0000] {logging_mixin.py:188} INFO - Converted /opt/***/dags/data/bills/hr/BILLSTATUS-118hr6679.xml to /opt/***/dags/data/bills/hr/BILLSTATUS-118hr6679.json
[2024-04-11T04:15:19.753+0000] {logging_mixin.py:188} INFO - Converted /opt/***/dags/data/bills/hr/BILLSTATUS-118hr2379.xml to /opt/***/dags/data/bills/hr/BILLSTATUS-118hr2379.json
[2024-04-11T04:15:19.826+0000] {logging_mixin.py:188} INFO - Converted /opt/***/dags/data/bills/hr/BILLSTATUS-118hr3099.xml to /opt/***/dags/data/bills/hr/BILLSTATUS-118hr3099.json
[2024-04-11T04:15:19.884+0000] {logging_mixin.py:188} INFO - Converted /opt/***/dags/data/bills/hr/BILLSTATUS-118hr6678.xml to /opt/***/dags/data/bills/hr/BILLSTATUS-118hr6678.json
[2024-04-11T04:15:20.082+0000] {logging_mixin.py:188} INFO - Converted /opt/***/dags/data/bills/hr/BILLSTATUS-118hr2797.xml to /opt/***/dags/data/bills/hr/BILLSTATUS-118hr2797.json
[2024-04-11T04:15:20.105+0000] {logging_mixin.py:188} INFO - Converted /opt/***/dags/data/bills/hr/BILLSTATUS-118hr7176.xml to /opt/***/dags/data/bills/hr/BILLSTATUS-118hr7176.json
[2024-04-11T04:15:20.155+0000] {logging_mixin.py:188} INFO - Converted /opt/***/dags/data/bills/hr/BILLSTATUS-118hr2754.xml to /opt/***/dags/data/bills/hr/BILLSTATUS-118hr2754.json
[2024-04-11T04:15:20.602+0000] {logging_mixin.py:188} INFO - Converted /opt/***/dags/data/bills/hr/BILLSTATUS-118hr2795.xml to /opt/***/dags/data/bills/hr/BILLSTATUS-118hr2795.json
[2024-04-11T04:15:20.735+0000] {logging_mixin.py:188} INFO - Converted /opt/***/dags/data/bills/hr/BILLSTATUS-118hr2811.xml to /opt/***/dags/data/bills/hr/BILLSTATUS-118hr2811.json
[2024-04-11T04:15:20.764+0000] {logging_mixin.py:188} INFO - Converted /opt/***/dags/data/bills/hr/BILLSTATUS-118hr4723.xml to /opt/***/dags/data/bills/hr/BILLSTATUS-118hr4723.json
[2024-04-11T04:15:20.911+0000] {logging_mixin.py:188} INFO - Converted /opt/***/dags/data/bills/hr/BILLSTATUS-118hr7217.xml to /opt/***/dags/data/bills/hr/BILLSTATUS-118hr7217.json
[2024-04-11T04:15:21.136+0000] {logging_mixin.py:188} INFO - Converted /opt/***/dags/data/bills/hr/BILLSTATUS-118hr4468.xml to /opt/***/dags/data/bills/hr/BILLSTATUS-118hr4468.json
[2024-04-11T04:15:21.230+0000] {logging_mixin.py:188} INFO - Converted /opt/***/dags/data/bills/hr/BILLSTATUS-118hr6914.xml to /opt/***/dags/data/bills/hr/BILLSTATUS-118hr6914.json
[2024-04-11T04:15:21.303+0000] {logging_mixin.py:188} INFO - Converted /opt/***/dags/data/bills/hr/BILLSTATUS-118hr406.xml to /opt/***/dags/data/bills/hr/BILLSTATUS-118hr406.json
[2024-04-11T04:15:21.394+0000] {logging_mixin.py:188} INFO - Converted /opt/***/dags/data/bills/sjres/BILLSTATUS-118sjres23.xml to /opt/***/dags/data/bills/sjres/BILLSTATUS-118sjres23.json
[2024-04-11T04:15:21.409+0000] {logging_mixin.py:188} INFO - Converted /opt/***/dags/data/bills/sjres/BILLSTATUS-118sjres18.xml to /opt/***/dags/data/bills/sjres/BILLSTATUS-118sjres18.json
[2024-04-11T04:15:21.416+0000] {logging_mixin.py:188} INFO - Converted /opt/***/dags/data/bills/sjres/BILLSTATUS-118sjres24.xml to /opt/***/dags/data/bills/sjres/BILLSTATUS-118sjres24.json
[2024-04-11T04:15:21.420+0000] {logging_mixin.py:188} INFO - Converted /opt/***/dags/data/bills/sjres/BILLSTATUS-118sjres32.xml to /opt/***/dags/data/bills/sjres/BILLSTATUS-118sjres32.json
[2024-04-11T04:15:21.432+0000] {logging_mixin.py:188} INFO - Converted /opt/***/dags/data/bills/sjres/BILLSTATUS-118sjres9.xml to /opt/***/dags/data/bills/sjres/BILLSTATUS-118sjres9.json
[2024-04-11T04:15:21.442+0000] {logging_mixin.py:188} INFO - Converted /opt/***/dags/data/bills/sjres/BILLSTATUS-118sjres43.xml to /opt/***/dags/data/bills/sjres/BILLSTATUS-118sjres43.json
[2024-04-11T04:15:21.456+0000] {logging_mixin.py:188} INFO - Converted /opt/***/dags/data/bills/sjres/BILLSTATUS-118sjres42.xml to /opt/***/dags/data/bills/sjres/BILLSTATUS-118sjres42.json
[2024-04-11T04:15:21.469+0000] {logging_mixin.py:188} INFO - Converted /opt/***/dags/data/bills/sjres/BILLSTATUS-118sjres51.xml to /opt/***/dags/data/bills/sjres/BILLSTATUS-118sjres51.json
[2024-04-11T04:15:21.479+0000] {logging_mixin.py:188} INFO - Converted /opt/***/dags/data/bills/sjres/BILLSTATUS-118sjres44.xml to /opt/***/dags/data/bills/sjres/BILLSTATUS-118sjres44.json
[2024-04-11T04:15:21.492+0000] {logging_mixin.py:188} INFO - Converted /opt/***/dags/data/bills/sjres/BILLSTATUS-118sjres60.xml to /opt/***/dags/data/bills/sjres/BILLSTATUS-118sjres60.json
[2024-04-11T04:15:21.497+0000] {logging_mixin.py:188} INFO - Converted /opt/***/dags/data/bills/sjres/BILLSTATUS-118sjres62.xml to /opt/***/dags/data/bills/sjres/BILLSTATUS-118sjres62.json
[2024-04-11T04:15:21.524+0000] {logging_mixin.py:188} INFO - Converted /opt/***/dags/data/bills/sjres/BILLSTATUS-118sjres4.xml to /opt/***/dags/data/bills/sjres/BILLSTATUS-118sjres4.json
[2024-04-11T04:15:21.535+0000] {logging_mixin.py:188} INFO - Converted /opt/***/dags/data/bills/sjres/BILLSTATUS-118sjres10.xml to /opt/***/dags/data/bills/sjres/BILLSTATUS-118sjres10.json
[2024-04-11T04:15:21.541+0000] {logging_mixin.py:188} INFO - Converted /opt/***/dags/data/bills/sjres/BILLSTATUS-118sjres38.xml to /opt/***/dags/data/bills/sjres/BILLSTATUS-118sjres38.json
[2024-04-11T04:15:21.549+0000] {logging_mixin.py:188} INFO - Converted /opt/***/dags/data/bills/sjres/BILLSTATUS-118sjres11.xml to /opt/***/dags/data/bills/sjres/BILLSTATUS-118sjres11.json
[2024-04-11T04:15:21.554+0000] {python.py:202} INFO - Done. Returned value was: None
[2024-04-11T04:15:21.570+0000] {taskinstance.py:1149} INFO - Marking task as SUCCESS. dag_id=upload_congress_data, task_id=convert_bill_files, execution_date=20240411T041326, start_date=20240411T041455, end_date=20240411T041521
[2024-04-11T04:15:21.635+0000] {local_task_job_runner.py:234} INFO - Task exited with return code 0
[2024-04-11T04:15:21.672+0000] {taskinstance.py:3312} INFO - 2 downstream tasks scheduled from follow-on schedule check
