[2024-05-16T00:30:49.968+0000] {processor.py:161} INFO - Started process (PID=8489) to work on /opt/airflow/dags/upload_congress_data.py
[2024-05-16T00:30:49.974+0000] {processor.py:830} INFO - Processing file /opt/airflow/dags/upload_congress_data.py for tasks to queue
[2024-05-16T00:30:49.986+0000] {logging_mixin.py:188} INFO - [2024-05-16T00:30:49.985+0000] {dagbag.py:540} INFO - Filling up the DagBag from /opt/airflow/dags/upload_congress_data.py
[2024-05-16T00:30:50.102+0000] {logging_mixin.py:188} INFO - Bucket Name: congress_data_testproject-420401
[2024-05-16T00:30:50.123+0000] {processor.py:840} INFO - DAG(s) 'upload_congress_data' retrieved from /opt/airflow/dags/upload_congress_data.py
[2024-05-16T00:30:50.171+0000] {logging_mixin.py:188} INFO - [2024-05-16T00:30:50.170+0000] {dag.py:3047} INFO - Sync 1 DAGs
[2024-05-16T00:30:50.208+0000] {logging_mixin.py:188} INFO - [2024-05-16T00:30:50.208+0000] {dag.py:3834} INFO - Setting next_dagrun for upload_congress_data to None, run_after=None
[2024-05-16T00:30:50.245+0000] {processor.py:183} INFO - Processing /opt/airflow/dags/upload_congress_data.py took 0.293 seconds
[2024-05-16T01:49:59.025+0000] {processor.py:161} INFO - Started process (PID=8497) to work on /opt/airflow/dags/upload_congress_data.py
[2024-05-16T01:49:59.027+0000] {processor.py:830} INFO - Processing file /opt/airflow/dags/upload_congress_data.py for tasks to queue
[2024-05-16T01:49:59.034+0000] {logging_mixin.py:188} INFO - [2024-05-16T01:49:59.033+0000] {dagbag.py:540} INFO - Filling up the DagBag from /opt/airflow/dags/upload_congress_data.py
[2024-05-16T01:49:59.063+0000] {logging_mixin.py:188} INFO - Bucket Name: congress_data_testproject-420401
[2024-05-16T01:49:59.073+0000] {processor.py:840} INFO - DAG(s) 'upload_congress_data' retrieved from /opt/airflow/dags/upload_congress_data.py
[2024-05-16T01:49:59.089+0000] {logging_mixin.py:188} INFO - [2024-05-16T01:49:59.089+0000] {dag.py:3047} INFO - Sync 1 DAGs
[2024-05-16T01:49:59.102+0000] {logging_mixin.py:188} INFO - [2024-05-16T01:49:59.102+0000] {dag.py:3834} INFO - Setting next_dagrun for upload_congress_data to None, run_after=None
[2024-05-16T01:49:59.110+0000] {processor.py:183} INFO - Processing /opt/airflow/dags/upload_congress_data.py took 0.093 seconds
[2024-05-16T03:17:40.484+0000] {processor.py:161} INFO - Started process (PID=8505) to work on /opt/airflow/dags/upload_congress_data.py
[2024-05-16T03:17:40.486+0000] {processor.py:830} INFO - Processing file /opt/airflow/dags/upload_congress_data.py for tasks to queue
[2024-05-16T03:17:40.496+0000] {logging_mixin.py:188} INFO - [2024-05-16T03:17:40.494+0000] {dagbag.py:540} INFO - Filling up the DagBag from /opt/airflow/dags/upload_congress_data.py
[2024-05-16T03:17:40.579+0000] {logging_mixin.py:188} INFO - Bucket Name: congress_data_testproject-420401
[2024-05-16T03:17:40.592+0000] {processor.py:840} INFO - DAG(s) 'upload_congress_data' retrieved from /opt/airflow/dags/upload_congress_data.py
[2024-05-16T03:17:40.644+0000] {logging_mixin.py:188} INFO - [2024-05-16T03:17:40.643+0000] {dag.py:3047} INFO - Sync 1 DAGs
[2024-05-16T03:17:40.735+0000] {logging_mixin.py:188} INFO - [2024-05-16T03:17:40.734+0000] {dag.py:3834} INFO - Setting next_dagrun for upload_congress_data to None, run_after=None
[2024-05-16T03:17:40.765+0000] {processor.py:183} INFO - Processing /opt/airflow/dags/upload_congress_data.py took 0.286 seconds
[2024-05-16T04:18:47.658+0000] {processor.py:161} INFO - Started process (PID=8513) to work on /opt/airflow/dags/upload_congress_data.py
[2024-05-16T04:18:47.659+0000] {processor.py:830} INFO - Processing file /opt/airflow/dags/upload_congress_data.py for tasks to queue
[2024-05-16T04:18:47.661+0000] {logging_mixin.py:188} INFO - [2024-05-16T04:18:47.661+0000] {dagbag.py:540} INFO - Filling up the DagBag from /opt/airflow/dags/upload_congress_data.py
[2024-05-16T04:18:47.705+0000] {logging_mixin.py:188} INFO - Bucket Name: congress_data_testproject-420401
[2024-05-16T04:18:47.714+0000] {processor.py:840} INFO - DAG(s) 'upload_congress_data' retrieved from /opt/airflow/dags/upload_congress_data.py
[2024-05-16T04:18:47.731+0000] {logging_mixin.py:188} INFO - [2024-05-16T04:18:47.731+0000] {dag.py:3047} INFO - Sync 1 DAGs
[2024-05-16T04:18:47.743+0000] {logging_mixin.py:188} INFO - [2024-05-16T04:18:47.742+0000] {dag.py:3834} INFO - Setting next_dagrun for upload_congress_data to None, run_after=None
[2024-05-16T04:18:47.754+0000] {processor.py:183} INFO - Processing /opt/airflow/dags/upload_congress_data.py took 0.099 seconds
[2024-05-16T05:37:02.032+0000] {processor.py:161} INFO - Started process (PID=8521) to work on /opt/airflow/dags/upload_congress_data.py
[2024-05-16T05:37:02.033+0000] {processor.py:830} INFO - Processing file /opt/airflow/dags/upload_congress_data.py for tasks to queue
[2024-05-16T05:37:02.036+0000] {logging_mixin.py:188} INFO - [2024-05-16T05:37:02.035+0000] {dagbag.py:540} INFO - Filling up the DagBag from /opt/airflow/dags/upload_congress_data.py
[2024-05-16T05:37:02.068+0000] {logging_mixin.py:188} INFO - Bucket Name: congress_data_testproject-420401
[2024-05-16T05:37:02.082+0000] {processor.py:840} INFO - DAG(s) 'upload_congress_data' retrieved from /opt/airflow/dags/upload_congress_data.py
[2024-05-16T05:37:02.167+0000] {logging_mixin.py:188} INFO - [2024-05-16T05:37:02.166+0000] {dag.py:3047} INFO - Sync 1 DAGs
[2024-05-16T05:37:02.221+0000] {logging_mixin.py:188} INFO - [2024-05-16T05:37:02.221+0000] {dag.py:3834} INFO - Setting next_dagrun for upload_congress_data to None, run_after=None
[2024-05-16T05:37:02.275+0000] {processor.py:183} INFO - Processing /opt/airflow/dags/upload_congress_data.py took 0.247 seconds
[2024-05-16T06:20:45.984+0000] {processor.py:161} INFO - Started process (PID=8529) to work on /opt/airflow/dags/upload_congress_data.py
[2024-05-16T06:20:45.985+0000] {processor.py:830} INFO - Processing file /opt/airflow/dags/upload_congress_data.py for tasks to queue
[2024-05-16T06:20:45.988+0000] {logging_mixin.py:188} INFO - [2024-05-16T06:20:45.987+0000] {dagbag.py:540} INFO - Filling up the DagBag from /opt/airflow/dags/upload_congress_data.py
[2024-05-16T06:20:46.026+0000] {logging_mixin.py:188} INFO - Bucket Name: congress_data_testproject-420401
[2024-05-16T06:20:46.035+0000] {processor.py:840} INFO - DAG(s) 'upload_congress_data' retrieved from /opt/airflow/dags/upload_congress_data.py
[2024-05-16T06:20:46.054+0000] {logging_mixin.py:188} INFO - [2024-05-16T06:20:46.054+0000] {dag.py:3047} INFO - Sync 1 DAGs
[2024-05-16T06:20:46.069+0000] {logging_mixin.py:188} INFO - [2024-05-16T06:20:46.069+0000] {dag.py:3834} INFO - Setting next_dagrun for upload_congress_data to None, run_after=None
[2024-05-16T06:20:46.085+0000] {processor.py:183} INFO - Processing /opt/airflow/dags/upload_congress_data.py took 0.104 seconds
[2024-05-16T07:38:36.918+0000] {processor.py:161} INFO - Started process (PID=8537) to work on /opt/airflow/dags/upload_congress_data.py
[2024-05-16T07:38:36.920+0000] {processor.py:830} INFO - Processing file /opt/airflow/dags/upload_congress_data.py for tasks to queue
[2024-05-16T07:38:36.927+0000] {logging_mixin.py:188} INFO - [2024-05-16T07:38:36.926+0000] {dagbag.py:540} INFO - Filling up the DagBag from /opt/airflow/dags/upload_congress_data.py
[2024-05-16T07:38:36.974+0000] {logging_mixin.py:188} INFO - Bucket Name: congress_data_testproject-420401
[2024-05-16T07:38:36.984+0000] {processor.py:840} INFO - DAG(s) 'upload_congress_data' retrieved from /opt/airflow/dags/upload_congress_data.py
[2024-05-16T07:38:37.008+0000] {logging_mixin.py:188} INFO - [2024-05-16T07:38:37.008+0000] {dag.py:3047} INFO - Sync 1 DAGs
[2024-05-16T07:38:37.021+0000] {logging_mixin.py:188} INFO - [2024-05-16T07:38:37.020+0000] {dag.py:3834} INFO - Setting next_dagrun for upload_congress_data to None, run_after=None
[2024-05-16T07:38:37.034+0000] {processor.py:183} INFO - Processing /opt/airflow/dags/upload_congress_data.py took 0.121 seconds
[2024-05-16T08:53:06.672+0000] {processor.py:161} INFO - Started process (PID=8545) to work on /opt/airflow/dags/upload_congress_data.py
[2024-05-16T08:53:06.675+0000] {processor.py:830} INFO - Processing file /opt/airflow/dags/upload_congress_data.py for tasks to queue
[2024-05-16T08:53:06.681+0000] {logging_mixin.py:188} INFO - [2024-05-16T08:53:06.681+0000] {dagbag.py:540} INFO - Filling up the DagBag from /opt/airflow/dags/upload_congress_data.py
[2024-05-16T08:53:06.796+0000] {logging_mixin.py:188} INFO - Bucket Name: congress_data_testproject-420401
[2024-05-16T08:53:06.815+0000] {processor.py:840} INFO - DAG(s) 'upload_congress_data' retrieved from /opt/airflow/dags/upload_congress_data.py
[2024-05-16T08:53:06.880+0000] {logging_mixin.py:188} INFO - [2024-05-16T08:53:06.880+0000] {dag.py:3047} INFO - Sync 1 DAGs
[2024-05-16T08:53:06.934+0000] {logging_mixin.py:188} INFO - [2024-05-16T08:53:06.934+0000] {dag.py:3834} INFO - Setting next_dagrun for upload_congress_data to None, run_after=None
[2024-05-16T08:53:06.967+0000] {processor.py:183} INFO - Processing /opt/airflow/dags/upload_congress_data.py took 0.318 seconds
[2024-05-16T10:11:17.739+0000] {processor.py:161} INFO - Started process (PID=8553) to work on /opt/airflow/dags/upload_congress_data.py
[2024-05-16T10:11:17.741+0000] {processor.py:830} INFO - Processing file /opt/airflow/dags/upload_congress_data.py for tasks to queue
[2024-05-16T10:11:17.748+0000] {logging_mixin.py:188} INFO - [2024-05-16T10:11:17.746+0000] {dagbag.py:540} INFO - Filling up the DagBag from /opt/airflow/dags/upload_congress_data.py
[2024-05-16T10:11:17.858+0000] {logging_mixin.py:188} INFO - Bucket Name: congress_data_testproject-420401
[2024-05-16T10:11:17.876+0000] {processor.py:840} INFO - DAG(s) 'upload_congress_data' retrieved from /opt/airflow/dags/upload_congress_data.py
[2024-05-16T10:11:17.925+0000] {logging_mixin.py:188} INFO - [2024-05-16T10:11:17.925+0000] {dag.py:3047} INFO - Sync 1 DAGs
[2024-05-16T10:11:17.951+0000] {logging_mixin.py:188} INFO - [2024-05-16T10:11:17.951+0000] {dag.py:3834} INFO - Setting next_dagrun for upload_congress_data to None, run_after=None
[2024-05-16T10:11:17.963+0000] {processor.py:183} INFO - Processing /opt/airflow/dags/upload_congress_data.py took 0.230 seconds
[2024-05-16T11:50:23.053+0000] {processor.py:161} INFO - Started process (PID=8561) to work on /opt/airflow/dags/upload_congress_data.py
[2024-05-16T11:50:23.054+0000] {processor.py:830} INFO - Processing file /opt/airflow/dags/upload_congress_data.py for tasks to queue
[2024-05-16T11:50:23.056+0000] {logging_mixin.py:188} INFO - [2024-05-16T11:50:23.056+0000] {dagbag.py:540} INFO - Filling up the DagBag from /opt/airflow/dags/upload_congress_data.py
[2024-05-16T11:50:23.089+0000] {logging_mixin.py:188} INFO - Bucket Name: congress_data_testproject-420401
[2024-05-16T11:50:23.110+0000] {processor.py:840} INFO - DAG(s) 'upload_congress_data' retrieved from /opt/airflow/dags/upload_congress_data.py
[2024-05-16T11:50:23.132+0000] {logging_mixin.py:188} INFO - [2024-05-16T11:50:23.132+0000] {dag.py:3047} INFO - Sync 1 DAGs
[2024-05-16T11:50:23.145+0000] {logging_mixin.py:188} INFO - [2024-05-16T11:50:23.145+0000] {dag.py:3834} INFO - Setting next_dagrun for upload_congress_data to None, run_after=None
[2024-05-16T11:50:23.154+0000] {processor.py:183} INFO - Processing /opt/airflow/dags/upload_congress_data.py took 0.104 seconds
[2024-05-16T13:01:05.078+0000] {processor.py:161} INFO - Started process (PID=8569) to work on /opt/airflow/dags/upload_congress_data.py
[2024-05-16T13:01:05.081+0000] {processor.py:830} INFO - Processing file /opt/airflow/dags/upload_congress_data.py for tasks to queue
[2024-05-16T13:01:05.089+0000] {logging_mixin.py:188} INFO - [2024-05-16T13:01:05.087+0000] {dagbag.py:540} INFO - Filling up the DagBag from /opt/airflow/dags/upload_congress_data.py
[2024-05-16T13:01:05.183+0000] {logging_mixin.py:188} INFO - Bucket Name: congress_data_testproject-420401
[2024-05-16T13:01:05.199+0000] {processor.py:840} INFO - DAG(s) 'upload_congress_data' retrieved from /opt/airflow/dags/upload_congress_data.py
[2024-05-16T13:01:05.249+0000] {logging_mixin.py:188} INFO - [2024-05-16T13:01:05.249+0000] {dag.py:3047} INFO - Sync 1 DAGs
[2024-05-16T13:01:05.287+0000] {logging_mixin.py:188} INFO - [2024-05-16T13:01:05.286+0000] {dag.py:3834} INFO - Setting next_dagrun for upload_congress_data to None, run_after=None
[2024-05-16T13:01:05.328+0000] {processor.py:183} INFO - Processing /opt/airflow/dags/upload_congress_data.py took 0.272 seconds
[2024-05-16T14:15:01.779+0000] {processor.py:161} INFO - Started process (PID=8577) to work on /opt/airflow/dags/upload_congress_data.py
[2024-05-16T14:15:01.781+0000] {processor.py:830} INFO - Processing file /opt/airflow/dags/upload_congress_data.py for tasks to queue
[2024-05-16T14:15:01.791+0000] {logging_mixin.py:188} INFO - [2024-05-16T14:15:01.787+0000] {dagbag.py:540} INFO - Filling up the DagBag from /opt/airflow/dags/upload_congress_data.py
[2024-05-16T14:15:01.874+0000] {logging_mixin.py:188} INFO - Bucket Name: congress_data_testproject-420401
[2024-05-16T14:15:01.889+0000] {processor.py:840} INFO - DAG(s) 'upload_congress_data' retrieved from /opt/airflow/dags/upload_congress_data.py
[2024-05-16T14:15:01.935+0000] {logging_mixin.py:188} INFO - [2024-05-16T14:15:01.934+0000] {dag.py:3047} INFO - Sync 1 DAGs
[2024-05-16T14:15:01.965+0000] {logging_mixin.py:188} INFO - [2024-05-16T14:15:01.965+0000] {dag.py:3834} INFO - Setting next_dagrun for upload_congress_data to None, run_after=None
[2024-05-16T14:15:01.991+0000] {processor.py:183} INFO - Processing /opt/airflow/dags/upload_congress_data.py took 0.227 seconds
[2024-05-16T15:36:49.579+0000] {processor.py:161} INFO - Started process (PID=8585) to work on /opt/airflow/dags/upload_congress_data.py
[2024-05-16T15:36:49.587+0000] {processor.py:830} INFO - Processing file /opt/airflow/dags/upload_congress_data.py for tasks to queue
[2024-05-16T15:36:49.594+0000] {logging_mixin.py:188} INFO - [2024-05-16T15:36:49.593+0000] {dagbag.py:540} INFO - Filling up the DagBag from /opt/airflow/dags/upload_congress_data.py
[2024-05-16T15:36:49.680+0000] {logging_mixin.py:188} INFO - Bucket Name: congress_data_testproject-420401
[2024-05-16T15:36:49.696+0000] {processor.py:840} INFO - DAG(s) 'upload_congress_data' retrieved from /opt/airflow/dags/upload_congress_data.py
[2024-05-16T15:36:49.746+0000] {logging_mixin.py:188} INFO - [2024-05-16T15:36:49.746+0000] {dag.py:3047} INFO - Sync 1 DAGs
[2024-05-16T15:36:49.772+0000] {logging_mixin.py:188} INFO - [2024-05-16T15:36:49.772+0000] {dag.py:3834} INFO - Setting next_dagrun for upload_congress_data to None, run_after=None
[2024-05-16T15:36:49.805+0000] {processor.py:183} INFO - Processing /opt/airflow/dags/upload_congress_data.py took 0.241 seconds
[2024-05-16T16:52:18.497+0000] {processor.py:161} INFO - Started process (PID=8593) to work on /opt/airflow/dags/upload_congress_data.py
[2024-05-16T16:52:18.500+0000] {processor.py:830} INFO - Processing file /opt/airflow/dags/upload_congress_data.py for tasks to queue
[2024-05-16T16:52:18.512+0000] {logging_mixin.py:188} INFO - [2024-05-16T16:52:18.510+0000] {dagbag.py:540} INFO - Filling up the DagBag from /opt/airflow/dags/upload_congress_data.py
[2024-05-16T16:52:18.610+0000] {logging_mixin.py:188} INFO - Bucket Name: congress_data_testproject-420401
[2024-05-16T16:52:18.623+0000] {processor.py:840} INFO - DAG(s) 'upload_congress_data' retrieved from /opt/airflow/dags/upload_congress_data.py
[2024-05-16T16:52:18.645+0000] {logging_mixin.py:188} INFO - [2024-05-16T16:52:18.644+0000] {dag.py:3047} INFO - Sync 1 DAGs
[2024-05-16T16:52:18.665+0000] {logging_mixin.py:188} INFO - [2024-05-16T16:52:18.665+0000] {dag.py:3834} INFO - Setting next_dagrun for upload_congress_data to None, run_after=None
[2024-05-16T16:52:18.674+0000] {processor.py:183} INFO - Processing /opt/airflow/dags/upload_congress_data.py took 0.196 seconds
[2024-05-16T18:05:05.113+0000] {processor.py:161} INFO - Started process (PID=8601) to work on /opt/airflow/dags/upload_congress_data.py
[2024-05-16T18:05:05.115+0000] {processor.py:830} INFO - Processing file /opt/airflow/dags/upload_congress_data.py for tasks to queue
[2024-05-16T18:05:05.128+0000] {logging_mixin.py:188} INFO - [2024-05-16T18:05:05.127+0000] {dagbag.py:540} INFO - Filling up the DagBag from /opt/airflow/dags/upload_congress_data.py
[2024-05-16T18:05:05.209+0000] {logging_mixin.py:188} INFO - Bucket Name: congress_data_testproject-420401
[2024-05-16T18:05:05.236+0000] {processor.py:840} INFO - DAG(s) 'upload_congress_data' retrieved from /opt/airflow/dags/upload_congress_data.py
[2024-05-16T18:05:05.308+0000] {logging_mixin.py:188} INFO - [2024-05-16T18:05:05.308+0000] {dag.py:3047} INFO - Sync 1 DAGs
[2024-05-16T18:05:05.340+0000] {logging_mixin.py:188} INFO - [2024-05-16T18:05:05.340+0000] {dag.py:3834} INFO - Setting next_dagrun for upload_congress_data to None, run_after=None
[2024-05-16T18:05:05.366+0000] {processor.py:183} INFO - Processing /opt/airflow/dags/upload_congress_data.py took 0.262 seconds
[2024-05-16T19:06:06.083+0000] {processor.py:161} INFO - Started process (PID=8609) to work on /opt/airflow/dags/upload_congress_data.py
[2024-05-16T19:06:06.084+0000] {processor.py:830} INFO - Processing file /opt/airflow/dags/upload_congress_data.py for tasks to queue
[2024-05-16T19:06:06.087+0000] {logging_mixin.py:188} INFO - [2024-05-16T19:06:06.087+0000] {dagbag.py:540} INFO - Filling up the DagBag from /opt/airflow/dags/upload_congress_data.py
[2024-05-16T19:06:06.132+0000] {logging_mixin.py:188} INFO - Bucket Name: congress_data_testproject-420401
[2024-05-16T19:06:06.141+0000] {processor.py:840} INFO - DAG(s) 'upload_congress_data' retrieved from /opt/airflow/dags/upload_congress_data.py
[2024-05-16T19:06:06.158+0000] {logging_mixin.py:188} INFO - [2024-05-16T19:06:06.158+0000] {dag.py:3047} INFO - Sync 1 DAGs
[2024-05-16T19:06:06.171+0000] {logging_mixin.py:188} INFO - [2024-05-16T19:06:06.171+0000] {dag.py:3834} INFO - Setting next_dagrun for upload_congress_data to None, run_after=None
[2024-05-16T19:06:06.183+0000] {processor.py:183} INFO - Processing /opt/airflow/dags/upload_congress_data.py took 0.104 seconds
[2024-05-16T20:07:04.950+0000] {processor.py:161} INFO - Started process (PID=8617) to work on /opt/airflow/dags/upload_congress_data.py
[2024-05-16T20:07:04.953+0000] {processor.py:830} INFO - Processing file /opt/airflow/dags/upload_congress_data.py for tasks to queue
[2024-05-16T20:07:04.963+0000] {logging_mixin.py:188} INFO - [2024-05-16T20:07:04.961+0000] {dagbag.py:540} INFO - Filling up the DagBag from /opt/airflow/dags/upload_congress_data.py
[2024-05-16T20:07:05.035+0000] {logging_mixin.py:188} INFO - Bucket Name: congress_data_testproject-420401
[2024-05-16T20:07:05.049+0000] {processor.py:840} INFO - DAG(s) 'upload_congress_data' retrieved from /opt/airflow/dags/upload_congress_data.py
[2024-05-16T20:07:05.097+0000] {logging_mixin.py:188} INFO - [2024-05-16T20:07:05.096+0000] {dag.py:3047} INFO - Sync 1 DAGs
[2024-05-16T20:07:05.123+0000] {logging_mixin.py:188} INFO - [2024-05-16T20:07:05.122+0000] {dag.py:3834} INFO - Setting next_dagrun for upload_congress_data to None, run_after=None
[2024-05-16T20:07:05.139+0000] {processor.py:183} INFO - Processing /opt/airflow/dags/upload_congress_data.py took 0.196 seconds
[2024-05-16T21:23:08.978+0000] {processor.py:161} INFO - Started process (PID=8626) to work on /opt/airflow/dags/upload_congress_data.py
[2024-05-16T21:23:08.982+0000] {processor.py:830} INFO - Processing file /opt/airflow/dags/upload_congress_data.py for tasks to queue
[2024-05-16T21:23:08.988+0000] {logging_mixin.py:188} INFO - [2024-05-16T21:23:08.987+0000] {dagbag.py:540} INFO - Filling up the DagBag from /opt/airflow/dags/upload_congress_data.py
[2024-05-16T21:23:09.062+0000] {logging_mixin.py:188} INFO - Bucket Name: congress_data_testproject-420401
[2024-05-16T21:23:09.080+0000] {processor.py:840} INFO - DAG(s) 'upload_congress_data' retrieved from /opt/airflow/dags/upload_congress_data.py
[2024-05-16T21:23:09.129+0000] {logging_mixin.py:188} INFO - [2024-05-16T21:23:09.128+0000] {dag.py:3047} INFO - Sync 1 DAGs
[2024-05-16T21:23:09.169+0000] {logging_mixin.py:188} INFO - [2024-05-16T21:23:09.169+0000] {dag.py:3834} INFO - Setting next_dagrun for upload_congress_data to None, run_after=None
[2024-05-16T21:23:09.200+0000] {processor.py:183} INFO - Processing /opt/airflow/dags/upload_congress_data.py took 0.237 seconds
[2024-05-16T21:54:54.123+0000] {processor.py:161} INFO - Started process (PID=8634) to work on /opt/airflow/dags/upload_congress_data.py
[2024-05-16T21:54:54.124+0000] {processor.py:830} INFO - Processing file /opt/airflow/dags/upload_congress_data.py for tasks to queue
[2024-05-16T21:54:54.127+0000] {logging_mixin.py:188} INFO - [2024-05-16T21:54:54.127+0000] {dagbag.py:540} INFO - Filling up the DagBag from /opt/airflow/dags/upload_congress_data.py
[2024-05-16T21:54:54.172+0000] {logging_mixin.py:188} INFO - Bucket Name: congress_data_testproject-420401
[2024-05-16T21:54:54.182+0000] {processor.py:840} INFO - DAG(s) 'upload_congress_data' retrieved from /opt/airflow/dags/upload_congress_data.py
[2024-05-16T21:54:54.199+0000] {logging_mixin.py:188} INFO - [2024-05-16T21:54:54.199+0000] {dag.py:3047} INFO - Sync 1 DAGs
[2024-05-16T21:54:54.210+0000] {logging_mixin.py:188} INFO - [2024-05-16T21:54:54.210+0000] {dag.py:3834} INFO - Setting next_dagrun for upload_congress_data to None, run_after=None
[2024-05-16T21:54:54.221+0000] {processor.py:183} INFO - Processing /opt/airflow/dags/upload_congress_data.py took 0.101 seconds
[2024-05-16T22:09:06.227+0000] {processor.py:161} INFO - Started process (PID=8642) to work on /opt/airflow/dags/upload_congress_data.py
[2024-05-16T22:09:06.228+0000] {processor.py:830} INFO - Processing file /opt/airflow/dags/upload_congress_data.py for tasks to queue
[2024-05-16T22:09:06.232+0000] {logging_mixin.py:188} INFO - [2024-05-16T22:09:06.231+0000] {dagbag.py:540} INFO - Filling up the DagBag from /opt/airflow/dags/upload_congress_data.py
[2024-05-16T22:09:06.266+0000] {logging_mixin.py:188} INFO - Bucket Name: congress_data_testproject-420401
[2024-05-16T22:09:06.276+0000] {processor.py:840} INFO - DAG(s) 'upload_congress_data' retrieved from /opt/airflow/dags/upload_congress_data.py
[2024-05-16T22:09:06.300+0000] {logging_mixin.py:188} INFO - [2024-05-16T22:09:06.300+0000] {dag.py:3047} INFO - Sync 1 DAGs
[2024-05-16T22:09:06.324+0000] {logging_mixin.py:188} INFO - [2024-05-16T22:09:06.324+0000] {dag.py:3834} INFO - Setting next_dagrun for upload_congress_data to None, run_after=None
[2024-05-16T22:09:06.333+0000] {processor.py:183} INFO - Processing /opt/airflow/dags/upload_congress_data.py took 0.109 seconds
[2024-05-16T23:10:05.752+0000] {processor.py:161} INFO - Started process (PID=8650) to work on /opt/airflow/dags/upload_congress_data.py
[2024-05-16T23:10:05.755+0000] {processor.py:830} INFO - Processing file /opt/airflow/dags/upload_congress_data.py for tasks to queue
[2024-05-16T23:10:05.762+0000] {logging_mixin.py:188} INFO - [2024-05-16T23:10:05.761+0000] {dagbag.py:540} INFO - Filling up the DagBag from /opt/airflow/dags/upload_congress_data.py
[2024-05-16T23:10:05.828+0000] {logging_mixin.py:188} INFO - Bucket Name: congress_data_testproject-420401
[2024-05-16T23:10:05.856+0000] {processor.py:840} INFO - DAG(s) 'upload_congress_data' retrieved from /opt/airflow/dags/upload_congress_data.py
[2024-05-16T23:10:05.905+0000] {logging_mixin.py:188} INFO - [2024-05-16T23:10:05.905+0000] {dag.py:3047} INFO - Sync 1 DAGs
[2024-05-16T23:10:05.938+0000] {logging_mixin.py:188} INFO - [2024-05-16T23:10:05.938+0000] {dag.py:3834} INFO - Setting next_dagrun for upload_congress_data to None, run_after=None
[2024-05-16T23:10:05.964+0000] {processor.py:183} INFO - Processing /opt/airflow/dags/upload_congress_data.py took 0.220 seconds
[2024-05-16T23:43:10.167+0000] {processor.py:161} INFO - Started process (PID=8658) to work on /opt/airflow/dags/upload_congress_data.py
[2024-05-16T23:43:10.168+0000] {processor.py:830} INFO - Processing file /opt/airflow/dags/upload_congress_data.py for tasks to queue
[2024-05-16T23:43:10.171+0000] {logging_mixin.py:188} INFO - [2024-05-16T23:43:10.171+0000] {dagbag.py:540} INFO - Filling up the DagBag from /opt/airflow/dags/upload_congress_data.py
[2024-05-16T23:43:10.205+0000] {logging_mixin.py:188} INFO - Bucket Name: congress_data_testproject-420401
[2024-05-16T23:43:10.214+0000] {processor.py:840} INFO - DAG(s) 'upload_congress_data' retrieved from /opt/airflow/dags/upload_congress_data.py
[2024-05-16T23:43:10.232+0000] {logging_mixin.py:188} INFO - [2024-05-16T23:43:10.231+0000] {dag.py:3047} INFO - Sync 1 DAGs
[2024-05-16T23:43:10.243+0000] {logging_mixin.py:188} INFO - [2024-05-16T23:43:10.243+0000] {dag.py:3834} INFO - Setting next_dagrun for upload_congress_data to None, run_after=None
[2024-05-16T23:43:10.253+0000] {processor.py:183} INFO - Processing /opt/airflow/dags/upload_congress_data.py took 0.088 seconds
