[2024-05-25T00:11:12.099+0000] {processor.py:161} INFO - Started process (PID=10836) to work on /opt/airflow/dags/upload_congress_data.py
[2024-05-25T00:11:12.103+0000] {processor.py:830} INFO - Processing file /opt/airflow/dags/upload_congress_data.py for tasks to queue
[2024-05-25T00:11:12.112+0000] {logging_mixin.py:188} INFO - [2024-05-25T00:11:12.110+0000] {dagbag.py:540} INFO - Filling up the DagBag from /opt/airflow/dags/upload_congress_data.py
[2024-05-25T00:11:12.196+0000] {logging_mixin.py:188} INFO - Bucket Name: congress_data_testproject-420401
[2024-05-25T00:11:12.213+0000] {processor.py:840} INFO - DAG(s) 'upload_congress_data' retrieved from /opt/airflow/dags/upload_congress_data.py
[2024-05-25T00:11:12.233+0000] {logging_mixin.py:188} INFO - [2024-05-25T00:11:12.233+0000] {dag.py:3047} INFO - Sync 1 DAGs
[2024-05-25T00:11:12.246+0000] {logging_mixin.py:188} INFO - [2024-05-25T00:11:12.246+0000] {dag.py:3834} INFO - Setting next_dagrun for upload_congress_data to None, run_after=None
[2024-05-25T00:11:12.254+0000] {processor.py:183} INFO - Processing /opt/airflow/dags/upload_congress_data.py took 0.167 seconds
[2024-05-25T01:46:40.124+0000] {processor.py:161} INFO - Started process (PID=10844) to work on /opt/airflow/dags/upload_congress_data.py
[2024-05-25T01:46:40.126+0000] {processor.py:830} INFO - Processing file /opt/airflow/dags/upload_congress_data.py for tasks to queue
[2024-05-25T01:46:40.131+0000] {logging_mixin.py:188} INFO - [2024-05-25T01:46:40.130+0000] {dagbag.py:540} INFO - Filling up the DagBag from /opt/airflow/dags/upload_congress_data.py
[2024-05-25T01:46:40.182+0000] {logging_mixin.py:188} INFO - Bucket Name: congress_data_testproject-420401
[2024-05-25T01:46:40.195+0000] {processor.py:840} INFO - DAG(s) 'upload_congress_data' retrieved from /opt/airflow/dags/upload_congress_data.py
[2024-05-25T01:46:40.215+0000] {logging_mixin.py:188} INFO - [2024-05-25T01:46:40.215+0000] {dag.py:3047} INFO - Sync 1 DAGs
[2024-05-25T01:46:40.227+0000] {logging_mixin.py:188} INFO - [2024-05-25T01:46:40.227+0000] {dag.py:3834} INFO - Setting next_dagrun for upload_congress_data to None, run_after=None
[2024-05-25T01:46:40.239+0000] {processor.py:183} INFO - Processing /opt/airflow/dags/upload_congress_data.py took 0.120 seconds
[2024-05-25T02:13:25.896+0000] {processor.py:161} INFO - Started process (PID=10852) to work on /opt/airflow/dags/upload_congress_data.py
[2024-05-25T02:13:25.899+0000] {processor.py:830} INFO - Processing file /opt/airflow/dags/upload_congress_data.py for tasks to queue
[2024-05-25T02:13:25.903+0000] {logging_mixin.py:188} INFO - [2024-05-25T02:13:25.902+0000] {dagbag.py:540} INFO - Filling up the DagBag from /opt/airflow/dags/upload_congress_data.py
[2024-05-25T02:13:25.965+0000] {logging_mixin.py:188} INFO - Bucket Name: congress_data_testproject-420401
[2024-05-25T02:13:25.975+0000] {processor.py:840} INFO - DAG(s) 'upload_congress_data' retrieved from /opt/airflow/dags/upload_congress_data.py
[2024-05-25T02:13:25.994+0000] {logging_mixin.py:188} INFO - [2024-05-25T02:13:25.994+0000] {dag.py:3047} INFO - Sync 1 DAGs
[2024-05-25T02:13:26.019+0000] {logging_mixin.py:188} INFO - [2024-05-25T02:13:26.019+0000] {dag.py:3834} INFO - Setting next_dagrun for upload_congress_data to None, run_after=None
[2024-05-25T02:13:26.028+0000] {processor.py:183} INFO - Processing /opt/airflow/dags/upload_congress_data.py took 0.136 seconds
[2024-05-25T03:14:06.352+0000] {processor.py:161} INFO - Started process (PID=10860) to work on /opt/airflow/dags/upload_congress_data.py
[2024-05-25T03:14:06.354+0000] {processor.py:830} INFO - Processing file /opt/airflow/dags/upload_congress_data.py for tasks to queue
[2024-05-25T03:14:06.360+0000] {logging_mixin.py:188} INFO - [2024-05-25T03:14:06.358+0000] {dagbag.py:540} INFO - Filling up the DagBag from /opt/airflow/dags/upload_congress_data.py
[2024-05-25T03:14:06.438+0000] {logging_mixin.py:188} INFO - Bucket Name: congress_data_testproject-420401
[2024-05-25T03:14:06.460+0000] {processor.py:840} INFO - DAG(s) 'upload_congress_data' retrieved from /opt/airflow/dags/upload_congress_data.py
[2024-05-25T03:14:06.500+0000] {logging_mixin.py:188} INFO - [2024-05-25T03:14:06.499+0000] {dag.py:3047} INFO - Sync 1 DAGs
[2024-05-25T03:14:06.545+0000] {logging_mixin.py:188} INFO - [2024-05-25T03:14:06.545+0000] {dag.py:3834} INFO - Setting next_dagrun for upload_congress_data to None, run_after=None
[2024-05-25T03:14:06.589+0000] {processor.py:183} INFO - Processing /opt/airflow/dags/upload_congress_data.py took 0.243 seconds
[2024-05-25T04:10:53.153+0000] {processor.py:161} INFO - Started process (PID=10868) to work on /opt/airflow/dags/upload_congress_data.py
[2024-05-25T04:10:53.154+0000] {processor.py:830} INFO - Processing file /opt/airflow/dags/upload_congress_data.py for tasks to queue
[2024-05-25T04:10:53.158+0000] {logging_mixin.py:188} INFO - [2024-05-25T04:10:53.158+0000] {dagbag.py:540} INFO - Filling up the DagBag from /opt/airflow/dags/upload_congress_data.py
[2024-05-25T04:10:53.190+0000] {logging_mixin.py:188} INFO - Bucket Name: congress_data_testproject-420401
[2024-05-25T04:10:53.213+0000] {processor.py:840} INFO - DAG(s) 'upload_congress_data' retrieved from /opt/airflow/dags/upload_congress_data.py
[2024-05-25T04:10:53.276+0000] {logging_mixin.py:188} INFO - [2024-05-25T04:10:53.276+0000] {dag.py:3047} INFO - Sync 1 DAGs
[2024-05-25T04:10:53.292+0000] {logging_mixin.py:188} INFO - [2024-05-25T04:10:53.292+0000] {dag.py:3834} INFO - Setting next_dagrun for upload_congress_data to None, run_after=None
[2024-05-25T04:10:53.302+0000] {processor.py:183} INFO - Processing /opt/airflow/dags/upload_congress_data.py took 0.153 seconds
[2024-05-25T04:33:25.276+0000] {processor.py:161} INFO - Started process (PID=10876) to work on /opt/airflow/dags/upload_congress_data.py
[2024-05-25T04:33:25.282+0000] {processor.py:830} INFO - Processing file /opt/airflow/dags/upload_congress_data.py for tasks to queue
[2024-05-25T04:33:25.292+0000] {logging_mixin.py:188} INFO - [2024-05-25T04:33:25.291+0000] {dagbag.py:540} INFO - Filling up the DagBag from /opt/airflow/dags/upload_congress_data.py
[2024-05-25T04:33:25.380+0000] {logging_mixin.py:188} INFO - Bucket Name: congress_data_testproject-420401
[2024-05-25T04:33:25.413+0000] {processor.py:840} INFO - DAG(s) 'upload_congress_data' retrieved from /opt/airflow/dags/upload_congress_data.py
[2024-05-25T04:33:25.457+0000] {logging_mixin.py:188} INFO - [2024-05-25T04:33:25.457+0000] {dag.py:3047} INFO - Sync 1 DAGs
[2024-05-25T04:33:25.496+0000] {logging_mixin.py:188} INFO - [2024-05-25T04:33:25.495+0000] {dag.py:3834} INFO - Setting next_dagrun for upload_congress_data to None, run_after=None
[2024-05-25T04:33:25.523+0000] {processor.py:183} INFO - Processing /opt/airflow/dags/upload_congress_data.py took 0.269 seconds
[2024-05-25T06:04:55.402+0000] {processor.py:161} INFO - Started process (PID=10884) to work on /opt/airflow/dags/upload_congress_data.py
[2024-05-25T06:04:55.404+0000] {processor.py:830} INFO - Processing file /opt/airflow/dags/upload_congress_data.py for tasks to queue
[2024-05-25T06:04:55.413+0000] {logging_mixin.py:188} INFO - [2024-05-25T06:04:55.411+0000] {dagbag.py:540} INFO - Filling up the DagBag from /opt/airflow/dags/upload_congress_data.py
[2024-05-25T06:04:55.480+0000] {logging_mixin.py:188} INFO - Bucket Name: congress_data_testproject-420401
[2024-05-25T06:04:55.506+0000] {processor.py:840} INFO - DAG(s) 'upload_congress_data' retrieved from /opt/airflow/dags/upload_congress_data.py
[2024-05-25T06:04:55.565+0000] {logging_mixin.py:188} INFO - [2024-05-25T06:04:55.565+0000] {dag.py:3047} INFO - Sync 1 DAGs
[2024-05-25T06:04:55.597+0000] {logging_mixin.py:188} INFO - [2024-05-25T06:04:55.596+0000] {dag.py:3834} INFO - Setting next_dagrun for upload_congress_data to None, run_after=None
[2024-05-25T06:04:55.627+0000] {processor.py:183} INFO - Processing /opt/airflow/dags/upload_congress_data.py took 0.233 seconds
[2024-05-25T07:06:18.450+0000] {processor.py:161} INFO - Started process (PID=10892) to work on /opt/airflow/dags/upload_congress_data.py
[2024-05-25T07:06:18.451+0000] {processor.py:830} INFO - Processing file /opt/airflow/dags/upload_congress_data.py for tasks to queue
[2024-05-25T07:06:18.453+0000] {logging_mixin.py:188} INFO - [2024-05-25T07:06:18.453+0000] {dagbag.py:540} INFO - Filling up the DagBag from /opt/airflow/dags/upload_congress_data.py
[2024-05-25T07:06:18.486+0000] {logging_mixin.py:188} INFO - Bucket Name: congress_data_testproject-420401
[2024-05-25T07:06:18.495+0000] {processor.py:840} INFO - DAG(s) 'upload_congress_data' retrieved from /opt/airflow/dags/upload_congress_data.py
[2024-05-25T07:06:18.518+0000] {logging_mixin.py:188} INFO - [2024-05-25T07:06:18.517+0000] {dag.py:3047} INFO - Sync 1 DAGs
[2024-05-25T07:06:18.533+0000] {logging_mixin.py:188} INFO - [2024-05-25T07:06:18.533+0000] {dag.py:3834} INFO - Setting next_dagrun for upload_congress_data to None, run_after=None
[2024-05-25T07:06:18.541+0000] {processor.py:183} INFO - Processing /opt/airflow/dags/upload_congress_data.py took 0.095 seconds
[2024-05-25T08:19:08.481+0000] {processor.py:161} INFO - Started process (PID=10900) to work on /opt/airflow/dags/upload_congress_data.py
[2024-05-25T08:19:08.482+0000] {processor.py:830} INFO - Processing file /opt/airflow/dags/upload_congress_data.py for tasks to queue
[2024-05-25T08:19:08.488+0000] {logging_mixin.py:188} INFO - [2024-05-25T08:19:08.486+0000] {dagbag.py:540} INFO - Filling up the DagBag from /opt/airflow/dags/upload_congress_data.py
[2024-05-25T08:19:08.541+0000] {logging_mixin.py:188} INFO - Bucket Name: congress_data_testproject-420401
[2024-05-25T08:19:08.551+0000] {processor.py:840} INFO - DAG(s) 'upload_congress_data' retrieved from /opt/airflow/dags/upload_congress_data.py
[2024-05-25T08:19:08.582+0000] {logging_mixin.py:188} INFO - [2024-05-25T08:19:08.582+0000] {dag.py:3047} INFO - Sync 1 DAGs
[2024-05-25T08:19:08.596+0000] {logging_mixin.py:188} INFO - [2024-05-25T08:19:08.596+0000] {dag.py:3834} INFO - Setting next_dagrun for upload_congress_data to None, run_after=None
[2024-05-25T08:19:08.607+0000] {processor.py:183} INFO - Processing /opt/airflow/dags/upload_congress_data.py took 0.131 seconds
[2024-05-25T09:59:29.541+0000] {processor.py:161} INFO - Started process (PID=10908) to work on /opt/airflow/dags/upload_congress_data.py
[2024-05-25T09:59:29.544+0000] {processor.py:830} INFO - Processing file /opt/airflow/dags/upload_congress_data.py for tasks to queue
[2024-05-25T09:59:29.550+0000] {logging_mixin.py:188} INFO - [2024-05-25T09:59:29.549+0000] {dagbag.py:540} INFO - Filling up the DagBag from /opt/airflow/dags/upload_congress_data.py
[2024-05-25T09:59:29.638+0000] {logging_mixin.py:188} INFO - Bucket Name: congress_data_testproject-420401
[2024-05-25T09:59:29.652+0000] {processor.py:840} INFO - DAG(s) 'upload_congress_data' retrieved from /opt/airflow/dags/upload_congress_data.py
[2024-05-25T09:59:29.705+0000] {logging_mixin.py:188} INFO - [2024-05-25T09:59:29.705+0000] {dag.py:3047} INFO - Sync 1 DAGs
[2024-05-25T09:59:29.737+0000] {logging_mixin.py:188} INFO - [2024-05-25T09:59:29.737+0000] {dag.py:3834} INFO - Setting next_dagrun for upload_congress_data to None, run_after=None
[2024-05-25T09:59:29.763+0000] {processor.py:183} INFO - Processing /opt/airflow/dags/upload_congress_data.py took 0.232 seconds
[2024-05-25T11:53:06.027+0000] {processor.py:161} INFO - Started process (PID=10916) to work on /opt/airflow/dags/upload_congress_data.py
[2024-05-25T11:53:06.028+0000] {processor.py:830} INFO - Processing file /opt/airflow/dags/upload_congress_data.py for tasks to queue
[2024-05-25T11:53:06.035+0000] {logging_mixin.py:188} INFO - [2024-05-25T11:53:06.033+0000] {dagbag.py:540} INFO - Filling up the DagBag from /opt/airflow/dags/upload_congress_data.py
[2024-05-25T11:53:06.109+0000] {logging_mixin.py:188} INFO - Bucket Name: congress_data_testproject-420401
[2024-05-25T11:53:06.138+0000] {processor.py:840} INFO - DAG(s) 'upload_congress_data' retrieved from /opt/airflow/dags/upload_congress_data.py
[2024-05-25T11:53:06.182+0000] {logging_mixin.py:188} INFO - [2024-05-25T11:53:06.182+0000] {dag.py:3047} INFO - Sync 1 DAGs
[2024-05-25T11:53:06.223+0000] {logging_mixin.py:188} INFO - [2024-05-25T11:53:06.222+0000] {dag.py:3834} INFO - Setting next_dagrun for upload_congress_data to None, run_after=None
[2024-05-25T11:53:06.260+0000] {processor.py:183} INFO - Processing /opt/airflow/dags/upload_congress_data.py took 0.250 seconds
[2024-05-25T13:17:14.564+0000] {processor.py:161} INFO - Started process (PID=10924) to work on /opt/airflow/dags/upload_congress_data.py
[2024-05-25T13:17:14.566+0000] {processor.py:830} INFO - Processing file /opt/airflow/dags/upload_congress_data.py for tasks to queue
[2024-05-25T13:17:14.575+0000] {logging_mixin.py:188} INFO - [2024-05-25T13:17:14.573+0000] {dagbag.py:540} INFO - Filling up the DagBag from /opt/airflow/dags/upload_congress_data.py
[2024-05-25T13:17:14.646+0000] {logging_mixin.py:188} INFO - Bucket Name: congress_data_testproject-420401
[2024-05-25T13:17:14.665+0000] {processor.py:840} INFO - DAG(s) 'upload_congress_data' retrieved from /opt/airflow/dags/upload_congress_data.py
[2024-05-25T13:17:14.707+0000] {logging_mixin.py:188} INFO - [2024-05-25T13:17:14.706+0000] {dag.py:3047} INFO - Sync 1 DAGs
[2024-05-25T13:17:14.731+0000] {logging_mixin.py:188} INFO - [2024-05-25T13:17:14.731+0000] {dag.py:3834} INFO - Setting next_dagrun for upload_congress_data to None, run_after=None
[2024-05-25T13:17:14.759+0000] {processor.py:183} INFO - Processing /opt/airflow/dags/upload_congress_data.py took 0.211 seconds
[2024-05-25T14:39:14.649+0000] {processor.py:161} INFO - Started process (PID=10932) to work on /opt/airflow/dags/upload_congress_data.py
[2024-05-25T14:39:14.653+0000] {processor.py:830} INFO - Processing file /opt/airflow/dags/upload_congress_data.py for tasks to queue
[2024-05-25T14:39:14.660+0000] {logging_mixin.py:188} INFO - [2024-05-25T14:39:14.660+0000] {dagbag.py:540} INFO - Filling up the DagBag from /opt/airflow/dags/upload_congress_data.py
[2024-05-25T14:39:14.756+0000] {logging_mixin.py:188} INFO - Bucket Name: congress_data_testproject-420401
[2024-05-25T14:39:14.777+0000] {processor.py:840} INFO - DAG(s) 'upload_congress_data' retrieved from /opt/airflow/dags/upload_congress_data.py
[2024-05-25T14:39:14.822+0000] {logging_mixin.py:188} INFO - [2024-05-25T14:39:14.822+0000] {dag.py:3047} INFO - Sync 1 DAGs
[2024-05-25T14:39:14.874+0000] {logging_mixin.py:188} INFO - [2024-05-25T14:39:14.873+0000] {dag.py:3834} INFO - Setting next_dagrun for upload_congress_data to None, run_after=None
[2024-05-25T14:39:14.929+0000] {processor.py:183} INFO - Processing /opt/airflow/dags/upload_congress_data.py took 0.306 seconds
[2024-05-25T16:03:04.242+0000] {processor.py:161} INFO - Started process (PID=10940) to work on /opt/airflow/dags/upload_congress_data.py
[2024-05-25T16:03:04.243+0000] {processor.py:830} INFO - Processing file /opt/airflow/dags/upload_congress_data.py for tasks to queue
[2024-05-25T16:03:04.247+0000] {logging_mixin.py:188} INFO - [2024-05-25T16:03:04.246+0000] {dagbag.py:540} INFO - Filling up the DagBag from /opt/airflow/dags/upload_congress_data.py
[2024-05-25T16:03:04.309+0000] {logging_mixin.py:188} INFO - Bucket Name: congress_data_testproject-420401
[2024-05-25T16:03:04.324+0000] {processor.py:840} INFO - DAG(s) 'upload_congress_data' retrieved from /opt/airflow/dags/upload_congress_data.py
[2024-05-25T16:03:04.366+0000] {logging_mixin.py:188} INFO - [2024-05-25T16:03:04.365+0000] {dag.py:3047} INFO - Sync 1 DAGs
[2024-05-25T16:03:04.399+0000] {logging_mixin.py:188} INFO - [2024-05-25T16:03:04.399+0000] {dag.py:3834} INFO - Setting next_dagrun for upload_congress_data to None, run_after=None
[2024-05-25T16:03:04.432+0000] {processor.py:183} INFO - Processing /opt/airflow/dags/upload_congress_data.py took 0.193 seconds
[2024-05-25T16:54:17.777+0000] {processor.py:161} INFO - Started process (PID=10948) to work on /opt/airflow/dags/upload_congress_data.py
[2024-05-25T16:54:17.778+0000] {processor.py:830} INFO - Processing file /opt/airflow/dags/upload_congress_data.py for tasks to queue
[2024-05-25T16:54:17.782+0000] {logging_mixin.py:188} INFO - [2024-05-25T16:54:17.781+0000] {dagbag.py:540} INFO - Filling up the DagBag from /opt/airflow/dags/upload_congress_data.py
[2024-05-25T16:54:17.825+0000] {logging_mixin.py:188} INFO - Bucket Name: congress_data_testproject-420401
[2024-05-25T16:54:17.835+0000] {processor.py:840} INFO - DAG(s) 'upload_congress_data' retrieved from /opt/airflow/dags/upload_congress_data.py
[2024-05-25T16:54:17.853+0000] {logging_mixin.py:188} INFO - [2024-05-25T16:54:17.853+0000] {dag.py:3047} INFO - Sync 1 DAGs
[2024-05-25T16:54:17.864+0000] {logging_mixin.py:188} INFO - [2024-05-25T16:54:17.864+0000] {dag.py:3834} INFO - Setting next_dagrun for upload_congress_data to None, run_after=None
[2024-05-25T16:54:17.874+0000] {processor.py:183} INFO - Processing /opt/airflow/dags/upload_congress_data.py took 0.102 seconds
[2024-05-25T17:53:05.566+0000] {processor.py:161} INFO - Started process (PID=10956) to work on /opt/airflow/dags/upload_congress_data.py
[2024-05-25T17:53:05.567+0000] {processor.py:830} INFO - Processing file /opt/airflow/dags/upload_congress_data.py for tasks to queue
[2024-05-25T17:53:05.571+0000] {logging_mixin.py:188} INFO - [2024-05-25T17:53:05.570+0000] {dagbag.py:540} INFO - Filling up the DagBag from /opt/airflow/dags/upload_congress_data.py
[2024-05-25T17:53:05.620+0000] {logging_mixin.py:188} INFO - Bucket Name: congress_data_testproject-420401
[2024-05-25T17:53:05.632+0000] {processor.py:840} INFO - DAG(s) 'upload_congress_data' retrieved from /opt/airflow/dags/upload_congress_data.py
[2024-05-25T17:53:05.651+0000] {logging_mixin.py:188} INFO - [2024-05-25T17:53:05.651+0000] {dag.py:3047} INFO - Sync 1 DAGs
[2024-05-25T17:53:05.663+0000] {logging_mixin.py:188} INFO - [2024-05-25T17:53:05.663+0000] {dag.py:3834} INFO - Setting next_dagrun for upload_congress_data to None, run_after=None
[2024-05-25T17:53:05.673+0000] {processor.py:183} INFO - Processing /opt/airflow/dags/upload_congress_data.py took 0.111 seconds
[2024-05-25T18:57:23.931+0000] {processor.py:161} INFO - Started process (PID=10964) to work on /opt/airflow/dags/upload_congress_data.py
[2024-05-25T18:57:23.936+0000] {processor.py:830} INFO - Processing file /opt/airflow/dags/upload_congress_data.py for tasks to queue
[2024-05-25T18:57:23.946+0000] {logging_mixin.py:188} INFO - [2024-05-25T18:57:23.946+0000] {dagbag.py:540} INFO - Filling up the DagBag from /opt/airflow/dags/upload_congress_data.py
[2024-05-25T18:57:24.041+0000] {logging_mixin.py:188} INFO - Bucket Name: congress_data_testproject-420401
[2024-05-25T18:57:24.063+0000] {processor.py:840} INFO - DAG(s) 'upload_congress_data' retrieved from /opt/airflow/dags/upload_congress_data.py
[2024-05-25T18:57:24.118+0000] {logging_mixin.py:188} INFO - [2024-05-25T18:57:24.118+0000] {dag.py:3047} INFO - Sync 1 DAGs
[2024-05-25T18:57:24.164+0000] {logging_mixin.py:188} INFO - [2024-05-25T18:57:24.163+0000] {dag.py:3834} INFO - Setting next_dagrun for upload_congress_data to None, run_after=None
[2024-05-25T18:57:24.204+0000] {processor.py:183} INFO - Processing /opt/airflow/dags/upload_congress_data.py took 0.285 seconds
[2024-05-25T18:57:54.515+0000] {processor.py:161} INFO - Started process (PID=10972) to work on /opt/airflow/dags/upload_congress_data.py
[2024-05-25T18:57:54.517+0000] {processor.py:830} INFO - Processing file /opt/airflow/dags/upload_congress_data.py for tasks to queue
[2024-05-25T18:57:54.521+0000] {logging_mixin.py:188} INFO - [2024-05-25T18:57:54.520+0000] {dagbag.py:540} INFO - Filling up the DagBag from /opt/airflow/dags/upload_congress_data.py
[2024-05-25T18:57:54.571+0000] {logging_mixin.py:188} INFO - Bucket Name: congress_data_testproject-420401
[2024-05-25T18:57:54.604+0000] {processor.py:840} INFO - DAG(s) 'upload_congress_data' retrieved from /opt/airflow/dags/upload_congress_data.py
[2024-05-25T18:57:54.628+0000] {logging_mixin.py:188} INFO - [2024-05-25T18:57:54.628+0000] {dag.py:3047} INFO - Sync 1 DAGs
[2024-05-25T18:57:54.652+0000] {logging_mixin.py:188} INFO - [2024-05-25T18:57:54.652+0000] {dag.py:3834} INFO - Setting next_dagrun for upload_congress_data to None, run_after=None
[2024-05-25T18:57:54.662+0000] {processor.py:183} INFO - Processing /opt/airflow/dags/upload_congress_data.py took 0.163 seconds
[2024-05-25T20:22:18.764+0000] {processor.py:161} INFO - Started process (PID=10980) to work on /opt/airflow/dags/upload_congress_data.py
[2024-05-25T20:22:18.768+0000] {processor.py:830} INFO - Processing file /opt/airflow/dags/upload_congress_data.py for tasks to queue
[2024-05-25T20:22:18.776+0000] {logging_mixin.py:188} INFO - [2024-05-25T20:22:18.775+0000] {dagbag.py:540} INFO - Filling up the DagBag from /opt/airflow/dags/upload_congress_data.py
[2024-05-25T20:22:18.853+0000] {logging_mixin.py:188} INFO - Bucket Name: congress_data_testproject-420401
[2024-05-25T20:22:18.881+0000] {processor.py:840} INFO - DAG(s) 'upload_congress_data' retrieved from /opt/airflow/dags/upload_congress_data.py
[2024-05-25T20:22:18.917+0000] {logging_mixin.py:188} INFO - [2024-05-25T20:22:18.916+0000] {dag.py:3047} INFO - Sync 1 DAGs
[2024-05-25T20:22:18.945+0000] {logging_mixin.py:188} INFO - [2024-05-25T20:22:18.945+0000] {dag.py:3834} INFO - Setting next_dagrun for upload_congress_data to None, run_after=None
[2024-05-25T20:22:18.970+0000] {processor.py:183} INFO - Processing /opt/airflow/dags/upload_congress_data.py took 0.218 seconds
[2024-05-25T21:07:05.659+0000] {processor.py:161} INFO - Started process (PID=10988) to work on /opt/airflow/dags/upload_congress_data.py
[2024-05-25T21:07:05.661+0000] {processor.py:830} INFO - Processing file /opt/airflow/dags/upload_congress_data.py for tasks to queue
[2024-05-25T21:07:05.670+0000] {logging_mixin.py:188} INFO - [2024-05-25T21:07:05.668+0000] {dagbag.py:540} INFO - Filling up the DagBag from /opt/airflow/dags/upload_congress_data.py
[2024-05-25T21:07:05.836+0000] {logging_mixin.py:188} INFO - Bucket Name: congress_data_testproject-420401
[2024-05-25T21:07:05.877+0000] {processor.py:840} INFO - DAG(s) 'upload_congress_data' retrieved from /opt/airflow/dags/upload_congress_data.py
[2024-05-25T21:07:05.950+0000] {logging_mixin.py:188} INFO - [2024-05-25T21:07:05.950+0000] {dag.py:3047} INFO - Sync 1 DAGs
[2024-05-25T21:07:06.102+0000] {logging_mixin.py:188} INFO - [2024-05-25T21:07:06.102+0000] {dag.py:3834} INFO - Setting next_dagrun for upload_congress_data to None, run_after=None
[2024-05-25T21:07:06.167+0000] {processor.py:183} INFO - Processing /opt/airflow/dags/upload_congress_data.py took 0.518 seconds
[2024-05-25T22:08:07.910+0000] {processor.py:161} INFO - Started process (PID=10996) to work on /opt/airflow/dags/upload_congress_data.py
[2024-05-25T22:08:07.911+0000] {processor.py:830} INFO - Processing file /opt/airflow/dags/upload_congress_data.py for tasks to queue
[2024-05-25T22:08:07.916+0000] {logging_mixin.py:188} INFO - [2024-05-25T22:08:07.915+0000] {dagbag.py:540} INFO - Filling up the DagBag from /opt/airflow/dags/upload_congress_data.py
[2024-05-25T22:08:07.963+0000] {logging_mixin.py:188} INFO - Bucket Name: congress_data_testproject-420401
[2024-05-25T22:08:07.975+0000] {processor.py:840} INFO - DAG(s) 'upload_congress_data' retrieved from /opt/airflow/dags/upload_congress_data.py
[2024-05-25T22:08:08.003+0000] {logging_mixin.py:188} INFO - [2024-05-25T22:08:08.003+0000] {dag.py:3047} INFO - Sync 1 DAGs
[2024-05-25T22:08:08.020+0000] {logging_mixin.py:188} INFO - [2024-05-25T22:08:08.020+0000] {dag.py:3834} INFO - Setting next_dagrun for upload_congress_data to None, run_after=None
[2024-05-25T22:08:08.030+0000] {processor.py:183} INFO - Processing /opt/airflow/dags/upload_congress_data.py took 0.126 seconds
[2024-05-25T22:57:46.657+0000] {processor.py:161} INFO - Started process (PID=11004) to work on /opt/airflow/dags/upload_congress_data.py
[2024-05-25T22:57:46.658+0000] {processor.py:830} INFO - Processing file /opt/airflow/dags/upload_congress_data.py for tasks to queue
[2024-05-25T22:57:46.661+0000] {logging_mixin.py:188} INFO - [2024-05-25T22:57:46.660+0000] {dagbag.py:540} INFO - Filling up the DagBag from /opt/airflow/dags/upload_congress_data.py
[2024-05-25T22:57:46.689+0000] {logging_mixin.py:188} INFO - Bucket Name: congress_data_testproject-420401
[2024-05-25T22:57:46.698+0000] {processor.py:840} INFO - DAG(s) 'upload_congress_data' retrieved from /opt/airflow/dags/upload_congress_data.py
[2024-05-25T22:57:46.720+0000] {logging_mixin.py:188} INFO - [2024-05-25T22:57:46.720+0000] {dag.py:3047} INFO - Sync 1 DAGs
[2024-05-25T22:57:46.732+0000] {logging_mixin.py:188} INFO - [2024-05-25T22:57:46.732+0000] {dag.py:3834} INFO - Setting next_dagrun for upload_congress_data to None, run_after=None
[2024-05-25T22:57:46.742+0000] {processor.py:183} INFO - Processing /opt/airflow/dags/upload_congress_data.py took 0.088 seconds
[2024-05-25T23:25:10.355+0000] {processor.py:161} INFO - Started process (PID=11012) to work on /opt/airflow/dags/upload_congress_data.py
[2024-05-25T23:25:10.357+0000] {processor.py:830} INFO - Processing file /opt/airflow/dags/upload_congress_data.py for tasks to queue
[2024-05-25T23:25:10.360+0000] {logging_mixin.py:188} INFO - [2024-05-25T23:25:10.360+0000] {dagbag.py:540} INFO - Filling up the DagBag from /opt/airflow/dags/upload_congress_data.py
[2024-05-25T23:25:10.392+0000] {logging_mixin.py:188} INFO - Bucket Name: congress_data_testproject-420401
[2024-05-25T23:25:10.401+0000] {processor.py:840} INFO - DAG(s) 'upload_congress_data' retrieved from /opt/airflow/dags/upload_congress_data.py
[2024-05-25T23:25:10.418+0000] {logging_mixin.py:188} INFO - [2024-05-25T23:25:10.418+0000] {dag.py:3047} INFO - Sync 1 DAGs
[2024-05-25T23:25:10.436+0000] {logging_mixin.py:188} INFO - [2024-05-25T23:25:10.436+0000] {dag.py:3834} INFO - Setting next_dagrun for upload_congress_data to None, run_after=None
[2024-05-25T23:25:10.446+0000] {processor.py:183} INFO - Processing /opt/airflow/dags/upload_congress_data.py took 0.094 seconds
