[2024-04-10T04:45:17.435+0000] {taskinstance.py:1979} INFO - Dependencies all met for dep_context=non-requeueable deps ti=<TaskInstance: upload_congress_data.convert_bill_files manual__2024-04-10T04:27:13.993045+00:00 [queued]>
[2024-04-10T04:45:17.443+0000] {taskinstance.py:1979} INFO - Dependencies all met for dep_context=requeueable deps ti=<TaskInstance: upload_congress_data.convert_bill_files manual__2024-04-10T04:27:13.993045+00:00 [queued]>
[2024-04-10T04:45:17.444+0000] {taskinstance.py:2193} INFO - Starting attempt 1 of 1
[2024-04-10T04:45:17.454+0000] {taskinstance.py:2217} INFO - Executing <Task(PythonOperator): convert_bill_files> on 2024-04-10 04:27:13.993045+00:00
[2024-04-10T04:45:17.471+0000] {standard_task_runner.py:60} INFO - Started process 398 to run task
[2024-04-10T04:45:17.475+0000] {standard_task_runner.py:87} INFO - Running: ['***', 'tasks', 'run', 'upload_congress_data', 'convert_bill_files', 'manual__2024-04-10T04:27:13.993045+00:00', '--job-id', '14', '--raw', '--subdir', 'DAGS_FOLDER/upload_congress_data.py', '--cfg-path', '/tmp/tmp4k8z5qgt']
[2024-04-10T04:45:17.479+0000] {standard_task_runner.py:88} INFO - Job 14: Subtask convert_bill_files
[2024-04-10T04:45:17.540+0000] {task_command.py:423} INFO - Running <TaskInstance: upload_congress_data.convert_bill_files manual__2024-04-10T04:27:13.993045+00:00 [running]> on host 82ce950841ce
[2024-04-10T04:45:17.649+0000] {taskinstance.py:2513} INFO - Exporting env vars: AIRFLOW_CTX_DAG_OWNER='***' AIRFLOW_CTX_DAG_ID='upload_congress_data' AIRFLOW_CTX_TASK_ID='convert_bill_files' AIRFLOW_CTX_EXECUTION_DATE='2024-04-10T04:27:13.993045+00:00' AIRFLOW_CTX_TRY_NUMBER='1' AIRFLOW_CTX_DAG_RUN_ID='manual__2024-04-10T04:27:13.993045+00:00'
[2024-04-10T04:45:17.728+0000] {logging_mixin.py:188} INFO - Converted /opt/***/dags/data/hjres/BILLSTATUS-118hjres39.xml to /opt/***/dags/data/hjres/BILLSTATUS-118hjres39.json
[2024-04-10T04:45:17.743+0000] {logging_mixin.py:188} INFO - Converted /opt/***/dags/data/hjres/BILLSTATUS-118hjres7.xml to /opt/***/dags/data/hjres/BILLSTATUS-118hjres7.json
[2024-04-10T04:45:17.796+0000] {logging_mixin.py:188} INFO - Converted /opt/***/dags/data/hjres/BILLSTATUS-118hjres88.xml to /opt/***/dags/data/hjres/BILLSTATUS-118hjres88.json
[2024-04-10T04:45:17.829+0000] {logging_mixin.py:188} INFO - Converted /opt/***/dags/data/hjres/BILLSTATUS-118hjres74.xml to /opt/***/dags/data/hjres/BILLSTATUS-118hjres74.json
[2024-04-10T04:45:17.837+0000] {logging_mixin.py:188} INFO - Converted /opt/***/dags/data/hjres/BILLSTATUS-118hjres70.xml to /opt/***/dags/data/hjres/BILLSTATUS-118hjres70.json
[2024-04-10T04:45:17.847+0000] {logging_mixin.py:188} INFO - Converted /opt/***/dags/data/hjres/BILLSTATUS-118hjres71.xml to /opt/***/dags/data/hjres/BILLSTATUS-118hjres71.json
[2024-04-10T04:45:17.869+0000] {logging_mixin.py:188} INFO - Converted /opt/***/dags/data/hjres/BILLSTATUS-118hjres98.xml to /opt/***/dags/data/hjres/BILLSTATUS-118hjres98.json
[2024-04-10T04:45:17.899+0000] {logging_mixin.py:188} INFO - Converted /opt/***/dags/data/hjres/BILLSTATUS-118hjres42.xml to /opt/***/dags/data/hjres/BILLSTATUS-118hjres42.json
[2024-04-10T04:45:17.916+0000] {logging_mixin.py:188} INFO - Converted /opt/***/dags/data/hjres/BILLSTATUS-118hjres68.xml to /opt/***/dags/data/hjres/BILLSTATUS-118hjres68.json
[2024-04-10T04:45:17.934+0000] {logging_mixin.py:188} INFO - Converted /opt/***/dags/data/hjres/BILLSTATUS-118hjres79.xml to /opt/***/dags/data/hjres/BILLSTATUS-118hjres79.json
[2024-04-10T04:45:17.947+0000] {logging_mixin.py:188} INFO - Converted /opt/***/dags/data/hjres/BILLSTATUS-118hjres45.xml to /opt/***/dags/data/hjres/BILLSTATUS-118hjres45.json
[2024-04-10T04:45:17.978+0000] {logging_mixin.py:188} INFO - Converted /opt/***/dags/data/hjres/BILLSTATUS-118hjres44.xml to /opt/***/dags/data/hjres/BILLSTATUS-118hjres44.json
[2024-04-10T04:45:18.109+0000] {logging_mixin.py:188} INFO - Converted /opt/***/dags/data/hjres/BILLSTATUS-118hjres26.xml to /opt/***/dags/data/hjres/BILLSTATUS-118hjres26.json
[2024-04-10T04:45:18.133+0000] {logging_mixin.py:188} INFO - Converted /opt/***/dags/data/hjres/BILLSTATUS-118hjres27.xml to /opt/***/dags/data/hjres/BILLSTATUS-118hjres27.json
[2024-04-10T04:45:18.161+0000] {logging_mixin.py:188} INFO - Converted /opt/***/dags/data/hjres/BILLSTATUS-118hjres30.xml to /opt/***/dags/data/hjres/BILLSTATUS-118hjres30.json
[2024-04-10T04:45:18.171+0000] {logging_mixin.py:188} INFO - Converted /opt/***/dags/data/hjres/BILLSTATUS-118hjres24.xml to /opt/***/dags/data/hjres/BILLSTATUS-118hjres24.json
[2024-04-10T04:45:18.353+0000] {logging_mixin.py:188} INFO - Converted /opt/***/dags/data/hconres/BILLSTATUS-118hconres9.xml to /opt/***/dags/data/hconres/BILLSTATUS-118hconres9.json
[2024-04-10T04:45:18.389+0000] {logging_mixin.py:188} INFO - Converted /opt/***/dags/data/hconres/BILLSTATUS-118hconres3.xml to /opt/***/dags/data/hconres/BILLSTATUS-118hconres3.json
[2024-04-10T04:45:18.399+0000] {logging_mixin.py:188} INFO - Converted /opt/***/dags/data/hconres/BILLSTATUS-118hconres25.xml to /opt/***/dags/data/hconres/BILLSTATUS-118hconres25.json
[2024-04-10T04:45:18.411+0000] {logging_mixin.py:188} INFO - Converted /opt/***/dags/data/hconres/BILLSTATUS-118hconres30.xml to /opt/***/dags/data/hconres/BILLSTATUS-118hconres30.json
[2024-04-10T04:45:18.427+0000] {logging_mixin.py:188} INFO - Converted /opt/***/dags/data/hconres/BILLSTATUS-118hconres21.xml to /opt/***/dags/data/hconres/BILLSTATUS-118hconres21.json
[2024-04-10T04:45:18.436+0000] {logging_mixin.py:188} INFO - Converted /opt/***/dags/data/hconres/BILLSTATUS-118hconres7.xml to /opt/***/dags/data/hconres/BILLSTATUS-118hconres7.json
[2024-04-10T04:45:18.447+0000] {logging_mixin.py:188} INFO - Converted /opt/***/dags/data/hconres/BILLSTATUS-118hconres86.xml to /opt/***/dags/data/hconres/BILLSTATUS-118hconres86.json
[2024-04-10T04:45:18.483+0000] {logging_mixin.py:188} INFO - Converted /opt/***/dags/data/hconres/BILLSTATUS-118hconres57.xml to /opt/***/dags/data/hconres/BILLSTATUS-118hconres57.json
[2024-04-10T04:45:18.510+0000] {logging_mixin.py:188} INFO - Converted /opt/***/dags/data/hconres/BILLSTATUS-118hconres40.xml to /opt/***/dags/data/hconres/BILLSTATUS-118hconres40.json
[2024-04-10T04:45:18.761+0000] {logging_mixin.py:188} INFO - Converted /opt/***/dags/data/s/BILLSTATUS-118s3250.xml to /opt/***/dags/data/s/BILLSTATUS-118s3250.json
[2024-04-10T04:45:21.624+0000] {logging_mixin.py:188} INFO - Converted /opt/***/dags/data/s/BILLSTATUS-118s788.xml to /opt/***/dags/data/s/BILLSTATUS-118s788.json
[2024-04-10T04:45:23.918+0000] {logging_mixin.py:188} INFO - Converted /opt/***/dags/data/s/BILLSTATUS-118s316.xml to /opt/***/dags/data/s/BILLSTATUS-118s316.json
[2024-04-10T04:45:24.921+0000] {logging_mixin.py:188} INFO - Converted /opt/***/dags/data/s/BILLSTATUS-118s3427.xml to /opt/***/dags/data/s/BILLSTATUS-118s3427.json
[2024-04-10T04:45:25.057+0000] {logging_mixin.py:188} INFO - Converted /opt/***/dags/data/s/BILLSTATUS-118s475.xml to /opt/***/dags/data/s/BILLSTATUS-118s475.json
[2024-04-10T04:45:25.197+0000] {logging_mixin.py:188} INFO - Converted /opt/***/dags/data/s/BILLSTATUS-118s111.xml to /opt/***/dags/data/s/BILLSTATUS-118s111.json
[2024-04-10T04:45:25.787+0000] {logging_mixin.py:188} INFO - Converted /opt/***/dags/data/s/BILLSTATUS-118s112.xml to /opt/***/dags/data/s/BILLSTATUS-118s112.json
[2024-04-10T04:45:27.683+0000] {logging_mixin.py:188} INFO - Converted /opt/***/dags/data/s/BILLSTATUS-118s326.xml to /opt/***/dags/data/s/BILLSTATUS-118s326.json
[2024-04-10T04:45:27.920+0000] {logging_mixin.py:188} INFO - Converted /opt/***/dags/data/s/BILLSTATUS-118s870.xml to /opt/***/dags/data/s/BILLSTATUS-118s870.json
[2024-04-10T04:45:33.351+0000] {logging_mixin.py:188} INFO - Converted /opt/***/dags/data/s/BILLSTATUS-118s3853.xml to /opt/***/dags/data/s/BILLSTATUS-118s3853.json
[2024-04-10T04:45:34.175+0000] {logging_mixin.py:188} INFO - Converted /opt/***/dags/data/s/BILLSTATUS-118s2226.xml to /opt/***/dags/data/s/BILLSTATUS-118s2226.json
[2024-04-10T04:45:34.637+0000] {logging_mixin.py:188} INFO - Converted /opt/***/dags/data/s/BILLSTATUS-118s619.xml to /opt/***/dags/data/s/BILLSTATUS-118s619.json
[2024-04-10T04:45:39.825+0000] {logging_mixin.py:188} INFO - Converted /opt/***/dags/data/sres/BILLSTATUS-118sres13.xml to /opt/***/dags/data/sres/BILLSTATUS-118sres13.json
[2024-04-10T04:45:40.458+0000] {logging_mixin.py:188} INFO - Converted /opt/***/dags/data/sres/BILLSTATUS-118sres417.xml to /opt/***/dags/data/sres/BILLSTATUS-118sres417.json
[2024-04-10T04:45:41.082+0000] {logging_mixin.py:188} INFO - Converted /opt/***/dags/data/sres/BILLSTATUS-118sres21.xml to /opt/***/dags/data/sres/BILLSTATUS-118sres21.json
[2024-04-10T04:45:42.053+0000] {logging_mixin.py:188} INFO - Converted /opt/***/dags/data/sres/BILLSTATUS-118sres504.xml to /opt/***/dags/data/sres/BILLSTATUS-118sres504.json
[2024-04-10T04:45:42.452+0000] {logging_mixin.py:188} INFO - Converted /opt/***/dags/data/hr/BILLSTATUS-118hr2766.xml to /opt/***/dags/data/hr/BILLSTATUS-118hr2766.json
[2024-04-10T04:45:42.514+0000] {logging_mixin.py:188} INFO - Converted /opt/***/dags/data/hr/BILLSTATUS-118hr2799.xml to /opt/***/dags/data/hr/BILLSTATUS-118hr2799.json
[2024-04-10T04:45:42.585+0000] {logging_mixin.py:188} INFO - Converted /opt/***/dags/data/hr/BILLSTATUS-118hr7024.xml to /opt/***/dags/data/hr/BILLSTATUS-118hr7024.json
[2024-04-10T04:45:43.151+0000] {logging_mixin.py:188} INFO - Converted /opt/***/dags/data/hr/BILLSTATUS-118hr2.xml to /opt/***/dags/data/hr/BILLSTATUS-118hr2.json
[2024-04-10T04:45:43.202+0000] {logging_mixin.py:188} INFO - Converted /opt/***/dags/data/hr/BILLSTATUS-118hr542.xml to /opt/***/dags/data/hr/BILLSTATUS-118hr542.json
[2024-04-10T04:45:43.472+0000] {logging_mixin.py:188} INFO - Converted /opt/***/dags/data/hr/BILLSTATUS-118hr185.xml to /opt/***/dags/data/hr/BILLSTATUS-118hr185.json
[2024-04-10T04:45:43.481+0000] {logging_mixin.py:188} INFO - Converted /opt/***/dags/data/hr/BILLSTATUS-118hr5961.xml to /opt/***/dags/data/hr/BILLSTATUS-118hr5961.json
[2024-04-10T04:45:43.513+0000] {logging_mixin.py:188} INFO - Converted /opt/***/dags/data/hr/BILLSTATUS-118hr813.xml to /opt/***/dags/data/hr/BILLSTATUS-118hr813.json
[2024-04-10T04:45:43.540+0000] {logging_mixin.py:188} INFO - Converted /opt/***/dags/data/hr/BILLSTATUS-118hr4470.xml to /opt/***/dags/data/hr/BILLSTATUS-118hr4470.json
[2024-04-10T04:45:43.639+0000] {logging_mixin.py:188} INFO - Converted /opt/***/dags/data/hr/BILLSTATUS-118hr6918.xml to /opt/***/dags/data/hr/BILLSTATUS-118hr6918.json
[2024-04-10T04:45:43.667+0000] {logging_mixin.py:188} INFO - Converted /opt/***/dags/data/hr/BILLSTATUS-118hr1093.xml to /opt/***/dags/data/hr/BILLSTATUS-118hr1093.json
[2024-04-10T04:45:43.689+0000] {logging_mixin.py:188} INFO - Converted /opt/***/dags/data/hr/BILLSTATUS-118hr3848.xml to /opt/***/dags/data/hr/BILLSTATUS-118hr3848.json
[2024-04-10T04:45:43.803+0000] {logging_mixin.py:188} INFO - Converted /opt/***/dags/data/hr/BILLSTATUS-118hr1734.xml to /opt/***/dags/data/hr/BILLSTATUS-118hr1734.json
[2024-04-10T04:45:43.892+0000] {logging_mixin.py:188} INFO - Converted /opt/***/dags/data/hr/BILLSTATUS-118hr346.xml to /opt/***/dags/data/hr/BILLSTATUS-118hr346.json
[2024-04-10T04:45:43.941+0000] {logging_mixin.py:188} INFO - Converted /opt/***/dags/data/hr/BILLSTATUS-118hr4664.xml to /opt/***/dags/data/hr/BILLSTATUS-118hr4664.json
[2024-04-10T04:45:43.983+0000] {logging_mixin.py:188} INFO - Converted /opt/***/dags/data/hr/BILLSTATUS-118hr5585.xml to /opt/***/dags/data/hr/BILLSTATUS-118hr5585.json
[2024-04-10T04:45:44.126+0000] {logging_mixin.py:188} INFO - Converted /opt/***/dags/data/hr/BILLSTATUS-118hr6503.xml to /opt/***/dags/data/hr/BILLSTATUS-118hr6503.json
[2024-04-10T04:45:44.231+0000] {logging_mixin.py:188} INFO - Converted /opt/***/dags/data/hr/BILLSTATUS-118hr839.xml to /opt/***/dags/data/hr/BILLSTATUS-118hr839.json
[2024-04-10T04:45:44.441+0000] {logging_mixin.py:188} INFO - Converted /opt/***/dags/data/hr/BILLSTATUS-118hr1640.xml to /opt/***/dags/data/hr/BILLSTATUS-118hr1640.json
[2024-04-10T04:45:44.570+0000] {logging_mixin.py:188} INFO - Converted /opt/***/dags/data/hr/BILLSTATUS-118hr1.xml to /opt/***/dags/data/hr/BILLSTATUS-118hr1.json
[2024-04-10T04:45:44.614+0000] {logging_mixin.py:188} INFO - Converted /opt/***/dags/data/hr/BILLSTATUS-118hr1669.xml to /opt/***/dags/data/hr/BILLSTATUS-118hr1669.json
[2024-04-10T04:45:45.101+0000] {logging_mixin.py:188} INFO - Converted /opt/***/dags/data/hr/BILLSTATUS-118hr4665.xml to /opt/***/dags/data/hr/BILLSTATUS-118hr4665.json
[2024-04-10T04:45:45.134+0000] {logging_mixin.py:188} INFO - Converted /opt/***/dags/data/hr/BILLSTATUS-118hr347.xml to /opt/***/dags/data/hr/BILLSTATUS-118hr347.json
[2024-04-10T04:45:45.225+0000] {logging_mixin.py:188} INFO - Converted /opt/***/dags/data/hr/BILLSTATUS-118hr357.xml to /opt/***/dags/data/hr/BILLSTATUS-118hr357.json
[2024-04-10T04:45:45.357+0000] {logging_mixin.py:188} INFO - Converted /opt/***/dags/data/hr/BILLSTATUS-118hr3324.xml to /opt/***/dags/data/hr/BILLSTATUS-118hr3324.json
[2024-04-10T04:45:45.433+0000] {logging_mixin.py:188} INFO - Converted /opt/***/dags/data/hr/BILLSTATUS-118hr753.xml to /opt/***/dags/data/hr/BILLSTATUS-118hr753.json
[2024-04-10T04:45:45.584+0000] {logging_mixin.py:188} INFO - Converted /opt/***/dags/data/hr/BILLSTATUS-118hr1123.xml to /opt/***/dags/data/hr/BILLSTATUS-118hr1123.json
[2024-04-10T04:45:45.657+0000] {logging_mixin.py:188} INFO - Converted /opt/***/dags/data/hr/BILLSTATUS-118hr3091.xml to /opt/***/dags/data/hr/BILLSTATUS-118hr3091.json
[2024-04-10T04:45:45.691+0000] {logging_mixin.py:188} INFO - Converted /opt/***/dags/data/hr/BILLSTATUS-118hr5.xml to /opt/***/dags/data/hr/BILLSTATUS-118hr5.json
[2024-04-10T04:45:45.749+0000] {logging_mixin.py:188} INFO - Converted /opt/***/dags/data/hr/BILLSTATUS-118hr593.xml to /opt/***/dags/data/hr/BILLSTATUS-118hr593.json
[2024-04-10T04:45:45.796+0000] {logging_mixin.py:188} INFO - Converted /opt/***/dags/data/hr/BILLSTATUS-118hr2365.xml to /opt/***/dags/data/hr/BILLSTATUS-118hr2365.json
[2024-04-10T04:45:45.817+0000] {logging_mixin.py:188} INFO - Converted /opt/***/dags/data/hr/BILLSTATUS-118hr5378.xml to /opt/***/dags/data/hr/BILLSTATUS-118hr5378.json
[2024-04-10T04:45:45.861+0000] {logging_mixin.py:188} INFO - Converted /opt/***/dags/data/hr/BILLSTATUS-118hr7023.xml to /opt/***/dags/data/hr/BILLSTATUS-118hr7023.json
[2024-04-10T04:45:45.953+0000] {logging_mixin.py:188} INFO - Converted /opt/***/dags/data/hr/BILLSTATUS-118hr4502.xml to /opt/***/dags/data/hr/BILLSTATUS-118hr4502.json
[2024-04-10T04:45:46.025+0000] {logging_mixin.py:188} INFO - Converted /opt/***/dags/data/hr/BILLSTATUS-118hr815.xml to /opt/***/dags/data/hr/BILLSTATUS-118hr815.json
[2024-04-10T04:45:46.145+0000] {logging_mixin.py:188} INFO - Converted /opt/***/dags/data/hr/BILLSTATUS-118hr140.xml to /opt/***/dags/data/hr/BILLSTATUS-118hr140.json
[2024-04-10T04:45:46.282+0000] {logging_mixin.py:188} INFO - Converted /opt/***/dags/data/hr/BILLSTATUS-118hr340.xml to /opt/***/dags/data/hr/BILLSTATUS-118hr340.json
[2024-04-10T04:45:46.434+0000] {logging_mixin.py:188} INFO - Converted /opt/***/dags/data/hr/BILLSTATUS-118hr1530.xml to /opt/***/dags/data/hr/BILLSTATUS-118hr1530.json
[2024-04-10T04:45:46.816+0000] {logging_mixin.py:188} INFO - Converted /opt/***/dags/data/hr/BILLSTATUS-118hr1121.xml to /opt/***/dags/data/hr/BILLSTATUS-118hr1121.json
[2024-04-10T04:45:47.306+0000] {logging_mixin.py:188} INFO - Converted /opt/***/dags/data/hr/BILLSTATUS-118hr6276.xml to /opt/***/dags/data/hr/BILLSTATUS-118hr6276.json
[2024-04-10T04:45:47.329+0000] {logging_mixin.py:188} INFO - Converted /opt/***/dags/data/hr/BILLSTATUS-118hr1096.xml to /opt/***/dags/data/hr/BILLSTATUS-118hr1096.json
[2024-04-10T04:45:47.386+0000] {logging_mixin.py:188} INFO - Converted /opt/***/dags/data/hr/BILLSTATUS-118hr382.xml to /opt/***/dags/data/hr/BILLSTATUS-118hr382.json
[2024-04-10T04:45:47.429+0000] {logging_mixin.py:188} INFO - Converted /opt/***/dags/data/hr/BILLSTATUS-118hr1727.xml to /opt/***/dags/data/hr/BILLSTATUS-118hr1727.json
[2024-04-10T04:45:47.607+0000] {logging_mixin.py:188} INFO - Converted /opt/***/dags/data/hr/BILLSTATUS-118hr5283.xml to /opt/***/dags/data/hr/BILLSTATUS-118hr5283.json
[2024-04-10T04:45:47.639+0000] {logging_mixin.py:188} INFO - Converted /opt/***/dags/data/hr/BILLSTATUS-118hr497.xml to /opt/***/dags/data/hr/BILLSTATUS-118hr497.json
[2024-04-10T04:45:47.839+0000] {logging_mixin.py:188} INFO - Converted /opt/***/dags/data/hr/BILLSTATUS-118hr21.xml to /opt/***/dags/data/hr/BILLSTATUS-118hr21.json
[2024-04-10T04:45:48.357+0000] {logging_mixin.py:188} INFO - Converted /opt/***/dags/data/hr/BILLSTATUS-118hr1147.xml to /opt/***/dags/data/hr/BILLSTATUS-118hr1147.json
[2024-04-10T04:45:48.396+0000] {logging_mixin.py:188} INFO - Converted /opt/***/dags/data/hr/BILLSTATUS-118hr5862.xml to /opt/***/dags/data/hr/BILLSTATUS-118hr5862.json
[2024-04-10T04:45:48.425+0000] {logging_mixin.py:188} INFO - Converted /opt/***/dags/data/hr/BILLSTATUS-118hr5692.xml to /opt/***/dags/data/hr/BILLSTATUS-118hr5692.json
[2024-04-10T04:45:48.491+0000] {logging_mixin.py:188} INFO - Converted /opt/***/dags/data/hr/BILLSTATUS-118hr2670.xml to /opt/***/dags/data/hr/BILLSTATUS-118hr2670.json
[2024-04-10T04:45:48.913+0000] {logging_mixin.py:188} INFO - Converted /opt/***/dags/data/hr/BILLSTATUS-118hr7454.xml to /opt/***/dags/data/hr/BILLSTATUS-118hr7454.json
[2024-04-10T04:45:48.928+0000] {logging_mixin.py:188} INFO - Converted /opt/***/dags/data/hr/BILLSTATUS-118hr5525.xml to /opt/***/dags/data/hr/BILLSTATUS-118hr5525.json
[2024-04-10T04:45:48.972+0000] {logging_mixin.py:188} INFO - Converted /opt/***/dags/data/hr/BILLSTATUS-118hr443.xml to /opt/***/dags/data/hr/BILLSTATUS-118hr443.json
[2024-04-10T04:45:49.072+0000] {logging_mixin.py:188} INFO - Converted /opt/***/dags/data/hr/BILLSTATUS-118hr4820.xml to /opt/***/dags/data/hr/BILLSTATUS-118hr4820.json
[2024-04-10T04:45:49.160+0000] {logging_mixin.py:188} INFO - Converted /opt/***/dags/data/hr/BILLSTATUS-118hr22.xml to /opt/***/dags/data/hr/BILLSTATUS-118hr22.json
[2024-04-10T04:45:49.278+0000] {logging_mixin.py:188} INFO - Converted /opt/***/dags/data/hr/BILLSTATUS-118hr1435.xml to /opt/***/dags/data/hr/BILLSTATUS-118hr1435.json
[2024-04-10T04:45:49.315+0000] {logging_mixin.py:188} INFO - Converted /opt/***/dags/data/hr/BILLSTATUS-118hr2882.xml to /opt/***/dags/data/hr/BILLSTATUS-118hr2882.json
[2024-04-10T04:45:49.329+0000] {logging_mixin.py:188} INFO - Converted /opt/***/dags/data/hr/BILLSTATUS-118hr1353.xml to /opt/***/dags/data/hr/BILLSTATUS-118hr1353.json
[2024-04-10T04:45:49.499+0000] {logging_mixin.py:188} INFO - Converted /opt/***/dags/data/hr/BILLSTATUS-118hr5860.xml to /opt/***/dags/data/hr/BILLSTATUS-118hr5860.json
[2024-04-10T04:45:49.525+0000] {logging_mixin.py:188} INFO - Converted /opt/***/dags/data/hr/BILLSTATUS-118hr7520.xml to /opt/***/dags/data/hr/BILLSTATUS-118hr7520.json
[2024-04-10T04:45:49.532+0000] {logging_mixin.py:188} INFO - Converted /opt/***/dags/data/hr/BILLSTATUS-118hr1151.xml to /opt/***/dags/data/hr/BILLSTATUS-118hr1151.json
[2024-04-10T04:45:49.560+0000] {logging_mixin.py:188} INFO - Converted /opt/***/dags/data/hr/BILLSTATUS-118hr3746.xml to /opt/***/dags/data/hr/BILLSTATUS-118hr3746.json
[2024-04-10T04:45:49.934+0000] {logging_mixin.py:188} INFO - Converted /opt/***/dags/data/hr/BILLSTATUS-118hr7521.xml to /opt/***/dags/data/hr/BILLSTATUS-118hr7521.json
[2024-04-10T04:45:50.085+0000] {logging_mixin.py:188} INFO - Converted /opt/***/dags/data/hr/BILLSTATUS-118hr734.xml to /opt/***/dags/data/hr/BILLSTATUS-118hr734.json
[2024-04-10T04:45:50.212+0000] {logging_mixin.py:188} INFO - Converted /opt/***/dags/data/hr/BILLSTATUS-118hr23.xml to /opt/***/dags/data/hr/BILLSTATUS-118hr23.json
[2024-04-10T04:45:50.250+0000] {logging_mixin.py:188} INFO - Converted /opt/***/dags/data/hr/BILLSTATUS-118hr1226.xml to /opt/***/dags/data/hr/BILLSTATUS-118hr1226.json
[2024-04-10T04:45:50.334+0000] {logging_mixin.py:188} INFO - Converted /opt/***/dags/data/hr/BILLSTATUS-118hr4821.xml to /opt/***/dags/data/hr/BILLSTATUS-118hr4821.json
[2024-04-10T04:45:50.449+0000] {logging_mixin.py:188} INFO - Converted /opt/***/dags/data/hr/BILLSTATUS-118hr5524.xml to /opt/***/dags/data/hr/BILLSTATUS-118hr5524.json
[2024-04-10T04:45:50.553+0000] {logging_mixin.py:188} INFO - Converted /opt/***/dags/data/hr/BILLSTATUS-118hr1752.xml to /opt/***/dags/data/hr/BILLSTATUS-118hr1752.json
[2024-04-10T04:45:50.601+0000] {logging_mixin.py:188} INFO - Converted /opt/***/dags/data/hr/BILLSTATUS-118hr485.xml to /opt/***/dags/data/hr/BILLSTATUS-118hr485.json
[2024-04-10T04:45:50.652+0000] {logging_mixin.py:188} INFO - Converted /opt/***/dags/data/hr/BILLSTATUS-118hr3838.xml to /opt/***/dags/data/hr/BILLSTATUS-118hr3838.json
[2024-04-10T04:45:50.771+0000] {logging_mixin.py:188} INFO - Converted /opt/***/dags/data/hr/BILLSTATUS-118hr4366.xml to /opt/***/dags/data/hr/BILLSTATUS-118hr4366.json
[2024-04-10T04:45:50.886+0000] {logging_mixin.py:188} INFO - Converted /opt/***/dags/data/hr/BILLSTATUS-118hr6363.xml to /opt/***/dags/data/hr/BILLSTATUS-118hr6363.json
[2024-04-10T04:45:51.087+0000] {logging_mixin.py:188} INFO - Converted /opt/***/dags/data/hr/BILLSTATUS-118hr1154.xml to /opt/***/dags/data/hr/BILLSTATUS-118hr1154.json
[2024-04-10T04:45:51.515+0000] {logging_mixin.py:188} INFO - Converted /opt/***/dags/data/hr/BILLSTATUS-118hr533.xml to /opt/***/dags/data/hr/BILLSTATUS-118hr533.json
[2024-04-10T04:45:51.763+0000] {logging_mixin.py:188} INFO - Converted /opt/***/dags/data/hr/BILLSTATUS-118hr5119.xml to /opt/***/dags/data/hr/BILLSTATUS-118hr5119.json
[2024-04-10T04:45:51.792+0000] {logging_mixin.py:188} INFO - Converted /opt/***/dags/data/hr/BILLSTATUS-118hr3391.xml to /opt/***/dags/data/hr/BILLSTATUS-118hr3391.json
[2024-04-10T04:45:51.923+0000] {logging_mixin.py:188} INFO - Converted /opt/***/dags/data/hr/BILLSTATUS-118hr4367.xml to /opt/***/dags/data/hr/BILLSTATUS-118hr4367.json
[2024-04-10T04:45:52.002+0000] {logging_mixin.py:188} INFO - Converted /opt/***/dags/data/hr/BILLSTATUS-118hr26.xml to /opt/***/dags/data/hr/BILLSTATUS-118hr26.json
[2024-04-10T04:45:52.292+0000] {logging_mixin.py:188} INFO - Converted /opt/***/dags/data/hr/BILLSTATUS-118hr1023.xml to /opt/***/dags/data/hr/BILLSTATUS-118hr1023.json
[2024-04-10T04:45:52.310+0000] {logging_mixin.py:188} INFO - Converted /opt/***/dags/data/hr/BILLSTATUS-118hr3152.xml to /opt/***/dags/data/hr/BILLSTATUS-118hr3152.json
[2024-04-10T04:45:52.423+0000] {logging_mixin.py:188} INFO - Converted /opt/***/dags/data/hr/BILLSTATUS-118hr4365.xml to /opt/***/dags/data/hr/BILLSTATUS-118hr4365.json
[2024-04-10T04:45:52.460+0000] {logging_mixin.py:188} INFO - Converted /opt/***/dags/data/hr/BILLSTATUS-118hr1547.xml to /opt/***/dags/data/hr/BILLSTATUS-118hr1547.json
[2024-04-10T04:45:52.804+0000] {logging_mixin.py:188} INFO - Converted /opt/***/dags/data/hr/BILLSTATUS-118hr3224.xml to /opt/***/dags/data/hr/BILLSTATUS-118hr3224.json
[2024-04-10T04:45:53.197+0000] {logging_mixin.py:188} INFO - Converted /opt/***/dags/data/hr/BILLSTATUS-118hr4984.xml to /opt/***/dags/data/hr/BILLSTATUS-118hr4984.json
[2024-04-10T04:45:53.225+0000] {logging_mixin.py:188} INFO - Converted /opt/***/dags/data/hr/BILLSTATUS-118hr1156.xml to /opt/***/dags/data/hr/BILLSTATUS-118hr1156.json
[2024-04-10T04:45:53.725+0000] {logging_mixin.py:188} INFO - Converted /opt/***/dags/data/hr/BILLSTATUS-118hr4364.xml to /opt/***/dags/data/hr/BILLSTATUS-118hr4364.json
[2024-04-10T04:45:54.288+0000] {logging_mixin.py:188} INFO - Converted /opt/***/dags/data/hr/BILLSTATUS-118hr139.xml to /opt/***/dags/data/hr/BILLSTATUS-118hr139.json
[2024-04-10T04:45:54.418+0000] {logging_mixin.py:188} INFO - Converted /opt/***/dags/data/hr/BILLSTATUS-118hr663.xml to /opt/***/dags/data/hr/BILLSTATUS-118hr663.json
[2024-04-10T04:45:54.706+0000] {logging_mixin.py:188} INFO - Converted /opt/***/dags/data/hr/BILLSTATUS-118hr5856.xml to /opt/***/dags/data/hr/BILLSTATUS-118hr5856.json
[2024-04-10T04:45:54.834+0000] {logging_mixin.py:188} INFO - Converted /opt/***/dags/data/hr/BILLSTATUS-118hr1615.xml to /opt/***/dags/data/hr/BILLSTATUS-118hr1615.json
[2024-04-10T04:45:55.606+0000] {logging_mixin.py:188} INFO - Converted /opt/***/dags/data/hr/BILLSTATUS-118hr500.xml to /opt/***/dags/data/hr/BILLSTATUS-118hr500.json
[2024-04-10T04:45:55.630+0000] {logging_mixin.py:188} INFO - Converted /opt/***/dags/data/hr/BILLSTATUS-118hr3981.xml to /opt/***/dags/data/hr/BILLSTATUS-118hr3981.json
[2024-04-10T04:45:55.825+0000] {logging_mixin.py:188} INFO - Converted /opt/***/dags/data/hr/BILLSTATUS-118hr5894.xml to /opt/***/dags/data/hr/BILLSTATUS-118hr5894.json
[2024-04-10T04:45:55.957+0000] {logging_mixin.py:188} INFO - Converted /opt/***/dags/data/hr/BILLSTATUS-118hr662.xml to /opt/***/dags/data/hr/BILLSTATUS-118hr662.json
[2024-04-10T04:45:55.990+0000] {logging_mixin.py:188} INFO - Converted /opt/***/dags/data/hr/BILLSTATUS-118hr676.xml to /opt/***/dags/data/hr/BILLSTATUS-118hr676.json
[2024-04-10T04:45:56.104+0000] {logging_mixin.py:188} INFO - Converted /opt/***/dags/data/hr/BILLSTATUS-118hr4368.xml to /opt/***/dags/data/hr/BILLSTATUS-118hr4368.json
[2024-04-10T04:45:56.124+0000] {logging_mixin.py:188} INFO - Converted /opt/***/dags/data/hr/BILLSTATUS-118hr886.xml to /opt/***/dags/data/hr/BILLSTATUS-118hr886.json
[2024-04-10T04:45:56.346+0000] {logging_mixin.py:188} INFO - Converted /opt/***/dags/data/hr/BILLSTATUS-118hr7463.xml to /opt/***/dags/data/hr/BILLSTATUS-118hr7463.json
[2024-04-10T04:45:56.844+0000] {logging_mixin.py:188} INFO - Converted /opt/***/dags/data/hr/BILLSTATUS-118hr1548.xml to /opt/***/dags/data/hr/BILLSTATUS-118hr1548.json
[2024-04-10T04:45:57.710+0000] {logging_mixin.py:188} INFO - Converted /opt/***/dags/data/hr/BILLSTATUS-118hr3941.xml to /opt/***/dags/data/hr/BILLSTATUS-118hr3941.json
[2024-04-10T04:45:57.753+0000] {logging_mixin.py:188} INFO - Converted /opt/***/dags/data/hr/BILLSTATUS-118hr3799.xml to /opt/***/dags/data/hr/BILLSTATUS-118hr3799.json
[2024-04-10T04:45:57.993+0000] {logging_mixin.py:188} INFO - Converted /opt/***/dags/data/hr/BILLSTATUS-118hr1159.xml to /opt/***/dags/data/hr/BILLSTATUS-118hr1159.json
[2024-04-10T04:45:58.185+0000] {logging_mixin.py:188} INFO - Converted /opt/***/dags/data/hr/BILLSTATUS-118hr3202.xml to /opt/***/dags/data/hr/BILLSTATUS-118hr3202.json
[2024-04-10T04:45:58.205+0000] {logging_mixin.py:188} INFO - Converted /opt/***/dags/data/hr/BILLSTATUS-118hr3564.xml to /opt/***/dags/data/hr/BILLSTATUS-118hr3564.json
[2024-04-10T04:45:58.312+0000] {logging_mixin.py:188} INFO - Converted /opt/***/dags/data/hr/BILLSTATUS-118hr4394.xml to /opt/***/dags/data/hr/BILLSTATUS-118hr4394.json
[2024-04-10T04:45:58.442+0000] {logging_mixin.py:188} INFO - Converted /opt/***/dags/data/hr/BILLSTATUS-118hr3821.xml to /opt/***/dags/data/hr/BILLSTATUS-118hr3821.json
[2024-04-10T04:45:58.592+0000] {logging_mixin.py:188} INFO - Converted /opt/***/dags/data/hr/BILLSTATUS-118hr467.xml to /opt/***/dags/data/hr/BILLSTATUS-118hr467.json
[2024-04-10T04:45:58.896+0000] {logging_mixin.py:188} INFO - Converted /opt/***/dags/data/hr/BILLSTATUS-118hr6544.xml to /opt/***/dags/data/hr/BILLSTATUS-118hr6544.json
[2024-04-10T04:45:59.379+0000] {logging_mixin.py:188} INFO - Converted /opt/***/dags/data/hr/BILLSTATUS-118hr1149.xml to /opt/***/dags/data/hr/BILLSTATUS-118hr1149.json
[2024-04-10T04:45:59.459+0000] {logging_mixin.py:188} INFO - Converted /opt/***/dags/data/hr/BILLSTATUS-118hr1607.xml to /opt/***/dags/data/hr/BILLSTATUS-118hr1607.json
[2024-04-10T04:45:59.718+0000] {logging_mixin.py:188} INFO - Converted /opt/***/dags/data/hr/BILLSTATUS-118hr7511.xml to /opt/***/dags/data/hr/BILLSTATUS-118hr7511.json
[2024-04-10T04:45:59.752+0000] {logging_mixin.py:188} INFO - Converted /opt/***/dags/data/hr/BILLSTATUS-118hr1606.xml to /opt/***/dags/data/hr/BILLSTATUS-118hr1606.json
[2024-04-10T04:45:59.965+0000] {logging_mixin.py:188} INFO - Converted /opt/***/dags/data/hr/BILLSTATUS-118hr5110.xml to /opt/***/dags/data/hr/BILLSTATUS-118hr5110.json
[2024-04-10T04:46:00.263+0000] {logging_mixin.py:188} INFO - Converted /opt/***/dags/data/hr/BILLSTATUS-118hr6009.xml to /opt/***/dags/data/hr/BILLSTATUS-118hr6009.json
[2024-04-10T04:46:00.344+0000] {logging_mixin.py:188} INFO - Converted /opt/***/dags/data/hr/BILLSTATUS-118hr300.xml to /opt/***/dags/data/hr/BILLSTATUS-118hr300.json
[2024-04-10T04:46:00.354+0000] {logging_mixin.py:188} INFO - Converted /opt/***/dags/data/hr/BILLSTATUS-118hr5528.xml to /opt/***/dags/data/hr/BILLSTATUS-118hr5528.json
[2024-04-10T04:46:00.402+0000] {logging_mixin.py:188} INFO - Converted /opt/***/dags/data/hr/BILLSTATUS-118hr302.xml to /opt/***/dags/data/hr/BILLSTATUS-118hr302.json
[2024-04-10T04:46:00.467+0000] {logging_mixin.py:188} INFO - Converted /opt/***/dags/data/hr/BILLSTATUS-118hr6976.xml to /opt/***/dags/data/hr/BILLSTATUS-118hr6976.json
[2024-04-10T04:46:00.605+0000] {logging_mixin.py:188} INFO - Converted /opt/***/dags/data/hr/BILLSTATUS-118hr5933.xml to /opt/***/dags/data/hr/BILLSTATUS-118hr5933.json
[2024-04-10T04:46:00.767+0000] {logging_mixin.py:188} INFO - Converted /opt/***/dags/data/hr/BILLSTATUS-118hr2872.xml to /opt/***/dags/data/hr/BILLSTATUS-118hr2872.json
[2024-04-10T04:46:00.834+0000] {logging_mixin.py:188} INFO - Converted /opt/***/dags/data/hr/BILLSTATUS-118hr538.xml to /opt/***/dags/data/hr/BILLSTATUS-118hr538.json
[2024-04-10T04:46:00.901+0000] {logging_mixin.py:188} INFO - Converted /opt/***/dags/data/hr/BILLSTATUS-118hr2494.xml to /opt/***/dags/data/hr/BILLSTATUS-118hr2494.json
[2024-04-10T04:46:00.933+0000] {logging_mixin.py:188} INFO - Converted /opt/***/dags/data/hr/BILLSTATUS-118hr288.xml to /opt/***/dags/data/hr/BILLSTATUS-118hr288.json
[2024-04-10T04:46:01.017+0000] {logging_mixin.py:188} INFO - Converted /opt/***/dags/data/hr/BILLSTATUS-118hr1836.xml to /opt/***/dags/data/hr/BILLSTATUS-118hr1836.json
[2024-04-10T04:46:01.053+0000] {logging_mixin.py:188} INFO - Converted /opt/***/dags/data/hr/BILLSTATUS-118hr3774.xml to /opt/***/dags/data/hr/BILLSTATUS-118hr3774.json
[2024-04-10T04:46:01.069+0000] {logging_mixin.py:188} INFO - Converted /opt/***/dags/data/hr/BILLSTATUS-118hr1163.xml to /opt/***/dags/data/hr/BILLSTATUS-118hr1163.json
[2024-04-10T04:46:01.140+0000] {logging_mixin.py:188} INFO - Converted /opt/***/dags/data/hr/BILLSTATUS-118hr277.xml to /opt/***/dags/data/hr/BILLSTATUS-118hr277.json
[2024-04-10T04:46:01.470+0000] {logging_mixin.py:188} INFO - Converted /opt/***/dags/data/hr/BILLSTATUS-118hr7102.xml to /opt/***/dags/data/hr/BILLSTATUS-118hr7102.json
[2024-04-10T04:46:01.484+0000] {logging_mixin.py:188} INFO - Converted /opt/***/dags/data/hr/BILLSTATUS-118hr1567.xml to /opt/***/dags/data/hr/BILLSTATUS-118hr1567.json
[2024-04-10T04:46:02.626+0000] {logging_mixin.py:188} INFO - Converted /opt/***/dags/data/hr/BILLSTATUS-118hr589.xml to /opt/***/dags/data/hr/BILLSTATUS-118hr589.json
[2024-04-10T04:46:02.712+0000] {logging_mixin.py:188} INFO - Converted /opt/***/dags/data/hr/BILLSTATUS-118hr3935.xml to /opt/***/dags/data/hr/BILLSTATUS-118hr3935.json
[2024-04-10T04:46:02.814+0000] {logging_mixin.py:188} INFO - Converted /opt/***/dags/data/hr/BILLSTATUS-118hr1105.xml to /opt/***/dags/data/hr/BILLSTATUS-118hr1105.json
[2024-04-10T04:46:02.946+0000] {logging_mixin.py:188} INFO - Converted /opt/***/dags/data/hr/BILLSTATUS-118hr4531.xml to /opt/***/dags/data/hr/BILLSTATUS-118hr4531.json
[2024-04-10T04:46:03.717+0000] {logging_mixin.py:188} INFO - Converted /opt/***/dags/data/hr/BILLSTATUS-118hr359.xml to /opt/***/dags/data/hr/BILLSTATUS-118hr359.json
[2024-04-10T04:46:03.793+0000] {logging_mixin.py:188} INFO - Converted /opt/***/dags/data/hr/BILLSTATUS-118hr3672.xml to /opt/***/dags/data/hr/BILLSTATUS-118hr3672.json
[2024-04-10T04:46:03.857+0000] {logging_mixin.py:188} INFO - Converted /opt/***/dags/data/hr/BILLSTATUS-118hr1715.xml to /opt/***/dags/data/hr/BILLSTATUS-118hr1715.json
[2024-04-10T04:46:03.973+0000] {logging_mixin.py:188} INFO - Converted /opt/***/dags/data/hr/BILLSTATUS-118hr3843.xml to /opt/***/dags/data/hr/BILLSTATUS-118hr3843.json
[2024-04-10T04:46:04.041+0000] {logging_mixin.py:188} INFO - Converted /opt/***/dags/data/hr/BILLSTATUS-118hr159.xml to /opt/***/dags/data/hr/BILLSTATUS-118hr159.json
[2024-04-10T04:46:04.220+0000] {logging_mixin.py:188} INFO - Converted /opt/***/dags/data/hr/BILLSTATUS-118hr2793.xml to /opt/***/dags/data/hr/BILLSTATUS-118hr2793.json
[2024-04-10T04:46:04.337+0000] {logging_mixin.py:188} INFO - Converted /opt/***/dags/data/hr/BILLSTATUS-118hr1339.xml to /opt/***/dags/data/hr/BILLSTATUS-118hr1339.json
[2024-04-10T04:46:04.366+0000] {logging_mixin.py:188} INFO - Converted /opt/***/dags/data/hr/BILLSTATUS-118hr788.xml to /opt/***/dags/data/hr/BILLSTATUS-118hr788.json
[2024-04-10T04:46:04.411+0000] {logging_mixin.py:188} INFO - Converted /opt/***/dags/data/hr/BILLSTATUS-118hr1107.xml to /opt/***/dags/data/hr/BILLSTATUS-118hr1107.json
[2024-04-10T04:46:04.441+0000] {logging_mixin.py:188} INFO - Converted /opt/***/dags/data/hr/BILLSTATUS-118hr5375.xml to /opt/***/dags/data/hr/BILLSTATUS-118hr5375.json
[2024-04-10T04:46:04.495+0000] {logging_mixin.py:188} INFO - Converted /opt/***/dags/data/hr/BILLSTATUS-118hr6126.xml to /opt/***/dags/data/hr/BILLSTATUS-118hr6126.json
[2024-04-10T04:46:04.564+0000] {logging_mixin.py:188} INFO - Converted /opt/***/dags/data/hr/BILLSTATUS-118hr3089.xml to /opt/***/dags/data/hr/BILLSTATUS-118hr3089.json
[2024-04-10T04:46:04.854+0000] {logging_mixin.py:188} INFO - Converted /opt/***/dags/data/hr/BILLSTATUS-118hr1338.xml to /opt/***/dags/data/hr/BILLSTATUS-118hr1338.json
[2024-04-10T04:46:04.924+0000] {logging_mixin.py:188} INFO - Converted /opt/***/dags/data/hr/BILLSTATUS-118hr2792.xml to /opt/***/dags/data/hr/BILLSTATUS-118hr2792.json
[2024-04-10T04:46:05.109+0000] {logging_mixin.py:188} INFO - Converted /opt/***/dags/data/hr/BILLSTATUS-118hr400.xml to /opt/***/dags/data/hr/BILLSTATUS-118hr400.json
[2024-04-10T04:46:05.224+0000] {logging_mixin.py:188} INFO - Converted /opt/***/dags/data/hr/BILLSTATUS-118hr1076.xml to /opt/***/dags/data/hr/BILLSTATUS-118hr1076.json
[2024-04-10T04:46:05.411+0000] {logging_mixin.py:188} INFO - Converted /opt/***/dags/data/hr/BILLSTATUS-118hr2796.xml to /opt/***/dags/data/hr/BILLSTATUS-118hr2796.json
[2024-04-10T04:46:05.739+0000] {logging_mixin.py:188} INFO - Converted /opt/***/dags/data/hr/BILLSTATUS-118hr2812.xml to /opt/***/dags/data/hr/BILLSTATUS-118hr2812.json
[2024-04-10T04:46:05.874+0000] {logging_mixin.py:188} INFO - Converted /opt/***/dags/data/hr/BILLSTATUS-118hr6679.xml to /opt/***/dags/data/hr/BILLSTATUS-118hr6679.json
[2024-04-10T04:46:05.902+0000] {logging_mixin.py:188} INFO - Converted /opt/***/dags/data/hr/BILLSTATUS-118hr2379.xml to /opt/***/dags/data/hr/BILLSTATUS-118hr2379.json
[2024-04-10T04:46:06.020+0000] {logging_mixin.py:188} INFO - Converted /opt/***/dags/data/hr/BILLSTATUS-118hr3099.xml to /opt/***/dags/data/hr/BILLSTATUS-118hr3099.json
[2024-04-10T04:46:06.063+0000] {logging_mixin.py:188} INFO - Converted /opt/***/dags/data/hr/BILLSTATUS-118hr6678.xml to /opt/***/dags/data/hr/BILLSTATUS-118hr6678.json
[2024-04-10T04:46:06.321+0000] {logging_mixin.py:188} INFO - Converted /opt/***/dags/data/hr/BILLSTATUS-118hr2797.xml to /opt/***/dags/data/hr/BILLSTATUS-118hr2797.json
[2024-04-10T04:46:06.346+0000] {logging_mixin.py:188} INFO - Converted /opt/***/dags/data/hr/BILLSTATUS-118hr7176.xml to /opt/***/dags/data/hr/BILLSTATUS-118hr7176.json
[2024-04-10T04:46:06.389+0000] {logging_mixin.py:188} INFO - Converted /opt/***/dags/data/hr/BILLSTATUS-118hr2754.xml to /opt/***/dags/data/hr/BILLSTATUS-118hr2754.json
[2024-04-10T04:46:06.827+0000] {logging_mixin.py:188} INFO - Converted /opt/***/dags/data/hr/BILLSTATUS-118hr2795.xml to /opt/***/dags/data/hr/BILLSTATUS-118hr2795.json
[2024-04-10T04:46:06.974+0000] {logging_mixin.py:188} INFO - Converted /opt/***/dags/data/hr/BILLSTATUS-118hr2811.xml to /opt/***/dags/data/hr/BILLSTATUS-118hr2811.json
[2024-04-10T04:46:07.005+0000] {logging_mixin.py:188} INFO - Converted /opt/***/dags/data/hr/BILLSTATUS-118hr4723.xml to /opt/***/dags/data/hr/BILLSTATUS-118hr4723.json
[2024-04-10T04:46:07.174+0000] {logging_mixin.py:188} INFO - Converted /opt/***/dags/data/hr/BILLSTATUS-118hr7217.xml to /opt/***/dags/data/hr/BILLSTATUS-118hr7217.json
[2024-04-10T04:46:07.414+0000] {logging_mixin.py:188} INFO - Converted /opt/***/dags/data/hr/BILLSTATUS-118hr4468.xml to /opt/***/dags/data/hr/BILLSTATUS-118hr4468.json
[2024-04-10T04:46:07.589+0000] {logging_mixin.py:188} INFO - Converted /opt/***/dags/data/hr/BILLSTATUS-118hr6914.xml to /opt/***/dags/data/hr/BILLSTATUS-118hr6914.json
[2024-04-10T04:46:07.704+0000] {logging_mixin.py:188} INFO - Converted /opt/***/dags/data/hr/BILLSTATUS-118hr406.xml to /opt/***/dags/data/hr/BILLSTATUS-118hr406.json
[2024-04-10T04:46:07.754+0000] {logging_mixin.py:188} INFO - Converted /opt/***/dags/data/sjres/BILLSTATUS-118sjres23.xml to /opt/***/dags/data/sjres/BILLSTATUS-118sjres23.json
[2024-04-10T04:46:07.775+0000] {logging_mixin.py:188} INFO - Converted /opt/***/dags/data/sjres/BILLSTATUS-118sjres18.xml to /opt/***/dags/data/sjres/BILLSTATUS-118sjres18.json
[2024-04-10T04:46:07.783+0000] {logging_mixin.py:188} INFO - Converted /opt/***/dags/data/sjres/BILLSTATUS-118sjres24.xml to /opt/***/dags/data/sjres/BILLSTATUS-118sjres24.json
[2024-04-10T04:46:07.798+0000] {logging_mixin.py:188} INFO - Converted /opt/***/dags/data/sjres/BILLSTATUS-118sjres32.xml to /opt/***/dags/data/sjres/BILLSTATUS-118sjres32.json
[2024-04-10T04:46:07.890+0000] {logging_mixin.py:188} INFO - Converted /opt/***/dags/data/sjres/BILLSTATUS-118sjres9.xml to /opt/***/dags/data/sjres/BILLSTATUS-118sjres9.json
[2024-04-10T04:46:07.994+0000] {logging_mixin.py:188} INFO - Converted /opt/***/dags/data/sjres/BILLSTATUS-118sjres43.xml to /opt/***/dags/data/sjres/BILLSTATUS-118sjres43.json
[2024-04-10T04:46:08.020+0000] {logging_mixin.py:188} INFO - Converted /opt/***/dags/data/sjres/BILLSTATUS-118sjres42.xml to /opt/***/dags/data/sjres/BILLSTATUS-118sjres42.json
[2024-04-10T04:46:08.121+0000] {logging_mixin.py:188} INFO - Converted /opt/***/dags/data/sjres/BILLSTATUS-118sjres51.xml to /opt/***/dags/data/sjres/BILLSTATUS-118sjres51.json
[2024-04-10T04:46:08.216+0000] {logging_mixin.py:188} INFO - Converted /opt/***/dags/data/sjres/BILLSTATUS-118sjres44.xml to /opt/***/dags/data/sjres/BILLSTATUS-118sjres44.json
[2024-04-10T04:46:08.229+0000] {logging_mixin.py:188} INFO - Converted /opt/***/dags/data/sjres/BILLSTATUS-118sjres60.xml to /opt/***/dags/data/sjres/BILLSTATUS-118sjres60.json
[2024-04-10T04:46:08.236+0000] {logging_mixin.py:188} INFO - Converted /opt/***/dags/data/sjres/BILLSTATUS-118sjres62.xml to /opt/***/dags/data/sjres/BILLSTATUS-118sjres62.json
[2024-04-10T04:46:08.268+0000] {logging_mixin.py:188} INFO - Converted /opt/***/dags/data/sjres/BILLSTATUS-118sjres4.xml to /opt/***/dags/data/sjres/BILLSTATUS-118sjres4.json
[2024-04-10T04:46:08.304+0000] {logging_mixin.py:188} INFO - Converted /opt/***/dags/data/sjres/BILLSTATUS-118sjres10.xml to /opt/***/dags/data/sjres/BILLSTATUS-118sjres10.json
[2024-04-10T04:46:08.311+0000] {logging_mixin.py:188} INFO - Converted /opt/***/dags/data/sjres/BILLSTATUS-118sjres38.xml to /opt/***/dags/data/sjres/BILLSTATUS-118sjres38.json
[2024-04-10T04:46:08.318+0000] {logging_mixin.py:188} INFO - Converted /opt/***/dags/data/sjres/BILLSTATUS-118sjres11.xml to /opt/***/dags/data/sjres/BILLSTATUS-118sjres11.json
[2024-04-10T04:46:08.324+0000] {python.py:202} INFO - Done. Returned value was: None
[2024-04-10T04:46:08.354+0000] {taskinstance.py:1149} INFO - Marking task as SUCCESS. dag_id=upload_congress_data, task_id=convert_bill_files, execution_date=20240410T042713, start_date=20240410T044517, end_date=20240410T044608
[2024-04-10T04:46:08.462+0000] {local_task_job_runner.py:234} INFO - Task exited with return code 0
[2024-04-10T04:46:08.509+0000] {taskinstance.py:3312} INFO - 2 downstream tasks scheduled from follow-on schedule check
